{"target": 0.28484257810961916, "params": {"a": 8.768152233465491, "dB": 16.457224027701383, "s": 0.5672512757974605}, "datetime": {"datetime": "2022-03-24 16:29:57", "elapsed": 3656.241613, "delta": 53.398248}}
{"target": 0.8433058555287024, "params": {"a": 9.57250163174783, "dB": 16.364156417584088, "s": 0.4262609649448796}, "datetime": {"datetime": "2022-03-24 16:30:51", "elapsed": 3710.119493, "delta": 53.87788}}
{"target": 0.4916602131965268, "params": {"a": 9.79950508993538, "dB": 16.328142831684094, "s": 1.2297295358300377}, "datetime": {"datetime": "2022-03-24 16:31:45", "elapsed": 3763.90257, "delta": 53.783077}}
{"target": 0.28499980294173793, "params": {"a": 7.699297252936839, "dB": 16.68235734746455, "s": 2.449764252074985}, "datetime": {"datetime": "2022-03-24 16:32:38", "elapsed": 3816.97163, "delta": 53.06906}}
{"target": 0.7697027690323762, "params": {"a": 9.444277305557208, "dB": 16.65523517890594, "s": 0.23550312174948443}, "datetime": {"datetime": "2022-03-24 16:33:32", "elapsed": 3871.290661, "delta": 54.319031}}
{"target": 0.9027866781038052, "params": {"a": 9.684789431604639, "dB": 16.395242432046988, "s": 0.30563590423443426}, "datetime": {"datetime": "2022-03-24 16:34:26", "elapsed": 3924.986286, "delta": 53.695625}}
{"target": 0.46838591401534246, "params": {"a": 8.547001868204465, "dB": 16.095822085407477, "s": 1.0197020011328914}, "datetime": {"datetime": "2022-03-24 16:34:42", "elapsed": 3941.260591, "delta": 16.274305}}
{"target": 0.6086889911711283, "params": {"a": 6.133402454513884, "dB": 15.278759113796555, "s": 0.8603975484429143}, "datetime": {"datetime": "2022-03-24 16:34:51", "elapsed": 3950.485152, "delta": 9.224561}}
{"target": 0.6751398359299795, "params": {"a": 6.73300210457862, "dB": 16.528696807651407, "s": 0.2604893095847561}, "datetime": {"datetime": "2022-03-24 16:35:44", "elapsed": 4003.718617, "delta": 53.233465}}
{"target": 0.7598232116814415, "params": {"a": 9.358408208265438, "dB": 16.87913089197522, "s": 0.2383388858918001}, "datetime": {"datetime": "2022-03-24 16:36:38", "elapsed": 4057.582471, "delta": 53.863854}}
{"target": 0.4987629399909901, "params": {"a": 8.191909082776412, "dB": 15.225404114619002, "s": 0.3802660232426267}, "datetime": {"datetime": "2022-03-24 16:36:51", "elapsed": 4070.108804, "delta": 12.526333}}
{"target": 0.1871310487066509, "params": {"a": 8.261310973230476, "dB": 16.11478379128232, "s": 1.6686566087242716}, "datetime": {"datetime": "2022-03-24 16:37:07", "elapsed": 4086.321118, "delta": 16.212314}}
{"target": 0.5229795837614312, "params": {"a": 6.868450870987204, "dB": 15.28536855463199, "s": 0.30919875870651425}, "datetime": {"datetime": "2022-03-24 16:37:16", "elapsed": 4095.598543, "delta": 9.277425}}
{"target": 0.9364526337235225, "params": {"a": 9.340250236255187, "dB": 16.75994271970895, "s": 0.37992118403361763}, "datetime": {"datetime": "2022-03-24 16:38:10", "elapsed": 4149.29543, "delta": 53.696887}}
{"target": 0.7253876910259165, "params": {"a": 9.378001789756167, "dB": 16.877519576451554, "s": 0.43638286885597877}, "datetime": {"datetime": "2022-03-24 16:39:03", "elapsed": 4202.674625, "delta": 53.379195}}
{"target": 0.9386194840619455, "params": {"a": 9.237721423087079, "dB": 16.616508503260178, "s": 0.3705969729951101}, "datetime": {"datetime": "2022-03-24 16:39:57", "elapsed": 4256.307048, "delta": 53.632423}}
{"target": 0.912078871750867, "params": {"a": 9.18383518558317, "dB": 16.72627503848806, "s": 0.317136080074333}, "datetime": {"datetime": "2022-03-24 16:40:51", "elapsed": 4309.864499, "delta": 53.557451}}
{"target": 0.4278750326076165, "params": {"a": 6.5351883183094, "dB": 15.129573635068066, "s": 1.7892295538029326}, "datetime": {"datetime": "2022-03-24 16:41:00", "elapsed": 4319.021904, "delta": 9.157405}}
{"target": 0.45297698618984533, "params": {"a": 9.189763319161198, "dB": 16.69896361456734, "s": 0.46847187614307173}, "datetime": {"datetime": "2022-03-24 16:41:53", "elapsed": 4372.555798, "delta": 53.533894}}
{"target": 0.7843891946770302, "params": {"a": 9.223076248316962, "dB": 16.60544981157874, "s": 0.2330744077743076}, "datetime": {"datetime": "2022-03-24 16:42:47", "elapsed": 4426.179037, "delta": 53.623239}}
{"target": 0.3812589648232235, "params": {"a": 9.276417894397547, "dB": 15.837020957410381, "s": 0.8106146016975548}, "datetime": {"datetime": "2022-03-24 16:43:24", "elapsed": 4462.943449, "delta": 36.764412}}
{"target": 0.7980436454967729, "params": {"a": 9.294135733098788, "dB": 16.74464307349289, "s": 0.26723176060234516}, "datetime": {"datetime": "2022-03-24 16:44:17", "elapsed": 4516.708625, "delta": 53.765176}}
{"target": 0.48083776794213695, "params": {"a": 9.403407032942065, "dB": 16.483063977057643, "s": 0.4623589696379452}, "datetime": {"datetime": "2022-03-24 16:45:11", "elapsed": 4570.594707, "delta": 53.886082}}
{"target": 0.7413535401213276, "params": {"a": 7.994669639640049, "dB": 16.681594946449476, "s": 0.4098980882886154}, "datetime": {"datetime": "2022-03-24 16:46:05", "elapsed": 4623.861886, "delta": 53.267179}}
{"target": 0.7617428450720575, "params": {"a": 7.971378943759523, "dB": 16.750474222507698, "s": 0.26383462309987454}, "datetime": {"datetime": "2022-03-24 16:46:58", "elapsed": 4677.698247, "delta": 53.836361}}
{"target": 0.8191941274473978, "params": {"a": 9.64996605031352, "dB": 16.507877187675327, "s": 0.2804046226386933}, "datetime": {"datetime": "2022-03-24 16:47:52", "elapsed": 4731.63563, "delta": 53.937383}}
{"target": 0.9447656085919415, "params": {"a": 9.432344017830207, "dB": 16.69509306651674, "s": 0.36613187971454386}, "datetime": {"datetime": "2022-03-24 16:48:46", "elapsed": 4785.667258, "delta": 54.031628}}
{"target": 0.39645207724590187, "params": {"a": 5.964405706048757, "dB": 15.114297735810254, "s": 0.9871505877064762}, "datetime": {"datetime": "2022-03-24 16:48:56", "elapsed": 4794.931935, "delta": 9.264677}}
{"target": 0.7811466149982842, "params": {"a": 7.946366670105182, "dB": 16.599167437728255, "s": 0.277717014556854}, "datetime": {"datetime": "2022-03-24 16:49:50", "elapsed": 4848.856822, "delta": 53.924887}}
{"target": 0.9288386296629597, "params": {"a": 9.289470204190216, "dB": 16.636870050208675, "s": 0.33246225677621744}, "datetime": {"datetime": "2022-03-24 16:50:43", "elapsed": 4902.753026, "delta": 53.896204}}
{"target": 0.8723007959702611, "params": {"a": 9.042951344677283, "dB": 16.583722589397034, "s": 0.28998188449195367}, "datetime": {"datetime": "2022-03-24 16:51:38", "elapsed": 4957.07341, "delta": 54.320384}}
{"target": 0.9184373727384992, "params": {"a": 9.195464943798314, "dB": 16.533025416560132, "s": 0.3200597660660575}, "datetime": {"datetime": "2022-03-24 16:52:32", "elapsed": 5011.394771, "delta": 54.321361}}
{"target": 0.7714362715299748, "params": {"a": 9.033916266790662, "dB": 16.75062054162537, "s": 0.22662937401710545}, "datetime": {"datetime": "2022-03-24 16:53:26", "elapsed": 5065.473372, "delta": 54.078601}}
{"target": 0.7431061546596931, "params": {"a": 9.748714141821184, "dB": 16.296229235001626, "s": 0.4390414402352777}, "datetime": {"datetime": "2022-03-24 16:54:21", "elapsed": 5119.804883, "delta": 54.331511}}
{"target": 0.8228791925016646, "params": {"a": 7.824460194373104, "dB": 16.732494112705464, "s": 0.3440582289253835}, "datetime": {"datetime": "2022-03-24 16:55:14", "elapsed": 5173.567937, "delta": 53.763054}}
{"target": 0.4817479203978395, "params": {"a": 6.646271548127131, "dB": 16.6909802073402, "s": 0.4135763485356976}, "datetime": {"datetime": "2022-03-24 16:56:08", "elapsed": 5227.593084, "delta": 54.025147}}
{"target": 0.29649986255225474, "params": {"a": 8.896162767712969, "dB": 15.47275305847279, "s": 2.2004572138743974}, "datetime": {"datetime": "2022-03-24 16:56:33", "elapsed": 5252.460599, "delta": 24.867515}}
{"target": 0.9111107479340766, "params": {"a": 9.124112612592251, "dB": 16.654730891921748, "s": 0.31719805416658087}, "datetime": {"datetime": "2022-03-24 16:57:27", "elapsed": 5306.544638, "delta": 54.084039}}
{"target": 0.39617531857708477, "params": {"a": 9.148913741933745, "dB": 16.49449213177445, "s": 2.2348695936311396}, "datetime": {"datetime": "2022-03-24 16:58:20", "elapsed": 5359.47591, "delta": 52.931272}}
{"target": 0.8283285967433209, "params": {"a": 7.912644592116797, "dB": 16.96574390747721, "s": 0.3488935495640465}, "datetime": {"datetime": "2022-03-24 16:59:14", "elapsed": 5413.635433, "delta": 54.159523}}
{"target": 0.5295691977644379, "params": {"a": 7.93254791162558, "dB": 16.845119220911048, "s": 0.450407880900505}, "datetime": {"datetime": "2022-03-24 17:00:08", "elapsed": 5467.677132, "delta": 54.041699}}
{"target": 0.7294207871219314, "params": {"a": 7.781948472341473, "dB": 16.91148394022243, "s": 0.2503738292391756}, "datetime": {"datetime": "2022-03-24 17:01:02", "elapsed": 5521.74981, "delta": 54.072678}}
{"target": 0.6650119101735723, "params": {"a": 8.06902884777043, "dB": 16.958882755830686, "s": 0.17646922699523718}, "datetime": {"datetime": "2022-03-24 17:01:57", "elapsed": 5575.970118, "delta": 54.220308}}
{"target": 0.7016647351889849, "params": {"a": 7.701002669933194, "dB": 16.588211721532293, "s": 0.21962739196475792}, "datetime": {"datetime": "2022-03-24 17:02:50", "elapsed": 5629.65228, "delta": 53.682162}}
{"target": 0.28507560402762694, "params": {"a": 9.611576493179198, "dB": 16.907514512915505, "s": 0.16427710390726064}, "datetime": {"datetime": "2022-03-24 17:03:45", "elapsed": 5683.869186, "delta": 54.216906}}
{"target": 0.8238264622680288, "params": {"a": 9.143865146453289, "dB": 16.95525166398016, "s": 0.27282268761694556}, "datetime": {"datetime": "2022-03-24 17:04:39", "elapsed": 5738.314473, "delta": 54.445287}}
{"target": 0.5237451260651652, "params": {"a": 9.040188699015154, "dB": 16.995572647462502, "s": 0.1674809888468053}, "datetime": {"datetime": "2022-03-24 17:05:33", "elapsed": 5792.64277, "delta": 54.328297}}
{"target": 0.2606349516442301, "params": {"a": 5.689917622537971, "dB": 16.315280859155216, "s": 2.478808107177182}, "datetime": {"datetime": "2022-03-24 17:06:18", "elapsed": 5837.68668, "delta": 45.04391}}
{"target": 0.7854793124021096, "params": {"a": 9.078204825074247, "dB": 16.42509627296626, "s": 0.2463963981219455}, "datetime": {"datetime": "2022-03-24 17:07:13", "elapsed": 5892.326509, "delta": 54.639829}}
{"target": 0.4084542728502649, "params": {"a": 5.988877930964489, "dB": 16.63082530603424, "s": 2.4391110248290295}, "datetime": {"datetime": "2022-03-24 17:08:07", "elapsed": 5946.45743, "delta": 54.130921}}
{"target": 0.5966161833000692, "params": {"a": 9.42286150822586, "dB": 15.35719034390598, "s": 1.1050868845486548}, "datetime": {"datetime": "2022-03-24 17:08:52", "elapsed": 5991.34597, "delta": 44.88854}}
{"target": 0.4132898994173551, "params": {"a": 5.8236046952232705, "dB": 15.312214488236345, "s": 1.7259587725562586}, "datetime": {"datetime": "2022-03-24 17:09:01", "elapsed": 6000.715331, "delta": 9.369361}}
{"target": 0.658241039038387, "params": {"a": 6.996830453231467, "dB": 16.46951824921352, "s": 0.18040205628550415}, "datetime": {"datetime": "2022-03-24 17:09:55", "elapsed": 6053.996397, "delta": 53.281066}}
{"target": 0.17115677966597895, "params": {"a": 8.92232310348977, "dB": 16.540740095163606, "s": 0.11162019674106977}, "datetime": {"datetime": "2022-03-24 17:10:49", "elapsed": 6108.30523, "delta": 54.308833}}
{"target": 0.9045492970958751, "params": {"a": 9.088293145467695, "dB": 16.48755554496795, "s": 0.4012940423367565}, "datetime": {"datetime": "2022-03-24 17:11:43", "elapsed": 6162.350233, "delta": 54.045003}}
{"target": 0.7941064080303964, "params": {"a": 9.142135812261753, "dB": 16.257623564791952, "s": 0.3890770657792535}, "datetime": {"datetime": "2022-03-24 17:12:14", "elapsed": 6193.202613, "delta": 30.85238}}
{"target": 0.9251762757029853, "params": {"a": 9.005438128446357, "dB": 16.319890327488874, "s": 0.3854881438480634}, "datetime": {"datetime": "2022-03-24 17:13:08", "elapsed": 6247.255824, "delta": 54.053211}}
{"target": 0.3381455888179254, "params": {"a": 5.888116630245804, "dB": 16.094411767968783, "s": 0.4480755996765933}, "datetime": {"datetime": "2022-03-24 17:13:21", "elapsed": 6259.943068, "delta": 12.687244}}
{"target": 0.20391466872616998, "params": {"a": 8.99458120747179, "dB": 16.23336073828471, "s": 0.5817611314784749}, "datetime": {"datetime": "2022-03-24 17:13:51", "elapsed": 6290.55445, "delta": 30.611382}}
{"target": 0.9271115303911911, "params": {"a": 9.258229466771214, "dB": 17.0, "s": 0.3410280787816419}, "datetime": {"datetime": "2022-03-24 17:14:46", "elapsed": 6344.905231, "delta": 54.350781}}
{"target": 0.9169859017816275, "params": {"a": 8.955214848909307, "dB": 16.39740108177754, "s": 0.32829620607003784}, "datetime": {"datetime": "2022-03-24 17:15:40", "elapsed": 6399.000659, "delta": 54.095428}}
{"target": 0.9282638255095962, "params": {"a": 9.135173142634574, "dB": 16.368544936709398, "s": 0.33244973819113743}, "datetime": {"datetime": "2022-03-24 17:16:34", "elapsed": 6452.963081, "delta": 53.962422}}
{"target": 0.6369775426292589, "params": {"a": 6.836782203476354, "dB": 16.272413364560137, "s": 0.3482244295632658}, "datetime": {"datetime": "2022-03-24 17:17:04", "elapsed": 6483.740128, "delta": 30.777047}}
{"target": 0.03298281618727318, "params": {"a": 9.845279934029572, "dB": 15.408920799310035, "s": 0.1}, "datetime": {"datetime": "2022-03-24 17:18:08", "elapsed": 6546.819208, "delta": 63.07908}}
{"target": 0.7866674884327377, "params": {"a": 9.095652379336261, "dB": 16.41597253910275, "s": 0.23415309057810285}, "datetime": {"datetime": "2022-03-24 17:19:02", "elapsed": 6601.020894, "delta": 54.201686}}
{"target": 0.9374704894294428, "params": {"a": 9.49736068799067, "dB": 15.574571118156669, "s": 0.39470030740540263}, "datetime": {"datetime": "2022-03-24 17:19:46", "elapsed": 6645.673166, "delta": 44.652272}}
{"target": 0.4218345299607483, "params": {"a": 7.562520323290646, "dB": 16.938563176617837, "s": 1.4657057575590386}, "datetime": {"datetime": "2022-03-24 17:20:40", "elapsed": 6699.464062, "delta": 53.790896}}
{"target": 0.2547024050690613, "params": {"a": 9.423376884057848, "dB": 15.601951414353588, "s": 0.254233424418711}, "datetime": {"datetime": "2022-03-24 17:21:25", "elapsed": 6744.55631, "delta": 45.092248}}
{"target": 0.6103433014546049, "params": {"a": 6.1051042688642285, "dB": 16.877275185139396, "s": 0.1227309572644229}, "datetime": {"datetime": "2022-03-24 17:22:19", "elapsed": 6798.492498, "delta": 53.936188}}
{"target": 0.6785432131672678, "params": {"a": 9.590886934612985, "dB": 15.43286480084522, "s": 0.4362028525062549}, "datetime": {"datetime": "2022-03-24 17:23:04", "elapsed": 6842.87054, "delta": 44.378042}}
{"target": 0.4008638879952115, "params": {"a": 6.295481886602015, "dB": 15.418426732463235, "s": 1.37344102658579}, "datetime": {"datetime": "2022-03-24 17:23:13", "elapsed": 6852.06605, "delta": 9.19551}}
{"target": 0.3607178067684936, "params": {"a": 9.214358342643003, "dB": 15.239783771995526, "s": 1.4399412552089503}, "datetime": {"datetime": "2022-03-24 17:23:43", "elapsed": 6882.381762, "delta": 30.315712}}
{"target": 0.27358806892721216, "params": {"a": 9.536464580664443, "dB": 15.597016637350855, "s": 0.555900948091447}, "datetime": {"datetime": "2022-03-24 17:24:28", "elapsed": 6926.994795, "delta": 44.613033}}
{"target": 0.896023703229393, "params": {"a": 9.034191612318635, "dB": 16.200713052812098, "s": 0.30677060084496494}, "datetime": {"datetime": "2022-03-24 17:24:59", "elapsed": 6957.792145, "delta": 30.79735}}
{"target": 0.9084481156766511, "params": {"a": 9.12964845236891, "dB": 16.305343055653196, "s": 0.2689581990419131}, "datetime": {"datetime": "2022-03-24 17:25:36", "elapsed": 6995.242038, "delta": 37.449893}}
{"target": 0.28174342977705125, "params": {"a": 9.23992931456717, "dB": 16.680660118679214, "s": 1.3899735221447513}, "datetime": {"datetime": "2022-03-24 17:26:30", "elapsed": 7049.361452, "delta": 54.119414}}
{"target": 0.9621906468334215, "params": {"a": 9.639396975426704, "dB": 15.658541890456066, "s": 0.36108897575099896}, "datetime": {"datetime": "2022-03-24 17:27:24", "elapsed": 7103.161827, "delta": 53.800375}}
{"target": 0.02416481016654857, "params": {"a": 9.066799219375127, "dB": 15.281806254026263, "s": 2.0014278417745373}, "datetime": {"datetime": "2022-03-24 17:27:54", "elapsed": 7133.716695, "delta": 30.554868}}
{"target": 0.8860130633502039, "params": {"a": 9.818973770875505, "dB": 15.703872580317782, "s": 0.36373947732484235}, "datetime": {"datetime": "2022-03-24 17:28:59", "elapsed": 7198.145358, "delta": 64.428663}}
{"target": 0.31804635948839904, "params": {"a": 7.255048295053957, "dB": 15.070580664939618, "s": 0.4716407832350915}, "datetime": {"datetime": "2022-03-24 17:29:04", "elapsed": 7203.372149, "delta": 5.226791}}
{"target": 0.47560917564170346, "params": {"a": 5.614386198624174, "dB": 15.07222612376458, "s": 0.1715798365019398}, "datetime": {"datetime": "2022-03-24 17:29:09", "elapsed": 7208.469953, "delta": 5.097804}}
{"target": 0.8777021935335264, "params": {"a": 9.698917521085733, "dB": 15.72788089185447, "s": 0.2911973737451925}, "datetime": {"datetime": "2022-03-24 17:30:03", "elapsed": 7262.296196, "delta": 53.826243}}
{"target": 0.9121441775200175, "params": {"a": 9.753893212575141, "dB": 15.845468957802803, "s": 0.4170462873288027}, "datetime": {"datetime": "2022-03-24 17:30:57", "elapsed": 7316.141318, "delta": 53.845122}}
{"target": 0.7513448586768574, "params": {"a": 9.85610106732133, "dB": 15.853607912059264, "s": 0.30293338150227644}, "datetime": {"datetime": "2022-03-24 17:32:01", "elapsed": 7380.717563, "delta": 64.576245}}
{"target": 0.5021815172209848, "params": {"a": 9.97165496734076, "dB": 15.840592891611331, "s": 0.502662499479995}, "datetime": {"datetime": "2022-03-24 17:33:06", "elapsed": 7444.785338, "delta": 64.067775}}
{"target": 0.5776442833468574, "params": {"a": 9.661124027028222, "dB": 16.029671718134185, "s": 0.45334299348302587}, "datetime": {"datetime": "2022-03-24 17:34:00", "elapsed": 7498.954883, "delta": 54.169545}}
{"target": 0.9255462508165211, "params": {"a": 9.684985527290426, "dB": 15.741669933896477, "s": 0.4123747497884578}, "datetime": {"datetime": "2022-03-24 17:34:54", "elapsed": 7553.044832, "delta": 54.089949}}
{"target": 0.8075349344061178, "params": {"a": 9.93341859286721, "dB": 16.42305455473349, "s": 0.3344769687969464}, "datetime": {"datetime": "2022-03-24 17:35:59", "elapsed": 7617.941675, "delta": 64.896843}}
{"target": 0.3451012210662892, "params": {"a": 8.375972777439218, "dB": 15.198280077289883, "s": 0.4443991678164163}, "datetime": {"datetime": "2022-03-24 17:36:11", "elapsed": 7630.733637, "delta": 12.791962}}
{"target": 0.3387831121386195, "params": {"a": 9.99937760526425, "dB": 16.432350536366304, "s": 0.54905187743492}, "datetime": {"datetime": "2022-03-24 17:37:28", "elapsed": 7707.576743, "delta": 76.843106}}
{"target": 0.19196571681823235, "params": {"a": 9.944217277279382, "dB": 16.296009187925595, "s": 0.19173212666353817}, "datetime": {"datetime": "2022-03-24 17:38:33", "elapsed": 7772.050557, "delta": 64.473814}}
{"target": 0.8627408099120485, "params": {"a": 9.89686738770418, "dB": 16.56388851362153, "s": 0.3596385008751455}, "datetime": {"datetime": "2022-03-24 17:39:38", "elapsed": 7836.976777, "delta": 64.92622}}
{"target": 0.876875431638781, "params": {"a": 9.823725059174098, "dB": 16.44847224179169, "s": 0.36487177718120256}, "datetime": {"datetime": "2022-03-24 17:40:42", "elapsed": 7901.535903, "delta": 64.559126}}
{"target": 0.7799112300746806, "params": {"a": 9.335921460402757, "dB": 16.371692790196107, "s": 0.2366429988575447}, "datetime": {"datetime": "2022-03-24 17:41:37", "elapsed": 7955.800108, "delta": 54.264205}}
{"target": 0.6132884250357803, "params": {"a": 9.089509806156608, "dB": 16.99922547261938, "s": 0.44439338377756754}, "datetime": {"datetime": "2022-03-24 17:42:31", "elapsed": 8010.185153, "delta": 54.385045}}
{"target": 0.32293293878633417, "params": {"a": 6.827289773735963, "dB": 15.017011332976086, "s": 0.4738123464119335}, "datetime": {"datetime": "2022-03-24 17:42:36", "elapsed": 8015.443977, "delta": 5.258824}}
{"target": 0.13433138435243952, "params": {"a": 9.890974138466522, "dB": 16.62804052712373, "s": 0.20859971103055885}, "datetime": {"datetime": "2022-03-24 17:43:34", "elapsed": 8073.57983, "delta": 58.135853}}
{"target": 0.2851257567875553, "params": {"a": 5.75333954016961, "dB": 16.346693069292808, "s": 2.182968644597084}, "datetime": {"datetime": "2022-03-24 17:44:18", "elapsed": 8117.148619, "delta": 43.568789}}
{"target": 0.05733307731209718, "params": {"a": 9.19043894741618, "dB": 16.155605823377943, "s": 0.15983585888737473}, "datetime": {"datetime": "2022-03-24 17:44:42", "elapsed": 8141.564439, "delta": 24.41582}}
{"target": 0.9270215130926317, "params": {"a": 9.204183332946883, "dB": 16.896790328629834, "s": 0.34126175138133164}, "datetime": {"datetime": "2022-03-24 17:45:24", "elapsed": 8183.047629, "delta": 41.48319}}
{"target": 0.6322909923607117, "params": {"a": 6.745809156223448, "dB": 16.29738091920086, "s": 0.1}, "datetime": {"datetime": "2022-03-24 17:45:53", "elapsed": 8212.163786, "delta": 29.116157}}
{"target": 0.9532910561423225, "params": {"a": 9.698028215195418, "dB": 15.564763978836416, "s": 0.39887206324047564}, "datetime": {"datetime": "2022-03-24 17:46:34", "elapsed": 8252.913197, "delta": 40.749411}}
{"target": 0.7247427165836338, "params": {"a": 9.506306128879901, "dB": 16.441162881213117, "s": 0.21341415417339782}, "datetime": {"datetime": "2022-03-24 17:47:15", "elapsed": 8294.520659, "delta": 41.607462}}
{"target": 0.6043857578030215, "params": {"a": 7.515701960129356, "dB": 16.759193123542396, "s": 0.1}, "datetime": {"datetime": "2022-03-24 17:47:56", "elapsed": 8335.494117, "delta": 40.973458}}
