{"target": 0.7617183865397624, "params": {"a": 1.9724705830269162, "dB": 7.696965288642351, "s": 1.0029301852710153}, "datetime": {"datetime": "2022-03-29 16:03:26", "elapsed": 97.973999, "delta": 0.40158}}
{"target": 0.5860069792146892, "params": {"a": 1.7453303175339057, "dB": 10.911961034116642, "s": 0.5045868750063552}, "datetime": {"datetime": "2022-03-29 16:03:26", "elapsed": 98.383491, "delta": 0.409492}}
{"target": 0.7086289322361239, "params": {"a": 2.4098697424332745, "dB": 8.255529078214055, "s": 0.7147673237153006}, "datetime": {"datetime": "2022-03-29 16:03:27", "elapsed": 98.769531, "delta": 0.38604}}
{"target": 0.979524918934228, "params": {"a": 3.9570477772690285, "dB": 8.568936647867481, "s": 0.6020156543046322}, "datetime": {"datetime": "2022-03-29 16:03:27", "elapsed": 99.313287, "delta": 0.543756}}
{"target": 0.8740375423871324, "params": {"a": 1.9459009097482638, "dB": 7.5, "s": 0.1}, "datetime": {"datetime": "2022-03-29 16:03:28", "elapsed": 99.761676, "delta": 0.448389}}
{"target": 0.7794918647471244, "params": {"a": 1.6782171516165778, "dB": 8.557052849456241, "s": 0.2008449944291071}, "datetime": {"datetime": "2022-03-29 16:03:28", "elapsed": 100.14849, "delta": 0.386814}}
{"target": 0.9954484970136105, "params": {"a": 3.636292030486427, "dB": 9.151299657794915, "s": 0.5296100191397705}, "datetime": {"datetime": "2022-03-29 16:03:29", "elapsed": 100.69072, "delta": 0.54223}}
{"target": 0.9913181390326796, "params": {"a": 3.3304846892723123, "dB": 9.113860395442648, "s": 0.425141566966299}, "datetime": {"datetime": "2022-03-29 16:03:29", "elapsed": 101.471432, "delta": 0.780712}}
{"target": 0.9807261680674535, "params": {"a": 2.88504413781054, "dB": 10.454849156471886, "s": 0.29334507787841624}, "datetime": {"datetime": "2022-03-29 16:03:30", "elapsed": 102.045534, "delta": 0.574102}}
{"target": 0.991122563820249, "params": {"a": 3.6777129950961998, "dB": 9.309536677418887, "s": 0.5426599090430957}, "datetime": {"datetime": "2022-03-29 16:03:30", "elapsed": 102.589407, "delta": 0.543873}}
{"target": 0.9969117470190045, "params": {"a": 3.460172858896102, "dB": 7.877131010376452, "s": 0.48313161581506303}, "datetime": {"datetime": "2022-03-29 16:03:31", "elapsed": 103.083671, "delta": 0.494264}}
{"target": 0.9906886452992887, "params": {"a": 3.3325240772888938, "dB": 7.939791756490146, "s": 0.34641997091018245}, "datetime": {"datetime": "2022-03-29 16:03:32", "elapsed": 103.70035, "delta": 0.616679}}
{"target": 0.9742107513702241, "params": {"a": 3.2717948251355806, "dB": 10.18600481568018, "s": 0.4282555374347098}, "datetime": {"datetime": "2022-03-29 16:03:32", "elapsed": 104.31316, "delta": 0.61281}}
{"target": 0.8946966948279798, "params": {"a": 5.0, "dB": 8.932010402053834, "s": 0.9008815075735341}, "datetime": {"datetime": "2022-03-29 16:03:33", "elapsed": 104.883052, "delta": 0.569892}}
{"target": 0.9575200573099247, "params": {"a": 5.0, "dB": 9.740367605984144, "s": 0.7923239098527727}, "datetime": {"datetime": "2022-03-29 16:03:33", "elapsed": 105.492975, "delta": 0.609923}}
{"target": 0.8792206207015268, "params": {"a": 2.0659776731492325, "dB": 9.145276042712672, "s": 0.1}, "datetime": {"datetime": "2022-03-29 16:03:34", "elapsed": 106.26215, "delta": 0.769175}}
{"target": 0.9672977596092823, "params": {"a": 3.116601484045501, "dB": 9.495115351261223, "s": 0.4391647655036963}, "datetime": {"datetime": "2022-03-29 16:03:35", "elapsed": 106.899728, "delta": 0.637578}}
{"target": 0.6853725433344978, "params": {"a": 2.2205732967996274, "dB": 9.677773866966366, "s": 0.903745580735866}, "datetime": {"datetime": "2022-03-29 16:03:35", "elapsed": 107.304655, "delta": 0.404927}}
{"target": 0.9973264202919901, "params": {"a": 3.2616017590555977, "dB": 8.49361433224204, "s": 0.3953900044640781}, "datetime": {"datetime": "2022-03-29 16:03:36", "elapsed": 108.269606, "delta": 0.964951}}
{"target": 0.956154376692066, "params": {"a": 2.470360819929574, "dB": 7.713741938439177, "s": 0.23260945637390976}, "datetime": {"datetime": "2022-03-29 16:03:37", "elapsed": 108.790234, "delta": 0.520628}}
{"target": 0.9840005818846912, "params": {"a": 2.9564508107043808, "dB": 10.283350925212416, "s": 0.2135334772986014}, "datetime": {"datetime": "2022-03-29 16:03:37", "elapsed": 109.440841, "delta": 0.650607}}
{"target": 0.861494437944784, "params": {"a": 4.699944565623088, "dB": 11.0, "s": 0.6458166300930915}, "datetime": {"datetime": "2022-03-29 16:03:38", "elapsed": 110.039089, "delta": 0.598248}}
{"target": 0.9916687521481705, "params": {"a": 3.598021105445891, "dB": 9.643717285996113, "s": 0.47602737568164566}, "datetime": {"datetime": "2022-03-29 16:03:38", "elapsed": 110.592762, "delta": 0.553673}}
{"target": 0.6654648124099569, "params": {"a": 1.9097569453313876, "dB": 10.21637195759394, "s": 0.868141533668202}, "datetime": {"datetime": "2022-03-29 16:03:39", "elapsed": 111.025007, "delta": 0.432245}}
{"target": 0.9975582858021533, "params": {"a": 3.1932945258912047, "dB": 9.415924511215469, "s": 0.2961739345847509}, "datetime": {"datetime": "2022-03-29 16:03:39", "elapsed": 111.556398, "delta": 0.531391}}
{"target": 0.9680042940096485, "params": {"a": 2.6298435785971743, "dB": 8.485807152620456, "s": 0.22509392109124474}, "datetime": {"datetime": "2022-03-29 16:03:40", "elapsed": 112.42867, "delta": 0.872272}}
{"target": 0.9783348154524826, "params": {"a": 3.0912885822401153, "dB": 9.691135417549006, "s": 0.1695635787090314}, "datetime": {"datetime": "2022-03-29 16:03:41", "elapsed": 112.999425, "delta": 0.570755}}
{"target": 0.6898245869364553, "params": {"a": 2.3100101988351494, "dB": 8.610038360549929, "s": 0.7847014366787622}, "datetime": {"datetime": "2022-03-29 16:03:41", "elapsed": 113.411312, "delta": 0.411887}}
{"target": 0.9952638240090151, "params": {"a": 3.038704331943993, "dB": 8.43706049312733, "s": 0.34159277679300815}, "datetime": {"datetime": "2022-03-29 16:03:42", "elapsed": 113.990623, "delta": 0.579311}}
{"target": 0.9899579436812772, "params": {"a": 3.016112662143215, "dB": 7.643916801744721, "s": 0.3435644832632859}, "datetime": {"datetime": "2022-03-29 16:03:42", "elapsed": 114.600177, "delta": 0.609554}}
{"target": 0.9800667710487857, "params": {"a": 4.075924079481564, "dB": 9.343512790240803, "s": 0.5562067621679532}, "datetime": {"datetime": "2022-03-29 16:03:43", "elapsed": 115.23054, "delta": 0.630363}}
{"target": 0.9603037403233112, "params": {"a": 2.6440272853707145, "dB": 10.470546396152544, "s": 0.25131844907360845}, "datetime": {"datetime": "2022-03-29 16:03:44", "elapsed": 116.093352, "delta": 0.862812}}
{"target": 0.9853277941736311, "params": {"a": 2.8778721882019416, "dB": 9.871950318427025, "s": 0.28945164047145766}, "datetime": {"datetime": "2022-03-29 16:03:45", "elapsed": 116.94935, "delta": 0.855998}}
{"target": 0.6682191667315748, "params": {"a": 1.9666206522447327, "dB": 10.34359383488312, "s": 0.904222595204233}, "datetime": {"datetime": "2022-03-29 16:03:45", "elapsed": 117.417127, "delta": 0.467777}}
{"target": 0.9746263484194215, "params": {"a": 2.857266201557186, "dB": 8.944914053108729, "s": 0.19753407149238972}, "datetime": {"datetime": "2022-03-29 16:03:46", "elapsed": 118.094734, "delta": 0.677607}}
{"target": 0.8426938445721278, "params": {"a": 2.2136478989156236, "dB": 10.664008098084484, "s": 0.2473621692447521}, "datetime": {"datetime": "2022-03-29 16:03:46", "elapsed": 118.562204, "delta": 0.46747}}
{"target": 0.9304159733559588, "params": {"a": 3.3431882626180185, "dB": 7.501204132524598, "s": 0.5649195880297883}, "datetime": {"datetime": "2022-03-29 16:03:47", "elapsed": 119.35967, "delta": 0.797466}}
{"target": 0.9464866234312607, "params": {"a": 2.4260707633106646, "dB": 9.151322673646407, "s": 0.23490948141878282}, "datetime": {"datetime": "2022-03-29 16:03:48", "elapsed": 120.226445, "delta": 0.866775}}
{"target": 0.8812624688985384, "params": {"a": 4.252682388238128, "dB": 7.521293792699916, "s": 0.7243224086612459}, "datetime": {"datetime": "2022-03-29 16:03:49", "elapsed": 120.698573, "delta": 0.472128}}
{"target": 0.998050897055923, "params": {"a": 3.7352946285577326, "dB": 8.377023400420903, "s": 0.5147648077868024}, "datetime": {"datetime": "2022-03-29 16:03:49", "elapsed": 121.278476, "delta": 0.579903}}
{"target": 0.9589777826914014, "params": {"a": 3.9760232566583795, "dB": 8.275625541304723, "s": 0.6427713832360131}, "datetime": {"datetime": "2022-03-29 16:03:50", "elapsed": 121.989896, "delta": 0.71142}}
{"target": 0.9499934220508498, "params": {"a": 4.812016962432265, "dB": 8.17070545858118, "s": 0.7566819161180741}, "datetime": {"datetime": "2022-03-29 16:03:51", "elapsed": 122.925508, "delta": 0.935612}}
{"target": 0.996383724414728, "params": {"a": 3.104855345222347, "dB": 8.742450913057992, "s": 0.3168686384677814}, "datetime": {"datetime": "2022-03-29 16:03:52", "elapsed": 123.815141, "delta": 0.889633}}
{"target": 0.9353886184137141, "params": {"a": 4.219679151665466, "dB": 8.261990367815327, "s": 0.6750923015774745}, "datetime": {"datetime": "2022-03-29 16:03:52", "elapsed": 124.448948, "delta": 0.633807}}
{"target": 0.9456435513411956, "params": {"a": 2.352300517978801, "dB": 8.015660494921427, "s": 0.2869591619467439}, "datetime": {"datetime": "2022-03-29 16:03:53", "elapsed": 125.428105, "delta": 0.979157}}
{"target": 0.9938475938139562, "params": {"a": 3.212695741971777, "dB": 8.101291498059577, "s": 0.3400390432826714}, "datetime": {"datetime": "2022-03-29 16:03:54", "elapsed": 126.130562, "delta": 0.702457}}
{"target": 0.9949271385593306, "params": {"a": 3.292474820656408, "dB": 9.606454579758548, "s": 0.2557302900638907}, "datetime": {"datetime": "2022-03-29 16:03:55", "elapsed": 126.816537, "delta": 0.685975}}
{"target": 0.9905019619066163, "params": {"a": 3.2893916594575288, "dB": 7.833878417386087, "s": 0.44546236215673785}, "datetime": {"datetime": "2022-03-29 16:03:56", "elapsed": 127.683735, "delta": 0.867198}}
{"target": 0.9916173157037308, "params": {"a": 3.814443416245847, "dB": 7.816092351398223, "s": 0.498845932709318}, "datetime": {"datetime": "2022-03-29 16:03:56", "elapsed": 128.603689, "delta": 0.919954}}
{"target": 0.9396725679006389, "params": {"a": 4.776331234976375, "dB": 10.129143529764386, "s": 0.6959501158901982}, "datetime": {"datetime": "2022-03-29 16:03:57", "elapsed": 129.560128, "delta": 0.956439}}
{"target": 0.9700388266460842, "params": {"a": 3.936800500221216, "dB": 7.969150236156142, "s": 0.5539801573141703}, "datetime": {"datetime": "2022-03-29 16:03:58", "elapsed": 130.382277, "delta": 0.822149}}
{"target": 0.4854088092796563, "params": {"a": 4.962826560460866, "dB": 10.769397669111731, "s": 0.155212282559872}, "datetime": {"datetime": "2022-03-29 16:03:59", "elapsed": 130.954852, "delta": 0.572575}}
{"target": 0.9987141331877788, "params": {"a": 3.2926122632386496, "dB": 8.98595417809874, "s": 0.37820694384156206}, "datetime": {"datetime": "2022-03-29 16:04:00", "elapsed": 131.685789, "delta": 0.730937}}
{"target": 0.9219976242066162, "params": {"a": 2.9787547905024803, "dB": 8.509108830266241, "s": 0.1}, "datetime": {"datetime": "2022-03-29 16:04:01", "elapsed": 133.624984, "delta": 1.939195}}
{"target": 0.8776892342321901, "params": {"a": 4.250875607930945, "dB": 7.529948683906616, "s": 0.7286710530106646}, "datetime": {"datetime": "2022-03-29 16:04:02", "elapsed": 134.166826, "delta": 0.541842}}
{"target": 0.9000535201510249, "params": {"a": 4.758371430278008, "dB": 11.0, "s": 0.8560605992823148}, "datetime": {"datetime": "2022-03-29 16:04:03", "elapsed": 135.105185, "delta": 0.938359}}
{"target": 0.9860471526483288, "params": {"a": 4.813457425680397, "dB": 10.657532920296736, "s": 0.7514865318989109}, "datetime": {"datetime": "2022-03-29 16:04:04", "elapsed": 136.04808, "delta": 0.942895}}
{"target": 0.9549913397827838, "params": {"a": 3.6968905979396265, "dB": 10.139765383967886, "s": 0.59012285676378}, "datetime": {"datetime": "2022-03-29 16:04:05", "elapsed": 136.855815, "delta": 0.807735}}
{"target": 0.9893120232102277, "params": {"a": 3.7470508398493814, "dB": 10.374336853617033, "s": 0.498296945621684}, "datetime": {"datetime": "2022-03-29 16:04:06", "elapsed": 138.084677, "delta": 1.228862}}
{"target": 0.9802113270963551, "params": {"a": 2.8602861345846717, "dB": 7.514210661879387, "s": 0.41010529188299283}, "datetime": {"datetime": "2022-03-29 16:04:07", "elapsed": 139.226028, "delta": 1.141351}}
{"target": 0.9887760776169863, "params": {"a": 4.13307448938129, "dB": 10.5122790805835, "s": 0.6159714619206088}, "datetime": {"datetime": "2022-03-29 16:04:08", "elapsed": 139.858842, "delta": 0.632814}}
{"target": 0.9497670232299927, "params": {"a": 3.918161616772715, "dB": 10.579157220595485, "s": 0.6692463661409342}, "datetime": {"datetime": "2022-03-29 16:04:09", "elapsed": 140.717247, "delta": 0.858405}}
{"target": 0.991027685852364, "params": {"a": 3.965364728805979, "dB": 10.463619296219822, "s": 0.5695761909763762}, "datetime": {"datetime": "2022-03-29 16:04:09", "elapsed": 141.495963, "delta": 0.778716}}
{"target": 0.9296496407822056, "params": {"a": 3.7151555654251416, "dB": 10.42429182247057, "s": 0.38785339648220263}, "datetime": {"datetime": "2022-03-29 16:04:10", "elapsed": 142.06294, "delta": 0.566977}}
{"target": 0.7353931884546369, "params": {"a": 3.4924465814371346, "dB": 9.10041938145481, "s": 0.818061197660157}, "datetime": {"datetime": "2022-03-29 16:04:10", "elapsed": 142.633989, "delta": 0.571049}}
{"target": 0.9922243193038486, "params": {"a": 3.456362114151749, "dB": 9.507188812190405, "s": 0.5175563473592355}, "datetime": {"datetime": "2022-03-29 16:04:11", "elapsed": 143.485134, "delta": 0.851145}}
{"target": 0.9817466971004135, "params": {"a": 4.082238150456262, "dB": 10.623252258087065, "s": 0.5592814134033741}, "datetime": {"datetime": "2022-03-29 16:04:12", "elapsed": 144.505648, "delta": 1.020514}}
{"target": 0.9724700709750284, "params": {"a": 2.911228266464849, "dB": 8.330519125039547, "s": 0.4261443629069471}, "datetime": {"datetime": "2022-03-29 16:04:13", "elapsed": 145.273434, "delta": 0.767786}}
{"target": 0.5928381475865427, "params": {"a": 4.914315085027508, "dB": 8.47259078580713, "s": 0.19496000092787494}, "datetime": {"datetime": "2022-03-29 16:04:14", "elapsed": 145.849573, "delta": 0.576139}}
{"target": 0.9218476641220518, "params": {"a": 3.3615455981282523, "dB": 8.673831954685177, "s": 0.10488433739983186}, "datetime": {"datetime": "2022-03-29 16:04:14", "elapsed": 146.354265, "delta": 0.504692}}
{"target": 0.9445208745127021, "params": {"a": 4.2466825336682135, "dB": 10.499187091270544, "s": 0.5249650811128287}, "datetime": {"datetime": "2022-03-29 16:04:15", "elapsed": 147.540221, "delta": 1.185956}}
{"target": 0.9720093397499748, "params": {"a": 2.8415056580028772, "dB": 8.857298427417916, "s": 0.39329974233368836}, "datetime": {"datetime": "2022-03-29 16:04:16", "elapsed": 148.675946, "delta": 1.135725}}
{"target": 0.9856258207134789, "params": {"a": 3.6227857007292332, "dB": 7.807453802043234, "s": 0.4575123475038104}, "datetime": {"datetime": "2022-03-29 16:04:17", "elapsed": 149.611542, "delta": 0.935596}}
{"target": 0.9973503287773907, "params": {"a": 3.2170961093773682, "dB": 9.858477177891531, "s": 0.3323991190252428}, "datetime": {"datetime": "2022-03-29 16:04:18", "elapsed": 150.351008, "delta": 0.739466}}
{"target": 0.9822550428359956, "params": {"a": 3.712773193081672, "dB": 8.473653650366401, "s": 0.5622927490383016}, "datetime": {"datetime": "2022-03-29 16:04:19", "elapsed": 151.078972, "delta": 0.727964}}
{"target": 0.9843625611754736, "params": {"a": 2.8147100017242783, "dB": 8.61577571461397, "s": 0.3461188464022905}, "datetime": {"datetime": "2022-03-29 16:04:20", "elapsed": 151.835709, "delta": 0.756737}}
{"target": 0.9778694879329184, "params": {"a": 2.6696272670347874, "dB": 7.659467542143414, "s": 0.30258476972322423}, "datetime": {"datetime": "2022-03-29 16:04:21", "elapsed": 152.838266, "delta": 1.002557}}
{"target": 0.926927116103733, "params": {"a": 4.220863601911486, "dB": 9.39679315294259, "s": 0.6994997339090832}, "datetime": {"datetime": "2022-03-29 16:04:22", "elapsed": 153.832511, "delta": 0.994245}}
{"target": 0.9959736663002002, "params": {"a": 3.4274816820721976, "dB": 8.542282660844212, "s": 0.4296210677778131}, "datetime": {"datetime": "2022-03-29 16:04:22", "elapsed": 154.580166, "delta": 0.747655}}
{"target": 0.9121847297302547, "params": {"a": 3.8549057445279264, "dB": 8.38119020320222, "s": 0.3521506658801743}, "datetime": {"datetime": "2022-03-29 16:04:23", "elapsed": 155.13167, "delta": 0.551504}}
{"target": 0.8974416377672036, "params": {"a": 3.236952792877543, "dB": 7.850609788129677, "s": 0.1}, "datetime": {"datetime": "2022-03-29 16:04:24", "elapsed": 155.854006, "delta": 0.722336}}
{"target": 0.9799277493224672, "params": {"a": 3.9137888155374774, "dB": 8.401684005262815, "s": 0.5618757864096757}, "datetime": {"datetime": "2022-03-29 16:04:25", "elapsed": 157.005824, "delta": 1.151818}}
{"target": 0.6389535564660591, "params": {"a": 2.753204313442596, "dB": 10.383141797695643, "s": 0.9041142196700499}, "datetime": {"datetime": "2022-03-29 16:04:25", "elapsed": 157.582842, "delta": 0.577018}}
{"target": 0.9773763601825594, "params": {"a": 2.702917644710367, "dB": 9.122696857552878, "s": 0.2838674668876049}, "datetime": {"datetime": "2022-03-29 16:04:26", "elapsed": 158.569048, "delta": 0.986206}}
{"target": 0.9429978312564036, "params": {"a": 4.030730125788679, "dB": 7.560611259215832, "s": 0.5116423761744302}, "datetime": {"datetime": "2022-03-29 16:04:27", "elapsed": 159.403753, "delta": 0.834705}}
{"target": 0.9648525471595879, "params": {"a": 4.864572658696792, "dB": 10.582908793954955, "s": 0.8142942262722468}, "datetime": {"datetime": "2022-03-29 16:04:28", "elapsed": 160.204745, "delta": 0.800992}}
{"target": 0.9829129145631736, "params": {"a": 2.8842048732495575, "dB": 7.995334473338651, "s": 0.26923039935630044}, "datetime": {"datetime": "2022-03-29 16:04:29", "elapsed": 161.036312, "delta": 0.831567}}
{"target": 0.8986548391073303, "params": {"a": 5.0, "dB": 9.252041975621172, "s": 0.7286181781230289}, "datetime": {"datetime": "2022-03-29 16:04:30", "elapsed": 162.332572, "delta": 1.29626}}
{"target": 0.9963770565927408, "params": {"a": 3.3173653725296557, "dB": 10.16631860000108, "s": 0.2604855471280627}, "datetime": {"datetime": "2022-03-29 16:04:31", "elapsed": 163.374095, "delta": 1.041523}}
{"target": 0.9775268296238695, "params": {"a": 2.8487871018205384, "dB": 9.289301393544891, "s": 0.3615138800842008}, "datetime": {"datetime": "2022-03-29 16:04:32", "elapsed": 164.222017, "delta": 0.847922}}
{"target": 0.995025466813008, "params": {"a": 3.1848705929016248, "dB": 10.277234920823402, "s": 0.3215284380840715}, "datetime": {"datetime": "2022-03-29 16:04:33", "elapsed": 164.803315, "delta": 0.581298}}
{"target": 0.9553299042260655, "params": {"a": 4.738403551445929, "dB": 10.219627124016915, "s": 0.704847923951517}, "datetime": {"datetime": "2022-03-29 16:04:33", "elapsed": 165.441393, "delta": 0.638078}}
{"target": 0.8089295360683536, "params": {"a": 2.201007479319879, "dB": 10.017054166381998, "s": 0.38840050566603634}, "datetime": {"datetime": "2022-03-29 16:04:34", "elapsed": 166.034854, "delta": 0.593461}}
{"target": 0.6560476435187046, "params": {"a": 3.0028623808328505, "dB": 10.229761066211944, "s": 1.0042720529890798}, "datetime": {"datetime": "2022-03-29 16:04:34", "elapsed": 166.659567, "delta": 0.624713}}
{"target": 0.9160453792699715, "params": {"a": 4.702358517961594, "dB": 8.922355609272149, "s": 0.6848980936268732}, "datetime": {"datetime": "2022-03-29 16:04:36", "elapsed": 167.980636, "delta": 1.321069}}
{"target": 0.8878620936296514, "params": {"a": 2.1003156055317365, "dB": 8.6286222331844, "s": 0.1}, "datetime": {"datetime": "2022-03-29 16:04:37", "elapsed": 169.017578, "delta": 1.036942}}
{"target": 0.9833469767594215, "params": {"a": 4.913523242498865, "dB": 10.724715380287769, "s": 0.7827945380696245}, "datetime": {"datetime": "2022-03-29 16:04:38", "elapsed": 169.987327, "delta": 0.969749}}
{"target": 0.6622000230019752, "params": {"a": 1.7040653477189256, "dB": 9.11208607594535, "s": 0.5242047493848346}, "datetime": {"datetime": "2022-03-29 16:04:38", "elapsed": 170.582726, "delta": 0.595399}}
{"target": 0.9909453863976229, "params": {"a": 3.0088399646141664, "dB": 10.001407611449862, "s": 0.30686150454896377}, "datetime": {"datetime": "2022-03-29 16:04:39", "elapsed": 171.361979, "delta": 0.779253}}
{"target": 0.9993603499295638, "params": {"a": 3.292286167686852, "dB": 9.180866745061785, "s": 0.3367138311392148}, "datetime": {"datetime": "2022-03-29 16:04:40", "elapsed": 172.127655, "delta": 0.765676}}
{"target": 0.6796680906472131, "params": {"a": 4.897400140729462, "dB": 10.442738363185308, "s": 0.40353149754031126}, "datetime": {"datetime": "2022-03-29 16:04:41", "elapsed": 172.801862, "delta": 0.674207}}
{"target": 0.9018368000657796, "params": {"a": 3.3103340057433446, "dB": 9.57551145982653, "s": 0.5418277019629433}, "datetime": {"datetime": "2022-03-29 16:04:42", "elapsed": 173.996548, "delta": 1.194686}}
{"target": 0.9945418189093501, "params": {"a": 3.010586684452951, "dB": 9.159987374949676, "s": 0.3115465305262507}, "datetime": {"datetime": "2022-03-29 16:04:43", "elapsed": 175.023747, "delta": 1.027199}}
{"target": 0.9765161226614973, "params": {"a": 3.755590523495393, "dB": 9.169932315663136, "s": 0.5728882898525811}, "datetime": {"datetime": "2022-03-29 16:04:44", "elapsed": 176.263646, "delta": 1.239899}}
{"target": 0.9909143266723646, "params": {"a": 3.5558055155729122, "dB": 9.358529342178041, "s": 0.5348109621976181}, "datetime": {"datetime": "2022-03-29 16:04:45", "elapsed": 177.553427, "delta": 1.289781}}
