{"target": 0.9133370552024743, "params": {"a": 6.851413446488756, "dB": 10.584157838756491, "s": 0.9076786085675781}, "datetime": {"datetime": "2022-03-28 22:57:01", "elapsed": 4701.540392, "delta": 4.214219}}
{"target": 0.690729129176172, "params": {"a": 4.519496998450891, "dB": 13.212006941215272, "s": 0.4768346030937025}, "datetime": {"datetime": "2022-03-28 22:57:41", "elapsed": 4741.896964, "delta": 40.356572}}
{"target": 0.616179586926982, "params": {"a": 6.964664554319628, "dB": 10.942001533314375, "s": 1.0294930576694166}, "datetime": {"datetime": "2022-03-28 22:57:45", "elapsed": 4746.129365, "delta": 4.232401}}
{"target": 0.7550693173622495, "params": {"a": 5.82948401869354, "dB": 12.267752130786153, "s": 0.7241965159788274}, "datetime": {"datetime": "2022-03-28 22:58:02", "elapsed": 4762.781787, "delta": 16.652422}}
{"target": 0.9422362954067425, "params": {"a": 5.657980590877315, "dB": 11.655215912427789, "s": 0.7557046126110776}, "datetime": {"datetime": "2022-03-28 22:58:07", "elapsed": 4768.260052, "delta": 5.478265}}
{"target": 0.3987508054005402, "params": {"a": 8.402554534329909, "dB": 11.922138677947384, "s": 0.4469206445795779}, "datetime": {"datetime": "2022-03-28 22:58:28", "elapsed": 4788.545191, "delta": 20.285139}}
{"target": 0.9576792958624802, "params": {"a": 7.0154417239376, "dB": 10.660315237943582, "s": 0.8652045178595837}, "datetime": {"datetime": "2022-03-28 22:58:33", "elapsed": 4794.144157, "delta": 5.598966}}
{"target": 0.5171828550094749, "params": {"a": 3.5, "dB": 11.564494663689668, "s": 1.5}, "datetime": {"datetime": "2022-03-28 22:58:39", "elapsed": 4799.824607, "delta": 5.68045}}
{"target": 0.889260577630651, "params": {"a": 7.452936729940825, "dB": 11.14619475235353, "s": 0.884697346641087}, "datetime": {"datetime": "2022-03-28 22:58:48", "elapsed": 4809.344571, "delta": 9.519964}}
{"target": 0.7944578048831403, "params": {"a": 7.638724504813798, "dB": 11.365063025418678, "s": 1.0218470905285657}, "datetime": {"datetime": "2022-03-28 22:58:58", "elapsed": 4818.6237, "delta": 9.279129}}
{"target": 0.5428740086056428, "params": {"a": 3.5, "dB": 10.5, "s": 1.5}, "datetime": {"datetime": "2022-03-28 22:58:59", "elapsed": 4819.893253, "delta": 1.269553}}
{"target": 0.8667594827158427, "params": {"a": 7.383298939304977, "dB": 10.84623305093033, "s": 0.969021457250058}, "datetime": {"datetime": "2022-03-28 22:59:06", "elapsed": 4827.184277, "delta": 7.291024}}
{"target": 0.5079052409089156, "params": {"a": 6.64313355015288, "dB": 12.824004300742734, "s": 1.5}, "datetime": {"datetime": "2022-03-28 22:59:35", "elapsed": 4856.207727, "delta": 29.02345}}
{"target": 0.9885648189997356, "params": {"a": 6.611774675460052, "dB": 11.794130549744903, "s": 0.8811068699604951}, "datetime": {"datetime": "2022-03-28 22:59:41", "elapsed": 4861.944837, "delta": 5.73711}}
{"target": 0.7469816338905737, "params": {"a": 6.583513548891675, "dB": 11.864982160142977, "s": 0.9959087602383623}, "datetime": {"datetime": "2022-03-28 22:59:48", "elapsed": 4869.386456, "delta": 7.441619}}
{"target": 0.6744989196402464, "params": {"a": 6.658271388307693, "dB": 11.759720047835543, "s": 0.7220673083312371}, "datetime": {"datetime": "2022-03-28 22:59:54", "elapsed": 4875.151851, "delta": 5.765395}}
{"target": 0.8851742294336307, "params": {"a": 6.429440334675666, "dB": 11.895301002010621, "s": 0.8019393671050032}, "datetime": {"datetime": "2022-03-28 23:00:02", "elapsed": 4882.608381, "delta": 7.45653}}
{"target": 0.5694100529965029, "params": {"a": 8.446895086372667, "dB": 13.302340859238626, "s": 0.36625473907184636}, "datetime": {"datetime": "2022-03-28 23:00:42", "elapsed": 4923.40218, "delta": 40.793799}}
{"target": 0.9787714191414909, "params": {"a": 6.180566291352217, "dB": 11.91713971726837, "s": 0.8339888490066955}, "datetime": {"datetime": "2022-03-28 23:00:50", "elapsed": 4930.88381, "delta": 7.48163}}
{"target": 0.7523059649005727, "params": {"a": 4.628054298319224, "dB": 13.5, "s": 0.5477014003132763}, "datetime": {"datetime": "2022-03-28 23:01:46", "elapsed": 4986.614018, "delta": 55.730208}}
{"target": 0.7065033988591013, "params": {"a": 4.6679647065346295, "dB": 12.922046910698738, "s": 0.7684350618050715}, "datetime": {"datetime": "2022-03-28 23:02:15", "elapsed": 5015.575941, "delta": 28.961923}}
{"target": 0.5242212711852331, "params": {"a": 5.3124331023918, "dB": 12.725384347434986, "s": 1.0306541869389885}, "datetime": {"datetime": "2022-03-28 23:02:44", "elapsed": 5044.764799, "delta": 29.188858}}
{"target": 0.9947091328444425, "params": {"a": 6.5695025907332205, "dB": 11.677053332761567, "s": 0.8692753012934822}, "datetime": {"datetime": "2022-03-28 23:02:49", "elapsed": 5050.518479, "delta": 5.75368}}
{"target": 0.5690874420643992, "params": {"a": 8.5, "dB": 10.5, "s": 0.8706306561024468}, "datetime": {"datetime": "2022-03-28 23:03:14", "elapsed": 5074.727434, "delta": 24.208955}}
{"target": 0.4507399941108301, "params": {"a": 8.5, "dB": 10.5, "s": 1.5}, "datetime": {"datetime": "2022-03-28 23:03:38", "elapsed": 5099.167579, "delta": 24.440145}}
{"target": 0.5108783456525663, "params": {"a": 4.4633711459240955, "dB": 11.560426135635407, "s": 0.3}, "datetime": {"datetime": "2022-03-28 23:03:44", "elapsed": 5105.146151, "delta": 5.978572}}
{"target": 0.461373550716365, "params": {"a": 5.566157426833226, "dB": 11.448649531663278, "s": 0.4795629239983587}, "datetime": {"datetime": "2022-03-28 23:03:50", "elapsed": 5110.636219, "delta": 5.490068}}
{"target": 0.5860546706503866, "params": {"a": 6.024975437174046, "dB": 12.211117134228804, "s": 1.489543993765069}, "datetime": {"datetime": "2022-03-28 23:04:04", "elapsed": 5124.626935, "delta": 13.990716}}
{"target": 0.9686980679522865, "params": {"a": 8.472587864861758, "dB": 13.063755083812062, "s": 1.0723464838749226}, "datetime": {"datetime": "2022-03-28 23:04:33", "elapsed": 5154.113304, "delta": 29.486369}}
{"target": 0.9156742190453513, "params": {"a": 6.2356588567923765, "dB": 11.591164759554722, "s": 0.9080295742486879}, "datetime": {"datetime": "2022-03-28 23:04:39", "elapsed": 5159.947017, "delta": 5.833713}}
{"target": 0.49284805676209537, "params": {"a": 6.346352259195907, "dB": 11.87178804124698, "s": 1.1616734371921884}, "datetime": {"datetime": "2022-03-28 23:04:46", "elapsed": 5167.372557, "delta": 7.42554}}
{"target": 0.5191848475766679, "params": {"a": 8.448838085124224, "dB": 13.10564451749482, "s": 1.2405632759888878}, "datetime": {"datetime": "2022-03-28 23:05:28", "elapsed": 5208.645782, "delta": 41.273225}}
{"target": 0.6722382408732335, "params": {"a": 8.445474574927822, "dB": 12.90579281562383, "s": 0.9712185361608525}, "datetime": {"datetime": "2022-03-28 23:05:57", "elapsed": 5238.148359, "delta": 29.502577}}
{"target": 0.49304483602654897, "params": {"a": 8.449561479969002, "dB": 13.14574263887432, "s": 0.9075979929182161}, "datetime": {"datetime": "2022-03-28 23:06:37", "elapsed": 5278.035714, "delta": 39.887355}}
{"target": 0.5082606762786044, "params": {"a": 8.377592978610725, "dB": 11.33364924497754, "s": 0.4139520011134499}, "datetime": {"datetime": "2022-03-28 23:06:57", "elapsed": 5298.189887, "delta": 20.154173}}
{"target": 0.392859690739034, "params": {"a": 6.159350854468932, "dB": 11.506141675444438, "s": 0.30586120487979823}, "datetime": {"datetime": "2022-03-28 23:07:03", "elapsed": 5303.610475, "delta": 5.420588}}
{"target": 0.910906998033761, "params": {"a": 7.173868046293535, "dB": 11.105500373567484, "s": 0.8384093290654691}, "datetime": {"datetime": "2022-03-28 23:07:08", "elapsed": 5309.390461, "delta": 5.779986}}
{"target": 0.7149303751187539, "params": {"a": 3.5187305878499524, "dB": 10.541033599271667, "s": 0.5658606652511042}, "datetime": {"datetime": "2022-03-28 23:07:10", "elapsed": 5310.876426, "delta": 1.485965}}
{"target": 0.4408241706821071, "params": {"a": 7.7887833996622655, "dB": 12.185671808393733, "s": 1.5}, "datetime": {"datetime": "2022-03-28 23:07:22", "elapsed": 5322.654285, "delta": 11.777859}}
{"target": 0.7836708141066382, "params": {"a": 6.226970675963965, "dB": 13.5, "s": 1.003550406866728}, "datetime": {"datetime": "2022-03-28 23:08:16", "elapsed": 5377.461963, "delta": 54.807678}}
{"target": 0.8941739575265918, "params": {"a": 4.780543296244799, "dB": 11.600310940731541, "s": 0.6331208192642737}, "datetime": {"datetime": "2022-03-28 23:08:22", "elapsed": 5383.01709, "delta": 5.555127}}
{"target": 0.8480574336083577, "params": {"a": 4.904352973475494, "dB": 11.312441021612686, "s": 0.5972771807043373}, "datetime": {"datetime": "2022-03-28 23:08:27", "elapsed": 5388.504173, "delta": 5.487083}}
{"target": 0.6030879748361001, "params": {"a": 7.598248166329742, "dB": 12.533315644900798, "s": 0.8747288094895627}, "datetime": {"datetime": "2022-03-28 23:08:56", "elapsed": 5416.890243, "delta": 28.38607}}
{"target": 0.9122901354762968, "params": {"a": 6.54872351229854, "dB": 13.5, "s": 0.9780602986817893}, "datetime": {"datetime": "2022-03-28 23:09:50", "elapsed": 5471.470915, "delta": 54.580672}}
{"target": 0.8351740475241839, "params": {"a": 6.634883502647644, "dB": 13.237502146854924, "s": 1.0444167817058716}, "datetime": {"datetime": "2022-03-28 23:10:30", "elapsed": 5510.714711, "delta": 39.243796}}
{"target": 0.46757450584714405, "params": {"a": 6.864151063611324, "dB": 11.255305888459045, "s": 0.6025807990562091}, "datetime": {"datetime": "2022-03-28 23:10:35", "elapsed": 5516.225611, "delta": 5.5109}}
