{"target": 0.42992136107781037, "params": {"a": 6.393580612805821, "dB": 17.0, "s": 1.3114025586745923}, "datetime": {"datetime": "2022-03-24 20:24:36", "elapsed": 17735.63023, "delta": 39.443132}}
{"target": 0.34207013840476763, "params": {"a": 8.231205938732193, "dB": 16.994469914921318, "s": 1.1816669258118746}, "datetime": {"datetime": "2022-03-24 20:25:16", "elapsed": 17775.361742, "delta": 39.731512}}
{"target": 0.9293911943239205, "params": {"a": 9.338817309836498, "dB": 16.755591148222916, "s": 0.3892042183899205}, "datetime": {"datetime": "2022-03-24 20:25:55", "elapsed": 17814.739554, "delta": 39.377812}}
{"target": 0.9096607380602815, "params": {"a": 9.641991482428343, "dB": 16.15681894037835, "s": 0.30707447742606864}, "datetime": {"datetime": "2022-03-24 20:26:35", "elapsed": 17854.213688, "delta": 39.474134}}
{"target": 0.8238713324680774, "params": {"a": 9.785388598381175, "dB": 16.042722195824876, "s": 0.2830728605267371}, "datetime": {"datetime": "2022-03-24 20:27:14", "elapsed": 17893.515729, "delta": 39.302041}}
{"target": 0.9249631016163167, "params": {"a": 9.796700367339241, "dB": 15.366741308838794, "s": 0.4165785594240379}, "datetime": {"datetime": "2022-03-24 20:27:54", "elapsed": 17933.603004, "delta": 40.087275}}
{"target": 0.31642286825816973, "params": {"a": 5.9393858323849305, "dB": 16.735051862445978, "s": 1.8322116496064507}, "datetime": {"datetime": "2022-03-24 20:28:33", "elapsed": 17972.698875, "delta": 39.095871}}
{"target": 0.44119492061365545, "params": {"a": 5.781087796893569, "dB": 15.0, "s": 2.1734970019263473}, "datetime": {"datetime": "2022-03-24 20:28:39", "elapsed": 17978.389082, "delta": 5.690207}}
{"target": 0.5098899255242053, "params": {"a": 5.846856535553631, "dB": 16.401507805937992, "s": 0.8153869254141402}, "datetime": {"datetime": "2022-03-24 20:29:19", "elapsed": 18018.416986, "delta": 40.027904}}
{"target": 0.8457725063129727, "params": {"a": 9.987668794827963, "dB": 16.527746365148385, "s": 0.39154498651798764}, "datetime": {"datetime": "2022-03-24 20:30:14", "elapsed": 18073.376346, "delta": 54.95936}}
{"target": 0.6633917105624153, "params": {"a": 7.209232420300358, "dB": 16.38168846533063, "s": 0.3881044167278923}, "datetime": {"datetime": "2022-03-24 20:30:53", "elapsed": 18112.195678, "delta": 38.819332}}
{"target": 0.23163729148343418, "params": {"a": 10.0, "dB": 15.0, "s": 2.5}, "datetime": {"datetime": "2022-03-24 20:31:47", "elapsed": 18166.593404, "delta": 54.397726}}
{"target": 0.04860885146449504, "params": {"a": 7.541561229037057, "dB": 15.0, "s": 0.1}, "datetime": {"datetime": "2022-03-24 20:31:53", "elapsed": 18172.153277, "delta": 5.559873}}
{"target": 0.9364954881211472, "params": {"a": 9.368765760986227, "dB": 16.32391625647654, "s": 0.33448976546579523}, "datetime": {"datetime": "2022-03-24 20:32:33", "elapsed": 18212.141317, "delta": 39.98804}}
{"target": 0.34498164512188706, "params": {"a": 7.655620104985745, "dB": 15.911690913102216, "s": 2.071574018302317}, "datetime": {"datetime": "2022-03-24 20:32:44", "elapsed": 18222.880036, "delta": 10.738719}}
{"target": 0.9302991174867629, "params": {"a": 9.469510141434512, "dB": 15.713744698021952, "s": 0.39609621602977807}, "datetime": {"datetime": "2022-03-24 20:33:17", "elapsed": 18256.716977, "delta": 33.836941}}
{"target": 0.4059969996773072, "params": {"a": 9.487827446609094, "dB": 17.0, "s": 1.4982372129460544}, "datetime": {"datetime": "2022-03-24 20:33:58", "elapsed": 18297.041521, "delta": 40.324544}}
{"target": 0.3165098387425978, "params": {"a": 7.772202746303973, "dB": 16.558760517735248, "s": 0.6164507637030625}, "datetime": {"datetime": "2022-03-24 20:34:37", "elapsed": 18336.504499, "delta": 39.462978}}
{"target": 0.619787455358791, "params": {"a": 8.759486550221531, "dB": 16.999690930552482, "s": 0.15342054202051553}, "datetime": {"datetime": "2022-03-24 20:35:17", "elapsed": 18376.425025, "delta": 39.920526}}
{"target": 0.45890021119812047, "params": {"a": 10.0, "dB": 16.036295555576146, "s": 1.3203363337266527}, "datetime": {"datetime": "2022-03-24 20:36:12", "elapsed": 18430.82924, "delta": 54.404215}}
{"target": 0.3390999291841744, "params": {"a": 7.742167267402434, "dB": 16.551397415065626, "s": 2.0331522810909726}, "datetime": {"datetime": "2022-03-24 20:36:51", "elapsed": 18469.910132, "delta": 39.080892}}
{"target": 0.39681444864479665, "params": {"a": 10.0, "dB": 15.0, "s": 0.9901359042067381}, "datetime": {"datetime": "2022-03-24 20:37:45", "elapsed": 18524.487894, "delta": 54.577762}}
{"target": 0.9132242895264718, "params": {"a": 9.692813583028215, "dB": 16.24215683056984, "s": 0.31220685299583756}, "datetime": {"datetime": "2022-03-24 20:38:25", "elapsed": 18564.047836, "delta": 39.559942}}
{"target": 0.4078567828203913, "params": {"a": 7.152459233646629, "dB": 15.33169140950581, "s": 2.491438456700329}, "datetime": {"datetime": "2022-03-24 20:38:33", "elapsed": 18572.658888, "delta": 8.611052}}
{"target": 0.38248044173536666, "params": {"a": 6.6966986453004065, "dB": 16.20589150339762, "s": 1.7570715914995287}, "datetime": {"datetime": "2022-03-24 20:38:56", "elapsed": 18595.746956, "delta": 23.088068}}
{"target": 0.71771153220984, "params": {"a": 7.911668465999886, "dB": 17.0, "s": 0.23572786554409286}, "datetime": {"datetime": "2022-03-24 20:39:36", "elapsed": 18635.611533, "delta": 39.864577}}
{"target": 0.9747689298374331, "params": {"a": 9.44716418276925, "dB": 16.255690117080853, "s": 0.31934057570579844}, "datetime": {"datetime": "2022-03-24 20:40:10", "elapsed": 18669.218607, "delta": 33.607074}}
{"target": 0.23132611875178916, "params": {"a": 8.705346171574588, "dB": 15.842882924676436, "s": 1.6603219304258618}, "datetime": {"datetime": "2022-03-24 20:40:26", "elapsed": 18685.167457, "delta": 15.94885}}
{"target": 0.3379623026942135, "params": {"a": 8.581177972905934, "dB": 15.893779671364634, "s": 0.5972235838102793}, "datetime": {"datetime": "2022-03-24 20:40:39", "elapsed": 18698.170231, "delta": 13.002774}}
{"target": 0.3731700270218447, "params": {"a": 6.433536350838035, "dB": 15.0, "s": 0.5159568009284102}, "datetime": {"datetime": "2022-03-24 20:40:46", "elapsed": 18704.895324, "delta": 6.725093}}
{"target": 0.536747495870658, "params": {"a": 5.9107177293496616, "dB": 15.348527661034963, "s": 0.10835679576098203}, "datetime": {"datetime": "2022-03-24 20:40:54", "elapsed": 18713.320652, "delta": 8.425328}}
{"target": 0.2805288716675282, "params": {"a": 8.70219783829686, "dB": 16.874661902224993, "s": 0.5806334253190834}, "datetime": {"datetime": "2022-03-24 20:41:33", "elapsed": 18752.598297, "delta": 39.277645}}
{"target": 0.3525477183715579, "params": {"a": 6.498737585492456, "dB": 16.99773617704459, "s": 0.7952267608755802}, "datetime": {"datetime": "2022-03-24 20:42:13", "elapsed": 18792.299261, "delta": 39.700964}}
{"target": 0.9681651539525806, "params": {"a": 9.732655974395662, "dB": 15.353492783034717, "s": 0.36762509390948994}, "datetime": {"datetime": "2022-03-24 20:42:53", "elapsed": 18832.071366, "delta": 39.772105}}
{"target": 0.3699836146917174, "params": {"a": 9.546159113205762, "dB": 15.431858898093475, "s": 0.9774222739804173}, "datetime": {"datetime": "2022-03-24 20:43:26", "elapsed": 18865.335265, "delta": 33.263899}}
{"target": 0.46514305400699973, "params": {"a": 9.389604188681231, "dB": 16.23195126571109, "s": 1.7487216968411108}, "datetime": {"datetime": "2022-03-24 20:43:54", "elapsed": 18893.426231, "delta": 28.090966}}
{"target": 0.5327738247057084, "params": {"a": 7.403499369844087, "dB": 15.68462893486449, "s": 0.9607449819743796}, "datetime": {"datetime": "2022-03-24 20:44:02", "elapsed": 18901.634523, "delta": 8.208292}}
{"target": 0.4698985152380583, "params": {"a": 9.531880173216146, "dB": 15.011423720932935, "s": 1.1467235080048626}, "datetime": {"datetime": "2022-03-24 20:44:37", "elapsed": 18935.811074, "delta": 34.176551}}
{"target": 0.8317134423072764, "params": {"a": 8.653722019038325, "dB": 16.537110867376523, "s": 0.2771432155540322}, "datetime": {"datetime": "2022-03-24 20:45:16", "elapsed": 18975.61309, "delta": 39.802016}}
{"target": 0.344138391266378, "params": {"a": 5.808922709844515, "dB": 15.000580370307482, "s": 1.4761828601711884}, "datetime": {"datetime": "2022-03-24 20:45:22", "elapsed": 18981.070465, "delta": 5.457375}}
{"target": 0.39440196109133746, "params": {"a": 6.703615460171086, "dB": 15.555821555780547, "s": 1.4886928707212734}, "datetime": {"datetime": "2022-03-24 20:45:30", "elapsed": 18989.140005, "delta": 8.06954}}
{"target": 0.3969961413990934, "params": {"a": 5.5, "dB": 15.44408101547212, "s": 1.7319305753300733}, "datetime": {"datetime": "2022-03-24 20:45:39", "elapsed": 18997.808191, "delta": 8.668186}}
{"target": 0.9706309642973255, "params": {"a": 9.752168121313865, "dB": 15.216294293222957, "s": 0.3729283386384614}, "datetime": {"datetime": "2022-03-24 20:46:18", "elapsed": 19036.851375, "delta": 39.043184}}
{"target": 0.6138690553324753, "params": {"a": 6.931534597327387, "dB": 17.0, "s": 0.1}, "datetime": {"datetime": "2022-03-24 20:46:58", "elapsed": 19076.778278, "delta": 39.926903}}
{"target": 0.40730554842187694, "params": {"a": 6.108750144676954, "dB": 15.775454298206352, "s": 1.7178086303005558}, "datetime": {"datetime": "2022-03-24 20:47:06", "elapsed": 19084.92854, "delta": 8.150262}}
{"target": 0.36943601578928453, "params": {"a": 8.247346456220896, "dB": 15.47812408019634, "s": 0.5692964498711095}, "datetime": {"datetime": "2022-03-24 20:47:16", "elapsed": 19095.397785, "delta": 10.469245}}
{"target": 0.2830279192251023, "params": {"a": 9.991654788681787, "dB": 16.032147473853403, "s": 1.9147748209861417}, "datetime": {"datetime": "2022-03-24 20:48:11", "elapsed": 19150.134771, "delta": 54.736986}}
{"target": 0.35937649286318735, "params": {"a": 5.960185102889561, "dB": 16.23142033976338, "s": 1.3712269121458145}, "datetime": {"datetime": "2022-03-24 20:48:34", "elapsed": 19173.664858, "delta": 23.530087}}
{"target": 0.363474639423897, "params": {"a": 5.685676702431009, "dB": 16.5881327921074, "s": 0.47099063365339333}, "datetime": {"datetime": "2022-03-24 20:49:13", "elapsed": 19212.30833, "delta": 38.643472}}
{"target": 0.39783339499596265, "params": {"a": 9.207546752020216, "dB": 16.53429735001693, "s": 2.2004177300026067}, "datetime": {"datetime": "2022-03-24 20:49:52", "elapsed": 19251.076845, "delta": 38.768515}}
{"target": 0.3786720240475468, "params": {"a": 5.5, "dB": 15.0, "s": 0.48925754911626973}, "datetime": {"datetime": "2022-03-24 20:49:58", "elapsed": 19256.880755, "delta": 5.80391}}
{"target": 0.25218205188626136, "params": {"a": 8.683055082916042, "dB": 15.0, "s": 2.5}, "datetime": {"datetime": "2022-03-24 20:50:14", "elapsed": 19273.48164, "delta": 16.600885}}
{"target": 0.9215779910240486, "params": {"a": 9.045454658167166, "dB": 16.328070029678262, "s": 0.32693982563436574}, "datetime": {"datetime": "2022-03-24 20:50:54", "elapsed": 19313.056914, "delta": 39.575274}}
{"target": 0.8856647758756917, "params": {"a": 8.335022498115745, "dB": 16.455962724066033, "s": 0.3533982478560952}, "datetime": {"datetime": "2022-03-24 20:51:34", "elapsed": 19352.87336, "delta": 39.816446}}
{"target": 0.8961816889914994, "params": {"a": 8.27753680003564, "dB": 16.309186846482955, "s": 0.33036587937006645}, "datetime": {"datetime": "2022-03-24 20:52:02", "elapsed": 19381.39019, "delta": 28.51683}}
{"target": 0.4514610880577918, "params": {"a": 8.180228461843429, "dB": 16.314095725894337, "s": 0.4465535791813666}, "datetime": {"datetime": "2022-03-24 20:52:31", "elapsed": 19410.520723, "delta": 29.130533}}
{"target": 0.8928634569380633, "params": {"a": 8.340914480471291, "dB": 16.26919110461462, "s": 0.2840317106988574}, "datetime": {"datetime": "2022-03-24 20:52:58", "elapsed": 19436.956647, "delta": 26.435924}}
{"target": 0.2968419145345302, "params": {"a": 7.561092879662059, "dB": 16.33343792966894, "s": 1.3456807242941786}, "datetime": {"datetime": "2022-03-24 20:53:39", "elapsed": 19477.879074, "delta": 40.922427}}
{"target": 0.8562278392404757, "params": {"a": 8.368280334909503, "dB": 16.363455284496226, "s": 0.3066634036167266}, "datetime": {"datetime": "2022-03-24 20:54:19", "elapsed": 19518.25935, "delta": 40.380276}}
{"target": 0.3860605515624595, "params": {"a": 6.25307048966552, "dB": 15.797225238281767, "s": 1.390404220273622}, "datetime": {"datetime": "2022-03-24 20:54:27", "elapsed": 19526.729462, "delta": 8.470112}}
{"target": 0.4796037919563882, "params": {"a": 8.324738324790847, "dB": 16.006401544555235, "s": 0.35067450475303064}, "datetime": {"datetime": "2022-03-24 20:54:39", "elapsed": 19538.064682, "delta": 11.33522}}
{"target": 0.9621445762593646, "params": {"a": 9.734906930822767, "dB": 15.917255621059455, "s": 0.3656080035993716}, "datetime": {"datetime": "2022-03-24 20:55:20", "elapsed": 19578.795993, "delta": 40.731311}}
{"target": 0.8588377122647494, "params": {"a": 8.250167834050407, "dB": 16.202999901688916, "s": 0.25880451682031524}, "datetime": {"datetime": "2022-03-24 20:55:43", "elapsed": 19602.718842, "delta": 23.922849}}
{"target": 0.9286171879134494, "params": {"a": 9.42488171386923, "dB": 16.36094974162554, "s": 0.32391509658414624}, "datetime": {"datetime": "2022-03-24 20:56:23", "elapsed": 19642.096441, "delta": 39.377599}}
{"target": 0.2705609244373391, "params": {"a": 8.781180852579986, "dB": 16.61143475024524, "s": 1.1368751558185917}, "datetime": {"datetime": "2022-03-24 20:57:03", "elapsed": 19681.764419, "delta": 39.667978}}
{"target": 0.6082023078427791, "params": {"a": 6.904659431524902, "dB": 16.044363566295292, "s": 0.1}, "datetime": {"datetime": "2022-03-24 20:57:14", "elapsed": 19693.197262, "delta": 11.432843}}
{"target": 0.37859347411635386, "params": {"a": 5.5, "dB": 16.130823681800514, "s": 0.38007329270325146}, "datetime": {"datetime": "2022-03-24 20:57:30", "elapsed": 19709.677862, "delta": 16.4806}}
{"target": 0.9383548514572537, "params": {"a": 9.868954554916973, "dB": 16.538268262571126, "s": 0.42346773351894806}, "datetime": {"datetime": "2022-03-24 20:58:19", "elapsed": 19758.256882, "delta": 48.57902}}
{"target": 0.5328169448056396, "params": {"a": 9.512010851112356, "dB": 16.069394748266706, "s": 1.134401704559469}, "datetime": {"datetime": "2022-03-24 20:58:52", "elapsed": 19791.65885, "delta": 33.401968}}
{"target": 0.9008958905059168, "params": {"a": 9.327637543753548, "dB": 16.487448393999532, "s": 0.30126674738411874}, "datetime": {"datetime": "2022-03-24 20:59:33", "elapsed": 19832.255115, "delta": 40.596265}}
{"target": 0.5476769368436667, "params": {"a": 6.334672896879185, "dB": 15.346459252554904, "s": 0.1}, "datetime": {"datetime": "2022-03-24 20:59:42", "elapsed": 19840.801667, "delta": 8.546552}}
{"target": 0.8477433514926532, "params": {"a": 9.883180009170504, "dB": 15.958274249953499, "s": 0.34805604039767024}, "datetime": {"datetime": "2022-03-24 21:00:29", "elapsed": 19888.375201, "delta": 47.573534}}
{"target": 0.9323163210305755, "params": {"a": 9.221354135753387, "dB": 16.440345927929354, "s": 0.38706576489578814}, "datetime": {"datetime": "2022-03-24 21:01:09", "elapsed": 19928.547627, "delta": 40.172426}}
{"target": 0.8646066110675648, "params": {"a": 9.228200550152273, "dB": 16.38552370657368, "s": 0.28330079315656115}, "datetime": {"datetime": "2022-03-24 21:01:50", "elapsed": 19968.770251, "delta": 40.222624}}
{"target": 0.8568484920464169, "params": {"a": 8.594396756212502, "dB": 17.0, "s": 0.30510083055088066}, "datetime": {"datetime": "2022-03-24 21:02:29", "elapsed": 20008.521644, "delta": 39.751393}}
