{"target": 0.7290148384154129, "params": {"a": 4.844059514394184, "dB": 9.824249955447167, "s": 0.5707206399291823}, "datetime": {"datetime": "2022-03-29 16:02:03", "elapsed": 15.203644, "delta": 0.444863}}
{"target": 0.6708459473137497, "params": {"a": 3.2105645300619865, "dB": 10.444125358062958, "s": 1.0790684383645772}, "datetime": {"datetime": "2022-03-29 16:02:03", "elapsed": 15.554031, "delta": 0.350387}}
{"target": 0.843242303685564, "params": {"a": 5.0, "dB": 9.969912994642852, "s": 0.9432710991584402}, "datetime": {"datetime": "2022-03-29 16:02:04", "elapsed": 16.262688, "delta": 0.708657}}
{"target": 0.9815267946843941, "params": {"a": 3.4218531293463452, "dB": 10.022313833277838, "s": 0.16564835971520603}, "datetime": {"datetime": "2022-03-29 16:02:05", "elapsed": 16.82099, "delta": 0.558302}}
{"target": 0.9382658935515363, "params": {"a": 3.869890341936805, "dB": 9.417688649463088, "s": 0.48320916713870476}, "datetime": {"datetime": "2022-03-29 16:02:05", "elapsed": 17.203373, "delta": 0.382383}}
{"target": 0.8089220669239353, "params": {"a": 1.9926463535107986, "dB": 7.987828449143972, "s": 0.4168323118512143}, "datetime": {"datetime": "2022-03-29 16:02:05", "elapsed": 17.530936, "delta": 0.327563}}
{"target": 0.9351457846072172, "params": {"a": 2.4590016368944827, "dB": 10.175219413389964, "s": 0.16687054566031503}, "datetime": {"datetime": "2022-03-29 16:02:06", "elapsed": 17.854349, "delta": 0.323413}}
{"target": 0.9361188849777027, "params": {"a": 2.949015878237529, "dB": 8.218637981344958, "s": 0.12603963158490497}, "datetime": {"datetime": "2022-03-29 16:02:06", "elapsed": 18.476861, "delta": 0.622512}}
{"target": 0.8318799448755179, "params": {"a": 3.5937070643816535, "dB": 7.894457200583251, "s": 0.2167775096844278}, "datetime": {"datetime": "2022-03-29 16:02:07", "elapsed": 18.832087, "delta": 0.355226}}
{"target": 0.7895564872308994, "params": {"a": 3.6476863125125925, "dB": 9.450871634744058, "s": 0.7536069203017798}, "datetime": {"datetime": "2022-03-29 16:02:07", "elapsed": 19.195026, "delta": 0.362939}}
{"target": 0.9807666451255526, "params": {"a": 2.9926837331407627, "dB": 10.266556156800311, "s": 0.35094113048840636}, "datetime": {"datetime": "2022-03-29 16:02:08", "elapsed": 19.846895, "delta": 0.651869}}
{"target": 0.9444464959226533, "params": {"a": 4.115346913339611, "dB": 8.660233537059764, "s": 0.5079909725675846}, "datetime": {"datetime": "2022-03-29 16:02:08", "elapsed": 20.486886, "delta": 0.639991}}
{"target": 0.994686338747652, "params": {"a": 3.396256296279216, "dB": 8.473119144601727, "s": 0.3374916640777242}, "datetime": {"datetime": "2022-03-29 16:02:09", "elapsed": 21.085302, "delta": 0.598416}}
{"target": 0.928503215316114, "params": {"a": 5.0, "dB": 8.284855284393744, "s": 0.8345263989974742}, "datetime": {"datetime": "2022-03-29 16:02:10", "elapsed": 21.776097, "delta": 0.690795}}
{"target": 0.9289803285791115, "params": {"a": 2.9687894399038974, "dB": 7.798087202884734, "s": 0.12967408152090912}, "datetime": {"datetime": "2022-03-29 16:02:10", "elapsed": 22.364634, "delta": 0.588537}}
{"target": 0.7137696675410702, "params": {"a": 2.3051464697962, "dB": 7.726753861369115, "s": 0.8038456474178886}, "datetime": {"datetime": "2022-03-29 16:02:11", "elapsed": 22.721999, "delta": 0.357365}}
{"target": 0.7306794491729268, "params": {"a": 3.534192160485068, "dB": 8.587758887749429, "s": 0.1}, "datetime": {"datetime": "2022-03-29 16:02:11", "elapsed": 23.280934, "delta": 0.558935}}
{"target": 0.9918584598322232, "params": {"a": 3.1944654963287147, "dB": 8.242318491057862, "s": 0.4230715104913205}, "datetime": {"datetime": "2022-03-29 16:02:12", "elapsed": 23.843489, "delta": 0.562555}}
{"target": 0.7241663063351529, "params": {"a": 4.437213917864759, "dB": 8.964786675468167, "s": 0.3960894173739812}, "datetime": {"datetime": "2022-03-29 16:02:12", "elapsed": 24.368089, "delta": 0.5246}}
{"target": 0.992287477245056, "params": {"a": 3.1260771004031582, "dB": 8.568960195904232, "s": 0.402199391012116}, "datetime": {"datetime": "2022-03-29 16:02:13", "elapsed": 24.935581, "delta": 0.567492}}
{"target": 0.9321600340226044, "params": {"a": 2.7859008647238572, "dB": 9.472009410734906, "s": 0.1}, "datetime": {"datetime": "2022-03-29 16:02:13", "elapsed": 25.51942, "delta": 0.583839}}
{"target": 0.7813224426015104, "params": {"a": 1.650471990498664, "dB": 8.952020342875159, "s": 0.10529157301106754}, "datetime": {"datetime": "2022-03-29 16:02:14", "elapsed": 25.893458, "delta": 0.374038}}
{"target": 0.9634840619768424, "params": {"a": 4.931656054910548, "dB": 10.605169631141685, "s": 0.7237308878449592}, "datetime": {"datetime": "2022-03-29 16:02:15", "elapsed": 26.689807, "delta": 0.796349}}
{"target": 0.9876714948685845, "params": {"a": 4.807330873577782, "dB": 11.0, "s": 0.7587021560822274}, "datetime": {"datetime": "2022-03-29 16:02:15", "elapsed": 27.407969, "delta": 0.718162}}
{"target": 0.6789474588716742, "params": {"a": 5.0, "dB": 11.0, "s": 1.0544977952000516}, "datetime": {"datetime": "2022-03-29 16:02:16", "elapsed": 28.253638, "delta": 0.845669}}
{"target": 0.7662651433392904, "params": {"a": 1.8612044380379222, "dB": 7.700021037667945, "s": 0.46964607821103177}, "datetime": {"datetime": "2022-03-29 16:02:16", "elapsed": 28.645536, "delta": 0.391898}}
{"target": 0.6259231082492506, "params": {"a": 4.9872535388459145, "dB": 10.882610794221698, "s": 0.5760420791114859}, "datetime": {"datetime": "2022-03-29 16:02:17", "elapsed": 29.564634, "delta": 0.919098}}
{"target": 0.9765649727173694, "params": {"a": 4.187771740860802, "dB": 9.493666806868248, "s": 0.5594168279075926}, "datetime": {"datetime": "2022-03-29 16:02:18", "elapsed": 29.945033, "delta": 0.380399}}
{"target": 0.9040617385200229, "params": {"a": 4.598511575183332, "dB": 10.980018915039778, "s": 0.7811720470597912}, "datetime": {"datetime": "2022-03-29 16:02:19", "elapsed": 30.701077, "delta": 0.756044}}
{"target": 0.858427616714031, "params": {"a": 4.7712976571772625, "dB": 10.44134800037629, "s": 0.6484489937223028}, "datetime": {"datetime": "2022-03-29 16:02:19", "elapsed": 31.116067, "delta": 0.41499}}
{"target": 0.9790418391011111, "params": {"a": 2.8795402427864394, "dB": 8.026784579701824, "s": 0.4097492054851689}, "datetime": {"datetime": "2022-03-29 16:02:19", "elapsed": 31.464787, "delta": 0.34872}}
{"target": 0.9973725265812735, "params": {"a": 3.3012640797318595, "dB": 9.300890989065765, "s": 0.29627545220099055}, "datetime": {"datetime": "2022-03-29 16:02:20", "elapsed": 31.767504, "delta": 0.302717}}
{"target": 0.9380779634524737, "params": {"a": 2.8149705435511065, "dB": 10.364616898973061, "s": 0.1}, "datetime": {"datetime": "2022-03-29 16:02:20", "elapsed": 32.040256, "delta": 0.272752}}
{"target": 0.8566619150325572, "params": {"a": 5.0, "dB": 10.458089253328614, "s": 0.9303404253204183}, "datetime": {"datetime": "2022-03-29 16:02:20", "elapsed": 32.393373, "delta": 0.353117}}
{"target": 0.7464895440718426, "params": {"a": 4.14145993044342, "dB": 8.327317852327383, "s": 0.9751905057809989}, "datetime": {"datetime": "2022-03-29 16:02:20", "elapsed": 32.589849, "delta": 0.196476}}
{"target": 0.9861786672300866, "params": {"a": 3.0113374802592117, "dB": 9.726270537069535, "s": 0.3589691045018755}, "datetime": {"datetime": "2022-03-29 16:02:21", "elapsed": 32.86814, "delta": 0.278291}}
{"target": 0.5838734756870548, "params": {"a": 4.3380440215040235, "dB": 10.11536123060529, "s": 0.9895289973463081}, "datetime": {"datetime": "2022-03-29 16:02:21", "elapsed": 33.060627, "delta": 0.192487}}
{"target": 0.9551709969582143, "params": {"a": 2.769588342604612, "dB": 10.011360476650946, "s": 0.3673141231938376}, "datetime": {"datetime": "2022-03-29 16:02:21", "elapsed": 33.345692, "delta": 0.285065}}
{"target": 0.9975412888398356, "params": {"a": 3.2868219575009205, "dB": 9.543405908683814, "s": 0.3689379229134758}, "datetime": {"datetime": "2022-03-29 16:02:21", "elapsed": 33.616437, "delta": 0.270745}}
{"target": 0.8674894424844811, "params": {"a": 4.126490443299035, "dB": 9.615166570165384, "s": 0.7408943197547752}, "datetime": {"datetime": "2022-03-29 16:02:22", "elapsed": 33.878163, "delta": 0.261726}}
{"target": 0.9943904814661143, "params": {"a": 3.0273766823030215, "dB": 9.326989104576787, "s": 0.2898948966408117}, "datetime": {"datetime": "2022-03-29 16:02:22", "elapsed": 34.139088, "delta": 0.260925}}
{"target": 0.9512645643261, "params": {"a": 2.656411821085956, "dB": 7.516670831072687, "s": 0.194621254563646}, "datetime": {"datetime": "2022-03-29 16:02:22", "elapsed": 34.391907, "delta": 0.252819}}
{"target": 0.9196352486001236, "params": {"a": 3.3775910293558162, "dB": 8.413166979119575, "s": 0.5604926698602616}, "datetime": {"datetime": "2022-03-29 16:02:22", "elapsed": 34.657404, "delta": 0.265497}}
{"target": 0.9238893987021096, "params": {"a": 2.637789313643197, "dB": 9.077594435032353, "s": 0.1}, "datetime": {"datetime": "2022-03-29 16:02:23", "elapsed": 34.926945, "delta": 0.269541}}
{"target": 0.8976244346278717, "params": {"a": 2.2959847314728274, "dB": 7.5, "s": 0.1}, "datetime": {"datetime": "2022-03-29 16:02:23", "elapsed": 35.203213, "delta": 0.276268}}
{"target": 0.6470783617114426, "params": {"a": 1.6477137064184215, "dB": 9.801741503521626, "s": 1.0911700446571593}, "datetime": {"datetime": "2022-03-29 16:02:23", "elapsed": 35.379499, "delta": 0.176286}}
{"target": 0.9081130132094228, "params": {"a": 2.3636818031197255, "dB": 8.371757532493026, "s": 0.1}, "datetime": {"datetime": "2022-03-29 16:02:23", "elapsed": 35.662738, "delta": 0.283239}}
{"target": 0.6508995911676844, "params": {"a": 1.8802383907501583, "dB": 10.35394428555992, "s": 1.0746295936787624}, "datetime": {"datetime": "2022-03-29 16:02:24", "elapsed": 35.840259, "delta": 0.177521}}
{"target": 0.8321055131131463, "params": {"a": 4.551114506397891, "dB": 8.125083101835466, "s": 0.5187862018952728}, "datetime": {"datetime": "2022-03-29 16:02:24", "elapsed": 36.057189, "delta": 0.21693}}
{"target": 0.9757599040773396, "params": {"a": 2.6924130952228973, "dB": 8.355656359647348, "s": 0.3469817406052108}, "datetime": {"datetime": "2022-03-29 16:02:24", "elapsed": 36.328423, "delta": 0.271234}}
{"target": 0.975236165969189, "params": {"a": 4.720204163070216, "dB": 9.96868390481982, "s": 0.7985474951414895}, "datetime": {"datetime": "2022-03-29 16:02:24", "elapsed": 36.664822, "delta": 0.336399}}
{"target": 0.9967850522907997, "params": {"a": 3.1890676931253883, "dB": 10.069855545483435, "s": 0.30370557420245015}, "datetime": {"datetime": "2022-03-29 16:02:25", "elapsed": 36.949023, "delta": 0.284201}}
{"target": 0.9912752356070405, "params": {"a": 2.943609921861544, "dB": 8.788972350655467, "s": 0.28403730382899806}, "datetime": {"datetime": "2022-03-29 16:02:25", "elapsed": 37.21438, "delta": 0.265357}}
{"target": 0.9030617272513235, "params": {"a": 3.33368448165426, "dB": 7.504959356034681, "s": 0.11997951675064192}, "datetime": {"datetime": "2022-03-29 16:02:25", "elapsed": 37.458845, "delta": 0.244465}}
{"target": 0.9544535200167429, "params": {"a": 4.718320892321058, "dB": 8.378769654673748, "s": 0.7402903363539678}, "datetime": {"datetime": "2022-03-29 16:02:26", "elapsed": 37.769109, "delta": 0.310264}}
{"target": 0.7776662884795781, "params": {"a": 1.8018684901911812, "dB": 9.41522059394537, "s": 0.24503149986524722}, "datetime": {"datetime": "2022-03-29 16:02:26", "elapsed": 37.950597, "delta": 0.181488}}
{"target": 0.5452284415840573, "params": {"a": 3.9540332325492584, "dB": 7.5, "s": 0.1}, "datetime": {"datetime": "2022-03-29 16:02:26", "elapsed": 38.216849, "delta": 0.266252}}
{"target": 0.9690531065675416, "params": {"a": 3.261518214497395, "dB": 8.067900773880462, "s": 0.21090042796401431}, "datetime": {"datetime": "2022-03-29 16:02:26", "elapsed": 38.53101, "delta": 0.314161}}
{"target": 0.970668646158891, "params": {"a": 3.000132247094259, "dB": 7.5, "s": 0.2502277679932876}, "datetime": {"datetime": "2022-03-29 16:02:27", "elapsed": 38.844927, "delta": 0.313917}}
{"target": 0.9255899046472259, "params": {"a": 2.599504826547456, "dB": 9.800769002779983, "s": 0.1}, "datetime": {"datetime": "2022-03-29 16:02:27", "elapsed": 39.115215, "delta": 0.270288}}
{"target": 0.9816070116083405, "params": {"a": 3.1820210291098805, "dB": 8.376620421945772, "s": 0.23595630021010364}, "datetime": {"datetime": "2022-03-29 16:02:27", "elapsed": 39.418274, "delta": 0.303059}}
{"target": 0.9567888845463685, "params": {"a": 3.630425322574466, "dB": 9.822693749225675, "s": 0.4125212866605191}, "datetime": {"datetime": "2022-03-29 16:02:28", "elapsed": 39.692539, "delta": 0.274265}}
{"target": 0.6974618153232137, "params": {"a": 1.5, "dB": 9.954595999466424, "s": 0.1}, "datetime": {"datetime": "2022-03-29 16:02:28", "elapsed": 39.963663, "delta": 0.271124}}
{"target": 0.9982372882428014, "params": {"a": 3.2086161376178173, "dB": 8.835986913295988, "s": 0.33345092767330764}, "datetime": {"datetime": "2022-03-29 16:02:28", "elapsed": 40.269767, "delta": 0.306104}}
{"target": 0.868952473487254, "params": {"a": 3.1041824736705026, "dB": 10.892485559081216, "s": 0.6690440656495994}, "datetime": {"datetime": "2022-03-29 16:02:28", "elapsed": 40.502671, "delta": 0.232904}}
{"target": 0.9077600158681723, "params": {"a": 2.3302948857803187, "dB": 9.382668086698175, "s": 0.1}, "datetime": {"datetime": "2022-03-29 16:02:29", "elapsed": 40.793508, "delta": 0.290837}}
{"target": 0.7882890119690376, "params": {"a": 1.9706366535610664, "dB": 10.785231573993945, "s": 0.10947123219350954}, "datetime": {"datetime": "2022-03-29 16:02:29", "elapsed": 41.006974, "delta": 0.213466}}
{"target": 0.9178097753654871, "params": {"a": 3.498031831925537, "dB": 10.11270389296005, "s": 0.34861431906192103}, "datetime": {"datetime": "2022-03-29 16:02:29", "elapsed": 41.337903, "delta": 0.330929}}
{"target": 0.7231073588938389, "params": {"a": 2.118708134023789, "dB": 8.232246781810662, "s": 0.6306004277440791}, "datetime": {"datetime": "2022-03-29 16:02:29", "elapsed": 41.527848, "delta": 0.189945}}
{"target": 0.9319824016743994, "params": {"a": 4.388945377611224, "dB": 7.91962160099217, "s": 0.6583088563370626}, "datetime": {"datetime": "2022-03-29 16:02:30", "elapsed": 41.76621, "delta": 0.238362}}
{"target": 0.9672719012102425, "params": {"a": 3.246376246149364, "dB": 9.830762273468654, "s": 0.13303425056562182}, "datetime": {"datetime": "2022-03-29 16:02:30", "elapsed": 42.069393, "delta": 0.303183}}
{"target": 0.9848175403385451, "params": {"a": 3.6007301480798963, "dB": 10.413134116669509, "s": 0.5308406994892079}, "datetime": {"datetime": "2022-03-29 16:02:30", "elapsed": 42.35733, "delta": 0.287937}}
{"target": 0.8770556465989994, "params": {"a": 3.25451398977044, "dB": 10.4686557774624, "s": 0.5356124382851537}, "datetime": {"datetime": "2022-03-29 16:02:30", "elapsed": 42.657529, "delta": 0.300199}}
{"target": 0.9632688287875234, "params": {"a": 4.408833911330023, "dB": 10.441155207688626, "s": 0.637488967560313}, "datetime": {"datetime": "2022-03-29 16:02:31", "elapsed": 42.890383, "delta": 0.232854}}
{"target": 0.9358929895757145, "params": {"a": 3.835570462979914, "dB": 10.263380577688018, "s": 0.6151627781974673}, "datetime": {"datetime": "2022-03-29 16:02:31", "elapsed": 43.19768, "delta": 0.307297}}
{"target": 0.8077226733436966, "params": {"a": 4.274177170625099, "dB": 7.993160944545959, "s": 0.8922616007393905}, "datetime": {"datetime": "2022-03-29 16:02:31", "elapsed": 43.421664, "delta": 0.223984}}
{"target": 0.9734850523505417, "params": {"a": 4.12077121152024, "dB": 9.249712915039092, "s": 0.6384970009619955}, "datetime": {"datetime": "2022-03-29 16:02:32", "elapsed": 43.74975, "delta": 0.328086}}
{"target": 0.9746675699596189, "params": {"a": 2.8650375628197438, "dB": 7.6235161636443305, "s": 0.2548503263479548}, "datetime": {"datetime": "2022-03-29 16:02:32", "elapsed": 43.967205, "delta": 0.217455}}
{"target": 0.7054351599504981, "params": {"a": 4.999978402889072, "dB": 8.529527515781924, "s": 0.601584577881959}, "datetime": {"datetime": "2022-03-29 16:02:32", "elapsed": 44.310514, "delta": 0.343309}}
{"target": 0.6639437874069233, "params": {"a": 4.850601724324306, "dB": 8.220500321210272, "s": 1.0673320254592609}, "datetime": {"datetime": "2022-03-29 16:02:32", "elapsed": 44.607685, "delta": 0.297171}}
{"target": 0.9925763943257635, "params": {"a": 3.4267219282306787, "dB": 9.721356445249558, "s": 0.24111602895761255}, "datetime": {"datetime": "2022-03-29 16:02:33", "elapsed": 44.858788, "delta": 0.251103}}
{"target": 0.9892979934459621, "params": {"a": 3.193120850201516, "dB": 7.824811968676592, "s": 0.32987580567672514}, "datetime": {"datetime": "2022-03-29 16:02:33", "elapsed": 45.150316, "delta": 0.291528}}
{"target": 0.9915125559760797, "params": {"a": 3.367133018834523, "dB": 8.040661881551081, "s": 0.44981737373556296}, "datetime": {"datetime": "2022-03-29 16:02:33", "elapsed": 45.403766, "delta": 0.25345}}
{"target": 0.8909754125977039, "params": {"a": 4.7878832056954135, "dB": 10.78188791985038, "s": 0.864061147248467}, "datetime": {"datetime": "2022-03-29 16:02:34", "elapsed": 45.750617, "delta": 0.346851}}
{"target": 0.9053439473782007, "params": {"a": 2.291605673812059, "dB": 8.85696373398694, "s": 0.1}, "datetime": {"datetime": "2022-03-29 16:02:34", "elapsed": 46.105345, "delta": 0.354728}}
{"target": 0.7722647623553579, "params": {"a": 1.5, "dB": 7.5, "s": 1.1}, "datetime": {"datetime": "2022-03-29 16:02:34", "elapsed": 46.366875, "delta": 0.26153}}
{"target": 0.9005489257998534, "params": {"a": 2.5917661087296455, "dB": 8.085689963234634, "s": 0.4767432714659192}, "datetime": {"datetime": "2022-03-29 16:02:34", "elapsed": 46.667034, "delta": 0.300159}}
{"target": 0.9477271469311117, "params": {"a": 3.1868523249422362, "dB": 10.209373113201634, "s": 0.1}, "datetime": {"datetime": "2022-03-29 16:02:35", "elapsed": 46.965571, "delta": 0.298537}}
{"target": 0.8740863920726604, "params": {"a": 3.056644364455971, "dB": 9.922144803536266, "s": 0.5275844400736792}, "datetime": {"datetime": "2022-03-29 16:02:35", "elapsed": 47.245821, "delta": 0.28025}}
{"target": 0.988834288739627, "params": {"a": 2.883369756870641, "dB": 8.449252880920437, "s": 0.2884281891183881}, "datetime": {"datetime": "2022-03-29 16:02:35", "elapsed": 47.533055, "delta": 0.287234}}
{"target": 0.863509830383882, "params": {"a": 3.865333546846767, "dB": 8.774217087542594, "s": 0.41228830392408505}, "datetime": {"datetime": "2022-03-29 16:02:36", "elapsed": 47.881489, "delta": 0.348434}}
{"target": 0.8482360859247918, "params": {"a": 4.08768263190616, "dB": 8.733849171181246, "s": 0.759343363935494}, "datetime": {"datetime": "2022-03-29 16:02:36", "elapsed": 48.247956, "delta": 0.366467}}
{"target": 0.9337872883785274, "params": {"a": 3.4483603516215227, "dB": 8.242795152794804, "s": 0.34927564173013503}, "datetime": {"datetime": "2022-03-29 16:02:36", "elapsed": 48.593159, "delta": 0.345203}}
{"target": 0.9636404212280515, "params": {"a": 2.532336490683526, "dB": 7.52976983270815, "s": 0.2557551443383056}, "datetime": {"datetime": "2022-03-29 16:02:37", "elapsed": 48.816921, "delta": 0.223762}}
{"target": 0.9817554590494243, "params": {"a": 3.1617680293688504, "dB": 8.02879677691442, "s": 0.4551711417496248}, "datetime": {"datetime": "2022-03-29 16:02:37", "elapsed": 49.117118, "delta": 0.300197}}
{"target": 0.9910349184308689, "params": {"a": 3.189589201873216, "dB": 8.244964855185726, "s": 0.4258688123894253}, "datetime": {"datetime": "2022-03-29 16:02:37", "elapsed": 49.338526, "delta": 0.221408}}
{"target": 0.9620293979857916, "params": {"a": 2.708917102578729, "dB": 10.278577688478189, "s": 0.31087532955244235}, "datetime": {"datetime": "2022-03-29 16:02:37", "elapsed": 49.620158, "delta": 0.281632}}
{"target": 0.9291127663330373, "params": {"a": 3.3601149233655296, "dB": 9.221517569263845, "s": 0.1}, "datetime": {"datetime": "2022-03-29 16:02:38", "elapsed": 49.89166, "delta": 0.271502}}
{"target": 0.9975989206776091, "params": {"a": 3.161180487487177, "dB": 9.09442152628685, "s": 0.3531151720531117}, "datetime": {"datetime": "2022-03-29 16:02:38", "elapsed": 50.235978, "delta": 0.344318}}
{"target": 0.8647398859615577, "params": {"a": 1.9284355114735483, "dB": 8.3671719884868, "s": 0.1}, "datetime": {"datetime": "2022-03-29 16:02:38", "elapsed": 50.52911, "delta": 0.293132}}
{"target": 0.958079996597581, "params": {"a": 2.716259024037276, "dB": 9.658405550151327, "s": 0.3574513938531485}, "datetime": {"datetime": "2022-03-29 16:02:39", "elapsed": 50.857178, "delta": 0.328068}}
{"target": 0.9909422937985071, "params": {"a": 3.4428094476790467, "dB": 9.70879477790516, "s": 0.4712086946878664}, "datetime": {"datetime": "2022-03-29 16:02:39", "elapsed": 51.178832, "delta": 0.321654}}
{"target": 0.9945879982896974, "params": {"a": 3.3825346903331206, "dB": 8.66667634446269, "s": 0.42988847024143356}, "datetime": {"datetime": "2022-03-29 16:02:39", "elapsed": 51.49598, "delta": 0.317148}}
{"target": 0.8803043586028395, "params": {"a": 4.246974349263982, "dB": 7.520712255381912, "s": 0.7255368319022037}, "datetime": {"datetime": "2022-03-29 16:02:40", "elapsed": 51.860833, "delta": 0.364853}}
{"target": 0.9059860251387074, "params": {"a": 2.1164608689240123, "dB": 8.18478449526956, "s": 0.23830540577786344}, "datetime": {"datetime": "2022-03-29 16:02:40", "elapsed": 52.09399, "delta": 0.233157}}
{"target": 0.682494193032389, "params": {"a": 4.664714583128423, "dB": 7.687966776263037, "s": 0.23388063966443431}, "datetime": {"datetime": "2022-03-29 16:02:40", "elapsed": 52.369235, "delta": 0.275245}}
{"target": 0.9872775822246136, "params": {"a": 2.866491324241016, "dB": 9.06371003596075, "s": 0.3277464432781505}, "datetime": {"datetime": "2022-03-29 16:02:41", "elapsed": 52.718752, "delta": 0.349517}}
