{"target": 0.8360004008768211, "params": {"a": 3.818146172485618, "dB": 10.747593540291575, "s": 0.2004779294950244}, "datetime": {"datetime": "2022-03-28 11:39:36", "elapsed": 89.161783, "delta": 0.321534}}
{"target": 0.49393846592140556, "params": {"a": 7.321782302164781, "dB": 12.492214247526142, "s": 0.6648647679150188}, "datetime": {"datetime": "2022-03-28 11:39:39", "elapsed": 92.069193, "delta": 2.90741}}
{"target": 0.5468918689625781, "params": {"a": 5.454930891499413, "dB": 13.023536021196822, "s": 1.2748821260374925}, "datetime": {"datetime": "2022-03-28 11:39:40", "elapsed": 92.898509, "delta": 0.829316}}
{"target": 0.6418144013592619, "params": {"a": 7.390203333781946, "dB": 12.586947524886376, "s": 0.9656114632823442}, "datetime": {"datetime": "2022-03-28 11:39:43", "elapsed": 95.972013, "delta": 3.073504}}
{"target": 0.6701722875253547, "params": {"a": 5.268121338350734, "dB": 11.636461362522434, "s": 0.44983469308156215}, "datetime": {"datetime": "2022-03-28 11:39:43", "elapsed": 96.581021, "delta": 0.609008}}
{"target": 0.5944263857819173, "params": {"a": 6.208446105070634, "dB": 12.143733128111219, "s": 0.5598510005664458}, "datetime": {"datetime": "2022-03-28 11:39:44", "elapsed": 97.455125, "delta": 0.874104}}
{"target": 0.8463693806273969, "params": {"a": 4.063024404012341, "dB": 10.918138670694834, "s": 0.4801987742214572}, "datetime": {"datetime": "2022-03-28 11:39:44", "elapsed": 97.696269, "delta": 0.241144}}
{"target": 0.3388537442783745, "params": {"a": 4.5960018707365515, "dB": 12.793045211477112, "s": 0.18024465479237806}, "datetime": {"datetime": "2022-03-28 11:39:45", "elapsed": 98.516755, "delta": 0.820486}}
{"target": 0.8966881563246104, "params": {"a": 5.412756517308887, "dB": 11.583893769392215, "s": 0.6916267675644973}, "datetime": {"datetime": "2022-03-28 11:39:46", "elapsed": 99.210666, "delta": 0.693911}}
{"target": 0.39978036845938486, "params": {"a": 5.892808073579033, "dB": 10.838106171928501, "s": 0.24013301162131334}, "datetime": {"datetime": "2022-03-28 11:39:46", "elapsed": 99.668923, "delta": 0.458257}}
{"target": 0.5714507375868604, "params": {"a": 5.954498642871535, "dB": 12.17217568692348, "s": 0.8843283043621357}, "datetime": {"datetime": "2022-03-28 11:39:47", "elapsed": 100.491529, "delta": 0.822606}}
{"target": 0.868351068381965, "params": {"a": 4.7164007742108485, "dB": 10.928052831947985, "s": 0.20459937935325714}, "datetime": {"datetime": "2022-03-28 11:39:47", "elapsed": 100.713824, "delta": 0.222295}}
{"target": 0.9151913788483396, "params": {"a": 3.9097829672642566, "dB": 10.77146776087707, "s": 0.39854488886774153}, "datetime": {"datetime": "2022-03-28 11:39:48", "elapsed": 101.129713, "delta": 0.415889}}
{"target": 0.9825237888495825, "params": {"a": 5.345885672633267, "dB": 11.770596788865035, "s": 0.6304427362156854}, "datetime": {"datetime": "2022-03-28 11:39:48", "elapsed": 101.704938, "delta": 0.575225}}
{"target": 0.9652576220317769, "params": {"a": 4.748095643659349, "dB": 10.88095193278342, "s": 0.4466604645053591}, "datetime": {"datetime": "2022-03-28 11:39:49", "elapsed": 102.030424, "delta": 0.325486}}
{"target": 0.8987062595754862, "params": {"a": 3.934403765071641, "dB": 10.98865175356529, "s": 0.29142252985042966}, "datetime": {"datetime": "2022-03-28 11:39:49", "elapsed": 102.377111, "delta": 0.346687}}
{"target": 0.6358524509181518, "params": {"a": 4.4201673940528, "dB": 10.694360452602098, "s": 0.9446147769014662}, "datetime": {"datetime": "2022-03-28 11:39:49", "elapsed": 102.615565, "delta": 0.238454}}
{"target": 0.8429023255851177, "params": {"a": 4.756512193651685, "dB": 10.706612546383038, "s": 0.3491543078460354}, "datetime": {"datetime": "2022-03-28 11:39:50", "elapsed": 103.018293, "delta": 0.402728}}
{"target": 0.9048945576597951, "params": {"a": 4.9422750914539035, "dB": 10.922254258371256, "s": 0.4055565071869692}, "datetime": {"datetime": "2022-03-28 11:39:50", "elapsed": 103.434052, "delta": 0.415759}}
{"target": 0.43065141587677697, "params": {"a": 6.856815906131153, "dB": 11.755531436115572, "s": 0.45530730084877746}, "datetime": {"datetime": "2022-03-28 11:39:52", "elapsed": 105.095804, "delta": 1.661752}}
{"target": 0.8909050066737717, "params": {"a": 4.212968751118667, "dB": 10.904811763806084, "s": 0.25887333664851336}, "datetime": {"datetime": "2022-03-28 11:39:52", "elapsed": 105.494761, "delta": 0.398957}}
{"target": 0.9566292201158357, "params": {"a": 4.479799847222958, "dB": 11.012154665012599, "s": 0.43166863732839417}, "datetime": {"datetime": "2022-03-28 11:39:53", "elapsed": 105.821885, "delta": 0.327124}}
{"target": 0.8896917053532537, "params": {"a": 4.940445779359959, "dB": 10.917681645293783, "s": 0.3946943271747059}, "datetime": {"datetime": "2022-03-28 11:39:53", "elapsed": 106.120603, "delta": 0.298718}}
{"target": 0.9315804552779666, "params": {"a": 4.760759353336121, "dB": 11.074993860488874, "s": 0.5202464240530549}, "datetime": {"datetime": "2022-03-28 11:39:53", "elapsed": 106.537448, "delta": 0.416845}}
{"target": 0.896484102142939, "params": {"a": 4.311106779360181, "dB": 11.227361444384105, "s": 0.3715312922936842}, "datetime": {"datetime": "2022-03-28 11:39:54", "elapsed": 106.983873, "delta": 0.446425}}
{"target": 0.7069110742042406, "params": {"a": 4.427605788612629, "dB": 11.561310109049261, "s": 0.37852353096520186}, "datetime": {"datetime": "2022-03-28 11:39:54", "elapsed": 107.613621, "delta": 0.629748}}
{"target": 0.7130696318122289, "params": {"a": 3.91280507204334, "dB": 10.671446603715381, "s": 0.5435752938532381}, "datetime": {"datetime": "2022-03-28 11:39:55", "elapsed": 107.845997, "delta": 0.232376}}
{"target": 0.670161028077417, "params": {"a": 4.889991495885591, "dB": 10.93648614691789, "s": 0.6592904185981864}, "datetime": {"datetime": "2022-03-28 11:39:55", "elapsed": 108.243106, "delta": 0.397109}}
{"target": 0.9589221377145647, "params": {"a": 4.595072529434384, "dB": 11.182933566685548, "s": 0.37762935124157426}, "datetime": {"datetime": "2022-03-28 11:39:55", "elapsed": 108.587592, "delta": 0.344486}}
{"target": 0.7021280326391499, "params": {"a": 4.554263530359757, "dB": 11.235308355167827, "s": 0.624582937820565}, "datetime": {"datetime": "2022-03-28 11:39:56", "elapsed": 108.987827, "delta": 0.400235}}
{"target": 0.8277230862583708, "params": {"a": 4.851972814875852, "dB": 11.189144623485896, "s": 0.3439312194863997}, "datetime": {"datetime": "2022-03-28 11:39:56", "elapsed": 109.417747, "delta": 0.42992}}
{"target": 0.8476059053587356, "params": {"a": 4.0778443175484265, "dB": 11.67589239460189, "s": 0.418350578566035}, "datetime": {"datetime": "2022-03-28 11:39:57", "elapsed": 109.969878, "delta": 0.552131}}
{"target": 0.9084611023581702, "params": {"a": 4.017972278854897, "dB": 11.303858387064597, "s": 0.3868591183079745}, "datetime": {"datetime": "2022-03-28 11:39:57", "elapsed": 110.360526, "delta": 0.390648}}
{"target": 0.7154009529690553, "params": {"a": 4.107002047545666, "dB": 11.209248076722021, "s": 0.16842626792201892}, "datetime": {"datetime": "2022-03-28 11:39:57", "elapsed": 110.751041, "delta": 0.390515}}
{"target": 0.39441214201207847, "params": {"a": 4.518908042779672, "dB": 13.036470311010302, "s": 0.2567881742678488}, "datetime": {"datetime": "2022-03-28 11:39:58", "elapsed": 111.59329, "delta": 0.842249}}
{"target": 0.4849359882097512, "params": {"a": 6.518811349078195, "dB": 11.209129587709185, "s": 1.1502286069371987}, "datetime": {"datetime": "2022-03-28 11:39:59", "elapsed": 112.62322, "delta": 1.02993}}
{"target": 0.9252188586692331, "params": {"a": 7.445040642554158, "dB": 12.31908205935917, "s": 0.8822656658433368}, "datetime": {"datetime": "2022-03-28 11:40:02", "elapsed": 115.636251, "delta": 3.013031}}
{"target": 0.46899127067001145, "params": {"a": 6.743478881718884, "dB": 12.741738197661677, "s": 1.1674347968155698}, "datetime": {"datetime": "2022-03-28 11:40:03", "elapsed": 116.775825, "delta": 1.139574}}
{"target": 0.6791599454438163, "params": {"a": 4.05961283876276, "dB": 11.340836752672697, "s": 0.6075163254532161}, "datetime": {"datetime": "2022-03-28 11:40:04", "elapsed": 117.255377, "delta": 0.479552}}
{"target": 0.8088158413801146, "params": {"a": 3.729409377858638, "dB": 11.27713688761459, "s": 0.26231312572762344}, "datetime": {"datetime": "2022-03-28 11:40:04", "elapsed": 117.688259, "delta": 0.432882}}
{"target": 0.7743550682541493, "params": {"a": 7.254541314867361, "dB": 12.39393720656182, "s": 0.8944949849136158}, "datetime": {"datetime": "2022-03-28 11:40:07", "elapsed": 119.914985, "delta": 2.226726}}
{"target": 0.8830251044024389, "params": {"a": 5.9016988786037565, "dB": 12.574469341834199, "s": 0.7666615899400462}, "datetime": {"datetime": "2022-03-28 11:40:08", "elapsed": 120.928564, "delta": 1.013579}}
{"target": 0.8562420845033846, "params": {"a": 4.4617226621186825, "dB": 13.438034273259994, "s": 0.5658207277805692}, "datetime": {"datetime": "2022-03-28 11:40:09", "elapsed": 121.950776, "delta": 1.022212}}
{"target": 0.8882122765063085, "params": {"a": 4.446379681854455, "dB": 11.093963734942932, "s": 0.24334762882757152}, "datetime": {"datetime": "2022-03-28 11:40:09", "elapsed": 122.288203, "delta": 0.337427}}
{"target": 0.7741848647948874, "params": {"a": 3.510357455446489, "dB": 10.944306629559986, "s": 0.11113111519342525}, "datetime": {"datetime": "2022-03-28 11:40:09", "elapsed": 122.655847, "delta": 0.367644}}
{"target": 0.9111003723459621, "params": {"a": 4.359666198270304, "dB": 10.673384361320272, "s": 0.28525099220881933}, "datetime": {"datetime": "2022-03-28 11:40:10", "elapsed": 122.993977, "delta": 0.33813}}
{"target": 0.5137352506698206, "params": {"a": 3.668815664478196, "dB": 12.472921288732822, "s": 1.2894040535885911}, "datetime": {"datetime": "2022-03-28 11:40:11", "elapsed": 123.834757, "delta": 0.84078}}
{"target": 0.6745175284690204, "params": {"a": 4.193094148167816, "dB": 12.00626483298087, "s": 0.35308711825324723}, "datetime": {"datetime": "2022-03-28 11:40:11", "elapsed": 124.764271, "delta": 0.929514}}
{"target": 0.5459313800769263, "params": {"a": 3.934558160857324, "dB": 12.946237959051361, "s": 1.2695555124145148}, "datetime": {"datetime": "2022-03-28 11:40:12", "elapsed": 125.626387, "delta": 0.862116}}
{"target": 0.5365355400510162, "params": {"a": 6.986988007311876, "dB": 11.035785515858972, "s": 0.6025434422743273}, "datetime": {"datetime": "2022-03-28 11:40:14", "elapsed": 127.254312, "delta": 1.627925}}
{"target": 0.6408020920568371, "params": {"a": 3.7876486179762408, "dB": 10.968321732354518, "s": 0.9129793862781292}, "datetime": {"datetime": "2022-03-28 11:40:14", "elapsed": 127.504678, "delta": 0.250366}}
{"target": 0.8065105072205296, "params": {"a": 5.263422716034879, "dB": 11.702065519050906, "s": 0.722260282019268}, "datetime": {"datetime": "2022-03-28 11:40:15", "elapsed": 128.14288, "delta": 0.638202}}
{"target": 0.9442075129609883, "params": {"a": 4.272144926577569, "dB": 10.798549757382617, "s": 0.42496072211354285}, "datetime": {"datetime": "2022-03-28 11:40:15", "elapsed": 128.529156, "delta": 0.386276}}
{"target": 0.6314474533196041, "params": {"a": 4.364033027732738, "dB": 11.740877432083366, "s": 0.7440910287633732}, "datetime": {"datetime": "2022-03-28 11:40:16", "elapsed": 129.08254, "delta": 0.553384}}
{"target": 0.9377624370350569, "params": {"a": 4.495344009740752, "dB": 10.843083942068487, "s": 0.3311806334595111}, "datetime": {"datetime": "2022-03-28 11:40:16", "elapsed": 129.440814, "delta": 0.358274}}
{"target": 0.6313659405617683, "params": {"a": 3.9025864938155594, "dB": 11.52561023437165, "s": 0.2145867593434713}, "datetime": {"datetime": "2022-03-28 11:40:17", "elapsed": 130.014943, "delta": 0.574129}}
{"target": 0.6626711500629223, "params": {"a": 3.844992560218493, "dB": 12.141617651953176, "s": 0.2740377998382967}, "datetime": {"datetime": "2022-03-28 11:40:18", "elapsed": 130.871889, "delta": 0.856946}}
{"target": 0.6334990283224814, "params": {"a": 6.554020286780126, "dB": 12.076481335397089, "s": 0.8857575790457783}, "datetime": {"datetime": "2022-03-28 11:40:19", "elapsed": 132.0907, "delta": 1.218811}}
{"target": 0.9243471286702614, "params": {"a": 4.259624302692044, "dB": 10.542976635010687, "s": 0.451314710884823}, "datetime": {"datetime": "2022-03-28 11:40:19", "elapsed": 132.448902, "delta": 0.358202}}
{"target": 0.9003516663107886, "params": {"a": 5.186624616232203, "dB": 11.053600045964888, "s": 0.46112971788582335}, "datetime": {"datetime": "2022-03-28 11:40:20", "elapsed": 132.878402, "delta": 0.4295}}
{"target": 0.9618181046432684, "params": {"a": 5.420290982633107, "dB": 11.23601339693175, "s": 0.565451412561898}, "datetime": {"datetime": "2022-03-28 11:40:20", "elapsed": 133.40038, "delta": 0.521978}}
{"target": 0.9673762379573598, "params": {"a": 5.615979035357494, "dB": 11.292678180711379, "s": 0.58941393058145}, "datetime": {"datetime": "2022-03-28 11:40:21", "elapsed": 133.936675, "delta": 0.536295}}
{"target": 0.6633585842454329, "params": {"a": 5.537276956106926, "dB": 11.167583804447586, "s": 0.7544574333718976}, "datetime": {"datetime": "2022-03-28 11:40:21", "elapsed": 134.460935, "delta": 0.52426}}
{"target": 0.49197258606957617, "params": {"a": 5.541326119858859, "dB": 11.324506976295979, "s": 0.3434894343526219}, "datetime": {"datetime": "2022-03-28 11:40:22", "elapsed": 135.029121, "delta": 0.568186}}
{"target": 0.9697370776716675, "params": {"a": 5.537399778640296, "dB": 11.442490299600479, "s": 0.60313444697489}, "datetime": {"datetime": "2022-03-28 11:40:22", "elapsed": 135.592358, "delta": 0.563237}}
{"target": 0.7228222052055503, "params": {"a": 5.333351398480574, "dB": 13.407844764926757, "s": 0.7828528787795193}, "datetime": {"datetime": "2022-03-28 11:40:23", "elapsed": 136.488011, "delta": 0.895653}}
{"target": 0.922491510713002, "params": {"a": 5.719557738472163, "dB": 11.42136638288336, "s": 0.6885511235172991}, "datetime": {"datetime": "2022-03-28 11:40:24", "elapsed": 137.12881, "delta": 0.640799}}
{"target": 0.3785015805177838, "params": {"a": 4.0378704612126475, "dB": 13.315912777709094, "s": 0.11136547863221145}, "datetime": {"datetime": "2022-03-28 11:40:25", "elapsed": 138.019127, "delta": 0.890317}}
{"target": 0.9501504933364692, "params": {"a": 5.1770492456058435, "dB": 11.245970512019486, "s": 0.5588563068356381}, "datetime": {"datetime": "2022-03-28 11:40:25", "elapsed": 138.531881, "delta": 0.512754}}
{"target": 0.5663625761148452, "params": {"a": 4.2070950103129015, "dB": 11.127640098694853, "s": 0.7367205132928949}, "datetime": {"datetime": "2022-03-28 11:40:26", "elapsed": 138.819746, "delta": 0.287865}}
{"target": 0.9665531740319552, "params": {"a": 6.801651860127112, "dB": 10.859675657993288, "s": 0.7699706276044751}, "datetime": {"datetime": "2022-03-28 11:40:27", "elapsed": 140.465992, "delta": 1.646246}}
{"target": 0.9003620302816957, "params": {"a": 6.634950059799301, "dB": 10.701473469880424, "s": 0.8021996207885366}, "datetime": {"datetime": "2022-03-28 11:40:29", "elapsed": 141.838628, "delta": 1.372636}}
{"target": 0.5978288259927076, "params": {"a": 6.785352721013851, "dB": 10.837517402846833, "s": 0.9788005817822374}, "datetime": {"datetime": "2022-03-28 11:40:30", "elapsed": 143.628871, "delta": 1.790243}}
{"target": 0.754908666012746, "params": {"a": 6.631664168247482, "dB": 10.885115350444776, "s": 0.6392799232486129}, "datetime": {"datetime": "2022-03-28 11:40:32", "elapsed": 145.013362, "delta": 1.384491}}
{"target": 0.9548896891669073, "params": {"a": 6.824381612948597, "dB": 13.02099017801882, "s": 0.7449867610723756}, "datetime": {"datetime": "2022-03-28 11:40:33", "elapsed": 146.765603, "delta": 1.752241}}
{"target": 0.9093878323544465, "params": {"a": 6.809571882149282, "dB": 10.682469958471389, "s": 0.7264143749424335}, "datetime": {"datetime": "2022-03-28 11:40:35", "elapsed": 148.587544, "delta": 1.821941}}
{"target": 0.5164723042193707, "params": {"a": 6.670488195000113, "dB": 10.922709381039393, "s": 1.0507139208872687}, "datetime": {"datetime": "2022-03-28 11:40:36", "elapsed": 149.676051, "delta": 1.088507}}
{"target": 0.7119378281331992, "params": {"a": 6.579546624314503, "dB": 10.500378083228572, "s": 0.6223068160190168}, "datetime": {"datetime": "2022-03-28 11:40:38", "elapsed": 150.832028, "delta": 1.155977}}
{"target": 0.7519121941496144, "params": {"a": 5.06004292893685, "dB": 10.605870997409426, "s": 0.2858203916175458}, "datetime": {"datetime": "2022-03-28 11:40:38", "elapsed": 151.220907, "delta": 0.388879}}
{"target": 0.7914721309357241, "params": {"a": 3.601676620999265, "dB": 10.60833918564687, "s": 0.13578991825096992}, "datetime": {"datetime": "2022-03-28 11:40:38", "elapsed": 151.503033, "delta": 0.282126}}
{"target": 0.9738264550041247, "params": {"a": 6.64793112672989, "dB": 12.977882157910019, "s": 0.730071712414416}, "datetime": {"datetime": "2022-03-28 11:40:39", "elapsed": 152.723371, "delta": 1.220338}}
{"target": 0.7268801341227125, "params": {"a": 3.733365500400224, "dB": 12.686396085983935, "s": 0.3066072548368358}, "datetime": {"datetime": "2022-03-28 11:40:40", "elapsed": 153.661629, "delta": 0.938258}}
{"target": 0.8467269662801131, "params": {"a": 6.807168404979292, "dB": 12.887316598723888, "s": 0.7069394209694788}, "datetime": {"datetime": "2022-03-28 11:40:42", "elapsed": 155.569419, "delta": 1.90779}}
{"target": 0.8610515698983309, "params": {"a": 6.6685071564745595, "dB": 13.109649700844212, "s": 0.8100775894109736}, "datetime": {"datetime": "2022-03-28 11:40:44", "elapsed": 156.82008, "delta": 1.250661}}
{"target": 0.8948947117678938, "params": {"a": 5.341502247653256, "dB": 11.348229817286208, "s": 0.5977103247904123}, "datetime": {"datetime": "2022-03-28 11:40:44", "elapsed": 157.375593, "delta": 0.555513}}
{"target": 0.5576025278152021, "params": {"a": 7.5, "dB": 11.154254436304244, "s": 1.0749539548007616}, "datetime": {"datetime": "2022-03-28 11:40:48", "elapsed": 161.091073, "delta": 3.71548}}
{"target": 0.813785534540365, "params": {"a": 4.586639864647329, "dB": 10.522152752152858, "s": 0.1468492977625559}, "datetime": {"datetime": "2022-03-28 11:40:48", "elapsed": 161.501536, "delta": 0.410463}}
{"target": 0.43659502370308195, "params": {"a": 6.056420246612639, "dB": 10.797420115934825, "s": 0.27219958390820814}, "datetime": {"datetime": "2022-03-28 11:40:49", "elapsed": 162.178129, "delta": 0.676593}}
{"target": 0.9441549840521101, "params": {"a": 5.476292075161018, "dB": 11.695331635956208, "s": 0.5703514414374107}, "datetime": {"datetime": "2022-03-28 11:40:50", "elapsed": 162.884814, "delta": 0.706685}}
{"target": 0.7709045195514638, "params": {"a": 4.239997182565922, "dB": 10.5, "s": 0.1}, "datetime": {"datetime": "2022-03-28 11:40:50", "elapsed": 163.285714, "delta": 0.4009}}
{"target": 0.7554080526582606, "params": {"a": 3.510176934716407, "dB": 13.046913986075221, "s": 0.3152712147850429}, "datetime": {"datetime": "2022-03-28 11:40:51", "elapsed": 164.280712, "delta": 0.994998}}
{"target": 0.5843551146538304, "params": {"a": 7.485388863401079, "dB": 11.551238363081275, "s": 0.6917523913211308}, "datetime": {"datetime": "2022-03-28 11:40:54", "elapsed": 167.182029, "delta": 2.901317}}
{"target": 0.4308266852982212, "params": {"a": 7.5, "dB": 13.5, "s": 1.3}, "datetime": {"datetime": "2022-03-28 11:40:58", "elapsed": 170.936168, "delta": 3.754139}}
{"target": 0.8275507760662951, "params": {"a": 4.136265005343919, "dB": 12.681350754442372, "s": 0.4704942309671377}, "datetime": {"datetime": "2022-03-28 11:40:59", "elapsed": 171.880601, "delta": 0.944433}}
{"target": 0.9132609643838931, "params": {"a": 4.679813132209745, "dB": 10.525516999464129, "s": 0.28690617320596673}, "datetime": {"datetime": "2022-03-28 11:40:59", "elapsed": 172.192067, "delta": 0.311466}}
{"target": 0.9546968885621439, "params": {"a": 4.502689935326335, "dB": 10.512416880548018, "s": 0.37758267308434645}, "datetime": {"datetime": "2022-03-28 11:40:59", "elapsed": 172.581981, "delta": 0.389914}}
{"target": 0.8482518580955373, "params": {"a": 5.192735044957553, "dB": 11.056946830776958, "s": 0.4390233132649608}, "datetime": {"datetime": "2022-03-28 11:41:00", "elapsed": 173.04772, "delta": 0.465739}}
{"target": 0.8211479514230612, "params": {"a": 5.255724058064623, "dB": 11.072496800773541, "s": 0.6322241399777994}, "datetime": {"datetime": "2022-03-28 11:41:00", "elapsed": 173.476581, "delta": 0.428861}}
{"target": 0.9792944109268497, "params": {"a": 5.0559895366427225, "dB": 11.146575343692367, "s": 0.4880426541750267}, "datetime": {"datetime": "2022-03-28 11:41:01", "elapsed": 173.922382, "delta": 0.445801}}
{"target": 0.6351853751035609, "params": {"a": 5.027524945554934, "dB": 10.506299889447643, "s": 1.280124712495781}, "datetime": {"datetime": "2022-03-28 11:41:01", "elapsed": 174.350011, "delta": 0.427629}}
{"target": 0.6118832129127577, "params": {"a": 4.775294292461769, "dB": 10.518401574662786, "s": 0.721187911469376}, "datetime": {"datetime": "2022-03-28 11:41:01", "elapsed": 174.748873, "delta": 0.398862}}
{"target": 0.5671835801401179, "params": {"a": 3.5076911821087027, "dB": 13.372898556254729, "s": 0.1483045963294179}, "datetime": {"datetime": "2022-03-28 11:41:02", "elapsed": 175.740005, "delta": 0.991132}}
{"target": 0.9636650905500979, "params": {"a": 7.477883016305754, "dB": 12.44838421753888, "s": 0.8596682063276304}, "datetime": {"datetime": "2022-03-28 11:41:06", "elapsed": 178.846143, "delta": 3.106138}}
{"target": 0.5413656603467601, "params": {"a": 3.5, "dB": 12.386833309108304, "s": 0.1}, "datetime": {"datetime": "2022-03-28 11:41:06", "elapsed": 179.809218, "delta": 0.963075}}
{"target": 0.7818902703913648, "params": {"a": 3.5, "dB": 11.516832704188372, "s": 0.45911058812317124}, "datetime": {"datetime": "2022-03-28 11:41:07", "elapsed": 180.37549, "delta": 0.566272}}
