{"target": 0.6221801450457353, "params": {"a": 7.376599021161583, "dB": 16.440648986884316, "s": 0.10027449956162773}, "datetime": {"datetime": "2022-03-24 15:29:01", "elapsed": 0.0, "delta": 0.0}}
{"target": 0.5130692564298899, "params": {"a": 6.860496576843278, "dB": 15.293511781634226, "s": 0.3216126274451147}, "datetime": {"datetime": "2022-03-24 15:29:10", "elapsed": 9.055416, "delta": 9.055416}}
{"target": 0.34328288681814173, "params": {"a": 6.338170951199519, "dB": 15.691121454086096, "s": 1.052241938153608}, "datetime": {"datetime": "2022-03-24 15:29:19", "elapsed": 18.106175, "delta": 9.050759}}
{"target": 0.3970624487044546, "params": {"a": 7.924675303015106, "dB": 15.83838902880659, "s": 1.7445268009522228}, "datetime": {"datetime": "2022-03-24 15:29:28", "elapsed": 27.177926, "delta": 9.071751}}
{"target": 0.6314705512650082, "params": {"a": 6.420035123791829, "dB": 16.756234872781892, "s": 0.1657302236750228}, "datetime": {"datetime": "2022-03-24 15:30:20", "elapsed": 79.651944, "delta": 52.474018}}
{"target": 0.38344042989955, "params": {"a": 8.51710379580281, "dB": 15.834609604734254, "s": 1.440855588269804}, "datetime": {"datetime": "2022-03-24 15:30:36", "elapsed": 95.377348, "delta": 15.725404}}
{"target": 0.31869166819754674, "params": {"a": 6.131741223678552, "dB": 15.396202978169757, "s": 2.021786964821288}, "datetime": {"datetime": "2022-03-24 15:30:45", "elapsed": 104.424867, "delta": 9.047519}}
{"target": 0.23118539157831855, "params": {"a": 9.857177090737288, "dB": 15.626848356318487, "s": 1.7615742776063539}, "datetime": {"datetime": "2022-03-24 15:31:48", "elapsed": 167.138062, "delta": 62.713195}}
{"target": 0.9004186490245388, "params": {"a": 9.443751185332172, "dB": 16.789213327007694, "s": 0.304106107287467}, "datetime": {"datetime": "2022-03-24 15:32:40", "elapsed": 219.223499, "delta": 52.085437}}
{"target": 0.4532431914647607, "params": {"a": 5.675746524547971, "dB": 15.339660839129138, "s": 2.2075420082305914}, "datetime": {"datetime": "2022-03-24 15:32:49", "elapsed": 228.217715, "delta": 8.994216}}
{"target": 0.39309908210780226, "params": {"a": 5.942560752248726, "dB": 15.842215250010105, "s": 2.3989348723612047}, "datetime": {"datetime": "2022-03-24 15:32:58", "elapsed": 237.043993, "delta": 8.826278}}
{"target": 0.330719939347552, "params": {"a": 7.899243782378576, "dB": 16.383754227900948, "s": 0.857237514414551}, "datetime": {"datetime": "2022-03-24 15:33:51", "elapsed": 289.837217, "delta": 52.793224}}
{"target": 0.5710401194318175, "params": {"a": 8.589254174567127, "dB": 16.669251343794745, "s": 0.14389186562606032}, "datetime": {"datetime": "2022-03-24 15:34:43", "elapsed": 342.404204, "delta": 52.566987}}
{"target": 0.3616700497121622, "params": {"a": 8.875649417252355, "dB": 16.97772217781299, "s": 1.8955975705116146}, "datetime": {"datetime": "2022-03-24 15:35:36", "elapsed": 395.350127, "delta": 52.945923}}
{"target": 0.6330831539590682, "params": {"a": 6.761997964289823, "dB": 16.578558656902977, "s": 0.34774241578634085}, "datetime": {"datetime": "2022-03-24 15:36:29", "elapsed": 448.314943, "delta": 52.964816}}
{"target": 0.30936931546809654, "params": {"a": 7.515520867791573, "dB": 16.817191006186192, "s": 0.8046739560968308}, "datetime": {"datetime": "2022-03-24 15:37:22", "elapsed": 501.174093, "delta": 52.85915}}
{"target": 0.56189256648569, "params": {"a": 6.7949890236385695, "dB": 15.260057144236555, "s": 0.14648069888871298}, "datetime": {"datetime": "2022-03-24 15:37:31", "elapsed": 510.113756, "delta": 8.939663}}
{"target": 0.35032905020003396, "params": {"a": 8.55475989822951, "dB": 15.423256232000117, "s": 0.7373119824933428}, "datetime": {"datetime": "2022-03-24 15:37:47", "elapsed": 525.924727, "delta": 15.810971}}
{"target": 0.40044607123812787, "params": {"a": 7.712079216761522, "dB": 15.10672509023416, "s": 1.4778822531808313}, "datetime": {"datetime": "2022-03-24 15:37:56", "elapsed": 535.025333, "delta": 9.100606}}
{"target": 0.34449982411855096, "params": {"a": 6.160278587076146, "dB": 16.178611073806568, "s": 1.779420064050235}, "datetime": {"datetime": "2022-03-24 15:38:20", "elapsed": 559.497158, "delta": 24.471825}}
{"target": 0.4025881341561291, "params": {"a": 5.960504929725216, "dB": 15.828111975639137, "s": 1.7665603785465882}, "datetime": {"datetime": "2022-03-24 15:38:29", "elapsed": 568.644503, "delta": 9.147345}}
{"target": 0.42989328921718784, "params": {"a": 7.363806712871062, "dB": 15.099906917892174, "s": 1.3861513741972278}, "datetime": {"datetime": "2022-03-24 15:38:38", "elapsed": 577.717135, "delta": 9.072632}}
{"target": 0.4803055697828453, "params": {"a": 8.48707590348905, "dB": 16.02977822411662, "s": 2.367027414377952}, "datetime": {"datetime": "2022-03-24 15:38:55", "elapsed": 593.805579, "delta": 16.088444}}
{"target": 0.6500558707109363, "params": {"a": 8.139497682258968, "dB": 16.806803830575767, "s": 0.4299392899509701}, "datetime": {"datetime": "2022-03-24 15:39:48", "elapsed": 647.103554, "delta": 53.297975}}
{"target": 0.3588299708269014, "params": {"a": 6.1267435626284135, "dB": 16.61478257741905, "s": 1.0544244087652805}, "datetime": {"datetime": "2022-03-24 15:40:41", "elapsed": 700.01609, "delta": 52.912536}}
{"target": 0.53192558006648, "params": {"a": 6.244093887026198, "dB": 16.855017160792066, "s": 0.9346380633892157}, "datetime": {"datetime": "2022-03-24 15:41:34", "elapsed": 752.956971, "delta": 52.940881}}
{"target": 0.3988132794275532, "params": {"a": 8.8786544641127, "dB": 16.451995970700903, "s": 2.2199346188939435}, "datetime": {"datetime": "2022-03-24 15:42:27", "elapsed": 806.048931, "delta": 53.09196}}
{"target": 0.31017675423018204, "params": {"a": 8.30652493175024, "dB": 16.501884868054674, "s": 0.937356020746822}, "datetime": {"datetime": "2022-03-24 15:43:20", "elapsed": 859.039654, "delta": 52.990723}}
{"target": 0.3302939872790699, "params": {"a": 6.714675512942618, "dB": 16.791772436392133, "s": 1.1274188556911078}, "datetime": {"datetime": "2022-03-24 15:44:13", "elapsed": 912.036922, "delta": 52.997268}}
{"target": 0.2962257715457256, "params": {"a": 9.841780212167734, "dB": 16.326882995636897, "s": 1.5920697285018923}, "datetime": {"datetime": "2022-03-24 15:45:16", "elapsed": 975.659073, "delta": 63.622151}}
{"target": 0.34927187799010967, "params": {"a": 6.016356878290188, "dB": 16.898978517414143, "s": 1.1797891203518573}, "datetime": {"datetime": "2022-03-24 15:46:09", "elapsed": 1028.394721, "delta": 52.735648}}
{"target": 0.37222690796901386, "params": {"a": 8.102753264742093, "dB": 15.816273605522563, "s": 0.6688647525832665}, "datetime": {"datetime": "2022-03-24 15:46:18", "elapsed": 1037.552382, "delta": 9.157661}}
{"target": 0.2408096483672214, "params": {"a": 9.565207842530143, "dB": 16.147358973344573, "s": 0.10688878487478154}, "datetime": {"datetime": "2022-03-24 15:47:02", "elapsed": 1081.582569, "delta": 44.030187}}
{"target": 0.4448438650602555, "params": {"a": 8.277152111293258, "dB": 15.653289803544192, "s": 1.3649394454182624}, "datetime": {"datetime": "2022-03-24 15:47:15", "elapsed": 1093.988169, "delta": 12.4056}}
{"target": 0.3232411147494535, "params": {"a": 9.486739446898486, "dB": 15.714539520005, "s": 2.280484362207518}, "datetime": {"datetime": "2022-03-24 15:47:59", "elapsed": 1138.244394, "delta": 44.256225}}
{"target": 0.15808155031878432, "params": {"a": 8.305120521063113, "dB": 15.031642485693112, "s": 2.330649360985027}, "datetime": {"datetime": "2022-03-24 15:48:11", "elapsed": 1150.465956, "delta": 12.221562}}
{"target": 0.45465625154377476, "params": {"a": 8.609036128826158, "dB": 16.99464570090296, "s": 0.5136172200287885}, "datetime": {"datetime": "2022-03-24 15:49:04", "elapsed": 1203.48833, "delta": 53.022374}}
{"target": 0.298539965949652, "params": {"a": 6.11711087332995, "dB": 16.865190926074327, "s": 1.7723635875757604}, "datetime": {"datetime": "2022-03-24 15:49:56", "elapsed": 1255.586582, "delta": 52.098252}}
{"target": 0.36446057317263497, "params": {"a": 5.7970007772492815, "dB": 16.510926105204934, "s": 1.9093028523069913}, "datetime": {"datetime": "2022-03-24 15:50:49", "elapsed": 1308.517362, "delta": 52.93078}}
{"target": 0.9376858997173517, "params": {"a": 9.653610409959175, "dB": 16.423049517256942, "s": 0.3982503087331952}, "datetime": {"datetime": "2022-03-24 15:51:42", "elapsed": 1361.594776, "delta": 53.077414}}
{"target": 0.4759860133553327, "params": {"a": 5.58946060227908, "dB": 15.052421973755438, "s": 0.16793557124990705}, "datetime": {"datetime": "2022-03-24 15:51:47", "elapsed": 1366.442509, "delta": 4.847733}}
{"target": 0.43385489620432904, "params": {"a": 6.607949804213707, "dB": 16.720055897365775, "s": 1.3931945544199669}, "datetime": {"datetime": "2022-03-24 15:52:40", "elapsed": 1419.34393, "delta": 52.901421}}
{"target": 0.784649906029252, "params": {"a": 7.9876989040859465, "dB": 16.684061784719212, "s": 0.39801595628778674}, "datetime": {"datetime": "2022-03-24 15:53:33", "elapsed": 1472.163969, "delta": 52.820039}}
{"target": 0.44441588955177475, "params": {"a": 6.756326555550128, "dB": 16.171518542916576, "s": 2.427029795967219}, "datetime": {"datetime": "2022-03-24 15:53:57", "elapsed": 1496.377267, "delta": 24.213298}}
{"target": 0.28409170748060375, "params": {"a": 8.024635986650695, "dB": 15.037294578745886, "s": 2.021518414433479}, "datetime": {"datetime": "2022-03-24 15:54:06", "elapsed": 1505.383576, "delta": 9.006309}}
{"target": 0.47627115614964133, "params": {"a": 6.548384232284592, "dB": 16.61421039123756, "s": 1.0308655457540121}, "datetime": {"datetime": "2022-03-24 15:54:59", "elapsed": 1557.997802, "delta": 52.614226}}
{"target": 0.46226052857201727, "params": {"a": 9.38593834551743, "dB": 16.49424328547437, "s": 1.4349765615770054}, "datetime": {"datetime": "2022-03-24 15:55:52", "elapsed": 1611.57051, "delta": 53.572708}}
{"target": 0.39705537837384813, "params": {"a": 6.114048515473082, "dB": 15.119835379024423, "s": 0.3912242937777697}, "datetime": {"datetime": "2022-03-24 15:56:01", "elapsed": 1620.588593, "delta": 9.018083}}
{"target": 0.4249653990251505, "params": {"a": 5.700483453451428, "dB": 15.214988258212186, "s": 0.6417024126588512}, "datetime": {"datetime": "2022-03-24 15:56:10", "elapsed": 1629.678414, "delta": 9.089821}}
{"target": 0.06458647650935961, "params": {"a": 8.708450411722044, "dB": 16.119433964108286, "s": 0.13013435238187804}, "datetime": {"datetime": "2022-03-24 15:56:31", "elapsed": 1649.951726, "delta": 20.273312}}
{"target": 0.32492884631271657, "params": {"a": 5.823884258602691, "dB": 16.934552660000545, "s": 1.4634411086078611}, "datetime": {"datetime": "2022-03-24 15:57:24", "elapsed": 1702.869854, "delta": 52.918128}}
{"target": 0.3889846081119693, "params": {"a": 6.414819555974457, "dB": 15.504651489140647, "s": 1.8851820497802232}, "datetime": {"datetime": "2022-03-24 15:57:33", "elapsed": 1711.820214, "delta": 8.95036}}
{"target": 0.4365534741102315, "params": {"a": 6.379432664991935, "dB": 16.162717854546514, "s": 2.4280479738119496}, "datetime": {"datetime": "2022-03-24 15:57:57", "elapsed": 1735.844195, "delta": 24.023981}}
{"target": 0.2013891845565931, "params": {"a": 9.31072960670516, "dB": 15.479695518295172, "s": 1.2850473142449519}, "datetime": {"datetime": "2022-03-24 15:58:33", "elapsed": 1772.425309, "delta": 36.581114}}
{"target": 0.4861791800739756, "params": {"a": 8.289800732716209, "dB": 16.657961799100356, "s": 0.4762993471506023}, "datetime": {"datetime": "2022-03-24 15:59:26", "elapsed": 1825.680219, "delta": 53.25491}}
{"target": 0.42932060033586217, "params": {"a": 5.583592909798343, "dB": 15.140044287438444, "s": 1.2672282662488763}, "datetime": {"datetime": "2022-03-24 15:59:35", "elapsed": 1834.652681, "delta": 8.972462}}
{"target": 0.24263275524942965, "params": {"a": 8.228482577439987, "dB": 16.137702874172962, "s": 0.8616697823731858}, "datetime": {"datetime": "2022-03-24 15:59:55", "elapsed": 1854.717793, "delta": 20.065112}}
{"target": 0.49188191990243485, "params": {"a": 9.94877269485602, "dB": 16.159490438491595, "s": 1.012338814296521}, "datetime": {"datetime": "2022-03-24 16:00:59", "elapsed": 1917.788203, "delta": 63.07041}}
{"target": 0.4062139401949786, "params": {"a": 7.979266986030536, "dB": 16.490668861813003, "s": 1.706158944287643}, "datetime": {"datetime": "2022-03-24 16:01:52", "elapsed": 1970.851904, "delta": 53.063701}}
{"target": 0.44387762109469514, "params": {"a": 6.692138009482642, "dB": 15.132669668856883, "s": 0.988202074993855}, "datetime": {"datetime": "2022-03-24 16:02:01", "elapsed": 1979.829966, "delta": 8.978062}}
{"target": 0.1365118777039163, "params": {"a": 8.33372878159704, "dB": 15.42034801982968, "s": 1.9066133289731533}, "datetime": {"datetime": "2022-03-24 16:02:13", "elapsed": 1992.189348, "delta": 12.359382}}
{"target": 0.36392270097294244, "params": {"a": 5.799414166093517, "dB": 15.520630197157082, "s": 2.0314109529840287}, "datetime": {"datetime": "2022-03-24 16:02:22", "elapsed": 2001.060715, "delta": 8.871367}}
{"target": 0.4279737030380583, "params": {"a": 6.370454271804975, "dB": 16.27892176175988, "s": 1.359208741896961}, "datetime": {"datetime": "2022-03-24 16:02:51", "elapsed": 2030.63332, "delta": 29.572605}}
{"target": 0.6976964083801778, "params": {"a": 9.661635866797077, "dB": 15.526593540974222, "s": 0.2583066176416571}, "datetime": {"datetime": "2022-03-24 16:03:44", "elapsed": 2083.363612, "delta": 52.730292}}
{"target": 0.35700392283728677, "params": {"a": 8.807796834799014, "dB": 16.544356059086493, "s": 2.2787580460084578}, "datetime": {"datetime": "2022-03-24 16:04:37", "elapsed": 2136.32971, "delta": 52.966098}}
{"target": 0.363121803905598, "params": {"a": 9.693874311385768, "dB": 15.027903145951194, "s": 0.6624690066914092}, "datetime": {"datetime": "2022-03-24 16:05:30", "elapsed": 2188.987351, "delta": 52.657641}}
{"target": 0.22935487411803904, "params": {"a": 8.275502606507459, "dB": 16.898032641375234, "s": 2.380422686192991}, "datetime": {"datetime": "2022-03-24 16:06:23", "elapsed": 2241.914637, "delta": 52.927286}}
{"target": 0.2836855438953794, "params": {"a": 8.004939346878203, "dB": 16.83121269953255, "s": 1.6397589014712102}, "datetime": {"datetime": "2022-03-24 16:07:16", "elapsed": 2294.903852, "delta": 52.989215}}
{"target": 0.2230190699705271, "params": {"a": 7.255034713635608, "dB": 15.971981334193819, "s": 1.5503451590079358}, "datetime": {"datetime": "2022-03-24 16:07:28", "elapsed": 2307.331215, "delta": 12.427363}}
{"target": 0.2788219111562547, "params": {"a": 7.9729656467885315, "dB": 16.852362853412906, "s": 2.304960245520655}, "datetime": {"datetime": "2022-03-24 16:08:21", "elapsed": 2360.365601, "delta": 53.034386}}
{"target": 0.37037969767662293, "params": {"a": 7.276940258155997, "dB": 16.926525056881424, "s": 0.5174936000331145}, "datetime": {"datetime": "2022-03-24 16:09:14", "elapsed": 2413.188123, "delta": 52.822522}}
{"target": 0.4354222517651589, "params": {"a": 6.068482837478368, "dB": 15.270158316093463, "s": 1.3135891976245522}, "datetime": {"datetime": "2022-03-24 16:09:23", "elapsed": 2422.04617, "delta": 8.858047}}
{"target": 0.27511924948376604, "params": {"a": 5.596861623733891, "dB": 16.895940422435363, "s": 2.0850771308097578}, "datetime": {"datetime": "2022-03-24 16:10:16", "elapsed": 2474.954163, "delta": 52.907993}}
{"target": 0.45429018429978013, "params": {"a": 5.56758541333955, "dB": 15.35239251115011, "s": 0.8969525784804087}, "datetime": {"datetime": "2022-03-24 16:10:25", "elapsed": 2483.856937, "delta": 8.902774}}
{"target": 0.51815902998398, "params": {"a": 6.089485801649126, "dB": 16.618981384253164, "s": 0.9273679664399043}, "datetime": {"datetime": "2022-03-24 16:11:18", "elapsed": 2537.011722, "delta": 53.154785}}
{"target": 0.4030645441696507, "params": {"a": 9.730483670500153, "dB": 16.16402835989416, "s": 2.2091967625884257}, "datetime": {"datetime": "2022-03-24 16:12:11", "elapsed": 2590.243899, "delta": 53.232177}}
{"target": 0.419956868624903, "params": {"a": 9.301305004264998, "dB": 16.8107846374173, "s": 1.2037126379603367}, "datetime": {"datetime": "2022-03-24 16:13:04", "elapsed": 2643.690397, "delta": 53.446498}}
{"target": 0.35366799458665926, "params": {"a": 7.9585606720916795, "dB": 16.59720718230408, "s": 0.7857252441619541}, "datetime": {"datetime": "2022-03-24 16:13:57", "elapsed": 2696.692083, "delta": 53.001686}}
{"target": 0.5021348454304119, "params": {"a": 7.706140851789675, "dB": 16.198220615291756, "s": 0.13727986132200573}, "datetime": {"datetime": "2022-03-24 16:14:27", "elapsed": 2726.559017, "delta": 29.866934}}
{"target": 0.25426930782057416, "params": {"a": 8.170666336884867, "dB": 15.867352697978916, "s": 2.0376652693236195}, "datetime": {"datetime": "2022-03-24 16:14:36", "elapsed": 2735.741721, "delta": 9.182704}}
{"target": 0.369323732823819, "params": {"a": 6.918601613929178, "dB": 16.7857774170503, "s": 1.4868573166828851}, "datetime": {"datetime": "2022-03-24 16:15:29", "elapsed": 2788.627073, "delta": 52.885352}}
{"target": 0.35878895214422646, "params": {"a": 6.328045907323593, "dB": 16.57585846765101, "s": 1.5688748249078415}, "datetime": {"datetime": "2022-03-24 16:16:22", "elapsed": 2841.555569, "delta": 52.928496}}
{"target": 0.39899113242670475, "params": {"a": 5.742591724331889, "dB": 15.840387360002264, "s": 1.7297652077570311}, "datetime": {"datetime": "2022-03-24 16:16:31", "elapsed": 2850.607388, "delta": 9.051819}}
{"target": 0.2885322769276628, "params": {"a": 9.633708000898867, "dB": 15.000804049782715, "s": 2.444221957674543}, "datetime": {"datetime": "2022-03-24 16:17:24", "elapsed": 2903.136132, "delta": 52.528744}}
{"target": 0.3155304546858311, "params": {"a": 7.194611416355985, "dB": 16.947567076716645, "s": 1.5513186423377274}, "datetime": {"datetime": "2022-03-24 16:18:17", "elapsed": 2956.403289, "delta": 53.267157}}
{"target": 0.29530396493645833, "params": {"a": 9.229806135913119, "dB": 16.149423009416203, "s": 1.607382875937641}, "datetime": {"datetime": "2022-03-24 16:18:54", "elapsed": 2992.969492, "delta": 36.566203}}
{"target": 0.39304865680635204, "params": {"a": 6.785093267630623, "dB": 16.173666681312167, "s": 1.9000522328863838}, "datetime": {"datetime": "2022-03-24 16:19:18", "elapsed": 3017.485587, "delta": 24.516095}}
{"target": 0.4160309672157535, "params": {"a": 9.36241226393069, "dB": 16.51016437693536, "s": 1.7753373962735273}, "datetime": {"datetime": "2022-03-24 16:20:11", "elapsed": 3070.54919, "delta": 53.063603}}
{"target": 0.4219794433958259, "params": {"a": 9.3901574352457, "dB": 15.645361993673493, "s": 1.7098930978902094}, "datetime": {"datetime": "2022-03-24 16:20:48", "elapsed": 3106.865734, "delta": 36.316544}}
{"target": 0.3198643380727799, "params": {"a": 7.528932713860071, "dB": 15.764205504063035, "s": 1.0859472398132455}, "datetime": {"datetime": "2022-03-24 16:20:57", "elapsed": 3115.922473, "delta": 9.056739}}
{"target": 0.22742990883069747, "params": {"a": 7.306658125612932, "dB": 15.634767891916553, "s": 1.5926064830087234}, "datetime": {"datetime": "2022-03-24 16:21:06", "elapsed": 3125.002291, "delta": 9.079818}}
{"target": 0.40483334711206137, "params": {"a": 7.436112718695689, "dB": 16.947604155854506, "s": 1.7267221394423466}, "datetime": {"datetime": "2022-03-24 16:21:59", "elapsed": 3178.125796, "delta": 53.123505}}
{"target": 0.5273517765712562, "params": {"a": 6.393564497921999, "dB": 15.853402018696066, "s": 0.9240309754586152}, "datetime": {"datetime": "2022-03-24 16:22:08", "elapsed": 3187.125396, "delta": 8.9996}}
{"target": 0.3692889785284893, "params": {"a": 9.089374617813549, "dB": 16.759996577126863, "s": 2.269220693983293}, "datetime": {"datetime": "2022-03-24 16:23:01", "elapsed": 3240.300697, "delta": 53.175301}}
{"target": 0.42255253254727, "params": {"a": 8.48223915568868, "dB": 15.540416524059516, "s": 0.7056800836110153}, "datetime": {"datetime": "2022-03-24 16:23:17", "elapsed": 3256.225681, "delta": 15.924984}}
{"target": 0.4119254183615322, "params": {"a": 9.347040742138311, "dB": 16.055429292617493, "s": 2.0251866016110354}, "datetime": {"datetime": "2022-03-24 16:23:53", "elapsed": 3292.662423, "delta": 36.436742}}
{"target": 0.21901986895879924, "params": {"a": 8.076198327362228, "dB": 16.46628505057502, "s": 1.345627905913734}, "datetime": {"datetime": "2022-03-24 16:24:47", "elapsed": 3345.829644, "delta": 53.167221}}
{"target": 0.23528978411913276, "params": {"a": 8.968977597258496, "dB": 16.137715981409432, "s": 1.217703708620754}, "datetime": {"datetime": "2022-03-24 16:25:11", "elapsed": 3370.306891, "delta": 24.477247}}
{"target": 0.4171520119734525, "params": {"a": 7.042100085789768, "dB": 15.136418696833408, "s": 1.0070180303874396}, "datetime": {"datetime": "2022-03-24 16:25:20", "elapsed": 3379.422244, "delta": 9.115353}}
{"target": 0.35376196851482267, "params": {"a": 5.858317349642135, "dB": 16.96563422746089, "s": 0.535870843193833}, "datetime": {"datetime": "2022-03-24 16:26:13", "elapsed": 3432.309464, "delta": 52.88722}}
{"target": 0.512342521722623, "params": {"a": 9.624183904182214, "dB": 16.63301398422882, "s": 0.4576306197794545}, "datetime": {"datetime": "2022-03-24 16:27:07", "elapsed": 3485.856122, "delta": 53.546658}}
{"target": 0.41101558650088255, "params": {"a": 7.895340641428378, "dB": 16.574768017605837, "s": 0.519759459473795}, "datetime": {"datetime": "2022-03-24 16:28:00", "elapsed": 3539.469133, "delta": 53.613011}}
{"target": 0.9437984621868462, "params": {"a": 9.586394230402393, "dB": 16.43020598593206, "s": 0.343949845482802}, "datetime": {"datetime": "2022-03-24 16:28:54", "elapsed": 3593.518414, "delta": 54.049281}}
{"target": 0.4170881614362763, "params": {"a": 6.523816906021013, "dB": 15.311179994776435, "s": 2.3735282825852013}, "datetime": {"datetime": "2022-03-24 16:29:04", "elapsed": 3602.843365, "delta": 9.324951}}
