{"target": 0.9698383535668911, "params": {"a": 9.007630033981968, "dB": 16.29431070096232, "s": 0.3222473492459305}, "datetime": {"datetime": "2022-03-24 17:48:26", "elapsed": 8364.979618, "delta": 29.485501}}
{"target": 0.6204046949459933, "params": {"a": 7.092589235314548, "dB": 16.178008121707016, "s": 0.11795319911113009}, "datetime": {"datetime": "2022-03-24 17:48:46", "elapsed": 8385.072612, "delta": 20.092994}}
{"target": 0.3322305242081223, "params": {"a": 6.292592545759444, "dB": 15.39130542586832, "s": 0.43193297386687224}, "datetime": {"datetime": "2022-03-24 17:48:54", "elapsed": 8392.994863, "delta": 7.922251}}
{"target": 0.8335449595605243, "params": {"a": 9.568918749736543, "dB": 15.107409586436022, "s": 0.4213135351946423}, "datetime": {"datetime": "2022-03-24 17:49:28", "elapsed": 8427.319123, "delta": 34.32426}}
{"target": 0.4062695876256123, "params": {"a": 9.346646957490194, "dB": 15.143303714202377, "s": 0.4988081515833873}, "datetime": {"datetime": "2022-03-24 17:49:57", "elapsed": 8456.229752, "delta": 28.910629}}
{"target": 0.37974737878858505, "params": {"a": 9.557452902616562, "dB": 15.079225471293498, "s": 0.23869368248863906}, "datetime": {"datetime": "2022-03-24 17:50:31", "elapsed": 8490.489408, "delta": 34.259656}}
{"target": 0.9092509566969706, "params": {"a": 8.915590021369427, "dB": 16.597734566867583, "s": 0.38985833576703244}, "datetime": {"datetime": "2022-03-24 17:51:13", "elapsed": 8532.078642, "delta": 41.589234}}
{"target": 0.6339984878246363, "params": {"a": 9.864348951629855, "dB": 15.544163491255382, "s": 0.45471691784363233}, "datetime": {"datetime": "2022-03-24 17:52:00", "elapsed": 8578.98362, "delta": 46.904978}}
{"target": 0.3214658273861611, "params": {"a": 8.051411648808925, "dB": 15.60146808830417, "s": 1.160540424031352}, "datetime": {"datetime": "2022-03-24 17:52:07", "elapsed": 8586.625542, "delta": 7.641922}}
{"target": 0.904029826389378, "params": {"a": 8.83461265604234, "dB": 16.71941617655845, "s": 0.32858006174904375}, "datetime": {"datetime": "2022-03-24 17:52:47", "elapsed": 8625.926714, "delta": 39.301172}}
{"target": 0.7178646704794115, "params": {"a": 8.770477949090644, "dB": 16.765589504142742, "s": 0.43118820610327835}, "datetime": {"datetime": "2022-03-24 17:53:25", "elapsed": 8664.510046, "delta": 38.583332}}
{"target": 0.6758030585097166, "params": {"a": 7.205025764291824, "dB": 16.373503477667363, "s": 0.38284553208625816}, "datetime": {"datetime": "2022-03-24 17:54:04", "elapsed": 8703.193485, "delta": 38.683439}}
{"target": 0.624106541568608, "params": {"a": 6.4250863925340855, "dB": 16.43800393007048, "s": 0.1}, "datetime": {"datetime": "2022-03-24 17:54:43", "elapsed": 8741.897841, "delta": 38.704356}}
{"target": 0.9236222268988821, "params": {"a": 8.954807754637564, "dB": 16.74855727617856, "s": 0.3662202185850904}, "datetime": {"datetime": "2022-03-24 17:55:22", "elapsed": 8780.877545, "delta": 38.979704}}
{"target": 0.27334968151421984, "params": {"a": 7.17711851694234, "dB": 16.059186114673174, "s": 0.4968282702939948}, "datetime": {"datetime": "2022-03-24 17:55:32", "elapsed": 8790.774399, "delta": 9.896854}}
{"target": 0.4321297655917557, "params": {"a": 5.682144754554656, "dB": 16.065484216881103, "s": 1.15364054426748}, "datetime": {"datetime": "2022-03-24 17:55:41", "elapsed": 8800.469687, "delta": 9.695288}}
{"target": 0.5785210879295078, "params": {"a": 8.578740886680144, "dB": 16.65619948522722, "s": 0.1467950735875771}, "datetime": {"datetime": "2022-03-24 17:56:20", "elapsed": 8839.270326, "delta": 38.800639}}
{"target": 0.5212858254313125, "params": {"a": 6.519609844822698, "dB": 16.288841705746595, "s": 0.37974356765272665}, "datetime": {"datetime": "2022-03-24 17:56:47", "elapsed": 8866.736704, "delta": 27.466378}}
{"target": 0.755034647924566, "params": {"a": 7.381406646578602, "dB": 16.579479979635572, "s": 0.3548056137147194}, "datetime": {"datetime": "2022-03-24 17:57:26", "elapsed": 8905.306375, "delta": 38.569671}}
{"target": 0.6967076649903201, "params": {"a": 7.195753194214742, "dB": 16.642713962334746, "s": 0.2425282232383007}, "datetime": {"datetime": "2022-03-24 17:58:05", "elapsed": 8944.085225, "delta": 38.77885}}
{"target": 0.36104949787107915, "params": {"a": 7.071349096193931, "dB": 16.54978551907101, "s": 0.5234786015388808}, "datetime": {"datetime": "2022-03-24 17:58:43", "elapsed": 8982.519625, "delta": 38.4344}}
{"target": 0.7881691939254419, "params": {"a": 7.513889672594383, "dB": 16.43413052931079, "s": 0.3325753198509379}, "datetime": {"datetime": "2022-03-24 17:59:22", "elapsed": 9020.931604, "delta": 38.411979}}
{"target": 0.7522046176653303, "params": {"a": 7.33073570052967, "dB": 16.468162758547624, "s": 0.3507130767265746}, "datetime": {"datetime": "2022-03-24 18:00:00", "elapsed": 9059.483828, "delta": 38.552224}}
{"target": 0.6195658229618576, "params": {"a": 6.883415594779283, "dB": 16.75845830679603, "s": 0.1}, "datetime": {"datetime": "2022-03-24 18:00:39", "elapsed": 9097.833445, "delta": 38.349617}}
{"target": 0.6183174810983653, "params": {"a": 6.1145933445183624, "dB": 16.55525601256842, "s": 0.19678650392423797}, "datetime": {"datetime": "2022-03-24 18:01:17", "elapsed": 9136.182717, "delta": 38.349272}}
{"target": 0.5555514610613833, "params": {"a": 7.569837998840256, "dB": 16.661304337569636, "s": 0.43750296389554344}, "datetime": {"datetime": "2022-03-24 18:01:56", "elapsed": 9174.916563, "delta": 38.733846}}
{"target": 0.4435368343852592, "params": {"a": 7.342713844202008, "dB": 16.69484323590539, "s": 1.3823629219109868}, "datetime": {"datetime": "2022-03-24 18:02:34", "elapsed": 9213.545724, "delta": 38.629161}}
{"target": 0.956842937543949, "params": {"a": 9.622412765366402, "dB": 15.558034894553977, "s": 0.3932583972148147}, "datetime": {"datetime": "2022-03-24 18:03:13", "elapsed": 9252.128405, "delta": 38.582681}}
{"target": 0.963654681744388, "params": {"a": 9.642558849104779, "dB": 15.667810110350723, "s": 0.3658256349901887}, "datetime": {"datetime": "2022-03-24 18:03:51", "elapsed": 9290.390918, "delta": 38.262513}}
{"target": 0.4418618735133605, "params": {"a": 7.259913829401376, "dB": 15.0, "s": 2.5}, "datetime": {"datetime": "2022-03-24 18:03:56", "elapsed": 9295.187816, "delta": 4.796898}}
{"target": 0.936212878356995, "params": {"a": 9.57739779617782, "dB": 16.42315342188324, "s": 0.33389354999000875}, "datetime": {"datetime": "2022-03-24 18:04:35", "elapsed": 9334.049752, "delta": 38.861936}}
{"target": 0.3188151414403295, "params": {"a": 9.95050716813163, "dB": 16.989182860773514, "s": 2.426183700726573}, "datetime": {"datetime": "2022-03-24 18:05:21", "elapsed": 9380.588485, "delta": 46.538733}}
{"target": 0.5964879847499491, "params": {"a": 5.742600225625583, "dB": 16.6266321155606, "s": 0.1}, "datetime": {"datetime": "2022-03-24 18:06:00", "elapsed": 9418.972836, "delta": 38.384351}}
{"target": 0.5727076770854187, "params": {"a": 6.683216519453425, "dB": 15.971225508845642, "s": 0.12089570571355993}, "datetime": {"datetime": "2022-03-24 18:06:10", "elapsed": 9428.842822, "delta": 9.869986}}
{"target": 0.8615599995606534, "params": {"a": 8.260447793859237, "dB": 17.0, "s": 0.34034267608519225}, "datetime": {"datetime": "2022-03-24 18:06:48", "elapsed": 9467.713361, "delta": 38.870539}}
{"target": 0.35069377579726746, "params": {"a": 8.28899306897138, "dB": 16.952807874786274, "s": 0.1192159502115569}, "datetime": {"datetime": "2022-03-24 18:07:27", "elapsed": 9506.444912, "delta": 38.731551}}
{"target": 0.29610558510455326, "params": {"a": 8.132384328439864, "dB": 16.997523998097197, "s": 0.5585601400639334}, "datetime": {"datetime": "2022-03-24 18:08:06", "elapsed": 9544.825322, "delta": 38.38041}}
{"target": 0.6143029801107711, "params": {"a": 7.177457339562378, "dB": 16.95287251595288, "s": 0.1}, "datetime": {"datetime": "2022-03-24 18:08:44", "elapsed": 9583.356941, "delta": 38.531619}}
{"target": 0.34590728159980766, "params": {"a": 9.726313804131086, "dB": 15.353101955096662, "s": 0.6696724830720786}, "datetime": {"datetime": "2022-03-24 18:09:22", "elapsed": 9621.734585, "delta": 38.377644}}
{"target": 0.30926640929739335, "params": {"a": 7.562503033981129, "dB": 16.642066197428658, "s": 0.8169192784810758}, "datetime": {"datetime": "2022-03-24 18:10:01", "elapsed": 9660.496983, "delta": 38.762398}}
{"target": 0.3349570683715204, "params": {"a": 6.852281502810579, "dB": 16.9978453696597, "s": 2.4544615347363132}, "datetime": {"datetime": "2022-03-24 18:10:40", "elapsed": 9698.97427, "delta": 38.477287}}
{"target": 0.18656573585728392, "params": {"a": 7.845528152427973, "dB": 15.339752614875694, "s": 0.1}, "datetime": {"datetime": "2022-03-24 18:10:47", "elapsed": 9706.659326, "delta": 7.685056}}
{"target": 0.6125720639442148, "params": {"a": 6.6185787753081495, "dB": 17.0, "s": 0.1}, "datetime": {"datetime": "2022-03-24 18:11:26", "elapsed": 9745.126879, "delta": 38.467553}}
{"target": 0.3942600971825288, "params": {"a": 7.420381609255839, "dB": 15.774974388897594, "s": 2.5}, "datetime": {"datetime": "2022-03-24 18:11:34", "elapsed": 9752.853673, "delta": 7.726794}}
{"target": 0.33164296769467816, "params": {"a": 10.0, "dB": 15.0, "s": 1.367524139020635}, "datetime": {"datetime": "2022-03-24 18:12:27", "elapsed": 9806.481519, "delta": 53.627846}}
{"target": 0.3170741948456936, "params": {"a": 9.985895883689729, "dB": 16.996859891322988, "s": 1.3455959921695293}, "datetime": {"datetime": "2022-03-24 18:13:15", "elapsed": 9854.276472, "delta": 47.794953}}
{"target": 0.571788563422613, "params": {"a": 5.560367683480543, "dB": 16.98693537987191, "s": 0.11001938118161957}, "datetime": {"datetime": "2022-03-24 18:13:54", "elapsed": 9892.826311, "delta": 38.549839}}
{"target": 0.8390748597684929, "params": {"a": 8.857169723683093, "dB": 16.872066811840877, "s": 0.280016485115815}, "datetime": {"datetime": "2022-03-24 18:14:33", "elapsed": 9931.984652, "delta": 39.158341}}
{"target": 0.49620987181185866, "params": {"a": 7.005107824297873, "dB": 15.615075035537084, "s": 0.1}, "datetime": {"datetime": "2022-03-24 18:14:40", "elapsed": 9939.586893, "delta": 7.602241}}
{"target": 0.5074799476457331, "params": {"a": 5.501415137429768, "dB": 15.673456037947448, "s": 0.1404164540209168}, "datetime": {"datetime": "2022-03-24 18:14:48", "elapsed": 9947.12301, "delta": 7.536117}}
{"target": 0.35519051629534354, "params": {"a": 6.197931838833089, "dB": 16.57069306777576, "s": 0.5941978766173982}, "datetime": {"datetime": "2022-03-24 18:15:27", "elapsed": 9985.760153, "delta": 38.637143}}
{"target": 0.5383352658067865, "params": {"a": 8.64449997866095, "dB": 15.613973002282211, "s": 0.41365042312594136}, "datetime": {"datetime": "2022-03-24 18:15:42", "elapsed": 10000.941881, "delta": 15.181728}}
{"target": 0.38253898898689037, "params": {"a": 7.746365451382547, "dB": 15.435506839197796, "s": 0.7087313115670847}, "datetime": {"datetime": "2022-03-24 18:15:49", "elapsed": 10008.562344, "delta": 7.620463}}
{"target": 0.5440928974617895, "params": {"a": 6.294716045610531, "dB": 16.083594472226224, "s": 0.1}, "datetime": {"datetime": "2022-03-24 18:15:59", "elapsed": 10018.440193, "delta": 9.877849}}
{"target": 0.28143000574223387, "params": {"a": 6.6548572421036845, "dB": 16.383877213152015, "s": 1.8653610970455372}, "datetime": {"datetime": "2022-03-24 18:16:37", "elapsed": 10056.557855, "delta": 38.117662}}
{"target": 0.3894617021485986, "params": {"a": 7.491444255564497, "dB": 16.289606282478648, "s": 0.5106035808834466}, "datetime": {"datetime": "2022-03-24 18:17:04", "elapsed": 10083.586558, "delta": 27.028703}}
{"target": 0.8172761736218525, "params": {"a": 8.083004700057556, "dB": 16.988750379998393, "s": 0.3073870994523286}, "datetime": {"datetime": "2022-03-24 18:17:43", "elapsed": 10122.090687, "delta": 38.504129}}
{"target": 0.3343353383186462, "params": {"a": 8.167116373385234, "dB": 16.65383259394552, "s": 0.9000382730989821}, "datetime": {"datetime": "2022-03-24 18:18:22", "elapsed": 10160.808024, "delta": 38.717337}}
{"target": 0.582982323401136, "params": {"a": 5.5, "dB": 16.347674257345734, "s": 0.1}, "datetime": {"datetime": "2022-03-24 18:19:00", "elapsed": 10199.077171, "delta": 38.269147}}
{"target": 0.37119806812834666, "params": {"a": 5.5, "dB": 16.59212207165034, "s": 0.3901713744803646}, "datetime": {"datetime": "2022-03-24 18:19:38", "elapsed": 10237.373545, "delta": 38.296374}}
{"target": 0.39871698521012505, "params": {"a": 8.593886415395916, "dB": 15.009858364017846, "s": 1.22170773658598}, "datetime": {"datetime": "2022-03-24 18:19:50", "elapsed": 10249.276718, "delta": 11.903173}}
{"target": 0.5722827212059353, "params": {"a": 5.552908621441283, "dB": 16.99257580250147, "s": 0.10350350323748306}, "datetime": {"datetime": "2022-03-24 18:20:29", "elapsed": 10287.866423, "delta": 38.589705}}
{"target": 0.22282627894463541, "params": {"a": 9.318438207440494, "dB": 15.295265485833825, "s": 1.2402078219341244}, "datetime": {"datetime": "2022-03-24 18:20:56", "elapsed": 10314.844322, "delta": 26.977899}}
{"target": 0.6152772054789921, "params": {"a": 6.662906135745015, "dB": 16.110298578745294, "s": 0.8504674311421704}, "datetime": {"datetime": "2022-03-24 18:21:05", "elapsed": 10324.708837, "delta": 9.864515}}
{"target": 0.37312828554971467, "params": {"a": 6.639971495669015, "dB": 15.89205295988617, "s": 0.5687816512690465}, "datetime": {"datetime": "2022-03-24 18:21:13", "elapsed": 10332.414716, "delta": 7.705879}}
{"target": 0.878275846432315, "params": {"a": 8.366393984047004, "dB": 16.883443868906635, "s": 0.36373242583734516}, "datetime": {"datetime": "2022-03-24 18:21:52", "elapsed": 10371.46557, "delta": 39.050854}}
{"target": 0.2941750940173767, "params": {"a": 6.784711019735794, "dB": 16.04758791069785, "s": 1.1378667785634609}, "datetime": {"datetime": "2022-03-24 18:22:02", "elapsed": 10381.347527, "delta": 9.881957}}
{"target": 0.3720669239365567, "params": {"a": 7.10340859755387, "dB": 15.0, "s": 1.9439465665876003}, "datetime": {"datetime": "2022-03-24 18:22:07", "elapsed": 10386.058644, "delta": 4.711117}}
{"target": 0.7851974054092719, "params": {"a": 8.282322092745336, "dB": 16.753401258454264, "s": 0.26568741483570346}, "datetime": {"datetime": "2022-03-24 18:22:45", "elapsed": 10424.38744, "delta": 38.328796}}
{"target": 0.7060195864294626, "params": {"a": 8.246666483722244, "dB": 16.548942829897648, "s": 0.20555883945854625}, "datetime": {"datetime": "2022-03-24 18:23:24", "elapsed": 10462.968997, "delta": 38.581557}}
{"target": 0.49067901758580346, "params": {"a": 5.5, "dB": 15.0, "s": 2.5}, "datetime": {"datetime": "2022-03-24 18:23:28", "elapsed": 10467.675452, "delta": 4.706455}}
{"target": 0.3002189329434533, "params": {"a": 8.10155233073776, "dB": 16.32035865680826, "s": 0.1}, "datetime": {"datetime": "2022-03-24 18:24:07", "elapsed": 10506.27597, "delta": 38.600518}}
{"target": 0.00023312713328730935, "params": {"a": 8.809725012467558, "dB": 15.0, "s": 0.1}, "datetime": {"datetime": "2022-03-24 18:24:22", "elapsed": 10521.668621, "delta": 15.392651}}
{"target": 0.4259467686123764, "params": {"a": 5.562481824143362, "dB": 16.491915280181303, "s": 0.3084675113401606}, "datetime": {"datetime": "2022-03-24 18:25:00", "elapsed": 10559.661517, "delta": 37.992896}}
{"target": 0.8893945217098961, "params": {"a": 8.495695423728957, "dB": 16.775572068707458, "s": 0.34530718292946005}, "datetime": {"datetime": "2022-03-24 18:25:39", "elapsed": 10598.571564, "delta": 38.910047}}
{"target": 0.8035349996681235, "params": {"a": 8.667705302652177, "dB": 16.867518326787447, "s": 0.2647303489117233}, "datetime": {"datetime": "2022-03-24 18:26:18", "elapsed": 10636.963369, "delta": 38.391805}}
{"target": 0.48352815990848436, "params": {"a": 7.02539562150872, "dB": 15.631507455850604, "s": 0.9715311919544692}, "datetime": {"datetime": "2022-03-24 18:26:25", "elapsed": 10644.505628, "delta": 7.542259}}
{"target": 0.8781034521143506, "params": {"a": 8.455223379799039, "dB": 16.96179558405037, "s": 0.33811518363399146}, "datetime": {"datetime": "2022-03-24 18:27:04", "elapsed": 10682.913179, "delta": 38.407551}}
{"target": 0.6833207837431778, "params": {"a": 10.0, "dB": 15.647192205382943, "s": 1.1427966377808847}, "datetime": {"datetime": "2022-03-24 18:27:57", "elapsed": 10736.341509, "delta": 53.42833}}
{"target": 0.6924028371772797, "params": {"a": 9.720439189579647, "dB": 15.483280484697294, "s": 1.082810383813038}, "datetime": {"datetime": "2022-03-24 18:28:35", "elapsed": 10774.651286, "delta": 38.309777}}
{"target": 0.18536721310987958, "params": {"a": 9.749008611428426, "dB": 15.766819679523156, "s": 1.1704927096195117}, "datetime": {"datetime": "2022-03-24 18:29:14", "elapsed": 10813.157056, "delta": 38.50577}}
{"target": 0.5317665191934945, "params": {"a": 6.977328979986791, "dB": 15.836103025087473, "s": 0.2707431525057852}, "datetime": {"datetime": "2022-03-24 18:29:21", "elapsed": 10820.692778, "delta": 7.535722}}
{"target": 0.5092700926590323, "params": {"a": 6.076831669039005, "dB": 15.071971787145005, "s": 0.8954641377373473}, "datetime": {"datetime": "2022-03-24 18:29:26", "elapsed": 10825.341948, "delta": 4.64917}}
{"target": 0.5853782078037609, "params": {"a": 10.0, "dB": 15.401643307719104, "s": 1.0753297352729412}, "datetime": {"datetime": "2022-03-24 18:30:20", "elapsed": 10879.09595, "delta": 53.754002}}
{"target": 0.6596226350455748, "params": {"a": 9.651516085726726, "dB": 15.260621364044772, "s": 1.0450459666393728}, "datetime": {"datetime": "2022-03-24 18:30:59", "elapsed": 10917.803802, "delta": 38.707852}}
{"target": 0.3478059047712876, "params": {"a": 8.636120939480922, "dB": 17.0, "s": 1.2842617845456281}, "datetime": {"datetime": "2022-03-24 18:31:37", "elapsed": 10956.612687, "delta": 38.808885}}
{"target": 0.8915620277540293, "params": {"a": 8.505807604958935, "dB": 16.786302351745253, "s": 0.34955417032538305}, "datetime": {"datetime": "2022-03-24 18:32:16", "elapsed": 10995.035953, "delta": 38.423266}}
{"target": 0.43959985842341404, "params": {"a": 6.056969393764744, "dB": 15.011557796955785, "s": 2.437446766649065}, "datetime": {"datetime": "2022-03-24 18:32:21", "elapsed": 10999.908094, "delta": 4.872141}}
{"target": 0.2739557417226991, "params": {"a": 9.58587471203527, "dB": 16.9920790551085, "s": 1.9435638574969705}, "datetime": {"datetime": "2022-03-24 18:33:00", "elapsed": 11039.089767, "delta": 39.181673}}
{"target": 0.39553862126700123, "params": {"a": 5.5, "dB": 15.0, "s": 1.8949676006200304}, "datetime": {"datetime": "2022-03-24 18:33:05", "elapsed": 11043.82676, "delta": 4.736993}}
{"target": 0.7313681734404306, "params": {"a": 8.76515917171962, "dB": 16.763541948597588, "s": 0.4294896945893558}, "datetime": {"datetime": "2022-03-24 18:33:43", "elapsed": 11082.525617, "delta": 38.698857}}
{"target": 0.856390280907354, "params": {"a": 8.615135444353792, "dB": 16.715409757832713, "s": 0.2983160574660298}, "datetime": {"datetime": "2022-03-24 18:34:22", "elapsed": 11121.047711, "delta": 38.522094}}
{"target": 0.3425361850018569, "params": {"a": 5.504904108997628, "dB": 16.544221136876963, "s": 0.9926939621334677}, "datetime": {"datetime": "2022-03-24 18:35:00", "elapsed": 11159.690723, "delta": 38.643012}}
{"target": 0.4362304697142232, "params": {"a": 6.904707334677014, "dB": 16.606728003581146, "s": 0.46517110688173724}, "datetime": {"datetime": "2022-03-24 18:35:39", "elapsed": 11198.171573, "delta": 38.48085}}
{"target": 0.2970709310249114, "params": {"a": 9.9859884187466, "dB": 15.465703876539633, "s": 2.496902966467115}, "datetime": {"datetime": "2022-03-24 18:36:25", "elapsed": 11244.036653, "delta": 45.86508}}
{"target": 0.910767003829693, "params": {"a": 8.709135018900623, "dB": 16.584181334954735, "s": 0.35003878094673513}, "datetime": {"datetime": "2022-03-24 18:37:03", "elapsed": 11282.739545, "delta": 38.702892}}
{"target": 0.6399117023634009, "params": {"a": 8.564418406155585, "dB": 16.698103058129355, "s": 0.4381873643828065}, "datetime": {"datetime": "2022-03-24 18:37:42", "elapsed": 11321.297922, "delta": 38.558377}}
{"target": 0.32249881430258015, "params": {"a": 10.0, "dB": 17.0, "s": 0.6957801234680072}, "datetime": {"datetime": "2022-03-24 18:38:36", "elapsed": 11375.504239, "delta": 54.206317}}
{"target": 0.40634280654797145, "params": {"a": 6.2756881842929, "dB": 17.0, "s": 2.5}, "datetime": {"datetime": "2022-03-24 18:39:15", "elapsed": 11413.926185, "delta": 38.421946}}
{"target": 0.5486739926114781, "params": {"a": 6.345989786542592, "dB": 17.0, "s": 0.3314039236800938}, "datetime": {"datetime": "2022-03-24 18:39:54", "elapsed": 11452.756789, "delta": 38.830604}}
{"target": 0.5414843261557933, "params": {"a": 6.367164264407515, "dB": 16.19425879688316, "s": 0.8582942196243123}, "datetime": {"datetime": "2022-03-24 18:40:16", "elapsed": 11475.393191, "delta": 22.636402}}
{"target": 0.6446275670767958, "params": {"a": 7.9920873088713, "dB": 15.0, "s": 0.9088193777030871}, "datetime": {"datetime": "2022-03-24 18:40:24", "elapsed": 11483.078068, "delta": 7.684877}}
{"target": 0.31688674347702933, "params": {"a": 6.625415538535785, "dB": 15.468886485557201, "s": 2.056919111407544}, "datetime": {"datetime": "2022-03-24 18:40:31", "elapsed": 11490.685504, "delta": 7.607436}}
{"target": 0.8007633263532964, "params": {"a": 8.47641814302651, "dB": 16.835811258022506, "s": 0.2691580160119038}, "datetime": {"datetime": "2022-03-24 18:41:10", "elapsed": 11529.314636, "delta": 38.629132}}
{"target": 0.46339683822254196, "params": {"a": 7.679621185401746, "dB": 15.0, "s": 0.936435639171517}, "datetime": {"datetime": "2022-03-24 18:41:15", "elapsed": 11534.362803, "delta": 5.048167}}
{"target": 0.19729649779734812, "params": {"a": 10.0, "dB": 16.40505069083501, "s": 2.5}, "datetime": {"datetime": "2022-03-24 18:42:09", "elapsed": 11588.398873, "delta": 54.03607}}
