{"target": 0.9482391886104704, "params": {"a": 7.181804917779027, "dB": 13.5, "s": 0.8343514711668637}, "datetime": {"datetime": "2022-03-28 11:46:23", "elapsed": 495.979419, "delta": 3.47266}}
{"target": 0.5202728010006235, "params": {"a": 7.26151634709675, "dB": 13.424162238092286, "s": 0.9935153412284847}, "datetime": {"datetime": "2022-03-28 11:46:26", "elapsed": 499.800769, "delta": 3.82135}}
{"target": 0.4481137930383257, "params": {"a": 7.240374517294805, "dB": 13.463787536190729, "s": 0.6522693901006502}, "datetime": {"datetime": "2022-03-28 11:46:30", "elapsed": 502.916625, "delta": 3.115856}}
{"target": 0.482019367430694, "params": {"a": 5.457355621556944, "dB": 13.103866334469558, "s": 1.0398876848446388}, "datetime": {"datetime": "2022-03-28 11:46:31", "elapsed": 504.217354, "delta": 1.300729}}
{"target": 0.8944986846415813, "params": {"a": 7.262761589037355, "dB": 13.136538192291738, "s": 0.7887952954428122}, "datetime": {"datetime": "2022-03-28 11:46:35", "elapsed": 508.142203, "delta": 3.924849}}
{"target": 0.4214651563932054, "params": {"a": 6.643939099612621, "dB": 13.338003443950615, "s": 0.43711495640166076}, "datetime": {"datetime": "2022-03-28 11:46:36", "elapsed": 509.672566, "delta": 1.530363}}
{"target": 0.7426026519294447, "params": {"a": 6.920893711195662, "dB": 13.48470869140883, "s": 0.8680655579204877}, "datetime": {"datetime": "2022-03-28 11:46:39", "elapsed": 512.19556, "delta": 2.522994}}
{"target": 0.9658687270018147, "params": {"a": 7.3913473154848255, "dB": 13.303192307292667, "s": 0.8197720302126094}, "datetime": {"datetime": "2022-03-28 11:46:42", "elapsed": 515.685706, "delta": 3.490146}}
{"target": 0.9701983367134355, "params": {"a": 4.72302059779237, "dB": 11.34507307421378, "s": 0.45930228791840166}, "datetime": {"datetime": "2022-03-28 11:46:43", "elapsed": 516.74194, "delta": 1.056234}}
{"target": 0.9768810688675579, "params": {"a": 7.487684140207728, "dB": 13.475325866947443, "s": 0.8493940497515777}, "datetime": {"datetime": "2022-03-28 11:46:47", "elapsed": 520.496717, "delta": 3.754777}}
{"target": 0.5649365963090256, "params": {"a": 6.570608671793821, "dB": 11.354251913718887, "s": 0.13733025862243115}, "datetime": {"datetime": "2022-03-28 11:46:49", "elapsed": 522.051899, "delta": 1.555182}}
{"target": 0.6918136437718191, "params": {"a": 7.104217236683436, "dB": 11.48577510971783, "s": 0.6983064479138638}, "datetime": {"datetime": "2022-03-28 11:46:51", "elapsed": 524.800968, "delta": 2.749069}}
{"target": 0.9266036110846047, "params": {"a": 4.363343309188133, "dB": 10.5, "s": 0.31562190069927715}, "datetime": {"datetime": "2022-03-28 11:46:52", "elapsed": 525.598102, "delta": 0.797134}}
{"target": 0.5800768837060641, "params": {"a": 5.648890307037442, "dB": 12.316079413090259, "s": 1.3}, "datetime": {"datetime": "2022-03-28 11:46:54", "elapsed": 527.155471, "delta": 1.557369}}
{"target": 0.8770651622615727, "params": {"a": 6.4739450035235215, "dB": 12.44178390276537, "s": 0.7843410899482215}, "datetime": {"datetime": "2022-03-28 11:46:55", "elapsed": 528.510827, "delta": 1.355356}}
{"target": 0.8189427748781316, "params": {"a": 6.273344067796905, "dB": 12.48294443787133, "s": 0.7983957540231138}, "datetime": {"datetime": "2022-03-28 11:46:57", "elapsed": 529.957493, "delta": 1.446666}}
{"target": 0.9659269897365395, "params": {"a": 6.418700973035622, "dB": 12.71920323620422, "s": 0.6757004123363523}, "datetime": {"datetime": "2022-03-28 11:46:58", "elapsed": 531.733902, "delta": 1.776409}}
{"target": 0.5857968043289817, "params": {"a": 3.8580787401657393, "dB": 11.197292318625545, "s": 0.6869372129768716}, "datetime": {"datetime": "2022-03-28 11:46:59", "elapsed": 532.499535, "delta": 0.765633}}
{"target": 0.810373990385311, "params": {"a": 6.404197584423809, "dB": 12.506719216821299, "s": 0.6250867232710187}, "datetime": {"datetime": "2022-03-28 11:47:01", "elapsed": 534.083513, "delta": 1.583978}}
{"target": 0.6282642966151445, "params": {"a": 6.518613554630273, "dB": 12.872272019547683, "s": 0.6127819775880023}, "datetime": {"datetime": "2022-03-28 11:47:03", "elapsed": 535.833436, "delta": 1.749923}}
{"target": 0.4157462224618711, "params": {"a": 7.451641807135836, "dB": 13.143384232279164, "s": 0.6135637325578839}, "datetime": {"datetime": "2022-03-28 11:47:06", "elapsed": 539.281447, "delta": 3.448011}}
{"target": 0.9728798942752719, "params": {"a": 6.310861849055035, "dB": 12.686973900801783, "s": 0.737595994476929}, "datetime": {"datetime": "2022-03-28 11:47:08", "elapsed": 541.251453, "delta": 1.970006}}
{"target": 0.6913609799867024, "params": {"a": 6.855446400868753, "dB": 12.26055078580654, "s": 0.6661250078439309}, "datetime": {"datetime": "2022-03-28 11:47:11", "elapsed": 544.213287, "delta": 2.961834}}
{"target": 0.8905597792291401, "params": {"a": 6.499502214879617, "dB": 12.608481475888702, "s": 0.779159012851269}, "datetime": {"datetime": "2022-03-28 11:47:13", "elapsed": 546.105281, "delta": 1.891994}}
{"target": 0.7985622101477208, "params": {"a": 6.145545857118653, "dB": 11.10580397207398, "s": 0.7737408626595647}, "datetime": {"datetime": "2022-03-28 11:47:15", "elapsed": 548.350715, "delta": 2.245434}}
{"target": 0.4925611586086358, "params": {"a": 6.213955444770564, "dB": 12.028816655415767, "s": 1.068800542731118}, "datetime": {"datetime": "2022-03-28 11:47:16", "elapsed": 549.729687, "delta": 1.378972}}
{"target": 0.918596840917804, "params": {"a": 6.424828062976891, "dB": 11.11548160856531, "s": 0.655135401501875}, "datetime": {"datetime": "2022-03-28 11:47:18", "elapsed": 551.356061, "delta": 1.626374}}
{"target": 0.6160217725175907, "params": {"a": 5.026966543774969, "dB": 13.5, "s": 1.3}, "datetime": {"datetime": "2022-03-28 11:47:20", "elapsed": 552.851384, "delta": 1.495323}}
{"target": 0.9874273285180692, "params": {"a": 6.362045142762357, "dB": 11.24347640499326, "s": 0.7091082377298178}, "datetime": {"datetime": "2022-03-28 11:47:21", "elapsed": 554.398989, "delta": 1.547605}}
{"target": 0.5529931296312791, "params": {"a": 6.999094817184945, "dB": 12.395219091147187, "s": 0.6299292933823861}, "datetime": {"datetime": "2022-03-28 11:47:23", "elapsed": 556.596023, "delta": 2.197034}}
{"target": 0.9645938740671003, "params": {"a": 4.6803289044199055, "dB": 10.505369210125487, "s": 0.4377125855444327}, "datetime": {"datetime": "2022-03-28 11:47:24", "elapsed": 557.654255, "delta": 1.058232}}
{"target": 0.5979708209258501, "params": {"a": 3.8150585690061054, "dB": 11.651713357564537, "s": 0.19463310431245673}, "datetime": {"datetime": "2022-03-28 11:47:25", "elapsed": 558.677351, "delta": 1.023096}}
{"target": 0.8880424099746205, "params": {"a": 6.254488444720692, "dB": 11.16809610515348, "s": 0.6374931987238475}, "datetime": {"datetime": "2022-03-28 11:47:27", "elapsed": 560.163861, "delta": 1.48651}}
{"target": 0.965865810473135, "params": {"a": 5.667896355160558, "dB": 12.2990440970674, "s": 0.7204389022037188}, "datetime": {"datetime": "2022-03-28 11:47:29", "elapsed": 561.87806, "delta": 1.714199}}
{"target": 0.9073275264520707, "params": {"a": 5.534582679656511, "dB": 12.297438691444853, "s": 0.6124662086030188}, "datetime": {"datetime": "2022-03-28 11:47:30", "elapsed": 563.337433, "delta": 1.459373}}
{"target": 0.9417040663665461, "params": {"a": 5.459712790919413, "dB": 12.466279771719837, "s": 0.7189935382353646}, "datetime": {"datetime": "2022-03-28 11:47:32", "elapsed": 565.150566, "delta": 1.813133}}
{"target": 0.8895694383914238, "params": {"a": 5.5971171383709795, "dB": 12.45909260007037, "s": 0.7519328989952094}, "datetime": {"datetime": "2022-03-28 11:47:33", "elapsed": 566.681391, "delta": 1.530825}}
{"target": 0.7745500336292248, "params": {"a": 5.300070966862309, "dB": 12.487299204563836, "s": 0.5526468335432577}, "datetime": {"datetime": "2022-03-28 11:47:35", "elapsed": 568.718787, "delta": 2.037396}}
{"target": 0.8414435629498009, "params": {"a": 4.398688512058866, "dB": 12.121083598427683, "s": 0.6327421718714586}, "datetime": {"datetime": "2022-03-28 11:47:37", "elapsed": 570.55912, "delta": 1.840333}}
{"target": 0.7816299427184346, "params": {"a": 4.694421477150701, "dB": 12.727494303853495, "s": 0.4985101369834978}, "datetime": {"datetime": "2022-03-28 11:47:39", "elapsed": 572.216255, "delta": 1.657135}}
{"target": 0.9880754124525296, "params": {"a": 5.581640267039893, "dB": 12.166129165145605, "s": 0.6944889929362585}, "datetime": {"datetime": "2022-03-28 11:47:41", "elapsed": 574.39551, "delta": 2.179255}}
{"target": 0.9071619375310858, "params": {"a": 6.45193927599326, "dB": 11.184447284656178, "s": 0.7785037617340096}, "datetime": {"datetime": "2022-03-28 11:47:43", "elapsed": 576.707809, "delta": 2.312299}}
{"target": 0.8696518720091958, "params": {"a": 7.301903827427487, "dB": 12.769166150092014, "s": 0.781431011071525}, "datetime": {"datetime": "2022-03-28 11:47:47", "elapsed": 580.406022, "delta": 3.698213}}
{"target": 0.4740814134846269, "params": {"a": 7.221968808449887, "dB": 13.287480376418506, "s": 1.1684227456949052}, "datetime": {"datetime": "2022-03-28 11:47:50", "elapsed": 583.136536, "delta": 2.730514}}
{"target": 0.8236696230310172, "params": {"a": 5.203300043231187, "dB": 10.5, "s": 0.42847440448713336}, "datetime": {"datetime": "2022-03-28 11:47:51", "elapsed": 584.496233, "delta": 1.359697}}
{"target": 0.5809704659038827, "params": {"a": 5.451363203372739, "dB": 11.308987335515496, "s": 1.3}, "datetime": {"datetime": "2022-03-28 11:47:52", "elapsed": 585.699249, "delta": 1.203016}}
{"target": 0.8870618095504819, "params": {"a": 4.8982543311559095, "dB": 12.873567303507015, "s": 0.6788527320936425}, "datetime": {"datetime": "2022-03-28 11:47:54", "elapsed": 587.523604, "delta": 1.824355}}
{"target": 0.42474913014471616, "params": {"a": 6.081483289267279, "dB": 13.187595487599609, "s": 0.3961762925905211}, "datetime": {"datetime": "2022-03-28 11:47:56", "elapsed": 589.001183, "delta": 1.477579}}
{"target": 0.9835219073572418, "params": {"a": 5.688115710050061, "dB": 12.14595042719467, "s": 0.6593597015375063}, "datetime": {"datetime": "2022-03-28 11:47:58", "elapsed": 591.020394, "delta": 2.019211}}
{"target": 0.5106193099764389, "params": {"a": 5.008789866754316, "dB": 11.491789014208493, "s": 1.0998603263934101}, "datetime": {"datetime": "2022-03-28 11:47:59", "elapsed": 591.912597, "delta": 0.892203}}
{"target": 0.9634481536239892, "params": {"a": 6.354629535388509, "dB": 12.82068417281034, "s": 0.7439333718244624}, "datetime": {"datetime": "2022-03-28 11:48:00", "elapsed": 593.751457, "delta": 1.83886}}
{"target": 0.4906061138094931, "params": {"a": 3.5, "dB": 13.128409530830238, "s": 0.6747269830936646}, "datetime": {"datetime": "2022-03-28 11:48:02", "elapsed": 595.319564, "delta": 1.568107}}
{"target": 0.939981263466621, "params": {"a": 4.682103338426615, "dB": 11.492872957823487, "s": 0.5021545314028404}, "datetime": {"datetime": "2022-03-28 11:48:04", "elapsed": 596.876697, "delta": 1.557133}}
{"target": 0.8401089532704155, "params": {"a": 5.158230687541154, "dB": 10.50269292002509, "s": 0.6252913125623119}, "datetime": {"datetime": "2022-03-28 11:48:05", "elapsed": 598.408005, "delta": 1.531308}}
{"target": 0.5835056604015271, "params": {"a": 4.154918241626358, "dB": 10.805195759246853, "s": 0.8182768494601539}, "datetime": {"datetime": "2022-03-28 11:48:06", "elapsed": 599.14525, "delta": 0.737245}}
{"target": 0.9630052095354564, "params": {"a": 5.831749461140064, "dB": 11.716056354122324, "s": 0.6643080919764464}, "datetime": {"datetime": "2022-03-28 11:48:09", "elapsed": 601.826816, "delta": 2.681566}}
{"target": 0.9255724173196993, "params": {"a": 5.925823391436271, "dB": 11.892039528994255, "s": 0.6890415865558993}, "datetime": {"datetime": "2022-03-28 11:48:11", "elapsed": 603.959776, "delta": 2.13296}}
{"target": 0.8459269895430541, "params": {"a": 6.015944083118137, "dB": 11.663546851097031, "s": 0.5888846427113814}, "datetime": {"datetime": "2022-03-28 11:48:13", "elapsed": 605.856321, "delta": 1.896545}}
{"target": 0.9422746364880635, "params": {"a": 4.141578799976273, "dB": 10.71964613993011, "s": 0.3927891986405483}, "datetime": {"datetime": "2022-03-28 11:48:14", "elapsed": 607.109195, "delta": 1.252874}}
{"target": 0.9827771797848815, "params": {"a": 5.97321221208387, "dB": 11.31888559150905, "s": 0.6479580078220881}, "datetime": {"datetime": "2022-03-28 11:48:16", "elapsed": 609.477499, "delta": 2.368304}}
{"target": 0.8940798745503612, "params": {"a": 6.153750981230545, "dB": 10.907149160604485, "s": 0.612009583054578}, "datetime": {"datetime": "2022-03-28 11:48:18", "elapsed": 611.262771, "delta": 1.785272}}
{"target": 0.9497607879111633, "params": {"a": 5.9560836773514305, "dB": 11.029083477762098, "s": 0.5965999019123274}, "datetime": {"datetime": "2022-03-28 11:48:20", "elapsed": 613.066227, "delta": 1.803456}}
{"target": 0.9363720747325721, "params": {"a": 7.5, "dB": 12.05055319013647, "s": 0.9005118966917375}, "datetime": {"datetime": "2022-03-28 11:48:25", "elapsed": 618.035223, "delta": 4.968996}}
{"target": 0.8922196073657375, "params": {"a": 7.462980622762741, "dB": 11.921683886776872, "s": 0.7917870412812853}, "datetime": {"datetime": "2022-03-28 11:48:28", "elapsed": 621.782959, "delta": 3.747736}}
{"target": 0.5243868590108803, "params": {"a": 4.574060312616397, "dB": 12.168189757855082, "s": 1.0786328680508783}, "datetime": {"datetime": "2022-03-28 11:48:30", "elapsed": 623.21113, "delta": 1.428171}}
{"target": 0.9545273159330151, "params": {"a": 7.253836242225354, "dB": 11.969884081503686, "s": 0.825372551514622}, "datetime": {"datetime": "2022-03-28 11:48:33", "elapsed": 626.245898, "delta": 3.034768}}
{"target": 0.8242631588197126, "params": {"a": 4.218082086404767, "dB": 13.002466824758676, "s": 0.5686567881551312}, "datetime": {"datetime": "2022-03-28 11:48:34", "elapsed": 627.615856, "delta": 1.369958}}
{"target": 0.8260053446511147, "params": {"a": 7.341729222319074, "dB": 11.893310224292884, "s": 0.9177170770195324}, "datetime": {"datetime": "2022-03-28 11:48:38", "elapsed": 631.476921, "delta": 3.861065}}
{"target": 0.826851987313823, "params": {"a": 7.183913495969962, "dB": 11.859580631376978, "s": 0.7365219961760108}, "datetime": {"datetime": "2022-03-28 11:48:41", "elapsed": 634.633659, "delta": 3.156738}}
{"target": 0.9186387800932787, "params": {"a": 7.340587206184267, "dB": 12.072428561688449, "s": 0.7975684745848051}, "datetime": {"datetime": "2022-03-28 11:48:45", "elapsed": 638.523272, "delta": 3.889613}}
{"target": 0.9448219441505409, "params": {"a": 5.413062127910822, "dB": 10.5, "s": 0.6243157954687952}, "datetime": {"datetime": "2022-03-28 11:48:47", "elapsed": 640.038969, "delta": 1.515697}}
{"target": 0.9851877266971449, "params": {"a": 5.667625241706058, "dB": 11.731011948962532, "s": 0.640280416419423}, "datetime": {"datetime": "2022-03-28 11:48:48", "elapsed": 641.297655, "delta": 1.258686}}
{"target": 0.5236148539959307, "params": {"a": 3.572643714243109, "dB": 11.821040258553687, "s": 0.7984031983094206}, "datetime": {"datetime": "2022-03-28 11:48:49", "elapsed": 642.356115, "delta": 1.05846}}
{"target": 0.47199670972826097, "params": {"a": 4.316005411967849, "dB": 11.992677951690874, "s": 0.25202608751051864}, "datetime": {"datetime": "2022-03-28 11:48:50", "elapsed": 643.780353, "delta": 1.424238}}
{"target": 0.9751659049224206, "params": {"a": 7.065713080289495, "dB": 12.076090619563441, "s": 0.8076588319133692}, "datetime": {"datetime": "2022-03-28 11:48:53", "elapsed": 646.673526, "delta": 2.893173}}
{"target": 0.9567619484663257, "params": {"a": 6.910000289683548, "dB": 12.019406021828264, "s": 0.8078542167455773}, "datetime": {"datetime": "2022-03-28 11:48:56", "elapsed": 649.067316, "delta": 2.39379}}
{"target": 0.9532553717683189, "params": {"a": 7.024857198592328, "dB": 11.88492187081465, "s": 0.8281896365235796}, "datetime": {"datetime": "2022-03-28 11:48:59", "elapsed": 652.518022, "delta": 3.450706}}
{"target": 0.8642138271321779, "params": {"a": 7.076851336188614, "dB": 11.988357644758123, "s": 0.7441790733105431}, "datetime": {"datetime": "2022-03-28 11:49:02", "elapsed": 655.573965, "delta": 3.055943}}
{"target": 0.9640101391212094, "params": {"a": 6.826395869195766, "dB": 11.815122823023529, "s": 0.8022211003582553}, "datetime": {"datetime": "2022-03-28 11:49:06", "elapsed": 658.817594, "delta": 3.243629}}
{"target": 0.9289833666434797, "params": {"a": 6.707531373500565, "dB": 11.928792454746578, "s": 0.7104126304895336}, "datetime": {"datetime": "2022-03-28 11:49:07", "elapsed": 660.736098, "delta": 1.918504}}
{"target": 0.7623150234542319, "params": {"a": 7.165651033629979, "dB": 12.05156166975259, "s": 0.9006128422490787}, "datetime": {"datetime": "2022-03-28 11:49:11", "elapsed": 664.151346, "delta": 3.415248}}
{"target": 0.3953208714222263, "params": {"a": 6.378404457285969, "dB": 12.798764887815235, "s": 0.27063015370746935}, "datetime": {"datetime": "2022-03-28 11:49:12", "elapsed": 665.637509, "delta": 1.486163}}
{"target": 0.8098805024673302, "params": {"a": 4.15960630911678, "dB": 11.43965000607251, "s": 0.3759109849084761}, "datetime": {"datetime": "2022-03-28 11:49:14", "elapsed": 667.021219, "delta": 1.38371}}
{"target": 0.8776116372288058, "params": {"a": 6.674194479874895, "dB": 11.746741690298379, "s": 0.6868981109249311}, "datetime": {"datetime": "2022-03-28 11:49:16", "elapsed": 669.426808, "delta": 2.405589}}
{"target": 0.6287755714888352, "params": {"a": 4.352464678964762, "dB": 11.60150124673646, "s": 1.136777863434819}, "datetime": {"datetime": "2022-03-28 11:49:17", "elapsed": 670.541898, "delta": 1.11509}}
{"target": 0.876756429053669, "params": {"a": 6.9500837626583865, "dB": 11.728802588775393, "s": 0.8410892125931584}, "datetime": {"datetime": "2022-03-28 11:49:20", "elapsed": 673.414516, "delta": 2.872618}}
{"target": 0.634391196251381, "params": {"a": 3.801016189270858, "dB": 12.938064214796293, "s": 0.2616976260029559}, "datetime": {"datetime": "2022-03-28 11:49:22", "elapsed": 675.741369, "delta": 2.326853}}
{"target": 0.510082478772193, "params": {"a": 3.7371985964176995, "dB": 13.360344991892402, "s": 1.2529621022478974}, "datetime": {"datetime": "2022-03-28 11:49:24", "elapsed": 677.224828, "delta": 1.483459}}
{"target": 0.98059134802403, "params": {"a": 7.045782962861519, "dB": 12.693527220965366, "s": 0.8046371708279259}, "datetime": {"datetime": "2022-03-28 11:49:27", "elapsed": 680.810684, "delta": 3.585856}}
{"target": 0.8430885184423546, "params": {"a": 4.051583112309077, "dB": 12.301336377885526, "s": 0.5017409619819104}, "datetime": {"datetime": "2022-03-28 11:49:30", "elapsed": 682.920411, "delta": 2.109727}}
{"target": 0.6145411322712171, "params": {"a": 4.473238150428, "dB": 12.952953808164537, "s": 1.3}, "datetime": {"datetime": "2022-03-28 11:49:32", "elapsed": 684.894356, "delta": 1.973945}}
{"target": 0.6358480041138491, "params": {"a": 4.303816527492588, "dB": 11.768541372072958, "s": 1.216253800167727}, "datetime": {"datetime": "2022-03-28 11:49:33", "elapsed": 686.039273, "delta": 1.144917}}
{"target": 0.8561013585326465, "params": {"a": 3.8271799789867638, "dB": 11.449771174764878, "s": 0.4713290133962756}, "datetime": {"datetime": "2022-03-28 11:49:35", "elapsed": 688.553994, "delta": 2.514721}}
{"target": 0.4997471723790177, "params": {"a": 4.163251412287128, "dB": 13.05774080092549, "s": 0.2635089952228412}, "datetime": {"datetime": "2022-03-28 11:49:37", "elapsed": 690.087064, "delta": 1.53307}}
{"target": 0.7955155265282968, "params": {"a": 4.109650413669463, "dB": 12.085873113846665, "s": 0.6003868531560507}, "datetime": {"datetime": "2022-03-28 11:49:38", "elapsed": 691.739229, "delta": 1.652165}}
{"target": 0.9757501379039463, "params": {"a": 5.572074882217882, "dB": 12.669470052781362, "s": 0.7007497871096232}, "datetime": {"datetime": "2022-03-28 11:49:40", "elapsed": 693.638001, "delta": 1.898772}}
{"target": 0.9108417215538087, "params": {"a": 6.359671397862425, "dB": 10.584894245444609, "s": 0.6512200929832694}, "datetime": {"datetime": "2022-03-28 11:49:43", "elapsed": 696.011772, "delta": 2.373771}}
{"target": 0.9371773302578363, "params": {"a": 4.378411050549113, "dB": 10.938305042281796, "s": 0.3328811223455549}, "datetime": {"datetime": "2022-03-28 11:49:45", "elapsed": 697.876962, "delta": 1.86519}}
{"target": 0.7048165050915473, "params": {"a": 4.847595885869762, "dB": 10.5, "s": 0.1}, "datetime": {"datetime": "2022-03-28 11:49:46", "elapsed": 699.465636, "delta": 1.588674}}
{"target": 0.8191055547240683, "params": {"a": 7.5, "dB": 12.14904209138111, "s": 0.8095483005075641}, "datetime": {"datetime": "2022-03-28 11:49:51", "elapsed": 704.579322, "delta": 5.113686}}
{"target": 0.9777303805401476, "params": {"a": 7.033336004878297, "dB": 12.19321984018843, "s": 0.8030078412270882}, "datetime": {"datetime": "2022-03-28 11:49:54", "elapsed": 707.729026, "delta": 3.149704}}
{"target": 0.8894446420759952, "params": {"a": 4.664606625842467, "dB": 12.99929219712714, "s": 0.5742973756070588}, "datetime": {"datetime": "2022-03-28 11:49:57", "elapsed": 710.097286, "delta": 2.36826}}
{"target": 0.9634179627278432, "params": {"a": 5.294628401439615, "dB": 10.854080919742149, "s": 0.5436731606564288}, "datetime": {"datetime": "2022-03-28 11:49:58", "elapsed": 711.756871, "delta": 1.659585}}
{"target": 0.890084082989952, "params": {"a": 5.688112056329967, "dB": 12.153994267296884, "s": 0.7591861620914967}, "datetime": {"datetime": "2022-03-28 11:50:01", "elapsed": 713.963829, "delta": 2.206958}}
{"target": 0.9390827258820675, "params": {"a": 6.738340688886711, "dB": 12.990298254501942, "s": 0.7840554922133821}, "datetime": {"datetime": "2022-03-28 11:50:03", "elapsed": 716.059841, "delta": 2.096012}}
