{"target": 0.7927307938209672, "params": {"a": 7.660116748777637, "dB": 11.525900470502386, "s": 0.7642868062055846}, "datetime": {"datetime": "2022-03-29 15:01:46", "elapsed": 726.193216, "delta": 3.532586}}
{"target": 0.9584884450744756, "params": {"a": 7.630975277006538, "dB": 11.799516066393538, "s": 0.8450360818096203}, "datetime": {"datetime": "2022-03-29 15:01:49", "elapsed": 729.630339, "delta": 3.437123}}
{"target": 0.9050042352553463, "params": {"a": 7.7452939641599245, "dB": 11.764758071912496, "s": 0.9142932315352476}, "datetime": {"datetime": "2022-03-29 15:01:54", "elapsed": 734.423314, "delta": 4.792975}}
{"target": 0.9633858478647643, "params": {"a": 5.106733446965906, "dB": 11.476845943461681, "s": 0.45462738055347834}, "datetime": {"datetime": "2022-03-29 15:01:56", "elapsed": 735.944178, "delta": 1.520864}}
{"target": 0.9313735742456278, "params": {"a": 6.500462245023529, "dB": 10.5, "s": 0.764948968761544}, "datetime": {"datetime": "2022-03-29 15:01:58", "elapsed": 737.879639, "delta": 1.935461}}
{"target": 0.9489025313070373, "params": {"a": 4.594740571565636, "dB": 11.489652355922786, "s": 0.3493002130983837}, "datetime": {"datetime": "2022-03-29 15:02:00", "elapsed": 740.061271, "delta": 2.181632}}
{"target": 0.8681437473395691, "params": {"a": 5.393369645686276, "dB": 12.941526642308322, "s": 0.6924621799789158}, "datetime": {"datetime": "2022-03-29 15:02:01", "elapsed": 741.664904, "delta": 1.603633}}
{"target": 0.8691876268811679, "params": {"a": 5.360175197120883, "dB": 12.701931523218509, "s": 0.5356295957746338}, "datetime": {"datetime": "2022-03-29 15:02:03", "elapsed": 743.579303, "delta": 1.914399}}
{"target": 0.9532914175704394, "params": {"a": 4.896102741908702, "dB": 12.181758620573543, "s": 0.35455044510909783}, "datetime": {"datetime": "2022-03-29 15:02:05", "elapsed": 744.745579, "delta": 1.166276}}
{"target": 0.8786087036385241, "params": {"a": 5.2545740087789445, "dB": 12.860807390568251, "s": 0.5342222978365754}, "datetime": {"datetime": "2022-03-29 15:02:07", "elapsed": 746.877013, "delta": 2.131434}}
{"target": 0.9285602844442851, "params": {"a": 5.474418113612002, "dB": 12.82814121548244, "s": 0.5637670821321384}, "datetime": {"datetime": "2022-03-29 15:02:08", "elapsed": 748.488154, "delta": 1.611141}}
{"target": 0.9698252854638743, "params": {"a": 6.730176673624619, "dB": 11.997624883272522, "s": 0.7446852808183366}, "datetime": {"datetime": "2022-03-29 15:02:10", "elapsed": 750.185227, "delta": 1.697073}}
{"target": 0.980645181381446, "params": {"a": 5.6306892733503435, "dB": 13.268350910426596, "s": 0.6807035024941007}, "datetime": {"datetime": "2022-03-29 15:02:13", "elapsed": 753.114977, "delta": 2.92975}}
{"target": 0.9520524812931215, "params": {"a": 5.690117334121975, "dB": 12.566269512490905, "s": 0.5607944613541642}, "datetime": {"datetime": "2022-03-29 15:02:15", "elapsed": 755.669899, "delta": 2.554922}}
{"target": 0.4149646744005093, "params": {"a": 6.0246697181155255, "dB": 12.838140776602874, "s": 0.33670660003057035}, "datetime": {"datetime": "2022-03-29 15:02:17", "elapsed": 756.852111, "delta": 1.182212}}
{"target": 0.9288357207448923, "params": {"a": 5.791578059570943, "dB": 12.363689765687221, "s": 0.5515110164088868}, "datetime": {"datetime": "2022-03-29 15:02:18", "elapsed": 758.66355, "delta": 1.811439}}
{"target": 0.932639561019448, "params": {"a": 7.609510738540921, "dB": 11.66894372938253, "s": 0.8769509576523511}, "datetime": {"datetime": "2022-03-29 15:02:22", "elapsed": 762.329423, "delta": 3.665873}}
{"target": 0.5122815724398946, "params": {"a": 5.991296963780482, "dB": 12.827096122598439, "s": 0.9860281288333623}, "datetime": {"datetime": "2022-03-29 15:02:23", "elapsed": 763.561788, "delta": 1.232365}}
{"target": 0.9682450060738184, "params": {"a": 5.5325583922640345, "dB": 12.591779945318738, "s": 0.5671201585845235}, "datetime": {"datetime": "2022-03-29 15:02:25", "elapsed": 764.933118, "delta": 1.37133}}
{"target": 0.02858215960494928, "params": {"a": 8.5, "dB": 12.592949134942856, "s": 0.1}, "datetime": {"datetime": "2022-03-29 15:02:32", "elapsed": 772.338412, "delta": 7.405294}}
{"target": 0.9513557687237786, "params": {"a": 5.71424086012491, "dB": 13.351728672638195, "s": 0.649198766697216}, "datetime": {"datetime": "2022-03-29 15:02:34", "elapsed": 774.531834, "delta": 2.193422}}
{"target": 0.5231976160442725, "params": {"a": 4.829665161444895, "dB": 12.308837255096428, "s": 0.8594911461039505}, "datetime": {"datetime": "2022-03-29 15:02:35", "elapsed": 775.526263, "delta": 0.994429}}
{"target": 0.9397090328614122, "params": {"a": 5.647246050741741, "dB": 11.464464167945028, "s": 0.5563446300070228}, "datetime": {"datetime": "2022-03-29 15:02:37", "elapsed": 776.91935, "delta": 1.393087}}
{"target": 0.9853828430735857, "params": {"a": 5.702617755984879, "dB": 13.159079089191229, "s": 0.6848817016298516}, "datetime": {"datetime": "2022-03-29 15:02:39", "elapsed": 778.742408, "delta": 1.823058}}
{"target": 0.9439146132163351, "params": {"a": 7.0614957461939865, "dB": 11.764324387014653, "s": 0.8151475514451866}, "datetime": {"datetime": "2022-03-29 15:02:41", "elapsed": 780.966068, "delta": 2.22366}}
{"target": 0.9683107756357162, "params": {"a": 6.919810032364215, "dB": 11.934972729682125, "s": 0.7616010262985794}, "datetime": {"datetime": "2022-03-29 15:02:43", "elapsed": 782.946355, "delta": 1.980287}}
{"target": 0.8704976592779866, "params": {"a": 7.026135086267635, "dB": 11.815204804859784, "s": 0.7176755007399468}, "datetime": {"datetime": "2022-03-29 15:02:46", "elapsed": 786.56554, "delta": 3.619185}}
{"target": 0.7752074845740604, "params": {"a": 4.851800367574061, "dB": 11.76378389731446, "s": 0.1}, "datetime": {"datetime": "2022-03-29 15:02:48", "elapsed": 788.001861, "delta": 1.436321}}
{"target": 0.40781947372889976, "params": {"a": 7.0579975981076215, "dB": 13.31199285333749, "s": 0.3202903199379132}, "datetime": {"datetime": "2022-03-29 15:02:50", "elapsed": 790.35686, "delta": 2.354999}}
{"target": 0.7310156537718178, "params": {"a": 3.998764073842267, "dB": 12.482797547755522, "s": 0.59953215879334}, "datetime": {"datetime": "2022-03-29 15:02:52", "elapsed": 792.346975, "delta": 1.990115}}
{"target": 0.8643400741357332, "params": {"a": 4.5070438829549975, "dB": 13.192554183590246, "s": 0.5979290760404665}, "datetime": {"datetime": "2022-03-29 15:02:55", "elapsed": 794.89732, "delta": 2.550345}}
{"target": 0.7302547802805531, "params": {"a": 7.475742275901008, "dB": 12.417048286614161, "s": 0.723511746056128}, "datetime": {"datetime": "2022-03-29 15:02:58", "elapsed": 797.945706, "delta": 3.048386}}
{"target": 0.817310865391982, "params": {"a": 7.62891132869372, "dB": 12.356702392709199, "s": 0.9197643902538299}, "datetime": {"datetime": "2022-03-29 15:03:01", "elapsed": 801.608314, "delta": 3.662608}}
{"target": 0.9379208911002368, "params": {"a": 5.6149992998267635, "dB": 11.526943402296734, "s": 0.49450811673825734}, "datetime": {"datetime": "2022-03-29 15:03:02", "elapsed": 802.639867, "delta": 1.031553}}
{"target": 0.8426515600439916, "params": {"a": 7.240341683962195, "dB": 12.4896742952273, "s": 0.8507075449007186}, "datetime": {"datetime": "2022-03-29 15:03:06", "elapsed": 806.472359, "delta": 3.832492}}
{"target": 0.955517667499573, "params": {"a": 7.57957663331295, "dB": 12.645827612569562, "s": 0.820252681868176}, "datetime": {"datetime": "2022-03-29 15:03:11", "elapsed": 810.845174, "delta": 4.372815}}
{"target": 0.7878138716351911, "params": {"a": 7.451229610039232, "dB": 12.52310654412864, "s": 0.8892031247737704}, "datetime": {"datetime": "2022-03-29 15:03:14", "elapsed": 813.951074, "delta": 3.1059}}
{"target": 0.555678152808345, "params": {"a": 4.8373505113012065, "dB": 11.333732333670822, "s": 0.7364842324139168}, "datetime": {"datetime": "2022-03-29 15:03:15", "elapsed": 814.949112, "delta": 0.998038}}
{"target": 0.9583356145893565, "params": {"a": 4.248724489514916, "dB": 10.80529779164724, "s": 0.32819756913487186}, "datetime": {"datetime": "2022-03-29 15:03:16", "elapsed": 816.409579, "delta": 1.460467}}
{"target": 0.9610044456317429, "params": {"a": 4.892143630431051, "dB": 11.128208159445188, "s": 0.3819692674367875}, "datetime": {"datetime": "2022-03-29 15:03:18", "elapsed": 817.794354, "delta": 1.384775}}
{"target": 0.9687148375110298, "params": {"a": 5.465362356171241, "dB": 12.166307917796194, "s": 0.5550214558635698}, "datetime": {"datetime": "2022-03-29 15:03:20", "elapsed": 819.971692, "delta": 2.177338}}
{"target": 0.5698892996993454, "params": {"a": 4.176389049641059, "dB": 11.663181447309526, "s": 0.8414956222210879}, "datetime": {"datetime": "2022-03-29 15:03:21", "elapsed": 820.983476, "delta": 1.011784}}
{"target": 0.4499459072869985, "params": {"a": 6.552607173578773, "dB": 11.21718612029451, "s": 0.3150942061909252}, "datetime": {"datetime": "2022-03-29 15:03:22", "elapsed": 822.506716, "delta": 1.52324}}
{"target": 0.2756100495050259, "params": {"a": 4.9452545268886725, "dB": 13.5, "s": 0.1}, "datetime": {"datetime": "2022-03-29 15:03:24", "elapsed": 824.318224, "delta": 1.811508}}
{"target": 0.9672004659650763, "params": {"a": 4.703579285868148, "dB": 11.86174483626297, "s": 0.40335665719823}, "datetime": {"datetime": "2022-03-29 15:03:26", "elapsed": 825.734068, "delta": 1.415844}}
{"target": 0.6957033254386372, "params": {"a": 3.7063074471455657, "dB": 12.882199188161103, "s": 0.27003737375780523}, "datetime": {"datetime": "2022-03-29 15:03:27", "elapsed": 826.973823, "delta": 1.239755}}
{"target": 0.46706303351089407, "params": {"a": 7.619496391133573, "dB": 12.801446025025399, "s": 1.062691459584528}, "datetime": {"datetime": "2022-03-29 15:03:30", "elapsed": 830.320201, "delta": 3.346378}}
{"target": 0.8877749668590702, "params": {"a": 5.131015108539284, "dB": 10.820108391413857, "s": 0.4028082926528178}, "datetime": {"datetime": "2022-03-29 15:03:32", "elapsed": 832.015733, "delta": 1.695532}}
{"target": 0.9435539616411159, "params": {"a": 5.752933520355231, "dB": 12.138564477211904, "s": 0.560152714038272}, "datetime": {"datetime": "2022-03-29 15:03:34", "elapsed": 833.887863, "delta": 1.87213}}
{"target": 0.968583344794494, "params": {"a": 6.65479614065042, "dB": 11.218078690137958, "s": 0.7383466844133355}, "datetime": {"datetime": "2022-03-29 15:03:35", "elapsed": 835.582575, "delta": 1.694712}}
{"target": 0.9545478445020951, "params": {"a": 6.135556999492649, "dB": 12.523625202770353, "s": 0.6738726230939881}, "datetime": {"datetime": "2022-03-29 15:03:37", "elapsed": 837.366317, "delta": 1.783742}}
{"target": 0.556909815573881, "params": {"a": 8.5, "dB": 10.5, "s": 0.7661801220441938}, "datetime": {"datetime": "2022-03-29 15:03:45", "elapsed": 845.16357, "delta": 7.797253}}
{"target": 0.7864000187358157, "params": {"a": 7.72033080635969, "dB": 11.774283404658007, "s": 0.7647023871716262}, "datetime": {"datetime": "2022-03-29 15:03:49", "elapsed": 848.935444, "delta": 3.771874}}
{"target": 0.5899685200082904, "params": {"a": 4.3185220658835295, "dB": 13.5, "s": 1.2}, "datetime": {"datetime": "2022-03-29 15:03:51", "elapsed": 850.87779, "delta": 1.942346}}
{"target": 0.9585427502074083, "params": {"a": 4.869192601598024, "dB": 10.734991707506492, "s": 0.3832679585076131}, "datetime": {"datetime": "2022-03-29 15:03:52", "elapsed": 852.33568, "delta": 1.45789}}
{"target": 0.9314298498079878, "params": {"a": 4.738849415351778, "dB": 11.600428528102546, "s": 0.3078408617797376}, "datetime": {"datetime": "2022-03-29 15:03:54", "elapsed": 853.75887, "delta": 1.42319}}
{"target": 0.5534018720055118, "params": {"a": 4.336744988517244, "dB": 11.695837857422651, "s": 0.69143526762541}, "datetime": {"datetime": "2022-03-29 15:03:55", "elapsed": 854.757326, "delta": 0.998456}}
{"target": 0.9272388407949792, "params": {"a": 6.214856980911437, "dB": 12.472026036593062, "s": 0.7211495940682472}, "datetime": {"datetime": "2022-03-29 15:03:57", "elapsed": 857.182183, "delta": 2.424857}}
{"target": 0.9391225769985276, "params": {"a": 6.081130624602215, "dB": 12.398570745517066, "s": 0.5892687376471771}, "datetime": {"datetime": "2022-03-29 15:03:59", "elapsed": 858.774991, "delta": 1.592808}}
{"target": 0.907535340816575, "params": {"a": 4.816472911412827, "dB": 13.013043607610415, "s": 0.5267531156464802}, "datetime": {"datetime": "2022-03-29 15:04:01", "elapsed": 860.944871, "delta": 2.16988}}
{"target": 0.9633590573396943, "params": {"a": 7.5615556936059285, "dB": 11.939536064298867, "s": 0.8436612509348622}, "datetime": {"datetime": "2022-03-29 15:04:05", "elapsed": 865.176015, "delta": 4.231144}}
{"target": 0.9502688563399131, "params": {"a": 4.438861198852783, "dB": 12.19080391579632, "s": 0.3688533115269559}, "datetime": {"datetime": "2022-03-29 15:04:07", "elapsed": 867.238463, "delta": 2.062448}}
{"target": 0.9523704132290843, "params": {"a": 6.177476779560177, "dB": 13.498852481517549, "s": 0.6655566649159037}, "datetime": {"datetime": "2022-03-29 15:04:10", "elapsed": 870.571437, "delta": 3.332974}}
{"target": 0.9749013343061642, "params": {"a": 5.888444587902608, "dB": 12.528529403676878, "s": 0.603373049348259}, "datetime": {"datetime": "2022-03-29 15:04:12", "elapsed": 872.293933, "delta": 1.722496}}
{"target": 0.9739442654195639, "params": {"a": 6.274576967925625, "dB": 10.779784607593324, "s": 0.6748361020025744}, "datetime": {"datetime": "2022-03-29 15:04:15", "elapsed": 875.112746, "delta": 2.818813}}
{"target": 0.43557837885287365, "params": {"a": 7.957789834569284, "dB": 12.104092122400061, "s": 0.5741007812564232}, "datetime": {"datetime": "2022-03-29 15:04:19", "elapsed": 879.022691, "delta": 3.909945}}
{"target": 0.9669204955094444, "params": {"a": 7.693384463167367, "dB": 12.573877956339453, "s": 0.836250088167505}, "datetime": {"datetime": "2022-03-29 15:04:23", "elapsed": 883.280304, "delta": 4.257613}}
{"target": 0.8957502759491642, "params": {"a": 3.950699605254504, "dB": 10.758647719788415, "s": 0.30894184270967606}, "datetime": {"datetime": "2022-03-29 15:04:25", "elapsed": 884.925783, "delta": 1.645479}}
{"target": 0.9698556876621051, "params": {"a": 5.9198016792334185, "dB": 12.012684189086274, "s": 0.6008404722149078}, "datetime": {"datetime": "2022-03-29 15:04:27", "elapsed": 886.909897, "delta": 1.984114}}
{"target": 0.9753549720538913, "params": {"a": 6.33673004095147, "dB": 12.61522294389968, "s": 0.6975821289692447}, "datetime": {"datetime": "2022-03-29 15:04:29", "elapsed": 889.044694, "delta": 2.134797}}
{"target": 0.8729186751946043, "params": {"a": 5.0866712994998515, "dB": 10.934998169318721, "s": 0.5602024364714464}, "datetime": {"datetime": "2022-03-29 15:04:31", "elapsed": 890.994765, "delta": 1.950071}}
{"target": 0.6871397400560872, "params": {"a": 8.488822361373241, "dB": 11.883706533749383, "s": 0.8541821287794514}, "datetime": {"datetime": "2022-03-29 15:04:38", "elapsed": 898.584646, "delta": 7.589881}}
