{"target": 0.8951910931144187, "params": {"a": 4.204526707341728, "dB": 11.08695813880248, "s": 0.2659664869334361}, "datetime": {"datetime": "2022-03-28 11:41:07", "elapsed": 180.756172, "delta": 0.380682}}
{"target": 0.4496252231126433, "params": {"a": 7.1168166664324835, "dB": 10.661114379654032, "s": 0.26065676759732115}, "datetime": {"datetime": "2022-03-28 11:41:10", "elapsed": 182.903083, "delta": 2.146911}}
{"target": 0.6475304832515844, "params": {"a": 3.515594689464341, "dB": 12.80638202078354, "s": 0.5335240665666037}, "datetime": {"datetime": "2022-03-28 11:41:11", "elapsed": 183.888167, "delta": 0.985084}}
{"target": 0.9656434863984773, "params": {"a": 4.651402717827899, "dB": 11.019744895524543, "s": 0.40145041276134813}, "datetime": {"datetime": "2022-03-28 11:41:11", "elapsed": 184.29551, "delta": 0.407343}}
{"target": 0.6243904011490644, "params": {"a": 3.5, "dB": 11.430943835863983, "s": 0.1}, "datetime": {"datetime": "2022-03-28 11:41:12", "elapsed": 184.986084, "delta": 0.690574}}
{"target": 0.54099133654119, "params": {"a": 3.9726447774733344, "dB": 10.506156485515719, "s": 1.284561278066492}, "datetime": {"datetime": "2022-03-28 11:41:12", "elapsed": 185.474964, "delta": 0.48888}}
{"target": 0.9891893865401866, "params": {"a": 5.767921465607934, "dB": 11.402202132456255, "s": 0.6302702120156759}, "datetime": {"datetime": "2022-03-28 11:41:13", "elapsed": 186.089334, "delta": 0.61437}}
{"target": 0.8327543750608373, "params": {"a": 3.8233551279088225, "dB": 11.15696030487038, "s": 0.4564340245466456}, "datetime": {"datetime": "2022-03-28 11:41:13", "elapsed": 186.696435, "delta": 0.607101}}
{"target": 0.7576886100090587, "params": {"a": 3.5, "dB": 11.896443339662774, "s": 0.4748463971696831}, "datetime": {"datetime": "2022-03-28 11:41:14", "elapsed": 187.367728, "delta": 0.671293}}
{"target": 0.3907996406778691, "params": {"a": 4.061380638350721, "dB": 12.566946348010484, "s": 0.10277826925630347}, "datetime": {"datetime": "2022-03-28 11:41:15", "elapsed": 188.352804, "delta": 0.985076}}
{"target": 0.9660122332808134, "params": {"a": 5.853140081189344, "dB": 11.259201746495554, "s": 0.661604874466148}, "datetime": {"datetime": "2022-03-28 11:41:16", "elapsed": 189.046927, "delta": 0.694123}}
{"target": 0.6169566995185394, "params": {"a": 4.6248079579663095, "dB": 13.485145395927983, "s": 1.2814177784453282}, "datetime": {"datetime": "2022-03-28 11:41:17", "elapsed": 190.095652, "delta": 1.048725}}
{"target": 0.5358996564670846, "params": {"a": 3.5, "dB": 12.258460889740075, "s": 0.6635378803243533}, "datetime": {"datetime": "2022-03-28 11:41:18", "elapsed": 191.094161, "delta": 0.998509}}
{"target": 0.6161790414169411, "params": {"a": 3.6619064484930277, "dB": 12.09822632532165, "s": 0.6268202721337399}, "datetime": {"datetime": "2022-03-28 11:41:19", "elapsed": 192.019741, "delta": 0.92558}}
{"target": 0.7542206869261855, "params": {"a": 3.509700915083214, "dB": 13.0480438138179, "s": 0.31285684222771143}, "datetime": {"datetime": "2022-03-28 11:41:20", "elapsed": 192.942067, "delta": 0.922326}}
{"target": 0.550566310551218, "params": {"a": 6.464570710007815, "dB": 10.5, "s": 0.9695760412684985}, "datetime": {"datetime": "2022-03-28 11:41:21", "elapsed": 194.194563, "delta": 1.252496}}
{"target": 0.6248450278917784, "params": {"a": 5.155460308627495, "dB": 12.404864527185, "s": 1.3}, "datetime": {"datetime": "2022-03-28 11:41:22", "elapsed": 195.324923, "delta": 1.13036}}
{"target": 0.45139640330973374, "params": {"a": 7.479292807241835, "dB": 11.65620301600023, "s": 1.1970136362949817}, "datetime": {"datetime": "2022-03-28 11:41:25", "elapsed": 198.392378, "delta": 3.067455}}
{"target": 0.9130856774143504, "params": {"a": 3.822258439071863, "dB": 10.524482781465684, "s": 0.3440973895703906}, "datetime": {"datetime": "2022-03-28 11:41:25", "elapsed": 198.807891, "delta": 0.415513}}
{"target": 0.81242353435939, "params": {"a": 3.9266080656827955, "dB": 10.508749226605833, "s": 0.1625448877259207}, "datetime": {"datetime": "2022-03-28 11:41:26", "elapsed": 199.251669, "delta": 0.443778}}
{"target": 0.31946989415987426, "params": {"a": 5.1273206226930395, "dB": 12.702244137821438, "s": 0.2253565383632873}, "datetime": {"datetime": "2022-03-28 11:41:27", "elapsed": 200.259829, "delta": 1.00816}}
{"target": 0.0328551315079257, "params": {"a": 7.497034284712758, "dB": 13.494183121606811, "s": 0.13179646442938328}, "datetime": {"datetime": "2022-03-28 11:41:31", "elapsed": 204.019365, "delta": 3.759536}}
{"target": 0.8561632927085525, "params": {"a": 3.627764394507326, "dB": 10.502150819898842, "s": 0.41359416835441487}, "datetime": {"datetime": "2022-03-28 11:41:31", "elapsed": 204.565318, "delta": 0.545953}}
{"target": 0.2947321395887342, "params": {"a": 5.408957880740414, "dB": 10.5, "s": 0.1}, "datetime": {"datetime": "2022-03-28 11:41:32", "elapsed": 205.175056, "delta": 0.609738}}
{"target": 0.8129421832532991, "params": {"a": 5.137967861512896, "dB": 13.04226485385809, "s": 0.7411814609554933}, "datetime": {"datetime": "2022-03-28 11:41:33", "elapsed": 206.135724, "delta": 0.960668}}
{"target": 0.5305831708635096, "params": {"a": 4.99522358112096, "dB": 12.749011971989958, "s": 0.89550544189031}, "datetime": {"datetime": "2022-03-28 11:41:34", "elapsed": 207.374352, "delta": 1.238628}}
{"target": 0.04527898712752801, "params": {"a": 6.543802364240121, "dB": 10.5, "s": 0.1}, "datetime": {"datetime": "2022-03-28 11:41:35", "elapsed": 208.605481, "delta": 1.231129}}
{"target": 0.9290768434489051, "params": {"a": 6.462739948285933, "dB": 11.527663294634266, "s": 0.7675144689547034}, "datetime": {"datetime": "2022-03-28 11:41:36", "elapsed": 209.686321, "delta": 1.08084}}
{"target": 0.8945922213301175, "params": {"a": 6.602709484982786, "dB": 11.33740939974332, "s": 0.6915888573169724}, "datetime": {"datetime": "2022-03-28 11:41:38", "elapsed": 210.985829, "delta": 1.299508}}
{"target": 0.7909856852532698, "params": {"a": 6.319403376589344, "dB": 11.382469584573139, "s": 0.8175843920154664}, "datetime": {"datetime": "2022-03-28 11:41:39", "elapsed": 212.196175, "delta": 1.210346}}
{"target": 0.71975039744282, "params": {"a": 6.39768470450106, "dB": 11.66396892556743, "s": 0.5975626018484971}, "datetime": {"datetime": "2022-03-28 11:41:40", "elapsed": 213.389876, "delta": 1.193701}}
{"target": 0.568795332031222, "params": {"a": 6.530110036078367, "dB": 11.648161222070751, "s": 0.9285705782791633}, "datetime": {"datetime": "2022-03-28 11:41:41", "elapsed": 214.677514, "delta": 1.287638}}
{"target": 0.9489738197959908, "params": {"a": 4.90089726424066, "dB": 10.514029876244862, "s": 0.43980599974859835}, "datetime": {"datetime": "2022-03-28 11:41:42", "elapsed": 215.230736, "delta": 0.553222}}
{"target": 0.6117637542253521, "params": {"a": 4.598034002081483, "dB": 11.66399623786415, "s": 1.3}, "datetime": {"datetime": "2022-03-28 11:41:43", "elapsed": 215.916701, "delta": 0.685965}}
{"target": 0.40849514689155625, "params": {"a": 4.649870933146926, "dB": 11.96101903318036, "s": 0.1}, "datetime": {"datetime": "2022-03-28 11:41:43", "elapsed": 216.573858, "delta": 0.657157}}
{"target": 0.8478042033621753, "params": {"a": 4.374689257032813, "dB": 13.208105290122639, "s": 0.5332591018899357}, "datetime": {"datetime": "2022-03-28 11:41:44", "elapsed": 217.683975, "delta": 1.110117}}
{"target": 0.48010109705632975, "params": {"a": 7.256723381449855, "dB": 11.029652932644995, "s": 0.38483624153603935}, "datetime": {"datetime": "2022-03-28 11:41:47", "elapsed": 219.945768, "delta": 2.261793}}
{"target": 0.493834524226478, "params": {"a": 5.333336030205448, "dB": 12.963099296142989, "s": 0.4584596392405379}, "datetime": {"datetime": "2022-03-28 11:41:48", "elapsed": 220.948196, "delta": 1.002428}}
{"target": 0.95421097577343, "params": {"a": 6.4141441503748995, "dB": 12.974237194912304, "s": 0.7495354656653203}, "datetime": {"datetime": "2022-03-28 11:41:49", "elapsed": 222.366061, "delta": 1.417865}}
{"target": 0.6336111108555816, "params": {"a": 6.151086614088691, "dB": 12.831716091333805, "s": 0.8473625075433702}, "datetime": {"datetime": "2022-03-28 11:41:50", "elapsed": 223.633226, "delta": 1.267165}}
{"target": 0.5983672262331293, "params": {"a": 6.506711728637977, "dB": 13.09836667667605, "s": 0.5813008217397609}, "datetime": {"datetime": "2022-03-28 11:41:52", "elapsed": 225.018328, "delta": 1.385102}}
{"target": 0.6037349144669736, "params": {"a": 6.498256155255565, "dB": 12.923070628638776, "s": 0.8611410565826847}, "datetime": {"datetime": "2022-03-28 11:41:53", "elapsed": 226.148176, "delta": 1.129848}}
{"target": 0.9489803920141967, "params": {"a": 4.2870675125089575, "dB": 11.009426109519255, "s": 0.4131713148378078}, "datetime": {"datetime": "2022-03-28 11:41:53", "elapsed": 226.620243, "delta": 0.472067}}
{"target": 0.8889123942322822, "params": {"a": 6.244871886924358, "dB": 13.078849930834242, "s": 0.7712148342899203}, "datetime": {"datetime": "2022-03-28 11:41:55", "elapsed": 227.952464, "delta": 1.332221}}
{"target": 0.7029447268227871, "params": {"a": 4.621939160115929, "dB": 11.321929700607013, "s": 0.10955860802959615}, "datetime": {"datetime": "2022-03-28 11:41:55", "elapsed": 228.581038, "delta": 0.628574}}
{"target": 0.5661119406305793, "params": {"a": 3.5, "dB": 10.5, "s": 1.3}, "datetime": {"datetime": "2022-03-28 11:41:56", "elapsed": 229.140535, "delta": 0.559497}}
{"target": 0.6148565128630872, "params": {"a": 4.325520399454644, "dB": 10.5, "s": 0.6575998302276204}, "datetime": {"datetime": "2022-03-28 11:41:57", "elapsed": 229.855145, "delta": 0.71461}}
{"target": 0.8253415612906184, "params": {"a": 4.103356320584482, "dB": 11.808155361668769, "s": 0.5836380868497054}, "datetime": {"datetime": "2022-03-28 11:41:57", "elapsed": 230.779981, "delta": 0.924836}}
{"target": 0.9301441568914862, "params": {"a": 4.188333797664818, "dB": 10.535315175151629, "s": 0.33080865867724896}, "datetime": {"datetime": "2022-03-28 11:41:58", "elapsed": 231.524064, "delta": 0.744083}}
{"target": 0.40847574579101203, "params": {"a": 6.295111092143065, "dB": 11.420959503423317, "s": 0.25682521156297067}, "datetime": {"datetime": "2022-03-28 11:41:59", "elapsed": 232.563429, "delta": 1.039365}}
{"target": 0.6054552586092312, "params": {"a": 5.49676929011782, "dB": 11.153260258796696, "s": 0.40436565578354233}, "datetime": {"datetime": "2022-03-28 11:42:00", "elapsed": 233.149123, "delta": 0.585694}}
{"target": 0.5860420360795069, "params": {"a": 3.5, "dB": 11.886287809661601, "s": 0.1}, "datetime": {"datetime": "2022-03-28 11:42:01", "elapsed": 234.144212, "delta": 0.995089}}
{"target": 0.4910003193644095, "params": {"a": 4.526539770758831, "dB": 12.575815819728025, "s": 0.9826805485227685}, "datetime": {"datetime": "2022-03-28 11:42:02", "elapsed": 235.142764, "delta": 0.998552}}
{"target": 0.9708572912973579, "params": {"a": 5.106359488009964, "dB": 10.857193207508736, "s": 0.515272166560535}, "datetime": {"datetime": "2022-03-28 11:42:02", "elapsed": 235.7499, "delta": 0.607136}}
{"target": 0.9647788187879415, "params": {"a": 5.0895827788887456, "dB": 10.550115809784966, "s": 0.5067660153053979}, "datetime": {"datetime": "2022-03-28 11:42:03", "elapsed": 236.561962, "delta": 0.812062}}
{"target": 0.4651910091265735, "params": {"a": 5.870770109675762, "dB": 12.98074889091828, "s": 0.500019136549491}, "datetime": {"datetime": "2022-03-28 11:42:04", "elapsed": 237.641922, "delta": 1.07996}}
{"target": 0.8743175707019757, "params": {"a": 4.917743322220895, "dB": 11.296149336626007, "s": 0.5548638024411109}, "datetime": {"datetime": "2022-03-28 11:42:05", "elapsed": 238.265081, "delta": 0.623159}}
{"target": 0.5435067117042055, "params": {"a": 3.5, "dB": 11.387078042446829, "s": 0.7587306955780837}, "datetime": {"datetime": "2022-03-28 11:42:06", "elapsed": 238.973654, "delta": 0.708573}}
{"target": 0.8233436755591536, "params": {"a": 6.704399144749163, "dB": 11.155290601393771, "s": 0.8330344312660822}, "datetime": {"datetime": "2022-03-28 11:42:07", "elapsed": 240.629434, "delta": 1.65578}}
{"target": 0.8711674321613236, "params": {"a": 4.69412727663008, "dB": 13.5, "s": 0.5684387592449779}, "datetime": {"datetime": "2022-03-28 11:42:09", "elapsed": 242.041904, "delta": 1.41247}}
{"target": 0.7269131587760778, "params": {"a": 6.89416729550266, "dB": 10.942898228750739, "s": 0.6701039109670621}, "datetime": {"datetime": "2022-03-28 11:42:11", "elapsed": 243.963909, "delta": 1.922005}}
{"target": 0.4976808419290771, "params": {"a": 4.57979692733241, "dB": 13.497365129842171, "s": 0.8578216518173291}, "datetime": {"datetime": "2022-03-28 11:42:12", "elapsed": 245.265184, "delta": 1.301275}}
{"target": 0.5843498576907505, "params": {"a": 4.587075407167973, "dB": 13.414276180027844, "s": 0.4033483862035132}, "datetime": {"datetime": "2022-03-28 11:42:14", "elapsed": 246.882827, "delta": 1.617643}}
{"target": 0.556064083855071, "params": {"a": 3.5, "dB": 11.54552289362965, "s": 1.3}, "datetime": {"datetime": "2022-03-28 11:42:15", "elapsed": 248.336875, "delta": 1.454048}}
{"target": 0.9753128452749122, "params": {"a": 5.0324567869898935, "dB": 10.686432593428135, "s": 0.4827638781266612}, "datetime": {"datetime": "2022-03-28 11:42:16", "elapsed": 249.230755, "delta": 0.89388}}
{"target": 0.8997773902053708, "params": {"a": 5.065074707463129, "dB": 11.029773762204664, "s": 0.5476408783041363}, "datetime": {"datetime": "2022-03-28 11:42:17", "elapsed": 249.936675, "delta": 0.70592}}
{"target": 0.807150086863991, "params": {"a": 5.8096069595935464, "dB": 11.285110033128495, "s": 0.5344812896562022}, "datetime": {"datetime": "2022-03-28 11:42:17", "elapsed": 250.781318, "delta": 0.844643}}
{"target": 0.8163475890772445, "params": {"a": 3.7531486379322496, "dB": 11.690484883190521, "s": 0.49869564933573507}, "datetime": {"datetime": "2022-03-28 11:42:18", "elapsed": 251.716061, "delta": 0.934743}}
{"target": 0.522729794580673, "params": {"a": 4.562679765008729, "dB": 10.5, "s": 1.3}, "datetime": {"datetime": "2022-03-28 11:42:19", "elapsed": 252.665343, "delta": 0.949282}}
{"target": 0.9638216444282223, "params": {"a": 5.221400165767247, "dB": 10.689666532029168, "s": 0.5072093175244151}, "datetime": {"datetime": "2022-03-28 11:42:20", "elapsed": 253.554838, "delta": 0.889495}}
{"target": 0.8037524786006156, "params": {"a": 7.5, "dB": 10.5, "s": 0.8103299681082292}, "datetime": {"datetime": "2022-03-28 11:42:24", "elapsed": 257.764423, "delta": 4.209585}}
{"target": 0.6441886942758286, "params": {"a": 3.555539399238544, "dB": 12.737872920271952, "s": 0.2042337556700803}, "datetime": {"datetime": "2022-03-28 11:42:25", "elapsed": 258.764204, "delta": 0.999781}}
{"target": 0.9151424501744191, "params": {"a": 5.4240462718278035, "dB": 11.98509874649752, "s": 0.6070924973416261}, "datetime": {"datetime": "2022-03-28 11:42:27", "elapsed": 260.167391, "delta": 1.403187}}
{"target": 0.598630487632811, "params": {"a": 5.420725213658623, "dB": 12.216027355691672, "s": 0.8614966968644243}, "datetime": {"datetime": "2022-03-28 11:42:28", "elapsed": 261.334393, "delta": 1.167002}}
{"target": 0.9614658891005186, "params": {"a": 4.855907219118862, "dB": 11.447261183775908, "s": 0.5357655959772346}, "datetime": {"datetime": "2022-03-28 11:42:29", "elapsed": 261.99963, "delta": 0.665237}}
{"target": 0.9435446257779194, "params": {"a": 4.7936563895258235, "dB": 11.662402144053733, "s": 0.5408146692827959}, "datetime": {"datetime": "2022-03-28 11:42:30", "elapsed": 262.874358, "delta": 0.874728}}
{"target": 0.5369939834994606, "params": {"a": 4.870133870671418, "dB": 11.573918104204854, "s": 0.3479425972548361}, "datetime": {"datetime": "2022-03-28 11:42:30", "elapsed": 263.642828, "delta": 0.76847}}
{"target": 0.8895102764057198, "params": {"a": 4.71226937112343, "dB": 11.54057252856974, "s": 0.6482201028102934}, "datetime": {"datetime": "2022-03-28 11:42:31", "elapsed": 264.439014, "delta": 0.796186}}
{"target": 0.9356586912183447, "params": {"a": 4.910270446932589, "dB": 11.602681508523622, "s": 0.6385362629782213}, "datetime": {"datetime": "2022-03-28 11:42:32", "elapsed": 265.223487, "delta": 0.784473}}
{"target": 0.40648722285823424, "params": {"a": 4.813181315543814, "dB": 11.754154537631209, "s": 0.1853715762528926}, "datetime": {"datetime": "2022-03-28 11:42:33", "elapsed": 265.973032, "delta": 0.749545}}
{"target": 0.8112905854073259, "params": {"a": 4.012739261368004, "dB": 10.607957680717508, "s": 0.4977320688686737}, "datetime": {"datetime": "2022-03-28 11:42:33", "elapsed": 266.460541, "delta": 0.487509}}
{"target": 0.9079436960590166, "params": {"a": 4.7411386724675735, "dB": 11.818731530139821, "s": 0.6361752871938662}, "datetime": {"datetime": "2022-03-28 11:42:34", "elapsed": 267.520196, "delta": 1.059655}}
{"target": 0.7720617415038719, "params": {"a": 5.264460078287591, "dB": 11.971563314098075, "s": 0.5443776596680033}, "datetime": {"datetime": "2022-03-28 11:42:36", "elapsed": 268.982845, "delta": 1.462649}}
{"target": 0.8892878709223221, "params": {"a": 4.540730967787531, "dB": 11.985435790970142, "s": 0.539063996914327}, "datetime": {"datetime": "2022-03-28 11:42:37", "elapsed": 270.118184, "delta": 1.135339}}
{"target": 0.8873916213750203, "params": {"a": 4.662486229199551, "dB": 12.22847710686124, "s": 0.5484700886818522}, "datetime": {"datetime": "2022-03-28 11:42:38", "elapsed": 271.4525, "delta": 1.334316}}
{"target": 0.83180812414402, "params": {"a": 4.791916661863631, "dB": 12.041560261572679, "s": 0.523177650745812}, "datetime": {"datetime": "2022-03-28 11:42:39", "elapsed": 272.749329, "delta": 1.296829}}
{"target": 0.887012514903496, "params": {"a": 4.518865038428243, "dB": 12.556208700869316, "s": 0.5590918802173762}, "datetime": {"datetime": "2022-03-28 11:42:41", "elapsed": 274.18293, "delta": 1.433601}}
{"target": 0.7864141967729581, "params": {"a": 4.421213489719301, "dB": 12.309802183893604, "s": 0.45952903753631047}, "datetime": {"datetime": "2022-03-28 11:42:42", "elapsed": 275.368247, "delta": 1.185317}}
{"target": 0.8421020087057018, "params": {"a": 4.764315143970499, "dB": 12.468313529649906, "s": 0.5313691125539551}, "datetime": {"datetime": "2022-03-28 11:42:43", "elapsed": 276.641096, "delta": 1.272849}}
{"target": 0.8880965322546158, "params": {"a": 4.677354289334352, "dB": 12.815326121057037, "s": 0.6346701465053806}, "datetime": {"datetime": "2022-03-28 11:42:45", "elapsed": 278.057248, "delta": 1.416152}}
{"target": 0.7816466556832767, "params": {"a": 3.7873609287210708, "dB": 13.04257396338252, "s": 0.4719521903192667}, "datetime": {"datetime": "2022-03-28 11:42:46", "elapsed": 279.355928, "delta": 1.29868}}
{"target": 0.8193063517249308, "params": {"a": 4.21939021781242, "dB": 13.5, "s": 0.5466601271400222}, "datetime": {"datetime": "2022-03-28 11:42:47", "elapsed": 280.604907, "delta": 1.248979}}
{"target": 0.802703801428184, "params": {"a": 7.49588434603754, "dB": 10.839779529960689, "s": 0.8061779245833728}, "datetime": {"datetime": "2022-03-28 11:42:51", "elapsed": 284.675136, "delta": 4.070229}}
{"target": 0.01876189412538642, "params": {"a": 7.5, "dB": 10.5, "s": 0.1}, "datetime": {"datetime": "2022-03-28 11:42:55", "elapsed": 288.704669, "delta": 4.029533}}
{"target": 0.9335841383380724, "params": {"a": 7.220834211585282, "dB": 10.690401586754252, "s": 0.7868398299761463}, "datetime": {"datetime": "2022-03-28 11:42:58", "elapsed": 291.325478, "delta": 2.620809}}
{"target": 0.9333065671944308, "params": {"a": 7.1948084275309325, "dB": 10.520322138861324, "s": 0.7897077964493942}, "datetime": {"datetime": "2022-03-28 11:43:01", "elapsed": 294.039543, "delta": 2.714065}}
{"target": 0.8326748727070649, "params": {"a": 7.024929270166048, "dB": 10.601805017856565, "s": 0.7310872475032384}, "datetime": {"datetime": "2022-03-28 11:43:03", "elapsed": 296.494168, "delta": 2.454625}}
{"target": 0.6877532034365043, "params": {"a": 7.375029322691562, "dB": 10.652689578428916, "s": 0.9724584156540973}, "datetime": {"datetime": "2022-03-28 11:43:06", "elapsed": 299.76643, "delta": 3.272262}}
{"target": 0.6899646790181133, "params": {"a": 7.343172833036089, "dB": 10.624895064732597, "s": 0.7134103593407072}, "datetime": {"datetime": "2022-03-28 11:43:10", "elapsed": 302.92553, "delta": 3.1591}}
{"target": 0.7638313031449986, "params": {"a": 7.200608313036092, "dB": 10.985092360569695, "s": 0.9064113554641527}, "datetime": {"datetime": "2022-03-28 11:43:12", "elapsed": 305.442881, "delta": 2.517351}}
{"target": 0.8859330572935389, "params": {"a": 4.859734744218008, "dB": 12.983007395762584, "s": 0.5721402393850364}, "datetime": {"datetime": "2022-03-28 11:43:13", "elapsed": 306.622341, "delta": 1.17946}}
{"target": 0.7686379850632928, "params": {"a": 7.059356339209993, "dB": 10.52513859168348, "s": 0.9081331570576128}, "datetime": {"datetime": "2022-03-28 11:43:16", "elapsed": 309.251766, "delta": 2.629425}}
{"target": 0.8104377195021415, "params": {"a": 7.282351410508383, "dB": 11.279321129195711, "s": 0.7573834393060392}, "datetime": {"datetime": "2022-03-28 11:43:19", "elapsed": 312.591265, "delta": 3.339499}}
{"target": 0.7415450222125378, "params": {"a": 3.8908922264957075, "dB": 12.64592868103385, "s": 0.5674938804985148}, "datetime": {"datetime": "2022-03-28 11:43:21", "elapsed": 314.060904, "delta": 1.469639}}
{"target": 0.5924670171655511, "params": {"a": 5.429074538867775, "dB": 10.5, "s": 1.3}, "datetime": {"datetime": "2022-03-28 11:43:22", "elapsed": 314.847246, "delta": 0.786342}}
{"target": 0.5693535068035812, "params": {"a": 7.5, "dB": 11.111563003525536, "s": 0.6992389069643047}, "datetime": {"datetime": "2022-03-28 11:43:26", "elapsed": 318.854497, "delta": 4.007251}}
{"target": 0.5620778836394823, "params": {"a": 4.11416822583203, "dB": 11.385184301143008, "s": 1.3}, "datetime": {"datetime": "2022-03-28 11:43:27", "elapsed": 320.043166, "delta": 1.188669}}
