{"target": 0.8320290466444721, "params": {"a": 7.830722534994027, "dB": 10.700987776676696, "s": 1.0179064643396747}, "datetime": {"datetime": "2022-03-28 22:28:05", "elapsed": 2966.09764, "delta": 10.860062}}
{"target": 0.4868360368512187, "params": {"a": 8.018385963945148, "dB": 10.5, "s": 1.2242601069370265}, "datetime": {"datetime": "2022-03-28 22:28:19", "elapsed": 2979.782547, "delta": 13.684907}}
{"target": 0.9284182994615433, "params": {"a": 6.403185820518745, "dB": 11.066976420024652, "s": 0.7986399472151251}, "datetime": {"datetime": "2022-03-28 22:28:24", "elapsed": 2985.453064, "delta": 5.670517}}
{"target": 0.8393629890900349, "params": {"a": 5.1168725407414, "dB": 13.5, "s": 0.7073798262480081}, "datetime": {"datetime": "2022-03-28 22:29:21", "elapsed": 3041.723387, "delta": 56.270323}}
{"target": 0.5288879182566961, "params": {"a": 5.211742247930062, "dB": 13.479293170333234, "s": 0.9719308316631257}, "datetime": {"datetime": "2022-03-28 22:30:17", "elapsed": 3097.844437, "delta": 56.12105}}
{"target": 0.42778677790074066, "params": {"a": 5.20882058834432, "dB": 13.471731166993978, "s": 0.427605214287905}, "datetime": {"datetime": "2022-03-28 22:31:13", "elapsed": 3154.051025, "delta": 56.206588}}
{"target": 0.8593763460971858, "params": {"a": 4.50276992679046, "dB": 10.874347499508533, "s": 0.5208967102247288}, "datetime": {"datetime": "2022-03-28 22:31:15", "elapsed": 3156.435393, "delta": 2.384368}}
{"target": 0.695176539039077, "params": {"a": 5.930308524979238, "dB": 11.930080708314792, "s": 0.6779440586704338}, "datetime": {"datetime": "2022-03-28 22:31:23", "elapsed": 3163.806129, "delta": 7.370736}}
{"target": 0.9256933968432172, "params": {"a": 6.055081497874445, "dB": 11.959224395501375, "s": 0.9032789002873345}, "datetime": {"datetime": "2022-03-28 22:31:30", "elapsed": 3171.171736, "delta": 7.365607}}
{"target": 0.9475808515246, "params": {"a": 7.3453059715484965, "dB": 11.645701842715582, "s": 0.887886433289106}, "datetime": {"datetime": "2022-03-28 22:31:38", "elapsed": 3178.609786, "delta": 7.43805}}
{"target": 0.9149839383637111, "params": {"a": 7.249592641461549, "dB": 11.881799213051465, "s": 0.8626258221747858}, "datetime": {"datetime": "2022-03-28 22:31:45", "elapsed": 3186.151546, "delta": 7.54176}}
{"target": 0.4017378678799071, "params": {"a": 6.993888865178832, "dB": 11.420959503423317, "s": 0.4568252115629707}, "datetime": {"datetime": "2022-03-28 22:31:51", "elapsed": 3191.670667, "delta": 5.519121}}
{"target": 0.581573575913695, "params": {"a": 5.995961612647275, "dB": 11.153260258796696, "s": 0.6043656557835424}, "datetime": {"datetime": "2022-03-28 22:31:56", "elapsed": 3197.111675, "delta": 5.441008}}
{"target": 0.6520112928971676, "params": {"a": 7.395944805852348, "dB": 11.870862224878627, "s": 1.0341545546146673}, "datetime": {"datetime": "2022-03-28 22:32:04", "elapsed": 3204.570598, "delta": 7.458923}}
{"target": 0.5163201448563305, "params": {"a": 4.783174713448538, "dB": 12.575815819728025, "s": 1.1826805485227685}, "datetime": {"datetime": "2022-03-28 22:32:32", "elapsed": 3233.303734, "delta": 28.733136}}
{"target": 0.9305663984704285, "params": {"a": 7.151829546031786, "dB": 11.774088431501234, "s": 0.8431554966305759}, "datetime": {"datetime": "2022-03-28 22:32:38", "elapsed": 3238.902935, "delta": 5.599201}}
{"target": 0.5600737769253779, "params": {"a": 7.288041260906582, "dB": 11.782322766525336, "s": 0.7105053749600456}, "datetime": {"datetime": "2022-03-28 22:32:45", "elapsed": 3246.241276, "delta": 7.338341}}
{"target": 0.5006394094890615, "params": {"a": 6.463462637094703, "dB": 12.98074889091828, "s": 0.700019136549491}, "datetime": {"datetime": "2022-03-28 22:33:14", "elapsed": 3275.017617, "delta": 28.776341}}
{"target": 0.8858610623754593, "params": {"a": 7.093964755108441, "dB": 11.91883981945253, "s": 0.961288866825157}, "datetime": {"datetime": "2022-03-28 22:33:21", "elapsed": 3282.435541, "delta": 7.417924}}
{"target": 0.7236294984949697, "params": {"a": 4.908481534233287, "dB": 13.487371127993505, "s": 0.7919439642388153}, "datetime": {"datetime": "2022-03-28 22:34:17", "elapsed": 3338.170979, "delta": 55.735438}}
{"target": 0.42804203724257467, "params": {"a": 8.491922851517305, "dB": 11.126462050724562, "s": 1.3916429065821805}, "datetime": {"datetime": "2022-03-28 22:34:41", "elapsed": 3362.427171, "delta": 24.256192}}
{"target": 0.5548977637704178, "params": {"a": 5.933520639763391, "dB": 13.000340333744994, "s": 1.4732396727298234}, "datetime": {"datetime": "2022-03-28 22:35:10", "elapsed": 3391.407172, "delta": 28.980001}}
{"target": 0.7549969526804985, "params": {"a": 7.7427091193783255, "dB": 10.942898228750739, "s": 0.8701039109670621}, "datetime": {"datetime": "2022-03-28 22:35:22", "elapsed": 3402.91931, "delta": 11.512138}}
{"target": 0.7990480988722917, "params": {"a": 7.198806355591855, "dB": 11.747580838770457, "s": 0.9690939472641974}, "datetime": {"datetime": "2022-03-28 22:35:27", "elapsed": 3408.467705, "delta": 5.548395}}
{"target": 0.9698283231743348, "params": {"a": 7.221679081302429, "dB": 12.13447149495826, "s": 0.8947762872074825}, "datetime": {"datetime": "2022-03-28 22:35:35", "elapsed": 3416.014717, "delta": 7.547012}}
{"target": 0.8548931051592029, "params": {"a": 7.285075075973307, "dB": 12.278652730344788, "s": 1.0478738677015027}, "datetime": {"datetime": "2022-03-28 22:35:52", "elapsed": 3433.026475, "delta": 17.011758}}
{"target": 0.8344193251397964, "params": {"a": 7.401502974817632, "dB": 12.231224914632163, "s": 0.8901360057836185}, "datetime": {"datetime": "2022-03-28 22:36:06", "elapsed": 3447.167467, "delta": 14.140992}}
{"target": 0.7233784153326019, "params": {"a": 7.106336848299406, "dB": 11.950237760749971, "s": 0.7955646606642017}, "datetime": {"datetime": "2022-03-28 22:36:14", "elapsed": 3454.530978, "delta": 7.363511}}
{"target": 0.57502707239517, "params": {"a": 7.136565082975802, "dB": 12.127521046335252, "s": 1.0598510649096007}, "datetime": {"datetime": "2022-03-28 22:36:21", "elapsed": 3462.070917, "delta": 7.539939}}
{"target": 0.6240956802602332, "params": {"a": 7.218737158520136, "dB": 12.256819765121843, "s": 0.8137177088957195}, "datetime": {"datetime": "2022-03-28 22:36:35", "elapsed": 3476.165625, "delta": 14.094708}}
{"target": 0.9083759377496816, "params": {"a": 7.289285401100081, "dB": 12.117441660966485, "s": 0.9503454433226535}, "datetime": {"datetime": "2022-03-28 22:36:43", "elapsed": 3483.652771, "delta": 7.487146}}
{"target": 0.7052028869001342, "params": {"a": 7.596397137633382, "dB": 12.262141542411563, "s": 1.0902754574521716}, "datetime": {"datetime": "2022-03-28 22:36:56", "elapsed": 3496.764818, "delta": 13.112047}}
{"target": 0.8084222269452036, "params": {"a": 3.9253140554167385, "dB": 11.519283672736146, "s": 0.5547235553010953}, "datetime": {"datetime": "2022-03-28 22:37:02", "elapsed": 3502.588459, "delta": 5.823641}}
{"target": 0.7674481517045812, "params": {"a": 3.56942424904818, "dB": 12.737872920271952, "s": 0.4042337556700803}, "datetime": {"datetime": "2022-03-28 22:37:31", "elapsed": 3532.010019, "delta": 29.42156}}
{"target": 0.8673231191143049, "params": {"a": 5.324272649419393, "dB": 11.717293613979285, "s": 0.675897576252388}, "datetime": {"datetime": "2022-03-28 22:37:37", "elapsed": 3537.718334, "delta": 5.708315}}
{"target": 0.8616206223097632, "params": {"a": 6.016444546885566, "dB": 11.658504711707886, "s": 0.9161551002276633}, "datetime": {"datetime": "2022-03-28 22:37:42", "elapsed": 3543.296362, "delta": 5.578028}}
{"target": 0.9376657286558626, "params": {"a": 5.194884023898577, "dB": 11.447261183775908, "s": 0.7357655959772347}, "datetime": {"datetime": "2022-03-28 22:37:48", "elapsed": 3548.744015, "delta": 5.447653}}
{"target": 0.7230415465993215, "params": {"a": 5.246777312934, "dB": 11.332177741230531, "s": 0.5794120823876243}, "datetime": {"datetime": "2022-03-28 22:37:53", "elapsed": 3554.31689, "delta": 5.572875}}
{"target": 0.6978111039191439, "params": {"a": 3.6358438366038097, "dB": 11.507541938569206, "s": 0.5733183939498585}, "datetime": {"datetime": "2022-03-28 22:37:59", "elapsed": 3559.742918, "delta": 5.426028}}
{"target": 0.6548474028226333, "params": {"a": 6.474991274364266, "dB": 10.993065909778931, "s": 0.9755599193285132}, "datetime": {"datetime": "2022-03-28 22:38:02", "elapsed": 3563.004257, "delta": 3.261339}}
{"target": 0.9952737086328518, "params": {"a": 6.215798793201994, "dB": 11.807348169142918, "s": 0.8394392506314792}, "datetime": {"datetime": "2022-03-28 22:38:08", "elapsed": 3568.614841, "delta": 5.610584}}
{"target": 0.4241012065968313, "params": {"a": 5.141476644429768, "dB": 11.754154537631209, "s": 0.3853715762528926}, "datetime": {"datetime": "2022-03-28 22:38:13", "elapsed": 3573.951094, "delta": 5.336253}}
{"target": 0.7325213819037398, "params": {"a": 4.1409240767100055, "dB": 10.607957680717508, "s": 0.6977320688686737}, "datetime": {"datetime": "2022-03-28 22:38:14", "elapsed": 3574.978683, "delta": 1.027589}}
{"target": 0.902958957301111, "params": {"a": 4.268445617967672, "dB": 10.5, "s": 0.5046533410820043}, "datetime": {"datetime": "2022-03-28 22:38:15", "elapsed": 3576.042059, "delta": 1.063376}}
{"target": 0.8852677993185749, "params": {"a": 6.2309701109953375, "dB": 12.03978603006804, "s": 0.7885656568600846}, "datetime": {"datetime": "2022-03-28 22:38:23", "elapsed": 3583.569058, "delta": 7.526999}}
{"target": 0.8191829381848604, "params": {"a": 4.822707697452433, "dB": 11.92966622989746, "s": 0.7600361966506863}, "datetime": {"datetime": "2022-03-28 22:38:30", "elapsed": 3590.890126, "delta": 7.321068}}
{"target": 0.949704521627004, "params": {"a": 5.634654567166604, "dB": 11.962587703675583, "s": 0.8155601893514708}, "datetime": {"datetime": "2022-03-28 22:38:37", "elapsed": 3598.20189, "delta": 7.311764}}
{"target": 0.8985803546481491, "params": {"a": 5.0155201183552665, "dB": 12.154966482465722, "s": 0.707791828487309}, "datetime": {"datetime": "2022-03-28 22:38:45", "elapsed": 3605.528555, "delta": 7.326665}}
{"target": 0.8319243361554178, "params": {"a": 4.801903095091024, "dB": 12.151059281323397, "s": 0.5926615622340796}, "datetime": {"datetime": "2022-03-28 22:38:52", "elapsed": 3612.87055, "delta": 7.341995}}
{"target": 0.6654538376269173, "params": {"a": 4.8322109546180085, "dB": 12.19197565882282, "s": 0.8498405827895485}, "datetime": {"datetime": "2022-03-28 22:39:01", "elapsed": 3622.040449, "delta": 9.169899}}
{"target": 0.9853328195622478, "params": {"a": 5.803258486296476, "dB": 11.18091410088308, "s": 0.8053516677369421}, "datetime": {"datetime": "2022-03-28 22:39:07", "elapsed": 3627.819288, "delta": 5.778839}}
{"target": 0.6767510002401933, "params": {"a": 5.09923124031471, "dB": 12.17726138015649, "s": 0.5515316755011526}, "datetime": {"datetime": "2022-03-28 22:39:14", "elapsed": 3635.239373, "delta": 7.420085}}
{"target": 0.710088788629114, "params": {"a": 4.622000028942532, "dB": 11.904405583211883, "s": 0.4730165941586918}, "datetime": {"datetime": "2022-03-28 22:39:22", "elapsed": 3642.731627, "delta": 7.492254}}
{"target": 0.8091731277109917, "params": {"a": 3.9318182055419295, "dB": 11.528337379535595, "s": 0.5554655241735367}, "datetime": {"datetime": "2022-03-28 22:39:27", "elapsed": 3648.267594, "delta": 5.535967}}
{"target": 0.8851735422573583, "params": {"a": 5.019899423968238, "dB": 11.95674395610746, "s": 0.7503105414719435}, "datetime": {"datetime": "2022-03-28 22:39:35", "elapsed": 3655.623851, "delta": 7.356257}}
{"target": 0.7465985427680427, "params": {"a": 3.5174651963873504, "dB": 13.176153340413379, "s": 0.3733757852215034}, "datetime": {"datetime": "2022-03-28 22:40:16", "elapsed": 3696.904826, "delta": 41.280975}}
{"target": 0.48393326974019857, "params": {"a": 6.564253604724212, "dB": 13.5, "s": 1.5}, "datetime": {"datetime": "2022-03-28 22:41:12", "elapsed": 3753.229001, "delta": 56.324175}}
{"target": 0.7147889247506148, "params": {"a": 6.097638769794284, "dB": 12.176298635565141, "s": 0.9842070618967307}, "datetime": {"datetime": "2022-03-28 22:41:20", "elapsed": 3760.599333, "delta": 7.370332}}
{"target": 0.9372124183899998, "params": {"a": 6.18061589116499, "dB": 11.715050909546312, "s": 0.7897756662338976}, "datetime": {"datetime": "2022-03-28 22:41:25", "elapsed": 3766.19511, "delta": 5.595777}}
{"target": 0.9400362937019832, "params": {"a": 6.414514334668785, "dB": 11.78681880655471, "s": 0.9048502301259409}, "datetime": {"datetime": "2022-03-28 22:41:31", "elapsed": 3771.820132, "delta": 5.625022}}
{"target": 0.5642789279691812, "params": {"a": 5.251778228244308, "dB": 10.5, "s": 1.5}, "datetime": {"datetime": "2022-03-28 22:41:32", "elapsed": 3772.988695, "delta": 1.168563}}
{"target": 0.4954462606172198, "params": {"a": 8.5, "dB": 11.609582117903031, "s": 0.8281931430202574}, "datetime": {"datetime": "2022-03-28 22:41:56", "elapsed": 3797.433445, "delta": 24.44475}}
{"target": 0.6271204574770566, "params": {"a": 4.750461709484206, "dB": 11.203329728335802, "s": 1.278459555703772}, "datetime": {"datetime": "2022-03-28 22:42:02", "elapsed": 3802.742182, "delta": 5.308737}}
{"target": 0.20347811271235045, "params": {"a": 8.5, "dB": 13.5, "s": 0.3}, "datetime": {"datetime": "2022-03-28 22:42:58", "elapsed": 3859.389441, "delta": 56.647259}}
{"target": 0.6069068674502915, "params": {"a": 5.499439827220057, "dB": 12.522731525764861, "s": 1.5}, "datetime": {"datetime": "2022-03-28 22:43:28", "elapsed": 3888.718974, "delta": 29.329533}}
{"target": 0.47206413061475394, "params": {"a": 3.5, "dB": 12.903632501890797, "s": 0.7204819202576008}, "datetime": {"datetime": "2022-03-28 22:43:54", "elapsed": 3915.143494, "delta": 26.42452}}
{"target": 0.8638196610850206, "params": {"a": 3.9973607834231055, "dB": 11.127266512499265, "s": 0.5022667706300179}, "datetime": {"datetime": "2022-03-28 22:44:00", "elapsed": 3920.658222, "delta": 5.514728}}
{"target": 0.7206046048367369, "params": {"a": 5.117118567826983, "dB": 10.979853782491237, "s": 0.8844746926674439}, "datetime": {"datetime": "2022-03-28 22:44:03", "elapsed": 3923.948353, "delta": 3.290131}}
{"target": 0.8069444570344071, "params": {"a": 4.451517080202353, "dB": 12.28828864827685, "s": 0.5179326836555689}, "datetime": {"datetime": "2022-03-28 22:44:20", "elapsed": 3941.102039, "delta": 17.153686}}
{"target": 0.5408629102280754, "params": {"a": 4.074012213988009, "dB": 10.5, "s": 1.5}, "datetime": {"datetime": "2022-03-28 22:44:21", "elapsed": 3942.236078, "delta": 1.134039}}
{"target": 0.7662379996141191, "params": {"a": 4.173476211684363, "dB": 12.249881292743375, "s": 0.6336192890858362}, "datetime": {"datetime": "2022-03-28 22:44:35", "elapsed": 3956.068825, "delta": 13.832747}}
{"target": 0.4673875662783902, "params": {"a": 3.523754433233965, "dB": 13.4856185202501, "s": 1.4757039134078183}, "datetime": {"datetime": "2022-03-28 22:45:31", "elapsed": 4012.394966, "delta": 56.326141}}
{"target": 0.5745010704200092, "params": {"a": 4.174957975752737, "dB": 10.668827390264873, "s": 1.3835162223252182}, "datetime": {"datetime": "2022-03-28 22:45:32", "elapsed": 4013.439523, "delta": 1.044557}}
{"target": 0.45768052850214497, "params": {"a": 3.850471882191294, "dB": 13.424538029242836, "s": 0.7855042500076264}, "datetime": {"datetime": "2022-03-28 22:46:28", "elapsed": 4069.468549, "delta": 56.029026}}
{"target": 0.5449975073241986, "params": {"a": 4.799813917761821, "dB": 11.147596352754904, "s": 1.0377207884583608}, "datetime": {"datetime": "2022-03-28 22:46:34", "elapsed": 4074.958198, "delta": 5.489649}}
{"target": 0.44875511662355844, "params": {"a": 4.655482900890276, "dB": 12.262691703449647, "s": 0.3}, "datetime": {"datetime": "2022-03-28 22:46:48", "elapsed": 4088.909272, "delta": 13.951074}}
{"target": 0.6102515115188191, "params": {"a": 8.5, "dB": 13.5, "s": 1.2187057126471215}, "datetime": {"datetime": "2022-03-28 22:47:44", "elapsed": 4145.445886, "delta": 56.536614}}
{"target": 0.8358988125127645, "params": {"a": 3.7545959308808254, "dB": 11.406045299533922, "s": 0.4210139933149285}, "datetime": {"datetime": "2022-03-28 22:47:50", "elapsed": 4151.114556, "delta": 5.66867}}
{"target": 0.9675498314762642, "params": {"a": 6.312866186589267, "dB": 11.95483269518372, "s": 0.9028489170039988}, "datetime": {"datetime": "2022-03-28 22:47:58", "elapsed": 4158.602566, "delta": 7.48801}}
{"target": 0.7176974574146614, "params": {"a": 4.398192068790473, "dB": 12.084291068593238, "s": 0.7285298709026258}, "datetime": {"datetime": "2022-03-28 22:48:05", "elapsed": 4166.012188, "delta": 7.409622}}
{"target": 0.7090702222906442, "params": {"a": 3.5, "dB": 13.5, "s": 0.3}, "datetime": {"datetime": "2022-03-28 22:49:01", "elapsed": 4222.286059, "delta": 56.273871}}
{"target": 0.48887440709248436, "params": {"a": 4.725075558772845, "dB": 13.5, "s": 1.5}, "datetime": {"datetime": "2022-03-28 22:49:57", "elapsed": 4278.19333, "delta": 55.907271}}
{"target": 0.7583607367227491, "params": {"a": 5.0366604543357365, "dB": 10.505021885742499, "s": 0.8001708338079916}, "datetime": {"datetime": "2022-03-28 22:49:58", "elapsed": 4279.340243, "delta": 1.146913}}
{"target": 0.7520347162866079, "params": {"a": 3.5, "dB": 12.477195475950097, "s": 0.3}, "datetime": {"datetime": "2022-03-28 22:50:27", "elapsed": 4308.309113, "delta": 28.96887}}
{"target": 0.5843534067694126, "params": {"a": 5.5885248660936, "dB": 13.5, "s": 1.5}, "datetime": {"datetime": "2022-03-28 22:51:23", "elapsed": 4363.682179, "delta": 55.373066}}
{"target": 0.9839336924478369, "params": {"a": 7.692435506627018, "dB": 13.251762550598114, "s": 1.0787409554804088}, "datetime": {"datetime": "2022-03-28 22:52:04", "elapsed": 4404.663096, "delta": 40.980917}}
{"target": 0.6022939151229609, "params": {"a": 5.380430584071504, "dB": 11.167044258593563, "s": 1.5}, "datetime": {"datetime": "2022-03-28 22:52:09", "elapsed": 4410.490486, "delta": 5.82739}}
{"target": 0.78895127811759, "params": {"a": 4.375506714371198, "dB": 12.4962212210522, "s": 0.6573777461026742}, "datetime": {"datetime": "2022-03-28 22:52:38", "elapsed": 4439.33617, "delta": 28.845684}}
{"target": 0.4602304232479262, "params": {"a": 8.474914835075282, "dB": 11.881709477470444, "s": 1.4652282272852872}, "datetime": {"datetime": "2022-03-28 22:53:03", "elapsed": 4463.825363, "delta": 24.489193}}
{"target": 0.6066383503881004, "params": {"a": 4.529390423999468, "dB": 12.366663314542599, "s": 1.264494696883039}, "datetime": {"datetime": "2022-03-28 22:53:23", "elapsed": 4484.168367, "delta": 20.343004}}
{"target": 0.6588732559352942, "params": {"a": 3.8621897581575926, "dB": 12.819598126581443, "s": 0.3}, "datetime": {"datetime": "2022-03-28 22:53:52", "elapsed": 4513.425095, "delta": 29.256728}}
{"target": 0.43930198051666597, "params": {"a": 5.97649148774772, "dB": 10.5, "s": 0.3}, "datetime": {"datetime": "2022-03-28 22:53:54", "elapsed": 4514.904351, "delta": 1.479256}}
{"target": 0.8584034743798108, "params": {"a": 5.593207113677405, "dB": 12.236077572442944, "s": 0.7385891238736334}, "datetime": {"datetime": "2022-03-28 22:54:08", "elapsed": 4528.636309, "delta": 13.731958}}
{"target": 0.5750007229654582, "params": {"a": 4.3419017695145055, "dB": 11.619329685649221, "s": 0.8485231059876097}, "datetime": {"datetime": "2022-03-28 22:54:13", "elapsed": 4534.086397, "delta": 5.450088}}
{"target": 0.7954698398877637, "params": {"a": 5.32711110192339, "dB": 12.40431165716503, "s": 0.8654768038153537}, "datetime": {"datetime": "2022-03-28 22:54:42", "elapsed": 4562.995774, "delta": 28.909377}}
{"target": 0.5848879184904997, "params": {"a": 4.085367064759125, "dB": 12.828318820794806, "s": 1.2217698404018424}, "datetime": {"datetime": "2022-03-28 22:55:11", "elapsed": 4592.145485, "delta": 29.149711}}
{"target": 0.7724500701071461, "params": {"a": 4.62169324370889, "dB": 11.373499975717051, "s": 0.49865904939247085}, "datetime": {"datetime": "2022-03-28 22:55:17", "elapsed": 4597.759019, "delta": 5.613534}}
{"target": 0.7517556330490694, "params": {"a": 5.618618362310072, "dB": 12.516761507918522, "s": 0.9388231168511818}, "datetime": {"datetime": "2022-03-28 22:55:46", "elapsed": 4626.810846, "delta": 29.051827}}
{"target": 0.8353503701595903, "params": {"a": 3.5053785168985927, "dB": 10.847797868374876, "s": 0.37104529018091803}, "datetime": {"datetime": "2022-03-28 22:55:48", "elapsed": 4628.837796, "delta": 2.02695}}
{"target": 0.5443971419395446, "params": {"a": 4.6571574269073555, "dB": 11.45146145189994, "s": 1.1216417240145147}, "datetime": {"datetime": "2022-03-28 22:55:53", "elapsed": 4634.34322, "delta": 5.505424}}
{"target": 0.7371019100639725, "params": {"a": 7.685904258876009, "dB": 10.649494328467021, "s": 0.8602245981390995}, "datetime": {"datetime": "2022-03-28 22:56:05", "elapsed": 4646.143084, "delta": 11.799864}}
{"target": 0.8609142129667702, "params": {"a": 7.121696982743611, "dB": 10.779869322028599, "s": 0.9524899178114221}, "datetime": {"datetime": "2022-03-28 22:56:11", "elapsed": 4651.734601, "delta": 5.591517}}
{"target": 0.9582596092872497, "params": {"a": 7.013565243369321, "dB": 10.50817235825188, "s": 0.9009944426861307}, "datetime": {"datetime": "2022-03-28 22:56:16", "elapsed": 4657.212436, "delta": 5.477835}}
{"target": 0.5675921137404493, "params": {"a": 7.086467310385285, "dB": 10.5, "s": 1.0978480705324947}, "datetime": {"datetime": "2022-03-28 22:56:22", "elapsed": 4662.806677, "delta": 5.594241}}
{"target": 0.6473954837230013, "params": {"a": 7.068670068568633, "dB": 10.508500481524338, "s": 0.7145030899880704}, "datetime": {"datetime": "2022-03-28 22:56:28", "elapsed": 4668.618476, "delta": 5.811799}}
{"target": 0.5732913250907292, "params": {"a": 4.16660093177819, "dB": 12.937366144185532, "s": 1.2650671142450796}, "datetime": {"datetime": "2022-03-28 22:56:56", "elapsed": 4697.326173, "delta": 28.707697}}
