{"target": 0.9897560202953322, "params": {"a": 4.103397457941175, "dB": 9.752100778990046, "s": 0.790128391484248}, "datetime": {"datetime": "2022-03-28 13:25:02", "elapsed": 63.136398, "delta": 0.452675}}
{"target": 0.9875666797494457, "params": {"a": 4.235266490605442, "dB": 8.72635583155032, "s": 0.7269933360008858}, "datetime": {"datetime": "2022-03-28 13:25:02", "elapsed": 63.487541, "delta": 0.351143}}
{"target": 0.9468702354199597, "params": {"a": 3.349245443403309, "dB": 7.5, "s": 0.638999490788601}, "datetime": {"datetime": "2022-03-28 13:25:03", "elapsed": 63.863079, "delta": 0.375538}}
{"target": 0.9828679883622035, "params": {"a": 3.552844235236235, "dB": 9.382025720986935, "s": 0.6647788383378536}, "datetime": {"datetime": "2022-03-28 13:25:03", "elapsed": 64.343975, "delta": 0.480896}}
{"target": 0.9308703933974002, "params": {"a": 3.4844312824069417, "dB": 8.552569154532298, "s": 0.5418918433463966}, "datetime": {"datetime": "2022-03-28 13:25:03", "elapsed": 64.646763, "delta": 0.302788}}
{"target": 0.9749172188777855, "params": {"a": 3.1733655623000345, "dB": 8.309874833764137, "s": 0.628024644479335}, "datetime": {"datetime": "2022-03-28 13:25:04", "elapsed": 65.181394, "delta": 0.534631}}
{"target": 0.9723771014137037, "params": {"a": 3.7389710339513815, "dB": 9.696194488847835, "s": 0.719346397682672}, "datetime": {"datetime": "2022-03-28 13:25:04", "elapsed": 65.645134, "delta": 0.46374}}
{"target": 0.98545212056781, "params": {"a": 3.8635504483922083, "dB": 8.411195144759187, "s": 0.6654781995351171}, "datetime": {"datetime": "2022-03-28 13:25:05", "elapsed": 66.001197, "delta": 0.356063}}
{"target": 0.9655777065763415, "params": {"a": 4.030610471025433, "dB": 8.259449155201581, "s": 0.6638805696588457}, "datetime": {"datetime": "2022-03-28 13:25:05", "elapsed": 66.488698, "delta": 0.487501}}
{"target": 0.9662379625133498, "params": {"a": 3.6866243096729607, "dB": 8.237127057792472, "s": 0.6120489614777314}, "datetime": {"datetime": "2022-03-28 13:25:06", "elapsed": 66.830832, "delta": 0.342134}}
{"target": 0.987511399818234, "params": {"a": 4.048690208768545, "dB": 8.502563334918879, "s": 0.6990473996660891}, "datetime": {"datetime": "2022-03-28 13:25:06", "elapsed": 67.351909, "delta": 0.521077}}
{"target": 0.6299675777226761, "params": {"a": 1.6416681424313992, "dB": 9.364597379541927, "s": 0.5390168934447833}, "datetime": {"datetime": "2022-03-28 13:25:06", "elapsed": 67.665129, "delta": 0.31322}}
{"target": 0.8372966226587446, "params": {"a": 4.2887156851357915, "dB": 7.991007117161041, "s": 0.8951850853976154}, "datetime": {"datetime": "2022-03-28 13:25:07", "elapsed": 67.947144, "delta": 0.282015}}
{"target": 0.9553443434366671, "params": {"a": 4.278495472715903, "dB": 8.59249689384546, "s": 0.6791562032103522}, "datetime": {"datetime": "2022-03-28 13:25:07", "elapsed": 68.388912, "delta": 0.441768}}
{"target": 0.9894048621316514, "params": {"a": 3.649530029363677, "dB": 9.008494016914057, "s": 0.6374404418530796}, "datetime": {"datetime": "2022-03-28 13:25:08", "elapsed": 68.778512, "delta": 0.3896}}
{"target": 0.9916594292145278, "params": {"a": 4.090679315125509, "dB": 9.587888561916966, "s": 0.7907491123738227}, "datetime": {"datetime": "2022-03-28 13:25:08", "elapsed": 69.349717, "delta": 0.571205}}
{"target": 0.9934759846008715, "params": {"a": 3.8928450738284948, "dB": 9.303668638089366, "s": 0.7283735997462824}, "datetime": {"datetime": "2022-03-28 13:25:08", "elapsed": 69.76181, "delta": 0.412093}}
{"target": 0.9769519499495802, "params": {"a": 4.165184717815644, "dB": 9.341503723000555, "s": 0.8126630139080454}, "datetime": {"datetime": "2022-03-28 13:25:09", "elapsed": 70.218817, "delta": 0.457007}}
{"target": 0.6334043822569974, "params": {"a": 2.9239055448564093, "dB": 10.069284827458345, "s": 0.2044637819694061}, "datetime": {"datetime": "2022-03-28 13:25:09", "elapsed": 70.674557, "delta": 0.45574}}
{"target": 0.9983616975192425, "params": {"a": 3.95873872608207, "dB": 9.141489552675601, "s": 0.7026717657469477}, "datetime": {"datetime": "2022-03-28 13:25:10", "elapsed": 71.022612, "delta": 0.348055}}
{"target": 0.9883790378276496, "params": {"a": 3.8460004493332502, "dB": 9.103005617674539, "s": 0.7354404352801571}, "datetime": {"datetime": "2022-03-28 13:25:10", "elapsed": 71.414403, "delta": 0.391791}}
{"target": 0.4644485110786246, "params": {"a": 5.0, "dB": 11.0, "s": 0.1}, "datetime": {"datetime": "2022-03-28 13:25:11", "elapsed": 72.207407, "delta": 0.793004}}
{"target": 0.8508674997298477, "params": {"a": 2.933221878823784, "dB": 10.465975662834436, "s": 0.6343178841295778}, "datetime": {"datetime": "2022-03-28 13:25:12", "elapsed": 72.869936, "delta": 0.662529}}
{"target": 0.7799417217900533, "params": {"a": 2.9961024494370143, "dB": 9.936339195418164, "s": 0.7615052627660975}, "datetime": {"datetime": "2022-03-28 13:25:12", "elapsed": 73.393024, "delta": 0.523088}}
{"target": 0.6842991545383812, "params": {"a": 3.351875445283156, "dB": 7.995207696663405, "s": 1.0291535049540452}, "datetime": {"datetime": "2022-03-28 13:25:12", "elapsed": 73.683446, "delta": 0.290422}}
{"target": 0.9889063153106177, "params": {"a": 3.9000699051535253, "dB": 9.527229122536028, "s": 0.7677059127416068}, "datetime": {"datetime": "2022-03-28 13:25:13", "elapsed": 74.159349, "delta": 0.475903}}
{"target": 0.9580331606146473, "params": {"a": 4.067031306731524, "dB": 7.603438906768303, "s": 0.7859123057541963}, "datetime": {"datetime": "2022-03-28 13:25:13", "elapsed": 74.486974, "delta": 0.327625}}
{"target": 0.9622903206023921, "params": {"a": 3.9242428160942704, "dB": 7.5, "s": 0.6772637282271654}, "datetime": {"datetime": "2022-03-28 13:25:14", "elapsed": 74.940531, "delta": 0.453557}}
{"target": 0.6496618226950394, "params": {"a": 1.5, "dB": 10.416252371394691, "s": 0.1}, "datetime": {"datetime": "2022-03-28 13:25:14", "elapsed": 75.67517, "delta": 0.734639}}
{"target": 0.8866221691401842, "params": {"a": 4.043175089200701, "dB": 10.847457001224173, "s": 0.9292323639665091}, "datetime": {"datetime": "2022-03-28 13:25:15", "elapsed": 76.438961, "delta": 0.763791}}
{"target": 0.7997430317682496, "params": {"a": 4.061712374524935, "dB": 10.949096120589129, "s": 0.691826383852054}, "datetime": {"datetime": "2022-03-28 13:25:16", "elapsed": 77.300893, "delta": 0.861932}}
{"target": 0.9485157150279496, "params": {"a": 3.826147526194702, "dB": 10.506128709040402, "s": 0.7709677968545999}, "datetime": {"datetime": "2022-03-28 13:25:17", "elapsed": 78.070875, "delta": 0.769982}}
{"target": 0.9488695881800103, "params": {"a": 4.023355072874255, "dB": 10.507070559023296, "s": 0.7937299101524241}, "datetime": {"datetime": "2022-03-28 13:25:17", "elapsed": 78.769599, "delta": 0.698724}}
{"target": 0.7778603462908001, "params": {"a": 2.220426721898525, "dB": 9.401556222835705, "s": 0.10901325818265153}, "datetime": {"datetime": "2022-03-28 13:25:18", "elapsed": 79.197621, "delta": 0.428022}}
{"target": 0.7248836536919888, "params": {"a": 4.787132958768623, "dB": 8.11792842141916, "s": 0.3373635346133661}, "datetime": {"datetime": "2022-03-28 13:25:18", "elapsed": 79.571566, "delta": 0.373945}}
{"target": 0.758201989771751, "params": {"a": 3.1041690264297674, "dB": 10.373615845500154, "s": 0.3987163660337816}, "datetime": {"datetime": "2022-03-28 13:25:19", "elapsed": 80.204872, "delta": 0.633306}}
{"target": 0.9768893235958517, "params": {"a": 4.294423748003289, "dB": 9.492250635233962, "s": 0.8189812347789346}, "datetime": {"datetime": "2022-03-28 13:25:19", "elapsed": 80.687962, "delta": 0.48309}}
{"target": 0.9213694600093566, "params": {"a": 3.747679793674765, "dB": 10.729695491977653, "s": 0.7195088097422706}, "datetime": {"datetime": "2022-03-28 13:25:20", "elapsed": 81.488306, "delta": 0.800344}}
{"target": 0.9953084005462107, "params": {"a": 3.8694834220702847, "dB": 8.569458684093801, "s": 0.7147148340142455}, "datetime": {"datetime": "2022-03-28 13:25:21", "elapsed": 81.959197, "delta": 0.470891}}
{"target": 0.9138813073317533, "params": {"a": 2.488326679007793, "dB": 7.994193545245944, "s": 0.4839933606658109}, "datetime": {"datetime": "2022-03-28 13:25:21", "elapsed": 82.306355, "delta": 0.347158}}
{"target": 0.9566790748694103, "params": {"a": 2.877786322105317, "dB": 8.260141517482221, "s": 0.5362772332322885}, "datetime": {"datetime": "2022-03-28 13:25:21", "elapsed": 82.68852, "delta": 0.382165}}
{"target": 0.7937378396647619, "params": {"a": 4.982375402154506, "dB": 7.50882021927995, "s": 0.745446818324592}, "datetime": {"datetime": "2022-03-28 13:25:22", "elapsed": 83.164403, "delta": 0.475883}}
{"target": 0.9721821972854262, "params": {"a": 3.2816790442764194, "dB": 8.893422210922466, "s": 0.571866063186286}, "datetime": {"datetime": "2022-03-28 13:25:22", "elapsed": 83.596448, "delta": 0.432045}}
{"target": 0.9181252800504929, "params": {"a": 2.524577278480658, "dB": 8.377782463301937, "s": 0.4522635270874732}, "datetime": {"datetime": "2022-03-28 13:25:23", "elapsed": 84.033516, "delta": 0.437068}}
{"target": 0.7551111921188771, "params": {"a": 1.9869798918319042, "dB": 7.5, "s": 1.1}, "datetime": {"datetime": "2022-03-28 13:25:23", "elapsed": 84.404316, "delta": 0.3708}}
{"target": 0.9739699264443484, "params": {"a": 4.025596568590171, "dB": 9.248188073567496, "s": 0.7720237133141155}, "datetime": {"datetime": "2022-03-28 13:25:24", "elapsed": 84.865457, "delta": 0.461141}}
{"target": 0.9857989318376159, "params": {"a": 3.3800090425615603, "dB": 7.696352144560676, "s": 0.5290059085550736}, "datetime": {"datetime": "2022-03-28 13:25:24", "elapsed": 85.305252, "delta": 0.439795}}
{"target": 0.6459883954734765, "params": {"a": 3.945722205625182, "dB": 8.57445275399387, "s": 0.23068767630247558}, "datetime": {"datetime": "2022-03-28 13:25:24", "elapsed": 85.643434, "delta": 0.338182}}
{"target": 0.7954134871542576, "params": {"a": 3.2471731288530927, "dB": 8.262136968596144, "s": 0.3536380464862853}, "datetime": {"datetime": "2022-03-28 13:25:25", "elapsed": 85.97021, "delta": 0.326776}}
{"target": 0.9969948404208702, "params": {"a": 3.7374972903410004, "dB": 9.331119971528743, "s": 0.6947064027521834}, "datetime": {"datetime": "2022-03-28 13:25:25", "elapsed": 86.402213, "delta": 0.432003}}
{"target": 0.6458303600536466, "params": {"a": 2.398222299413977, "dB": 9.921785123016027, "s": 0.8355671237689738}, "datetime": {"datetime": "2022-03-28 13:25:26", "elapsed": 86.875737, "delta": 0.473524}}
{"target": 0.9373721111819969, "params": {"a": 4.784072642603542, "dB": 9.316207716226273, "s": 0.7797438489959966}, "datetime": {"datetime": "2022-03-28 13:25:26", "elapsed": 87.343772, "delta": 0.468035}}
{"target": 0.9563582996007741, "params": {"a": 3.2129662710453615, "dB": 9.480966226039708, "s": 0.5950959277424542}, "datetime": {"datetime": "2022-03-28 13:25:27", "elapsed": 87.782192, "delta": 0.43842}}
{"target": 0.6470282703659336, "params": {"a": 3.574423845966292, "dB": 10.39420703940466, "s": 0.4333492804579092}, "datetime": {"datetime": "2022-03-28 13:25:27", "elapsed": 88.445326, "delta": 0.663134}}
{"target": 0.978118962857646, "params": {"a": 3.844358878560989, "dB": 9.143189580146537, "s": 0.6416639495358291}, "datetime": {"datetime": "2022-03-28 13:25:28", "elapsed": 88.865725, "delta": 0.420399}}
{"target": 0.9791051032710517, "params": {"a": 3.01521089760721, "dB": 7.666519603378936, "s": 0.4635875191918323}, "datetime": {"datetime": "2022-03-28 13:25:28", "elapsed": 89.229655, "delta": 0.36393}}
{"target": 0.9942381381137116, "params": {"a": 3.547532075532821, "dB": 8.746068845268686, "s": 0.6735206301963429}, "datetime": {"datetime": "2022-03-28 13:25:28", "elapsed": 89.690341, "delta": 0.460686}}
{"target": 0.6345523658322648, "params": {"a": 3.203464447834374, "dB": 10.417063722702494, "s": 1.077699727274853}, "datetime": {"datetime": "2022-03-28 13:25:29", "elapsed": 90.348298, "delta": 0.657957}}
{"target": 0.7617752274993359, "params": {"a": 4.469896383564827, "dB": 8.016714600209195, "s": 0.5750865924725518}, "datetime": {"datetime": "2022-03-28 13:25:29", "elapsed": 90.711239, "delta": 0.362941}}
{"target": 0.9512019611611954, "params": {"a": 3.946836689310678, "dB": 9.80743024896177, "s": 0.7381305809004176}, "datetime": {"datetime": "2022-03-28 13:25:30", "elapsed": 91.302383, "delta": 0.591144}}
{"target": 0.9859278751148162, "params": {"a": 3.202136911566165, "dB": 7.82603606372305, "s": 0.49431124400911264}, "datetime": {"datetime": "2022-03-28 13:25:31", "elapsed": 91.820021, "delta": 0.517638}}
{"target": 0.9863684397188366, "params": {"a": 3.2498110108952782, "dB": 7.952779155949761, "s": 0.5962959238436775}, "datetime": {"datetime": "2022-03-28 13:25:31", "elapsed": 92.245822, "delta": 0.425801}}
{"target": 0.9863232667262012, "params": {"a": 3.391620295811925, "dB": 7.871242223755471, "s": 0.5841777042844033}, "datetime": {"datetime": "2022-03-28 13:25:31", "elapsed": 92.64695, "delta": 0.401128}}
{"target": 0.8082527375157704, "params": {"a": 5.0, "dB": 9.294733648117253, "s": 0.771748030677811}, "datetime": {"datetime": "2022-03-28 13:25:32", "elapsed": 93.13068, "delta": 0.48373}}
{"target": 0.9188168371250263, "params": {"a": 4.767362474826472, "dB": 9.10990541719809, "s": 0.9282477502052456}, "datetime": {"datetime": "2022-03-28 13:25:32", "elapsed": 93.622172, "delta": 0.491492}}
{"target": 0.9706616961439873, "params": {"a": 4.595599780317003, "dB": 9.52013475424372, "s": 0.7630203864329634}, "datetime": {"datetime": "2022-03-28 13:25:33", "elapsed": 94.06801, "delta": 0.445838}}
{"target": 0.9841186948678392, "params": {"a": 3.849653573720746, "dB": 8.17376720072722, "s": 0.6679175613884425}, "datetime": {"datetime": "2022-03-28 13:25:33", "elapsed": 94.460878, "delta": 0.392868}}
{"target": 0.9519493098219033, "params": {"a": 4.5506591573097905, "dB": 9.363216759619142, "s": 0.7335245052562228}, "datetime": {"datetime": "2022-03-28 13:25:34", "elapsed": 94.930939, "delta": 0.470061}}
{"target": 0.9308967953574855, "params": {"a": 5.0, "dB": 8.977122646142563, "s": 0.959966960883148}, "datetime": {"datetime": "2022-03-28 13:25:34", "elapsed": 95.549706, "delta": 0.618767}}
{"target": 0.6558480256106455, "params": {"a": 1.548596974333726, "dB": 10.110851740317278, "s": 0.18686146305840026}, "datetime": {"datetime": "2022-03-28 13:25:35", "elapsed": 96.049071, "delta": 0.499365}}
{"target": 0.9629447421077302, "params": {"a": 4.293125831733189, "dB": 7.732430954224694, "s": 0.7774799595296775}, "datetime": {"datetime": "2022-03-28 13:25:35", "elapsed": 96.664697, "delta": 0.615626}}
{"target": 0.6721544789336729, "params": {"a": 2.342969886264663, "dB": 11.0, "s": 0.1}, "datetime": {"datetime": "2022-03-28 13:25:36", "elapsed": 97.405362, "delta": 0.740665}}
{"target": 0.9336374817802865, "params": {"a": 2.6864188167290046, "dB": 8.605138047738558, "s": 0.4631379966476955}, "datetime": {"datetime": "2022-03-28 13:25:36", "elapsed": 97.769392, "delta": 0.36403}}
{"target": 0.8505762847331029, "params": {"a": 2.564849912575905, "dB": 8.84016388616041, "s": 0.5786564627055645}, "datetime": {"datetime": "2022-03-28 13:25:37", "elapsed": 98.317639, "delta": 0.548247}}
{"target": 0.8819593301288918, "params": {"a": 2.6884000468538174, "dB": 8.361440196873867, "s": 0.6093924099676299}, "datetime": {"datetime": "2022-03-28 13:25:37", "elapsed": 98.746703, "delta": 0.429064}}
{"target": 0.8575975676128107, "params": {"a": 2.406804299105057, "dB": 8.526249967378185, "s": 0.23516698451110823}, "datetime": {"datetime": "2022-03-28 13:25:38", "elapsed": 99.170535, "delta": 0.423832}}
{"target": 0.9790209988054503, "params": {"a": 3.059385943426021, "dB": 7.891798241283763, "s": 0.5558316726185955}, "datetime": {"datetime": "2022-03-28 13:25:38", "elapsed": 99.572852, "delta": 0.402317}}
{"target": 0.7324332816734024, "params": {"a": 2.6490336511008374, "dB": 8.963180293903077, "s": 0.17114298021074384}, "datetime": {"datetime": "2022-03-28 13:25:39", "elapsed": 99.932621, "delta": 0.359769}}
{"target": 0.8097588475682339, "params": {"a": 1.9486468536970039, "dB": 7.625950627503759, "s": 0.4314433907238947}, "datetime": {"datetime": "2022-03-28 13:25:39", "elapsed": 100.259188, "delta": 0.326567}}
{"target": 0.46579703159478586, "params": {"a": 5.0, "dB": 7.5, "s": 0.1}, "datetime": {"datetime": "2022-03-28 13:25:39", "elapsed": 100.77086, "delta": 0.511672}}
{"target": 0.9290797812847513, "params": {"a": 4.555805104387875, "dB": 7.633120207554686, "s": 0.7418229407905153}, "datetime": {"datetime": "2022-03-28 13:25:40", "elapsed": 101.300786, "delta": 0.529926}}
{"target": 0.9305465700701268, "params": {"a": 4.062916327108291, "dB": 9.476254271008278, "s": 0.8497697470368681}, "datetime": {"datetime": "2022-03-28 13:25:41", "elapsed": 101.775859, "delta": 0.475073}}
{"target": 0.9453081110934685, "params": {"a": 4.003105272096817, "dB": 10.749531998112355, "s": 0.7971496753927281}, "datetime": {"datetime": "2022-03-28 13:25:41", "elapsed": 102.482791, "delta": 0.706932}}
{"target": 0.9858072482733058, "params": {"a": 4.198320578604891, "dB": 9.120496924198887, "s": 0.6994106219712096}, "datetime": {"datetime": "2022-03-28 13:25:42", "elapsed": 103.026328, "delta": 0.543537}}
{"target": 0.9841804731642448, "params": {"a": 4.271663336720552, "dB": 9.168556276885592, "s": 0.7703968436131428}, "datetime": {"datetime": "2022-03-28 13:25:42", "elapsed": 103.62172, "delta": 0.595392}}
{"target": 0.9841066920292162, "params": {"a": 4.246471803461004, "dB": 9.24576758184722, "s": 0.7002699708260466}, "datetime": {"datetime": "2022-03-28 13:25:43", "elapsed": 104.100911, "delta": 0.479191}}
{"target": 0.974814395058531, "params": {"a": 3.3675081471045543, "dB": 9.32440478162461, "s": 0.5910581356142376}, "datetime": {"datetime": "2022-03-28 13:25:43", "elapsed": 104.599605, "delta": 0.498694}}
{"target": 0.982212313589979, "params": {"a": 4.204646771418127, "dB": 9.656257656639397, "s": 0.7899129604818471}, "datetime": {"datetime": "2022-03-28 13:25:44", "elapsed": 105.122892, "delta": 0.523287}}
{"target": 0.9328113930522096, "params": {"a": 3.667829051321758, "dB": 10.232209968607101, "s": 0.8008881352942058}, "datetime": {"datetime": "2022-03-28 13:25:45", "elapsed": 105.969254, "delta": 0.846362}}
{"target": 0.9558368318257331, "params": {"a": 3.400074743872442, "dB": 9.584829722485019, "s": 0.6285048907975599}, "datetime": {"datetime": "2022-03-28 13:25:45", "elapsed": 106.571011, "delta": 0.601757}}
{"target": 0.97930989446663, "params": {"a": 3.973457040027226, "dB": 9.655590873674228, "s": 0.7562068362078899}, "datetime": {"datetime": "2022-03-28 13:25:46", "elapsed": 107.11911, "delta": 0.548099}}
{"target": 0.9898797556789988, "params": {"a": 3.752797003906261, "dB": 9.477691646979371, "s": 0.7385864810384666}, "datetime": {"datetime": "2022-03-28 13:25:46", "elapsed": 107.644766, "delta": 0.525656}}
{"target": 0.9907843358417753, "params": {"a": 4.160550310053303, "dB": 9.2001357155943, "s": 0.7523416359023758}, "datetime": {"datetime": "2022-03-28 13:25:47", "elapsed": 108.210635, "delta": 0.565869}}
{"target": 0.9880008238322522, "params": {"a": 3.4736727707110804, "dB": 8.866652793862054, "s": 0.6199747538003505}, "datetime": {"datetime": "2022-03-28 13:25:48", "elapsed": 109.022186, "delta": 0.811551}}
{"target": 0.971557218198506, "params": {"a": 3.7471799908781405, "dB": 7.9890364724818586, "s": 0.601924656676623}, "datetime": {"datetime": "2022-03-28 13:25:48", "elapsed": 109.477752, "delta": 0.455566}}
{"target": 0.7367256424984486, "params": {"a": 1.5, "dB": 8.482469647615163, "s": 0.1}, "datetime": {"datetime": "2022-03-28 13:25:49", "elapsed": 110.050404, "delta": 0.572652}}
{"target": 0.9907149716301158, "params": {"a": 3.6840245172798123, "dB": 9.21803562458959, "s": 0.7070406653348111}, "datetime": {"datetime": "2022-03-28 13:25:49", "elapsed": 110.616992, "delta": 0.566588}}
{"target": 0.9624892025577713, "params": {"a": 3.527590762839408, "dB": 7.600570148373215, "s": 0.6201633474529508}, "datetime": {"datetime": "2022-03-28 13:25:50", "elapsed": 111.097486, "delta": 0.480494}}
{"target": 0.9908401959781549, "params": {"a": 4.455721827687117, "dB": 9.590883993538476, "s": 0.8361546447806518}, "datetime": {"datetime": "2022-03-28 13:25:50", "elapsed": 111.718449, "delta": 0.620963}}
{"target": 0.9904620497251696, "params": {"a": 4.047293293461982, "dB": 9.017993395367657, "s": 0.6896475493382074}, "datetime": {"datetime": "2022-03-28 13:25:51", "elapsed": 112.488683, "delta": 0.770234}}
{"target": 0.9570255059001559, "params": {"a": 3.9643226970964514, "dB": 7.6373785546000486, "s": 0.6396093865351387}, "datetime": {"datetime": "2022-03-28 13:25:52", "elapsed": 112.977744, "delta": 0.489061}}
{"target": 0.9969822113949445, "params": {"a": 3.7084854142631953, "dB": 8.510087416264303, "s": 0.6803872846266213}, "datetime": {"datetime": "2022-03-28 13:25:52", "elapsed": 113.557893, "delta": 0.580149}}
{"target": 0.978729746583285, "params": {"a": 4.098461305136061, "dB": 9.700838684061159, "s": 0.8600992372384387}, "datetime": {"datetime": "2022-03-28 13:25:53", "elapsed": 114.224794, "delta": 0.666901}}
{"target": 0.9863246295692123, "params": {"a": 3.149942323040785, "dB": 7.6528977460351255, "s": 0.512570043712288}, "datetime": {"datetime": "2022-03-28 13:25:54", "elapsed": 114.809485, "delta": 0.584691}}
{"target": 0.9756575176086484, "params": {"a": 3.065469774529245, "dB": 7.527178442672147, "s": 0.4570915808925201}, "datetime": {"datetime": "2022-03-28 13:25:54", "elapsed": 115.573569, "delta": 0.764084}}
{"target": 0.9582075987871732, "params": {"a": 3.595044587985301, "dB": 9.903078760200534, "s": 0.7050424210444483}, "datetime": {"datetime": "2022-03-28 13:25:55", "elapsed": 116.429277, "delta": 0.855708}}
