{"target": 0.5713828654852409, "params": {"a": 6.9844716820367685, "dB": 13.901179125606362, "s": 0.523585335618811}, "datetime": {"datetime": "2022-03-25 12:51:17", "elapsed": 2264.226619, "delta": 2.537439}}
{"target": 0.9624597129337584, "params": {"a": 6.959187151284197, "dB": 14.114263945445087, "s": 0.3828176417992608}, "datetime": {"datetime": "2022-03-25 12:51:19", "elapsed": 2266.643213, "delta": 2.416594}}
{"target": 0.7487227393367517, "params": {"a": 7.060916105871765, "dB": 14.00379598195825, "s": 0.30156005995404644}, "datetime": {"datetime": "2022-03-25 12:51:22", "elapsed": 2269.811332, "delta": 3.168119}}
{"target": 0.9425930756977515, "params": {"a": 6.7842557609744105, "dB": 14.090482724655857, "s": 0.35734835211400195}, "datetime": {"datetime": "2022-03-25 12:51:25", "elapsed": 2272.377912, "delta": 2.56658}}
{"target": 0.9778624951382344, "params": {"a": 6.796640362876097, "dB": 13.502073940449145, "s": 0.41345814358540933}, "datetime": {"datetime": "2022-03-25 12:51:27", "elapsed": 2274.822884, "delta": 2.444972}}
{"target": 0.9689195743094473, "params": {"a": 6.962801355955422, "dB": 13.524297477487577, "s": 0.4348006502188957}, "datetime": {"datetime": "2022-03-25 12:51:29", "elapsed": 2277.114173, "delta": 2.291289}}
{"target": 0.4039822771749192, "params": {"a": 6.702025074251562, "dB": 15.669888612057964, "s": 1.3531835797928518}, "datetime": {"datetime": "2022-03-25 12:51:37", "elapsed": 2284.890387, "delta": 7.776214}}
{"target": 0.9766830330945145, "params": {"a": 6.751000585079652, "dB": 14.666585851410211, "s": 0.2903918240915992}, "datetime": {"datetime": "2022-03-25 12:51:40", "elapsed": 2287.224355, "delta": 2.333968}}
{"target": 0.9756632141287952, "params": {"a": 8.036931487064198, "dB": 15.865002869958847, "s": 0.5494866085355478}, "datetime": {"datetime": "2022-03-25 12:51:48", "elapsed": 2295.927324, "delta": 8.702969}}
{"target": 0.40124129317230317, "params": {"a": 8.01757938390601, "dB": 15.981986955728388, "s": 0.742444840626669}, "datetime": {"datetime": "2022-03-25 12:51:59", "elapsed": 2306.583382, "delta": 10.656058}}
{"target": 0.874050822061167, "params": {"a": 7.928203355272853, "dB": 15.693854518608727, "s": 0.5046551651791079}, "datetime": {"datetime": "2022-03-25 12:52:07", "elapsed": 2314.580566, "delta": 7.997184}}
{"target": 0.4679987922359468, "params": {"a": 8.111091426126958, "dB": 15.762490636182358, "s": 0.4214387927916802}, "datetime": {"datetime": "2022-03-25 12:52:15", "elapsed": 2322.760192, "delta": 8.179626}}
{"target": 0.935798120540158, "params": {"a": 7.878864869675264, "dB": 15.855207118589755, "s": 0.5192051307648275}, "datetime": {"datetime": "2022-03-25 12:52:24", "elapsed": 2331.230377, "delta": 8.470185}}
{"target": 0.2334478297421714, "params": {"a": 7.954434755768048, "dB": 14.211876594765739, "s": 0.14977367816324155}, "datetime": {"datetime": "2022-03-25 12:52:29", "elapsed": 2336.947416, "delta": 5.717039}}
{"target": 0.642305358347518, "params": {"a": 7.938374443791436, "dB": 15.75431977663676, "s": 0.6408145466276799}, "datetime": {"datetime": "2022-03-25 12:52:38", "elapsed": 2345.165579, "delta": 8.218163}}
{"target": 0.5656376723165631, "params": {"a": 8.076655519437214, "dB": 15.977400913176721, "s": 0.4774782774522981}, "datetime": {"datetime": "2022-03-25 12:52:48", "elapsed": 2355.656391, "delta": 10.490812}}
{"target": 0.9564684613493367, "params": {"a": 6.884937628387707, "dB": 13.645855342750146, "s": 0.3703684529724779}, "datetime": {"datetime": "2022-03-25 12:52:50", "elapsed": 2357.85269, "delta": 2.196299}}
{"target": 0.3948628117974658, "params": {"a": 7.845688128963961, "dB": 15.118153252304474, "s": 1.0124547865976288}, "datetime": {"datetime": "2022-03-25 12:52:58", "elapsed": 2365.866325, "delta": 8.013635}}
{"target": 0.9492048946986994, "params": {"a": 6.410430910660135, "dB": 14.047571572695334, "s": 0.2459792828860765}, "datetime": {"datetime": "2022-03-25 12:53:00", "elapsed": 2367.77921, "delta": 1.912885}}
{"target": 0.9552445595944697, "params": {"a": 7.2106518367361065, "dB": 13.535275555374152, "s": 0.427326914042926}, "datetime": {"datetime": "2022-03-25 12:53:03", "elapsed": 2371.113218, "delta": 3.334008}}
{"target": 0.5461676484514169, "params": {"a": 4.9028385826864564, "dB": 14.081076932187955, "s": 0.8825829506358288}, "datetime": {"datetime": "2022-03-25 12:53:05", "elapsed": 2372.751592, "delta": 1.638374}}
{"target": 0.8136452031159794, "params": {"a": 5.007742940185871, "dB": 13.924485067125147, "s": 0.30866969243793413}, "datetime": {"datetime": "2022-03-25 12:53:07", "elapsed": 2374.602733, "delta": 1.851141}}
{"target": 0.5499476919653354, "params": {"a": 4.5, "dB": 14.658426161223982, "s": 0.41209375346812577}, "datetime": {"datetime": "2022-03-25 12:53:09", "elapsed": 2376.422496, "delta": 1.819763}}
{"target": 0.4335903448985848, "params": {"a": 8.945597033027816, "dB": 15.70282019356597, "s": 0.7847516434105117}, "datetime": {"datetime": "2022-03-25 12:53:28", "elapsed": 2395.579405, "delta": 19.156909}}
{"target": 0.9670315549768201, "params": {"a": 6.271623910386664, "dB": 14.441178185238993, "s": 0.3141901298677025}, "datetime": {"datetime": "2022-03-25 12:53:30", "elapsed": 2397.73719, "delta": 2.157785}}
{"target": 0.5330176751870196, "params": {"a": 5.984066379641093, "dB": 14.999353755075129, "s": 0.1}, "datetime": {"datetime": "2022-03-25 12:53:35", "elapsed": 2403.04365, "delta": 5.30646}}
{"target": 0.6630291105818429, "params": {"a": 5.801197057739948, "dB": 15.097271262174958, "s": 0.5615218180373128}, "datetime": {"datetime": "2022-03-25 12:53:44", "elapsed": 2411.305471, "delta": 8.261821}}
{"target": 0.4809419121342983, "params": {"a": 5.079070411292681, "dB": 15.01304244099605, "s": 0.5607431792709713}, "datetime": {"datetime": "2022-03-25 12:53:49", "elapsed": 2416.706875, "delta": 5.401404}}
{"target": 0.36281416356589286, "params": {"a": 7.553199875366884, "dB": 14.774013879513138, "s": 1.391734056974824}, "datetime": {"datetime": "2022-03-25 12:53:54", "elapsed": 2421.19288, "delta": 4.486005}}
{"target": 0.9772345552959405, "params": {"a": 6.792138768337729, "dB": 13.50432577728135, "s": 0.4151422666104123}, "datetime": {"datetime": "2022-03-25 12:53:56", "elapsed": 2423.288554, "delta": 2.095674}}
{"target": 0.35909097097735887, "params": {"a": 5.9719208406385444, "dB": 13.936916496768685, "s": 1.1853322552143497}, "datetime": {"datetime": "2022-03-25 12:53:58", "elapsed": 2425.259583, "delta": 1.971029}}
{"target": 0.9376025138207196, "params": {"a": 6.789156255773294, "dB": 13.965155022896248, "s": 0.35068084688284085}, "datetime": {"datetime": "2022-03-25 12:54:00", "elapsed": 2427.579572, "delta": 2.319989}}
{"target": 0.394673203368946, "params": {"a": 8.436481669333064, "dB": 15.079349242622655, "s": 0.8065723911765148}, "datetime": {"datetime": "2022-03-25 12:54:13", "elapsed": 2440.467269, "delta": 12.887697}}
{"target": 0.9824126508875068, "params": {"a": 6.645585810314909, "dB": 14.13426491243116, "s": 0.3000114920159669}, "datetime": {"datetime": "2022-03-25 12:54:15", "elapsed": 2442.412739, "delta": 1.94547}}
{"target": 0.7672827331285896, "params": {"a": 4.854440890131869, "dB": 14.45976113130378, "s": 0.22617747241660896}, "datetime": {"datetime": "2022-03-25 12:54:17", "elapsed": 2444.133382, "delta": 1.720643}}
{"target": 0.9226702730848421, "params": {"a": 6.736204569406139, "dB": 14.68655708477737, "s": 0.4188856812300159}, "datetime": {"datetime": "2022-03-25 12:54:19", "elapsed": 2446.160619, "delta": 2.027237}}
{"target": 0.971856662177354, "params": {"a": 6.3995698983727705, "dB": 13.62338703285069, "s": 0.27507958017357126}, "datetime": {"datetime": "2022-03-25 12:54:21", "elapsed": 2448.32659, "delta": 2.165971}}
{"target": 0.9066917302897682, "params": {"a": 5.646942389405355, "dB": 13.943959744709545, "s": 0.2965626310930751}, "datetime": {"datetime": "2022-03-25 12:54:23", "elapsed": 2450.170971, "delta": 1.844381}}
{"target": 0.6597106925895974, "params": {"a": 6.387554188250682, "dB": 14.937043657583798, "s": 0.28625866157711977}, "datetime": {"datetime": "2022-03-25 12:54:26", "elapsed": 2453.727002, "delta": 3.556031}}
{"target": 0.5043903777596623, "params": {"a": 5.287045136999379, "dB": 15.163664365163376, "s": 0.10616462043721615}, "datetime": {"datetime": "2022-03-25 12:54:34", "elapsed": 2461.689855, "delta": 7.962853}}
{"target": 0.9517112166719711, "params": {"a": 6.135724591782818, "dB": 14.76786583242739, "s": 0.31551625125562544}, "datetime": {"datetime": "2022-03-25 12:54:36", "elapsed": 2463.720616, "delta": 2.030761}}
{"target": 0.39712228823471796, "params": {"a": 6.872250724234827, "dB": 14.172883442494838, "s": 1.6838009339510915}, "datetime": {"datetime": "2022-03-25 12:54:39", "elapsed": 2466.302266, "delta": 2.58165}}
{"target": 0.7469527658981729, "params": {"a": 5.116985910110343, "dB": 13.5, "s": 0.1}, "datetime": {"datetime": "2022-03-25 12:54:41", "elapsed": 2468.405604, "delta": 2.103338}}
{"target": 0.3676907527077119, "params": {"a": 5.746641524783989, "dB": 13.5, "s": 1.7}, "datetime": {"datetime": "2022-03-25 12:54:43", "elapsed": 2471.01954, "delta": 2.613936}}
{"target": 0.3887563896429068, "params": {"a": 4.5, "dB": 15.040132185259003, "s": 1.1964494182902372}, "datetime": {"datetime": "2022-03-25 12:54:49", "elapsed": 2476.60946, "delta": 5.58992}}
{"target": 0.8717095166395236, "params": {"a": 6.4554722424390745, "dB": 15.368657835580654, "s": 0.5335049921461886}, "datetime": {"datetime": "2022-03-25 12:54:57", "elapsed": 2484.682721, "delta": 8.073261}}
{"target": 0.3348252468256515, "params": {"a": 8.687214909506121, "dB": 15.822900313682087, "s": 1.5245636609265403}, "datetime": {"datetime": "2022-03-25 12:55:13", "elapsed": 2500.981039, "delta": 16.298318}}
{"target": 0.9756921602702398, "params": {"a": 6.610268732171336, "dB": 14.461709478442353, "s": 0.37326692967201697}, "datetime": {"datetime": "2022-03-25 12:55:16", "elapsed": 2503.139663, "delta": 2.158624}}
{"target": 0.8840255083779827, "params": {"a": 5.776406845842977, "dB": 14.609982211841267, "s": 0.25606398976398503}, "datetime": {"datetime": "2022-03-25 12:55:18", "elapsed": 2505.152044, "delta": 2.012381}}
{"target": 0.10234243736367302, "params": {"a": 8.26979472295418, "dB": 13.5, "s": 0.1}, "datetime": {"datetime": "2022-03-25 12:55:28", "elapsed": 2515.660282, "delta": 10.508238}}
{"target": 0.8681507908247184, "params": {"a": 7.404168700425689, "dB": 15.739662906333006, "s": 0.49490172345402816}, "datetime": {"datetime": "2022-03-25 12:55:36", "elapsed": 2523.641732, "delta": 7.98145}}
{"target": 0.3758080041551963, "params": {"a": 4.5, "dB": 16.0, "s": 1.7}, "datetime": {"datetime": "2022-03-25 12:55:47", "elapsed": 2534.558573, "delta": 10.916841}}
{"target": 0.5490905389777799, "params": {"a": 6.197388600098606, "dB": 14.326490845173744, "s": 1.4331471018578803}, "datetime": {"datetime": "2022-03-25 12:55:49", "elapsed": 2536.30519, "delta": 1.746617}}
{"target": 0.40902023518932423, "params": {"a": 8.468200954972685, "dB": 13.5, "s": 1.0817409173115904}, "datetime": {"datetime": "2022-03-25 12:56:02", "elapsed": 2549.713921, "delta": 13.408731}}
{"target": 0.7924767828091475, "params": {"a": 7.17265142566918, "dB": 15.953802588932817, "s": 0.6149754267982975}, "datetime": {"datetime": "2022-03-25 12:56:13", "elapsed": 2560.37737, "delta": 10.663449}}
{"target": 0.45918132363739017, "params": {"a": 4.5, "dB": 16.0, "s": 1.0342402555692527}, "datetime": {"datetime": "2022-03-25 12:56:24", "elapsed": 2571.274201, "delta": 10.896831}}
{"target": 0.3763245343625858, "params": {"a": 6.580436668251262, "dB": 16.0, "s": 1.7}, "datetime": {"datetime": "2022-03-25 12:56:35", "elapsed": 2582.291037, "delta": 11.016836}}
{"target": 0.6632079014446284, "params": {"a": 5.236783021829654, "dB": 13.754329799372377, "s": 1.057702465946872}, "datetime": {"datetime": "2022-03-25 12:56:36", "elapsed": 2583.959007, "delta": 1.66797}}
{"target": 0.583004062049676, "params": {"a": 8.079913301375749, "dB": 14.242028023534207, "s": 0.6672663533099363}, "datetime": {"datetime": "2022-03-25 12:56:45", "elapsed": 2592.622376, "delta": 8.663369}}
{"target": 0.963382276495532, "params": {"a": 7.8494906055908436, "dB": 14.159886552100176, "s": 0.5502967410408264}, "datetime": {"datetime": "2022-03-25 12:56:52", "elapsed": 2599.228427, "delta": 6.606051}}
{"target": 0.969318829249548, "params": {"a": 7.941896850118701, "dB": 14.28540125909246, "s": 0.547590053585486}, "datetime": {"datetime": "2022-03-25 12:56:58", "elapsed": 2605.697574, "delta": 6.469147}}
{"target": 0.503348856933408, "params": {"a": 6.907894155571458, "dB": 15.97582071960929, "s": 0.6899273014154423}, "datetime": {"datetime": "2022-03-25 12:57:09", "elapsed": 2616.415157, "delta": 10.717583}}
{"target": 0.4807718808228984, "params": {"a": 9.0, "dB": 13.5, "s": 1.7}, "datetime": {"datetime": "2022-03-25 12:57:30", "elapsed": 2637.144881, "delta": 20.729724}}
{"target": 0.9225338614675668, "params": {"a": 8.098105634925675, "dB": 14.339453550152804, "s": 0.5151467243127086}, "datetime": {"datetime": "2022-03-25 12:57:38", "elapsed": 2645.645796, "delta": 8.500915}}
{"target": 0.8946353023356993, "params": {"a": 7.0361335467475445, "dB": 14.634326480890252, "s": 0.4015048615114446}, "datetime": {"datetime": "2022-03-25 12:57:42", "elapsed": 2649.618295, "delta": 3.972499}}
{"target": 0.9924207206470008, "params": {"a": 6.6865627589868355, "dB": 13.610709797933527, "s": 0.3438503519469638}, "datetime": {"datetime": "2022-03-25 12:57:44", "elapsed": 2652.063433, "delta": 2.445138}}
{"target": 0.972680604312279, "params": {"a": 7.072408469096639, "dB": 13.601408160059941, "s": 0.4553130225056249}, "datetime": {"datetime": "2022-03-25 12:57:48", "elapsed": 2655.322883, "delta": 3.25945}}
{"target": 0.3554721537699811, "params": {"a": 5.7083178516934465, "dB": 14.890158131545903, "s": 1.4048438240678378}, "datetime": {"datetime": "2022-03-25 12:57:51", "elapsed": 2658.172321, "delta": 2.849438}}
{"target": 0.5698884504206767, "params": {"a": 6.385626192953059, "dB": 16.0, "s": 0.6441599829468548}, "datetime": {"datetime": "2022-03-25 12:58:01", "elapsed": 2668.985129, "delta": 10.812808}}
{"target": 0.3561448183347338, "params": {"a": 5.307842347205362, "dB": 15.58538902063223, "s": 0.7248757175401749}, "datetime": {"datetime": "2022-03-25 12:58:09", "elapsed": 2676.815465, "delta": 7.830336}}
{"target": 0.9679313152186897, "params": {"a": 7.102311065589876, "dB": 13.514240675119055, "s": 0.4362283401895961}, "datetime": {"datetime": "2022-03-25 12:58:12", "elapsed": 2679.849502, "delta": 3.034037}}
{"target": 0.40198568784619054, "params": {"a": 8.408313578012985, "dB": 13.962202554493174, "s": 1.7}, "datetime": {"datetime": "2022-03-25 12:58:26", "elapsed": 2693.309436, "delta": 13.459934}}
{"target": 0.9450643961471936, "params": {"a": 7.927424374194673, "dB": 14.13891252785691, "s": 0.5048991841709386}, "datetime": {"datetime": "2022-03-25 12:58:32", "elapsed": 2699.56762, "delta": 6.258184}}
{"target": 0.7401298871885243, "params": {"a": 7.764648250131808, "dB": 13.514309878850685, "s": 0.4408939300524949}, "datetime": {"datetime": "2022-03-25 12:58:38", "elapsed": 2705.812619, "delta": 6.244999}}
{"target": 0.9205654777687113, "params": {"a": 7.597565447539158, "dB": 13.733019829556298, "s": 0.5394908672270057}, "datetime": {"datetime": "2022-03-25 12:58:43", "elapsed": 2710.679457, "delta": 4.866838}}
{"target": 0.5383643028356644, "params": {"a": 4.581724178523498, "dB": 14.600866882128074, "s": 1.031204264412561}, "datetime": {"datetime": "2022-03-25 12:58:45", "elapsed": 2712.425759, "delta": 1.746302}}
{"target": 0.8602315698491229, "params": {"a": 5.41800608846383, "dB": 14.743898293075729, "s": 0.3027014500140248}, "datetime": {"datetime": "2022-03-25 12:58:47", "elapsed": 2714.224535, "delta": 1.798776}}
{"target": 0.25608722534687584, "params": {"a": 6.5417462036302805, "dB": 13.5, "s": 1.218097128461079}, "datetime": {"datetime": "2022-03-25 12:58:49", "elapsed": 2716.354793, "delta": 2.130258}}
{"target": 0.575390754296823, "params": {"a": 4.519617712772888, "dB": 14.225711249716685, "s": 0.9963982617985805}, "datetime": {"datetime": "2022-03-25 12:58:51", "elapsed": 2718.329089, "delta": 1.974296}}
{"target": 0.8940585233610436, "params": {"a": 7.2831325020548645, "dB": 15.757038432989699, "s": 0.5743818022227334}, "datetime": {"datetime": "2022-03-25 12:58:59", "elapsed": 2726.928341, "delta": 8.599252}}
{"target": 0.9791914380065113, "params": {"a": 6.601149646672665, "dB": 14.73827520754629, "s": 0.3116177518878137}, "datetime": {"datetime": "2022-03-25 12:59:01", "elapsed": 2729.035664, "delta": 2.107323}}
{"target": 0.723481965039121, "params": {"a": 5.554214323082745, "dB": 16.0, "s": 0.4374452505014514}, "datetime": {"datetime": "2022-03-25 12:59:13", "elapsed": 2740.631171, "delta": 11.595507}}
{"target": 0.5724874703866738, "params": {"a": 4.5, "dB": 15.1552693054177, "s": 0.1}, "datetime": {"datetime": "2022-03-25 12:59:21", "elapsed": 2748.920728, "delta": 8.289557}}
{"target": 0.8873531692587201, "params": {"a": 7.213090747183586, "dB": 14.680214412440787, "s": 0.4901919444608707}, "datetime": {"datetime": "2022-03-25 12:59:25", "elapsed": 2752.503195, "delta": 3.582467}}
{"target": 0.4324951112835476, "params": {"a": 7.738205014446715, "dB": 15.415637406512694, "s": 0.3275068716099591}, "datetime": {"datetime": "2022-03-25 12:59:33", "elapsed": 2760.572948, "delta": 8.069753}}
{"target": 0.6133594685764278, "params": {"a": 4.80031091548716, "dB": 15.628126484335061, "s": 0.22320614182965332}, "datetime": {"datetime": "2022-03-25 12:59:41", "elapsed": 2768.877543, "delta": 8.304595}}
{"target": 0.6212265292664815, "params": {"a": 7.276981182059016, "dB": 16.0, "s": 0.46159337054834587}, "datetime": {"datetime": "2022-03-25 12:59:53", "elapsed": 2780.204263, "delta": 11.32672}}
{"target": 0.4525601463920619, "params": {"a": 5.459022763835358, "dB": 14.417917705613716, "s": 1.4823704845797583}, "datetime": {"datetime": "2022-03-25 12:59:54", "elapsed": 2781.944849, "delta": 1.740586}}
{"target": 0.9675854610328272, "params": {"a": 7.076046585562362, "dB": 14.082990659095367, "s": 0.44971475907674824}, "datetime": {"datetime": "2022-03-25 12:59:58", "elapsed": 2785.749912, "delta": 3.805063}}
{"target": 0.20599910358590023, "params": {"a": 6.117834456777126, "dB": 14.637919211771772, "s": 1.2697080739078277}, "datetime": {"datetime": "2022-03-25 13:00:01", "elapsed": 2788.568082, "delta": 2.81817}}
{"target": 0.41204114424916655, "params": {"a": 4.766848420969912, "dB": 15.883620826577003, "s": 1.6372828029971964}, "datetime": {"datetime": "2022-03-25 13:00:09", "elapsed": 2796.569015, "delta": 8.000933}}
{"target": 0.957906655583082, "params": {"a": 6.047936753244257, "dB": 13.817357555216086, "s": 0.3138590846733632}, "datetime": {"datetime": "2022-03-25 13:00:11", "elapsed": 2799.014791, "delta": 2.445776}}
{"target": 0.7594438529477793, "params": {"a": 5.512126537122953, "dB": 13.5, "s": 0.1}, "datetime": {"datetime": "2022-03-25 13:00:14", "elapsed": 2801.552507, "delta": 2.537716}}
{"target": 0.6639756595863217, "params": {"a": 6.516593447462789, "dB": 14.848865738978935, "s": 1.1103202447909004}, "datetime": {"datetime": "2022-03-25 13:00:18", "elapsed": 2805.151457, "delta": 3.59895}}
{"target": 0.37475040013967026, "params": {"a": 5.404293593429161, "dB": 14.557117810060799, "s": 1.588338400223636}, "datetime": {"datetime": "2022-03-25 13:00:19", "elapsed": 2806.948706, "delta": 1.797249}}
{"target": 0.965533992495499, "params": {"a": 6.327332761547499, "dB": 13.953772029236516, "s": 0.3728615569824072}, "datetime": {"datetime": "2022-03-25 13:00:23", "elapsed": 2810.396585, "delta": 3.447879}}
{"target": 0.6542756372403175, "params": {"a": 5.246157838823018, "dB": 15.631450667437909, "s": 0.31801199363045496}, "datetime": {"datetime": "2022-03-25 13:00:31", "elapsed": 2818.336777, "delta": 7.940192}}
{"target": 0.7206619181112791, "params": {"a": 5.890973146882389, "dB": 16.0, "s": 0.5335702334238496}, "datetime": {"datetime": "2022-03-25 13:00:41", "elapsed": 2829.052889, "delta": 10.716112}}
{"target": 0.9026238063726127, "params": {"a": 7.522875271006201, "dB": 14.503833096687007, "s": 0.5411506782686212}, "datetime": {"datetime": "2022-03-25 13:00:47", "elapsed": 2834.242166, "delta": 5.189277}}
{"target": 0.9018321876791158, "params": {"a": 7.977722636252869, "dB": 15.819206756887587, "s": 0.5117182017582441}, "datetime": {"datetime": "2022-03-25 13:00:56", "elapsed": 2843.16282, "delta": 8.920654}}
{"target": 0.5287998762421688, "params": {"a": 7.725931719083393, "dB": 15.697650015050794, "s": 0.43153610322965685}, "datetime": {"datetime": "2022-03-25 13:01:04", "elapsed": 2852.020706, "delta": 8.857886}}
{"target": 0.7213678090004273, "params": {"a": 6.143072860404932, "dB": 15.560045218163639, "s": 0.5657492724058144}, "datetime": {"datetime": "2022-03-25 13:01:13", "elapsed": 2860.546515, "delta": 8.525809}}
{"target": 0.46987464339469115, "params": {"a": 5.575806158102696, "dB": 15.511495740970291, "s": 1.7}, "datetime": {"datetime": "2022-03-25 13:01:22", "elapsed": 2869.535072, "delta": 8.988557}}
{"target": 0.7325383807876812, "params": {"a": 5.748145686446643, "dB": 14.795320642998721, "s": 0.4585706505305859}, "datetime": {"datetime": "2022-03-25 13:01:24", "elapsed": 2871.961319, "delta": 2.426247}}
{"target": 0.9458484685583767, "params": {"a": 6.301340216063721, "dB": 14.198390302045913, "s": 0.2542671441560911}, "datetime": {"datetime": "2022-03-25 13:01:27", "elapsed": 2874.702749, "delta": 2.74143}}
{"target": 0.8951624456128647, "params": {"a": 8.067768508896348, "dB": 15.41714703167957, "s": 0.5104393107964058}, "datetime": {"datetime": "2022-03-25 13:01:36", "elapsed": 2883.591857, "delta": 8.889108}}
