{"target": 0.9976348496118953, "params": {"a": 4.559417239137509, "dB": 9.545143639311489, "s": 0.9370794747673297}, "datetime": {"datetime": "2022-03-28 18:45:22", "elapsed": 633.785408, "delta": 1.48755}}
{"target": 0.9981421027607054, "params": {"a": 4.363684714553169, "dB": 9.059593023315218, "s": 0.8780274081358491}, "datetime": {"datetime": "2022-03-28 18:45:24", "elapsed": 635.376095, "delta": 1.590687}}
{"target": 0.995461560300168, "params": {"a": 4.149116140053306, "dB": 8.764642387957158, "s": 0.8099678883773608}, "datetime": {"datetime": "2022-03-28 18:45:26", "elapsed": 637.735109, "delta": 2.359014}}
{"target": 0.9780736047317866, "params": {"a": 4.936536705111113, "dB": 9.337717127280568, "s": 0.9480649007205137}, "datetime": {"datetime": "2022-03-28 18:45:27", "elapsed": 639.050485, "delta": 1.315376}}
{"target": 0.9978367488028366, "params": {"a": 4.320489666895123, "dB": 9.104974349883605, "s": 0.8770224177478307}, "datetime": {"datetime": "2022-03-28 18:45:29", "elapsed": 640.891654, "delta": 1.841169}}
{"target": 0.9981750269998929, "params": {"a": 4.239599153167122, "dB": 8.896495718673757, "s": 0.8587225136737656}, "datetime": {"datetime": "2022-03-28 18:45:32", "elapsed": 643.258671, "delta": 2.367017}}
{"target": 0.9984508167173818, "params": {"a": 4.241716569758232, "dB": 8.943119586441371, "s": 0.8545934038062815}, "datetime": {"datetime": "2022-03-28 18:45:34", "elapsed": 645.519006, "delta": 2.260335}}
{"target": 0.9973144519775052, "params": {"a": 4.549911735773527, "dB": 9.633532648930178, "s": 0.9316483812143604}, "datetime": {"datetime": "2022-03-28 18:45:35", "elapsed": 646.768703, "delta": 1.249697}}
{"target": 0.9937387103371541, "params": {"a": 4.1891301742246725, "dB": 8.700910100658291, "s": 0.8127993282939838}, "datetime": {"datetime": "2022-03-28 18:45:37", "elapsed": 648.270253, "delta": 1.50155}}
{"target": 0.9958017409250939, "params": {"a": 3.855183385283949, "dB": 8.494906231325528, "s": 0.7247244429963631}, "datetime": {"datetime": "2022-03-28 18:45:38", "elapsed": 649.591778, "delta": 1.321525}}
{"target": 0.9973548730661822, "params": {"a": 4.5055417025136535, "dB": 9.4485646285106, "s": 0.9323821721939609}, "datetime": {"datetime": "2022-03-28 18:45:40", "elapsed": 651.51906, "delta": 1.927282}}
{"target": 0.9967109888044615, "params": {"a": 4.06431952410178, "dB": 8.69221825104617, "s": 0.8036998484052843}, "datetime": {"datetime": "2022-03-28 18:45:41", "elapsed": 652.917051, "delta": 1.397991}}
{"target": 0.9962260167603199, "params": {"a": 4.237483526849854, "dB": 8.801377973123829, "s": 0.8472495164623844}, "datetime": {"datetime": "2022-03-28 18:45:43", "elapsed": 655.077355, "delta": 2.160304}}
{"target": 0.9983531848536382, "params": {"a": 4.297919041957324, "dB": 8.93954159926224, "s": 0.8638051916559573}, "datetime": {"datetime": "2022-03-28 18:45:45", "elapsed": 656.730362, "delta": 1.653007}}
{"target": 0.6269185640513628, "params": {"a": 3.2672688026808676, "dB": 10.227830906036687, "s": 0.3151878182096094}, "datetime": {"datetime": "2022-03-28 18:45:46", "elapsed": 657.955891, "delta": 1.225529}}
{"target": 0.9961741860087019, "params": {"a": 4.339125641180395, "dB": 9.178238128889797, "s": 0.8919906355255168}, "datetime": {"datetime": "2022-03-28 18:45:49", "elapsed": 660.370375, "delta": 2.414484}}
{"target": 0.99728415325269, "params": {"a": 4.621443552318113, "dB": 9.25781562724058, "s": 0.9420540180145779}, "datetime": {"datetime": "2022-03-28 18:45:50", "elapsed": 662.182625, "delta": 1.81225}}
{"target": 0.7027885194252788, "params": {"a": 3.2439078746463377, "dB": 10.214945476364845, "s": 0.9054801171212385}, "datetime": {"datetime": "2022-03-28 18:45:52", "elapsed": 663.457755, "delta": 1.27513}}
{"target": 0.9907781726430122, "params": {"a": 3.6058906490433693, "dB": 8.48473825963098, "s": 0.7160550079098995}, "datetime": {"datetime": "2022-03-28 18:45:53", "elapsed": 664.712907, "delta": 1.255152}}
{"target": 0.9885748605514881, "params": {"a": 3.5091573373095266, "dB": 8.435108358145046, "s": 0.6623665234580683}, "datetime": {"datetime": "2022-03-28 18:45:54", "elapsed": 665.942806, "delta": 1.229899}}
{"target": 0.9888327196416797, "params": {"a": 3.4944859614124373, "dB": 8.545148453260072, "s": 0.6675590122743571}, "datetime": {"datetime": "2022-03-28 18:45:56", "elapsed": 667.654911, "delta": 1.712105}}
{"target": 0.6666347212908798, "params": {"a": 2.430765613011427, "dB": 9.610310130945832, "s": 0.7904464964581369}, "datetime": {"datetime": "2022-03-28 18:45:57", "elapsed": 669.072328, "delta": 1.417417}}
{"target": 0.984941374991775, "params": {"a": 3.4090830886635786, "dB": 8.480157696218392, "s": 0.6712819374033981}, "datetime": {"datetime": "2022-03-28 18:45:59", "elapsed": 670.479839, "delta": 1.407511}}
{"target": 0.9839164209124112, "params": {"a": 3.553356337817875, "dB": 8.522561865646283, "s": 0.7232617833950015}, "datetime": {"datetime": "2022-03-28 18:46:00", "elapsed": 671.834601, "delta": 1.354762}}
{"target": 0.996370622336868, "params": {"a": 4.759085630276249, "dB": 9.801837370384561, "s": 0.9665802989170952}, "datetime": {"datetime": "2022-03-28 18:46:01", "elapsed": 673.083264, "delta": 1.248663}}
{"target": 0.9941460973862845, "params": {"a": 3.664600014694283, "dB": 8.15201161830617, "s": 0.6872859243669764}, "datetime": {"datetime": "2022-03-28 18:46:03", "elapsed": 674.628958, "delta": 1.545694}}
{"target": 0.9897778296538616, "params": {"a": 4.187924366770439, "dB": 9.17136167920985, "s": 0.8488831598087849}, "datetime": {"datetime": "2022-03-28 18:46:06", "elapsed": 677.474881, "delta": 2.845923}}
{"target": 0.9946518133744582, "params": {"a": 3.678549648794728, "dB": 8.383472051540915, "s": 0.7042523330698099}, "datetime": {"datetime": "2022-03-28 18:46:07", "elapsed": 678.950642, "delta": 1.475761}}
{"target": 0.5379377886200376, "params": {"a": 3.9905983186753353, "dB": 10.78065832889374, "s": 0.3002639272162847}, "datetime": {"datetime": "2022-03-28 18:46:09", "elapsed": 680.412665, "delta": 1.462023}}
{"target": 0.9925201474472077, "params": {"a": 3.749010513948164, "dB": 8.266349094865637, "s": 0.7110781068357596}, "datetime": {"datetime": "2022-03-28 18:46:11", "elapsed": 682.254771, "delta": 1.842106}}
{"target": 0.9947949925962958, "params": {"a": 3.628549795246913, "dB": 8.224404430446354, "s": 0.681579261197175}, "datetime": {"datetime": "2022-03-28 18:46:12", "elapsed": 683.939523, "delta": 1.684752}}
{"target": 0.9917951656340229, "params": {"a": 3.673728409265255, "dB": 7.935207263522469, "s": 0.6881337594425382}, "datetime": {"datetime": "2022-03-28 18:46:14", "elapsed": 685.659484, "delta": 1.719961}}
{"target": 0.9916393652508952, "params": {"a": 3.553302358134246, "dB": 8.346974954801373, "s": 0.6912311129319982}, "datetime": {"datetime": "2022-03-28 18:46:15", "elapsed": 686.803599, "delta": 1.144115}}
{"target": 0.9082228565820418, "params": {"a": 2.980499509878735, "dB": 8.698100636012857, "s": 0.4586437424893248}, "datetime": {"datetime": "2022-03-28 18:46:16", "elapsed": 687.79713, "delta": 0.993531}}
{"target": 0.9947113752444002, "params": {"a": 4.808577586861635, "dB": 9.962935003093468, "s": 0.954559296067801}, "datetime": {"datetime": "2022-03-28 18:46:19", "elapsed": 690.497593, "delta": 2.700463}}
{"target": 0.9900694546372039, "params": {"a": 3.6861367375298753, "dB": 8.465459283249778, "s": 0.7365928899767482}, "datetime": {"datetime": "2022-03-28 18:46:21", "elapsed": 693.099363, "delta": 2.60177}}
{"target": 0.9922109821984442, "params": {"a": 4.022352604158009, "dB": 8.445409700258336, "s": 0.7569327345328486}, "datetime": {"datetime": "2022-03-28 18:46:23", "elapsed": 694.994902, "delta": 1.895539}}
{"target": 0.9944770636933922, "params": {"a": 3.7584805178254346, "dB": 8.361710072944927, "s": 0.7064896834249342}, "datetime": {"datetime": "2022-03-28 18:46:24", "elapsed": 696.037857, "delta": 1.042955}}
{"target": 0.9934409916783355, "params": {"a": 4.336920229911354, "dB": 9.609689692710262, "s": 0.9013720424103931}, "datetime": {"datetime": "2022-03-28 18:46:26", "elapsed": 697.927631, "delta": 1.889774}}
{"target": 0.9924806865075612, "params": {"a": 3.595325679080859, "dB": 8.410407358783132, "s": 0.703163777116369}, "datetime": {"datetime": "2022-03-28 18:46:27", "elapsed": 699.146406, "delta": 1.218775}}
{"target": 0.997302394307017, "params": {"a": 4.128375133709776, "dB": 8.702619629564664, "s": 0.8185259696035544}, "datetime": {"datetime": "2022-03-28 18:46:30", "elapsed": 701.223348, "delta": 2.076942}}
{"target": 0.6799009594820993, "params": {"a": 1.9734723347487413, "dB": 8.857045021861115, "s": 0.7740869292918982}, "datetime": {"datetime": "2022-03-28 18:46:31", "elapsed": 702.29912, "delta": 1.075772}}
{"target": 0.6934615826374437, "params": {"a": 3.6368250215051408, "dB": 8.336717140343595, "s": 0.2955401874462956}, "datetime": {"datetime": "2022-03-28 18:46:32", "elapsed": 703.255523, "delta": 0.956403}}
{"target": 0.9945892127887606, "params": {"a": 3.670944274403757, "dB": 8.247697437888844, "s": 0.6913960536609988}, "datetime": {"datetime": "2022-03-28 18:46:33", "elapsed": 704.57997, "delta": 1.324447}}
{"target": 0.9728676825308793, "params": {"a": 3.229306580291945, "dB": 8.450216244700599, "s": 0.6460749491048376}, "datetime": {"datetime": "2022-03-28 18:46:34", "elapsed": 705.811472, "delta": 1.231502}}
{"target": 0.9937506463116468, "params": {"a": 3.8752868833654146, "dB": 8.499459977266365, "s": 0.7516133385470997}, "datetime": {"datetime": "2022-03-28 18:46:36", "elapsed": 707.262485, "delta": 1.451013}}
{"target": 0.9447790301010517, "params": {"a": 4.383647473793502, "dB": 10.185020362529631, "s": 0.9751740541677528}, "datetime": {"datetime": "2022-03-28 18:46:37", "elapsed": 708.561041, "delta": 1.298556}}
{"target": 0.9946864920631864, "params": {"a": 4.126603489760236, "dB": 8.6318304867367, "s": 0.8067189487282257}, "datetime": {"datetime": "2022-03-28 18:46:39", "elapsed": 710.231401, "delta": 1.67036}}
{"target": 0.9970371692129519, "params": {"a": 4.420218331931348, "dB": 8.939705782244655, "s": 0.880576580190693}, "datetime": {"datetime": "2022-03-28 18:46:41", "elapsed": 712.298999, "delta": 2.067598}}
{"target": 0.979264958166818, "params": {"a": 4.260418249331913, "dB": 10.317332037109853, "s": 0.8808867559190323}, "datetime": {"datetime": "2022-03-28 18:46:42", "elapsed": 713.836321, "delta": 1.537322}}
{"target": 0.9967053927840973, "params": {"a": 4.0935041005919395, "dB": 9.100655485742777, "s": 0.8356202977588397}, "datetime": {"datetime": "2022-03-28 18:46:44", "elapsed": 715.589813, "delta": 1.753492}}
{"target": 0.9785222257158498, "params": {"a": 4.261185792947131, "dB": 10.184480728019189, "s": 0.8637994268012115}, "datetime": {"datetime": "2022-03-28 18:46:46", "elapsed": 717.529713, "delta": 1.9399}}
{"target": 0.9979076268294014, "params": {"a": 4.365011057723083, "dB": 9.027656845205065, "s": 0.8788367425932648}, "datetime": {"datetime": "2022-03-28 18:46:47", "elapsed": 719.011019, "delta": 1.481306}}
{"target": 0.9725156315851309, "params": {"a": 4.037487752560086, "dB": 7.811604497565425, "s": 0.7637424385516319}, "datetime": {"datetime": "2022-03-28 18:46:49", "elapsed": 720.30184, "delta": 1.290821}}
{"target": 0.9956267626262683, "params": {"a": 4.660788432446655, "dB": 9.460583171026723, "s": 0.9627698056997258}, "datetime": {"datetime": "2022-03-28 18:46:50", "elapsed": 721.848033, "delta": 1.546193}}
{"target": 0.9702244440959495, "params": {"a": 4.1333539625555415, "dB": 10.271129555330576, "s": 0.8370365534885087}, "datetime": {"datetime": "2022-03-28 18:46:52", "elapsed": 723.604502, "delta": 1.756469}}
{"target": 0.6979365374687911, "params": {"a": 2.0857214919620715, "dB": 8.895144166993093, "s": 0.6376684251140091}, "datetime": {"datetime": "2022-03-28 18:46:53", "elapsed": 724.712326, "delta": 1.107824}}
{"target": 0.9985814590487894, "params": {"a": 4.248485034940866, "dB": 8.982430185059076, "s": 0.8554129815901553}, "datetime": {"datetime": "2022-03-28 18:46:55", "elapsed": 726.348466, "delta": 1.63614}}
{"target": 0.9968913619737189, "params": {"a": 4.484194613607876, "dB": 9.376631626607079, "s": 0.9331232187228141}, "datetime": {"datetime": "2022-03-28 18:46:56", "elapsed": 728.04494, "delta": 1.696474}}
{"target": 0.9969942736959431, "params": {"a": 4.70777222794716, "dB": 9.601159380541498, "s": 0.9581546557741654}, "datetime": {"datetime": "2022-03-28 18:46:58", "elapsed": 729.995448, "delta": 1.950508}}
{"target": 0.9890902681824163, "params": {"a": 3.504960771376298, "dB": 8.447219847177351, "s": 0.665850570327477}, "datetime": {"datetime": "2022-03-28 18:46:59", "elapsed": 731.006658, "delta": 1.01121}}
{"target": 0.9956387105168285, "params": {"a": 3.750984086404013, "dB": 8.437187933403195, "s": 0.713959032064628}, "datetime": {"datetime": "2022-03-28 18:47:01", "elapsed": 732.370832, "delta": 1.364174}}
{"target": 0.9942931356173111, "params": {"a": 4.0841133040150535, "dB": 8.822998122301955, "s": 0.8119077967877307}, "datetime": {"datetime": "2022-03-28 18:47:03", "elapsed": 734.323424, "delta": 1.952592}}
{"target": 0.9963104736742392, "params": {"a": 4.055351306384468, "dB": 8.97618423016598, "s": 0.8254124967125267}, "datetime": {"datetime": "2022-03-28 18:47:04", "elapsed": 736.082483, "delta": 1.759059}}
{"target": 0.9868757300490274, "params": {"a": 3.4166558271495453, "dB": 7.6574852189053315, "s": 0.6646467615869298}, "datetime": {"datetime": "2022-03-28 18:47:07", "elapsed": 738.38893, "delta": 2.306447}}
{"target": 0.6562122709131467, "params": {"a": 4.620452884198499, "dB": 9.371440809466737, "s": 0.531000710233112}, "datetime": {"datetime": "2022-03-28 18:47:08", "elapsed": 739.703907, "delta": 1.314977}}
{"target": 0.9880873490261396, "params": {"a": 4.905985154969245, "dB": 9.394105471262783, "s": 0.9933561497892979}, "datetime": {"datetime": "2022-03-28 18:47:10", "elapsed": 741.853766, "delta": 2.149859}}
{"target": 0.9976870976388544, "params": {"a": 4.539872147378819, "dB": 9.49554991405423, "s": 0.9339144074910719}, "datetime": {"datetime": "2022-03-28 18:47:12", "elapsed": 743.864757, "delta": 2.010991}}
{"target": 0.9937840709563147, "params": {"a": 4.009109083866457, "dB": 8.915001200284236, "s": 0.8030502920603957}, "datetime": {"datetime": "2022-03-28 18:47:15", "elapsed": 746.208964, "delta": 2.344207}}
{"target": 0.9976692358954019, "params": {"a": 4.151092055772729, "dB": 8.86321350860936, "s": 0.8379854812398083}, "datetime": {"datetime": "2022-03-28 18:47:16", "elapsed": 747.753486, "delta": 1.544522}}
{"target": 0.9882808056369781, "params": {"a": 3.3826097811925244, "dB": 8.04052814444041, "s": 0.6210113537828444}, "datetime": {"datetime": "2022-03-28 18:47:18", "elapsed": 749.72564, "delta": 1.972154}}
{"target": 0.9874792165401963, "params": {"a": 3.5729367359169135, "dB": 8.184034572436975, "s": 0.7031908124659038}, "datetime": {"datetime": "2022-03-28 18:47:19", "elapsed": 751.078161, "delta": 1.352521}}
