{"target": 0.9338659286887263, "params": {"a": 2.7340181699215353, "dB": 8.201868048587121, "s": 0.4248076613960079}, "datetime": {"datetime": "2022-03-28 13:25:56", "elapsed": 116.931983, "delta": 0.502706}}
{"target": 0.985332216984379, "params": {"a": 4.126286063701931, "dB": 8.616763507036822, "s": 0.702205199557579}, "datetime": {"datetime": "2022-03-28 13:25:56", "elapsed": 117.540932, "delta": 0.608949}}
{"target": 0.9972255717173834, "params": {"a": 3.7412420626712453, "dB": 8.951379895912819, "s": 0.6992153928701835}, "datetime": {"datetime": "2022-03-28 13:25:57", "elapsed": 118.198154, "delta": 0.657222}}
{"target": 0.5613665198929502, "params": {"a": 1.7453303175339057, "dB": 10.911961034116642, "s": 0.5045868750063552}, "datetime": {"datetime": "2022-03-28 13:25:58", "elapsed": 119.049664, "delta": 0.85151}}
{"target": 0.7549112565481192, "params": {"a": 2.4098697424332745, "dB": 8.255529078214055, "s": 0.7147673237153006}, "datetime": {"datetime": "2022-03-28 13:25:58", "elapsed": 119.449426, "delta": 0.399762}}
{"target": 0.9841313917440028, "params": {"a": 3.24931269091682, "dB": 8.152669481195717, "s": 0.6055582439229217}, "datetime": {"datetime": "2022-03-28 13:25:59", "elapsed": 120.088805, "delta": 0.639379}}
{"target": 0.9685337268069184, "params": {"a": 3.442974685723298, "dB": 7.993405660575595, "s": 0.6826750662061349}, "datetime": {"datetime": "2022-03-28 13:25:59", "elapsed": 120.619386, "delta": 0.530581}}
{"target": 0.7682803382402354, "params": {"a": 1.6782171516165778, "dB": 8.557052849456241, "s": 0.2008449944291071}, "datetime": {"datetime": "2022-03-28 13:26:00", "elapsed": 121.0749, "delta": 0.455514}}
{"target": 0.9869866989753727, "params": {"a": 3.3131881222495214, "dB": 8.343399140119772, "s": 0.6310151088530075}, "datetime": {"datetime": "2022-03-28 13:26:00", "elapsed": 121.674533, "delta": 0.599633}}
{"target": 0.9593772191456953, "params": {"a": 3.0861571095915816, "dB": 8.982162357178796, "s": 0.6069146201616192}, "datetime": {"datetime": "2022-03-28 13:26:01", "elapsed": 122.537833, "delta": 0.8633}}
{"target": 0.9927142191272103, "params": {"a": 3.976141612087453, "dB": 8.583618402709043, "s": 0.6995314898835548}, "datetime": {"datetime": "2022-03-28 13:26:02", "elapsed": 123.239782, "delta": 0.701949}}
{"target": 0.9956909194159151, "params": {"a": 3.5887088810671606, "dB": 8.39325432491528, "s": 0.6708379332941257}, "datetime": {"datetime": "2022-03-28 13:26:03", "elapsed": 123.78807, "delta": 0.548288}}
{"target": 0.9964951226730651, "params": {"a": 3.8352958946486124, "dB": 9.400934267560727, "s": 0.7290299603638648}, "datetime": {"datetime": "2022-03-28 13:26:03", "elapsed": 124.370936, "delta": 0.582866}}
{"target": 0.9886389754425394, "params": {"a": 3.460685912425361, "dB": 8.37496014489701, "s": 0.6772552623874545}, "datetime": {"datetime": "2022-03-28 13:26:04", "elapsed": 124.943882, "delta": 0.572946}}
{"target": 0.9893435446603863, "params": {"a": 3.475918123870788, "dB": 8.734402723153483, "s": 0.6232938548279457}, "datetime": {"datetime": "2022-03-28 13:26:04", "elapsed": 125.540449, "delta": 0.596567}}
{"target": 0.9981282893452811, "params": {"a": 3.9482115992906315, "dB": 9.01873569008151, "s": 0.7106759225846184}, "datetime": {"datetime": "2022-03-28 13:26:05", "elapsed": 126.080294, "delta": 0.539845}}
{"target": 0.9842344743841948, "params": {"a": 3.8116448672783667, "dB": 8.554394739304612, "s": 0.6521198457091562}, "datetime": {"datetime": "2022-03-28 13:26:05", "elapsed": 126.630767, "delta": 0.550473}}
{"target": 0.9896692255292409, "params": {"a": 3.9556505742886503, "dB": 8.428581764432769, "s": 0.7365375542604364}, "datetime": {"datetime": "2022-03-28 13:26:06", "elapsed": 127.424905, "delta": 0.794138}}
{"target": 0.9221451024166483, "params": {"a": 2.4386386949639296, "dB": 7.5, "s": 0.4602994755163102}, "datetime": {"datetime": "2022-03-28 13:26:07", "elapsed": 127.967091, "delta": 0.542186}}
{"target": 0.6549284592985701, "params": {"a": 2.2205732967996274, "dB": 9.677773866966366, "s": 0.903745580735866}, "datetime": {"datetime": "2022-03-28 13:26:07", "elapsed": 128.511455, "delta": 0.544364}}
{"target": 0.9711862931126252, "params": {"a": 4.057305854424001, "dB": 7.809806370411428, "s": 0.7668798544116198}, "datetime": {"datetime": "2022-03-28 13:26:08", "elapsed": 129.325573, "delta": 0.814118}}
{"target": 0.9910851519011088, "params": {"a": 3.631349020250242, "dB": 9.260774310027667, "s": 0.6410214206309882}, "datetime": {"datetime": "2022-03-28 13:26:09", "elapsed": 129.984605, "delta": 0.659032}}
{"target": 0.9945781230645449, "params": {"a": 3.5677873607696537, "dB": 8.268694754691046, "s": 0.6591734233137359}, "datetime": {"datetime": "2022-03-28 13:26:09", "elapsed": 130.571626, "delta": 0.587021}}
{"target": 0.9738540595313583, "params": {"a": 4.304162578154346, "dB": 9.304327881121086, "s": 0.7886075174302148}, "datetime": {"datetime": "2022-03-28 13:26:10", "elapsed": 131.119146, "delta": 0.54752}}
{"target": 0.9852424237409344, "params": {"a": 3.8010424855757057, "dB": 9.598903579805445, "s": 0.7783589841455728}, "datetime": {"datetime": "2022-03-28 13:26:11", "elapsed": 131.925929, "delta": 0.806783}}
{"target": 0.6201593217604542, "params": {"a": 1.9097569453313876, "dB": 10.21637195759394, "s": 0.868141533668202}, "datetime": {"datetime": "2022-03-28 13:26:11", "elapsed": 132.743111, "delta": 0.817182}}
{"target": 0.9971778735918875, "params": {"a": 4.033341183641947, "dB": 9.096821526929777, "s": 0.7204955471225015}, "datetime": {"datetime": "2022-03-28 13:26:12", "elapsed": 133.292816, "delta": 0.549705}}
{"target": 0.9985971098397266, "params": {"a": 3.7627459524507127, "dB": 8.85558332972609, "s": 0.6872217775490207}, "datetime": {"datetime": "2022-03-28 13:26:13", "elapsed": 134.110113, "delta": 0.817297}}
{"target": 0.9979567135948366, "params": {"a": 3.8941908687188747, "dB": 8.892190985278365, "s": 0.7084680506036793}, "datetime": {"datetime": "2022-03-28 13:26:14", "elapsed": 134.804577, "delta": 0.694464}}
{"target": 0.7076431683689598, "params": {"a": 2.3100101988351494, "dB": 8.610038360549929, "s": 0.7847014366787622}, "datetime": {"datetime": "2022-03-28 13:26:14", "elapsed": 135.260228, "delta": 0.455651}}
{"target": 0.985696347730796, "params": {"a": 3.2758086708333307, "dB": 7.795839348188198, "s": 0.557248377633784}, "datetime": {"datetime": "2022-03-28 13:26:14", "elapsed": 135.772102, "delta": 0.511874}}
{"target": 0.9791786707449228, "params": {"a": 3.516917652318786, "dB": 9.07191970875951, "s": 0.6058339668408336}, "datetime": {"datetime": "2022-03-28 13:26:15", "elapsed": 136.371326, "delta": 0.599224}}
{"target": 0.9980257627683096, "params": {"a": 3.8044519409450075, "dB": 9.24688416887555, "s": 0.7028149380371336}, "datetime": {"datetime": "2022-03-28 13:26:16", "elapsed": 136.938102, "delta": 0.566776}}
{"target": 0.9862090568157387, "params": {"a": 3.0929416402574583, "dB": 7.773933890151316, "s": 0.5158249265264688}, "datetime": {"datetime": "2022-03-28 13:26:16", "elapsed": 137.678528, "delta": 0.740426}}
{"target": 0.9935853050043739, "params": {"a": 3.8728541509911287, "dB": 8.479435406683498, "s": 0.7205501238298998}, "datetime": {"datetime": "2022-03-28 13:26:17", "elapsed": 138.399015, "delta": 0.720487}}
{"target": 0.6187420664653637, "params": {"a": 1.9666206522447327, "dB": 10.34359383488312, "s": 0.904222595204233}, "datetime": {"datetime": "2022-03-28 13:26:18", "elapsed": 139.182276, "delta": 0.783261}}
{"target": 0.9930551753488224, "params": {"a": 3.6871458874921474, "dB": 8.378599836290643, "s": 0.7049973912207858}, "datetime": {"datetime": "2022-03-28 13:26:19", "elapsed": 139.847165, "delta": 0.664889}}
{"target": 0.7975046431673383, "params": {"a": 2.2136478989156236, "dB": 10.664008098084484, "s": 0.2473621692447521}, "datetime": {"datetime": "2022-03-28 13:26:19", "elapsed": 140.621966, "delta": 0.774801}}
{"target": 0.9927106328997205, "params": {"a": 3.930883050781023, "dB": 8.739341027708385, "s": 0.7325589569960492}, "datetime": {"datetime": "2022-03-28 13:26:20", "elapsed": 141.299102, "delta": 0.677136}}
{"target": 0.9962272254767698, "params": {"a": 3.6154510110797093, "dB": 9.0677920001696, "s": 0.6735292163839252}, "datetime": {"datetime": "2022-03-28 13:26:21", "elapsed": 142.063781, "delta": 0.764679}}
{"target": 0.9982333064614382, "params": {"a": 3.8300548733523447, "dB": 8.858271170131088, "s": 0.7022790364904994}, "datetime": {"datetime": "2022-03-28 13:26:21", "elapsed": 142.676758, "delta": 0.612977}}
{"target": 0.966189587362163, "params": {"a": 3.0584096074537515, "dB": 8.13241384241099, "s": 0.6127401138447764}, "datetime": {"datetime": "2022-03-28 13:26:22", "elapsed": 143.222838, "delta": 0.54608}}
{"target": 0.9902089213857206, "params": {"a": 3.5626949810260884, "dB": 8.900266877867384, "s": 0.6898179303782829}, "datetime": {"datetime": "2022-03-28 13:26:23", "elapsed": 143.9386, "delta": 0.715762}}
{"target": 0.9970462747039388, "params": {"a": 3.6793313167921458, "dB": 8.747436752058611, "s": 0.6891822352633618}, "datetime": {"datetime": "2022-03-28 13:26:24", "elapsed": 144.866323, "delta": 0.927723}}
{"target": 0.9856669994910394, "params": {"a": 3.2993026163068473, "dB": 7.603045291351908, "s": 0.525402934574467}, "datetime": {"datetime": "2022-03-28 13:26:25", "elapsed": 145.852729, "delta": 0.986406}}
{"target": 0.9939320434703638, "params": {"a": 3.550158059468086, "dB": 8.15185021723473, "s": 0.6670515257547183}, "datetime": {"datetime": "2022-03-28 13:26:25", "elapsed": 146.59679, "delta": 0.744061}}
{"target": 0.9950284309829072, "params": {"a": 3.6863634364371505, "dB": 8.409687507382687, "s": 0.6664890987374212}, "datetime": {"datetime": "2022-03-28 13:26:26", "elapsed": 147.593099, "delta": 0.996309}}
{"target": 0.9228345090169879, "params": {"a": 3.665850002865609, "dB": 11.0, "s": 0.7624704592639513}, "datetime": {"datetime": "2022-03-28 13:26:28", "elapsed": 148.788027, "delta": 1.194928}}
{"target": 0.9922206285362131, "params": {"a": 3.911871518858267, "dB": 8.288396943845314, "s": 0.7118698793433901}, "datetime": {"datetime": "2022-03-28 13:26:29", "elapsed": 149.862117, "delta": 1.07409}}
{"target": 0.9935299060257532, "params": {"a": 3.7955417353477077, "dB": 9.33225112028546, "s": 0.7401051868054197}, "datetime": {"datetime": "2022-03-28 13:26:30", "elapsed": 150.91384, "delta": 1.051723}}
{"target": 0.9987195456188377, "params": {"a": 4.349405385764676, "dB": 9.617320545428386, "s": 0.8465115582880319}, "datetime": {"datetime": "2022-03-28 13:26:31", "elapsed": 152.048851, "delta": 1.135011}}
{"target": 0.9882619197282926, "params": {"a": 4.286230453060321, "dB": 9.734482548427799, "s": 0.8718686872014052}, "datetime": {"datetime": "2022-03-28 13:26:32", "elapsed": 153.184916, "delta": 1.136065}}
{"target": 0.975762657161347, "params": {"a": 2.9671748943329277, "dB": 7.5, "s": 0.5262650407709532}, "datetime": {"datetime": "2022-03-28 13:26:33", "elapsed": 154.194806, "delta": 1.00989}}
{"target": 0.48701331452119, "params": {"a": 4.962826560460866, "dB": 10.769397669111731, "s": 0.155212282559872}, "datetime": {"datetime": "2022-03-28 13:26:34", "elapsed": 155.251502, "delta": 1.056696}}
{"target": 0.9920293263033026, "params": {"a": 4.206344315569833, "dB": 9.863217788642668, "s": 0.8294860809718518}, "datetime": {"datetime": "2022-03-28 13:26:35", "elapsed": 156.069864, "delta": 0.818362}}
{"target": 0.9667433233221877, "params": {"a": 4.125516059665397, "dB": 9.941943135061628, "s": 0.7819697622593748}, "datetime": {"datetime": "2022-03-28 13:26:36", "elapsed": 157.259202, "delta": 1.189338}}
{"target": 0.997177430435457, "params": {"a": 3.796023866101942, "dB": 8.71659499747144, "s": 0.6819574972726193}, "datetime": {"datetime": "2022-03-28 13:26:37", "elapsed": 158.06493, "delta": 0.805728}}
{"target": 0.9964328969727937, "params": {"a": 4.127363101160641, "dB": 9.328067587239282, "s": 0.7306087548947642}, "datetime": {"datetime": "2022-03-28 13:26:38", "elapsed": 158.928727, "delta": 0.863797}}
{"target": 0.9804563986344209, "params": {"a": 4.3650960251358555, "dB": 8.67930321213142, "s": 0.7729050474874244}, "datetime": {"datetime": "2022-03-28 13:26:39", "elapsed": 160.073739, "delta": 1.145012}}
{"target": 0.9831460119367065, "params": {"a": 4.001327954047156, "dB": 9.2081796006056, "s": 0.6676578576770502}, "datetime": {"datetime": "2022-03-28 13:26:40", "elapsed": 161.420861, "delta": 1.347122}}
{"target": 0.9920182003967702, "params": {"a": 3.4733183092079862, "dB": 8.235142661245073, "s": 0.6384342429714536}, "datetime": {"datetime": "2022-03-28 13:26:41", "elapsed": 162.6655, "delta": 1.244639}}
{"target": 0.9925582452030193, "params": {"a": 4.121256675622, "dB": 9.808393155618123, "s": 0.8396903544101443}, "datetime": {"datetime": "2022-03-28 13:26:43", "elapsed": 164.20022, "delta": 1.53472}}
{"target": 0.9950715369317471, "params": {"a": 3.8648709615614965, "dB": 8.96069237398237, "s": 0.7222396823559887}, "datetime": {"datetime": "2022-03-28 13:26:44", "elapsed": 165.119467, "delta": 0.919247}}
{"target": 0.9883670754198308, "params": {"a": 3.9657338699985987, "dB": 8.144158254931297, "s": 0.7237435411455695}, "datetime": {"datetime": "2022-03-28 13:26:45", "elapsed": 166.382547, "delta": 1.26308}}
{"target": 0.9930537782578084, "params": {"a": 4.193380965766767, "dB": 9.369468317713135, "s": 0.7508925900013165}, "datetime": {"datetime": "2022-03-28 13:26:46", "elapsed": 167.327686, "delta": 0.945139}}
{"target": 0.9976118033585214, "params": {"a": 3.9841959700794, "dB": 9.414086535796592, "s": 0.738309197404503}, "datetime": {"datetime": "2022-03-28 13:26:47", "elapsed": 168.203957, "delta": 0.876271}}
{"target": 0.8416902586380826, "params": {"a": 3.4924465814371346, "dB": 9.10041938145481, "s": 0.818061197660157}, "datetime": {"datetime": "2022-03-28 13:26:48", "elapsed": 168.783525, "delta": 0.579568}}
{"target": 0.989337051097235, "params": {"a": 4.001666319617749, "dB": 9.47358972628784, "s": 0.7144406227736511}, "datetime": {"datetime": "2022-03-28 13:26:49", "elapsed": 169.851056, "delta": 1.067531}}
{"target": 0.9954398380061231, "params": {"a": 3.7635197096002924, "dB": 8.454876755207776, "s": 0.7040985218798336}, "datetime": {"datetime": "2022-03-28 13:26:50", "elapsed": 170.829368, "delta": 0.978312}}
{"target": 0.9775732293591823, "params": {"a": 3.417062783298382, "dB": 8.785013044459795, "s": 0.6862014756933049}, "datetime": {"datetime": "2022-03-28 13:26:50", "elapsed": 171.53455, "delta": 0.705182}}
{"target": 0.9954657793509354, "params": {"a": 4.081846928656879, "dB": 9.402532512575215, "s": 0.7405253573450121}, "datetime": {"datetime": "2022-03-28 13:26:51", "elapsed": 172.354621, "delta": 0.820071}}
{"target": 0.5443053285263559, "params": {"a": 3.3615455981282523, "dB": 8.673831954685177, "s": 0.10488433739983186}, "datetime": {"datetime": "2022-03-28 13:26:52", "elapsed": 172.953022, "delta": 0.598401}}
{"target": 0.9974584782067395, "params": {"a": 3.7397802749959634, "dB": 8.623451825339622, "s": 0.6924646968942575}, "datetime": {"datetime": "2022-03-28 13:26:52", "elapsed": 173.759239, "delta": 0.806217}}
{"target": 0.9937330156304468, "params": {"a": 3.950248821757124, "dB": 9.090426395489843, "s": 0.6823358820989898}, "datetime": {"datetime": "2022-03-28 13:26:54", "elapsed": 175.008258, "delta": 1.249019}}
{"target": 0.9990111354587905, "params": {"a": 3.8169050663031534, "dB": 9.324821618442419, "s": 0.6959682201822442}, "datetime": {"datetime": "2022-03-28 13:26:55", "elapsed": 176.046595, "delta": 1.038337}}
{"target": 0.9956083317330825, "params": {"a": 3.598626441691086, "dB": 9.168266066112466, "s": 0.6626697240257414}, "datetime": {"datetime": "2022-03-28 13:26:56", "elapsed": 176.79352, "delta": 0.746925}}
{"target": 0.9813871097330971, "params": {"a": 3.1739250737989466, "dB": 7.932275687722967, "s": 0.5399933045141003}, "datetime": {"datetime": "2022-03-28 13:26:56", "elapsed": 177.608616, "delta": 0.815096}}
{"target": 0.9960376041467569, "params": {"a": 3.8605689994141086, "dB": 8.67908325036142, "s": 0.6877950907723019}, "datetime": {"datetime": "2022-03-28 13:26:57", "elapsed": 178.36727, "delta": 0.758654}}
{"target": 0.9935346337822787, "params": {"a": 4.189481573001003, "dB": 9.776062550104202, "s": 0.831242935390548}, "datetime": {"datetime": "2022-03-28 13:26:58", "elapsed": 179.666968, "delta": 1.299698}}
{"target": 0.9975675597837914, "params": {"a": 3.6604075510030953, "dB": 8.875694448437262, "s": 0.669126272452138}, "datetime": {"datetime": "2022-03-28 13:27:00", "elapsed": 181.255977, "delta": 1.589009}}
{"target": 0.98745855643473, "params": {"a": 3.630299285516086, "dB": 9.56896540130575, "s": 0.6966690709422046}, "datetime": {"datetime": "2022-03-28 13:27:01", "elapsed": 182.440953, "delta": 1.184976}}
{"target": 0.7395584755036544, "params": {"a": 3.8549057445279264, "dB": 8.38119020320222, "s": 0.3521506658801743}, "datetime": {"datetime": "2022-03-28 13:27:02", "elapsed": 183.02568, "delta": 0.584727}}
{"target": 0.9884577968345623, "params": {"a": 3.994645129733742, "dB": 9.355956093140168, "s": 0.7114793974967341}, "datetime": {"datetime": "2022-03-28 13:27:03", "elapsed": 184.214114, "delta": 1.188434}}
{"target": 0.9970025144239709, "params": {"a": 3.9153361911451734, "dB": 9.435900293550493, "s": 0.7284674331252372}, "datetime": {"datetime": "2022-03-28 13:27:04", "elapsed": 185.736442, "delta": 1.522328}}
{"target": 0.6343580208961623, "params": {"a": 2.753204313442596, "dB": 10.383141797695643, "s": 0.9041142196700499}, "datetime": {"datetime": "2022-03-28 13:27:05", "elapsed": 186.6803, "delta": 0.943858}}
{"target": 0.9957531519837335, "params": {"a": 3.622172746816983, "dB": 8.475024812419631, "s": 0.6831165570218536}, "datetime": {"datetime": "2022-03-28 13:27:06", "elapsed": 187.523905, "delta": 0.843605}}
{"target": 0.9748975106681131, "params": {"a": 2.8513905158747717, "dB": 7.631637341043298, "s": 0.4739931740349024}, "datetime": {"datetime": "2022-03-28 13:27:07", "elapsed": 188.490286, "delta": 0.966381}}
{"target": 0.9985789135648061, "params": {"a": 3.7252767210573925, "dB": 9.017658197419, "s": 0.6805753593888905}, "datetime": {"datetime": "2022-03-28 13:27:08", "elapsed": 189.268739, "delta": 0.778453}}
{"target": 0.9726130163068454, "params": {"a": 4.08628102484537, "dB": 7.728718185979294, "s": 0.7126511070425068}, "datetime": {"datetime": "2022-03-28 13:27:09", "elapsed": 190.112422, "delta": 0.843683}}
{"target": 0.9918240157138732, "params": {"a": 4.193366842605361, "dB": 9.286361273239102, "s": 0.7508484753054424}, "datetime": {"datetime": "2022-03-28 13:27:11", "elapsed": 192.080882, "delta": 1.96846}}
{"target": 0.983489209186022, "params": {"a": 4.370215811232224, "dB": 9.633686518592969, "s": 0.8872453010800558}, "datetime": {"datetime": "2022-03-28 13:27:12", "elapsed": 193.363738, "delta": 1.282856}}
{"target": 0.9823825212311397, "params": {"a": 4.034567777746155, "dB": 8.006989996696223, "s": 0.711701216340919}, "datetime": {"datetime": "2022-03-28 13:27:14", "elapsed": 194.886908, "delta": 1.52317}}
{"target": 0.9990263911142072, "params": {"a": 3.8881065196227285, "dB": 9.197570745903946, "s": 0.705849610089908}, "datetime": {"datetime": "2022-03-28 13:27:15", "elapsed": 195.827872, "delta": 0.940964}}
{"target": 0.6898753211921312, "params": {"a": 4.738403551445929, "dB": 10.219627124016915, "s": 0.704847923951517}, "datetime": {"datetime": "2022-03-28 13:27:16", "elapsed": 196.781402, "delta": 0.95353}}
{"target": 0.8019943436755435, "params": {"a": 2.201007479319879, "dB": 10.017054166381998, "s": 0.38840050566603634}, "datetime": {"datetime": "2022-03-28 13:27:16", "elapsed": 197.521934, "delta": 0.740532}}
{"target": 0.6423959604652935, "params": {"a": 3.0028623808328505, "dB": 10.229761066211944, "s": 1.0042720529890798}, "datetime": {"datetime": "2022-03-28 13:27:17", "elapsed": 198.552765, "delta": 1.030831}}
{"target": 0.9979688602547837, "params": {"a": 3.6862246115990485, "dB": 9.083030454657154, "s": 0.6785606804776667}, "datetime": {"datetime": "2022-03-28 13:27:19", "elapsed": 199.992838, "delta": 1.440073}}
{"target": 0.9510035070395421, "params": {"a": 3.9044111460152635, "dB": 7.625623935010004, "s": 0.7270333215114562}, "datetime": {"datetime": "2022-03-28 13:27:20", "elapsed": 201.129127, "delta": 1.136289}}
{"target": 0.9827244883504851, "params": {"a": 4.447263565757028, "dB": 9.522904090644992, "s": 0.810243750139742}, "datetime": {"datetime": "2022-03-28 13:27:21", "elapsed": 202.49373, "delta": 1.364603}}
{"target": 0.652442966187694, "params": {"a": 1.7040653477189256, "dB": 9.11208607594535, "s": 0.5242047493848346}, "datetime": {"datetime": "2022-03-28 13:27:22", "elapsed": 203.176158, "delta": 0.682428}}
{"target": 0.9978015773721534, "params": {"a": 3.859607452946513, "dB": 8.785870774813683, "s": 0.695919131155161}, "datetime": {"datetime": "2022-03-28 13:27:23", "elapsed": 204.416669, "delta": 1.240511}}
{"target": 0.9965580647089101, "params": {"a": 3.6523391188463354, "dB": 8.630717633249743, "s": 0.6861401661009763}, "datetime": {"datetime": "2022-03-28 13:27:24", "elapsed": 205.302113, "delta": 0.885444}}
{"target": 0.6322003955088416, "params": {"a": 4.897400140729462, "dB": 10.442738363185308, "s": 0.40353149754031126}, "datetime": {"datetime": "2022-03-28 13:27:25", "elapsed": 206.357394, "delta": 1.055281}}
{"target": 0.9987585560060135, "params": {"a": 3.7563915527313423, "dB": 9.10130451196186, "s": 0.689463213603263}, "datetime": {"datetime": "2022-03-28 13:27:26", "elapsed": 207.712328, "delta": 1.354934}}
{"target": 0.9753007414372977, "params": {"a": 3.1784073070961565, "dB": 8.512529751851933, "s": 0.62107674299587}, "datetime": {"datetime": "2022-03-28 13:27:28", "elapsed": 208.885342, "delta": 1.173014}}
