{"target": 0.8731236977890175, "params": {"a": 3.891543522199507, "dB": 10.667379290411057, "s": 0.15706462341375088}, "datetime": {"datetime": "2022-03-29 14:51:36", "elapsed": 116.411922, "delta": 0.314708}}
{"target": 0.38581896408933486, "params": {"a": 8.277227877705977, "dB": 12.492214247526142, "s": 0.6177927039221005}, "datetime": {"datetime": "2022-03-29 14:51:41", "elapsed": 121.635424, "delta": 5.223502}}
{"target": 0.5499568870990565, "params": {"a": 5.943663614374266, "dB": 13.023536021196822, "s": 1.1769752822010349}, "datetime": {"datetime": "2022-03-29 14:51:42", "elapsed": 122.122738, "delta": 0.487314}}
{"target": 0.9237255936737557, "params": {"a": 6.727884254715392, "dB": 11.567555676083053, "s": 0.7729148074766066}, "datetime": {"datetime": "2022-03-29 14:51:43", "elapsed": 122.983863, "delta": 0.861125}}
{"target": 0.6391978322208203, "params": {"a": 5.076107617366602, "dB": 10.678797990882952, "s": 0.6892353906169216}, "datetime": {"datetime": "2022-03-29 14:51:43", "elapsed": 123.364043, "delta": 0.38018}}
{"target": 0.3657144051739399, "params": {"a": 6.885557631338293, "dB": 12.143733128111219, "s": 0.5215300838525753}, "datetime": {"datetime": "2022-03-29 14:51:44", "elapsed": 124.532102, "delta": 1.168059}}
{"target": 0.8669139365175129, "params": {"a": 4.203780505015427, "dB": 10.918138670694834, "s": 0.4485155430363357}, "datetime": {"datetime": "2022-03-29 14:51:44", "elapsed": 124.713369, "delta": 0.181267}}
{"target": 0.3712724652246753, "params": {"a": 4.870002338420689, "dB": 12.793045211477112, "s": 0.17355760022634653}, "datetime": {"datetime": "2022-03-29 14:51:45", "elapsed": 125.180123, "delta": 0.466754}}
{"target": 0.9351056481431071, "params": {"a": 4.039868181361247, "dB": 10.893722682389905, "s": 0.2473970767876846}, "datetime": {"datetime": "2022-03-29 14:51:45", "elapsed": 125.58636, "delta": 0.406237}}
{"target": 0.3940858204217069, "params": {"a": 6.491010091973791, "dB": 10.838106171928501, "s": 0.22845526065287056}, "datetime": {"datetime": "2022-03-29 14:51:46", "elapsed": 126.314117, "delta": 0.727757}}
{"target": 0.7767126836288757, "params": {"a": 6.568123303589418, "dB": 12.17217568692348, "s": 0.8189676123319577}, "datetime": {"datetime": "2022-03-29 14:51:47", "elapsed": 127.040068, "delta": 0.725951}}
{"target": 0.9558078576335054, "params": {"a": 4.326255288812589, "dB": 10.895138274639445, "s": 0.23158933208405663}, "datetime": {"datetime": "2022-03-29 14:51:47", "elapsed": 127.377971, "delta": 0.337903}}
{"target": 0.9693884787759139, "params": {"a": 4.571098054328329, "dB": 10.78109257594755, "s": 0.35193056500979414}, "datetime": {"datetime": "2022-03-29 14:51:48", "elapsed": 127.725043, "delta": 0.347072}}
{"target": 0.8884668439040886, "params": {"a": 4.7573421213573335, "dB": 10.637166131158532, "s": 0.23955965373323534}, "datetime": {"datetime": "2022-03-29 14:51:48", "elapsed": 128.056164, "delta": 0.331121}}
{"target": 0.7906178743574473, "params": {"a": 5.303603457685548, "dB": 10.517786155307544, "s": 0.34046208298822545}, "datetime": {"datetime": "2022-03-29 14:51:49", "elapsed": 128.773845, "delta": 0.717681}}
{"target": 0.9758669415885227, "params": {"a": 4.620855117607508, "dB": 11.001441095275183, "s": 0.2992440875352743}, "datetime": {"datetime": "2022-03-29 14:51:49", "elapsed": 129.706302, "delta": 0.932457}}
{"target": 0.5952666069435008, "params": {"a": 4.6502092425659995, "dB": 10.694360452602098, "s": 0.8742302121596773}, "datetime": {"datetime": "2022-03-29 14:51:50", "elapsed": 130.386476, "delta": 0.680174}}
{"target": 0.8862637262401661, "params": {"a": 4.591710821204904, "dB": 10.86114021349761, "s": 0.1}, "datetime": {"datetime": "2022-03-29 14:51:51", "elapsed": 131.284027, "delta": 0.897551}}
{"target": 0.9202072074890622, "params": {"a": 4.371892282979655, "dB": 11.156024118289592, "s": 0.2983880037918525}, "datetime": {"datetime": "2022-03-29 14:51:52", "elapsed": 132.347915, "delta": 1.063888}}
{"target": 0.4524130857908631, "params": {"a": 7.696019882663942, "dB": 11.755531436115572, "s": 0.4256983591113793}, "datetime": {"datetime": "2022-03-29 14:51:58", "elapsed": 138.350386, "delta": 6.002471}}
{"target": 0.8497800122510288, "params": {"a": 6.452388058811849, "dB": 12.524929588944817, "s": 0.7497547776317418}, "datetime": {"datetime": "2022-03-29 14:52:00", "elapsed": 140.36045, "delta": 2.010064}}
{"target": 0.8518021219950436, "params": {"a": 4.485016470712331, "dB": 10.993864059171566, "s": 0.47245862263007454}, "datetime": {"datetime": "2022-03-29 14:52:01", "elapsed": 141.32642, "delta": 0.96597}}
{"target": 0.7615982384827839, "params": {"a": 3.7149599864266625, "dB": 11.744588865321564, "s": 0.10582073031217429}, "datetime": {"datetime": "2022-03-29 14:52:02", "elapsed": 141.944159, "delta": 0.617739}}
{"target": 0.8721605740985874, "params": {"a": 3.843131536110171, "dB": 11.053705248487702, "s": 0.15384963631499815}, "datetime": {"datetime": "2022-03-29 14:52:03", "elapsed": 143.037783, "delta": 1.093624}}
{"target": 0.7751136651678321, "params": {"a": 4.627992400940702, "dB": 11.300731983459105, "s": 0.10522418131896578}, "datetime": {"datetime": "2022-03-29 14:52:04", "elapsed": 144.230117, "delta": 1.192334}}
{"target": 0.8688572273168694, "params": {"a": 4.324138712481396, "dB": 11.721101654492411, "s": 0.22492045535464503}, "datetime": {"datetime": "2022-03-29 14:52:05", "elapsed": 145.299049, "delta": 1.068932}}
{"target": 0.6933987000885239, "params": {"a": 4.016006340054175, "dB": 10.671446603715381, "s": 0.5066106860321349}, "datetime": {"datetime": "2022-03-29 14:52:06", "elapsed": 145.798244, "delta": 0.499195}}
{"target": 0.807504598425851, "params": {"a": 4.066510741238517, "dB": 11.407047056295058, "s": 0.16017741290111964}, "datetime": {"datetime": "2022-03-29 14:52:07", "elapsed": 146.830216, "delta": 1.031972}}
{"target": 0.7001625850248934, "params": {"a": 3.554802087777535, "dB": 11.020196564785325, "s": 0.47312968471776373}, "datetime": {"datetime": "2022-03-29 14:52:07", "elapsed": 147.428826, "delta": 0.59861}}
{"target": 0.8936014251321086, "params": {"a": 4.660773116031326, "dB": 11.762904863649386, "s": 0.2399209016850979}, "datetime": {"datetime": "2022-03-29 14:52:08", "elapsed": 148.374238, "delta": 0.945412}}
{"target": 0.8992249587490361, "params": {"a": 4.48148798181785, "dB": 12.014292399243445, "s": 0.25830764172606224}, "datetime": {"datetime": "2022-03-29 14:52:09", "elapsed": 149.649506, "delta": 1.275268}}
{"target": 0.5018255528612002, "params": {"a": 5.857376367869074, "dB": 11.448649935149929, "s": 0.378054941629267}, "datetime": {"datetime": "2022-03-29 14:52:11", "elapsed": 151.030003, "delta": 1.380497}}
{"target": 0.8616180763550468, "params": {"a": 7.872174099072812, "dB": 12.940959224836863, "s": 0.92844648968364}, "datetime": {"datetime": "2022-03-29 14:52:19", "elapsed": 159.515296, "delta": 8.485293}}
{"target": 0.7228273982129528, "params": {"a": 5.394119144606983, "dB": 10.838441484465578, "s": 0.3957996162410126}, "datetime": {"datetime": "2022-03-29 14:52:20", "elapsed": 160.595207, "delta": 1.079911}}
{"target": 0.39776175548581627, "params": {"a": 4.77363505347459, "dB": 13.036470311010302, "s": 0.24372249307886137}, "datetime": {"datetime": "2022-03-29 14:52:22", "elapsed": 161.950524, "delta": 1.355317}}
{"target": 0.47185464917896625, "params": {"a": 7.273514186347743, "dB": 11.209129587709185, "s": 1.0627095563590987}, "datetime": {"datetime": "2022-03-29 14:52:27", "elapsed": 166.977695, "delta": 5.027171}}
{"target": 0.9444190530674872, "params": {"a": 4.749533877063236, "dB": 11.955164082169755, "s": 0.4679055381588425}, "datetime": {"datetime": "2022-03-29 14:52:28", "elapsed": 167.841575, "delta": 0.86388}}
{"target": 0.47974473909715787, "params": {"a": 7.554348602148606, "dB": 12.741738197661677, "s": 1.078481897080939}, "datetime": {"datetime": "2022-03-29 14:52:30", "elapsed": 170.573234, "delta": 2.731659}}
{"target": 0.7150759712612743, "params": {"a": 5.014931376503463, "dB": 10.952638425650434, "s": 0.20582670815679868}, "datetime": {"datetime": "2022-03-29 14:52:31", "elapsed": 170.834857, "delta": 0.261623}}
{"target": 0.8799365351922086, "params": {"a": 4.836251301184178, "dB": 11.674639945502223, "s": 0.5121109268009189}, "datetime": {"datetime": "2022-03-29 14:52:31", "elapsed": 171.180206, "delta": 0.345349}}
{"target": 0.7737427838203107, "params": {"a": 5.043116581505453, "dB": 11.942198134899968, "s": 0.3144758136212678}, "datetime": {"datetime": "2022-03-29 14:52:31", "elapsed": 171.551711, "delta": 0.371505}}
{"target": 0.8442208785229491, "params": {"a": 4.954142495266628, "dB": 13.5, "s": 0.6999205154014856}, "datetime": {"datetime": "2022-03-29 14:52:32", "elapsed": 172.490055, "delta": 0.938344}}
{"target": 0.8184676380451726, "params": {"a": 3.5613818351291697, "dB": 10.905194834437966, "s": 0.1}, "datetime": {"datetime": "2022-03-29 14:52:33", "elapsed": 172.801853, "delta": 0.311798}}
{"target": 0.9608649461413054, "params": {"a": 4.461581920687724, "dB": 10.5, "s": 0.3675748021521889}, "datetime": {"datetime": "2022-03-29 14:52:33", "elapsed": 173.081861, "delta": 0.280008}}
{"target": 0.9107209878839572, "params": {"a": 4.540016296980313, "dB": 10.511979786409274, "s": 0.13311266110567127}, "datetime": {"datetime": "2022-03-29 14:52:33", "elapsed": 173.410364, "delta": 0.328503}}
{"target": 0.9675035005225338, "params": {"a": 4.81391508482002, "dB": 11.277123197104398, "s": 0.4476827804541912}, "datetime": {"datetime": "2022-03-29 14:52:34", "elapsed": 173.729185, "delta": 0.318821}}
{"target": 0.5709530328098532, "params": {"a": 3.711019580597745, "dB": 12.472921288732822, "s": 1.190287049122875}, "datetime": {"datetime": "2022-03-29 14:52:34", "elapsed": 174.121846, "delta": 0.392661}}
{"target": 0.7494111210595935, "params": {"a": 5.000867142210466, "dB": 11.454388156588294, "s": 0.28474058763949855}, "datetime": {"datetime": "2022-03-29 14:52:34", "elapsed": 174.553516, "delta": 0.43167}}
{"target": 0.6090351094385321, "params": {"a": 4.043197701071655, "dB": 12.946237959051361, "s": 1.1720925530466386}, "datetime": {"datetime": "2022-03-29 14:52:35", "elapsed": 175.030123, "delta": 0.476607}}
{"target": 0.4451824400997078, "params": {"a": 7.858735009139845, "dB": 11.035785515858972, "s": 0.5606648220848001}, "datetime": {"datetime": "2022-03-29 14:52:38", "elapsed": 178.20542, "delta": 3.175297}}
{"target": 0.5996433296948322, "params": {"a": 3.859560772470301, "dB": 10.968321732354518, "s": 0.8452311040882851}, "datetime": {"datetime": "2022-03-29 14:52:38", "elapsed": 178.421936, "delta": 0.216516}}
{"target": 0.7857122453576335, "params": {"a": 4.85905057347271, "dB": 11.061641750239517, "s": 0.554486273777088}, "datetime": {"datetime": "2022-03-29 14:52:39", "elapsed": 178.796469, "delta": 0.374533}}
{"target": 0.7584334085134591, "params": {"a": 4.126013851729504, "dB": 11.99958368860488, "s": 0.10321219155506788}, "datetime": {"datetime": "2022-03-29 14:52:39", "elapsed": 179.137655, "delta": 0.341186}}
{"target": 0.47767047744973656, "params": {"a": 5.137044959439652, "dB": 13.5, "s": 1.0491726321154007}, "datetime": {"datetime": "2022-03-29 14:52:40", "elapsed": 180.05757, "delta": 0.919915}}
{"target": 0.8270398539984477, "params": {"a": 4.77778275285727, "dB": 12.091822501221408, "s": 0.15200568109657955}, "datetime": {"datetime": "2022-03-29 14:52:40", "elapsed": 180.371446, "delta": 0.313876}}
{"target": 0.7794744764517977, "params": {"a": 5.362335209510432, "dB": 13.431520770457993, "s": 0.7655319608227726}, "datetime": {"datetime": "2022-03-29 14:52:41", "elapsed": 181.206389, "delta": 0.834943}}
{"target": 0.8702531200511564, "params": {"a": 3.9312407002731162, "dB": 12.141617651953176, "s": 0.25953464985177194}, "datetime": {"datetime": "2022-03-29 14:52:41", "elapsed": 181.466458, "delta": 0.260069}}
{"target": 0.620132703406015, "params": {"a": 4.0016353254835835, "dB": 12.502709552150083, "s": 0.24658098455569175}, "datetime": {"datetime": "2022-03-29 14:52:42", "elapsed": 181.944246, "delta": 0.477788}}
{"target": 0.8510706905481537, "params": {"a": 3.5731560709648957, "dB": 12.128966386077416, "s": 0.2754807993475132}, "datetime": {"datetime": "2022-03-29 14:52:42", "elapsed": 182.305164, "delta": 0.360918}}
{"target": 0.8985569642674447, "params": {"a": 4.027537041451763, "dB": 11.859878370394483, "s": 0.428175885360779}, "datetime": {"datetime": "2022-03-29 14:52:42", "elapsed": 182.64231, "delta": 0.337146}}
{"target": 0.8204451727964008, "params": {"a": 3.748865177139519, "dB": 11.96984928985488, "s": 0.44127458951781917}, "datetime": {"datetime": "2022-03-29 14:52:43", "elapsed": 183.030144, "delta": 0.387834}}
{"target": 0.9644591328668107, "params": {"a": 4.616453541313597, "dB": 11.293731149104497, "s": 0.3965289977777779}, "datetime": {"datetime": "2022-03-29 14:52:43", "elapsed": 183.403748, "delta": 0.373604}}
{"target": 0.687708950761896, "params": {"a": 5.590530394118756, "dB": 11.780776055778265, "s": 0.3961453296521558}, "datetime": {"datetime": "2022-03-29 14:52:44", "elapsed": 183.803339, "delta": 0.399591}}
{"target": 0.865958282681769, "params": {"a": 4.190569687677853, "dB": 12.916571327507665, "s": 0.533794277802401}, "datetime": {"datetime": "2022-03-29 14:52:44", "elapsed": 184.311206, "delta": 0.507867}}
{"target": 0.8131547371579644, "params": {"a": 4.673128264560639, "dB": 10.501248235827555, "s": 0.5401495740120734}, "datetime": {"datetime": "2022-03-29 14:52:44", "elapsed": 184.63332, "delta": 0.322114}}
{"target": 0.950771408782838, "params": {"a": 5.791689248100718, "dB": 13.407844764926757, "s": 0.7259484722145593}, "datetime": {"datetime": "2022-03-29 14:52:45", "elapsed": 185.48102, "delta": 0.8477}}
{"target": 0.9542446023284973, "params": {"a": 6.028655637252733, "dB": 13.457791330858516, "s": 0.7350764602161419}, "datetime": {"datetime": "2022-03-29 14:52:46", "elapsed": 186.429597, "delta": 0.948577}}
{"target": 0.3546518579492729, "params": {"a": 4.17233807651581, "dB": 13.315912777709094, "s": 0.11041835541286049}, "datetime": {"datetime": "2022-03-29 14:52:47", "elapsed": 187.255551, "delta": 0.825954}}
{"target": 0.8866922892042789, "params": {"a": 5.898519554522466, "dB": 13.485871345293958, "s": 0.6314232755079797}, "datetime": {"datetime": "2022-03-29 14:52:48", "elapsed": 188.21802, "delta": 0.962469}}
{"target": 0.42274312022655175, "params": {"a": 4.383868762891128, "dB": 11.127640098694853, "s": 0.6836604705184869}, "datetime": {"datetime": "2022-03-29 14:52:48", "elapsed": 188.454623, "delta": 0.236603}}
{"target": 0.658466388287019, "params": {"a": 7.627064825158891, "dB": 10.859675657993288, "s": 0.7141397419707688}, "datetime": {"datetime": "2022-03-29 14:52:51", "elapsed": 191.002629, "delta": 2.548006}}
{"target": 0.9223300277998681, "params": {"a": 4.2005775050595195, "dB": 12.07156308289974, "s": 0.4279943135962151}, "datetime": {"datetime": "2022-03-29 14:52:51", "elapsed": 191.360672, "delta": 0.358043}}
{"target": 0.8177557247980813, "params": {"a": 5.9359516173431235, "dB": 13.29686411715585, "s": 0.782468134430592}, "datetime": {"datetime": "2022-03-29 14:52:52", "elapsed": 192.298898, "delta": 0.938226}}
{"target": 0.7601729235322041, "params": {"a": 4.749597002959434, "dB": 13.496508518396846, "s": 0.505821311207964}, "datetime": {"datetime": "2022-03-29 14:52:53", "elapsed": 193.240563, "delta": 0.941665}}
{"target": 0.51548688540716, "params": {"a": 7.6554770161857455, "dB": 13.02099017801882, "s": 0.6912378643163443}, "datetime": {"datetime": "2022-03-29 14:52:56", "elapsed": 195.872369, "delta": 2.631806}}
{"target": 0.5417124219318784, "params": {"a": 4.621533642590469, "dB": 11.851624103629344, "s": 0.7419749486783543}, "datetime": {"datetime": "2022-03-29 14:52:56", "elapsed": 196.247693, "delta": 0.375324}}
{"target": 0.6109642372608913, "params": {"a": 7.46311024375014, "dB": 10.922709381039393, "s": 0.9714877608133294}, "datetime": {"datetime": "2022-03-29 14:52:58", "elapsed": 198.184077, "delta": 1.936384}}
{"target": 0.9617616533896197, "params": {"a": 4.6956823409291095, "dB": 11.504404474981238, "s": 0.3807837048765962}, "datetime": {"datetime": "2022-03-29 14:52:58", "elapsed": 198.704364, "delta": 0.520287}}
{"target": 0.550047735325229, "params": {"a": 5.450053661171063, "dB": 10.605870997409426, "s": 0.2703353589827503}, "datetime": {"datetime": "2022-03-29 14:52:59", "elapsed": 199.05063, "delta": 0.346266}}
{"target": 0.8310505431275484, "params": {"a": 3.6270957762490816, "dB": 10.60833918564687, "s": 0.13280742506338908}, "datetime": {"datetime": "2022-03-29 14:52:59", "elapsed": 199.280246, "delta": 0.229616}}
{"target": 0.8499628699183883, "params": {"a": 4.2641182263992405, "dB": 10.5, "s": 0.1}, "datetime": {"datetime": "2022-03-29 14:52:59", "elapsed": 199.559625, "delta": 0.279379}}
{"target": 0.4993267231033648, "params": {"a": 5.832161928457023, "dB": 10.877982046385405, "s": 1.0025834303852534}, "datetime": {"datetime": "2022-03-29 14:53:00", "elapsed": 200.020384, "delta": 0.460759}}
{"target": 0.7635465668640463, "params": {"a": 3.5, "dB": 11.347070424590234, "s": 0.1}, "datetime": {"datetime": "2022-03-29 14:53:00", "elapsed": 200.365612, "delta": 0.345228}}
{"target": 0.6911524248945122, "params": {"a": 5.9941468062517975, "dB": 10.5, "s": 0.4940990383976214}, "datetime": {"datetime": "2022-03-29 14:53:01", "elapsed": 200.953056, "delta": 0.587444}}
{"target": 0.6418428947526393, "params": {"a": 3.5, "dB": 12.450243316172655, "s": 0.1}, "datetime": {"datetime": "2022-03-29 14:53:01", "elapsed": 201.384138, "delta": 0.431082}}
{"target": 0.8825429728043084, "params": {"a": 3.799538208182092, "dB": 11.442487191316763, "s": 0.4064996097201501}, "datetime": {"datetime": "2022-03-29 14:53:02", "elapsed": 201.791914, "delta": 0.407776}}
{"target": 0.7095867416483653, "params": {"a": 3.5006255964137862, "dB": 11.6717042573766, "s": 0.47668190593984927}, "datetime": {"datetime": "2022-03-29 14:53:02", "elapsed": 202.139405, "delta": 0.347491}}
{"target": 0.43976722738719953, "params": {"a": 6.695525308265799, "dB": 10.797420115934825, "s": 0.2578496185825241}, "datetime": {"datetime": "2022-03-29 14:53:03", "elapsed": 202.944057, "delta": 0.804652}}
{"target": 0.9251614940901478, "params": {"a": 3.9725485684278317, "dB": 11.182849967978143, "s": 0.3649586881506448}, "datetime": {"datetime": "2022-03-29 14:53:03", "elapsed": 203.290664, "delta": 0.346607}}
{"target": 0.9582166351358246, "params": {"a": 4.369866879806679, "dB": 10.695831897562813, "s": 0.3649895593241625}, "datetime": {"datetime": "2022-03-29 14:53:03", "elapsed": 203.615676, "delta": 0.325012}}
{"target": 0.5432401294209305, "params": {"a": 8.469691260632114, "dB": 11.192452609882704, "s": 1.1705754301222446}, "datetime": {"datetime": "2022-03-29 14:53:10", "elapsed": 210.061711, "delta": 6.446035}}
{"target": 0.667318458620231, "params": {"a": 4.994633071344635, "dB": 10.5, "s": 0.1}, "datetime": {"datetime": "2022-03-29 14:53:10", "elapsed": 210.394982, "delta": 0.333271}}
{"target": 0.520053478727886, "params": {"a": 8.5, "dB": 13.5, "s": 1.2}, "datetime": {"datetime": "2022-03-29 14:53:17", "elapsed": 216.921292, "delta": 6.52631}}
{"target": 0.9662629722354955, "params": {"a": 7.060810455535693, "dB": 11.618707189203105, "s": 0.7694632784027624}, "datetime": {"datetime": "2022-03-29 14:53:19", "elapsed": 218.72968, "delta": 1.808388}}
{"target": 0.8997734724408202, "params": {"a": 4.974766415262181, "dB": 10.525516999464129, "s": 0.27133065877213614}, "datetime": {"datetime": "2022-03-29 14:53:19", "elapsed": 218.999989, "delta": 0.270309}}
{"target": 0.7836743648509634, "params": {"a": 7.30275569690842, "dB": 11.717838861419832, "s": 0.8944839554703479}, "datetime": {"datetime": "2022-03-29 14:53:21", "elapsed": 221.098042, "delta": 2.098053}}
{"target": 0.5422674580659455, "params": {"a": 6.976102166652297, "dB": 11.575767076538622, "s": 0.5960995566361451}, "datetime": {"datetime": "2022-03-29 14:53:22", "elapsed": 222.296997, "delta": 1.198955}}
{"target": 0.5709680747484966, "params": {"a": 6.960710389990931, "dB": 11.71032124314262, "s": 0.9209787594019138}, "datetime": {"datetime": "2022-03-29 14:53:23", "elapsed": 223.394373, "delta": 1.097376}}
{"target": 0.8967842183485785, "params": {"a": 4.219898407602307, "dB": 11.08166079460732, "s": 0.13940226990900034}, "datetime": {"datetime": "2022-03-29 14:53:24", "elapsed": 223.790805, "delta": 0.396432}}
{"target": 0.8569869283843915, "params": {"a": 5.82297396772363, "dB": 11.807667202325826, "s": 0.677567042328978}, "datetime": {"datetime": "2022-03-29 14:53:24", "elapsed": 224.285498, "delta": 0.494693}}
{"target": 0.9694497719285212, "params": {"a": 4.796145060643992, "dB": 12.197300204009803, "s": 0.4261501430236778}, "datetime": {"datetime": "2022-03-29 14:53:24", "elapsed": 224.661556, "delta": 0.376058}}
{"target": 0.9404915593131286, "params": {"a": 4.6042227844983366, "dB": 12.235296390091053, "s": 0.329940182926037}, "datetime": {"datetime": "2022-03-29 14:53:25", "elapsed": 225.109377, "delta": 0.447821}}
{"target": 0.9165235386942256, "params": {"a": 4.5418748574018455, "dB": 12.108244528018808, "s": 0.47176286635176945}, "datetime": {"datetime": "2022-03-29 14:53:25", "elapsed": 225.514129, "delta": 0.404752}}
{"target": 0.9043873906734838, "params": {"a": 4.8992183337337805, "dB": 12.737907360369706, "s": 0.6444052181218345}, "datetime": {"datetime": "2022-03-29 14:53:26", "elapsed": 226.128481, "delta": 0.614352}}
{"target": 0.536101623834716, "params": {"a": 5.191293419000002, "dB": 12.754719667409702, "s": 0.8254185769604422}, "datetime": {"datetime": "2022-03-29 14:53:27", "elapsed": 226.761274, "delta": 0.632793}}
