{"target": 0.9152855339099403, "params": {"a": 6.745552330694601, "dB": 13.020656573462155, "s": 0.7047198629106881}, "datetime": {"datetime": "2022-03-28 11:50:05", "elapsed": 718.145498, "delta": 2.085657}}
{"target": 0.7947690844744897, "params": {"a": 6.993691525153041, "dB": 13.214705209586285, "s": 0.8577342418513187}, "datetime": {"datetime": "2022-03-28 11:50:08", "elapsed": 721.445962, "delta": 3.300464}}
{"target": 0.9575565106209639, "params": {"a": 4.595624419444502, "dB": 10.89394109373629, "s": 0.44579689942703626}, "datetime": {"datetime": "2022-03-28 11:50:10", "elapsed": 723.013575, "delta": 1.567613}}
{"target": 0.9614132839803684, "params": {"a": 5.49323264853118, "dB": 12.805971877991457, "s": 0.7042255509163818}, "datetime": {"datetime": "2022-03-28 11:50:12", "elapsed": 725.006768, "delta": 1.993193}}
{"target": 0.48976955061037275, "params": {"a": 7.499395381597639, "dB": 12.143821055884404, "s": 1.1066978292878136}, "datetime": {"datetime": "2022-03-28 11:50:17", "elapsed": 730.563216, "delta": 5.556448}}
{"target": 0.9627997966467339, "params": {"a": 6.295145107149333, "dB": 12.792911189122183, "s": 0.6704853587427472}, "datetime": {"datetime": "2022-03-28 11:50:19", "elapsed": 732.365693, "delta": 1.802477}}
{"target": 0.9554591645764856, "params": {"a": 4.800624196284616, "dB": 11.00826359335086, "s": 0.4399102894776109}, "datetime": {"datetime": "2022-03-28 11:50:21", "elapsed": 734.02173, "delta": 1.656037}}
{"target": 0.8127871118010458, "params": {"a": 5.4637328117769135, "dB": 12.68779954413236, "s": 0.7695382409648123}, "datetime": {"datetime": "2022-03-28 11:50:23", "elapsed": 735.964141, "delta": 1.942411}}
{"target": 0.8724402143203553, "params": {"a": 5.464580104899868, "dB": 12.740845039509512, "s": 0.598744376474488}, "datetime": {"datetime": "2022-03-28 11:50:26", "elapsed": 738.816502, "delta": 2.852361}}
{"target": 0.9853837006912934, "params": {"a": 5.673280313772963, "dB": 12.794992687209689, "s": 0.6958284439519116}, "datetime": {"datetime": "2022-03-28 11:50:28", "elapsed": 740.847243, "delta": 2.030741}}
{"target": 0.9674309500351167, "params": {"a": 5.440603995016608, "dB": 13.006229051403839, "s": 0.6885133717129647}, "datetime": {"datetime": "2022-03-28 11:50:29", "elapsed": 742.680335, "delta": 1.833092}}
{"target": 0.9808929965075429, "params": {"a": 5.554729776467852, "dB": 12.985961090069967, "s": 0.6816395910462706}, "datetime": {"datetime": "2022-03-28 11:50:32", "elapsed": 745.60149, "delta": 2.921155}}
{"target": 0.9686393999563514, "params": {"a": 5.43788847514219, "dB": 13.211811968736226, "s": 0.6792702986761596}, "datetime": {"datetime": "2022-03-28 11:50:35", "elapsed": 748.172338, "delta": 2.570848}}
{"target": 0.4032948392414951, "params": {"a": 5.51973577449242, "dB": 12.838140776602874, "s": 0.3582253818515313}, "datetime": {"datetime": "2022-03-28 11:50:36", "elapsed": 749.76319, "delta": 1.590852}}
{"target": 0.9107100067048896, "params": {"a": 5.52146133446793, "dB": 13.116029933914135, "s": 0.7316486944843325}, "datetime": {"datetime": "2022-03-28 11:50:39", "elapsed": 752.506276, "delta": 2.743086}}
{"target": 0.9893872084584376, "params": {"a": 5.830747292337285, "dB": 11.53149668519255, "s": 0.6217950801407335}, "datetime": {"datetime": "2022-03-28 11:50:41", "elapsed": 754.118642, "delta": 1.612366}}
{"target": 0.49417050360666087, "params": {"a": 5.493037571024386, "dB": 12.827096122598439, "s": 1.0665761405454863}, "datetime": {"datetime": "2022-03-28 11:50:42", "elapsed": 755.708013, "delta": 1.589371}}
{"target": 0.9842688621029679, "params": {"a": 5.685026308742689, "dB": 12.710452877382979, "s": 0.6665123640927069}, "datetime": {"datetime": "2022-03-28 11:50:44", "elapsed": 757.718593, "delta": 2.01058}}
{"target": 0.9534438743003184, "params": {"a": 5.520315449488285, "dB": 13.445865536528512, "s": 0.7030467504990702}, "datetime": {"datetime": "2022-03-28 11:50:46", "elapsed": 759.802396, "delta": 2.083803}}
{"target": 0.933108112336089, "params": {"a": 5.033189414170165, "dB": 12.675601936465494, "s": 0.6695568936706072}, "datetime": {"datetime": "2022-03-28 11:50:49", "elapsed": 762.211771, "delta": 2.409375}}
{"target": 0.5061510663112492, "params": {"a": 4.563732129155916, "dB": 12.308837255096428, "s": 0.9285357957497643}, "datetime": {"datetime": "2022-03-28 11:50:51", "elapsed": 763.814616, "delta": 1.602845}}
{"target": 0.8807367281106085, "params": {"a": 5.0127774166517876, "dB": 12.24916123422458, "s": 0.7101733553368133}, "datetime": {"datetime": "2022-03-28 11:50:53", "elapsed": 765.868055, "delta": 2.053439}}
{"target": 0.9806226557427841, "params": {"a": 5.582283065520813, "dB": 12.853393424311767, "s": 0.6642687290455006}, "datetime": {"datetime": "2022-03-28 11:50:55", "elapsed": 767.881527, "delta": 2.013472}}
{"target": 0.5992633084941387, "params": {"a": 6.349196596955189, "dB": 11.764324387014653, "s": 0.8801609652129309}, "datetime": {"datetime": "2022-03-28 11:50:56", "elapsed": 769.544154, "delta": 1.662627}}
{"target": 0.9675097396251275, "params": {"a": 5.9824849211716655, "dB": 11.194031005162579, "s": 0.636474615593101}, "datetime": {"datetime": "2022-03-28 11:50:58", "elapsed": 771.459791, "delta": 1.915637}}
{"target": 0.8279817475586195, "params": {"a": 4.017725576701094, "dB": 11.580164911880042, "s": 0.5665010068068905}, "datetime": {"datetime": "2022-03-28 11:51:01", "elapsed": 774.41597, "delta": 2.956179}}
{"target": 0.859234739687173, "params": {"a": 5.185281069249308, "dB": 10.8263923125853, "s": 0.4430096672002749}, "datetime": {"datetime": "2022-03-28 11:51:03", "elapsed": 776.178698, "delta": 1.762728}}
{"target": 0.4130909886933534, "params": {"a": 6.346398078486097, "dB": 13.31199285333749, "s": 0.34031671265954166}, "datetime": {"datetime": "2022-03-28 11:51:05", "elapsed": 777.858516, "delta": 1.679818}}
{"target": 0.9519814435157831, "params": {"a": 6.387365669617744, "dB": 13.122836348290331, "s": 0.7493488815384968}, "datetime": {"datetime": "2022-03-28 11:51:07", "elapsed": 780.485442, "delta": 2.626926}}
{"target": 0.9458536322751439, "params": {"a": 7.3467384808630545, "dB": 13.213796059486986, "s": 0.8712350381603974}, "datetime": {"datetime": "2022-03-28 11:51:12", "elapsed": 785.059426, "delta": 4.573984}}
{"target": 0.942752920813583, "params": {"a": 5.111512527158029, "dB": 10.74875214191518, "s": 0.5603356286169905}, "datetime": {"datetime": "2022-03-28 11:51:13", "elapsed": 786.514224, "delta": 1.454798}}
{"target": 0.6208232876772033, "params": {"a": 6.957425945494427, "dB": 12.347926898566634, "s": 0.9243608484205553}, "datetime": {"datetime": "2022-03-28 11:51:16", "elapsed": 789.01278, "delta": 2.498556}}
{"target": 0.9441979492968139, "params": {"a": 5.19199943986141, "dB": 11.526943402296734, "s": 0.5303724909871899}, "datetime": {"datetime": "2022-03-28 11:51:17", "elapsed": 790.175439, "delta": 1.162659}}
{"target": 0.9476474882960896, "params": {"a": 5.070049159368856, "dB": 11.410502880395427, "s": 0.5266210406852614}, "datetime": {"datetime": "2022-03-28 11:51:20", "elapsed": 793.04796, "delta": 2.872521}}
{"target": 0.9836327816587424, "params": {"a": 5.0909917594784995, "dB": 11.600239756116965, "s": 0.5940163598098688}, "datetime": {"datetime": "2022-03-28 11:51:22", "elapsed": 795.202385, "delta": 2.154425}}
{"target": 0.9622562836302665, "params": {"a": 4.958093129387537, "dB": 11.79140543636437, "s": 0.618852255280511}, "datetime": {"datetime": "2022-03-28 11:51:24", "elapsed": 796.954501, "delta": 1.752116}}
{"target": 0.5453767396889735, "params": {"a": 4.569880409040965, "dB": 11.333732333670822, "s": 0.7943464353606366}, "datetime": {"datetime": "2022-03-28 11:51:25", "elapsed": 798.063679, "delta": 1.109178}}
{"target": 0.9507515061976255, "params": {"a": 5.597587713254801, "dB": 12.095976937725563, "s": 0.6337625790327875}, "datetime": {"datetime": "2022-03-28 11:51:27", "elapsed": 800.428052, "delta": 2.364373}}
{"target": 0.9571481677334056, "params": {"a": 5.1045118196718136, "dB": 11.761946259763985, "s": 0.5618809121196242}, "datetime": {"datetime": "2022-03-28 11:51:29", "elapsed": 802.217473, "delta": 1.789421}}
{"target": 0.9648769663035596, "params": {"a": 5.471785168238982, "dB": 11.006617901914542, "s": 0.5795478608590098}, "datetime": {"datetime": "2022-03-28 11:51:32", "elapsed": 804.870709, "delta": 2.653236}}
{"target": 0.5328072877812121, "params": {"a": 4.041111239712848, "dB": 11.663181447309526, "s": 0.9089043151502778}, "datetime": {"datetime": "2022-03-28 11:51:33", "elapsed": 806.191819, "delta": 1.32111}}
{"target": 0.4532890653799486, "params": {"a": 5.9420857388630175, "dB": 11.21718612029451, "s": 0.3346482249355548}, "datetime": {"datetime": "2022-03-28 11:51:34", "elapsed": 807.460791, "delta": 1.268972}}
{"target": 0.7260712747022708, "params": {"a": 7.477537653142475, "dB": 13.488760424404795, "s": 0.7509694928721004}, "datetime": {"datetime": "2022-03-28 11:51:38", "elapsed": 811.530018, "delta": 4.069227}}
{"target": 0.8739270028148579, "params": {"a": 7.4374636145933914, "dB": 13.408817307831661, "s": 0.8965615153892244}, "datetime": {"datetime": "2022-03-28 11:51:42", "elapsed": 815.630021, "delta": 4.100003}}
{"target": 0.7123058486136472, "params": {"a": 3.6650459577164525, "dB": 12.882199188161103, "s": 0.28549531682669665}, "datetime": {"datetime": "2022-03-28 11:51:44", "elapsed": 817.348357, "delta": 1.718336}}
{"target": 0.47792723718686314, "params": {"a": 6.795597112906859, "dB": 12.801446025025399, "s": 1.1502088650013034}, "datetime": {"datetime": "2022-03-28 11:51:47", "elapsed": 819.868955, "delta": 2.520598}}
{"target": 0.5350613757424486, "params": {"a": 6.117622748201656, "dB": 12.534556331769082, "s": 1.3}, "datetime": {"datetime": "2022-03-28 11:51:49", "elapsed": 822.15955, "delta": 2.290595}}
{"target": 0.9635887732363954, "params": {"a": 5.620682920445441, "dB": 11.07357037689329, "s": 0.6094189066653685}, "datetime": {"datetime": "2022-03-28 11:51:51", "elapsed": 824.338722, "delta": 2.179172}}
{"target": 0.8256585123596868, "params": {"a": 6.123866432683062, "dB": 13.5, "s": 0.7843303686611148}, "datetime": {"datetime": "2022-03-28 11:51:53", "elapsed": 826.467814, "delta": 2.129092}}
{"target": 0.9841097158566738, "params": {"a": 6.278882019923197, "dB": 13.338228950712063, "s": 0.7241555573203636}, "datetime": {"datetime": "2022-03-28 11:51:55", "elapsed": 828.696728, "delta": 2.228914}}
{"target": 0.7326694578502009, "params": {"a": 6.151020547863436, "dB": 13.31869624089413, "s": 0.8125010419166481}, "datetime": {"datetime": "2022-03-28 11:51:58", "elapsed": 831.205727, "delta": 2.508999}}
{"target": 0.9928316616435661, "params": {"a": 6.4129642787760375, "dB": 13.444800932462286, "s": 0.7045834349956138}, "datetime": {"datetime": "2022-03-28 11:52:00", "elapsed": 833.407287, "delta": 2.20156}}
{"target": 0.9839654593462166, "params": {"a": 6.307627612210442, "dB": 13.416525110317803, "s": 0.6876966909311305}, "datetime": {"datetime": "2022-03-28 11:52:02", "elapsed": 835.53009, "delta": 2.122803}}
{"target": 0.9136983252498736, "params": {"a": 5.332082559699607, "dB": 12.500156894503407, "s": 0.7228403621470892}, "datetime": {"datetime": "2022-03-28 11:52:04", "elapsed": 837.277774, "delta": 1.747684}}
{"target": 0.9768490541252458, "params": {"a": 6.402281110814855, "dB": 13.36244068182052, "s": 0.7335096164903202}, "datetime": {"datetime": "2022-03-28 11:52:06", "elapsed": 839.436117, "delta": 2.158343}}
{"target": 0.6020452870006103, "params": {"a": 4.169395990813795, "dB": 11.695837857422651, "s": 0.7452021101368109}, "datetime": {"datetime": "2022-03-28 11:52:07", "elapsed": 840.761385, "delta": 1.325268}}
{"target": 0.8145825534508107, "params": {"a": 6.327731953656124, "dB": 13.434333729272009, "s": 0.7932456258782197}, "datetime": {"datetime": "2022-03-28 11:52:11", "elapsed": 844.086478, "delta": 3.325093}}
{"target": 0.7334671074149584, "params": {"a": 6.512846713981621, "dB": 13.49732149038137, "s": 0.6424380109564848}, "datetime": {"datetime": "2022-03-28 11:52:14", "elapsed": 846.979162, "delta": 2.892684}}
{"target": 0.8838082349082387, "params": {"a": 6.207081055374114, "dB": 13.241635927246637, "s": 0.6412327777362331}, "datetime": {"datetime": "2022-03-28 11:52:17", "elapsed": 850.051186, "delta": 3.072024}}
{"target": 0.8625806400736031, "params": {"a": 5.0068005381499585, "dB": 12.125918134747945, "s": 0.5571875967024117}, "datetime": {"datetime": "2022-03-28 11:52:19", "elapsed": 852.590627, "delta": 2.539441}}
{"target": 0.9623878172459982, "params": {"a": 6.377028594809693, "dB": 13.24943995343324, "s": 0.674703679810041}, "datetime": {"datetime": "2022-03-28 11:52:22", "elapsed": 855.607121, "delta": 3.016494}}
{"target": 0.9386565905286796, "params": {"a": 4.986874248167586, "dB": 11.665315153188462, "s": 0.5446640441372511}, "datetime": {"datetime": "2022-03-28 11:52:25", "elapsed": 858.594862, "delta": 2.987741}}
{"target": 0.7964820854305895, "params": {"a": 6.894038007008764, "dB": 11.875566359333115, "s": 0.8636437350363112}, "datetime": {"datetime": "2022-03-28 11:52:29", "elapsed": 862.01696, "delta": 3.422098}}
{"target": 0.9195642807660036, "params": {"a": 6.799651488024324, "dB": 11.744435495570798, "s": 0.7270175092496614}, "datetime": {"datetime": "2022-03-28 11:52:33", "elapsed": 866.075794, "delta": 4.058834}}
{"target": 0.4638814192324102, "params": {"a": 7.066231867655427, "dB": 12.104092122400061, "s": 0.6172008522797344}, "datetime": {"datetime": "2022-03-28 11:52:36", "elapsed": 869.134405, "delta": 3.058611}}
{"target": 0.8985848955054447, "params": {"a": 6.855955130099934, "dB": 11.872815518002152, "s": 0.7212814372288945}, "datetime": {"datetime": "2022-03-28 11:52:39", "elapsed": 872.593673, "delta": 3.459268}}
{"target": 0.8373440364128744, "params": {"a": 7.165214696219734, "dB": 10.77261069852495, "s": 0.8735099327984379}, "datetime": {"datetime": "2022-03-28 11:52:43", "elapsed": 876.434743, "delta": 3.84107}}
{"target": 0.8584967252277286, "params": {"a": 5.350120781682103, "dB": 13.131098542458197, "s": 0.7403466638515223}, "datetime": {"datetime": "2022-03-28 11:52:46", "elapsed": 878.969626, "delta": 2.534883}}
{"target": 0.9385575564563834, "params": {"a": 4.541292315137378, "dB": 11.638874962813237, "s": 0.5720525132437925}, "datetime": {"datetime": "2022-03-28 11:52:48", "elapsed": 880.854574, "delta": 1.884948}}
{"target": 0.9416359352254022, "params": {"a": 6.946744182194797, "dB": 12.123183319196555, "s": 0.8164289248561907}, "datetime": {"datetime": "2022-03-28 11:52:51", "elapsed": 884.044279, "delta": 3.189705}}
{"target": 0.9616373066927365, "params": {"a": 5.453325201801835, "dB": 10.858582804127472, "s": 0.6086997895856088}, "datetime": {"datetime": "2022-03-28 11:52:52", "elapsed": 885.760758, "delta": 1.716479}}
