{"target": 0.9420407359962628, "params": {"a": 2.9595770164590087, "dB": 10.021135727047554, "s": 0.10011437481734489}, "datetime": {"datetime": "2022-03-29 16:01:48", "elapsed": 0.0, "delta": 0.0}}
{"target": 0.9528463907413678, "params": {"a": 2.5581640042114393, "dB": 8.013645617859895, "s": 0.1923385947687978}, "datetime": {"datetime": "2022-03-29 16:01:48", "elapsed": 0.039792, "delta": 0.039792}}
{"target": 0.7682137192906249, "params": {"a": 2.151910739821848, "dB": 8.709462544650666, "s": 0.4967674742306699}, "datetime": {"datetime": "2022-03-29 16:01:48", "elapsed": 0.103624, "delta": 0.063832}}
{"target": 0.6742136109358476, "params": {"a": 3.3858585690117495, "dB": 8.967180800411532, "s": 0.7852195003967595}, "datetime": {"datetime": "2022-03-29 16:01:48", "elapsed": 0.18844, "delta": 0.084816}}
{"target": 0.788264572900759, "params": {"a": 2.2155828740603107, "dB": 10.573411027368309, "s": 0.12738759319792617}, "datetime": {"datetime": "2022-03-29 16:01:48", "elapsed": 0.358269, "delta": 0.169829}}
{"target": 0.8996451299751947, "params": {"a": 3.846636285624408, "dB": 8.960566808284945, "s": 0.6586898284457516}, "datetime": {"datetime": "2022-03-29 16:01:48", "elapsed": 0.464023, "delta": 0.105754}}
{"target": 0.7346215492701755, "params": {"a": 1.9913542850833181, "dB": 8.193355211797076, "s": 0.9007445686755366}, "datetime": {"datetime": "2022-03-29 16:01:48", "elapsed": 0.528096, "delta": 0.064073}}
{"target": 0.9622740064750629, "params": {"a": 4.888915515017891, "dB": 8.59698462355735, "s": 0.7923226156693141}, "datetime": {"datetime": "2022-03-29 16:01:49", "elapsed": 0.726293, "delta": 0.198197}}
{"target": 0.5281389915449679, "params": {"a": 4.567362033036134, "dB": 10.631123322263466, "s": 0.18504421136977792}, "datetime": {"datetime": "2022-03-29 16:01:49", "elapsed": 0.94607, "delta": 0.219777}}
{"target": 0.7356242334191067, "params": {"a": 1.6366917413150883, "dB": 8.094406468475992, "s": 0.9781425034294131}, "datetime": {"datetime": "2022-03-29 16:01:49", "elapsed": 1.011212, "delta": 0.065142}}
{"target": 0.7036385210432562, "params": {"a": 1.8442139184156754, "dB": 8.973876687517683, "s": 1.057889530150502}, "datetime": {"datetime": "2022-03-29 16:01:49", "elapsed": 1.066705, "delta": 0.055493}}
{"target": 0.9878007338528363, "params": {"a": 3.3660784974055598, "dB": 9.921569898826657, "s": 0.4155156310060629}, "datetime": {"datetime": "2022-03-29 16:01:49", "elapsed": 1.117569, "delta": 0.050864}}
{"target": 0.495272387545332, "params": {"a": 3.902753246885543, "dB": 10.421189851640804, "s": 0.11828827734419181}, "datetime": {"datetime": "2022-03-29 16:01:49", "elapsed": 1.191372, "delta": 0.073803}}
{"target": 0.7857039929596511, "params": {"a": 4.125505102307386, "dB": 10.961013811172732, "s": 0.8481656543798394}, "datetime": {"datetime": "2022-03-29 16:01:49", "elapsed": 1.361915, "delta": 0.170543}}
{"target": 0.9415274318171217, "params": {"a": 2.4815539722254183, "dB": 10.262477649580209, "s": 0.20322600657764203}, "datetime": {"datetime": "2022-03-29 16:01:49", "elapsed": 1.444693, "delta": 0.082778}}
{"target": 0.9039372897044219, "params": {"a": 3.067627341615668, "dB": 10.680084260825835, "s": 0.3936141483736795}, "datetime": {"datetime": "2022-03-29 16:01:49", "elapsed": 1.580375, "delta": 0.135682}}
{"target": 0.9189493324339079, "params": {"a": 2.5072136850522204, "dB": 7.955100002413972, "s": 0.11936695787029708}, "datetime": {"datetime": "2022-03-29 16:01:49", "elapsed": 1.646241, "delta": 0.065866}}
{"target": 0.8186264536269887, "params": {"a": 3.8759243652896185, "dB": 8.240698406000206, "s": 0.3655466593722262}, "datetime": {"datetime": "2022-03-29 16:01:50", "elapsed": 1.767961, "delta": 0.12172}}
{"target": 0.8036875218584419, "params": {"a": 3.220506057481184, "dB": 7.686768907909781, "s": 0.674117605492013}, "datetime": {"datetime": "2022-03-29 16:01:50", "elapsed": 1.853732, "delta": 0.085771}}
{"target": 0.6751320802884828, "params": {"a": 2.0135500121703354, "dB": 9.562569379161495, "s": 0.7997583600209311}, "datetime": {"datetime": "2022-03-29 16:01:50", "elapsed": 1.92363, "delta": 0.069898}}
{"target": 0.6960063553328121, "params": {"a": 1.8581705008973906, "dB": 8.94919595736849, "s": 0.7944001577277451}, "datetime": {"datetime": "2022-03-29 16:01:50", "elapsed": 1.991958, "delta": 0.068328}}
{"target": 0.8187694152478909, "params": {"a": 2.949627443344159, "dB": 7.674837106311305, "s": 0.6358964059155116}, "datetime": {"datetime": "2022-03-29 16:01:50", "elapsed": 2.060774, "delta": 0.068816}}
{"target": 0.7118799616213098, "params": {"a": 3.823281258269261, "dB": 9.30211189220408, "s": 1.0445947559908133}, "datetime": {"datetime": "2022-03-29 16:01:50", "elapsed": 2.154361, "delta": 0.093587}}
{"target": 0.6355206675246213, "params": {"a": 3.5529426417569754, "dB": 10.661906703507592, "s": 0.23747470414623753}, "datetime": {"datetime": "2022-03-29 16:01:50", "elapsed": 2.295835, "delta": 0.141474}}
{"target": 0.6606729639839782, "params": {"a": 1.987467215377655, "dB": 10.325869510483333, "s": 0.49767683698553355}, "datetime": {"datetime": "2022-03-29 16:01:50", "elapsed": 2.376576, "delta": 0.080741}}
{"target": 0.7162693790070803, "params": {"a": 2.0787396899092645, "dB": 10.746280031386119, "s": 0.44776585974550653}, "datetime": {"datetime": "2022-03-29 16:01:50", "elapsed": 2.505233, "delta": 0.128657}}
{"target": 0.6750246040598203, "params": {"a": 4.127842360976544, "dB": 10.04099294872658, "s": 0.9833060912058098}, "datetime": {"datetime": "2022-03-29 16:01:50", "elapsed": 2.628947, "delta": 0.123714}}
{"target": 0.9738621277706432, "params": {"a": 3.682852724694631, "dB": 10.12829851909568, "s": 0.4488983419778425}, "datetime": {"datetime": "2022-03-29 16:01:51", "elapsed": 2.729758, "delta": 0.100811}}
{"target": 0.7902632582731072, "params": {"a": 2.444747621177591, "dB": 10.635601763686234, "s": 0.5280911898712949}, "datetime": {"datetime": "2022-03-29 16:01:51", "elapsed": 2.856421, "delta": 0.126663}}
{"target": 0.9580646981691247, "params": {"a": 4.87694016501935, "dB": 9.822045242364569, "s": 0.7216957202091218}, "datetime": {"datetime": "2022-03-29 16:01:51", "elapsed": 3.061869, "delta": 0.205448}}
{"target": 0.607387326158679, "params": {"a": 1.901610905336813, "dB": 10.823212405474749, "s": 0.5499121334799405}, "datetime": {"datetime": "2022-03-29 16:01:51", "elapsed": 3.232416, "delta": 0.170547}}
{"target": 0.9189858058994462, "params": {"a": 3.524363650354961, "dB": 8.928478809664483, "s": 0.3370269802430277}, "datetime": {"datetime": "2022-03-29 16:01:51", "elapsed": 3.329962, "delta": 0.097546}}
{"target": 0.41485630387881317, "params": {"a": 4.661828321967889, "dB": 9.507878203353, "s": 0.10287032703115898}, "datetime": {"datetime": "2022-03-29 16:01:51", "elapsed": 3.537408, "delta": 0.207446}}
{"target": 0.9276698119420204, "params": {"a": 3.6600071976725337, "dB": 8.643257156202337, "s": 0.6270581022576093}, "datetime": {"datetime": "2022-03-29 16:01:51", "elapsed": 3.637059, "delta": 0.099651}}
{"target": 0.6039180126152497, "params": {"a": 4.600797347587711, "dB": 8.75044416000875, "s": 1.0085351509197993}, "datetime": {"datetime": "2022-03-29 16:01:52", "elapsed": 3.799581, "delta": 0.162522}}
{"target": 0.7594998012551383, "params": {"a": 3.6817604052713095, "dB": 7.555374349962947, "s": 1.0294372337437614}, "datetime": {"datetime": "2022-03-29 16:01:52", "elapsed": 3.886393, "delta": 0.086812}}
{"target": 0.5327560422737472, "params": {"a": 3.9181392113092337, "dB": 10.990629976580182, "s": 0.2723405083453285}, "datetime": {"datetime": "2022-03-29 16:01:52", "elapsed": 4.128751, "delta": 0.242358}}
{"target": 0.6185287950020114, "params": {"a": 1.979975123701072, "dB": 10.764084120630073, "s": 0.7968181614899001}, "datetime": {"datetime": "2022-03-29 16:01:52", "elapsed": 4.256399, "delta": 0.127648}}
{"target": 0.6550281056281028, "params": {"a": 1.7310006045272188, "dB": 10.144120684108632, "s": 0.8538761884612464}, "datetime": {"datetime": "2022-03-29 16:01:52", "elapsed": 4.333191, "delta": 0.076792}}
{"target": 0.6431352298218824, "params": {"a": 4.730585874412691, "dB": 9.990336655199652, "s": 0.2242709619721647}, "datetime": {"datetime": "2022-03-29 16:01:52", "elapsed": 4.540673, "delta": 0.207482}}
{"target": 0.7911189083375364, "params": {"a": 1.5695804684392844, "dB": 7.591738454072018, "s": 0.1283064880207946}, "datetime": {"datetime": "2022-03-29 16:01:52", "elapsed": 4.599482, "delta": 0.058809}}
{"target": 0.647159668234371, "params": {"a": 2.3617387366106604, "dB": 10.510097820390108, "s": 0.6388310643416528}, "datetime": {"datetime": "2022-03-29 16:01:52", "elapsed": 4.68093, "delta": 0.081448}}
{"target": 0.8263724362668049, "params": {"a": 3.4348769254001805, "dB": 10.44710812325862, "s": 0.22417331511991115}, "datetime": {"datetime": "2022-03-29 16:01:53", "elapsed": 4.784697, "delta": 0.103767}}
{"target": 0.711187036916009, "params": {"a": 2.4771428765389882, "dB": 9.550157450104008, "s": 1.0695957483196745}, "datetime": {"datetime": "2022-03-29 16:01:53", "elapsed": 4.857505, "delta": 0.072808}}
{"target": 0.7636742991385688, "params": {"a": 3.4636057673949847, "dB": 7.565265512805301, "s": 0.9006326726806163}, "datetime": {"datetime": "2022-03-29 16:01:53", "elapsed": 4.944269, "delta": 0.086764}}
{"target": 0.745577597407153, "params": {"a": 2.3154099584435714, "dB": 10.324868184665727, "s": 0.48786064406417173}, "datetime": {"datetime": "2022-03-29 16:01:53", "elapsed": 5.025053, "delta": 0.080784}}
{"target": 0.9645976646901464, "params": {"a": 4.522396490958, "dB": 10.114925749580147, "s": 0.6562402339904189}, "datetime": {"datetime": "2022-03-29 16:01:53", "elapsed": 5.190611, "delta": 0.165558}}
{"target": 0.8856982309684828, "params": {"a": 1.9775932898123976, "dB": 7.7097119132927405, "s": 0.22134345574073735}, "datetime": {"datetime": "2022-03-29 16:01:53", "elapsed": 5.253605, "delta": 0.062994}}
{"target": 0.7579530182455452, "params": {"a": 1.655931574906666, "dB": 7.876229451871325, "s": 0.32570933860785467}, "datetime": {"datetime": "2022-03-29 16:01:53", "elapsed": 5.312284, "delta": 0.058679}}
{"target": 0.5137617452865907, "params": {"a": 3.9954614313393684, "dB": 9.459009437189499, "s": 0.11255598015911586}, "datetime": {"datetime": "2022-03-29 16:01:53", "elapsed": 5.43795, "delta": 0.125666}}
{"target": 0.5859529649849922, "params": {"a": 1.7519099789132038, "dB": 10.885467155000953, "s": 0.6681004619199421}, "datetime": {"datetime": "2022-03-29 16:01:53", "elapsed": 5.594487, "delta": 0.156537}}
{"target": 0.7074360370159407, "params": {"a": 2.2115263213134666, "dB": 8.383140105996132, "s": 0.8438258540750929}, "datetime": {"datetime": "2022-03-29 16:01:53", "elapsed": 5.658318, "delta": 0.063831}}
{"target": 0.7078180199239757, "params": {"a": 2.1840031838826155, "dB": 9.534756245456402, "s": 1.0700199890883124}, "datetime": {"datetime": "2022-03-29 16:01:54", "elapsed": 5.728173, "delta": 0.069855}}
{"target": 0.8902972958528863, "params": {"a": 4.463900805215124, "dB": 8.339467157016552, "s": 0.5937697142687299}, "datetime": {"datetime": "2022-03-29 16:01:54", "elapsed": 5.86277, "delta": 0.134597}}
{"target": 0.8445404455825238, "params": {"a": 3.669845014334829, "dB": 10.401433148425625, "s": 0.25679139464608425}, "datetime": {"datetime": "2022-03-29 16:01:54", "elapsed": 5.9635, "delta": 0.10073}}
{"target": 0.7176027157397934, "params": {"a": 1.5650167076209334, "dB": 7.745077503017278, "s": 0.5863451109370318}, "datetime": {"datetime": "2022-03-29 16:01:54", "elapsed": 6.02371, "delta": 0.06021}}
{"target": 0.9631153846985437, "params": {"a": 3.622153115786656, "dB": 9.490980029802685, "s": 0.41736240932216073}, "datetime": {"datetime": "2022-03-29 16:01:54", "elapsed": 6.121177, "delta": 0.097467}}
{"target": 0.706834135555971, "params": {"a": 4.960156540443571, "dB": 9.52910826736029, "s": 0.4801411726235504}, "datetime": {"datetime": "2022-03-29 16:01:54", "elapsed": 6.333565, "delta": 0.212388}}
{"target": 0.7392079448482967, "params": {"a": 3.428318766912639, "dB": 10.108670508172757, "s": 0.7692328934531846}, "datetime": {"datetime": "2022-03-29 16:01:54", "elapsed": 6.435296, "delta": 0.101731}}
{"target": 0.8852107574442405, "params": {"a": 2.427218451819833, "dB": 7.732171920499545, "s": 0.47008419791410627}, "datetime": {"datetime": "2022-03-29 16:01:54", "elapsed": 6.504405, "delta": 0.069109}}
{"target": 0.7520608482632009, "params": {"a": 3.7040112745754756, "dB": 8.23560903470194, "s": 0.8527555537388138}, "datetime": {"datetime": "2022-03-29 16:01:54", "elapsed": 6.590881, "delta": 0.086476}}
{"target": 0.724706728244952, "params": {"a": 1.7328776847394023, "dB": 8.411102845024894, "s": 0.9047545637433454}, "datetime": {"datetime": "2022-03-29 16:01:54", "elapsed": 6.653711, "delta": 0.06283}}
{"target": 0.6660277037210282, "params": {"a": 2.1770199891816473, "dB": 9.73811308307979, "s": 0.6246703091237337}, "datetime": {"datetime": "2022-03-29 16:01:55", "elapsed": 6.728509, "delta": 0.074798}}
{"target": 0.5437727882299943, "params": {"a": 4.7368278963977275, "dB": 8.42153869670489, "s": 0.1659610906840238}, "datetime": {"datetime": "2022-03-29 16:01:55", "elapsed": 6.889111, "delta": 0.160602}}
{"target": 0.6588139249799593, "params": {"a": 4.072730871510343, "dB": 10.202623103401365, "s": 1.0078158525035241}, "datetime": {"datetime": "2022-03-29 16:01:55", "elapsed": 7.039721, "delta": 0.15061}}
{"target": 0.7405164740737384, "params": {"a": 4.76190224218893, "dB": 7.54883050541459, "s": 0.3343620861214205}, "datetime": {"datetime": "2022-03-29 16:01:55", "elapsed": 7.235182, "delta": 0.195461}}
{"target": 0.5612529671995867, "params": {"a": 3.6587242495058017, "dB": 10.821557122406658, "s": 1.0501761192470798}, "datetime": {"datetime": "2022-03-29 16:01:55", "elapsed": 7.411911, "delta": 0.176729}}
{"target": 0.7942128848152062, "params": {"a": 3.4482861586830476, "dB": 10.70462222418196, "s": 0.7415662089463375}, "datetime": {"datetime": "2022-03-29 16:01:55", "elapsed": 7.549535, "delta": 0.137624}}
{"target": 0.7000544733792715, "params": {"a": 2.865026999494362, "dB": 9.200967334839184, "s": 0.7043104829199732}, "datetime": {"datetime": "2022-03-29 16:01:55", "elapsed": 7.626336, "delta": 0.076801}}
{"target": 0.6184422618428385, "params": {"a": 3.423417725279969, "dB": 10.741634993472587, "s": 1.0187334356336062}, "datetime": {"datetime": "2022-03-29 16:01:56", "elapsed": 7.752083, "delta": 0.125747}}
{"target": 0.7279453199636747, "params": {"a": 2.8820646452324423, "dB": 10.871418849542492, "s": 0.27395566668046434}, "datetime": {"datetime": "2022-03-29 16:01:56", "elapsed": 7.916563, "delta": 0.16448}}
{"target": 0.7275197381539245, "params": {"a": 1.9421533180387307, "dB": 7.97277705316356, "s": 0.6056621656768967}, "datetime": {"datetime": "2022-03-29 16:01:56", "elapsed": 7.980392, "delta": 0.063829}}
{"target": 0.6092400731135275, "params": {"a": 1.575336818459693, "dB": 10.817895739261884, "s": 0.9271154711707325}, "datetime": {"datetime": "2022-03-29 16:01:56", "elapsed": 8.14096, "delta": 0.160568}}
{"target": 0.6985594169593942, "params": {"a": 1.5525664325974282, "dB": 8.116686894512693, "s": 0.43206357436683696}, "datetime": {"datetime": "2022-03-29 16:01:56", "elapsed": 8.194773, "delta": 0.053813}}
{"target": 0.6814164072696176, "params": {"a": 1.9584889568382091, "dB": 10.333217422443038, "s": 0.44473665268329343}, "datetime": {"datetime": "2022-03-29 16:01:56", "elapsed": 8.275556, "delta": 0.080783}}
{"target": 0.6896792299191751, "params": {"a": 4.7903761881667855, "dB": 9.53704962981478, "s": 0.978831984411844}, "datetime": {"datetime": "2022-03-29 16:01:56", "elapsed": 8.522069, "delta": 0.246513}}
{"target": 0.87123579455198, "params": {"a": 4.456570558872777, "dB": 10.668873115480272, "s": 0.5598802658168069}, "datetime": {"datetime": "2022-03-29 16:01:57", "elapsed": 8.741233, "delta": 0.219164}}
{"target": 0.9931772691012115, "params": {"a": 3.4122138560713067, "dB": 10.295112569032138, "s": 0.38571885173414755}, "datetime": {"datetime": "2022-03-29 16:01:57", "elapsed": 8.84101, "delta": 0.099777}}
{"target": 0.9533679904103136, "params": {"a": 3.215887329169747, "dB": 9.596886076760574, "s": 0.11553327555083573}, "datetime": {"datetime": "2022-03-29 16:01:57", "elapsed": 8.940704, "delta": 0.099694}}
{"target": 0.7145092740685071, "params": {"a": 3.5771849286882302, "dB": 9.017867221463105, "s": 0.9073605288848414}, "datetime": {"datetime": "2022-03-29 16:01:57", "elapsed": 9.051751, "delta": 0.111047}}
{"target": 0.7063014333193519, "params": {"a": 2.603356810833805, "dB": 10.62511047983803, "s": 0.6778572152845355}, "datetime": {"datetime": "2022-03-29 16:01:57", "elapsed": 9.205173, "delta": 0.153422}}
{"target": 0.6389057291207569, "params": {"a": 2.144035705696128, "dB": 10.257752318389265, "s": 0.7120311770449339}, "datetime": {"datetime": "2022-03-29 16:01:57", "elapsed": 9.29094, "delta": 0.085767}}
{"target": 0.689839490350442, "params": {"a": 1.6886824522581354, "dB": 8.970677880003963, "s": 0.7790688365654296}, "datetime": {"datetime": "2022-03-29 16:01:57", "elapsed": 9.337814, "delta": 0.046874}}
{"target": 0.6786024281533537, "params": {"a": 4.7151062229213405, "dB": 7.501407087119751, "s": 1.0767591490310597}, "datetime": {"datetime": "2022-03-29 16:01:57", "elapsed": 9.504908, "delta": 0.167094}}
{"target": 0.7419643632024904, "params": {"a": 2.8180311016102104, "dB": 10.908242384254129, "s": 0.704716100974053}, "datetime": {"datetime": "2022-03-29 16:01:57", "elapsed": 9.667639, "delta": 0.162731}}
{"target": 0.9634279552226349, "params": {"a": 4.400960327932426, "dB": 9.511490266478358, "s": 0.7280761983073504}, "datetime": {"datetime": "2022-03-29 16:01:58", "elapsed": 9.822101, "delta": 0.154462}}
{"target": 0.6602851164097711, "params": {"a": 2.4995169859349287, "dB": 9.55391669229629, "s": 0.8500217637026599}, "datetime": {"datetime": "2022-03-29 16:01:58", "elapsed": 9.893899, "delta": 0.071798}}
{"target": 0.8904842351774196, "params": {"a": 4.504098427501648, "dB": 10.14278765963688, "s": 0.798057248447303}, "datetime": {"datetime": "2022-03-29 16:01:58", "elapsed": 10.048495, "delta": 0.154596}}
{"target": 0.9268387231826849, "params": {"a": 4.525678005191099, "dB": 8.629383488928612, "s": 0.7707887907875872}, "datetime": {"datetime": "2022-03-29 16:01:58", "elapsed": 10.208114, "delta": 0.159619}}
{"target": 0.9245372067514256, "params": {"a": 3.078058777446722, "dB": 8.83735963211031, "s": 0.5108113499221856}, "datetime": {"datetime": "2022-03-29 16:01:58", "elapsed": 10.281878, "delta": 0.073764}}
{"target": 0.7103961592573008, "params": {"a": 2.905178542143392, "dB": 8.61084381085397, "s": 0.7219193679203014}, "datetime": {"datetime": "2022-03-29 16:01:58", "elapsed": 10.403364, "delta": 0.121486}}
{"target": 0.7134479736364564, "params": {"a": 3.005865447874425, "dB": 10.908307272745382, "s": 0.7778008914343111}, "datetime": {"datetime": "2022-03-29 16:01:58", "elapsed": 10.579941, "delta": 0.176577}}
{"target": 0.8041887731827708, "params": {"a": 2.194994609494888, "dB": 8.993453532718114, "s": 0.443346239774423}, "datetime": {"datetime": "2022-03-29 16:01:58", "elapsed": 10.648724, "delta": 0.068783}}
{"target": 0.5508352117488284, "params": {"a": 4.291735813854983, "dB": 10.579994009972012, "s": 1.003841955826372}, "datetime": {"datetime": "2022-03-29 16:01:59", "elapsed": 10.839173, "delta": 0.190449}}
{"target": 0.9141823711914936, "params": {"a": 3.819519343313418, "dB": 8.445728917104152, "s": 0.3523667015045897}, "datetime": {"datetime": "2022-03-29 16:01:59", "elapsed": 10.926971, "delta": 0.087798}}
{"target": 0.7662804478777938, "params": {"a": 4.492142799440908, "dB": 9.347001262080614, "s": 0.902161084004598}, "datetime": {"datetime": "2022-03-29 16:01:59", "elapsed": 11.07756, "delta": 0.150589}}
{"target": 0.9162807931078838, "params": {"a": 3.503709810170622, "dB": 10.065998838506289, "s": 0.6190116274640558}, "datetime": {"datetime": "2022-03-29 16:01:59", "elapsed": 11.174396, "delta": 0.096836}}
{"target": 0.9786556751482812, "params": {"a": 4.198093686756608, "dB": 9.491002967466505, "s": 0.5657098785919809}, "datetime": {"datetime": "2022-03-29 16:01:59", "elapsed": 11.28897, "delta": 0.114574}}
{"target": 0.9261733916189997, "params": {"a": 2.6994111778364864, "dB": 7.738732719458464, "s": 0.47792417932809983}, "datetime": {"datetime": "2022-03-29 16:01:59", "elapsed": 11.357787, "delta": 0.068817}}
{"target": 0.6886956344957458, "params": {"a": 1.7786912719438832, "dB": 10.939859898056557, "s": 0.28161285133076375}, "datetime": {"datetime": "2022-03-29 16:01:59", "elapsed": 11.523245, "delta": 0.165458}}
{"target": 0.9650064492811935, "params": {"a": 3.1481217802614387, "dB": 8.659268860172094, "s": 0.16080092550749647}, "datetime": {"datetime": "2022-03-29 16:02:00", "elapsed": 12.23858, "delta": 0.715335}}
{"target": 0.9574499525345302, "params": {"a": 3.062675249619449, "dB": 9.05753505629199, "s": 0.13517206478110474}, "datetime": {"datetime": "2022-03-29 16:02:01", "elapsed": 12.785255, "delta": 0.546675}}
{"target": 0.9658250956737391, "params": {"a": 4.931737162814702, "dB": 10.185170752807494, "s": 0.7298612673110894}, "datetime": {"datetime": "2022-03-29 16:02:01", "elapsed": 13.496511, "delta": 0.711256}}
{"target": 0.7476780755405712, "params": {"a": 2.2963020380163432, "dB": 8.044564990858762, "s": 1.0473034510771673}, "datetime": {"datetime": "2022-03-29 16:02:02", "elapsed": 13.81691, "delta": 0.320399}}
{"target": 0.6783029682037187, "params": {"a": 4.041896181584271, "dB": 10.050142048477422, "s": 0.2946880315822752}, "datetime": {"datetime": "2022-03-29 16:02:02", "elapsed": 14.204249, "delta": 0.387339}}
{"target": 0.9220376970995938, "params": {"a": 2.723983077755196, "dB": 8.668879793362851, "s": 0.1}, "datetime": {"datetime": "2022-03-29 16:02:03", "elapsed": 14.758781, "delta": 0.554532}}
