{"target": 0.8782139433444106, "params": {"a": 6.560992953366242, "dB": 10.607187305402753, "s": 0.6468561015946942}, "datetime": {"datetime": "2022-03-29 14:56:07", "elapsed": 387.184777, "delta": 1.330307}}
{"target": 0.9605115088734265, "params": {"a": 6.418928299249148, "dB": 11.046780998431158, "s": 0.6579540478490894}, "datetime": {"datetime": "2022-03-29 14:56:08", "elapsed": 388.093394, "delta": 0.908617}}
{"target": 0.532908120293704, "params": {"a": 6.351064090862054, "dB": 10.970627196828426, "s": 0.5142706826418871}, "datetime": {"datetime": "2022-03-29 14:56:09", "elapsed": 388.951018, "delta": 0.857624}}
{"target": 0.7928406342845049, "params": {"a": 6.352399830705556, "dB": 10.952076550118282, "s": 0.7764126382619894}, "datetime": {"datetime": "2022-03-29 14:56:10", "elapsed": 389.924449, "delta": 0.973431}}
{"target": 0.8590169469802247, "params": {"a": 7.138046266425144, "dB": 11.514145310847116, "s": 0.8478285486783788}, "datetime": {"datetime": "2022-03-29 14:56:11", "elapsed": 391.660208, "delta": 1.735759}}
{"target": 0.7232607354820273, "params": {"a": 3.850471882191294, "dB": 13.424538029242836, "s": 0.5450455625069908}, "datetime": {"datetime": "2022-03-29 14:56:12", "elapsed": 392.706704, "delta": 1.046496}}
{"target": 0.5653569988548611, "params": {"a": 4.799813917761821, "dB": 11.147596352754904, "s": 0.7762440560868306}, "datetime": {"datetime": "2022-03-29 14:56:13", "elapsed": 393.150372, "delta": 0.443668}}
{"target": 0.9423502403085493, "params": {"a": 7.228031960473088, "dB": 11.28270887343804, "s": 0.7576722741229598}, "datetime": {"datetime": "2022-03-29 14:56:15", "elapsed": 394.99402, "delta": 1.843648}}
{"target": 0.9397238949202203, "params": {"a": 6.535592666607684, "dB": 11.154243600945444, "s": 0.6680122380369229}, "datetime": {"datetime": "2022-03-29 14:56:16", "elapsed": 396.020677, "delta": 1.026657}}
{"target": 0.8357092863721305, "params": {"a": 3.7545959308808254, "dB": 11.406045299533922, "s": 0.21092949387201781}, "datetime": {"datetime": "2022-03-29 14:56:16", "elapsed": 396.457549, "delta": 0.436872}}
{"target": 0.8679491014595617, "params": {"a": 6.597022369372404, "dB": 10.861205711329815, "s": 0.644194679898074}, "datetime": {"datetime": "2022-03-29 14:56:17", "elapsed": 397.495988, "delta": 1.038439}}
{"target": 0.7316647868974128, "params": {"a": 5.8945508055342275, "dB": 11.794723387538484, "s": 0.47599540020714237}, "datetime": {"datetime": "2022-03-29 14:56:18", "elapsed": 398.394234, "delta": 0.898246}}
{"target": 0.519406265903653, "params": {"a": 7.439091014360303, "dB": 12.150698106609344, "s": 1.0022265004892548}, "datetime": {"datetime": "2022-03-29 14:56:21", "elapsed": 400.772675, "delta": 2.378441}}
{"target": 0.9012334895038923, "params": {"a": 6.465539536133604, "dB": 11.330132524987448, "s": 0.7349265694984454}, "datetime": {"datetime": "2022-03-29 14:56:21", "elapsed": 401.676268, "delta": 0.903593}}
{"target": 0.5480947114783702, "params": {"a": 4.370154928383091, "dB": 11.45379391950646, "s": 1.2}, "datetime": {"datetime": "2022-03-29 14:56:22", "elapsed": 402.220918, "delta": 0.54465}}
{"target": 0.8604280683718408, "params": {"a": 6.066607625518591, "dB": 10.800114596267019, "s": 0.7279112990081928}, "datetime": {"datetime": "2022-03-29 14:56:23", "elapsed": 403.13132, "delta": 0.910402}}
{"target": 0.8148446308569058, "params": {"a": 3.847043961464759, "dB": 12.998810211879375, "s": 0.4839156698856646}, "datetime": {"datetime": "2022-03-29 14:56:24", "elapsed": 403.902297, "delta": 0.770977}}
{"target": 0.6380695161134761, "params": {"a": 5.22606612281179, "dB": 11.12211668131026, "s": 1.1981050375711344}, "datetime": {"datetime": "2022-03-29 14:56:24", "elapsed": 404.560782, "delta": 0.658485}}
{"target": 0.6279927075163618, "params": {"a": 3.516674508252141, "dB": 12.95927357100388, "s": 0.5590890529950208}, "datetime": {"datetime": "2022-03-29 14:56:25", "elapsed": 405.352523, "delta": 0.791741}}
{"target": 0.9497031702584567, "params": {"a": 4.802049010009608, "dB": 12.839606011698171, "s": 0.5647991959312024}, "datetime": {"datetime": "2022-03-29 14:56:26", "elapsed": 406.437841, "delta": 1.085318}}
{"target": 0.5862285275974312, "params": {"a": 4.916541035604945, "dB": 10.5, "s": 1.2}, "datetime": {"datetime": "2022-03-29 14:56:27", "elapsed": 406.995259, "delta": 0.557418}}
{"target": 0.5812494726038405, "params": {"a": 4.529390423999468, "dB": 12.366663314542599, "s": 0.9841201388094525}, "datetime": {"datetime": "2022-03-29 14:56:27", "elapsed": 407.4913, "delta": 0.496041}}
{"target": 0.8321351532062058, "params": {"a": 3.5, "dB": 11.89665830312462, "s": 0.23819061240835435}, "datetime": {"datetime": "2022-03-29 14:56:28", "elapsed": 408.345454, "delta": 0.854154}}
{"target": 0.6236447632864566, "params": {"a": 4.23369601692772, "dB": 11.931579254582221, "s": 0.5950540470980088}, "datetime": {"datetime": "2022-03-29 14:56:29", "elapsed": 408.877713, "delta": 0.532259}}
{"target": 0.7172273244779463, "params": {"a": 3.5, "dB": 13.5, "s": 0.43472906631649233}, "datetime": {"datetime": "2022-03-29 14:56:30", "elapsed": 409.99931, "delta": 1.121597}}
{"target": 0.6296374928400407, "params": {"a": 4.3419017695145055, "dB": 11.619329685649221, "s": 0.6028128471553088}, "datetime": {"datetime": "2022-03-29 14:56:30", "elapsed": 410.511247, "delta": 0.511937}}
{"target": 0.017017842650143573, "params": {"a": 8.5, "dB": 10.5, "s": 0.1}, "datetime": {"datetime": "2022-03-29 14:56:37", "elapsed": 417.216287, "delta": 6.70504}}
{"target": 0.505610780798948, "params": {"a": 4.085367064759125, "dB": 12.828318820794806, "s": 0.9449556870350221}, "datetime": {"datetime": "2022-03-29 14:56:38", "elapsed": 417.955934, "delta": 0.739647}}
{"target": 0.9541907887627175, "params": {"a": 7.028197369101177, "dB": 11.32780041750949, "s": 0.7577077406964745}, "datetime": {"datetime": "2022-03-29 14:56:40", "elapsed": 419.829786, "delta": 1.873852}}
{"target": 0.8344955582665354, "params": {"a": 7.082078493387447, "dB": 10.998425416668614, "s": 0.7085937391574889}, "datetime": {"datetime": "2022-03-29 14:56:42", "elapsed": 421.944065, "delta": 2.114279}}
{"target": 0.8792179686545084, "params": {"a": 6.869970945308561, "dB": 10.639218109941208, "s": 0.7054086674573727}, "datetime": {"datetime": "2022-03-29 14:56:43", "elapsed": 423.243229, "delta": 1.299164}}
{"target": 0.5742704278870514, "params": {"a": 4.6571574269073555, "dB": 11.45146145189994, "s": 0.8531715803466384}, "datetime": {"datetime": "2022-03-29 14:56:44", "elapsed": 423.763474, "delta": 0.520245}}
{"target": 0.5694971135458822, "params": {"a": 6.982613596664535, "dB": 10.625107602591495, "s": 0.9574320198118388}, "datetime": {"datetime": "2022-03-29 14:56:45", "elapsed": 425.024586, "delta": 1.261112}}
{"target": 0.8996030559694924, "params": {"a": 4.112059602448655, "dB": 11.901577832716589, "s": 0.2855350252075297}, "datetime": {"datetime": "2022-03-29 14:56:45", "elapsed": 425.642949, "delta": 0.618363}}
{"target": 0.5896491791899128, "params": {"a": 6.7917727727050385, "dB": 10.505377942740223, "s": 0.5940833627983265}, "datetime": {"datetime": "2022-03-29 14:56:47", "elapsed": 426.999883, "delta": 1.356934}}
{"target": 0.8684883449544608, "params": {"a": 6.881080642439432, "dB": 10.834480157062767, "s": 0.6986033482113193}, "datetime": {"datetime": "2022-03-29 14:56:48", "elapsed": 428.574579, "delta": 1.574696}}
{"target": 0.49606394999367653, "params": {"a": 7.80673777436737, "dB": 12.122317473476665, "s": 0.6936718788645881}, "datetime": {"datetime": "2022-03-29 14:56:52", "elapsed": 432.239004, "delta": 3.664425}}
{"target": 0.5177238651370377, "params": {"a": 4.16660093177819, "dB": 12.937366144185532, "s": 0.9846448547246561}, "datetime": {"datetime": "2022-03-29 14:56:53", "elapsed": 433.031681, "delta": 0.792677}}
{"target": 0.3686046728811254, "params": {"a": 5.3352502409022025, "dB": 12.089180891501245, "s": 0.1}, "datetime": {"datetime": "2022-03-29 14:56:54", "elapsed": 433.85587, "delta": 0.824189}}
{"target": 0.3940521004833173, "params": {"a": 4.519496998450891, "dB": 13.212006941215272, "s": 0.2620983861692273}, "datetime": {"datetime": "2022-03-29 14:56:55", "elapsed": 434.893375, "delta": 1.037505}}
{"target": 0.5732701367725386, "params": {"a": 8.5, "dB": 10.5, "s": 1.2}, "datetime": {"datetime": "2022-03-29 14:57:01", "elapsed": 441.673466, "delta": 6.780091}}
{"target": 0.8945293874567877, "params": {"a": 5.088941052697299, "dB": 11.634423388484121, "s": 0.404862621865295}, "datetime": {"datetime": "2022-03-29 14:57:02", "elapsed": 442.533427, "delta": 0.859961}}
{"target": 0.9116177909184929, "params": {"a": 6.536043112781495, "dB": 11.159581552454746, "s": 0.6564364898817003}, "datetime": {"datetime": "2022-03-29 14:57:03", "elapsed": 443.623768, "delta": 1.090341}}
{"target": 0.2196464328120677, "params": {"a": 8.402554534329909, "dB": 11.922138677947384, "s": 0.23467725753127974}, "datetime": {"datetime": "2022-03-29 14:57:09", "elapsed": 449.004799, "delta": 5.381031}}
{"target": 0.8669204694760184, "params": {"a": 3.788350998913993, "dB": 11.701344033034125, "s": 0.4161055789870407}, "datetime": {"datetime": "2022-03-29 14:57:09", "elapsed": 449.708221, "delta": 0.703422}}
{"target": 0.6769037207762003, "params": {"a": 8.156650622670275, "dB": 11.267995709773984, "s": 1.017134851930925}, "datetime": {"datetime": "2022-03-29 14:57:14", "elapsed": 454.429005, "delta": 4.720784}}
{"target": 0.9240228436067465, "params": {"a": 8.0091906377138, "dB": 11.032719843789954, "s": 0.8974016593362533}, "datetime": {"datetime": "2022-03-29 14:57:19", "elapsed": 459.063744, "delta": 4.634739}}
{"target": 0.7004518779563041, "params": {"a": 8.137729866920868, "dB": 10.955909754527656, "s": 0.805429719879526}, "datetime": {"datetime": "2022-03-29 14:57:23", "elapsed": 463.483696, "delta": 4.419952}}
{"target": 0.8471609157976969, "params": {"a": 7.885214182302746, "dB": 11.209484128857541, "s": 0.9365901211197419}, "datetime": {"datetime": "2022-03-29 14:57:27", "elapsed": 467.27673, "delta": 3.793034}}
{"target": 0.8484703076040746, "params": {"a": 4.188497592081102, "dB": 10.776742989913638, "s": 0.10148570105332966}, "datetime": {"datetime": "2022-03-29 14:57:28", "elapsed": 467.880911, "delta": 0.604181}}
{"target": 0.9562012301188533, "params": {"a": 6.381669218126327, "dB": 10.699095611152332, "s": 0.7038456570452621}, "datetime": {"datetime": "2022-03-29 14:57:29", "elapsed": 468.976446, "delta": 1.095535}}
{"target": 0.6311571145133641, "params": {"a": 5.091432251097063, "dB": 11.688328545005424, "s": 1.2}, "datetime": {"datetime": "2022-03-29 14:57:30", "elapsed": 469.794767, "delta": 0.818321}}
{"target": 0.8093512100497575, "params": {"a": 7.162082312982439, "dB": 11.3851882678327, "s": 0.7039376603409362}, "datetime": {"datetime": "2022-03-29 14:57:32", "elapsed": 471.952328, "delta": 2.157561}}
{"target": 0.9007378129552803, "params": {"a": 6.851316958710903, "dB": 11.38847188848582, "s": 0.8029416693731162}, "datetime": {"datetime": "2022-03-29 14:57:34", "elapsed": 473.842075, "delta": 1.889747}}
{"target": 0.8767554722888223, "params": {"a": 7.028007621915294, "dB": 11.18629555295785, "s": 0.8419147591899816}, "datetime": {"datetime": "2022-03-29 14:57:36", "elapsed": 475.9306, "delta": 2.088525}}
{"target": 0.01694122513761018, "params": {"a": 8.446895086372667, "dB": 13.302340859238626, "s": 0.16073351081585918}, "datetime": {"datetime": "2022-03-29 14:57:42", "elapsed": 482.667757, "delta": 6.737157}}
{"target": 0.5316680668284658, "params": {"a": 3.5, "dB": 12.942882916319641, "s": 1.2}, "datetime": {"datetime": "2022-03-29 14:57:43", "elapsed": 483.688555, "delta": 1.020798}}
{"target": 0.9346413506978557, "params": {"a": 4.226564014876538, "dB": 11.428513617558101, "s": 0.3393637066615229}, "datetime": {"datetime": "2022-03-29 14:57:44", "elapsed": 484.620008, "delta": 0.931453}}
{"target": 0.9172391658333293, "params": {"a": 4.6679647065346295, "dB": 12.922046910698738, "s": 0.5293988066546489}, "datetime": {"datetime": "2022-03-29 14:57:45", "elapsed": 485.429736, "delta": 0.809728}}
{"target": 0.8916217525731768, "params": {"a": 5.771394033762736, "dB": 10.866821561680492, "s": 0.5374872517592059}, "datetime": {"datetime": "2022-03-29 14:57:46", "elapsed": 486.404653, "delta": 0.974917}}
{"target": 0.7246694358874003, "params": {"a": 5.391264375498173, "dB": 10.8543087219095, "s": 0.6845650921491564}, "datetime": {"datetime": "2022-03-29 14:57:47", "elapsed": 487.269082, "delta": 0.864429}}
{"target": 0.9332872359543514, "params": {"a": 4.175047623080176, "dB": 11.672522406272012, "s": 0.34632882630490947}, "datetime": {"datetime": "2022-03-29 14:57:48", "elapsed": 488.24984, "delta": 0.980758}}
{"target": 0.8238290665135108, "params": {"a": 3.5, "dB": 11.346439267507764, "s": 0.39780916430748636}, "datetime": {"datetime": "2022-03-29 14:57:49", "elapsed": 489.128364, "delta": 0.878524}}
{"target": 0.2506839575778257, "params": {"a": 6.067250001214683, "dB": 10.5, "s": 0.1}, "datetime": {"datetime": "2022-03-29 14:57:50", "elapsed": 490.351909, "delta": 1.223545}}
{"target": 0.519921909606368, "params": {"a": 5.566157426833226, "dB": 11.448649531663278, "s": 0.26459934699849547}, "datetime": {"datetime": "2022-03-29 14:57:51", "elapsed": 491.012443, "delta": 0.660534}}
{"target": 0.7693820963465882, "params": {"a": 7.326253942216379, "dB": 11.123303236176337, "s": 0.7241392717628001}, "datetime": {"datetime": "2022-03-29 14:57:53", "elapsed": 493.466751, "delta": 2.454308}}
{"target": 0.5217863768678582, "params": {"a": 3.5, "dB": 12.060518757447463, "s": 1.2}, "datetime": {"datetime": "2022-03-29 14:57:54", "elapsed": 494.23953, "delta": 0.772779}}
{"target": 0.8199731008187853, "params": {"a": 6.4318564117760575, "dB": 11.13033188171558, "s": 0.765024856737517}, "datetime": {"datetime": "2022-03-29 14:57:55", "elapsed": 495.595443, "delta": 1.355913}}
{"target": 0.5319625697521079, "params": {"a": 6.346352259195907, "dB": 11.87178804124698, "s": 0.8898673174261725}, "datetime": {"datetime": "2022-03-29 14:57:56", "elapsed": 496.705279, "delta": 1.109836}}
{"target": 0.7718559420804513, "params": {"a": 6.447515339620563, "dB": 11.547984135201178, "s": 0.780691337092044}, "datetime": {"datetime": "2022-03-29 14:57:58", "elapsed": 497.861603, "delta": 1.156324}}
{"target": 0.9614620704618169, "params": {"a": 4.727730599961289, "dB": 11.135662847559166, "s": 0.3822247638841225}, "datetime": {"datetime": "2022-03-29 14:57:58", "elapsed": 498.67225, "delta": 0.810647}}
{"target": 0.9072308551806776, "params": {"a": 4.528290437589066, "dB": 11.07658879560424, "s": 0.12699213072830762}, "datetime": {"datetime": "2022-03-29 14:57:59", "elapsed": 499.374367, "delta": 0.702117}}
{"target": 0.12991592389761922, "params": {"a": 8.377592978610725, "dB": 11.33364924497754, "s": 0.20445600102066241}, "datetime": {"datetime": "2022-03-29 14:58:05", "elapsed": 504.780433, "delta": 5.406066}}
{"target": 0.28467134516032294, "params": {"a": 6.159350854468932, "dB": 11.506141675444438, "s": 0.10537277113981504}, "datetime": {"datetime": "2022-03-29 14:58:05", "elapsed": 505.563601, "delta": 0.783168}}
{"target": 0.970164887385142, "params": {"a": 4.584961387175456, "dB": 10.520414281431073, "s": 0.3016281494446168}, "datetime": {"datetime": "2022-03-29 14:58:06", "elapsed": 506.206834, "delta": 0.643233}}
{"target": 0.9780570786522268, "params": {"a": 6.525441062492039, "dB": 11.0024105143843, "s": 0.7160743981935503}, "datetime": {"datetime": "2022-03-29 14:58:08", "elapsed": 507.740545, "delta": 1.533711}}
{"target": 0.9855719854935725, "params": {"a": 6.6934737151328925, "dB": 11.890959328681696, "s": 0.7221230170715948}, "datetime": {"datetime": "2022-03-29 14:58:09", "elapsed": 509.120545, "delta": 1.38}}
{"target": 0.9339629117041506, "params": {"a": 6.825086020422987, "dB": 11.156908909110676, "s": 0.7255609688980098}, "datetime": {"datetime": "2022-03-29 14:58:11", "elapsed": 510.812571, "delta": 1.692026}}
{"target": 0.9453134194778835, "params": {"a": 4.348357818185265, "dB": 12.038497757412486, "s": 0.36247828357122996}, "datetime": {"datetime": "2022-03-29 14:58:11", "elapsed": 511.582929, "delta": 0.770358}}
{"target": 0.9697340027886951, "params": {"a": 4.462951542069614, "dB": 10.891179123216546, "s": 0.2950547645956819}, "datetime": {"datetime": "2022-03-29 14:58:12", "elapsed": 512.265119, "delta": 0.68219}}
{"target": 0.9205578968632587, "params": {"a": 7.592006128879282, "dB": 12.43322161988611, "s": 0.8050047426454887}, "datetime": {"datetime": "2022-03-29 14:58:15", "elapsed": 515.594132, "delta": 3.329013}}
{"target": 0.9482568661820507, "params": {"a": 4.449687824641996, "dB": 11.623311000320829, "s": 0.3549556287897555}, "datetime": {"datetime": "2022-03-29 14:58:17", "elapsed": 516.753443, "delta": 1.159311}}
{"target": 0.8839665680693753, "params": {"a": 3.8020862646478224, "dB": 10.85177456136347, "s": 0.18012662794873638}, "datetime": {"datetime": "2022-03-29 14:58:18", "elapsed": 517.763286, "delta": 1.009843}}
{"target": 0.47576743739219646, "params": {"a": 6.864151063611324, "dB": 11.255305888459045, "s": 0.3773657324681917}, "datetime": {"datetime": "2022-03-29 14:58:19", "elapsed": 519.050501, "delta": 1.287215}}
{"target": 0.9550235726549565, "params": {"a": 6.650259337763606, "dB": 11.378495670265902, "s": 0.7532843190383822}, "datetime": {"datetime": "2022-03-29 14:58:20", "elapsed": 520.317562, "delta": 1.267061}}
{"target": 0.8343157070521232, "params": {"a": 4.320025105211006, "dB": 13.5, "s": 0.5318031837176805}, "datetime": {"datetime": "2022-03-29 14:58:22", "elapsed": 521.904482, "delta": 1.58692}}
{"target": 0.5164376690574523, "params": {"a": 5.290291876346566, "dB": 12.971264398024838, "s": 0.9845256416370548}, "datetime": {"datetime": "2022-03-29 14:58:23", "elapsed": 522.797646, "delta": 0.893164}}
{"target": 0.69169603702046, "params": {"a": 7.820401207555932, "dB": 10.5, "s": 0.7610437487248022}, "datetime": {"datetime": "2022-03-29 14:58:26", "elapsed": 526.590514, "delta": 3.792868}}
{"target": 0.5410478792002956, "params": {"a": 4.459003131267394, "dB": 10.5, "s": 1.2}, "datetime": {"datetime": "2022-03-29 14:58:27", "elapsed": 527.37249, "delta": 0.781976}}
{"target": 0.8433183029797789, "params": {"a": 5.781357776213886, "dB": 10.679257715736304, "s": 0.5121009923716565}, "datetime": {"datetime": "2022-03-29 14:58:28", "elapsed": 528.274916, "delta": 0.902426}}
{"target": 0.7742808437147709, "params": {"a": 4.753802269419634, "dB": 11.023671734134462, "s": 0.1}, "datetime": {"datetime": "2022-03-29 14:58:29", "elapsed": 529.106285, "delta": 0.831369}}
{"target": 0.910503106549508, "params": {"a": 4.037933276296558, "dB": 10.509765351134797, "s": 0.2711369406529267}, "datetime": {"datetime": "2022-03-29 14:58:30", "elapsed": 530.301992, "delta": 1.195707}}
{"target": 0.8213780895451589, "params": {"a": 4.696322094938447, "dB": 12.29477138170312, "s": 0.5247946730548628}, "datetime": {"datetime": "2022-03-29 14:58:31", "elapsed": 531.199038, "delta": 0.897046}}
{"target": 0.9233070583993866, "params": {"a": 5.080710512990438, "dB": 12.16139706440147, "s": 0.42415608531154725}, "datetime": {"datetime": "2022-03-29 14:58:32", "elapsed": 532.387069, "delta": 1.188031}}
{"target": 0.8301518934840904, "params": {"a": 3.9297839859842747, "dB": 10.5, "s": 0.1}, "datetime": {"datetime": "2022-03-29 14:58:33", "elapsed": 533.15556, "delta": 0.768491}}
{"target": 0.562492461511238, "params": {"a": 8.126290787779899, "dB": 12.83110896344307, "s": 0.7653327163466686}, "datetime": {"datetime": "2022-03-29 14:58:37", "elapsed": 537.641342, "delta": 4.485782}}
{"target": 0.7445410134751309, "params": {"a": 4.501439256171256, "dB": 12.657474999755998, "s": 0.41724055623264}, "datetime": {"datetime": "2022-03-29 14:58:38", "elapsed": 538.532583, "delta": 0.891241}}
{"target": 0.5345098954422641, "params": {"a": 5.646946258332644, "dB": 12.839795199610238, "s": 1.0946992582879878}, "datetime": {"datetime": "2022-03-29 14:58:39", "elapsed": 539.487576, "delta": 0.954993}}
{"target": 0.9772525724793396, "params": {"a": 5.439009220946282, "dB": 12.265367723083083, "s": 0.5454019789798471}, "datetime": {"datetime": "2022-03-29 14:58:41", "elapsed": 540.718912, "delta": 1.231336}}
{"target": 0.899580951586077, "params": {"a": 5.677084694168315, "dB": 12.22965120936448, "s": 0.6547689343968985}, "datetime": {"datetime": "2022-03-29 14:58:42", "elapsed": 541.901423, "delta": 1.182511}}
{"target": 0.8477776751885077, "params": {"a": 5.604326586176009, "dB": 12.229319067180638, "s": 0.4584737791439564}, "datetime": {"datetime": "2022-03-29 14:58:43", "elapsed": 542.941327, "delta": 1.039904}}
{"target": 0.6243105358589627, "params": {"a": 3.7915219253127512, "dB": 11.881788065096014, "s": 0.5666252243233181}, "datetime": {"datetime": "2022-03-29 14:58:43", "elapsed": 543.573818, "delta": 0.632491}}
{"target": 0.9149380795002826, "params": {"a": 5.588740377083941, "dB": 12.40433502197801, "s": 0.5918543641658459}, "datetime": {"datetime": "2022-03-29 14:58:45", "elapsed": 544.859995, "delta": 1.286177}}
{"target": 0.5815066489157864, "params": {"a": 5.475890779676272, "dB": 12.347869315898789, "s": 0.7428054633221273}, "datetime": {"datetime": "2022-03-29 14:58:46", "elapsed": 545.771817, "delta": 0.911822}}
{"target": 0.41313879730942454, "params": {"a": 8.35342877247066, "dB": 13.02234716844455, "s": 0.4338846472943424}, "datetime": {"datetime": "2022-03-29 14:58:51", "elapsed": 551.369486, "delta": 5.597669}}
{"target": 0.8763427034311915, "params": {"a": 5.877940058961374, "dB": 12.350621184449675, "s": 0.668186515631664}, "datetime": {"datetime": "2022-03-29 14:58:52", "elapsed": 552.600712, "delta": 1.231226}}
