{"target": 0.9659785226269268, "params": {"a": 6.548823402571362, "dB": 14.437277776779172, "s": 0.26608158451916586}, "datetime": {"datetime": "2022-03-25 12:30:14", "elapsed": 1001.99818, "delta": 1.563957}}
{"target": 0.8588578168532858, "params": {"a": 5.292592545759444, "dB": 13.989131782335399, "s": 0.32128864924458145}, "datetime": {"datetime": "2022-03-25 12:30:16", "elapsed": 1003.210339, "delta": 1.212159}}
{"target": 0.45637688742934085, "params": {"a": 8.568918749736543, "dB": 13.634261983045027, "s": 0.31420902346309487}, "datetime": {"datetime": "2022-03-25 12:30:28", "elapsed": 1015.490007, "delta": 12.279668}}
{"target": 0.737687724234432, "params": {"a": 5.111294595760666, "dB": 13.939293952541023, "s": 0.1}, "datetime": {"datetime": "2022-03-25 12:30:29", "elapsed": 1016.753765, "delta": 1.263758}}
{"target": 0.8846841769860334, "params": {"a": 5.523949710441672, "dB": 14.079607232006957, "s": 0.28847528476037176}, "datetime": {"datetime": "2022-03-25 12:30:30", "elapsed": 1018.07716, "delta": 1.323395}}
{"target": 0.7996820214413519, "params": {"a": 5.318815106852226, "dB": 14.24433346204137, "s": 0.20278959017329273}, "datetime": {"datetime": "2022-03-25 12:30:32", "elapsed": 1019.45532, "delta": 1.37816}}
{"target": 0.9000784998445737, "params": {"a": 5.535531897572918, "dB": 13.797089994033946, "s": 0.32470694084467605}, "datetime": {"datetime": "2022-03-25 12:30:33", "elapsed": 1020.843611, "delta": 1.388291}}
{"target": 0.42853328467250945, "params": {"a": 7.051411648808925, "dB": 14.251835110380213, "s": 0.8070269493542346}, "datetime": {"datetime": "2022-03-25 12:30:36", "elapsed": 1023.278387, "delta": 2.434776}}
{"target": 0.9714936889887449, "params": {"a": 6.588858581962247, "dB": 14.619031562938808, "s": 0.37488281608579077}, "datetime": {"datetime": "2022-03-25 12:30:37", "elapsed": 1024.760716, "delta": 1.482329}}
{"target": 0.7536323654955407, "params": {"a": 5.465549431652165, "dB": 13.960442688201125, "s": 0.11146263535135344}, "datetime": {"datetime": "2022-03-25 12:30:38", "elapsed": 1026.026331, "delta": 1.265615}}
{"target": 0.687690022120908, "params": {"a": 4.5, "dB": 14.94950338174412, "s": 0.21823850489665317}, "datetime": {"datetime": "2022-03-25 12:30:42", "elapsed": 1029.178028, "delta": 3.151697}}
{"target": 0.7208912379778297, "params": {"a": 4.921658770592625, "dB": 14.47320121954971, "s": 0.1}, "datetime": {"datetime": "2022-03-25 12:30:43", "elapsed": 1030.637755, "delta": 1.459727}}
{"target": 0.7264212918805238, "params": {"a": 5.261893667023168, "dB": 14.737216175920624, "s": 0.1}, "datetime": {"datetime": "2022-03-25 12:30:44", "elapsed": 1031.919256, "delta": 1.281501}}
{"target": 0.7077140825477141, "params": {"a": 9.0, "dB": 14.67693181002792, "s": 0.7292065496596056}, "datetime": {"datetime": "2022-03-25 12:31:03", "elapsed": 1050.853466, "delta": 18.93421}}
{"target": 0.4381310459183954, "params": {"a": 4.682144754554656, "dB": 14.831855271101377, "s": 0.8024270295116532}, "datetime": {"datetime": "2022-03-25 12:31:05", "elapsed": 1052.678875, "delta": 1.825409}}
{"target": 0.8978468791990544, "params": {"a": 5.911004891146515, "dB": 14.189458551257957, "s": 0.24526614987194809}, "datetime": {"datetime": "2022-03-25 12:31:06", "elapsed": 1053.930715, "delta": 1.25184}}
{"target": 0.9509770236536278, "params": {"a": 5.999720957611373, "dB": 13.661385023610688, "s": 0.3576181525132638}, "datetime": {"datetime": "2022-03-25 12:31:08", "elapsed": 1055.286916, "delta": 1.356201}}
{"target": 0.4638742289859134, "params": {"a": 6.958724028473955, "dB": 13.5, "s": 0.6538743737735592}, "datetime": {"datetime": "2022-03-25 12:31:09", "elapsed": 1056.985791, "delta": 1.698875}}
{"target": 0.6964288610089016, "params": {"a": 6.921897549682923, "dB": 13.946308757299459, "s": 0.19788863323743797}, "datetime": {"datetime": "2022-03-25 12:31:11", "elapsed": 1058.791279, "delta": 1.805488}}
{"target": 0.4816953702746582, "params": {"a": 6.286060537797468, "dB": 14.404419529026557, "s": 1.4945977940024093}, "datetime": {"datetime": "2022-03-25 12:31:13", "elapsed": 1060.133152, "delta": 1.341873}}
{"target": 0.7147727437112733, "params": {"a": 4.522496276374132, "dB": 14.53644565513329, "s": 0.14304638156698352}, "datetime": {"datetime": "2022-03-25 12:31:14", "elapsed": 1061.40346, "delta": 1.270308}}
{"target": 0.47724126734342937, "params": {"a": 6.33073570052967, "dB": 15.335203448184533, "s": 0.2671420511510497}, "datetime": {"datetime": "2022-03-25 12:31:21", "elapsed": 1068.798725, "delta": 7.395265}}
{"target": 0.8548872425518367, "params": {"a": 5.4382477490651056, "dB": 13.5, "s": 0.38195424125011374}, "datetime": {"datetime": "2022-03-25 12:31:23", "elapsed": 1070.125209, "delta": 1.326484}}
{"target": 0.8811797333862204, "params": {"a": 5.715226324182487, "dB": 14.754631441837738, "s": 0.265373866122718}, "datetime": {"datetime": "2022-03-25 12:31:24", "elapsed": 1071.469282, "delta": 1.344073}}
{"target": 0.9494018804119625, "params": {"a": 6.581672744758741, "dB": 14.222909848931504, "s": 0.40220320941237697}, "datetime": {"datetime": "2022-03-25 12:31:25", "elapsed": 1072.814877, "delta": 1.345595}}
{"target": 0.38343582170704676, "params": {"a": 6.342713844202008, "dB": 15.61855404488174, "s": 0.9549086146073245}, "datetime": {"datetime": "2022-03-25 12:31:33", "elapsed": 1080.196532, "delta": 7.381655}}
{"target": 0.5631985079181527, "params": {"a": 4.5, "dB": 15.481295192948755, "s": 0.1}, "datetime": {"datetime": "2022-03-25 12:31:40", "elapsed": 1087.693088, "delta": 7.496556}}
{"target": 0.6611490330815072, "params": {"a": 7.594055667766416, "dB": 14.124725544714478, "s": 0.6091198919728318}, "datetime": {"datetime": "2022-03-25 12:31:44", "elapsed": 1091.733011, "delta": 4.039923}}
{"target": 0.45832123569842703, "params": {"a": 9.0, "dB": 16.0, "s": 1.7}, "datetime": {"datetime": "2022-03-25 12:32:03", "elapsed": 1111.109683, "delta": 19.376672}}
{"target": 0.949479689678304, "params": {"a": 6.389580516299018, "dB": 14.572573609696324, "s": 0.38566576645406736}, "datetime": {"datetime": "2022-03-25 12:32:05", "elapsed": 1112.400076, "delta": 1.290393}}
{"target": 0.6042069016184797, "params": {"a": 5.568855322685786, "dB": 14.932924763761566, "s": 0.1}, "datetime": {"datetime": "2022-03-25 12:32:08", "elapsed": 1115.542664, "delta": 3.142588}}
{"target": 0.3214282734953151, "params": {"a": 6.087462275203691, "dB": 16.0, "s": 1.7}, "datetime": {"datetime": "2022-03-25 12:32:18", "elapsed": 1125.255259, "delta": 9.712595}}
{"target": 0.7043204448858388, "params": {"a": 9.0, "dB": 16.0, "s": 0.7214483776093272}, "datetime": {"datetime": "2022-03-25 12:32:37", "elapsed": 1144.459574, "delta": 19.204315}}
{"target": 0.8637777599101636, "params": {"a": 5.681548983541879, "dB": 14.315580305980873, "s": 0.39014671812833757}, "datetime": {"datetime": "2022-03-25 12:32:38", "elapsed": 1145.78491, "delta": 1.325336}}
{"target": 0.18811697732710825, "params": {"a": 9.0, "dB": 16.0, "s": 0.1}, "datetime": {"datetime": "2022-03-25 12:32:57", "elapsed": 1164.993749, "delta": 19.208839}}
{"target": 0.7226840641991381, "params": {"a": 4.568837268009503, "dB": 14.122750649366154, "s": 0.12629028631515204}, "datetime": {"datetime": "2022-03-25 12:32:59", "elapsed": 1166.238902, "delta": 1.245153}}
{"target": 0.5306318751420273, "params": {"a": 4.5, "dB": 16.0, "s": 0.1}, "datetime": {"datetime": "2022-03-25 12:33:09", "elapsed": 1176.233221, "delta": 9.994319}}
{"target": 0.4633396514256321, "params": {"a": 8.726313804131086, "dB": 13.941377443870827, "s": 0.47978165538138573}, "datetime": {"datetime": "2022-03-25 12:33:24", "elapsed": 1191.662801, "delta": 15.42958}}
{"target": 0.7792826752377209, "params": {"a": 6.562503033981129, "dB": 15.552582746785824, "s": 0.5779461856540505}, "datetime": {"datetime": "2022-03-25 12:33:32", "elapsed": 1199.215129, "delta": 7.552328}}
{"target": 0.9794112348354979, "params": {"a": 8.011864061919697, "dB": 14.379100752967874, "s": 0.5616221357035928}, "datetime": {"datetime": "2022-03-25 12:33:39", "elapsed": 1206.698601, "delta": 7.483472}}
{"target": 0.9863229009587101, "params": {"a": 7.868775103936483, "dB": 14.490185052484136, "s": 0.5249596772349641}, "datetime": {"datetime": "2022-03-25 12:33:44", "elapsed": 1212.116189, "delta": 5.417588}}
{"target": 0.6704576727161915, "params": {"a": 7.964320126732691, "dB": 14.489454864210916, "s": 0.644227735554176}, "datetime": {"datetime": "2022-03-25 12:33:52", "elapsed": 1219.604937, "delta": 7.488748}}
{"target": 0.47541461572905386, "params": {"a": 7.9482021303294905, "dB": 14.421625264084318, "s": 0.3807303683757219}, "datetime": {"datetime": "2022-03-25 12:33:57", "elapsed": 1225.118978, "delta": 5.514041}}
{"target": 0.990805884061905, "params": {"a": 7.6562435731176155, "dB": 14.515933496815146, "s": 0.4943609926181173}, "datetime": {"datetime": "2022-03-25 12:34:02", "elapsed": 1229.291961, "delta": 4.172983}}
{"target": 0.9593373675628175, "params": {"a": 7.747018188812826, "dB": 14.344662607735684, "s": 0.5509847259112047}, "datetime": {"datetime": "2022-03-25 12:34:07", "elapsed": 1234.67375, "delta": 5.381789}}
{"target": 0.40027441081387904, "params": {"a": 9.0, "dB": 16.0, "s": 1.1030296880411916}, "datetime": {"datetime": "2022-03-25 12:34:26", "elapsed": 1254.107151, "delta": 19.433401}}
{"target": 0.9621419983178336, "params": {"a": 7.987829940472281, "dB": 14.23187432028485, "s": 0.5747638695634482}, "datetime": {"datetime": "2022-03-25 12:34:34", "elapsed": 1261.394741, "delta": 7.28759}}
{"target": 0.9664696260705263, "params": {"a": 7.834272071029989, "dB": 13.777986515329037, "s": 0.5492844955045753}, "datetime": {"datetime": "2022-03-25 12:34:39", "elapsed": 1266.513502, "delta": 5.118761}}
{"target": 0.858529670274212, "params": {"a": 7.785499472305324, "dB": 13.51930545552282, "s": 0.5901584878821982}, "datetime": {"datetime": "2022-03-25 12:34:44", "elapsed": 1271.886407, "delta": 5.372905}}
{"target": 0.4905151439956428, "params": {"a": 7.951550253770852, "dB": 13.63947441256151, "s": 0.37199634349163857}, "datetime": {"datetime": "2022-03-25 12:34:50", "elapsed": 1277.304179, "delta": 5.417772}}
{"target": 0.51216741580688, "params": {"a": 7.644499978660949, "dB": 14.267466252852765, "s": 0.3091002820839609}, "datetime": {"datetime": "2022-03-25 12:34:54", "elapsed": 1281.447138, "delta": 4.142959}}
{"target": 0.5863661304162255, "params": {"a": 6.746365451382547, "dB": 14.044383548997246, "s": 0.5058208743780565}, "datetime": {"datetime": "2022-03-25 12:34:55", "elapsed": 1282.778422, "delta": 1.331284}}
{"target": 0.4317939232522657, "params": {"a": 7.744493988117942, "dB": 13.713505925076726, "s": 0.7269126988305603}, "datetime": {"datetime": "2022-03-25 12:35:00", "elapsed": 1288.011043, "delta": 5.232621}}
{"target": 0.4312567593792672, "params": {"a": 5.6548572421036845, "dB": 15.22984651644002, "s": 1.276907398030358}, "datetime": {"datetime": "2022-03-25 12:35:08", "elapsed": 1295.449914, "delta": 7.438871}}
{"target": 0.8978583500200237, "params": {"a": 8.018147653382384, "dB": 14.002379030196282, "s": 0.5067445715674372}, "datetime": {"datetime": "2022-03-25 12:35:15", "elapsed": 1302.778478, "delta": 7.328564}}
{"target": 0.9280595236754776, "params": {"a": 7.850426651874184, "dB": 13.948420416124685, "s": 0.4955760505611486}, "datetime": {"datetime": "2022-03-25 12:35:21", "elapsed": 1308.132734, "delta": 5.354256}}
{"target": 0.6453914937577419, "params": {"a": 7.167116373385233, "dB": 15.5672907424319, "s": 0.6333588487326547}, "datetime": {"datetime": "2022-03-25 12:35:28", "elapsed": 1315.596995, "delta": 7.464261}}
{"target": 0.6564183591451543, "params": {"a": 6.742484570219979, "dB": 13.753802172432026, "s": 0.4940974858124797}, "datetime": {"datetime": "2022-03-25 12:35:29", "elapsed": 1316.995506, "delta": 1.398511}}
{"target": 0.3506295212957735, "params": {"a": 6.262626574393174, "dB": 13.517969143676057, "s": 1.6846343048335146}, "datetime": {"datetime": "2022-03-25 12:35:31", "elapsed": 1318.382626, "delta": 1.38712}}
{"target": 0.7257442671911377, "params": {"a": 7.031139887750971, "dB": 13.507539387429535, "s": 0.21166562917568665}, "datetime": {"datetime": "2022-03-25 12:35:33", "elapsed": 1321.003631, "delta": 2.621005}}
{"target": 0.40784015666052903, "params": {"a": 6.690168575787052, "dB": 15.583616944787495, "s": 1.6643195636397645}, "datetime": {"datetime": "2022-03-25 12:35:41", "elapsed": 1328.562732, "delta": 7.559101}}
{"target": 0.4197983914721221, "params": {"a": 8.318438207440494, "dB": 13.869081857292283, "s": 0.8601385479560828}, "datetime": {"datetime": "2022-03-25 12:35:51", "elapsed": 1338.271737, "delta": 9.709005}}
{"target": 0.9641267018011871, "params": {"a": 8.152443024573204, "dB": 14.303959795725087, "s": 0.5746826988922094}, "datetime": {"datetime": "2022-03-25 12:35:58", "elapsed": 1345.59068, "delta": 7.318943}}
{"target": 0.28941548318037275, "params": {"a": 6.658960136069982, "dB": 13.5, "s": 0.1}, "datetime": {"datetime": "2022-03-25 12:35:59", "elapsed": 1347.093513, "delta": 1.502833}}
{"target": 0.7396463336097253, "params": {"a": 7.73609367979157, "dB": 14.509898437114527, "s": 0.6130214213593809}, "datetime": {"datetime": "2022-03-25 12:36:05", "elapsed": 1352.344725, "delta": 5.251212}}
{"target": 0.5325338971185719, "params": {"a": 4.9223452053955015, "dB": 15.158777319427964, "s": 0.10964407944583208}, "datetime": {"datetime": "2022-03-25 12:36:12", "elapsed": 1359.692489, "delta": 7.347764}}
{"target": 0.9354550166762591, "params": {"a": 7.609817646713296, "dB": 13.546469008766747, "s": 0.4629525091243565}, "datetime": {"datetime": "2022-03-25 12:36:16", "elapsed": 1364.061427, "delta": 4.368938}}
{"target": 0.6075044434936635, "params": {"a": 7.752733362361006, "dB": 13.773878817900238, "s": 0.4129028211459863}, "datetime": {"datetime": "2022-03-25 12:36:22", "elapsed": 1369.330021, "delta": 5.268594}}
{"target": 0.6684400500994285, "params": {"a": 7.905362544843559, "dB": 13.89550806887923, "s": 0.6314355601901326}, "datetime": {"datetime": "2022-03-25 12:36:27", "elapsed": 1374.702987, "delta": 5.372966}}
{"target": 0.9284905952289574, "params": {"a": 6.817667476578691, "dB": 13.852347502384902, "s": 0.3413168914629376}, "datetime": {"datetime": "2022-03-25 12:36:29", "elapsed": 1376.391379, "delta": 1.688392}}
{"target": 0.9290902379054983, "params": {"a": 5.755589028043508, "dB": 13.71555735085817, "s": 0.339625677333825}, "datetime": {"datetime": "2022-03-25 12:36:30", "elapsed": 1377.814086, "delta": 1.422707}}
{"target": 0.8345690017057171, "params": {"a": 7.422763813116141, "dB": 13.528317096342713, "s": 0.5326437477300121}, "datetime": {"datetime": "2022-03-25 12:36:33", "elapsed": 1381.078061, "delta": 3.263975}}
{"target": 0.6514116520894412, "params": {"a": 4.562481824143362, "dB": 15.364894100226627, "s": 0.23897834089344042}, "datetime": {"datetime": "2022-03-25 12:36:41", "elapsed": 1388.518674, "delta": 7.440613}}
{"target": 0.6339654421485893, "params": {"a": 6.16899720444965, "dB": 15.103953489174081, "s": 0.6058492332103493}, "datetime": {"datetime": "2022-03-25 12:36:49", "elapsed": 1396.142751, "delta": 7.624077}}
{"target": 0.5737629185890327, "params": {"a": 5.488477389513728, "dB": 14.010255951110187, "s": 0.4898167514091806}, "datetime": {"datetime": "2022-03-25 12:36:50", "elapsed": 1397.521513, "delta": 1.378762}}
{"target": 0.44264835620035425, "params": {"a": 6.02539562150872, "dB": 14.289384319813255, "s": 0.6810207946363128}, "datetime": {"datetime": "2022-03-25 12:36:51", "elapsed": 1398.873397, "delta": 1.351884}}
{"target": 0.7214870303490654, "params": {"a": 7.473738619893643, "dB": 14.493998591066308, "s": 0.3811718274859309}, "datetime": {"datetime": "2022-03-25 12:36:54", "elapsed": 1402.086216, "delta": 3.212819}}
{"target": 0.8049465710838236, "params": {"a": 4.986923856216034, "dB": 14.190076505969156, "s": 0.29295594255678575}, "datetime": {"datetime": "2022-03-25 12:36:56", "elapsed": 1403.483177, "delta": 1.396961}}
{"target": 0.6319411826410738, "params": {"a": 4.779004477466389, "dB": 14.464115553649785, "s": 0.4050520775612894}, "datetime": {"datetime": "2022-03-25 12:36:57", "elapsed": 1404.854781, "delta": 1.371604}}
{"target": 0.38988020181380345, "params": {"a": 6.67941704190525, "dB": 14.468636721422637, "s": 0.11304850708091614}, "datetime": {"datetime": "2022-03-25 12:36:59", "elapsed": 1406.315621, "delta": 1.46084}}
{"target": 0.8620422965746469, "params": {"a": 5.977328979986791, "dB": 14.54512878135934, "s": 0.2138287683371901}, "datetime": {"datetime": "2022-03-25 12:37:00", "elapsed": 1407.747159, "delta": 1.431538}}
{"target": 0.43381471059838955, "params": {"a": 5.076831669039005, "dB": 13.589964733931255, "s": 0.6303094251582315}, "datetime": {"datetime": "2022-03-25 12:37:01", "elapsed": 1409.074023, "delta": 1.326864}}
{"target": 0.8265361315637297, "params": {"a": 5.7010317987568335, "dB": 14.568765698566597, "s": 0.40810469500891544}, "datetime": {"datetime": "2022-03-25 12:37:03", "elapsed": 1410.533381, "delta": 1.459358}}
{"target": 0.9525002168382806, "params": {"a": 6.463092562618083, "dB": 14.39524530728973, "s": 0.39082119201256715}, "datetime": {"datetime": "2022-03-25 12:37:05", "elapsed": 1412.120442, "delta": 1.587061}}
{"target": 0.4092655436248647, "params": {"a": 8.963574959839216, "dB": 13.51328835221766, "s": 1.0513962637979208}, "datetime": {"datetime": "2022-03-25 12:37:24", "elapsed": 1431.495118, "delta": 19.374676}}
{"target": 0.9276582705966474, "params": {"a": 5.750651675080856, "dB": 13.713425084711977, "s": 0.34315504301790567}, "datetime": {"datetime": "2022-03-25 12:37:25", "elapsed": 1432.82565, "delta": 1.330532}}
{"target": 0.36607901154565275, "params": {"a": 4.5002889174658565, "dB": 15.563515354420232, "s": 0.6740002346799281}, "datetime": {"datetime": "2022-03-25 12:37:33", "elapsed": 1440.680661, "delta": 7.855011}}
{"target": 0.43956618372365447, "params": {"a": 8.996282483674591, "dB": 14.867036426151495, "s": 0.46677578083984816}, "datetime": {"datetime": "2022-03-25 12:37:52", "elapsed": 1459.952728, "delta": 19.272067}}
{"target": 0.9682995684762129, "params": {"a": 6.456331069840383, "dB": 14.566560312075815, "s": 0.2833782630843915}, "datetime": {"datetime": "2022-03-25 12:37:54", "elapsed": 1461.449819, "delta": 1.497091}}
{"target": 0.9316856241529101, "params": {"a": 5.9788704816850196, "dB": 14.319328654876294, "s": 0.3664307012240429}, "datetime": {"datetime": "2022-03-25 12:37:55", "elapsed": 1462.968089, "delta": 1.51827}}
{"target": 0.9798929983955746, "params": {"a": 6.485266616918178, "dB": 14.182797542623165, "s": 0.30688821615607365}, "datetime": {"datetime": "2022-03-25 12:37:57", "elapsed": 1464.465807, "delta": 1.497718}}
{"target": 0.4145937727618151, "params": {"a": 5.831272484464356, "dB": 16.0, "s": 0.1}, "datetime": {"datetime": "2022-03-25 12:38:07", "elapsed": 1474.607197, "delta": 10.14139}}
{"target": 0.953707475969944, "params": {"a": 6.003564405350934, "dB": 13.662450797264587, "s": 0.3517836359940959}, "datetime": {"datetime": "2022-03-25 12:38:08", "elapsed": 1475.943256, "delta": 1.336059}}
{"target": 0.714129284858944, "params": {"a": 7.757943456199888, "dB": 14.589428891779194, "s": 0.44187453023771767}, "datetime": {"datetime": "2022-03-25 12:38:14", "elapsed": 1481.197644, "delta": 5.254388}}
{"target": 0.7284316197700272, "params": {"a": 4.803108324139042, "dB": 13.931456567340929, "s": 0.1}, "datetime": {"datetime": "2022-03-25 12:38:15", "elapsed": 1482.637623, "delta": 1.439979}}
{"target": 0.18412836406656047, "params": {"a": 6.535268277467198, "dB": 14.944674616301642, "s": 1.7}, "datetime": {"datetime": "2022-03-25 12:38:18", "elapsed": 1486.000947, "delta": 3.363324}}
{"target": 0.2792597492044899, "params": {"a": 5.413959476938785, "dB": 16.0, "s": 1.7}, "datetime": {"datetime": "2022-03-25 12:38:28", "elapsed": 1496.04769, "delta": 10.046743}}
{"target": 0.4640780454602739, "params": {"a": 7.033862654473936, "dB": 15.172589163663089, "s": 0.34765606091673124}, "datetime": {"datetime": "2022-03-25 12:38:36", "elapsed": 1503.627752, "delta": 7.580062}}
{"target": 0.4494153648491435, "params": {"a": 6.688934378338617, "dB": 16.0, "s": 0.3654761507733183}, "datetime": {"datetime": "2022-03-25 12:38:46", "elapsed": 1513.786483, "delta": 10.158731}}
{"target": 0.9871286979709833, "params": {"a": 7.641501152656975, "dB": 14.433076964614333, "s": 0.48817199680762047}, "datetime": {"datetime": "2022-03-25 12:38:51", "elapsed": 1518.216457, "delta": 4.429974}}
{"target": 0.5749798191861325, "params": {"a": 7.4817164890463435, "dB": 13.5, "s": 0.29841985151342}, "datetime": {"datetime": "2022-03-25 12:38:54", "elapsed": 1521.647443, "delta": 3.430986}}
{"target": 0.20664046329139166, "params": {"a": 6.500945906038979, "dB": 13.983372469333016, "s": 1.2817040274878961}, "datetime": {"datetime": "2022-03-25 12:38:55", "elapsed": 1523.107174, "delta": 1.459731}}
{"target": 0.45588804453142795, "params": {"a": 8.95683343598147, "dB": 15.45674307664347, "s": 1.6861729215336263}, "datetime": {"datetime": "2022-03-25 12:39:15", "elapsed": 1542.518902, "delta": 19.411728}}
{"target": 0.4572498011369232, "params": {"a": 4.5, "dB": 13.5, "s": 1.7}, "datetime": {"datetime": "2022-03-25 12:39:16", "elapsed": 1544.022344, "delta": 1.503442}}
{"target": 0.8276866754636537, "params": {"a": 5.168823086729834, "dB": 14.479878460755357, "s": 0.3058991065361566}, "datetime": {"datetime": "2022-03-25 12:39:18", "elapsed": 1545.460615, "delta": 1.438271}}
{"target": 0.846095858340431, "params": {"a": 5.406819548545629, "dB": 14.579855264386122, "s": 0.2646087606907452}, "datetime": {"datetime": "2022-03-25 12:39:19", "elapsed": 1547.031303, "delta": 1.570688}}
