{"target": 0.868747445224895, "params": {"a": 5.469390442298099, "dB": 11.805282746504755, "s": 0.8505470593664429}, "datetime": {"datetime": "2022-03-28 22:05:36", "elapsed": 1616.600049, "delta": 5.257769}}
{"target": 0.5473855974206693, "params": {"a": 6.6112848206710755, "dB": 11.36863303863018, "s": 1.1133505025155204}, "datetime": {"datetime": "2022-03-28 22:05:41", "elapsed": 1622.060156, "delta": 5.460107}}
{"target": 0.9881361840222133, "params": {"a": 5.933676803256701, "dB": 11.510697987017416, "s": 0.827625989778341}, "datetime": {"datetime": "2022-03-28 22:05:47", "elapsed": 1627.611692, "delta": 5.551536}}
{"target": 0.899744245382995, "params": {"a": 6.093478195796177, "dB": 11.411446662290732, "s": 0.764720129180487}, "datetime": {"datetime": "2022-03-28 22:05:52", "elapsed": 1633.002266, "delta": 5.390574}}
{"target": 0.9890359081016779, "params": {"a": 5.924110351741859, "dB": 11.322939001105427, "s": 0.8139703537890551}, "datetime": {"datetime": "2022-03-28 22:05:57", "elapsed": 1638.442082, "delta": 5.439816}}
{"target": 0.7146464700751075, "params": {"a": 5.911776100040248, "dB": 11.373866853821315, "s": 0.6640376483212547}, "datetime": {"datetime": "2022-03-28 22:06:03", "elapsed": 1644.011088, "delta": 5.569006}}
{"target": 0.7061790450763957, "params": {"a": 5.969813368340286, "dB": 11.344702573885215, "s": 0.9875362737118571}, "datetime": {"datetime": "2022-03-28 22:06:08", "elapsed": 1649.454554, "delta": 5.443466}}
{"target": 0.49803509255122996, "params": {"a": 3.711019580597745, "dB": 12.472921288732822, "s": 1.489404053588591}, "datetime": {"datetime": "2022-03-28 22:06:37", "elapsed": 1677.982564, "delta": 28.52801}}
{"target": 0.8252645837027481, "params": {"a": 3.747531638601018, "dB": 10.5, "s": 0.5266557518519777}, "datetime": {"datetime": "2022-03-28 22:06:38", "elapsed": 1678.938812, "delta": 0.956248}}
{"target": 0.4843574788077091, "params": {"a": 4.043197701071655, "dB": 12.946237959051361, "s": 1.4695555124145148}, "datetime": {"datetime": "2022-03-28 22:07:06", "elapsed": 1707.353391, "delta": 28.414579}}
{"target": 0.5714837730019707, "params": {"a": 7.858735009139845, "dB": 11.035785515858972, "s": 0.8025434422743274}, "datetime": {"datetime": "2022-03-28 22:07:20", "elapsed": 1720.670726, "delta": 13.317335}}
{"target": 0.6425045112128792, "params": {"a": 3.859560772470301, "dB": 10.968321732354518, "s": 1.1129793862781292}, "datetime": {"datetime": "2022-03-28 22:07:23", "elapsed": 1723.648229, "delta": 2.977503}}
{"target": 0.9663619410833171, "params": {"a": 6.043578489375016, "dB": 11.179509909346597, "s": 0.7935937533859984}, "datetime": {"datetime": "2022-03-28 22:07:28", "elapsed": 1728.938538, "delta": 5.290309}}
{"target": 0.9620998003126486, "params": {"a": 6.259570478044567, "dB": 11.231288780959185, "s": 0.805633248414705}, "datetime": {"datetime": "2022-03-28 22:07:33", "elapsed": 1734.22712, "delta": 5.288582}}
{"target": 0.8867028935352632, "params": {"a": 6.471405715546866, "dB": 11.281494799327156, "s": 0.7872881365207431}, "datetime": {"datetime": "2022-03-28 22:07:39", "elapsed": 1739.772072, "delta": 5.544952}}
{"target": 0.9978025009116674, "params": {"a": 6.365468917869899, "dB": 11.430964826931291, "s": 0.8506821934255078}, "datetime": {"datetime": "2022-03-28 22:07:44", "elapsed": 1745.139764, "delta": 5.367692}}
{"target": 0.9636605700733154, "params": {"a": 5.772520108710065, "dB": 11.954087699836686, "s": 0.8164777731201212}, "datetime": {"datetime": "2022-03-28 22:07:51", "elapsed": 1752.173744, "delta": 7.03398}}
{"target": 0.8243449449478601, "params": {"a": 3.9312407002731162, "dB": 12.141617651953176, "s": 0.47403779983829664}, "datetime": {"datetime": "2022-03-28 22:07:58", "elapsed": 1759.118491, "delta": 6.944747}}
{"target": 0.6928980985008785, "params": {"a": 6.323309825591202, "dB": 11.360709393402788, "s": 0.6948872609051941}, "datetime": {"datetime": "2022-03-28 22:08:04", "elapsed": 1764.563785, "delta": 5.445294}}
{"target": 0.8151237019373615, "params": {"a": 6.315543485458381, "dB": 11.308040375568272, "s": 0.9570597937546331}, "datetime": {"datetime": "2022-03-28 22:08:09", "elapsed": 1769.935353, "delta": 5.371568}}
{"target": 0.9477602876435383, "params": {"a": 6.427288744825161, "dB": 11.574208627582346, "s": 0.9030919348482288}, "datetime": {"datetime": "2022-03-28 22:08:14", "elapsed": 1775.417712, "delta": 5.482359}}
{"target": 0.8931447821169044, "params": {"a": 6.24495462760694, "dB": 11.041590714515127, "s": 0.8842009897004766}, "datetime": {"datetime": "2022-03-28 22:08:18", "elapsed": 1778.561621, "delta": 3.143909}}
{"target": 0.934384996570757, "params": {"a": 4.451748180282299, "dB": 10.5, "s": 0.5673185607320892}, "datetime": {"datetime": "2022-03-28 22:08:19", "elapsed": 1779.596576, "delta": 1.034955}}
{"target": 0.9379492756228978, "params": {"a": 4.51695665201086, "dB": 10.695345539444837, "s": 0.5896126268297028}, "datetime": {"datetime": "2022-03-28 22:08:20", "elapsed": 1780.592897, "delta": 0.996321}}
{"target": 0.8170798368083498, "params": {"a": 4.563044896766997, "dB": 10.527163790689636, "s": 0.717108576009498}, "datetime": {"datetime": "2022-03-28 22:08:21", "elapsed": 1781.59922, "delta": 1.006323}}
{"target": 0.5630760693152642, "params": {"a": 4.51269907860741, "dB": 10.599363697668599, "s": 0.32483331420620054}, "datetime": {"datetime": "2022-03-28 22:08:22", "elapsed": 1782.683894, "delta": 1.084674}}
{"target": 0.6780579722169494, "params": {"a": 5.791689248100718, "dB": 13.407844764926757, "s": 0.9828528787795192}, "datetime": {"datetime": "2022-03-28 22:09:17", "elapsed": 1837.880957, "delta": 55.197063}}
{"target": 0.8171060958255875, "params": {"a": 4.560635772560056, "dB": 10.924444310838085, "s": 0.7293965668635571}, "datetime": {"datetime": "2022-03-28 22:09:19", "elapsed": 1840.340532, "delta": 2.459575}}
{"target": 0.5558497947809096, "params": {"a": 4.17233807651581, "dB": 13.315912777709094, "s": 0.3113654786322114}, "datetime": {"datetime": "2022-03-28 22:09:59", "elapsed": 1880.350195, "delta": 40.009663}}
{"target": 0.8001640621448604, "params": {"a": 4.372630232902231, "dB": 10.717191217705656, "s": 0.691771280560489}, "datetime": {"datetime": "2022-03-28 22:10:00", "elapsed": 1881.352722, "delta": 1.002527}}
{"target": 0.5516804202162626, "params": {"a": 4.383868762891128, "dB": 11.127640098694853, "s": 0.9367205132928949}, "datetime": {"datetime": "2022-03-28 22:10:06", "elapsed": 1886.570687, "delta": 5.217965}}
{"target": 0.9189150101508381, "params": {"a": 7.627064825158891, "dB": 10.859675657993288, "s": 0.969970627604475}, "datetime": {"datetime": "2022-03-28 22:10:14", "elapsed": 1895.42992, "delta": 8.859233}}
{"target": 0.7201294365425476, "params": {"a": 7.520452617116386, "dB": 10.65950261697389, "s": 1.0563438703143493}, "datetime": {"datetime": "2022-03-28 22:10:24", "elapsed": 1904.548201, "delta": 9.118281}}
{"target": 0.95394688387921, "params": {"a": 7.493592723151835, "dB": 11.048493976384872, "s": 0.9278996675020562}, "datetime": {"datetime": "2022-03-28 22:10:33", "elapsed": 1913.658205, "delta": 9.110004}}
{"target": 0.5558584092737128, "params": {"a": 7.632166620109382, "dB": 11.026686479162992, "s": 1.154971099416519}, "datetime": {"datetime": "2022-03-28 22:10:42", "elapsed": 1922.73918, "delta": 9.080975}}
{"target": 0.7319921915848304, "params": {"a": 7.6554770161857455, "dB": 13.02099017801882, "s": 0.9449867610723757}, "datetime": {"datetime": "2022-03-28 22:11:11", "elapsed": 1951.772479, "delta": 29.033299}}
{"target": 0.5428894252973706, "params": {"a": 7.491708621815585, "dB": 10.932016395925723, "s": 0.6819161936626748}, "datetime": {"datetime": "2022-03-28 22:11:20", "elapsed": 1960.947252, "delta": 9.174773}}
{"target": 0.5298823352136725, "params": {"a": 7.46311024375014, "dB": 10.922709381039393, "s": 1.2507139208872686}, "datetime": {"datetime": "2022-03-28 22:11:29", "elapsed": 1970.105705, "delta": 9.158453}}
{"target": 0.9594543889280679, "params": {"a": 7.499162690281681, "dB": 11.252091052024094, "s": 0.9292505716441335}, "datetime": {"datetime": "2022-03-28 22:11:39", "elapsed": 1979.737584, "delta": 9.631879}}
{"target": 0.5942668514221301, "params": {"a": 5.450053661171063, "dB": 10.605870997409426, "s": 0.48582039161754575}, "datetime": {"datetime": "2022-03-28 22:11:40", "elapsed": 1980.689574, "delta": 0.95199}}
{"target": 0.8300803509093571, "params": {"a": 3.6270957762490816, "dB": 10.60833918564687, "s": 0.3357899182509699}, "datetime": {"datetime": "2022-03-28 22:11:41", "elapsed": 1981.559388, "delta": 0.869814}}
{"target": 0.9450720774727399, "params": {"a": 7.316872528804435, "dB": 11.20069588237302, "s": 0.89234212616051}, "datetime": {"datetime": "2022-03-28 22:11:48", "elapsed": 1988.930466, "delta": 7.371078}}
{"target": 0.9545286583683229, "params": {"a": 7.2954347199232865, "dB": 11.460309577097117, "s": 0.8980437596520925}, "datetime": {"datetime": "2022-03-28 22:11:55", "elapsed": 1996.257735, "delta": 7.327269}}
{"target": 0.6438400957460589, "params": {"a": 7.483192939075205, "dB": 11.365423452738582, "s": 0.7949935577912222}, "datetime": {"datetime": "2022-03-28 22:12:04", "elapsed": 2005.484183, "delta": 9.226448}}
{"target": 0.5886062162296022, "params": {"a": 7.209348831133072, "dB": 11.486206270118185, "s": 1.0599711905189355}, "datetime": {"datetime": "2022-03-28 22:12:10", "elapsed": 2010.926603, "delta": 5.44242}}
{"target": 0.6333157718157594, "params": {"a": 7.124403784307585, "dB": 11.50892785128556, "s": 0.7288648364442456}, "datetime": {"datetime": "2022-03-28 22:12:16", "elapsed": 2016.557903, "delta": 5.6313}}
{"target": 0.8259259248828752, "params": {"a": 6.174990132419116, "dB": 11.06234051494598, "s": 0.701597023084303}, "datetime": {"datetime": "2022-03-28 22:12:19", "elapsed": 2019.780425, "delta": 3.222522}}
{"target": 0.9039773335851251, "params": {"a": 6.519447684645974, "dB": 11.492023859645814, "s": 0.7977082291769532}, "datetime": {"datetime": "2022-03-28 22:12:24", "elapsed": 2025.282498, "delta": 5.502073}}
{"target": 0.4170274916123735, "params": {"a": 6.695525308265799, "dB": 10.797420115934825, "s": 0.47219958390820815}, "datetime": {"datetime": "2022-03-28 22:12:27", "elapsed": 2028.398549, "delta": 3.116051}}
{"target": 0.9899438053932291, "params": {"a": 5.871592605707733, "dB": 11.083522713632629, "s": 0.8175473147213155}, "datetime": {"datetime": "2022-03-28 22:12:33", "elapsed": 2033.819048, "delta": 5.420499}}
{"target": 0.8877708863974197, "params": {"a": 5.728634248164424, "dB": 11.000988103707297, "s": 0.6912320660997777}, "datetime": {"datetime": "2022-03-28 22:12:36", "elapsed": 2036.931854, "delta": 3.112806}}
{"target": 0.8739843071368287, "params": {"a": 5.691622956971856, "dB": 11.066505314540157, "s": 0.8890928294605442}, "datetime": {"datetime": "2022-03-28 22:12:41", "elapsed": 2042.38798, "delta": 5.456126}}
{"target": 0.7389413391945145, "params": {"a": 3.659732424004702, "dB": 12.179391641987236, "s": 0.3}, "datetime": {"datetime": "2022-03-28 22:12:48", "elapsed": 2049.451854, "delta": 7.063874}}
{"target": 0.6636969963151662, "params": {"a": 4.163756325120932, "dB": 11.935545248559064, "s": 0.34522000878652054}, "datetime": {"datetime": "2022-03-28 22:12:56", "elapsed": 2056.53323, "delta": 7.081376}}
{"target": 0.7726351296891679, "params": {"a": 7.379614317548587, "dB": 11.294752172800678, "s": 1.004030943999325}, "datetime": {"datetime": "2022-03-28 22:13:03", "elapsed": 2063.879755, "delta": 7.346525}}
{"target": 0.7308506945997403, "params": {"a": 4.974766415262181, "dB": 10.525516999464129, "s": 0.48690617320596674}, "datetime": {"datetime": "2022-03-28 22:13:04", "elapsed": 2064.777407, "delta": 0.897652}}
{"target": 0.9821670565410725, "params": {"a": 5.797833452817136, "dB": 11.178440404693252, "s": 0.7968377158131812}, "datetime": {"datetime": "2022-03-28 22:13:09", "elapsed": 2070.326476, "delta": 5.549069}}
{"target": 0.9623526025086004, "params": {"a": 5.756277176077237, "dB": 11.948991073186056, "s": 0.812879642874305}, "datetime": {"datetime": "2022-03-28 22:13:16", "elapsed": 2077.425579, "delta": 7.099103}}
{"target": 0.5694190376006487, "params": {"a": 3.7710676088926904, "dB": 12.015346654399226, "s": 0.7029405131213277}, "datetime": {"datetime": "2022-03-28 22:13:23", "elapsed": 2084.51978, "delta": 7.094201}}
{"target": 0.7127662320921538, "params": {"a": 3.9609668746322084, "dB": 12.368589703764496, "s": 0.34853999709066974}, "datetime": {"datetime": "2022-03-28 22:13:44", "elapsed": 2104.992001, "delta": 20.472221}}
{"target": 0.8909545199883764, "params": {"a": 8.088033458297323, "dB": 12.967025979886431, "s": 1.096066815900106}, "datetime": {"datetime": "2022-03-28 22:14:13", "elapsed": 2134.116866, "delta": 29.124865}}
{"target": 0.9865603439201198, "params": {"a": 8.052687782295319, "dB": 13.251898668535427, "s": 1.075072934789222}, "datetime": {"datetime": "2022-03-28 22:14:54", "elapsed": 2175.399416, "delta": 41.28255}}
{"target": 0.4990949905405641, "params": {"a": 8.066911565583483, "dB": 13.213195287345037, "s": 1.2758853006818507}, "datetime": {"datetime": "2022-03-28 22:15:35", "elapsed": 2216.020002, "delta": 40.620586}}
{"target": 0.5188431706571506, "params": {"a": 8.073270395392992, "dB": 13.183450458087842, "s": 0.9044075390595021}, "datetime": {"datetime": "2022-03-28 22:16:09", "elapsed": 2249.97011, "delta": 33.950108}}
{"target": 0.9463084353971049, "params": {"a": 7.982603064390372, "dB": 13.417718887726195, "s": 1.0649319215343043}, "datetime": {"datetime": "2022-03-28 22:17:02", "elapsed": 2303.240297, "delta": 53.270187}}
{"target": 0.988838662194019, "params": {"a": 7.845108008347412, "dB": 13.216030996659107, "s": 1.081164234950793}, "datetime": {"datetime": "2022-03-28 22:17:43", "elapsed": 2343.84319, "delta": 40.602893}}
{"target": 0.8020493109487956, "params": {"a": 4.380658384177161, "dB": 11.08695813880248, "s": 0.4659664869334361}, "datetime": {"datetime": "2022-03-28 22:17:48", "elapsed": 2349.197326, "delta": 5.354136}}
{"target": 0.40167939248821166, "params": {"a": 8.021020833040605, "dB": 10.661114379654032, "s": 0.46065676759732116}, "datetime": {"datetime": "2022-03-28 22:18:02", "elapsed": 2362.91507, "delta": 13.717744}}
{"target": 0.9734552313073513, "params": {"a": 7.754934951557668, "dB": 13.408892350107974, "s": 1.0991419561425135}, "datetime": {"datetime": "2022-03-28 22:18:58", "elapsed": 2418.860658, "delta": 55.945588}}
{"target": 0.6306279222412554, "params": {"a": 7.668031222742127, "dB": 13.395803315122695, "s": 0.9365822190644055}, "datetime": {"datetime": "2022-03-28 22:19:45", "elapsed": 2466.292817, "delta": 47.432159}}
{"target": 0.5608131536368478, "params": {"a": 7.830933774748656, "dB": 13.333391841349771, "s": 1.2111624481076821}, "datetime": {"datetime": "2022-03-28 22:20:26", "elapsed": 2507.149781, "delta": 40.856964}}
{"target": 0.8627236740638603, "params": {"a": 7.882124552471389, "dB": 13.369540802530132, "s": 1.0241296551777606}, "datetime": {"datetime": "2022-03-28 22:21:14", "elapsed": 2554.705503, "delta": 47.555722}}
{"target": 0.9886954466705165, "params": {"a": 6.334901832009917, "dB": 11.402202132456255, "s": 0.830270212015676}, "datetime": {"datetime": "2022-03-28 22:21:19", "elapsed": 2560.144455, "delta": 5.438952}}
{"target": 0.8589556240707226, "params": {"a": 8.142077686705774, "dB": 13.405993967824179, "s": 1.0386570760954765}, "datetime": {"datetime": "2022-03-28 22:22:07", "elapsed": 2607.845403, "delta": 47.700948}}
{"target": 0.7325715143957223, "params": {"a": 7.809653647216557, "dB": 13.021581796686776, "s": 1.1212824346422836}, "datetime": {"datetime": "2022-03-28 22:22:36", "elapsed": 2637.111058, "delta": 29.265655}}
{"target": 0.98993091153281, "params": {"a": 6.051887820104999, "dB": 11.628750799076446, "s": 0.8206947757514715}, "datetime": {"datetime": "2022-03-28 22:22:42", "elapsed": 2642.637787, "delta": 5.526729}}
{"target": 0.915851793719202, "params": {"a": 6.223496714606625, "dB": 11.589195348200773, "s": 0.9072380770440065}, "datetime": {"datetime": "2022-03-28 22:22:47", "elapsed": 2648.221839, "delta": 5.584052}}
{"target": 0.7189320540506132, "params": {"a": 5.9122356328463255, "dB": 11.08105387115322, "s": 0.6606800391343856}, "datetime": {"datetime": "2022-03-28 22:22:53", "elapsed": 2653.757051, "delta": 5.535212}}
{"target": 0.7635029378560209, "params": {"a": 6.0041864377000715, "dB": 11.0653806714698, "s": 0.9422026066762917}, "datetime": {"datetime": "2022-03-28 22:22:57", "elapsed": 2657.965857, "delta": 4.208806}}
{"target": 0.500153114226225, "params": {"a": 3.7023830606162846, "dB": 12.09822632532165, "s": 0.8268202721337399}, "datetime": {"datetime": "2022-03-28 22:23:04", "elapsed": 2665.215914, "delta": 7.250057}}
{"target": 0.8706536342159071, "params": {"a": 5.991122378020016, "dB": 12.06452360164519, "s": 0.7632984604368249}, "datetime": {"datetime": "2022-03-28 22:23:11", "elapsed": 2672.279643, "delta": 7.063729}}
{"target": 0.9284565155217015, "params": {"a": 7.3111774224948425, "dB": 11.026766095512118, "s": 0.9246734136421455}, "datetime": {"datetime": "2022-03-28 22:23:19", "elapsed": 2679.764629, "delta": 7.484986}}
{"target": 0.9613609230446515, "params": {"a": 6.044869099202883, "dB": 11.836924009725092, "s": 0.7949306523340055}, "datetime": {"datetime": "2022-03-28 22:23:24", "elapsed": 2685.292567, "delta": 5.527938}}
{"target": 0.8460283538494601, "params": {"a": 8.232516280941702, "dB": 12.840792657082657, "s": 1.1063162003877265}, "datetime": {"datetime": "2022-03-28 22:23:54", "elapsed": 2714.895521, "delta": 29.602954}}
{"target": 0.7693328234000688, "params": {"a": 7.699740333614917, "dB": 13.495969745762885, "s": 1.1709434080673158}, "datetime": {"datetime": "2022-03-28 22:24:50", "elapsed": 2771.178712, "delta": 56.283191}}
{"target": 0.8079147028217059, "params": {"a": 5.134747343004536, "dB": 11.756426379528465, "s": 0.8314643523981572}, "datetime": {"datetime": "2022-03-28 22:24:56", "elapsed": 2776.624506, "delta": 5.445794}}
{"target": 0.4080968695802404, "params": {"a": 5.5341507783663, "dB": 12.702244137821438, "s": 0.4253565383632873}, "datetime": {"datetime": "2022-03-28 22:25:25", "elapsed": 2805.641015, "delta": 29.016509}}
{"target": 0.7803408095719734, "params": {"a": 5.32457781049967, "dB": 12.060172022671397, "s": 0.8747432574780808}, "datetime": {"datetime": "2022-03-28 22:25:32", "elapsed": 2812.871832, "delta": 7.230817}}
{"target": 0.8300785955739508, "params": {"a": 5.175557036055326, "dB": 11.527457219440073, "s": 0.6307987563367082}, "datetime": {"datetime": "2022-03-28 22:25:37", "elapsed": 2818.485817, "delta": 5.613985}}
{"target": 0.6392513758393992, "params": {"a": 5.053066541723074, "dB": 11.79503083429449, "s": 0.5105654885177414}, "datetime": {"datetime": "2022-03-28 22:25:43", "elapsed": 2823.985368, "delta": 5.499551}}
{"target": 0.6962050095714225, "params": {"a": 5.54745982689112, "dB": 13.04226485385809, "s": 0.9411814609554934}, "datetime": {"datetime": "2022-03-28 22:26:12", "elapsed": 2852.70865, "delta": 28.723282}}
{"target": 0.7004657142831954, "params": {"a": 5.036011615035747, "dB": 11.467630475676781, "s": 0.8834267410378022}, "datetime": {"datetime": "2022-03-28 22:26:17", "elapsed": 2858.206769, "delta": 5.498119}}
{"target": 0.9693308879462185, "params": {"a": 5.730405433910871, "dB": 11.764506291200584, "s": 0.8177061313006435}, "datetime": {"datetime": "2022-03-28 22:26:23", "elapsed": 2863.588497, "delta": 5.381728}}
{"target": 0.8634572955711479, "params": {"a": 4.002706711412586, "dB": 11.132083564566148, "s": 0.50821005309577}, "datetime": {"datetime": "2022-03-28 22:26:28", "elapsed": 2869.112048, "delta": 5.523551}}
{"target": 0.8065457697899501, "params": {"a": 4.376677546198595, "dB": 10.732463202072388, "s": 0.688027007680845}, "datetime": {"datetime": "2022-03-28 22:26:29", "elapsed": 2870.060733, "delta": 0.948685}}
{"target": 0.8432453392931122, "params": {"a": 3.783844132938392, "dB": 11.286560759676204, "s": 0.4438949289466384}, "datetime": {"datetime": "2022-03-28 22:26:35", "elapsed": 2875.568775, "delta": 5.508042}}
{"target": 0.6856712845178718, "params": {"a": 4.1222336125598025, "dB": 11.283782427264876, "s": 0.3331284057416079}, "datetime": {"datetime": "2022-03-28 22:26:40", "elapsed": 2881.357056, "delta": 5.788281}}
{"target": 0.6181882736613646, "params": {"a": 3.7687961157652508, "dB": 11.141743428590049, "s": 0.6974194959798274}, "datetime": {"datetime": "2022-03-28 22:26:46", "elapsed": 2886.792049, "delta": 5.434993}}
{"target": 0.7641097804114892, "params": {"a": 3.726559568470852, "dB": 11.074571017784542, "s": 0.3}, "datetime": {"datetime": "2022-03-28 22:26:51", "elapsed": 2892.388302, "delta": 5.596253}}
{"target": 0.7880810193192276, "params": {"a": 3.5377981476522646, "dB": 11.40096857920099, "s": 0.3}, "datetime": {"datetime": "2022-03-28 22:26:57", "elapsed": 2897.858386, "delta": 5.470084}}
{"target": 0.8263105564580708, "params": {"a": 5.52370934137891, "dB": 11.117388574185064, "s": 0.6676827812471933}, "datetime": {"datetime": "2022-03-28 22:27:02", "elapsed": 2903.343285, "delta": 5.484899}}
{"target": 0.5230027840005937, "params": {"a": 5.2643612369806165, "dB": 11.81358418306884, "s": 1.1032203466014157}, "datetime": {"datetime": "2022-03-28 22:27:08", "elapsed": 2908.878713, "delta": 5.535428}}
{"target": 0.4005960850345074, "params": {"a": 8.195904226812319, "dB": 11.029652932644995, "s": 0.5848362415360393}, "datetime": {"datetime": "2022-03-28 22:27:25", "elapsed": 2925.875578, "delta": 16.996865}}
{"target": 0.597557153190612, "params": {"a": 5.791670037756811, "dB": 12.963099296142989, "s": 0.658459639240538}, "datetime": {"datetime": "2022-03-28 22:27:54", "elapsed": 2955.237578, "delta": 29.362}}
