{"target": 0.4647990916735791, "params": {"a": 6.376599021161583, "dB": 15.300811233605396, "s": 0.10018299970775182}, "datetime": {"datetime": "2022-03-25 12:13:32", "elapsed": 0.0, "delta": 0.0}}
{"target": 0.9006601067757164, "params": {"a": 5.860496576843278, "dB": 13.866889727042782, "s": 0.24774175163007647}, "datetime": {"datetime": "2022-03-25 12:13:33", "elapsed": 1.032435, "delta": 1.032435}}
{"target": 0.41426270459164166, "params": {"a": 5.338170951199519, "dB": 14.36390181760762, "s": 0.7348279587690718}, "datetime": {"datetime": "2022-03-25 12:13:35", "elapsed": 2.235013, "delta": 1.202578}}
{"target": 0.31560126914860454, "params": {"a": 6.924675303015106, "dB": 14.547986286008237, "s": 1.1963512006348151}, "datetime": {"datetime": "2022-03-25 12:13:36", "elapsed": 3.631307, "delta": 1.396294}}
{"target": 0.49100886365820906, "params": {"a": 5.420035123791829, "dB": 15.695293590977364, "s": 0.14382014911668187}, "datetime": {"datetime": "2022-03-25 12:13:43", "elapsed": 10.761843, "delta": 7.130536}}
{"target": 0.3364443569720277, "params": {"a": 7.51710379580281, "dB": 14.543262005917818, "s": 0.9939037255132026}, "datetime": {"datetime": "2022-03-25 12:13:47", "elapsed": 14.869208, "delta": 4.107365}}
{"target": 0.531902024296663, "params": {"a": 5.131741223678552, "dB": 13.995253722712198, "s": 1.3811913098808586}, "datetime": {"datetime": "2022-03-25 12:13:48", "elapsed": 16.093258, "delta": 1.22405}}
{"target": 0.3404435752512763, "params": {"a": 8.857177090737288, "dB": 14.283560445398107, "s": 1.2077161850709026}, "datetime": {"datetime": "2022-03-25 12:14:07", "elapsed": 34.776159, "delta": 18.682901}}
{"target": 0.42048663785377943, "params": {"a": 8.443751185332172, "dB": 15.73651665875962, "s": 0.23607073819164465}, "datetime": {"datetime": "2022-03-25 12:14:20", "elapsed": 47.131693, "delta": 12.355534}}
{"target": 0.4050027372146265, "params": {"a": 4.675746524547971, "dB": 13.924576048911423, "s": 1.505028005487061}, "datetime": {"datetime": "2022-03-25 12:14:20", "elapsed": 48.107124, "delta": 0.975431}}
{"target": 0.3938213017533624, "params": {"a": 4.942560752248726, "dB": 14.552769062512631, "s": 1.632623248240803}, "datetime": {"datetime": "2022-03-25 12:14:22", "elapsed": 49.133749, "delta": 1.026625}}
{"target": 0.7494508406787471, "params": {"a": 6.899243782378576, "dB": 15.229692784876184, "s": 0.6048250096097006}, "datetime": {"datetime": "2022-03-25 12:14:29", "elapsed": 56.406126, "delta": 7.272377}}
{"target": 0.3048682024019023, "params": {"a": 7.5892541745671265, "dB": 15.586564179743432, "s": 0.12926124375070688}, "datetime": {"datetime": "2022-03-25 12:14:36", "elapsed": 63.588349, "delta": 7.182223}}
{"target": 0.4678714212682205, "params": {"a": 7.875649417252354, "dB": 15.972152722266237, "s": 1.297065047007743}, "datetime": {"datetime": "2022-03-25 12:14:46", "elapsed": 73.309048, "delta": 9.720699}}
{"target": 0.5193766108126403, "params": {"a": 5.761997964289823, "dB": 15.473198321128722, "s": 0.26516161052422726}, "datetime": {"datetime": "2022-03-25 12:14:53", "elapsed": 80.418671, "delta": 7.109623}}
{"target": 0.7879491488251329, "params": {"a": 6.515520867791573, "dB": 15.771488757732739, "s": 0.5697826373978871}, "datetime": {"datetime": "2022-03-25 12:15:00", "elapsed": 87.618735, "delta": 7.200064}}
{"target": 0.7759957100736307, "params": {"a": 5.7949890236385695, "dB": 13.825071430295694, "s": 0.13098713259247532}, "datetime": {"datetime": "2022-03-25 12:15:01", "elapsed": 88.671195, "delta": 1.05246}}
{"target": 0.9593113845150295, "params": {"a": 7.554759898229509, "dB": 14.029070290000147, "s": 0.524874654995562}, "datetime": {"datetime": "2022-03-25 12:15:05", "elapsed": 92.485935, "delta": 3.81474}}
{"target": 0.6641076090774928, "params": {"a": 6.712079216761522, "dB": 13.633406362792702, "s": 1.018588168787221}, "datetime": {"datetime": "2022-03-25 12:15:06", "elapsed": 93.507761, "delta": 1.021826}}
{"target": 0.3784441049117215, "params": {"a": 5.160278587076146, "dB": 14.973263842258211, "s": 1.21961337603349}, "datetime": {"datetime": "2022-03-25 12:15:09", "elapsed": 96.315739, "delta": 2.807978}}
{"target": 0.3110744047757345, "params": {"a": 4.960504929725216, "dB": 14.53513996954892, "s": 1.2110402523643922}, "datetime": {"datetime": "2022-03-25 12:15:10", "elapsed": 97.304441, "delta": 0.988702}}
{"target": 0.5228206519637602, "params": {"a": 6.363806712871062, "dB": 13.624883647365218, "s": 0.9574342494648185}, "datetime": {"datetime": "2022-03-25 12:15:11", "elapsed": 98.295107, "delta": 0.990666}}
{"target": 0.257623386697801, "params": {"a": 7.48707590348905, "dB": 14.787222780145772, "s": 1.6113516095853013}, "datetime": {"datetime": "2022-03-25 12:15:14", "elapsed": 101.266716, "delta": 2.971609}}
{"target": 0.43563766991342084, "params": {"a": 7.139497682258968, "dB": 15.758504788219708, "s": 0.31995952663398003}, "datetime": {"datetime": "2022-03-25 12:15:21", "elapsed": 108.438155, "delta": 7.171439}}
{"target": 0.36001717517180165, "params": {"a": 5.1267435626284135, "dB": 15.51847822177381, "s": 0.7362829391768536}, "datetime": {"datetime": "2022-03-25 12:15:28", "elapsed": 115.467421, "delta": 7.029266}}
{"target": 0.3823317486163915, "params": {"a": 5.244093887026198, "dB": 15.818771450990084, "s": 0.6564253755928104}, "datetime": {"datetime": "2022-03-25 12:15:35", "elapsed": 122.525528, "delta": 7.058107}}
{"target": 0.4066811636865445, "params": {"a": 7.878654464112699, "dB": 15.31499496337613, "s": 1.5132897459292958}, "datetime": {"datetime": "2022-03-25 12:15:42", "elapsed": 129.905608, "delta": 7.38008}}
{"target": 0.5655279946004496, "params": {"a": 7.30652493175024, "dB": 15.377356085068342, "s": 0.658237347164548}, "datetime": {"datetime": "2022-03-25 12:15:50", "elapsed": 137.28867, "delta": 7.383062}}
{"target": 0.34822897637862893, "params": {"a": 5.714675512942618, "dB": 15.739715545490167, "s": 0.7849459037940718}, "datetime": {"datetime": "2022-03-25 12:15:57", "elapsed": 144.293175, "delta": 7.004505}}
{"target": 0.40656825473995994, "params": {"a": 8.841780212167734, "dB": 15.15860374454612, "s": 1.0947131523345948}, "datetime": {"datetime": "2022-03-25 12:16:15", "elapsed": 163.038042, "delta": 18.744867}}
{"target": 0.35845418687257075, "params": {"a": 5.016356878290188, "dB": 15.873723146767677, "s": 0.8198594135679047}, "datetime": {"datetime": "2022-03-25 12:16:22", "elapsed": 170.075786, "delta": 7.037744}}
{"target": 0.9198264340247584, "params": {"a": 7.102753264742093, "dB": 14.520342006903203, "s": 0.4792431683888443}, "datetime": {"datetime": "2022-03-25 12:16:25", "elapsed": 172.20461, "delta": 2.128824}}
{"target": 0.1546541224613995, "params": {"a": 8.565207842530143, "dB": 14.934198716680715, "s": 0.10459252324985435}, "datetime": {"datetime": "2022-03-25 12:16:37", "elapsed": 184.40106, "delta": 12.19645}}
{"target": 0.3910533387304377, "params": {"a": 7.277152111293257, "dB": 14.31661225443024, "s": 0.9432929636121747}, "datetime": {"datetime": "2022-03-25 12:16:40", "elapsed": 187.169386, "delta": 2.768326}}
{"target": 0.3898578886541889, "params": {"a": 8.486739446898486, "dB": 14.393174400006249, "s": 1.5536562414716786}, "datetime": {"datetime": "2022-03-25 12:16:52", "elapsed": 199.167358, "delta": 11.997972}}
{"target": 0.3376073821392456, "params": {"a": 7.305120521063112, "dB": 13.53955310711639, "s": 1.587099573990018}, "datetime": {"datetime": "2022-03-25 12:16:54", "elapsed": 202.012195, "delta": 2.844837}}
{"target": 0.4025374679914879, "params": {"a": 7.609036128826158, "dB": 15.993307126128702, "s": 0.37574481335252563}, "datetime": {"datetime": "2022-03-25 12:17:04", "elapsed": 211.70106, "delta": 9.688865}}
{"target": 0.40479440260632443, "params": {"a": 5.11711087332995, "dB": 15.831488657592908, "s": 1.2149090583838402}, "datetime": {"datetime": "2022-03-25 12:17:11", "elapsed": 218.952566, "delta": 7.251506}}
{"target": 0.39506909560844466, "params": {"a": 4.7970007772492815, "dB": 15.388657631506167, "s": 1.3062019015379942}, "datetime": {"datetime": "2022-03-25 12:17:19", "elapsed": 226.14803, "delta": 7.195464}}
{"target": 0.3981621289186426, "params": {"a": 8.653610409959175, "dB": 15.27881189657118, "s": 0.2988335391554635}, "datetime": {"datetime": "2022-03-25 12:17:34", "elapsed": 241.441206, "delta": 15.293176}}
{"target": 0.7416501148155736, "params": {"a": 4.58946060227908, "dB": 13.565527467194299, "s": 0.14529038083327137}, "datetime": {"datetime": "2022-03-25 12:17:35", "elapsed": 242.391663, "delta": 0.950457}}
{"target": 0.389293313496586, "params": {"a": 5.607949804213707, "dB": 15.65006987170722, "s": 0.9621297029466445}, "datetime": {"datetime": "2022-03-25 12:17:42", "elapsed": 249.489829, "delta": 7.098166}}
{"target": 0.4433128593984323, "params": {"a": 6.9876989040859465, "dB": 15.605077230899013, "s": 0.2986773041918578}, "datetime": {"datetime": "2022-03-25 12:17:49", "elapsed": 256.734591, "delta": 7.244762}}
{"target": 0.22095761008896805, "params": {"a": 5.756326555550128, "dB": 14.96439817864572, "s": 1.6513531973114792}, "datetime": {"datetime": "2022-03-25 12:17:52", "elapsed": 259.572594, "delta": 2.838003}}
{"target": 0.17386019090550223, "params": {"a": 7.024635986650695, "dB": 13.546618223432358, "s": 1.381012276288986}, "datetime": {"datetime": "2022-03-25 12:17:54", "elapsed": 261.784307, "delta": 2.211713}}
{"target": 0.3610352817541763, "params": {"a": 5.548384232284592, "dB": 15.517762989046947, "s": 0.7205770305026747}, "datetime": {"datetime": "2022-03-25 12:18:01", "elapsed": 268.93885, "delta": 7.154543}}
{"target": 0.3653448425817268, "params": {"a": 8.38593834551743, "dB": 15.36780410684296, "s": 0.9899843743846701}, "datetime": {"datetime": "2022-03-25 12:18:11", "elapsed": 278.630284, "delta": 9.691434}}
{"target": 0.8386415263614093, "params": {"a": 5.114048515473082, "dB": 13.649794223780528, "s": 0.2941495291851798}, "datetime": {"datetime": "2022-03-25 12:18:12", "elapsed": 279.591299, "delta": 0.961015}}
{"target": 0.5488863593853096, "params": {"a": 4.700483453451428, "dB": 13.768735322765233, "s": 0.46113494177256753}, "datetime": {"datetime": "2022-03-25 12:18:13", "elapsed": 280.652385, "delta": 1.061086}}
{"target": 0.1971396491776029, "params": {"a": 7.708450411722045, "dB": 14.899292455135356, "s": 0.12008956825458537}, "datetime": {"datetime": "2022-03-25 12:18:17", "elapsed": 284.7297, "delta": 4.077315}}
{"target": 0.5321277975813169, "params": {"a": 4.823884258602691, "dB": 15.91819082500068, "s": 1.0089607390719073}, "datetime": {"datetime": "2022-03-25 12:18:27", "elapsed": 294.379226, "delta": 9.649526}}
{"target": 0.385901611630135, "params": {"a": 5.414819555974457, "dB": 14.13081436142581, "s": 1.2901213665201487}, "datetime": {"datetime": "2022-03-25 12:18:28", "elapsed": 295.337557, "delta": 0.958331}}
{"target": 0.288665935721349, "params": {"a": 5.379432664991935, "dB": 14.953397318183145, "s": 1.6520319825412997}, "datetime": {"datetime": "2022-03-25 12:18:31", "elapsed": 298.322593, "delta": 2.985036}}
{"target": 0.3978826278423586, "params": {"a": 8.31072960670516, "dB": 14.099619397868965, "s": 0.8900315428299679}, "datetime": {"datetime": "2022-03-25 12:18:40", "elapsed": 307.798259, "delta": 9.475666}}
{"target": 0.4405511338174183, "params": {"a": 7.289800732716209, "dB": 15.572452248875447, "s": 0.35086623143373485}, "datetime": {"datetime": "2022-03-25 12:18:48", "elapsed": 315.198687, "delta": 7.400428}}
{"target": 0.5961538573283834, "params": {"a": 4.583592909798343, "dB": 13.675055359298057, "s": 0.8781521774992508}, "datetime": {"datetime": "2022-03-25 12:18:49", "elapsed": 316.137402, "delta": 0.938715}}
{"target": 0.5320676487130248, "params": {"a": 7.228482577439987, "dB": 14.922128592716204, "s": 0.6077798549154572}, "datetime": {"datetime": "2022-03-25 12:18:52", "elapsed": 319.153384, "delta": 3.015982}}
{"target": 0.7889130449923318, "params": {"a": 8.94877269485602, "dB": 14.949363048114492, "s": 0.7082258761976806}, "datetime": {"datetime": "2022-03-25 12:19:10", "elapsed": 337.744113, "delta": 18.590729}}
{"target": 0.564190023906146, "params": {"a": 6.979266986030536, "dB": 15.363336077266256, "s": 1.1707726295250953}, "datetime": {"datetime": "2022-03-25 12:19:17", "elapsed": 344.92315, "delta": 7.179037}}
{"target": 0.43402569138956637, "params": {"a": 5.692138009482642, "dB": 13.665837086071104, "s": 0.69213471666257}, "datetime": {"datetime": "2022-03-25 12:19:18", "elapsed": 345.917258, "delta": 0.994108}}
{"target": 0.2734388154613081, "params": {"a": 7.33372878159704, "dB": 14.025435024787098, "s": 1.3044088859821021}, "datetime": {"datetime": "2022-03-25 12:19:21", "elapsed": 348.747066, "delta": 2.829808}}
{"target": 0.49881300568368986, "params": {"a": 4.799414166093517, "dB": 14.150787746446353, "s": 1.3876073019893527}, "datetime": {"datetime": "2022-03-25 12:19:22", "elapsed": 349.708737, "delta": 0.961671}}
{"target": 0.41414083422620385, "params": {"a": 5.370454271804975, "dB": 15.098652202199851, "s": 0.9394724945979738}, "datetime": {"datetime": "2022-03-25 12:19:29", "elapsed": 356.754763, "delta": 7.046026}}
{"target": 0.23695934838851132, "params": {"a": 8.661635866797077, "dB": 14.158241926217777, "s": 0.20553774509443806}, "datetime": {"datetime": "2022-03-25 12:19:44", "elapsed": 372.010873, "delta": 15.25611}}
{"target": 0.42762050435080545, "params": {"a": 7.807796834799013, "dB": 15.430445073858117, "s": 1.5525053640056383}, "datetime": {"datetime": "2022-03-25 12:19:52", "elapsed": 379.293078, "delta": 7.282205}}
{"target": 0.47830861801261915, "params": {"a": 8.693874311385768, "dB": 13.534878932438993, "s": 0.4749793377942728}, "datetime": {"datetime": "2022-03-25 12:20:07", "elapsed": 394.318617, "delta": 15.025539}}
{"target": 0.3691943084502418, "params": {"a": 7.275502606507459, "dB": 15.87254080171904, "s": 1.6202817907953275}, "datetime": {"datetime": "2022-03-25 12:20:14", "elapsed": 401.617739, "delta": 7.299122}}
{"target": 0.40497522302606415, "params": {"a": 7.004939346878204, "dB": 15.789015874415686, "s": 1.1265059343141401}, "datetime": {"datetime": "2022-03-25 12:20:21", "elapsed": 408.870345, "delta": 7.252606}}
{"target": 0.6993091127850452, "params": {"a": 6.255034713635608, "dB": 14.714976667742274, "s": 1.0668967726719571}, "datetime": {"datetime": "2022-03-25 12:20:22", "elapsed": 409.914109, "delta": 1.043764}}
{"target": 0.4086956183193976, "params": {"a": 6.9729656467885315, "dB": 15.815453566766134, "s": 1.5699734970137698}, "datetime": {"datetime": "2022-03-25 12:20:30", "elapsed": 417.120719, "delta": 7.20661}}
{"target": 0.54006603541367, "params": {"a": 6.276940258155997, "dB": 15.90815632110178, "s": 0.378329066688743}, "datetime": {"datetime": "2022-03-25 12:20:39", "elapsed": 426.66362, "delta": 9.542901}}
{"target": 0.5730392621815893, "params": {"a": 5.068482837478368, "dB": 13.837697895116829, "s": 0.9090594650830346}, "datetime": {"datetime": "2022-03-25 12:20:40", "elapsed": 427.620199, "delta": 0.956579}}
{"target": 0.407795336101367, "params": {"a": 4.596861623733891, "dB": 15.869925528044202, "s": 1.4233847538731719}, "datetime": {"datetime": "2022-03-25 12:20:47", "elapsed": 434.817514, "delta": 7.197315}}
{"target": 0.4085339070149481, "params": {"a": 4.56758541333955, "dB": 13.940490638937638, "s": 0.6313017189869391}, "datetime": {"datetime": "2022-03-25 12:20:48", "elapsed": 435.830606, "delta": 1.013092}}
{"target": 0.3805171404153443, "params": {"a": 5.089485801649126, "dB": 15.523726730316454, "s": 0.6515786442932695}, "datetime": {"datetime": "2022-03-25 12:20:55", "elapsed": 442.843102, "delta": 7.012496}}
{"target": 0.3469025695911254, "params": {"a": 8.730483670500153, "dB": 14.955035449867701, "s": 1.5061311750589506}, "datetime": {"datetime": "2022-03-25 12:21:11", "elapsed": 458.199344, "delta": 15.356242}}
{"target": 0.3792780570808464, "params": {"a": 8.301305004264998, "dB": 15.763480796771624, "s": 0.835808425306891}, "datetime": {"datetime": "2022-03-25 12:21:20", "elapsed": 467.965639, "delta": 9.766295}}
{"target": 0.9072585359879108, "params": {"a": 6.9585606720916795, "dB": 15.496508977880099, "s": 0.5571501627746361}, "datetime": {"datetime": "2022-03-25 12:21:28", "elapsed": 475.253669, "delta": 7.28803}}
{"target": 0.5403839616418221, "params": {"a": 6.706140851789675, "dB": 14.997775769114696, "s": 0.12485324088133716}, "datetime": {"datetime": "2022-03-25 12:21:32", "elapsed": 479.29031, "delta": 4.036641}}
{"target": 0.1554171574204705, "params": {"a": 7.170666336884867, "dB": 14.584190872473645, "s": 1.3917768462157463}, "datetime": {"datetime": "2022-03-25 12:21:34", "elapsed": 481.424198, "delta": 2.133888}}
{"target": 0.4072449986409402, "params": {"a": 5.918601613929178, "dB": 15.73222177131288, "s": 1.0245715444552568}, "datetime": {"datetime": "2022-03-25 12:21:41", "elapsed": 488.734484, "delta": 7.310286}}
{"target": 0.5730200552650336, "params": {"a": 5.328045907323593, "dB": 15.46982308456376, "s": 1.0792498832718942}, "datetime": {"datetime": "2022-03-25 12:21:48", "elapsed": 495.865086, "delta": 7.130602}}
{"target": 0.33801478374387706, "params": {"a": 4.742591724331889, "dB": 14.550484200002831, "s": 1.1865101385046875}, "datetime": {"datetime": "2022-03-25 12:21:49", "elapsed": 496.880349, "delta": 1.015263}}
{"target": 0.3491695681491213, "params": {"a": 8.633708000898867, "dB": 13.501005062228394, "s": 1.6628146384496953}, "datetime": {"datetime": "2022-03-25 12:22:04", "elapsed": 511.853527, "delta": 14.973178}}
{"target": 0.40586486020415447, "params": {"a": 6.194611416355985, "dB": 15.934458845895806, "s": 1.067545761558485}, "datetime": {"datetime": "2022-03-25 12:22:14", "elapsed": 521.319731, "delta": 9.466204}}
{"target": 0.3395343789871644, "params": {"a": 8.229806135913119, "dB": 14.936778761770256, "s": 1.1049219172917606}, "datetime": {"datetime": "2022-03-25 12:22:23", "elapsed": 530.930087, "delta": 9.610356}}
{"target": 0.3649670288520828, "params": {"a": 5.785093267630623, "dB": 14.967083351640207, "s": 1.300034821924256}, "datetime": {"datetime": "2022-03-25 12:22:26", "elapsed": 533.801051, "delta": 2.870964}}
{"target": 0.489842308057086, "params": {"a": 8.36241226393069, "dB": 15.3877054711692, "s": 1.2168915975156849}, "datetime": {"datetime": "2022-03-25 12:22:36", "elapsed": 543.509483, "delta": 9.708432}}
{"target": 0.4006699585685104, "params": {"a": 8.3901574352457, "dB": 14.306702492091866, "s": 1.1732620652601395}, "datetime": {"datetime": "2022-03-25 12:22:45", "elapsed": 553.029822, "delta": 9.520339}}
{"target": 0.45014802405882354, "params": {"a": 6.528932713860071, "dB": 14.455256880078792, "s": 0.7572981598754969}, "datetime": {"datetime": "2022-03-25 12:22:47", "elapsed": 554.28574, "delta": 1.255918}}
{"target": 0.7012512847204319, "params": {"a": 6.306658125612932, "dB": 14.293459864895691, "s": 1.0950709886724823}, "datetime": {"datetime": "2022-03-25 12:22:48", "elapsed": 555.467242, "delta": 1.181502}}
{"target": 0.582669698316043, "params": {"a": 6.436112718695689, "dB": 15.934505194818131, "s": 1.1844814262948977}, "datetime": {"datetime": "2022-03-25 12:22:57", "elapsed": 565.098264, "delta": 9.631022}}
{"target": 0.4181739849105961, "params": {"a": 5.393564497921999, "dB": 14.566752523370083, "s": 0.6493539836390768}, "datetime": {"datetime": "2022-03-25 12:22:59", "elapsed": 566.164857, "delta": 1.066593}}
{"target": 0.42202380757235, "params": {"a": 8.089374617813549, "dB": 15.69999572140858, "s": 1.5461471293221951}, "datetime": {"datetime": "2022-03-25 12:23:06", "elapsed": 573.427625, "delta": 7.262768}}
{"target": 0.9310915150036899, "params": {"a": 7.48223915568868, "dB": 14.175520655074394, "s": 0.5037867224073436}, "datetime": {"datetime": "2022-03-25 12:23:09", "elapsed": 576.261557, "delta": 2.833932}}
{"target": 0.39636332859471496, "params": {"a": 8.347040742138311, "dB": 14.819286615771867, "s": 1.3834577344073569}, "datetime": {"datetime": "2022-03-25 12:23:18", "elapsed": 585.830088, "delta": 9.568531}}
{"target": 0.40670643613541274, "params": {"a": 7.076198327362229, "dB": 15.332856313218779, "s": 0.9304186039424892}, "datetime": {"datetime": "2022-03-25 12:23:25", "elapsed": 593.086982, "delta": 7.256894}}
{"target": 0.38763367730718123, "params": {"a": 7.968977597258496, "dB": 14.922144976761789, "s": 0.8451358057471693}, "datetime": {"datetime": "2022-03-25 12:23:33", "elapsed": 600.227535, "delta": 7.140553}}
{"target": 0.4430049978831673, "params": {"a": 6.042100085789768, "dB": 13.67052337104176, "s": 0.7046786869249597}, "datetime": {"datetime": "2022-03-25 12:23:34", "elapsed": 601.23077, "delta": 1.003235}}
{"target": 0.6258932615107823, "params": {"a": 4.858317349642135, "dB": 15.957042784326113, "s": 0.390580562129222}, "datetime": {"datetime": "2022-03-25 12:23:43", "elapsed": 610.864922, "delta": 9.634152}}
{"target": 0.7652419780000039, "params": {"a": 7.3117701854074, "dB": 14.041522806894047, "s": 0.388035153326472}, "datetime": {"datetime": "2022-03-25 12:23:46", "elapsed": 613.979902, "delta": 3.11498}}
{"target": 0.5449803266555626, "params": {"a": 6.722866692205183, "dB": 15.523361712438694, "s": 0.6566812074814895}, "datetime": {"datetime": "2022-03-25 12:23:54", "elapsed": 621.258104, "delta": 7.278202}}
{"target": 0.8795732922765531, "params": {"a": 7.256752592988544, "dB": 14.39725910543055, "s": 0.39575672907232784}, "datetime": {"datetime": "2022-03-25 12:23:56", "elapsed": 623.646271, "delta": 2.388167}}
{"target": 0.37416070823916436, "params": {"a": 5.523816906021013, "dB": 13.888974993470544, "s": 1.6156855217234676}, "datetime": {"datetime": "2022-03-25 12:23:57", "elapsed": 624.741785, "delta": 1.095514}}
{"target": 0.48235905737823653, "params": {"a": 7.768152233465491, "dB": 15.32153003462673, "s": 0.4115008505316403}, "datetime": {"datetime": "2022-03-25 12:24:05", "elapsed": 632.119879, "delta": 7.378094}}
