{"target": 0.9449489882908537, "params": {"a": 4.104088889657562, "dB": 11.0, "s": 0.6440947639519748}, "datetime": {"datetime": "2022-03-27 17:20:45", "elapsed": 292.223732, "delta": 1.267991}}
{"target": 0.996391815724807, "params": {"a": 3.5304812226061104, "dB": 9.273977522687362, "s": 0.5763089469809402}, "datetime": {"datetime": "2022-03-27 17:20:47", "elapsed": 293.679793, "delta": 1.456061}}
{"target": 0.9171115512644368, "params": {"a": 3.48013849294081, "dB": 11.0, "s": 0.7167917720112832}, "datetime": {"datetime": "2022-03-27 17:20:49", "elapsed": 295.89131, "delta": 2.211517}}
{"target": 0.9511839392518903, "params": {"a": 3.826935679335487, "dB": 10.504334520077593, "s": 0.757139386455363}, "datetime": {"datetime": "2022-03-27 17:20:50", "elapsed": 296.83342, "delta": 0.94211}}
{"target": 0.9945416293522156, "params": {"a": 3.903603699205179, "dB": 10.39893871220295, "s": 0.6999352398404707}, "datetime": {"datetime": "2022-03-27 17:20:52", "elapsed": 298.754424, "delta": 1.921004}}
{"target": 0.980995724804086, "params": {"a": 3.617961721850695, "dB": 7.871172570686295, "s": 0.5360212184354162}, "datetime": {"datetime": "2022-03-27 17:20:54", "elapsed": 301.000586, "delta": 2.246162}}
{"target": 0.9901271810089766, "params": {"a": 4.0225784037473895, "dB": 10.860759751907107, "s": 0.6889416518713569}, "datetime": {"datetime": "2022-03-27 17:20:56", "elapsed": 302.815332, "delta": 1.814746}}
{"target": 0.9836479746111796, "params": {"a": 3.1126852234133917, "dB": 9.221154244233517, "s": 0.538871326419638}, "datetime": {"datetime": "2022-03-27 17:20:57", "elapsed": 303.657455, "delta": 0.842123}}
{"target": 0.9948834857047908, "params": {"a": 3.59494953039811, "dB": 8.784576600011702, "s": 0.5703626366327428}, "datetime": {"datetime": "2022-03-27 17:20:58", "elapsed": 304.912367, "delta": 1.254912}}
{"target": 0.9943252952746635, "params": {"a": 3.399258479587585, "dB": 8.545305731567138, "s": 0.5604959318679978}, "datetime": {"datetime": "2022-03-27 17:20:59", "elapsed": 306.154622, "delta": 1.242255}}
{"target": 0.9762290569627083, "params": {"a": 3.889776783562789, "dB": 8.109401068283859, "s": 0.5775083256826609}, "datetime": {"datetime": "2022-03-27 17:21:01", "elapsed": 307.655411, "delta": 1.500789}}
{"target": 0.9967027315182145, "params": {"a": 3.7768322857380103, "dB": 9.867721131966407, "s": 0.6207201640848848}, "datetime": {"datetime": "2022-03-27 17:21:02", "elapsed": 309.007303, "delta": 1.351892}}
{"target": 0.9960968231864493, "params": {"a": 3.3495744868204778, "dB": 9.375507696127638, "s": 0.5496570780996108}, "datetime": {"datetime": "2022-03-27 17:21:04", "elapsed": 311.485006, "delta": 2.477703}}
{"target": 0.9814734389747248, "params": {"a": 4.641516012827282, "dB": 9.709587423440782, "s": 0.7844953439835782}, "datetime": {"datetime": "2022-03-27 17:21:06", "elapsed": 313.399355, "delta": 1.914349}}
{"target": 0.6746442918560833, "params": {"a": 3.2672688026808676, "dB": 10.227830906036687, "s": 0.3151878182096094}, "datetime": {"datetime": "2022-03-27 17:21:07", "elapsed": 314.341885, "delta": 0.94253}}
{"target": 0.9911798775920142, "params": {"a": 3.847420992529, "dB": 10.563811096607855, "s": 0.6801915354605508}, "datetime": {"datetime": "2022-03-27 17:21:09", "elapsed": 316.254221, "delta": 1.912336}}
{"target": 0.9913636888891657, "params": {"a": 3.735788745917725, "dB": 8.739027941424018, "s": 0.5770628996392885}, "datetime": {"datetime": "2022-03-27 17:21:11", "elapsed": 317.942324, "delta": 1.688103}}
{"target": 0.6731680254402445, "params": {"a": 3.2439078746463377, "dB": 10.214945476364845, "s": 0.9054801171212385}, "datetime": {"datetime": "2022-03-27 17:21:12", "elapsed": 318.912228, "delta": 0.969904}}
{"target": 0.9840492536795072, "params": {"a": 3.0145344333539263, "dB": 7.879998239940725, "s": 0.5072269026464306}, "datetime": {"datetime": "2022-03-27 17:21:13", "elapsed": 320.17004, "delta": 1.257812}}
{"target": 0.9943475193328829, "params": {"a": 3.4143607154159747, "dB": 9.015023191689606, "s": 0.5716912912721577}, "datetime": {"datetime": "2022-03-27 17:21:14", "elapsed": 321.530716, "delta": 1.360676}}
{"target": 0.9822890675675467, "params": {"a": 3.792561352806551, "dB": 8.501498001830878, "s": 0.603142461993004}, "datetime": {"datetime": "2022-03-27 17:21:16", "elapsed": 323.448955, "delta": 1.918239}}
{"target": 0.672986206011816, "params": {"a": 2.430765613011427, "dB": 9.610310130945832, "s": 0.7904464964581369}, "datetime": {"datetime": "2022-03-27 17:21:17", "elapsed": 324.379223, "delta": 0.930268}}
{"target": 0.9975148744382863, "params": {"a": 3.4455139301749775, "dB": 9.202841830755576, "s": 0.5402451972471312}, "datetime": {"datetime": "2022-03-27 17:21:19", "elapsed": 325.6823, "delta": 1.303077}}
{"target": 0.9942851438148687, "params": {"a": 3.580774151942109, "dB": 8.682155815473916, "s": 0.5494195912357719}, "datetime": {"datetime": "2022-03-27 17:21:20", "elapsed": 327.255192, "delta": 1.572892}}
{"target": 0.9898490599610603, "params": {"a": 3.475354400436245, "dB": 8.246351067784545, "s": 0.5723815416007034}, "datetime": {"datetime": "2022-03-27 17:21:21", "elapsed": 328.148992, "delta": 0.8938}}
{"target": 0.9987777428548973, "params": {"a": 3.6835416070381783, "dB": 9.846298527679288, "s": 0.622967112034016}, "datetime": {"datetime": "2022-03-27 17:21:23", "elapsed": 329.689475, "delta": 1.540483}}
{"target": 0.9980334349770325, "params": {"a": 3.623504409605599, "dB": 9.825779737434274, "s": 0.6137404830057471}, "datetime": {"datetime": "2022-03-27 17:21:25", "elapsed": 332.469518, "delta": 2.780043}}
{"target": 0.9863431860180646, "params": {"a": 3.144689385638705, "dB": 9.36789819251751, "s": 0.535669936917369}, "datetime": {"datetime": "2022-03-27 17:21:27", "elapsed": 333.937987, "delta": 1.468469}}
{"target": 0.6200911424453242, "params": {"a": 3.9905983186753353, "dB": 10.78065832889374, "s": 0.3002639272162847}, "datetime": {"datetime": "2022-03-27 17:21:28", "elapsed": 334.955702, "delta": 1.017715}}
{"target": 0.9969995713653469, "params": {"a": 3.564701338835331, "dB": 8.981079023431452, "s": 0.5623602405868608}, "datetime": {"datetime": "2022-03-27 17:21:30", "elapsed": 337.046027, "delta": 2.090325}}
{"target": 0.9982182377659168, "params": {"a": 3.8236910408289475, "dB": 9.919330622461306, "s": 0.6479889405147776}, "datetime": {"datetime": "2022-03-27 17:21:32", "elapsed": 339.138376, "delta": 2.092349}}
{"target": 0.979767666290694, "params": {"a": 2.9599738033150067, "dB": 8.78123957619588, "s": 0.492988617831708}, "datetime": {"datetime": "2022-03-27 17:21:34", "elapsed": 340.914862, "delta": 1.776486}}
{"target": 0.9942158701984114, "params": {"a": 3.3597898398536072, "dB": 8.409868961381626, "s": 0.5502050925853952}, "datetime": {"datetime": "2022-03-27 17:21:35", "elapsed": 342.087913, "delta": 1.173051}}
{"target": 0.9772073685395506, "params": {"a": 2.980499509878735, "dB": 8.698100636012857, "s": 0.4586437424893248}, "datetime": {"datetime": "2022-03-27 17:21:36", "elapsed": 343.002138, "delta": 0.914225}}
{"target": 0.9965580434986013, "params": {"a": 3.3994482670951247, "dB": 8.74168068724154, "s": 0.5494055562833958}, "datetime": {"datetime": "2022-03-27 17:21:39", "elapsed": 345.881607, "delta": 2.879469}}
{"target": 0.9865992674119441, "params": {"a": 3.1665762641581003, "dB": 7.715111149640708, "s": 0.5040302322081615}, "datetime": {"datetime": "2022-03-27 17:21:42", "elapsed": 348.823263, "delta": 2.941656}}
{"target": 0.9935704029315854, "params": {"a": 4.39279719557778, "dB": 10.30972871702877, "s": 0.7487817795949357}, "datetime": {"datetime": "2022-03-27 17:21:43", "elapsed": 350.53365, "delta": 1.710387}}
{"target": 0.9865812070888058, "params": {"a": 3.132100596569551, "dB": 8.275149755944417, "s": 0.5435408489679238}, "datetime": {"datetime": "2022-03-27 17:21:45", "elapsed": 351.703368, "delta": 1.169718}}
{"target": 0.9963946438224732, "params": {"a": 3.3829944301079458, "dB": 9.642350946568277, "s": 0.541477604188312}, "datetime": {"datetime": "2022-03-27 17:21:46", "elapsed": 353.419337, "delta": 1.715969}}
{"target": 0.9919818974933331, "params": {"a": 3.170707389079576, "dB": 8.58776574793525, "s": 0.5127164244417958}, "datetime": {"datetime": "2022-03-27 17:21:48", "elapsed": 354.712725, "delta": 1.293388}}
{"target": 0.9949812715002143, "params": {"a": 3.3514423904773465, "dB": 9.544277801028393, "s": 0.5551025073724531}, "datetime": {"datetime": "2022-03-27 17:21:50", "elapsed": 357.038532, "delta": 2.325807}}
{"target": 0.6870561515458428, "params": {"a": 1.9734723347487413, "dB": 8.857045021861115, "s": 0.7740869292918982}, "datetime": {"datetime": "2022-03-27 17:21:51", "elapsed": 358.069225, "delta": 1.030693}}
{"target": 0.7633477199294972, "params": {"a": 3.6368250215051408, "dB": 8.336717140343595, "s": 0.2955401874462956}, "datetime": {"datetime": "2022-03-27 17:21:52", "elapsed": 359.04252, "delta": 0.973295}}
{"target": 0.9890022658143323, "params": {"a": 3.529401418299998, "dB": 8.369622723585538, "s": 0.5823995585148484}, "datetime": {"datetime": "2022-03-27 17:21:53", "elapsed": 360.501348, "delta": 1.458828}}
{"target": 0.9949394888203338, "params": {"a": 3.510653799478158, "dB": 8.769031037933338, "s": 0.5372506003410925}, "datetime": {"datetime": "2022-03-27 17:21:55", "elapsed": 361.779542, "delta": 1.278194}}
{"target": 0.9978641395335488, "params": {"a": 3.4999810411203875, "dB": 9.070530539092374, "s": 0.556243013507307}, "datetime": {"datetime": "2022-03-27 17:21:57", "elapsed": 364.166048, "delta": 2.386506}}
{"target": 0.6662855322323682, "params": {"a": 4.383647473793502, "dB": 10.185020362529631, "s": 0.9751740541677528}, "datetime": {"datetime": "2022-03-27 17:21:58", "elapsed": 365.214037, "delta": 1.047989}}
{"target": 0.9979867443570436, "params": {"a": 3.6181834144352942, "dB": 9.538950772429667, "s": 0.5725153125257085}, "datetime": {"datetime": "2022-03-27 17:22:00", "elapsed": 366.956464, "delta": 1.742427}}
{"target": 0.9975635987736328, "params": {"a": 3.6052441186049182, "dB": 9.36670783036442, "s": 0.5544477664304511}, "datetime": {"datetime": "2022-03-27 17:22:02", "elapsed": 369.583675, "delta": 2.627211}}
{"target": 0.9922737117758095, "params": {"a": 3.1826726650642625, "dB": 8.423116871214715, "s": 0.5226539308982683}, "datetime": {"datetime": "2022-03-27 17:22:04", "elapsed": 371.262933, "delta": 1.679258}}
{"target": 0.995087257729468, "params": {"a": 3.814324078602496, "dB": 10.112062502442221, "s": 0.6827475641551866}, "datetime": {"datetime": "2022-03-27 17:22:06", "elapsed": 372.651675, "delta": 1.388742}}
{"target": 0.9984773729724555, "params": {"a": 3.5578501680762176, "dB": 9.530510520511276, "s": 0.5583251405497032}, "datetime": {"datetime": "2022-03-27 17:22:07", "elapsed": 374.485814, "delta": 1.834139}}
{"target": 0.9979546649343084, "params": {"a": 3.472721865742528, "dB": 9.37114717602703, "s": 0.5607208175120606}, "datetime": {"datetime": "2022-03-27 17:22:09", "elapsed": 375.949285, "delta": 1.463471}}
{"target": 0.9799965592146509, "params": {"a": 3.931398967345964, "dB": 9.985517168021126, "s": 0.65435132927685}, "datetime": {"datetime": "2022-03-27 17:22:10", "elapsed": 377.556449, "delta": 1.607164}}
{"target": 0.9928138393531916, "params": {"a": 3.196738283239982, "dB": 8.940523332327796, "s": 0.5218341683702618}, "datetime": {"datetime": "2022-03-27 17:22:12", "elapsed": 378.722396, "delta": 1.165947}}
{"target": 0.9956778175044345, "params": {"a": 3.3071059107318925, "dB": 9.128456562135687, "s": 0.5286697739109564}, "datetime": {"datetime": "2022-03-27 17:22:13", "elapsed": 380.191211, "delta": 1.468815}}
{"target": 0.7036800666322887, "params": {"a": 2.0857214919620715, "dB": 8.895144166993093, "s": 0.6376684251140091}, "datetime": {"datetime": "2022-03-27 17:22:14", "elapsed": 381.227525, "delta": 1.036314}}
{"target": 0.986909859649916, "params": {"a": 4.111409129075309, "dB": 9.854138695539444, "s": 0.6440583225974483}, "datetime": {"datetime": "2022-03-27 17:22:16", "elapsed": 382.896988, "delta": 1.669463}}
{"target": 0.9938326741304254, "params": {"a": 3.3668262711811856, "dB": 9.559484618668927, "s": 0.5220676891663063}, "datetime": {"datetime": "2022-03-27 17:22:17", "elapsed": 384.4563, "delta": 1.559312}}
{"target": 0.9889180592198477, "params": {"a": 4.4396874561710025, "dB": 9.82814878799469, "s": 0.7253903928542845}, "datetime": {"datetime": "2022-03-27 17:22:20", "elapsed": 386.654159, "delta": 2.197859}}
{"target": 0.9100921779775831, "params": {"a": 4.599761787385425, "dB": 9.843528058443198, "s": 0.853167973689206}, "datetime": {"datetime": "2022-03-27 17:22:21", "elapsed": 387.719525, "delta": 1.065366}}
{"target": 0.9920251258845729, "params": {"a": 3.227606734853198, "dB": 9.08800981201087, "s": 0.5443482347071916}, "datetime": {"datetime": "2022-03-27 17:22:22", "elapsed": 389.326281, "delta": 1.606756}}
{"target": 0.9863168457610579, "params": {"a": 3.5618168549640195, "dB": 7.97983011015709, "s": 0.5493444056477468}, "datetime": {"datetime": "2022-03-27 17:22:24", "elapsed": 391.266605, "delta": 1.940324}}
{"target": 0.9785423392933797, "params": {"a": 3.696062906884233, "dB": 7.9827766910779365, "s": 0.589993010220784}, "datetime": {"datetime": "2022-03-27 17:22:26", "elapsed": 393.020132, "delta": 1.753527}}
{"target": 0.9966711482717852, "params": {"a": 3.5052006529621216, "dB": 9.509377448767953, "s": 0.5736545634225}, "datetime": {"datetime": "2022-03-27 17:22:30", "elapsed": 396.761057, "delta": 3.740925}}
{"target": 0.7323454603219345, "params": {"a": 4.620452884198499, "dB": 9.371440809466737, "s": 0.531000710233112}, "datetime": {"datetime": "2022-03-27 17:22:31", "elapsed": 397.800915, "delta": 1.039858}}
{"target": 0.9950333789657907, "params": {"a": 3.7938947715460505, "dB": 9.388388939704274, "s": 0.581495775329916}, "datetime": {"datetime": "2022-03-27 17:22:33", "elapsed": 399.802793, "delta": 2.001878}}
{"target": 0.996486533199239, "params": {"a": 3.3331587049985734, "dB": 8.978544941520104, "s": 0.5427999628577658}, "datetime": {"datetime": "2022-03-27 17:22:36", "elapsed": 402.772807, "delta": 2.970014}}
{"target": 0.9969638468071365, "params": {"a": 3.631622670582655, "dB": 9.139768101836598, "s": 0.5651115234009154}, "datetime": {"datetime": "2022-03-27 17:22:38", "elapsed": 405.228156, "delta": 2.455349}}
{"target": 0.9973975893534929, "params": {"a": 3.4714093951008076, "dB": 8.923946637725697, "s": 0.5488239746892852}, "datetime": {"datetime": "2022-03-27 17:22:40", "elapsed": 406.821333, "delta": 1.593177}}
{"target": 0.9932660408410712, "params": {"a": 3.739961730364175, "dB": 8.931413960812563, "s": 0.5667432628767841}, "datetime": {"datetime": "2022-03-27 17:22:42", "elapsed": 408.827953, "delta": 2.00662}}
{"target": 0.9952637178909085, "params": {"a": 3.6006967722879746, "dB": 8.919229469774, "s": 0.5484304367606816}, "datetime": {"datetime": "2022-03-27 17:22:44", "elapsed": 410.843315, "delta": 2.015362}}
