{"target": 0.3570180368287507, "params": {"a": 5.58511002351287, "dB": 12.660973480326474, "s": 0.30013724978081385}, "datetime": {"datetime": "2022-03-28 21:38:39", "elapsed": 0.0, "delta": 0.0}}
{"target": 0.5137235742438925, "params": {"a": 5.011662863159199, "dB": 10.94026767245134, "s": 0.4108063137225573}, "datetime": {"datetime": "2022-03-28 21:38:41", "elapsed": 2.168464, "delta": 2.168464}}
{"target": 0.6855407753755152, "params": {"a": 4.431301056888355, "dB": 11.536682181129143, "s": 0.7761209690768038}, "datetime": {"datetime": "2022-03-28 21:38:46", "elapsed": 7.363466, "delta": 5.195002}}
{"target": 0.5430694627873305, "params": {"a": 6.194083670016784, "dB": 11.757583543209885, "s": 1.1222634004761114}, "datetime": {"datetime": "2022-03-28 21:38:52", "elapsed": 12.585095, "delta": 5.221629}}
{"target": 0.49157036666725307, "params": {"a": 4.522261248657587, "dB": 13.134352309172836, "s": 0.3328651118375114}, "datetime": {"datetime": "2022-03-28 21:39:32", "elapsed": 52.954018, "delta": 40.368923}}
{"target": 0.7922795342222801, "params": {"a": 6.8523375508920115, "dB": 11.751914407101381, "s": 0.970427794134902}, "datetime": {"datetime": "2022-03-28 21:39:37", "elapsed": 58.290806, "delta": 5.336788}}
{"target": 0.6348024437858109, "params": {"a": 4.2019346929761685, "dB": 11.094304467254636, "s": 1.260893482410644}, "datetime": {"datetime": "2022-03-28 21:39:42", "elapsed": 63.318046, "delta": 5.02724}}
{"target": 0.7461442479930975, "params": {"a": 8.341307878596988, "dB": 11.440272534477728, "s": 1.130787138803177}, "datetime": {"datetime": "2022-03-28 21:40:02", "elapsed": 82.906199, "delta": 19.588153}}
{"target": 0.5546667917857417, "params": {"a": 7.881945761480192, "dB": 13.183819990511541, "s": 0.40205305364373345}, "datetime": {"datetime": "2022-03-28 21:40:41", "elapsed": 121.920956, "delta": 39.014757}}
{"target": 0.5533008740139865, "params": {"a": 3.6952739161644117, "dB": 11.009491258693707, "s": 1.3537710041152957}, "datetime": {"datetime": "2022-03-28 21:40:44", "elapsed": 124.757636, "delta": 2.83668}}
{"target": 0.5263278033029052, "params": {"a": 3.9917341691652504, "dB": 11.763322875015156, "s": 1.4494674361806024}, "datetime": {"datetime": "2022-03-28 21:40:49", "elapsed": 130.013312, "delta": 5.255676}}
{"target": 0.5476365870070244, "params": {"a": 6.165826424865085, "dB": 12.57563134185142, "s": 0.6786187572072755}, "datetime": {"datetime": "2022-03-28 21:41:18", "elapsed": 158.849477, "delta": 28.836165}}
{"target": 0.4926174632749507, "params": {"a": 6.932504638407918, "dB": 13.003877015692119, "s": 0.32194593281303013}, "datetime": {"datetime": "2022-03-28 21:41:46", "elapsed": 187.408513, "delta": 28.559036}}
{"target": 0.6095751495252258, "params": {"a": 7.250721574724837, "dB": 13.466583266719484, "s": 1.1977987852558072}, "datetime": {"datetime": "2022-03-28 21:42:41", "elapsed": 242.489162, "delta": 55.080649}}
{"target": 0.5109555500225464, "params": {"a": 4.902219960322026, "dB": 12.867837985354466, "s": 0.4238712078931704}, "datetime": {"datetime": "2022-03-28 21:43:09", "elapsed": 270.30174, "delta": 27.812578}}
{"target": 0.5896537575470393, "params": {"a": 5.739467630879526, "dB": 13.225786509279287, "s": 0.6523369780484154}, "datetime": {"datetime": "2022-03-28 21:43:49", "elapsed": 310.157661, "delta": 39.855921}}
{"target": 0.4384506231812473, "params": {"a": 4.938876692931744, "dB": 10.890085716354832, "s": 0.3232403494443565}, "datetime": {"datetime": "2022-03-28 21:43:51", "elapsed": 312.302132, "delta": 2.144471}}
{"target": 0.4843785249707718, "params": {"a": 6.894177664699455, "dB": 11.134884348000178, "s": 0.6186559912466714}, "datetime": {"datetime": "2022-03-28 21:43:57", "elapsed": 317.729967, "delta": 5.427835}}
{"target": 0.5515728102729976, "params": {"a": 5.957865796401691, "dB": 10.66008763535124, "s": 0.9889411265904156}, "datetime": {"datetime": "2022-03-28 21:43:58", "elapsed": 318.90247, "delta": 1.172503}}
{"target": 0.5773781312342358, "params": {"a": 4.233642874529051, "dB": 12.267916610709852, "s": 1.1397100320251174}, "datetime": {"datetime": "2022-03-28 21:44:14", "elapsed": 335.359057, "delta": 16.456587}}
{"target": 0.6162634988718886, "params": {"a": 4.011672144139129, "dB": 11.742167963458705, "s": 1.133280189273294}, "datetime": {"datetime": "2022-03-28 21:44:20", "elapsed": 340.720224, "delta": 5.361167}}
{"target": 0.5833116115023645, "params": {"a": 5.5708963476345135, "dB": 10.649860376838262, "s": 0.9430756870986139}, "datetime": {"datetime": "2022-03-28 21:44:21", "elapsed": 341.539764, "delta": 0.81954}}
{"target": 0.43532056679759906, "params": {"a": 6.818973226098944, "dB": 12.044667336174925, "s": 1.433513707188976}, "datetime": {"datetime": "2022-03-28 21:44:27", "elapsed": 348.458711, "delta": 6.918947}}
{"target": 0.3540115429899721, "params": {"a": 6.432775202509965, "dB": 13.21020574586365, "s": 0.464969644975485}, "datetime": {"datetime": "2022-03-28 21:45:07", "elapsed": 388.301734, "delta": 39.843023}}
{"target": 0.549009124045937, "params": {"a": 4.196381736253793, "dB": 12.92217386612857, "s": 0.7772122043826403}, "datetime": {"datetime": "2022-03-28 21:45:36", "elapsed": 416.651184, "delta": 28.34945}}
{"target": 0.6491624980322503, "params": {"a": 4.326770985584664, "dB": 13.282525741188103, "s": 0.7173190316946079}, "datetime": {"datetime": "2022-03-28 21:46:15", "elapsed": 456.345632, "delta": 39.694448}}
{"target": 0.4836017122578703, "params": {"a": 7.254060515680777, "dB": 12.677993956051354, "s": 1.3599673094469718}, "datetime": {"datetime": "2022-03-28 21:46:44", "elapsed": 484.998691, "delta": 28.653059}}
{"target": 0.5095544704657394, "params": {"a": 6.618361035278045, "dB": 12.75282730208201, "s": 0.718678010373411}, "datetime": {"datetime": "2022-03-28 21:47:12", "elapsed": 513.482603, "delta": 28.483912}}
{"target": 0.680816744139729, "params": {"a": 4.849639458825131, "dB": 13.187658654588201, "s": 0.8137094278455539}, "datetime": {"datetime": "2022-03-28 21:47:52", "elapsed": 553.154335, "delta": 39.671732}}
{"target": 0.966723895487354, "params": {"a": 8.324200235741927, "dB": 12.490324493455343, "s": 1.046034864250946}, "datetime": {"datetime": "2022-03-28 21:48:21", "elapsed": 581.978858, "delta": 28.824523}}
{"target": 0.46080293466617483, "params": {"a": 4.073729864766876, "dB": 13.348467776121215, "s": 0.8398945601759287}, "datetime": {"datetime": "2022-03-28 21:49:08", "elapsed": 628.934155, "delta": 46.955297}}
{"target": 0.47030635227264395, "params": {"a": 6.3919480719356585, "dB": 11.724410408283843, "s": 0.5844323762916332}, "datetime": {"datetime": "2022-03-28 21:49:13", "elapsed": 634.095, "delta": 5.160845}}
{"target": 0.5209295025796306, "params": {"a": 8.01689760281127, "dB": 12.221038460016857, "s": 0.30344439243739074}, "datetime": {"datetime": "2022-03-28 21:49:27", "elapsed": 647.683408, "delta": 13.588408}}
{"target": 0.8938523188378218, "params": {"a": 6.585724568103619, "dB": 11.479934705316289, "s": 0.9324697227091312}, "datetime": {"datetime": "2022-03-28 21:49:32", "elapsed": 652.943222, "delta": 5.259814}}
{"target": 0.4745109235770998, "params": {"a": 7.929710496553873, "dB": 11.5718092800075, "s": 1.390242181103759}, "datetime": {"datetime": "2022-03-28 21:49:45", "elapsed": 666.300294, "delta": 13.357072}}
{"target": 0.5328435534861985, "params": {"a": 6.616800578959014, "dB": 10.547463728539668, "s": 1.4153246804925135}, "datetime": {"datetime": "2022-03-28 21:49:48", "elapsed": 669.141545, "delta": 2.841251}}
{"target": 0.3586155522811725, "params": {"a": 6.95448458758462, "dB": 13.491968551354441, "s": 0.5068086100143943}, "datetime": {"datetime": "2022-03-28 21:50:44", "elapsed": 724.563495, "delta": 55.42195}}
{"target": 0.5440262270380662, "params": {"a": 4.1856787481443885, "dB": 13.29778638911149, "s": 1.1361817937878802}, "datetime": {"datetime": "2022-03-28 21:51:24", "elapsed": 764.531971, "delta": 39.968476}}
{"target": 0.5635380610150447, "params": {"a": 3.8300008636103122, "dB": 12.7663891578074, "s": 1.2046514261534955}, "datetime": {"datetime": "2022-03-28 21:51:52", "elapsed": 792.924904, "delta": 28.392933}}
{"target": 0.42527151591332135, "params": {"a": 8.115122677732415, "dB": 12.634574275885415, "s": 0.4491251543665976}, "datetime": {"datetime": "2022-03-28 21:52:21", "elapsed": 822.187285, "delta": 29.262381}}
{"target": 0.8319399766958332, "params": {"a": 3.599400669198978, "dB": 10.578632960633158, "s": 0.3339677856249535}, "datetime": {"datetime": "2022-03-28 21:52:22", "elapsed": 823.14462, "delta": 0.957335}}
{"target": 0.49112242866492745, "params": {"a": 4.73105533801523, "dB": 13.080083846048664, "s": 0.9465972772099833}, "datetime": {"datetime": "2022-03-28 21:53:02", "elapsed": 863.108479, "delta": 39.963859}}
{"target": 0.34706794210261477, "params": {"a": 6.264109893428829, "dB": 13.026092677078818, "s": 0.44900797814389337}, "datetime": {"datetime": "2022-03-28 21:53:31", "elapsed": 891.596518, "delta": 28.488039}}
{"target": 0.5726899057233892, "params": {"a": 4.8959183950556975, "dB": 12.257277814374863, "s": 1.4635148979836095}, "datetime": {"datetime": "2022-03-28 21:53:44", "elapsed": 904.916116, "delta": 13.319598}}
{"target": 0.46009616868021314, "params": {"a": 6.30515109627855, "dB": 10.555941868118829, "s": 1.2607592072167395}, "datetime": {"datetime": "2022-03-28 21:53:46", "elapsed": 907.033818, "delta": 2.117702}}
{"target": 0.7103341479318563, "params": {"a": 4.664871369205102, "dB": 12.921315586856338, "s": 0.7654327728770061}, "datetime": {"datetime": "2022-03-28 21:54:12", "elapsed": 932.55798, "delta": 25.524162}}
{"target": 0.7838166434643313, "params": {"a": 7.817709272797144, "dB": 12.741364928211553, "s": 0.9674882807885026}, "datetime": {"datetime": "2022-03-28 21:54:40", "elapsed": 961.426118, "delta": 28.868138}}
{"target": 0.8548940651551499, "params": {"a": 4.182276128303425, "dB": 10.679753068536636, "s": 0.44561214688888484}, "datetime": {"datetime": "2022-03-28 21:54:41", "elapsed": 962.39134, "delta": 0.965222}}
{"target": 0.7605133754537975, "params": {"a": 3.7227593927238085, "dB": 10.822482387318278, "s": 0.5708512063294255}, "datetime": {"datetime": "2022-03-28 21:54:43", "elapsed": 963.993019, "delta": 1.601679}}
{"target": 0.426074323457871, "params": {"a": 7.064944901913384, "dB": 12.179150946162427, "s": 0.315067176190939}, "datetime": {"datetime": "2022-03-28 21:54:50", "elapsed": 970.93564, "delta": 6.942621}}
{"target": 0.4841505524866641, "params": {"a": 3.8598713984474338, "dB": 13.401828990000816, "s": 0.9817205543039305}, "datetime": {"datetime": "2022-03-28 21:55:36", "elapsed": 1017.355058, "delta": 46.419418}}
{"target": 0.605924342733477, "params": {"a": 4.516466173304952, "dB": 11.25697723371097, "s": 1.1925910248901115}, "datetime": {"datetime": "2022-03-28 21:55:41", "elapsed": 1022.391138, "delta": 5.03608}}
{"target": 0.5250240347469923, "params": {"a": 4.477147405546594, "dB": 12.244076781819773, "s": 1.4640239869059748}, "datetime": {"datetime": "2022-03-28 21:55:55", "elapsed": 1035.748942, "delta": 13.357804}}
{"target": 0.8310151876363437, "params": {"a": 7.734144007450176, "dB": 11.219543277442758, "s": 0.8925236571224759}, "datetime": {"datetime": "2022-03-28 21:56:06", "elapsed": 1046.68794, "delta": 10.938998}}
{"target": 0.35214663223886217, "params": {"a": 6.599778591906899, "dB": 12.986942698650536, "s": 0.48814967357530115}, "datetime": {"datetime": "2022-03-28 21:56:34", "elapsed": 1075.194206, "delta": 28.506266}}
{"target": 0.5808354600496368, "params": {"a": 3.5928810108870475, "dB": 10.710066431157667, "s": 0.883614133124438}, "datetime": {"datetime": "2022-03-28 21:56:35", "elapsed": 1075.912313, "delta": 0.718107}}
{"target": 0.5487029139956844, "params": {"a": 6.531647308266652, "dB": 12.206554311259444, "s": 0.6808348911865929}, "datetime": {"datetime": "2022-03-28 21:56:46", "elapsed": 1086.931492, "delta": 11.019179}}
{"target": 0.5059766371277876, "params": {"a": 8.443080772062245, "dB": 12.23923565773739, "s": 0.7561694071482605}, "datetime": {"datetime": "2022-03-28 21:57:10", "elapsed": 1110.937531, "delta": 24.006039}}
{"target": 0.6023124683995486, "params": {"a": 6.254741095589484, "dB": 12.736003292719506, "s": 1.1030794721438215}, "datetime": {"datetime": "2022-03-28 21:57:39", "elapsed": 1139.524879, "delta": 28.587348}}
{"target": 0.8233326669260177, "params": {"a": 4.824597788314047, "dB": 10.699004503285325, "s": 0.7441010374969275}, "datetime": {"datetime": "2022-03-28 21:57:39", "elapsed": 1140.250086, "delta": 0.725207}}
{"target": 0.8025797071055577, "params": {"a": 8.177795200254307, "dB": 12.589136035231062, "s": 1.113800374996009}, "datetime": {"datetime": "2022-03-28 21:58:08", "elapsed": 1169.0462, "delta": 28.796114}}
{"target": 0.6274031634551923, "params": {"a": 8.443098664797587, "dB": 12.516398819105808, "s": 1.1517495245889786}, "datetime": {"datetime": "2022-03-28 21:58:37", "elapsed": 1198.44403, "delta": 29.39783}}
{"target": 0.7253267766079005, "params": {"a": 8.229578129322634, "dB": 12.460793235453178, "s": 0.9721670392417421}, "datetime": {"datetime": "2022-03-28 21:59:07", "elapsed": 1227.892094, "delta": 29.448064}}
{"target": 0.5982414385023137, "params": {"a": 4.637574340023347, "dB": 10.966769992164652, "s": 1.4367641412926007}, "datetime": {"datetime": "2022-03-28 21:59:10", "elapsed": 1230.870788, "delta": 2.978694}}
{"target": 0.37257628254032377, "params": {"a": 7.131280259406101, "dB": 12.685836041552076, "s": 0.5336256378987303}, "datetime": {"datetime": "2022-03-28 21:59:39", "elapsed": 1259.695975, "delta": 28.825187}}
{"target": 0.9307249254033422, "params": {"a": 5.851233453380373, "dB": 11.7704781340954, "s": 0.8662952043683199}, "datetime": {"datetime": "2022-03-28 21:59:44", "elapsed": 1264.949833, "delta": 5.253858}}
{"target": 0.5305578939229998, "params": {"a": 8.277227877705977, "dB": 12.492214247526142, "s": 0.8648647679150188}, "datetime": {"datetime": "2022-03-28 22:00:13", "elapsed": 1293.991679, "delta": 29.041846}}
{"target": 0.5541790652157854, "params": {"a": 5.943663614374266, "dB": 13.023536021196822, "s": 1.4748821260374925}, "datetime": {"datetime": "2022-03-28 22:00:42", "elapsed": 1322.761848, "delta": 28.770169}}
{"target": 0.7849250824101706, "params": {"a": 8.271766052317371, "dB": 12.45545279941176, "s": 1.1177778212762806}, "datetime": {"datetime": "2022-03-28 22:01:11", "elapsed": 1352.090542, "delta": 29.328694}}
{"target": 0.9453460765603635, "params": {"a": 8.338917912616271, "dB": 12.562089588772189, "s": 1.029790561830511}, "datetime": {"datetime": "2022-03-28 22:01:40", "elapsed": 1381.209665, "delta": 29.119123}}
{"target": 0.6611205375460193, "params": {"a": 6.885557631338293, "dB": 12.143733128111219, "s": 0.7598510005664457}, "datetime": {"datetime": "2022-03-28 22:01:47", "elapsed": 1388.360075, "delta": 7.15041}}
{"target": 0.7755055345332785, "params": {"a": 4.203780505015427, "dB": 10.918138670694834, "s": 0.6801987742214571}, "datetime": {"datetime": "2022-03-28 22:01:49", "elapsed": 1390.46445, "delta": 2.104375}}
{"target": 0.47472435292022835, "params": {"a": 4.870002338420689, "dB": 12.793045211477112, "s": 0.380244654792378}, "datetime": {"datetime": "2022-03-28 22:02:18", "elapsed": 1419.026194, "delta": 28.561744}}
{"target": 0.8292823588072793, "params": {"a": 6.6968756701582475, "dB": 11.579252338416113, "s": 0.9573239031419347}, "datetime": {"datetime": "2022-03-28 22:02:24", "elapsed": 1424.680935, "delta": 5.654741}}
{"target": 0.4470736475708803, "params": {"a": 6.491010091973791, "dB": 10.838106171928501, "s": 0.44013301162131335}, "datetime": {"datetime": "2022-03-28 22:02:26", "elapsed": 1426.928733, "delta": 2.247798}}
{"target": 0.5417162360449399, "params": {"a": 6.568123303589418, "dB": 12.17217568692348, "s": 1.0843283043621357}, "datetime": {"datetime": "2022-03-28 22:02:33", "elapsed": 1433.930954, "delta": 7.002221}}
{"target": 0.9622873851689676, "params": {"a": 5.731380196442257, "dB": 11.770086306296141, "s": 0.8274348467749048}, "datetime": {"datetime": "2022-03-28 22:02:38", "elapsed": 1439.471117, "delta": 5.540163}}
{"target": 0.9670230357936758, "params": {"a": 5.777764153755641, "dB": 11.645714654375038, "s": 0.8325193712226644}, "datetime": {"datetime": "2022-03-28 22:02:44", "elapsed": 1444.86804, "delta": 5.396923}}
{"target": 0.7131854137292765, "params": {"a": 5.732943686848954, "dB": 11.70294818795591, "s": 0.958594012790495}, "datetime": {"datetime": "2022-03-28 22:02:49", "elapsed": 1450.307265, "delta": 5.439225}}
{"target": 0.8427147876122913, "params": {"a": 5.813304509702499, "dB": 11.723352572980202, "s": 0.7176198187673403}, "datetime": {"datetime": "2022-03-28 22:02:55", "elapsed": 1455.710868, "delta": 5.403603}}
{"target": 0.9513152424211619, "params": {"a": 5.657828539986471, "dB": 11.653628331928328, "s": 0.7631891145426246}, "datetime": {"datetime": "2022-03-28 22:03:00", "elapsed": 1461.131167, "delta": 5.420299}}
{"target": 0.5849283095949019, "params": {"a": 4.6502092425659995, "dB": 10.694360452602098, "s": 1.1446147769014663}, "datetime": {"datetime": "2022-03-28 22:03:01", "elapsed": 1461.965686, "delta": 0.834519}}
{"target": 0.9371911098913679, "params": {"a": 5.73037236243976, "dB": 11.513964003071676, "s": 0.7554205286214326}, "datetime": {"datetime": "2022-03-28 22:03:06", "elapsed": 1467.432726, "delta": 5.46704}}
{"target": 0.8785875652927669, "params": {"a": 4.011418162155086, "dB": 10.768221704342496, "s": 0.5178156761658939}, "datetime": {"datetime": "2022-03-28 22:03:08", "elapsed": 1468.625193, "delta": 1.192467}}
{"target": 0.4883142445957442, "params": {"a": 7.696019882663942, "dB": 11.755531436115572, "s": 0.6553073008487774}, "datetime": {"datetime": "2022-03-28 22:03:19", "elapsed": 1479.982526, "delta": 11.357333}}
{"target": 0.8320635833480183, "params": {"a": 3.946150447425473, "dB": 10.581885692877163, "s": 0.3872595084216943}, "datetime": {"datetime": "2022-03-28 22:03:20", "elapsed": 1480.987262, "delta": 1.004736}}
{"target": 0.7122523080486254, "params": {"a": 4.021518488432369, "dB": 10.795517044649369, "s": 0.32063790670212106}, "datetime": {"datetime": "2022-03-28 22:03:22", "elapsed": 1482.883604, "delta": 1.896342}}
{"target": 0.7503570969815954, "params": {"a": 3.7149599864266625, "dB": 11.744588865321564, "s": 0.306349887613281}, "datetime": {"datetime": "2022-03-28 22:03:27", "elapsed": 1488.119642, "delta": 5.236038}}
{"target": 0.8802592427759898, "params": {"a": 4.076085086912879, "dB": 10.548961393271398, "s": 0.5586064980947594}, "datetime": {"datetime": "2022-03-28 22:03:28", "elapsed": 1489.086239, "delta": 0.966597}}
{"target": 0.7473212084004267, "params": {"a": 4.124795710234187, "dB": 10.690686672077565, "s": 0.6810925707847745}, "datetime": {"datetime": "2022-03-28 22:03:29", "elapsed": 1490.125198, "delta": 1.038959}}
{"target": 0.964618372237437, "params": {"a": 5.782776505559269, "dB": 11.94938713369336, "s": 0.8197514329929746}, "datetime": {"datetime": "2022-03-28 22:03:36", "elapsed": 1497.162208, "delta": 7.03701}}
{"target": 0.6454997792472792, "params": {"a": 4.016006340054175, "dB": 10.671446603715381, "s": 0.7435752938532381}, "datetime": {"datetime": "2022-03-28 22:03:37", "elapsed": 1497.968852, "delta": 0.806644}}
{"target": 0.9447773672278095, "params": {"a": 5.6312358829624465, "dB": 11.954668076348147, "s": 0.8237543882115461}, "datetime": {"datetime": "2022-03-28 22:03:44", "elapsed": 1505.385883, "delta": 7.417031}}
{"target": 0.8183247459602285, "params": {"a": 3.9408666711495983, "dB": 10.59318829896209, "s": 0.3741034378397841}, "datetime": {"datetime": "2022-03-28 22:03:45", "elapsed": 1506.196499, "delta": 0.810616}}
{"target": 0.703302679857099, "params": {"a": 5.6118241954054415, "dB": 11.920251731710046, "s": 0.6409159546958021}, "datetime": {"datetime": "2022-03-28 22:03:52", "elapsed": 1513.378396, "delta": 7.181897}}
{"target": 0.7245062145424098, "params": {"a": 5.7204435748615765, "dB": 12.069259366393029, "s": 0.9531035361393428}, "datetime": {"datetime": "2022-03-28 22:03:59", "elapsed": 1520.456309, "delta": 7.077913}}
{"target": 0.9639424591368467, "params": {"a": 5.5303133065403145, "dB": 11.478108533787198, "s": 0.7804423769852639}, "datetime": {"datetime": "2022-03-28 22:04:05", "elapsed": 1525.765461, "delta": 5.309152}}
{"target": 0.7163998077076796, "params": {"a": 5.57943619937438, "dB": 11.45182229351369, "s": 0.6265752885041576}, "datetime": {"datetime": "2022-03-28 22:04:10", "elapsed": 1531.201193, "delta": 5.435732}}
{"target": 0.7842009690586127, "params": {"a": 5.6556315757585764, "dB": 11.363278505090497, "s": 0.9241870059651913}, "datetime": {"datetime": "2022-03-28 22:04:16", "elapsed": 1536.567078, "delta": 5.365885}}
{"target": 0.584323340852659, "params": {"a": 4.77363505347459, "dB": 13.036470311010302, "s": 0.4567881742678488}, "datetime": {"datetime": "2022-03-28 22:04:44", "elapsed": 1564.958988, "delta": 28.39191}}
{"target": 0.5127354064245905, "params": {"a": 7.273514186347743, "dB": 11.209129587709185, "s": 1.3502286069371987}, "datetime": {"datetime": "2022-03-28 22:04:51", "elapsed": 1572.102054, "delta": 7.143066}}
{"target": 0.9042415464306719, "params": {"a": 5.390702321753718, "dB": 11.578845114725977, "s": 0.8221213897230442}, "datetime": {"datetime": "2022-03-28 22:04:56", "elapsed": 1577.432745, "delta": 5.330691}}
{"target": 0.47573452961583107, "params": {"a": 7.554348602148606, "dB": 12.741738197661677, "s": 1.3674347968155698}, "datetime": {"datetime": "2022-03-28 22:05:25", "elapsed": 1605.944868, "delta": 28.512123}}
{"target": 0.8140340816195493, "params": {"a": 5.375531784015477, "dB": 11.379209748105744, "s": 0.8742332523447148}, "datetime": {"datetime": "2022-03-28 22:05:30", "elapsed": 1611.34228, "delta": 5.397412}}
