{"target": 0.9620334333175754, "params": {"a": 3.527577615069392, "dB": 7.8965452571164425, "s": 0.5858967942736493}, "datetime": {"datetime": "2022-03-28 18:36:36", "elapsed": 107.58455, "delta": 0.378828}}
{"target": 0.8191603112975888, "params": {"a": 1.812259477298321, "dB": 8.337114669628566, "s": 0.1}, "datetime": {"datetime": "2022-03-28 18:36:36", "elapsed": 107.964842, "delta": 0.380292}}
{"target": 0.9740999965745711, "params": {"a": 3.5677433730768833, "dB": 7.5, "s": 0.6225682410745873}, "datetime": {"datetime": "2022-03-28 18:36:37", "elapsed": 108.513372, "delta": 0.54853}}
{"target": 0.9859989673333373, "params": {"a": 3.664302719425847, "dB": 7.6454373337093795, "s": 0.7043125896635447}, "datetime": {"datetime": "2022-03-28 18:36:37", "elapsed": 108.979596, "delta": 0.466224}}
{"target": 0.902938786191008, "params": {"a": 3.4844312824069417, "dB": 8.552569154532298, "s": 0.5418918433463966}, "datetime": {"datetime": "2022-03-28 18:36:38", "elapsed": 109.626913, "delta": 0.647317}}
{"target": 0.9788763334937713, "params": {"a": 3.1927145133654173, "dB": 7.802332757280908, "s": 0.5798980957451927}, "datetime": {"datetime": "2022-03-28 18:36:39", "elapsed": 110.855218, "delta": 1.228305}}
{"target": 0.9588737161441275, "params": {"a": 3.5720530737535516, "dB": 8.28458198005987, "s": 0.6117991422254295}, "datetime": {"datetime": "2022-03-28 18:36:40", "elapsed": 111.744649, "delta": 0.889431}}
{"target": 0.9869912587895094, "params": {"a": 3.4790129182039373, "dB": 8.067586603716125, "s": 0.6867999944340134}, "datetime": {"datetime": "2022-03-28 18:36:40", "elapsed": 112.171912, "delta": 0.427263}}
{"target": 0.9263907192506323, "params": {"a": 2.5932756159297874, "dB": 8.380758048586635, "s": 0.4424030155401323}, "datetime": {"datetime": "2022-03-28 18:36:41", "elapsed": 112.944783, "delta": 0.772871}}
{"target": 0.951039527338414, "params": {"a": 2.861246471572292, "dB": 8.268882065356665, "s": 0.5565298481802978}, "datetime": {"datetime": "2022-03-28 18:36:42", "elapsed": 113.389605, "delta": 0.444822}}
{"target": 0.9924396357712513, "params": {"a": 4.82808811348475, "dB": 9.438221647338667, "s": 0.9805728049643441}, "datetime": {"datetime": "2022-03-28 18:36:43", "elapsed": 115.179911, "delta": 1.790306}}
{"target": 0.6274842043347053, "params": {"a": 1.6416681424313992, "dB": 9.364597379541927, "s": 0.5390168934447833}, "datetime": {"datetime": "2022-03-28 18:36:45", "elapsed": 116.663623, "delta": 1.483712}}
{"target": 0.9005401514504072, "params": {"a": 4.2887156851357915, "dB": 7.991007117161041, "s": 0.8951850853976154}, "datetime": {"datetime": "2022-03-28 18:36:45", "elapsed": 117.170713, "delta": 0.50709}}
{"target": 0.7577382981316247, "params": {"a": 1.9822795967327898, "dB": 7.5, "s": 1.1}, "datetime": {"datetime": "2022-03-28 18:36:46", "elapsed": 117.680818, "delta": 0.510105}}
{"target": 0.9107902084247971, "params": {"a": 4.960926957517552, "dB": 9.289382639344767, "s": 1.0781302353710915}, "datetime": {"datetime": "2022-03-28 18:36:48", "elapsed": 119.350172, "delta": 1.669354}}
{"target": 0.988380899937198, "params": {"a": 4.069893668547461, "dB": 8.526457997998564, "s": 0.7781375838738296}, "datetime": {"datetime": "2022-03-28 18:36:49", "elapsed": 120.636634, "delta": 1.286462}}
{"target": 0.9319877132171043, "params": {"a": 4.382652641703712, "dB": 8.840078944638705, "s": 0.78096804364209}, "datetime": {"datetime": "2022-03-28 18:36:50", "elapsed": 121.776708, "delta": 1.140074}}
{"target": 0.9646450831214037, "params": {"a": 4.897554155072126, "dB": 9.529816425387326, "s": 0.925318888713468}, "datetime": {"datetime": "2022-03-28 18:36:51", "elapsed": 122.85087, "delta": 1.074162}}
{"target": 0.6307972090517869, "params": {"a": 2.9239055448564093, "dB": 10.069284827458345, "s": 0.2044637819694061}, "datetime": {"datetime": "2022-03-28 18:36:53", "elapsed": 124.370277, "delta": 1.519407}}
{"target": 0.9765459989052259, "params": {"a": 3.363855475583273, "dB": 8.288850543279576, "s": 0.6916519206659542}, "datetime": {"datetime": "2022-03-28 18:36:53", "elapsed": 125.191049, "delta": 0.820772}}
{"target": 0.9565612114723084, "params": {"a": 3.2899765966067847, "dB": 8.819484251691701, "s": 0.6044189834591351}, "datetime": {"datetime": "2022-03-28 18:36:55", "elapsed": 126.484548, "delta": 1.293499}}
{"target": 0.39268761145627334, "params": {"a": 5.0, "dB": 11.0, "s": 0.1}, "datetime": {"datetime": "2022-03-28 18:36:59", "elapsed": 130.54566, "delta": 4.061112}}
{"target": 0.8508674997298477, "params": {"a": 2.933221878823784, "dB": 10.465975662834436, "s": 0.6343178841295778}, "datetime": {"datetime": "2022-03-28 18:37:00", "elapsed": 131.479586, "delta": 0.933926}}
{"target": 0.6493932253792211, "params": {"a": 1.5, "dB": 10.42208046798055, "s": 0.1}, "datetime": {"datetime": "2022-03-28 18:37:01", "elapsed": 133.181772, "delta": 1.702186}}
{"target": 0.974781049821932, "params": {"a": 3.5813624821816172, "dB": 7.889613109700079, "s": 0.7288145256348393}, "datetime": {"datetime": "2022-03-28 18:37:02", "elapsed": 133.573579, "delta": 0.391807}}
{"target": 0.8614365604363494, "params": {"a": 4.0385917214067915, "dB": 10.872591373357581, "s": 0.9489008878750552}, "datetime": {"datetime": "2022-03-28 18:37:05", "elapsed": 136.467918, "delta": 2.894339}}
{"target": 0.9539244961114511, "params": {"a": 3.891625306041084, "dB": 8.707554939972388, "s": 0.7036103774810336}, "datetime": {"datetime": "2022-03-28 18:37:05", "elapsed": 136.97963, "delta": 0.511712}}
{"target": 0.7396988320498502, "params": {"a": 4.106348894626903, "dB": 10.924976520270969, "s": 0.6688581267621273}, "datetime": {"datetime": "2022-03-28 18:37:07", "elapsed": 138.788817, "delta": 1.809187}}
{"target": 0.9470592009455387, "params": {"a": 3.827791712320532, "dB": 10.55067868182695, "s": 0.7706089137963662}, "datetime": {"datetime": "2022-03-28 18:37:08", "elapsed": 139.54546, "delta": 0.756643}}
{"target": 0.9604869327891312, "params": {"a": 4.049819901756544, "dB": 10.534860177191193, "s": 0.8234592799878043}, "datetime": {"datetime": "2022-03-28 18:37:09", "elapsed": 140.359139, "delta": 0.813679}}
{"target": 0.8291727112624488, "params": {"a": 2.988461587524161, "dB": 9.970784506678244, "s": 0.7045405894214747}, "datetime": {"datetime": "2022-03-28 18:37:09", "elapsed": 141.166905, "delta": 0.807766}}
{"target": 0.9816638243971438, "params": {"a": 4.09841114190143, "dB": 9.717721486221299, "s": 0.8675565430773123}, "datetime": {"datetime": "2022-03-28 18:37:10", "elapsed": 141.969606, "delta": 0.802701}}
{"target": 0.8014655216157927, "params": {"a": 4.008445326358328, "dB": 9.712289024319999, "s": 1.0156840879135458}, "datetime": {"datetime": "2022-03-28 18:37:11", "elapsed": 142.730011, "delta": 0.760405}}
{"target": 0.9223971558142537, "params": {"a": 4.0397729229540715, "dB": 9.864112478969613, "s": 0.7492379223157607}, "datetime": {"datetime": "2022-03-28 18:37:12", "elapsed": 143.616668, "delta": 0.886657}}
{"target": 0.7321389733625767, "params": {"a": 4.787132958768623, "dB": 8.11792842141916, "s": 0.3373635346133661}, "datetime": {"datetime": "2022-03-28 18:37:12", "elapsed": 144.120582, "delta": 0.503914}}
{"target": 0.758201989771751, "params": {"a": 3.1041690264297674, "dB": 10.373615845500154, "s": 0.3987163660337816}, "datetime": {"datetime": "2022-03-28 18:37:13", "elapsed": 144.876646, "delta": 0.756064}}
{"target": 0.9795104497994646, "params": {"a": 4.293151837778138, "dB": 9.84552205967523, "s": 0.8565930475319598}, "datetime": {"datetime": "2022-03-28 18:37:14", "elapsed": 145.795911, "delta": 0.919265}}
{"target": 0.9792772898134888, "params": {"a": 3.927940521382757, "dB": 9.55694563915213, "s": 0.8147480557161988}, "datetime": {"datetime": "2022-03-28 18:37:15", "elapsed": 146.755773, "delta": 0.959862}}
{"target": 0.7415994480987057, "params": {"a": 4.993112145254323, "dB": 8.099506357566106, "s": 0.6749297034575079}, "datetime": {"datetime": "2022-03-28 18:37:16", "elapsed": 147.525161, "delta": 0.769388}}
{"target": 0.9749812889714619, "params": {"a": 3.7695928263717837, "dB": 9.300645149504504, "s": 0.7600256491680849}, "datetime": {"datetime": "2022-03-28 18:37:17", "elapsed": 148.30791, "delta": 0.782749}}
{"target": 0.9864562072635444, "params": {"a": 4.145357372840869, "dB": 9.539856209177335, "s": 0.847022627813876}, "datetime": {"datetime": "2022-03-28 18:37:17", "elapsed": 149.118277, "delta": 0.810367}}
{"target": 0.9896659910772428, "params": {"a": 4.08815536701733, "dB": 9.228473752764856, "s": 0.8584169396426156}, "datetime": {"datetime": "2022-03-28 18:37:18", "elapsed": 149.943198, "delta": 0.824921}}
{"target": 0.9848424260185146, "params": {"a": 4.020601891972727, "dB": 9.37174893527972, "s": 0.823564096384126}, "datetime": {"datetime": "2022-03-28 18:37:19", "elapsed": 150.764872, "delta": 0.821674}}
{"target": 0.979991498510863, "params": {"a": 4.559878945297179, "dB": 9.141751166559102, "s": 0.9360265339826203}, "datetime": {"datetime": "2022-03-28 18:37:20", "elapsed": 151.426372, "delta": 0.6615}}
{"target": 0.995053210232284, "params": {"a": 4.03196893702485, "dB": 9.095649339973155, "s": 0.8153601396223921}, "datetime": {"datetime": "2022-03-28 18:37:20", "elapsed": 152.055726, "delta": 0.629354}}
{"target": 0.9954425952130599, "params": {"a": 4.159049110985964, "dB": 9.081684594420496, "s": 0.8242681639810003}, "datetime": {"datetime": "2022-03-28 18:37:21", "elapsed": 152.707399, "delta": 0.651673}}
{"target": 0.8253229789625851, "params": {"a": 2.558336026916513, "dB": 8.80415046748313, "s": 0.6128472067903716}, "datetime": {"datetime": "2022-03-28 18:37:22", "elapsed": 153.351733, "delta": 0.644334}}
{"target": 0.6179789855185709, "params": {"a": 3.945722205625182, "dB": 8.57445275399387, "s": 0.23068767630247558}, "datetime": {"datetime": "2022-03-28 18:37:22", "elapsed": 153.748988, "delta": 0.397255}}
{"target": 0.7954134871542576, "params": {"a": 3.2471731288530927, "dB": 8.262136968596144, "s": 0.3536380464862853}, "datetime": {"datetime": "2022-03-28 18:37:22", "elapsed": 154.119496, "delta": 0.370508}}
{"target": 0.9537215690027068, "params": {"a": 3.7151617500148473, "dB": 9.776191894417282, "s": 0.7219688018800218}, "datetime": {"datetime": "2022-03-28 18:37:23", "elapsed": 154.960992, "delta": 0.841496}}
{"target": 0.6439207553351803, "params": {"a": 2.398222299413977, "dB": 9.921785123016027, "s": 0.8355671237689738}, "datetime": {"datetime": "2022-03-28 18:37:24", "elapsed": 155.662518, "delta": 0.701526}}
{"target": 0.9387511144402303, "params": {"a": 2.7312032517419134, "dB": 8.165774480498774, "s": 0.4380372503709855}, "datetime": {"datetime": "2022-03-28 18:37:24", "elapsed": 156.12282, "delta": 0.460302}}
{"target": 0.9571451111881333, "params": {"a": 4.2285868118423915, "dB": 9.70260871447233, "s": 0.8142924910699136}, "datetime": {"datetime": "2022-03-28 18:37:25", "elapsed": 156.934669, "delta": 0.811849}}
{"target": 0.6470282703659336, "params": {"a": 3.574423845966292, "dB": 10.39420703940466, "s": 0.4333492804579092}, "datetime": {"datetime": "2022-03-28 18:37:26", "elapsed": 157.802227, "delta": 0.867558}}
{"target": 0.9835985536796242, "params": {"a": 3.300375415430191, "dB": 8.03425610854639, "s": 0.6506406375286226}, "datetime": {"datetime": "2022-03-28 18:37:27", "elapsed": 158.301969, "delta": 0.499742}}
{"target": 0.9792225858360045, "params": {"a": 3.9464453310867227, "dB": 9.21288845820349, "s": 0.7895475316146302}, "datetime": {"datetime": "2022-03-28 18:37:28", "elapsed": 159.9991, "delta": 1.697131}}
{"target": 0.9690867957027204, "params": {"a": 4.282125827335855, "dB": 10.015783725494778, "s": 0.8435963630975485}, "datetime": {"datetime": "2022-03-28 18:37:30", "elapsed": 162.013613, "delta": 2.014513}}
{"target": 0.6345523658322648, "params": {"a": 3.203464447834374, "dB": 10.417063722702494, "s": 1.077699727274853}, "datetime": {"datetime": "2022-03-28 18:37:32", "elapsed": 163.52789, "delta": 1.514277}}
{"target": 0.7499909356786173, "params": {"a": 4.469896383564827, "dB": 8.016714600209195, "s": 0.5750865924725518}, "datetime": {"datetime": "2022-03-28 18:37:32", "elapsed": 164.144739, "delta": 0.616849}}
{"target": 0.9847961774886431, "params": {"a": 3.9791024359203795, "dB": 8.402026239538936, "s": 0.781762798237528}, "datetime": {"datetime": "2022-03-28 18:37:34", "elapsed": 165.252425, "delta": 1.107686}}
{"target": 0.9885713290552448, "params": {"a": 4.08880597929785, "dB": 8.962220152566145, "s": 0.7975847899908473}, "datetime": {"datetime": "2022-03-28 18:37:35", "elapsed": 166.355618, "delta": 1.103193}}
{"target": 0.9915700897707201, "params": {"a": 4.196031829214228, "dB": 9.37779985944052, "s": 0.8782724003103713}, "datetime": {"datetime": "2022-03-28 18:37:37", "elapsed": 168.233842, "delta": 1.878224}}
{"target": 0.9676137403584025, "params": {"a": 4.134869157036505, "dB": 7.777978765183504, "s": 0.7233942218010392}, "datetime": {"datetime": "2022-03-28 18:37:37", "elapsed": 168.852082, "delta": 0.61824}}
{"target": 0.995786155412291, "params": {"a": 4.39912139600174, "dB": 9.311262123209183, "s": 0.9219221995588717}, "datetime": {"datetime": "2022-03-28 18:37:39", "elapsed": 170.273782, "delta": 1.4217}}
{"target": 0.6723206559286083, "params": {"a": 2.340708534274264, "dB": 11.0, "s": 0.1}, "datetime": {"datetime": "2022-03-28 18:37:41", "elapsed": 173.12066, "delta": 2.846878}}
{"target": 0.9902781217557329, "params": {"a": 4.4154070363531766, "dB": 9.95677739285505, "s": 0.8987115786535081}, "datetime": {"datetime": "2022-03-28 18:37:43", "elapsed": 174.327561, "delta": 1.206901}}
{"target": 0.9640705552696317, "params": {"a": 4.020650110139189, "dB": 9.657386288578934, "s": 0.7860627255490132}, "datetime": {"datetime": "2022-03-28 18:37:44", "elapsed": 175.883328, "delta": 1.555767}}
{"target": 0.9258082882077394, "params": {"a": 3.7450737720174616, "dB": 10.768242986120981, "s": 0.7312003218670549}, "datetime": {"datetime": "2022-03-28 18:37:46", "elapsed": 178.130792, "delta": 2.247464}}
{"target": 0.9738645970779479, "params": {"a": 3.8214777743017723, "dB": 9.52301324629172, "s": 0.7754679440022935}, "datetime": {"datetime": "2022-03-28 18:37:48", "elapsed": 179.428769, "delta": 1.297977}}
{"target": 0.6530549424604842, "params": {"a": 1.548596974333726, "dB": 10.110851740317278, "s": 0.18686146305840026}, "datetime": {"datetime": "2022-03-28 18:37:49", "elapsed": 180.515796, "delta": 1.087027}}
{"target": 0.9757866009046449, "params": {"a": 3.149060974429719, "dB": 7.625488350412589, "s": 0.5691173410335651}, "datetime": {"datetime": "2022-03-28 18:37:50", "elapsed": 181.621799, "delta": 1.106003}}
{"target": 0.4320580619860295, "params": {"a": 5.0, "dB": 7.5, "s": 0.1}, "datetime": {"datetime": "2022-03-28 18:37:52", "elapsed": 183.206494, "delta": 1.584695}}
{"target": 0.9301414559453034, "params": {"a": 2.6864188167290046, "dB": 8.605138047738558, "s": 0.4631379966476955}, "datetime": {"datetime": "2022-03-28 18:37:53", "elapsed": 184.249843, "delta": 1.043349}}
{"target": 0.8361385332484507, "params": {"a": 4.6544351862689695, "dB": 7.565901832553446, "s": 0.6865840735322929}, "datetime": {"datetime": "2022-03-28 18:37:54", "elapsed": 185.601104, "delta": 1.351261}}
{"target": 0.9697627349854121, "params": {"a": 4.001705338097293, "dB": 8.441927946761625, "s": 0.6877049991097812}, "datetime": {"datetime": "2022-03-28 18:37:55", "elapsed": 186.835862, "delta": 1.234758}}
{"target": 0.9686849288787842, "params": {"a": 3.9651640897153673, "dB": 8.58744693015499, "s": 0.8084654285553012}, "datetime": {"datetime": "2022-03-28 18:37:56", "elapsed": 188.130828, "delta": 1.294966}}
{"target": 0.957706965789672, "params": {"a": 4.234850058686369, "dB": 8.5185792748055, "s": 0.8344535081738187}, "datetime": {"datetime": "2022-03-28 18:37:58", "elapsed": 189.534167, "delta": 1.403339}}
{"target": 0.7293296753488294, "params": {"a": 2.6490336511008374, "dB": 8.963180293903077, "s": 0.17114298021074384}, "datetime": {"datetime": "2022-03-28 18:37:59", "elapsed": 190.909054, "delta": 1.374887}}
{"target": 0.8071434918098895, "params": {"a": 1.9486468536970039, "dB": 7.625950627503759, "s": 0.4314433907238947}, "datetime": {"datetime": "2022-03-28 18:38:00", "elapsed": 191.929346, "delta": 1.020292}}
{"target": 0.9594660715415549, "params": {"a": 3.7836275580966165, "dB": 8.479200030667979, "s": 0.6438749795780647}, "datetime": {"datetime": "2022-03-28 18:38:02", "elapsed": 193.329279, "delta": 1.399933}}
{"target": 0.9565327099594886, "params": {"a": 3.4067518618450334, "dB": 9.043909827985187, "s": 0.6372376001156553}, "datetime": {"datetime": "2022-03-28 18:38:03", "elapsed": 195.119688, "delta": 1.790409}}
{"target": 0.9730069263232304, "params": {"a": 4.17638672017226, "dB": 8.690177554262881, "s": 0.8847811858970511}, "datetime": {"datetime": "2022-03-28 18:38:04", "elapsed": 195.801558, "delta": 0.68187}}
{"target": 0.9155517364299005, "params": {"a": 4.719484545304731, "dB": 9.405117324428446, "s": 0.8607782367309693}, "datetime": {"datetime": "2022-03-28 18:38:05", "elapsed": 196.814757, "delta": 1.013199}}
{"target": 0.9807326744726854, "params": {"a": 3.754113221157775, "dB": 7.5, "s": 0.7203792819929539}, "datetime": {"datetime": "2022-03-28 18:38:06", "elapsed": 197.433981, "delta": 0.619224}}
{"target": 0.9278277808929112, "params": {"a": 4.127646079654359, "dB": 7.5, "s": 0.8550470790273257}, "datetime": {"datetime": "2022-03-28 18:38:06", "elapsed": 198.109465, "delta": 0.675484}}
{"target": 0.9913763636839957, "params": {"a": 4.603533369498418, "dB": 8.970508695352192, "s": 0.9121170861971118}, "datetime": {"datetime": "2022-03-28 18:38:07", "elapsed": 198.798206, "delta": 0.688741}}
{"target": 0.9825204915215189, "params": {"a": 4.100035335363826, "dB": 8.027891938310646, "s": 0.750056081342454}, "datetime": {"datetime": "2022-03-28 18:38:08", "elapsed": 199.276613, "delta": 0.478407}}
{"target": 0.9836071198605324, "params": {"a": 4.784215109088248, "dB": 9.007122799250457, "s": 0.9339639684857914}, "datetime": {"datetime": "2022-03-28 18:38:08", "elapsed": 199.950606, "delta": 0.673993}}
{"target": 0.9746762378992985, "params": {"a": 4.700346388698611, "dB": 9.056962620234605, "s": 0.9496057962379953}, "datetime": {"datetime": "2022-03-28 18:38:09", "elapsed": 200.669899, "delta": 0.719293}}
{"target": 0.766719831349325, "params": {"a": 2.592550149193233, "dB": 10.311774006267004, "s": 0.2521546278673905}, "datetime": {"datetime": "2022-03-28 18:38:10", "elapsed": 201.465079, "delta": 0.79518}}
{"target": 0.8589214520174523, "params": {"a": 4.819811028236438, "dB": 8.836353222945588, "s": 0.7948917779014597}, "datetime": {"datetime": "2022-03-28 18:38:10", "elapsed": 202.165571, "delta": 0.700492}}
{"target": 0.9808192272541403, "params": {"a": 3.313527897965111, "dB": 7.688269919209269, "s": 0.5958329775803825}, "datetime": {"datetime": "2022-03-28 18:38:11", "elapsed": 202.76461, "delta": 0.599039}}
{"target": 0.9919444361947587, "params": {"a": 3.9292221113672463, "dB": 8.936511976297659, "s": 0.817126816423706}, "datetime": {"datetime": "2022-03-28 18:38:12", "elapsed": 203.52756, "delta": 0.76295}}
{"target": 0.9728905376099795, "params": {"a": 3.084179170206036, "dB": 7.970777078115639, "s": 0.6046017709339553}, "datetime": {"datetime": "2022-03-28 18:38:12", "elapsed": 204.163591, "delta": 0.636031}}
{"target": 0.9969578299004566, "params": {"a": 4.452560119934469, "dB": 9.035636749560405, "s": 0.8881423241079498}, "datetime": {"datetime": "2022-03-28 18:38:13", "elapsed": 204.89347, "delta": 0.729879}}
{"target": 0.8382913463255263, "params": {"a": 1.9817542727271606, "dB": 7.989924260113754, "s": 0.1}, "datetime": {"datetime": "2022-03-28 18:38:14", "elapsed": 205.515446, "delta": 0.621976}}
{"target": 0.8475243084594267, "params": {"a": 1.9488993814978564, "dB": 7.5, "s": 0.1}, "datetime": {"datetime": "2022-03-28 18:38:14", "elapsed": 206.147554, "delta": 0.632108}}
{"target": 0.9665846383577489, "params": {"a": 2.9941491936032265, "dB": 8.132398119351848, "s": 0.5757021034281858}, "datetime": {"datetime": "2022-03-28 18:38:15", "elapsed": 206.772613, "delta": 0.625059}}
{"target": 0.975467314923832, "params": {"a": 4.009194234870924, "dB": 8.147858889229408, "s": 0.7660428789886057}, "datetime": {"datetime": "2022-03-28 18:38:16", "elapsed": 207.406474, "delta": 0.633861}}
{"target": 0.9729334698664859, "params": {"a": 4.0950910693486495, "dB": 9.43489577159914, "s": 0.8974379452774258}, "datetime": {"datetime": "2022-03-28 18:38:17", "elapsed": 208.506566, "delta": 1.100092}}
{"target": 0.9483638336233968, "params": {"a": 3.9179748266157532, "dB": 10.635277079142433, "s": 0.8318149058634267}, "datetime": {"datetime": "2022-03-28 18:38:18", "elapsed": 209.559653, "delta": 1.053087}}
{"target": 0.9869075033783303, "params": {"a": 3.745455352291974, "dB": 8.175980873566356, "s": 0.6567909484325245}, "datetime": {"datetime": "2022-03-28 18:38:19", "elapsed": 210.221551, "delta": 0.661898}}
{"target": 0.9382778182049856, "params": {"a": 2.7286199450826416, "dB": 8.178120085559463, "s": 0.43691939872129615}, "datetime": {"datetime": "2022-03-28 18:38:19", "elapsed": 210.672711, "delta": 0.45116}}
{"target": 0.9734685528885952, "params": {"a": 3.8574778769523212, "dB": 8.831140900006666, "s": 0.8444340740203901}, "datetime": {"datetime": "2022-03-28 18:38:20", "elapsed": 211.626559, "delta": 0.953848}}
{"target": 0.9953461672371393, "params": {"a": 4.610407160531386, "dB": 9.584850504155199, "s": 0.9259750647225102}, "datetime": {"datetime": "2022-03-28 18:38:21", "elapsed": 212.715447, "delta": 1.088888}}
{"target": 0.9971642804797181, "params": {"a": 4.511360817834116, "dB": 9.496631143568814, "s": 0.9210347481822767}, "datetime": {"datetime": "2022-03-28 18:38:22", "elapsed": 213.95164, "delta": 1.236193}}
