{"target": 0.9111497250128492, "params": {"a": 3.238639837194733, "dB": 9.488272044168015, "s": 0.6534354791164241}, "datetime": {"datetime": "2022-03-27 17:16:30", "elapsed": 37.063712, "delta": 0.307602}}
{"target": 0.990559294053567, "params": {"a": 3.5062589448000923, "dB": 9.21063908745302, "s": 0.5181631216133483}, "datetime": {"datetime": "2022-03-27 17:16:30", "elapsed": 37.362129, "delta": 0.298417}}
{"target": 0.9915326477316785, "params": {"a": 3.332293336842313, "dB": 9.177030605127634, "s": 0.5693437512616906}, "datetime": {"datetime": "2022-03-27 17:16:31", "elapsed": 37.872533, "delta": 0.510404}}
{"target": 0.888599969652749, "params": {"a": 3.2303200275599586, "dB": 9.096940967057115, "s": 0.3723933723077879}, "datetime": {"datetime": "2022-03-27 17:16:31", "elapsed": 38.250043, "delta": 0.37751}}
{"target": 0.9946948482469898, "params": {"a": 3.4844312824069417, "dB": 8.552569154532298, "s": 0.5418918433463966}, "datetime": {"datetime": "2022-03-27 17:16:31", "elapsed": 38.50362, "delta": 0.253577}}
{"target": 0.9968755240643399, "params": {"a": 3.4195231487330826, "dB": 9.306705831344246, "s": 0.5611006049162246}, "datetime": {"datetime": "2022-03-27 17:16:32", "elapsed": 38.914504, "delta": 0.410884}}
{"target": 0.6605841602200355, "params": {"a": 1.5, "dB": 10.356478786569129, "s": 0.1}, "datetime": {"datetime": "2022-03-27 17:16:32", "elapsed": 39.247559, "delta": 0.333055}}
{"target": 0.9940683823426454, "params": {"a": 3.6310662402572706, "dB": 8.887500466918056, "s": 0.5803575481871376}, "datetime": {"datetime": "2022-03-27 17:16:33", "elapsed": 39.60776, "delta": 0.360201}}
{"target": 0.9894005338151184, "params": {"a": 3.6551887975229396, "dB": 9.117412199372113, "s": 0.6031288656101018}, "datetime": {"datetime": "2022-03-27 17:16:33", "elapsed": 40.036827, "delta": 0.429067}}
{"target": 0.9961314255558193, "params": {"a": 3.4458756330393308, "dB": 9.656732536169754, "s": 0.5670577234045766}, "datetime": {"datetime": "2022-03-27 17:16:33", "elapsed": 40.364031, "delta": 0.327204}}
{"target": 0.9739332985904684, "params": {"a": 4.312153538670506, "dB": 9.29576039097795, "s": 0.6630007996340047}, "datetime": {"datetime": "2022-03-27 17:16:34", "elapsed": 40.746898, "delta": 0.382867}}
{"target": 0.639555077380723, "params": {"a": 1.6416681424313992, "dB": 9.364597379541927, "s": 0.5390168934447833}, "datetime": {"datetime": "2022-03-27 17:16:34", "elapsed": 41.004245, "delta": 0.257347}}
{"target": 0.9875113427625963, "params": {"a": 3.124716286727934, "dB": 9.03537434113766, "s": 0.4949591333547039}, "datetime": {"datetime": "2022-03-27 17:16:34", "elapsed": 41.276155, "delta": 0.27191}}
{"target": 0.9723650024380781, "params": {"a": 3.6743036533546753, "dB": 7.7208547247344805, "s": 0.522038613348006}, "datetime": {"datetime": "2022-03-27 17:16:35", "elapsed": 41.644663, "delta": 0.368508}}
{"target": 0.9263338875844812, "params": {"a": 3.292078396180038, "dB": 10.819195205257707, "s": 0.5518239451317783}, "datetime": {"datetime": "2022-03-27 17:16:35", "elapsed": 42.0137, "delta": 0.369037}}
{"target": 0.89148597601282, "params": {"a": 4.333230600681556, "dB": 7.704878856485072, "s": 0.5964472381017857}, "datetime": {"datetime": "2022-03-27 17:16:35", "elapsed": 42.415623, "delta": 0.401923}}
{"target": 0.9419155450946753, "params": {"a": 2.541594958157051, "dB": 8.347189642222618, "s": 0.3948470215479038}, "datetime": {"datetime": "2022-03-27 17:16:36", "elapsed": 42.740469, "delta": 0.324846}}
{"target": 0.9312704712365769, "params": {"a": 2.6064956046772894, "dB": 8.666196315871714, "s": 0.4773139742175415}, "datetime": {"datetime": "2022-03-27 17:16:36", "elapsed": 43.10141, "delta": 0.360941}}
{"target": 0.644454696517902, "params": {"a": 2.9239055448564093, "dB": 10.069284827458345, "s": 0.2044637819694061}, "datetime": {"datetime": "2022-03-27 17:16:36", "elapsed": 43.409291, "delta": 0.307881}}
{"target": 0.963552269106971, "params": {"a": 2.7837945536946718, "dB": 8.452496886563214, "s": 0.4857097929592583}, "datetime": {"datetime": "2022-03-27 17:16:37", "elapsed": 43.737186, "delta": 0.327895}}
{"target": 0.9095178976702953, "params": {"a": 2.6664949549214754, "dB": 8.447293507280483, "s": 0.3120724671256567}, "datetime": {"datetime": "2022-03-27 17:16:37", "elapsed": 44.056234, "delta": 0.319048}}
{"target": 0.8685528655373065, "params": {"a": 2.616761422728672, "dB": 8.436868471615156, "s": 0.5850572298471437}, "datetime": {"datetime": "2022-03-27 17:16:37", "elapsed": 44.447193, "delta": 0.390959}}
{"target": 0.8588495532822243, "params": {"a": 2.933221878823784, "dB": 10.465975662834436, "s": 0.6343178841295778}, "datetime": {"datetime": "2022-03-27 17:16:38", "elapsed": 44.757579, "delta": 0.310386}}
{"target": 0.9792340898902657, "params": {"a": 2.953161213076064, "dB": 7.505405986731547, "s": 0.49838580299268065}, "datetime": {"datetime": "2022-03-27 17:16:38", "elapsed": 45.164923, "delta": 0.407344}}
{"target": 0.9703034931541578, "params": {"a": 4.084590433113743, "dB": 9.17381372078607, "s": 0.6221845314271758}, "datetime": {"datetime": "2022-03-27 17:16:38", "elapsed": 45.473965, "delta": 0.309042}}
{"target": 0.9087175056502869, "params": {"a": 4.170873037430887, "dB": 8.975168232745967, "s": 0.7874884716446153}, "datetime": {"datetime": "2022-03-27 17:16:39", "elapsed": 45.862925, "delta": 0.38896}}
{"target": 0.9773959946925547, "params": {"a": 2.927398263163066, "dB": 8.62629629067077, "s": 0.4673368610150348}, "datetime": {"datetime": "2022-03-27 17:16:39", "elapsed": 46.227947, "delta": 0.365022}}
{"target": 0.9516928392781036, "params": {"a": 2.7983955715700515, "dB": 8.86845662713899, "s": 0.5128628810590155}, "datetime": {"datetime": "2022-03-27 17:16:40", "elapsed": 46.689732, "delta": 0.461785}}
{"target": 0.9779845822197911, "params": {"a": 2.9963222304422956, "dB": 8.38091327658198, "s": 0.5324713036312536}, "datetime": {"datetime": "2022-03-27 17:16:40", "elapsed": 47.107568, "delta": 0.417836}}
{"target": 0.941207080267329, "params": {"a": 5.0, "dB": 8.654273625320394, "s": 0.8237456508910309}, "datetime": {"datetime": "2022-03-27 17:16:40", "elapsed": 47.511519, "delta": 0.403951}}
{"target": 0.9929130210594589, "params": {"a": 3.504763966473856, "dB": 8.75822823532793, "s": 0.5803737950602199}, "datetime": {"datetime": "2022-03-27 17:16:41", "elapsed": 47.900667, "delta": 0.389148}}
{"target": 0.9336186527615896, "params": {"a": 2.5779459213035985, "dB": 9.015946292910423, "s": 0.4320476988852378}, "datetime": {"datetime": "2022-03-27 17:16:41", "elapsed": 48.253688, "delta": 0.353021}}
{"target": 0.9971157188810018, "params": {"a": 3.634958361359979, "dB": 9.314923395499195, "s": 0.5564162233598865}, "datetime": {"datetime": "2022-03-27 17:16:41", "elapsed": 48.580623, "delta": 0.326935}}
{"target": 0.9623427469905149, "params": {"a": 2.958077253252301, "dB": 9.146431273540722, "s": 0.4307506034515606}, "datetime": {"datetime": "2022-03-27 17:16:42", "elapsed": 48.976644, "delta": 0.396021}}
{"target": 0.7392633470073048, "params": {"a": 4.787132958768623, "dB": 8.11792842141916, "s": 0.3373635346133661}, "datetime": {"datetime": "2022-03-27 17:16:42", "elapsed": 49.311755, "delta": 0.335111}}
{"target": 0.8002116567985269, "params": {"a": 3.1041690264297674, "dB": 10.373615845500154, "s": 0.3987163660337816}, "datetime": {"datetime": "2022-03-27 17:16:43", "elapsed": 49.662787, "delta": 0.351032}}
{"target": 0.9877872287934679, "params": {"a": 3.67079927742758, "dB": 8.753960146735864, "s": 0.532277567528395}, "datetime": {"datetime": "2022-03-27 17:16:43", "elapsed": 50.04277, "delta": 0.379983}}
{"target": 0.984759268498116, "params": {"a": 3.1195546167362505, "dB": 9.220263686166394, "s": 0.5372027964990992}, "datetime": {"datetime": "2022-03-27 17:16:43", "elapsed": 50.472495, "delta": 0.429725}}
{"target": 0.9840608694974765, "params": {"a": 3.115982417706192, "dB": 8.658795628815007, "s": 0.5476872987287154}, "datetime": {"datetime": "2022-03-27 17:16:44", "elapsed": 51.012925, "delta": 0.54043}}
{"target": 0.9860062454798127, "params": {"a": 3.4486002538973732, "dB": 7.903249940550225, "s": 0.5222749186723814}, "datetime": {"datetime": "2022-03-27 17:16:44", "elapsed": 51.351051, "delta": 0.338126}}
{"target": 0.3999621797725407, "params": {"a": 5.0, "dB": 7.5, "s": 0.1}, "datetime": {"datetime": "2022-03-27 17:16:45", "elapsed": 51.760024, "delta": 0.408973}}
{"target": 0.7548296724463716, "params": {"a": 1.9934903059298623, "dB": 7.5, "s": 1.1}, "datetime": {"datetime": "2022-03-27 17:16:45", "elapsed": 52.150889, "delta": 0.390865}}
{"target": 0.9256985630786425, "params": {"a": 2.448080388339165, "dB": 8.076270978583219, "s": 0.42956850263246416}, "datetime": {"datetime": "2022-03-27 17:16:45", "elapsed": 52.543507, "delta": 0.392618}}
{"target": 0.7422784098986991, "params": {"a": 1.5, "dB": 8.490360932943421, "s": 0.1}, "datetime": {"datetime": "2022-03-27 17:16:46", "elapsed": 52.939442, "delta": 0.395935}}
{"target": 0.688155139649546, "params": {"a": 2.342335537532201, "dB": 11.0, "s": 0.1}, "datetime": {"datetime": "2022-03-27 17:16:46", "elapsed": 53.371283, "delta": 0.431841}}
{"target": 0.9033275595022493, "params": {"a": 4.526096527064406, "dB": 9.376770673375344, "s": 0.655620867487344}, "datetime": {"datetime": "2022-03-27 17:16:47", "elapsed": 53.810215, "delta": 0.438932}}
{"target": 0.966940282094205, "params": {"a": 3.1084698547932406, "dB": 7.5, "s": 0.5805912062293253}, "datetime": {"datetime": "2022-03-27 17:16:47", "elapsed": 54.274929, "delta": 0.464714}}
{"target": 0.6665170190777844, "params": {"a": 3.945722205625182, "dB": 8.57445275399387, "s": 0.23068767630247558}, "datetime": {"datetime": "2022-03-27 17:16:47", "elapsed": 54.579152, "delta": 0.304223}}
{"target": 0.8789729266507251, "params": {"a": 3.2471731288530927, "dB": 8.262136968596144, "s": 0.3536380464862853}, "datetime": {"datetime": "2022-03-27 17:16:48", "elapsed": 54.890002, "delta": 0.31085}}
{"target": 0.988588079943305, "params": {"a": 3.470028245583735, "dB": 9.924157237759085, "s": 0.6300124186251601}, "datetime": {"datetime": "2022-03-27 17:16:48", "elapsed": 55.374483, "delta": 0.484481}}
{"target": 0.6518903168930879, "params": {"a": 2.398222299413977, "dB": 9.921785123016027, "s": 0.8355671237689738}, "datetime": {"datetime": "2022-03-27 17:16:49", "elapsed": 55.694631, "delta": 0.320148}}
{"target": 0.9672704713558099, "params": {"a": 2.7671449208267047, "dB": 8.204881700885913, "s": 0.45730735822067614}, "datetime": {"datetime": "2022-03-27 17:16:49", "elapsed": 56.24088, "delta": 0.546249}}
{"target": 0.8616554809897353, "params": {"a": 4.6699913902880565, "dB": 7.7591827227278225, "s": 0.6638371504844158}, "datetime": {"datetime": "2022-03-27 17:16:50", "elapsed": 56.644951, "delta": 0.404071}}
{"target": 0.7344829115278186, "params": {"a": 3.574423845966292, "dB": 10.39420703940466, "s": 0.4333492804579092}, "datetime": {"datetime": "2022-03-27 17:16:50", "elapsed": 57.009907, "delta": 0.364956}}
{"target": 0.9914531077922536, "params": {"a": 4.492967126909559, "dB": 10.272094730547295, "s": 0.734794148023689}, "datetime": {"datetime": "2022-03-27 17:16:50", "elapsed": 57.489841, "delta": 0.479934}}
{"target": 0.9706098838409936, "params": {"a": 2.957059894095872, "dB": 8.195736465368425, "s": 0.5417779488144686}, "datetime": {"datetime": "2022-03-27 17:16:51", "elapsed": 57.901603, "delta": 0.411762}}
{"target": 0.9851441946407619, "params": {"a": 3.274465800303978, "dB": 7.783641371349117, "s": 0.49942267922910927}, "datetime": {"datetime": "2022-03-27 17:16:51", "elapsed": 58.303492, "delta": 0.401889}}
{"target": 0.9947481127880027, "params": {"a": 3.6359776408330156, "dB": 8.881402434977971, "s": 0.5747047052007915}, "datetime": {"datetime": "2022-03-27 17:16:52", "elapsed": 58.629281, "delta": 0.325789}}
{"target": 0.7986480269727387, "params": {"a": 4.469896383564827, "dB": 8.016714600209195, "s": 0.5750865924725518}, "datetime": {"datetime": "2022-03-27 17:16:52", "elapsed": 58.977779, "delta": 0.348498}}
{"target": 0.9757397778201747, "params": {"a": 3.4962146191082075, "dB": 8.14219917456543, "s": 0.49205085793600883}, "datetime": {"datetime": "2022-03-27 17:16:52", "elapsed": 59.360278, "delta": 0.382499}}
{"target": 0.9808968555403302, "params": {"a": 3.757191880670974, "dB": 8.17233851439574, "s": 0.5884812394812952}, "datetime": {"datetime": "2022-03-27 17:16:53", "elapsed": 59.894401, "delta": 0.534123}}
{"target": 0.9748728620562196, "params": {"a": 3.654221099497563, "dB": 11.0, "s": 0.6782175323991193}, "datetime": {"datetime": "2022-03-27 17:16:53", "elapsed": 60.444914, "delta": 0.550513}}
{"target": 0.9696898800448419, "params": {"a": 3.5735616682616604, "dB": 10.888328346623787, "s": 0.633016392772451}, "datetime": {"datetime": "2022-03-27 17:16:54", "elapsed": 60.908709, "delta": 0.463795}}
{"target": 0.9852636249247858, "params": {"a": 3.7850730999176534, "dB": 10.908972493398807, "s": 0.6810034505358437}, "datetime": {"datetime": "2022-03-27 17:16:54", "elapsed": 61.346535, "delta": 0.437826}}
{"target": 0.9867901580327987, "params": {"a": 3.8003889313662036, "dB": 10.673018349630137, "s": 0.6671017702168047}, "datetime": {"datetime": "2022-03-27 17:16:55", "elapsed": 61.805429, "delta": 0.458894}}
{"target": 0.9899430676480597, "params": {"a": 3.914097774051985, "dB": 10.760559268204293, "s": 0.7081233567743762}, "datetime": {"datetime": "2022-03-27 17:16:55", "elapsed": 62.263145, "delta": 0.457716}}
{"target": 0.9818024720449762, "params": {"a": 3.9578657718900097, "dB": 10.481747958751166, "s": 0.6627122253833464}, "datetime": {"datetime": "2022-03-27 17:16:56", "elapsed": 62.689004, "delta": 0.425859}}
{"target": 0.946452934636426, "params": {"a": 4.024216749413283, "dB": 10.635214308218078, "s": 0.6354566699898799}, "datetime": {"datetime": "2022-03-27 17:16:56", "elapsed": 63.299179, "delta": 0.610175}}
{"target": 0.9430143416399158, "params": {"a": 3.8236843665895317, "dB": 10.507454670487736, "s": 0.7637771509365048}, "datetime": {"datetime": "2022-03-27 17:16:57", "elapsed": 63.865268, "delta": 0.566089}}
{"target": 0.6596997859903058, "params": {"a": 1.548596974333726, "dB": 10.110851740317278, "s": 0.18686146305840026}, "datetime": {"datetime": "2022-03-27 17:16:57", "elapsed": 64.249763, "delta": 0.384495}}
{"target": 0.9581402049195733, "params": {"a": 4.139492592507516, "dB": 10.278342495578707, "s": 0.6542739587505627}, "datetime": {"datetime": "2022-03-27 17:16:58", "elapsed": 64.9171, "delta": 0.667337}}
{"target": 0.9726139810301343, "params": {"a": 3.761453832708166, "dB": 10.783641015846774, "s": 0.7171268567128213}, "datetime": {"datetime": "2022-03-27 17:16:58", "elapsed": 65.392741, "delta": 0.475641}}
{"target": 0.9521769561723963, "params": {"a": 2.6864188167290046, "dB": 8.605138047738558, "s": 0.4631379966476955}, "datetime": {"datetime": "2022-03-27 17:16:59", "elapsed": 65.737817, "delta": 0.345076}}
{"target": 0.9895245473871961, "params": {"a": 3.4453266939322207, "dB": 9.489902385211114, "s": 0.5891875160580049}, "datetime": {"datetime": "2022-03-27 17:16:59", "elapsed": 66.237809, "delta": 0.499992}}
{"target": 0.9922939407132085, "params": {"a": 3.7532199169428404, "dB": 9.276112049853038, "s": 0.5977364777566029}, "datetime": {"datetime": "2022-03-27 17:17:00", "elapsed": 66.651526, "delta": 0.413717}}
{"target": 0.9853248402576724, "params": {"a": 3.5730482426794428, "dB": 9.703999853316489, "s": 0.5722345184486894}, "datetime": {"datetime": "2022-03-27 17:17:00", "elapsed": 67.097823, "delta": 0.446297}}
{"target": 0.9944205696689751, "params": {"a": 3.9157544668095325, "dB": 10.294563367644974, "s": 0.6844226494640264}, "datetime": {"datetime": "2022-03-27 17:17:01", "elapsed": 67.674059, "delta": 0.576236}}
{"target": 0.764939190933811, "params": {"a": 2.6490336511008374, "dB": 8.963180293903077, "s": 0.17114298021074384}, "datetime": {"datetime": "2022-03-27 17:17:01", "elapsed": 68.023348, "delta": 0.349289}}
{"target": 0.8097588475682339, "params": {"a": 1.9486468536970039, "dB": 7.625950627503759, "s": 0.4314433907238947}, "datetime": {"datetime": "2022-03-27 17:17:01", "elapsed": 68.377974, "delta": 0.354626}}
{"target": 0.9821072283970577, "params": {"a": 3.7549592381414474, "dB": 10.266828539761072, "s": 0.7137404425995533}, "datetime": {"datetime": "2022-03-27 17:17:02", "elapsed": 68.878309, "delta": 0.500335}}
{"target": 0.9957714424557041, "params": {"a": 3.884342351993308, "dB": 10.147755003915004, "s": 0.7026326352599233}, "datetime": {"datetime": "2022-03-27 17:17:02", "elapsed": 69.454516, "delta": 0.576207}}
{"target": 0.9874735358769068, "params": {"a": 4.0507909815621375, "dB": 9.919707511838379, "s": 0.6347791780048454}, "datetime": {"datetime": "2022-03-27 17:17:03", "elapsed": 69.954078, "delta": 0.499562}}
{"target": 0.7006043827579027, "params": {"a": 4.882017871970026, "dB": 9.461913088355457, "s": 0.3304462278116521}, "datetime": {"datetime": "2022-03-27 17:17:03", "elapsed": 70.385259, "delta": 0.431181}}
{"target": 0.9856519511940017, "params": {"a": 4.237277625570012, "dB": 9.741318017514459, "s": 0.6836420170929762}, "datetime": {"datetime": "2022-03-27 17:17:04", "elapsed": 70.943204, "delta": 0.557945}}
{"target": 0.9564128140664689, "params": {"a": 4.216044833298379, "dB": 9.991298054127805, "s": 0.6602604463647737}, "datetime": {"datetime": "2022-03-27 17:17:04", "elapsed": 71.570842, "delta": 0.627638}}
{"target": 0.9935213184089009, "params": {"a": 3.9235096143054804, "dB": 9.75351680342306, "s": 0.6330180386120885}, "datetime": {"datetime": "2022-03-27 17:17:05", "elapsed": 72.094655, "delta": 0.523813}}
{"target": 0.9915955398588104, "params": {"a": 4.098042056669222, "dB": 9.80316472877465, "s": 0.6630866636073329}, "datetime": {"datetime": "2022-03-27 17:17:06", "elapsed": 72.649228, "delta": 0.554573}}
{"target": 0.9588280922230062, "params": {"a": 3.9328500205428223, "dB": 9.894042063753684, "s": 0.7216238868007616}, "datetime": {"datetime": "2022-03-27 17:17:06", "elapsed": 73.236491, "delta": 0.587263}}
{"target": 0.9922720790054811, "params": {"a": 3.853556121786308, "dB": 9.593962562721742, "s": 0.6018604892717785}, "datetime": {"datetime": "2022-03-27 17:17:07", "elapsed": 73.771787, "delta": 0.535296}}
{"target": 0.9919486070908079, "params": {"a": 4.4896364553446215, "dB": 10.26863250776255, "s": 0.7368587949062458}, "datetime": {"datetime": "2022-03-27 17:17:07", "elapsed": 74.179254, "delta": 0.407467}}
{"target": 0.6537024640887052, "params": {"a": 4.989291097287195, "dB": 10.491846257006996, "s": 1.0972036224558106}, "datetime": {"datetime": "2022-03-27 17:17:08", "elapsed": 74.736608, "delta": 0.557354}}
{"target": 0.9754589688039471, "params": {"a": 3.7876899265124124, "dB": 9.726169013113815, "s": 0.5821096059778874}, "datetime": {"datetime": "2022-03-27 17:17:08", "elapsed": 75.292176, "delta": 0.555568}}
{"target": 0.40893703236290113, "params": {"a": 5.0, "dB": 10.33755477461767, "s": 0.1}, "datetime": {"datetime": "2022-03-27 17:17:09", "elapsed": 75.944258, "delta": 0.652082}}
{"target": 0.8904668010923481, "params": {"a": 5.0, "dB": 9.32743518374881, "s": 0.9076677473394184}, "datetime": {"datetime": "2022-03-27 17:17:09", "elapsed": 76.510939, "delta": 0.566681}}
{"target": 0.9732577792817942, "params": {"a": 4.021060449779233, "dB": 10.100650026161205, "s": 0.6560570033255051}, "datetime": {"datetime": "2022-03-27 17:17:10", "elapsed": 77.013323, "delta": 0.502384}}
{"target": 0.9432383144234314, "params": {"a": 3.8707614796097083, "dB": 10.782699379170321, "s": 0.6194041813968855}, "datetime": {"datetime": "2022-03-27 17:17:11", "elapsed": 77.60563, "delta": 0.592307}}
{"target": 0.9755280064162607, "params": {"a": 3.860993624460637, "dB": 10.974998520784638, "s": 0.7249934604033431}, "datetime": {"datetime": "2022-03-27 17:17:11", "elapsed": 78.133776, "delta": 0.528146}}
{"target": 0.8427544594461897, "params": {"a": 1.9369707560484655, "dB": 8.008149088388294, "s": 0.1}, "datetime": {"datetime": "2022-03-27 17:17:11", "elapsed": 78.59635, "delta": 0.462574}}
{"target": 0.997081436752873, "params": {"a": 3.376826960334885, "dB": 8.929062586028106, "s": 0.5454334228077745}, "datetime": {"datetime": "2022-03-27 17:17:12", "elapsed": 79.019479, "delta": 0.423129}}
{"target": 0.9961525065718552, "params": {"a": 3.3504136544907235, "dB": 9.473358759925294, "s": 0.5370589865735161}, "datetime": {"datetime": "2022-03-27 17:17:13", "elapsed": 79.620886, "delta": 0.601407}}
{"target": 0.9976549364096172, "params": {"a": 3.4921278129061895, "dB": 9.00413174733307, "s": 0.5558885688622526}, "datetime": {"datetime": "2022-03-27 17:17:13", "elapsed": 80.233975, "delta": 0.613089}}
{"target": 0.9693601440178363, "params": {"a": 2.7749395341955148, "dB": 7.5, "s": 0.44942394508649275}, "datetime": {"datetime": "2022-03-27 17:17:14", "elapsed": 80.747962, "delta": 0.513987}}
{"target": 0.9769697106064276, "params": {"a": 3.037449601030307, "dB": 9.400764012398728, "s": 0.4723213149906432}, "datetime": {"datetime": "2022-03-27 17:17:14", "elapsed": 81.333658, "delta": 0.585696}}
{"target": 0.9437492653120969, "params": {"a": 2.7311508398710993, "dB": 9.371946049405457, "s": 0.4016664379089186}, "datetime": {"datetime": "2022-03-27 17:17:15", "elapsed": 81.879491, "delta": 0.545833}}
{"target": 0.9601482639930776, "params": {"a": 2.88168690126278, "dB": 9.603969188668, "s": 0.500549830772744}, "datetime": {"datetime": "2022-03-27 17:17:15", "elapsed": 82.597281, "delta": 0.71779}}
{"target": 0.8866202864669414, "params": {"a": 2.9510514599245234, "dB": 9.98228302900546, "s": 0.6290239586306914}, "datetime": {"datetime": "2022-03-27 17:17:16", "elapsed": 83.201453, "delta": 0.604172}}
