{"target": 0.919176070586471, "params": {"a": 3.4297868797316, "dB": 9.830658772819483, "s": 0.34057864656027004}, "datetime": {"datetime": "2022-03-29 16:06:50", "elapsed": 301.776938, "delta": 1.943546}}
{"target": 0.9706827410604764, "params": {"a": 3.9378841006799394, "dB": 7.979271274601631, "s": 0.5576157880070821}, "datetime": {"datetime": "2022-03-29 16:06:50", "elapsed": 302.66521, "delta": 0.888272}}
{"target": 0.9925853172333214, "params": {"a": 3.6010386380778407, "dB": 9.918338434970012, "s": 0.5178176134741463}, "datetime": {"datetime": "2022-03-29 16:06:52", "elapsed": 304.166476, "delta": 1.501266}}
{"target": 0.8783850104511755, "params": {"a": 3.421771754907783, "dB": 9.900592415061817, "s": 0.5655794566869847}, "datetime": {"datetime": "2022-03-29 16:06:54", "elapsed": 306.529898, "delta": 2.363422}}
{"target": 0.7208391305257076, "params": {"a": 4.983429758086713, "dB": 9.07283349166508, "s": 0.5226386581419187}, "datetime": {"datetime": "2022-03-29 16:06:56", "elapsed": 307.893865, "delta": 1.363967}}
{"target": 0.9304941270638347, "params": {"a": 3.8447613248196078, "dB": 10.265733520927567, "s": 0.6207448296965962}, "datetime": {"datetime": "2022-03-29 16:06:57", "elapsed": 308.811021, "delta": 0.917156}}
{"target": 0.9980328707526005, "params": {"a": 3.3140715364832047, "dB": 9.924967565664994, "s": 0.2899352752151445}, "datetime": {"datetime": "2022-03-29 16:06:58", "elapsed": 310.035235, "delta": 1.224214}}
{"target": 0.8979982757808183, "params": {"a": 2.883382986341169, "dB": 7.505319207171212, "s": 0.10039240519130346}, "datetime": {"datetime": "2022-03-29 16:06:59", "elapsed": 311.370271, "delta": 1.335036}}
{"target": 0.8184677088828796, "params": {"a": 5.0, "dB": 8.168499473671112, "s": 0.6748063373222168}, "datetime": {"datetime": "2022-03-29 16:07:01", "elapsed": 312.912338, "delta": 1.542067}}
{"target": 0.875359710670833, "params": {"a": 2.0665826909043945, "dB": 9.520308399957297, "s": 0.1}, "datetime": {"datetime": "2022-03-29 16:07:02", "elapsed": 314.080205, "delta": 1.167867}}
{"target": 0.9878136252233772, "params": {"a": 3.381989209195588, "dB": 10.093206721816959, "s": 0.1895995642630118}, "datetime": {"datetime": "2022-03-29 16:07:04", "elapsed": 316.391365, "delta": 2.31116}}
{"target": 0.9054711880191135, "params": {"a": 2.646376496931044, "dB": 7.717079000409541, "s": 0.10094680327570751}, "datetime": {"datetime": "2022-03-29 16:07:06", "elapsed": 318.254073, "delta": 1.862708}}
{"target": 0.9973917059581862, "params": {"a": 3.2672688026808676, "dB": 10.227830906036687, "s": 0.3151878182096094}, "datetime": {"datetime": "2022-03-29 16:07:07", "elapsed": 319.146164, "delta": 0.892091}}
{"target": 0.9094695799626946, "params": {"a": 3.266575190059959, "dB": 8.27433045343507, "s": 0.1}, "datetime": {"datetime": "2022-03-29 16:07:09", "elapsed": 321.037069, "delta": 1.890905}}
{"target": 0.9338860762819237, "params": {"a": 2.2462221000393487, "dB": 7.747475637308167, "s": 0.24467967606301722}, "datetime": {"datetime": "2022-03-29 16:07:11", "elapsed": 322.824898, "delta": 1.787829}}
{"target": 0.6181125404781581, "params": {"a": 3.2439078746463377, "dB": 10.214945476364845, "s": 0.9054801171212385}, "datetime": {"datetime": "2022-03-29 16:07:12", "elapsed": 323.72878, "delta": 0.903882}}
{"target": 0.8742435254164204, "params": {"a": 5.0, "dB": 7.5, "s": 0.7312012232720284}, "datetime": {"datetime": "2022-03-29 16:07:13", "elapsed": 325.04064, "delta": 1.31186}}
{"target": 0.9636724099691291, "params": {"a": 3.4518781977008692, "dB": 8.040602052541646, "s": 0.577601353635018}, "datetime": {"datetime": "2022-03-29 16:07:14", "elapsed": 326.458592, "delta": 1.417952}}
{"target": 0.9466992394478452, "params": {"a": 4.994233836205998, "dB": 9.522939612511045, "s": 0.7768638884475402}, "datetime": {"datetime": "2022-03-29 16:07:16", "elapsed": 328.089399, "delta": 1.630807}}
{"target": 0.6567923778763538, "params": {"a": 2.430765613011427, "dB": 9.610310130945832, "s": 0.7904464964581369}, "datetime": {"datetime": "2022-03-29 16:07:17", "elapsed": 329.024243, "delta": 0.934844}}
{"target": 0.9616169017083687, "params": {"a": 3.9951115635057417, "dB": 10.266061762177447, "s": 0.5226159451912457}, "datetime": {"datetime": "2022-03-29 16:07:18", "elapsed": 330.379275, "delta": 1.355032}}
{"target": 0.9336573421496974, "params": {"a": 4.1044659480362204, "dB": 8.492366448879219, "s": 0.6843959335329031}, "datetime": {"datetime": "2022-03-29 16:07:20", "elapsed": 332.064851, "delta": 1.685576}}
{"target": 0.8559766665180117, "params": {"a": 3.993047022335791, "dB": 8.975045118183763, "s": 0.7501341376774424}, "datetime": {"datetime": "2022-03-29 16:07:21", "elapsed": 332.959258, "delta": 0.894407}}
{"target": 0.9454615053560943, "params": {"a": 4.276661208953315, "dB": 8.870999621998582, "s": 0.622912458200309}, "datetime": {"datetime": "2022-03-29 16:07:23", "elapsed": 334.749547, "delta": 1.790289}}
{"target": 0.9885860300310112, "params": {"a": 3.2855484356539284, "dB": 8.758752215323682, "s": 0.2546896167152979}, "datetime": {"datetime": "2022-03-29 16:07:26", "elapsed": 337.738454, "delta": 2.988907}}
{"target": 0.9559007591198395, "params": {"a": 2.6017188110846785, "dB": 10.108920352473115, "s": 0.2821977734903207}, "datetime": {"datetime": "2022-03-29 16:07:27", "elapsed": 339.319764, "delta": 1.58131}}
{"target": 0.66613704671889, "params": {"a": 3.9905983186753353, "dB": 10.78065832889374, "s": 0.3002639272162847}, "datetime": {"datetime": "2022-03-29 16:07:28", "elapsed": 340.354915, "delta": 1.035151}}
{"target": 0.9816652053145462, "params": {"a": 2.7763245055520893, "dB": 7.5, "s": 0.3098332640514902}, "datetime": {"datetime": "2022-03-29 16:07:32", "elapsed": 343.765787, "delta": 3.410872}}
{"target": 0.985965933338, "params": {"a": 2.840417001957967, "dB": 7.688319058406682, "s": 0.3685097049667443}, "datetime": {"datetime": "2022-03-29 16:07:34", "elapsed": 345.992229, "delta": 2.226442}}
{"target": 0.9357813353765444, "params": {"a": 3.3268426849193884, "dB": 11.0, "s": 0.6540078340152421}, "datetime": {"datetime": "2022-03-29 16:07:35", "elapsed": 347.294187, "delta": 1.301958}}
{"target": 0.9781670225210358, "params": {"a": 4.085266067191965, "dB": 8.85894867049959, "s": 0.5630291413596281}, "datetime": {"datetime": "2022-03-29 16:07:36", "elapsed": 348.598626, "delta": 1.304439}}
{"target": 0.9563110934856556, "params": {"a": 2.980499509878735, "dB": 8.698100636012857, "s": 0.4586437424893248}, "datetime": {"datetime": "2022-03-29 16:07:37", "elapsed": 349.546665, "delta": 0.948039}}
{"target": 0.9781150064111018, "params": {"a": 4.195522155756756, "dB": 9.058022040449917, "s": 0.6119730408020119}, "datetime": {"datetime": "2022-03-29 16:07:40", "elapsed": 352.41235, "delta": 2.865685}}
{"target": 0.9076494406438966, "params": {"a": 2.417534573281582, "dB": 9.402313641151139, "s": 0.3598905164684254}, "datetime": {"datetime": "2022-03-29 16:07:42", "elapsed": 354.409031, "delta": 1.996681}}
{"target": 0.9950576187571063, "params": {"a": 3.2994176002007336, "dB": 10.045225911428538, "s": 0.36705673152292384}, "datetime": {"datetime": "2022-03-29 16:07:44", "elapsed": 356.384086, "delta": 1.975055}}
{"target": 0.9993781415243698, "params": {"a": 3.6143686203857426, "dB": 8.801586109991156, "s": 0.5104866984881327}, "datetime": {"datetime": "2022-03-29 16:07:46", "elapsed": 357.827348, "delta": 1.443262}}
{"target": 0.9865165349942141, "params": {"a": 4.088764125034562, "dB": 10.764397602982315, "s": 0.624966535336188}, "datetime": {"datetime": "2022-03-29 16:07:47", "elapsed": 359.666889, "delta": 1.839541}}
{"target": 0.9896723853491813, "params": {"a": 4.251736551177055, "dB": 10.85921213943373, "s": 0.6797974264035422}, "datetime": {"datetime": "2022-03-29 16:07:49", "elapsed": 361.195133, "delta": 1.528244}}
{"target": 0.9313932790896042, "params": {"a": 4.30920062083082, "dB": 10.98585519048709, "s": 0.5942023697331429}, "datetime": {"datetime": "2022-03-29 16:07:51", "elapsed": 363.41408, "delta": 2.218947}}
{"target": 0.6948955474160298, "params": {"a": 1.9734723347487413, "dB": 8.857045021861115, "s": 0.7740869292918982}, "datetime": {"datetime": "2022-03-29 16:07:52", "elapsed": 364.436971, "delta": 1.022891}}
{"target": 0.8873976176900906, "params": {"a": 3.6368250215051408, "dB": 8.336717140343595, "s": 0.2955401874462956}, "datetime": {"datetime": "2022-03-29 16:07:53", "elapsed": 365.437603, "delta": 1.000632}}
{"target": 0.9366049534912879, "params": {"a": 4.150526248301461, "dB": 10.829664270804733, "s": 0.582882737844372}, "datetime": {"datetime": "2022-03-29 16:07:55", "elapsed": 367.004068, "delta": 1.566465}}
{"target": 0.9843628602279221, "params": {"a": 4.36745072030869, "dB": 10.805511441987353, "s": 0.6939560933084731}, "datetime": {"datetime": "2022-03-29 16:07:56", "elapsed": 368.392103, "delta": 1.388035}}
{"target": 0.681757852285394, "params": {"a": 1.6444152130018959, "dB": 10.279232386187951, "s": 0.25457943068891387}, "datetime": {"datetime": "2022-03-29 16:07:57", "elapsed": 369.444211, "delta": 1.052108}}
{"target": 0.6044133970507964, "params": {"a": 4.383647473793502, "dB": 10.185020362529631, "s": 0.9751740541677528}, "datetime": {"datetime": "2022-03-29 16:07:58", "elapsed": 370.448547, "delta": 1.004336}}
{"target": 0.9818774126725819, "params": {"a": 2.8676090624972526, "dB": 10.162772888348288, "s": 0.2951523425834048}, "datetime": {"datetime": "2022-03-29 16:08:00", "elapsed": 372.063679, "delta": 1.615132}}
{"target": 0.9939808419988997, "params": {"a": 3.9331121579607196, "dB": 10.698048343058593, "s": 0.5965165038206119}, "datetime": {"datetime": "2022-03-29 16:08:02", "elapsed": 374.12659, "delta": 2.062911}}
{"target": 0.9570036965680615, "params": {"a": 4.848595636953293, "dB": 8.333158543560097, "s": 0.7976711607314434}, "datetime": {"datetime": "2022-03-29 16:08:03", "elapsed": 375.553483, "delta": 1.426893}}
{"target": 0.9904885370722756, "params": {"a": 2.9023602527123717, "dB": 8.134507238212215, "s": 0.323202357875573}, "datetime": {"datetime": "2022-03-29 16:08:05", "elapsed": 377.018194, "delta": 1.464711}}
{"target": 0.9786842176529591, "params": {"a": 4.07401766278649, "dB": 10.426982806552347, "s": 0.5521854271870065}, "datetime": {"datetime": "2022-03-29 16:08:07", "elapsed": 378.784119, "delta": 1.765925}}
{"target": 0.986331014881895, "params": {"a": 2.8861150012591072, "dB": 9.411571610729146, "s": 0.24842026204220125}, "datetime": {"datetime": "2022-03-29 16:08:08", "elapsed": 380.217372, "delta": 1.433253}}
{"target": 0.9901842595015192, "params": {"a": 3.635740715888898, "dB": 7.623092531925645, "s": 0.4788311351978486}, "datetime": {"datetime": "2022-03-29 16:08:09", "elapsed": 381.660457, "delta": 1.443085}}
{"target": 0.9944350766383621, "params": {"a": 3.5817507983150323, "dB": 9.765515004535535, "s": 0.5102248838691585}, "datetime": {"datetime": "2022-03-29 16:08:11", "elapsed": 382.953843, "delta": 1.293386}}
{"target": 0.9271234108893046, "params": {"a": 4.3456680381628345, "dB": 10.97208914641434, "s": 0.7571494572636145}, "datetime": {"datetime": "2022-03-29 16:08:12", "elapsed": 384.55495, "delta": 1.601107}}
{"target": 0.6918102314493355, "params": {"a": 2.0857214919620715, "dB": 8.895144166993093, "s": 0.6376684251140091}, "datetime": {"datetime": "2022-03-29 16:08:13", "elapsed": 385.584502, "delta": 1.029552}}
{"target": 0.9710415712093727, "params": {"a": 4.23193192835247, "dB": 10.415994632697306, "s": 0.6543584007964927}, "datetime": {"datetime": "2022-03-29 16:08:15", "elapsed": 387.281204, "delta": 1.696702}}
{"target": 0.9727611744739988, "params": {"a": 3.945906323827546, "dB": 9.865503173325862, "s": 0.6462230691381669}, "datetime": {"datetime": "2022-03-29 16:08:17", "elapsed": 388.764208, "delta": 1.483004}}
{"target": 0.9964659585944544, "params": {"a": 3.353503616090961, "dB": 9.66671751395376, "s": 0.3845378097597144}, "datetime": {"datetime": "2022-03-29 16:08:19", "elapsed": 390.843276, "delta": 2.079068}}
{"target": 0.9586403317599193, "params": {"a": 3.224061663044296, "dB": 9.597512976275357, "s": 0.12298513614068576}, "datetime": {"datetime": "2022-03-29 16:08:20", "elapsed": 391.87539, "delta": 1.032114}}
{"target": 0.9923723169641637, "params": {"a": 3.9962456074978987, "dB": 10.613770251547418, "s": 0.5803355024353777}, "datetime": {"datetime": "2022-03-29 16:08:21", "elapsed": 393.283283, "delta": 1.407893}}
{"target": 0.9869934984452386, "params": {"a": 3.3071187301948797, "dB": 9.4356323943867, "s": 0.20543354037179432}, "datetime": {"datetime": "2022-03-29 16:08:23", "elapsed": 395.337844, "delta": 2.054561}}
{"target": 0.9971026975753244, "params": {"a": 3.2454199850534935, "dB": 9.069717898847799, "s": 0.3017001076693082}, "datetime": {"datetime": "2022-03-29 16:08:25", "elapsed": 397.012142, "delta": 1.674298}}
{"target": 0.9900382287172551, "params": {"a": 3.040851898279355, "dB": 10.496262244622837, "s": 0.2922514371911399}, "datetime": {"datetime": "2022-03-29 16:08:28", "elapsed": 399.731986, "delta": 2.719844}}
{"target": 0.8290698989601198, "params": {"a": 4.620452884198499, "dB": 9.371440809466737, "s": 0.531000710233112}, "datetime": {"datetime": "2022-03-29 16:08:29", "elapsed": 400.755673, "delta": 1.023687}}
{"target": 0.9519152284255309, "params": {"a": 4.481636938616648, "dB": 9.562918588961496, "s": 0.6435239387164228}, "datetime": {"datetime": "2022-03-29 16:08:31", "elapsed": 403.111855, "delta": 2.356182}}
{"target": 0.5637546038966162, "params": {"a": 2.9199541012595858, "dB": 10.569263154995882, "s": 0.1}, "datetime": {"datetime": "2022-03-29 16:08:33", "elapsed": 404.84944, "delta": 1.737585}}
{"target": 0.9358860136265318, "params": {"a": 2.6186693880216643, "dB": 10.341539111692274, "s": 0.11945433696473054}, "datetime": {"datetime": "2022-03-29 16:08:35", "elapsed": 406.77558, "delta": 1.92614}}
{"target": 0.9811853337506499, "params": {"a": 2.8516715592607182, "dB": 10.304181416438606, "s": 0.25733785981268753}, "datetime": {"datetime": "2022-03-29 16:08:36", "elapsed": 408.26947, "delta": 1.49389}}
{"target": 0.9781382476582302, "params": {"a": 3.0591311684423563, "dB": 10.119369485167786, "s": 0.3829785470633905}, "datetime": {"datetime": "2022-03-29 16:08:38", "elapsed": 410.226375, "delta": 1.956905}}
{"target": 0.902496062872098, "params": {"a": 2.63277497250843, "dB": 10.446271725936558, "s": 0.3995205214947919}, "datetime": {"datetime": "2022-03-29 16:08:40", "elapsed": 411.892285, "delta": 1.66591}}
