{"target": 0.40870590682884034, "params": {"a": 7.982188673714231, "dB": 15.0, "s": 0.6034078352404755}, "datetime": {"datetime": "2022-03-24 18:42:17", "elapsed": 11596.130916, "delta": 7.732043}}
{"target": 0.9050261192585748, "params": {"a": 8.82792873857251, "dB": 16.548430895146637, "s": 0.32593679938836084}, "datetime": {"datetime": "2022-03-24 18:42:56", "elapsed": 11634.853777, "delta": 38.722861}}
{"target": 0.2627658239871624, "params": {"a": 8.20083439886249, "dB": 15.084358127209251, "s": 1.1063801313941515}, "datetime": {"datetime": "2022-03-24 18:43:06", "elapsed": 11645.070608, "delta": 10.216831}}
{"target": 0.46091236024882015, "params": {"a": 8.955854029778752, "dB": 15.988580830179249, "s": 2.5}, "datetime": {"datetime": "2022-03-24 18:43:25", "elapsed": 11663.951781, "delta": 18.881173}}
{"target": 0.3140752178421365, "params": {"a": 7.337198638913055, "dB": 16.2717704652716, "s": 2.179098866491245}, "datetime": {"datetime": "2022-03-24 18:43:47", "elapsed": 11686.550268, "delta": 22.598487}}
{"target": 0.4077534890754441, "params": {"a": 7.708724250524275, "dB": 15.315444954122393, "s": 2.5}, "datetime": {"datetime": "2022-03-24 18:43:55", "elapsed": 11694.2498, "delta": 7.699532}}
{"target": 0.45717811198015446, "params": {"a": 6.107462178177464, "dB": 15.112551593509915, "s": 2.2670324446504364}, "datetime": {"datetime": "2022-03-24 18:44:02", "elapsed": 11701.723201, "delta": 7.473401}}
{"target": 0.3213964976595005, "params": {"a": 5.815424693972164, "dB": 16.949692019495224, "s": 1.0710085000152527}, "datetime": {"datetime": "2022-03-24 18:44:41", "elapsed": 11740.034856, "delta": 38.311655}}
{"target": 0.26067453182101413, "params": {"a": 6.669832525985639, "dB": 15.431730901836604, "s": 1.5754415769167216}, "datetime": {"datetime": "2022-03-24 18:44:48", "elapsed": 11747.56473, "delta": 7.529874}}
{"target": 0.40452940455612885, "params": {"a": 5.505069494399134, "dB": 15.737049826270049, "s": 0.6071758434790647}, "datetime": {"datetime": "2022-03-24 18:44:56", "elapsed": 11755.487403, "delta": 7.922673}}
{"target": 0.21060178952150121, "params": {"a": 8.02714464881014, "dB": 16.220308290243977, "s": 2.4989168622090774}, "datetime": {"datetime": "2022-03-24 18:45:19", "elapsed": 11778.229742, "delta": 22.742339}}
{"target": 0.41877331794669803, "params": {"a": 5.729136337792743, "dB": 15.60403019968928, "s": 0.342027986629857}, "datetime": {"datetime": "2022-03-24 18:45:27", "elapsed": 11785.75995, "delta": 7.530208}}
{"target": 0.4731520748459178, "params": {"a": 9.761889220770993, "dB": 15.353679823043217, "s": 1.27165951132764}, "datetime": {"datetime": "2022-03-24 18:46:05", "elapsed": 11824.009359, "delta": 38.249409}}
{"target": 0.6099854359679007, "params": {"a": 5.848355565792104, "dB": 16.33040239157585, "s": 0.10412440304142807}, "datetime": {"datetime": "2022-03-24 18:46:44", "elapsed": 11862.828538, "delta": 38.819179}}
{"target": 0.3172520432214703, "params": {"a": 10.0, "dB": 15.0, "s": 1.9676201894691987}, "datetime": {"datetime": "2022-03-24 18:47:37", "elapsed": 11916.28713, "delta": 53.458592}}
{"target": 0.9619660742441026, "params": {"a": 9.747167634703377, "dB": 15.636377989179028, "s": 0.35855130408502345}, "datetime": {"datetime": "2022-03-24 18:48:16", "elapsed": 11954.911504, "delta": 38.624374}}
{"target": 0.3997949474355509, "params": {"a": 6.913305513403334, "dB": 15.6489498074548, "s": 2.5}, "datetime": {"datetime": "2022-03-24 18:48:23", "elapsed": 11962.617624, "delta": 7.70612}}
{"target": 0.43782234239216317, "params": {"a": 5.5, "dB": 15.615742169949591, "s": 2.5}, "datetime": {"datetime": "2022-03-24 18:48:31", "elapsed": 11970.317766, "delta": 7.700142}}
{"target": 0.5175189308113418, "params": {"a": 5.57563685922204, "dB": 15.995704325629205, "s": 0.10734562668638042}, "datetime": {"datetime": "2022-03-24 18:48:41", "elapsed": 11980.184, "delta": 9.866234}}
{"target": 0.9175273971576056, "params": {"a": 9.056995094609652, "dB": 16.802929925537814, "s": 0.33269388966518165}, "datetime": {"datetime": "2022-03-24 18:49:20", "elapsed": 12019.249794, "delta": 39.065794}}
{"target": 0.5415574739959275, "params": {"a": 6.519687474312511, "dB": 15.637004048406203, "s": 0.1}, "datetime": {"datetime": "2022-03-24 18:49:28", "elapsed": 12026.886034, "delta": 7.63624}}
{"target": 0.343971576960053, "params": {"a": 5.5, "dB": 16.29762635330598, "s": 1.5632675239718519}, "datetime": {"datetime": "2022-03-24 18:49:55", "elapsed": 12054.499925, "delta": 27.613891}}
{"target": 0.35440769120294296, "params": {"a": 7.410765892495821, "dB": 15.850842095899434, "s": 0.1}, "datetime": {"datetime": "2022-03-24 18:50:03", "elapsed": 12062.41126, "delta": 7.911335}}
{"target": 0.19599711038784715, "params": {"a": 6.426451381599521, "dB": 16.244442209695066, "s": 2.028989393766078}, "datetime": {"datetime": "2022-03-24 18:50:26", "elapsed": 12084.826539, "delta": 22.415279}}
{"target": 0.484692491493928, "params": {"a": 6.471909287165244, "dB": 15.0, "s": 0.1}, "datetime": {"datetime": "2022-03-24 18:50:31", "elapsed": 12090.094332, "delta": 5.267793}}
{"target": 0.3783530341693484, "params": {"a": 5.5, "dB": 15.633619031094634, "s": 1.311976913212485}, "datetime": {"datetime": "2022-03-24 18:50:39", "elapsed": 12097.768536, "delta": 7.674204}}
{"target": 0.04339938395581566, "params": {"a": 8.365206943360771, "dB": 15.59315832461386, "s": 0.1}, "datetime": {"datetime": "2022-03-24 18:50:49", "elapsed": 12107.772571, "delta": 10.004035}}
{"target": 0.4730642713192797, "params": {"a": 6.257711592563055, "dB": 15.746219790432814, "s": 1.1970462119752194}, "datetime": {"datetime": "2022-03-24 18:50:56", "elapsed": 12115.353701, "delta": 7.58113}}
{"target": 0.9308842271882511, "params": {"a": 9.72822552904448, "dB": 15.106728345357983, "s": 0.4152370626188914}, "datetime": {"datetime": "2022-03-24 18:51:34", "elapsed": 12153.514456, "delta": 38.160755}}
{"target": 0.36734167403940715, "params": {"a": 6.026830358283213, "dB": 16.552212547196536, "s": 1.9435396808036849}, "datetime": {"datetime": "2022-03-24 18:52:13", "elapsed": 12191.758729, "delta": 38.244273}}
{"target": 0.9529701170147652, "params": {"a": 9.897557471777798, "dB": 15.069260407046698, "s": 0.39509858972140943}, "datetime": {"datetime": "2022-03-24 18:52:58", "elapsed": 12237.586051, "delta": 45.827322}}
{"target": 0.66014738096298, "params": {"a": 9.992376123304075, "dB": 15.029422110713174, "s": 0.4880698264356228}, "datetime": {"datetime": "2022-03-24 18:53:52", "elapsed": 12291.20374, "delta": 53.617689}}
{"target": 0.2308651414491797, "params": {"a": 9.925037548826232, "dB": 15.021162512523633, "s": 0.27019997279770136}, "datetime": {"datetime": "2022-03-24 18:54:38", "elapsed": 12337.09076, "delta": 45.88702}}
{"target": 0.4178924522796507, "params": {"a": 6.54144168421662, "dB": 15.63430763459996, "s": 1.7432834480290296}, "datetime": {"datetime": "2022-03-24 18:54:45", "elapsed": 12344.694881, "delta": 7.604121}}
{"target": 0.8123778567056591, "params": {"a": 9.861404143540124, "dB": 15.080299885475789, "s": 0.4411803315703454}, "datetime": {"datetime": "2022-03-24 18:55:31", "elapsed": 12390.735967, "delta": 46.041086}}
{"target": 0.9597456672981554, "params": {"a": 9.846086435497561, "dB": 15.247846546572786, "s": 0.4008438209825964}, "datetime": {"datetime": "2022-03-24 18:56:18", "elapsed": 12437.191947, "delta": 46.45598}}
{"target": 0.9647152735771071, "params": {"a": 9.681329282932198, "dB": 15.208701880642597, "s": 0.3583326549159611}, "datetime": {"datetime": "2022-03-24 18:56:57", "elapsed": 12475.817426, "delta": 38.625479}}
{"target": 0.9254466354588912, "params": {"a": 9.77324284315132, "dB": 15.174640451886857, "s": 0.4171859336309208}, "datetime": {"datetime": "2022-03-24 18:57:35", "elapsed": 12514.365635, "delta": 38.548209}}
{"target": 0.8319425060979585, "params": {"a": 9.993542650441992, "dB": 15.284581541184435, "s": 0.37835866099179705}, "datetime": {"datetime": "2022-03-24 18:58:29", "elapsed": 12568.673847, "delta": 54.308212}}
{"target": 0.3698242668804087, "params": {"a": 6.099940838600371, "dB": 16.624910762790353, "s": 2.030134228490159}, "datetime": {"datetime": "2022-03-24 18:59:08", "elapsed": 12607.590772, "delta": 38.916925}}
{"target": 0.8797248103626136, "params": {"a": 9.888143699890854, "dB": 15.189120921873839, "s": 0.35906383637200867}, "datetime": {"datetime": "2022-03-24 18:59:55", "elapsed": 12653.943088, "delta": 46.352316}}
{"target": 0.389840209182868, "params": {"a": 6.417547298605802, "dB": 16.808004627476848, "s": 0.453669206187405}, "datetime": {"datetime": "2022-03-24 19:00:33", "elapsed": 12692.582496, "delta": 38.639408}}
{"target": 0.9247854397110153, "params": {"a": 9.713685464301566, "dB": 15.286978140331131, "s": 0.41599142519163057}, "datetime": {"datetime": "2022-03-24 19:01:12", "elapsed": 12731.109453, "delta": 38.526957}}
{"target": 0.7460491062509684, "params": {"a": 9.955550208514762, "dB": 15.175421299085325, "s": 0.44630871557079854}, "datetime": {"datetime": "2022-03-24 19:01:58", "elapsed": 12777.31876, "delta": 46.209307}}
{"target": 0.9225032432424171, "params": {"a": 9.677515703502593, "dB": 15.753070257243985, "s": 0.4132837488502107}, "datetime": {"datetime": "2022-03-24 19:02:36", "elapsed": 12815.711925, "delta": 38.393165}}
{"target": 0.939324417253756, "params": {"a": 9.912299080896918, "dB": 15.948092451964923, "s": 0.39384128915915584}, "datetime": {"datetime": "2022-03-24 19:03:23", "elapsed": 12861.955275, "delta": 46.24335}}
{"target": 0.5292917748847118, "params": {"a": 9.822466013299103, "dB": 15.999081015654715, "s": 0.46575530631559614}, "datetime": {"datetime": "2022-03-24 19:04:09", "elapsed": 12908.703299, "delta": 46.748024}}
{"target": 0.6840045847474147, "params": {"a": 10.0, "dB": 15.987630701110426, "s": 0.3267890185418587}, "datetime": {"datetime": "2022-03-24 19:05:04", "elapsed": 12963.359358, "delta": 54.656059}}
{"target": 0.9502121097156165, "params": {"a": 9.768668911413737, "dB": 15.269660041141211, "s": 0.3417659213081662}, "datetime": {"datetime": "2022-03-24 19:05:43", "elapsed": 13002.166675, "delta": 38.807317}}
{"target": 0.8637628686605094, "params": {"a": 9.86861424998618, "dB": 15.337422780820757, "s": 0.35193703612224225}, "datetime": {"datetime": "2022-03-24 19:06:29", "elapsed": 13048.383517, "delta": 46.216842}}
{"target": 0.9405129725185564, "params": {"a": 9.647079309248962, "dB": 15.86587118297317, "s": 0.33309153983987955}, "datetime": {"datetime": "2022-03-24 19:07:08", "elapsed": 13086.981305, "delta": 38.597788}}
{"target": 0.9897649980986533, "params": {"a": 9.514190331057705, "dB": 15.78934408360538, "s": 0.35946939296781266}, "datetime": {"datetime": "2022-03-24 19:07:40", "elapsed": 13119.674373, "delta": 32.693068}}
{"target": 0.2867962588722241, "params": {"a": 9.459102474835213, "dB": 15.956196020182903, "s": 0.4718662216482211}, "datetime": {"datetime": "2022-03-24 19:08:13", "elapsed": 13152.314248, "delta": 32.639875}}
{"target": 0.988370800910498, "params": {"a": 9.59263046850197, "dB": 15.784448109921213, "s": 0.3398049759220919}, "datetime": {"datetime": "2022-03-24 19:08:46", "elapsed": 13184.994756, "delta": 32.680508}}
{"target": 0.9133596797516431, "params": {"a": 9.554400429866606, "dB": 15.746804288599979, "s": 0.402726965261458}, "datetime": {"datetime": "2022-03-24 19:09:18", "elapsed": 13217.405007, "delta": 32.410251}}
{"target": 0.4962396715897129, "params": {"a": 8.987192838945282, "dB": 15.022053539799792, "s": 2.4898657999969402}, "datetime": {"datetime": "2022-03-24 19:09:37", "elapsed": 13236.238671, "delta": 18.833664}}
{"target": 0.4458558415962912, "params": {"a": 6.783095683250842, "dB": 15.0, "s": 2.5}, "datetime": {"datetime": "2022-03-24 19:09:42", "elapsed": 13241.306843, "delta": 5.068172}}
{"target": 0.11785417678319063, "params": {"a": 9.952205577735398, "dB": 16.86822723949242, "s": 0.23250947814369277}, "datetime": {"datetime": "2022-03-24 19:10:29", "elapsed": 13287.840377, "delta": 46.533534}}
{"target": 0.22710660543550595, "params": {"a": 9.113080054969572, "dB": 15.002837290179023, "s": 0.9383476802090434}, "datetime": {"datetime": "2022-03-24 19:10:51", "elapsed": 13310.502112, "delta": 22.661735}}
{"target": 0.343769286687511, "params": {"a": 7.282564297002294, "dB": 16.98160089536402, "s": 2.2244930141104446}, "datetime": {"datetime": "2022-03-24 19:11:30", "elapsed": 13349.326232, "delta": 38.82412}}
{"target": 0.5999161844610205, "params": {"a": 6.135028310852048, "dB": 15.284957811761839, "s": 0.8665010289678124}, "datetime": {"datetime": "2022-03-24 19:11:38", "elapsed": 13356.961916, "delta": 7.635684}}
{"target": 0.2830280390069608, "params": {"a": 9.393258827444974, "dB": 17.0, "s": 2.5}, "datetime": {"datetime": "2022-03-24 19:12:17", "elapsed": 13396.045692, "delta": 39.083776}}
{"target": 0.2721831856741225, "params": {"a": 6.7235713521521285, "dB": 16.994092757335515, "s": 1.879645935209262}, "datetime": {"datetime": "2022-03-24 19:12:56", "elapsed": 13435.174034, "delta": 39.128342}}
{"target": 0.28418295563751145, "params": {"a": 7.4991991492948245, "dB": 15.400262238959069, "s": 2.0605354951979096}, "datetime": {"datetime": "2022-03-24 19:13:04", "elapsed": 13443.075104, "delta": 7.90107}}
{"target": 0.649764499797718, "params": {"a": 8.374780340165737, "dB": 17.0, "s": 0.43318081663166846}, "datetime": {"datetime": "2022-03-24 19:13:43", "elapsed": 13482.215796, "delta": 39.140692}}
{"target": 0.672304619787215, "params": {"a": 6.867624508862093, "dB": 16.983606827920735, "s": 0.25054523304010373}, "datetime": {"datetime": "2022-03-24 19:14:22", "elapsed": 13521.424019, "delta": 39.208223}}
{"target": 0.2757609875946115, "params": {"a": 7.359541684149903, "dB": 15.632433021108852, "s": 0.4591258479967174}, "datetime": {"datetime": "2022-03-24 19:14:30", "elapsed": 13529.12674, "delta": 7.702721}}
{"target": 0.5137132654181837, "params": {"a": 9.489552068074925, "dB": 15.815010954367061, "s": 0.2689523653720188}, "datetime": {"datetime": "2022-03-24 19:15:02", "elapsed": 13561.60267, "delta": 32.47593}}
{"target": 0.6363492502490447, "params": {"a": 6.342016533888533, "dB": 15.01480197096545, "s": 0.7679412531415237}, "datetime": {"datetime": "2022-03-24 19:15:07", "elapsed": 13566.650496, "delta": 5.047826}}
{"target": 0.36186440354758426, "params": {"a": 8.348057155546611, "dB": 16.671023898554612, "s": 0.7908481515572863}, "datetime": {"datetime": "2022-03-24 19:15:46", "elapsed": 13605.114161, "delta": 38.463665}}
{"target": 0.13802015059845704, "params": {"a": 8.061717033276317, "dB": 15.91452536083132, "s": 1.8233468743843768}, "datetime": {"datetime": "2022-03-24 19:15:56", "elapsed": 13615.11291, "delta": 9.998749}}
{"target": 0.9648671073416171, "params": {"a": 9.571025545611663, "dB": 15.838754321023256, "s": 0.38163757238352436}, "datetime": {"datetime": "2022-03-24 19:16:28", "elapsed": 13647.375542, "delta": 32.262632}}
{"target": 0.6938134618577626, "params": {"a": 7.703485980147906, "dB": 17.0, "s": 0.40594941811831275}, "datetime": {"datetime": "2022-03-24 19:17:07", "elapsed": 13686.052324, "delta": 38.676782}}
{"target": 0.6890502558455822, "params": {"a": 7.489480336556396, "dB": 16.998544779468695, "s": 0.22695319143566675}, "datetime": {"datetime": "2022-03-24 19:17:45", "elapsed": 13724.713534, "delta": 38.66121}}
{"target": 0.80352468951275, "params": {"a": 9.889833680749653, "dB": 15.55576616331836, "s": 0.32790400222689986}, "datetime": {"datetime": "2022-03-24 19:18:32", "elapsed": 13771.183596, "delta": 46.470062}}
{"target": 0.2345434767853717, "params": {"a": 7.893415769022039, "dB": 15.670761116962957, "s": 0.11172240975959645}, "datetime": {"datetime": "2022-03-24 19:18:40", "elapsed": 13778.947083, "delta": 7.763487}}
{"target": 0.31726562170671513, "params": {"a": 8.210439910900794, "dB": 15.619782738972027, "s": 2.4781567423699427}, "datetime": {"datetime": "2022-03-24 19:18:50", "elapsed": 13789.150063, "delta": 10.20298}}
{"target": 0.34126280939536013, "params": {"a": 6.686681257429403, "dB": 16.332158476313715, "s": 0.7338932699209415}, "datetime": {"datetime": "2022-03-24 19:19:29", "elapsed": 13827.940942, "delta": 38.790879}}
{"target": 0.10242214096526463, "params": {"a": 8.795117733222497, "dB": 16.03091511303645, "s": 1.9824907894110126}, "datetime": {"datetime": "2022-03-24 19:19:44", "elapsed": 13843.741014, "delta": 15.800072}}
{"target": 0.4358555573313387, "params": {"a": 6.053747662554041, "dB": 16.028035830380166, "s": 0.9553994850127616}, "datetime": {"datetime": "2022-03-24 19:19:55", "elapsed": 13853.844293, "delta": 10.103279}}
{"target": 0.5328092378612355, "params": {"a": 6.030788065042872, "dB": 15.640770016284504, "s": 0.10336834169979028}, "datetime": {"datetime": "2022-03-24 19:20:02", "elapsed": 13861.711346, "delta": 7.867053}}
{"target": 0.12116717928189683, "params": {"a": 8.734758475292292, "dB": 15.014183446213123, "s": 1.6047624589940057}, "datetime": {"datetime": "2022-03-24 19:20:18", "elapsed": 13877.431692, "delta": 15.720346}}
{"target": 0.8545539133388762, "params": {"a": 8.748222083663787, "dB": 16.66317328415232, "s": 0.28973384580492567}, "datetime": {"datetime": "2022-03-24 19:20:57", "elapsed": 13916.673294, "delta": 39.241602}}
{"target": 0.40319632388928417, "params": {"a": 5.5, "dB": 17.0, "s": 2.5}, "datetime": {"datetime": "2022-03-24 19:21:36", "elapsed": 13955.459565, "delta": 38.786271}}
{"target": 0.44918997540141453, "params": {"a": 6.3608525959687094, "dB": 15.022847383646614, "s": 1.1516570103081882}, "datetime": {"datetime": "2022-03-24 19:21:41", "elapsed": 13960.543626, "delta": 5.084061}}
{"target": 0.42538467124058094, "params": {"a": 8.527735957250192, "dB": 15.503537258972697, "s": 0.7051615981124183}, "datetime": {"datetime": "2022-03-24 19:21:53", "elapsed": 13972.709103, "delta": 12.165477}}
{"target": 0.8692332536348557, "params": {"a": 8.532642059780187, "dB": 16.470071487620515, "s": 0.3089509898879899}, "datetime": {"datetime": "2022-03-24 19:22:32", "elapsed": 14011.527122, "delta": 38.818019}}
{"target": 0.8848399728594993, "params": {"a": 8.650875929581346, "dB": 16.41628534763444, "s": 0.3139875628847622}, "datetime": {"datetime": "2022-03-24 19:23:11", "elapsed": 14050.661347, "delta": 39.134225}}
{"target": 0.36498022601878083, "params": {"a": 7.111262688711909, "dB": 16.647509598683225, "s": 2.0298741272081195}, "datetime": {"datetime": "2022-03-24 19:23:50", "elapsed": 14089.402469, "delta": 38.741122}}
{"target": 0.6134881057784013, "params": {"a": 8.519715825012595, "dB": 16.300024028387043, "s": 0.4272441939322358}, "datetime": {"datetime": "2022-03-24 19:24:18", "elapsed": 14117.250322, "delta": 27.847853}}
{"target": 0.6206021617320624, "params": {"a": 6.632507114032469, "dB": 16.66767122834565, "s": 0.1}, "datetime": {"datetime": "2022-03-24 19:24:57", "elapsed": 14156.079738, "delta": 38.829416}}
{"target": 0.917072359705886, "params": {"a": 8.832717213524479, "dB": 16.340120630341328, "s": 0.3368864723575268}, "datetime": {"datetime": "2022-03-24 19:25:36", "elapsed": 14194.978423, "delta": 38.898685}}
{"target": 0.8933508979502988, "params": {"a": 8.937822184144883, "dB": 16.260721841480574, "s": 0.3425577693216576}, "datetime": {"datetime": "2022-03-24 19:25:59", "elapsed": 14218.035093, "delta": 23.05667}}
{"target": 0.3155654794305674, "params": {"a": 8.92095436279888, "dB": 15.617197052146665, "s": 0.6190212872632003}, "datetime": {"datetime": "2022-03-24 19:26:18", "elapsed": 14237.235587, "delta": 19.200494}}
{"target": 0.31975162430529985, "params": {"a": 7.072356103831447, "dB": 15.0, "s": 0.1}, "datetime": {"datetime": "2022-03-24 19:26:23", "elapsed": 14242.666163, "delta": 5.430576}}
{"target": 0.6869230524711634, "params": {"a": 8.42705169784716, "dB": 16.43288476109234, "s": 0.17998449164617913}, "datetime": {"datetime": "2022-03-24 19:27:02", "elapsed": 14281.458971, "delta": 38.792808}}
{"target": 0.6409880891655607, "params": {"a": 6.756102382287424, "dB": 16.58403973462006, "s": 0.3411240342984826}, "datetime": {"datetime": "2022-03-24 19:27:41", "elapsed": 14320.182353, "delta": 38.723382}}
{"target": 0.43603649959527413, "params": {"a": 9.663661709001909, "dB": 16.55407264229538, "s": 1.5516350174836409}, "datetime": {"datetime": "2022-03-24 19:28:20", "elapsed": 14358.958749, "delta": 38.776396}}
{"target": 0.37942636578463135, "params": {"a": 6.40129533055413, "dB": 16.438316666503997, "s": 0.7921612135984872}, "datetime": {"datetime": "2022-03-24 19:28:58", "elapsed": 14397.130473, "delta": 38.171724}}
{"target": 0.3044441771116107, "params": {"a": 7.43225163249938, "dB": 16.559863466406824, "s": 2.2702529271737917}, "datetime": {"datetime": "2022-03-24 19:29:37", "elapsed": 14435.786864, "delta": 38.656391}}
{"target": 0.3374875459106434, "params": {"a": 6.848623681798214, "dB": 16.999961069692517, "s": 0.5269760366894858}, "datetime": {"datetime": "2022-03-24 19:30:16", "elapsed": 14474.806027, "delta": 39.019163}}
{"target": 0.2110357391084655, "params": {"a": 9.557486272094367, "dB": 17.0, "s": 0.9732239366903298}, "datetime": {"datetime": "2022-03-24 19:30:55", "elapsed": 14514.138245, "delta": 39.332218}}
{"target": 0.9195194905099268, "params": {"a": 8.783853339924768, "dB": 16.420205397582755, "s": 0.3693318238672002}, "datetime": {"datetime": "2022-03-24 19:31:34", "elapsed": 14553.180024, "delta": 39.041779}}
{"target": 0.3885322842367979, "params": {"a": 5.762369732781476, "dB": 15.921192043397342, "s": 1.1180913985236032}, "datetime": {"datetime": "2022-03-24 19:31:44", "elapsed": 14563.078806, "delta": 9.898782}}
{"target": 0.3994833043068557, "params": {"a": 6.591741361890368, "dB": 16.546148846753596, "s": 2.4902069218940293}, "datetime": {"datetime": "2022-03-24 19:32:23", "elapsed": 14601.817305, "delta": 38.738499}}
