{"target": 0.9982278515202134, "params": {"a": 3.9085845451390373, "dB": 8.979541935078952, "s": 0.6985328486609554}, "datetime": {"datetime": "2022-03-28 13:29:45", "elapsed": 346.247644, "delta": 1.16099}}
{"target": 0.9879219993201818, "params": {"a": 3.8602556105683665, "dB": 9.345845633992285, "s": 0.6952717063891015}, "datetime": {"datetime": "2022-03-28 13:29:46", "elapsed": 347.545034, "delta": 1.29739}}
{"target": 0.9739976930461965, "params": {"a": 4.435328297858584, "dB": 8.564659694731791, "s": 0.774867321133709}, "datetime": {"datetime": "2022-03-28 13:29:48", "elapsed": 349.687126, "delta": 2.142092}}
{"target": 0.9377847358522172, "params": {"a": 3.0275657924290695, "dB": 9.39830425839897, "s": 0.532674895971432}, "datetime": {"datetime": "2022-03-28 13:29:50", "elapsed": 351.274776, "delta": 1.58765}}
{"target": 0.9658258320380798, "params": {"a": 3.41593420834289, "dB": 7.7583365154082315, "s": 0.6164701633923839}, "datetime": {"datetime": "2022-03-28 13:29:52", "elapsed": 353.254126, "delta": 1.97935}}
{"target": 0.9383768912299544, "params": {"a": 3.946009539170178, "dB": 8.032878626443026, "s": 0.7533250668838009}, "datetime": {"datetime": "2022-03-28 13:29:54", "elapsed": 355.456935, "delta": 2.202809}}
{"target": 0.9697595457690986, "params": {"a": 4.015961298701967, "dB": 8.120740876146384, "s": 0.6715341833219742}, "datetime": {"datetime": "2022-03-28 13:29:55", "elapsed": 356.745947, "delta": 1.289012}}
{"target": 0.9962327435408167, "params": {"a": 3.8400966644316226, "dB": 9.39650447312684, "s": 0.7351231790983161}, "datetime": {"datetime": "2022-03-28 13:29:56", "elapsed": 357.760359, "delta": 1.014412}}
{"target": 0.9857183210275772, "params": {"a": 4.058195163276077, "dB": 8.229953968330129, "s": 0.7406893100052571}, "datetime": {"datetime": "2022-03-28 13:29:58", "elapsed": 359.059223, "delta": 1.298864}}
{"target": 0.9881880619101686, "params": {"a": 3.9897069978619646, "dB": 8.290825257447208, "s": 0.7365130813274545}, "datetime": {"datetime": "2022-03-28 13:30:00", "elapsed": 361.274309, "delta": 2.215086}}
{"target": 0.9906969598060655, "params": {"a": 3.9199887486536236, "dB": 8.216478346406634, "s": 0.7193322879796265}, "datetime": {"datetime": "2022-03-28 13:30:02", "elapsed": 362.88302, "delta": 1.608711}}
{"target": 0.7458249301427019, "params": {"a": 4.973780259586749, "dB": 10.11964745254555, "s": 1.08640961763222}, "datetime": {"datetime": "2022-03-28 13:30:03", "elapsed": 364.391627, "delta": 1.508607}}
{"target": 0.9771114869285703, "params": {"a": 3.800131951680016, "dB": 7.879924022354897, "s": 0.6406090021955035}, "datetime": {"datetime": "2022-03-28 13:30:06", "elapsed": 366.88093, "delta": 2.489303}}
{"target": 0.9972222633003373, "params": {"a": 3.6833625548861564, "dB": 9.320081609531655, "s": 0.6739638698387393}, "datetime": {"datetime": "2022-03-28 13:30:07", "elapsed": 368.6631, "delta": 1.78217}}
{"target": 0.6269185640513628, "params": {"a": 3.2672688026808676, "dB": 10.227830906036687, "s": 0.3151878182096094}, "datetime": {"datetime": "2022-03-28 13:30:09", "elapsed": 369.872716, "delta": 1.209616}}
{"target": 0.9402036810901213, "params": {"a": 4.1125024313215786, "dB": 10.259096075559661, "s": 0.7892261934615766}, "datetime": {"datetime": "2022-03-28 13:30:11", "elapsed": 372.076029, "delta": 2.203313}}
{"target": 0.9827881635072795, "params": {"a": 3.261453732316076, "dB": 8.615620524861663, "s": 0.6062716641811028}, "datetime": {"datetime": "2022-03-28 13:30:12", "elapsed": 373.501036, "delta": 1.425007}}
{"target": 0.7027885194252788, "params": {"a": 3.2439078746463377, "dB": 10.214945476364845, "s": 0.9054801171212385}, "datetime": {"datetime": "2022-03-28 13:30:13", "elapsed": 374.688497, "delta": 1.187461}}
{"target": 0.9267022029053069, "params": {"a": 3.03946374130991, "dB": 9.604244278048391, "s": 0.6136447474973861}, "datetime": {"datetime": "2022-03-28 13:30:15", "elapsed": 376.021055, "delta": 1.332558}}
{"target": 0.9955925059463924, "params": {"a": 3.8206019455742655, "dB": 9.30428184419562, "s": 0.7141175436773168}, "datetime": {"datetime": "2022-03-28 13:30:16", "elapsed": 377.173429, "delta": 1.152374}}
{"target": 0.9062005869347902, "params": {"a": 2.732693820482468, "dB": 9.516853266749647, "s": 0.43938358545776435}, "datetime": {"datetime": "2022-03-28 13:30:18", "elapsed": 379.295576, "delta": 2.122147}}
{"target": 0.6697669648203718, "params": {"a": 2.430765613011427, "dB": 9.610310130945832, "s": 0.7904464964581369}, "datetime": {"datetime": "2022-03-28 13:30:19", "elapsed": 380.326236, "delta": 1.03066}}
{"target": 0.9005289156678217, "params": {"a": 2.538238365502375, "dB": 9.31548398732272, "s": 0.41441876479866613}, "datetime": {"datetime": "2022-03-28 13:30:21", "elapsed": 381.818378, "delta": 1.492142}}
{"target": 0.8629450301187191, "params": {"a": 5.0, "dB": 8.819289579616102, "s": 0.8083690321047023}, "datetime": {"datetime": "2022-03-28 13:30:22", "elapsed": 383.418716, "delta": 1.600338}}
{"target": 0.9876401805022222, "params": {"a": 3.993047022335791, "dB": 8.975045118183763, "s": 0.7501341376774424}, "datetime": {"datetime": "2022-03-28 13:30:23", "elapsed": 384.369246, "delta": 0.95053}}
{"target": 0.7552067733888904, "params": {"a": 4.961986322457205, "dB": 9.069504241680736, "s": 1.069288944423159}, "datetime": {"datetime": "2022-03-28 13:30:25", "elapsed": 386.014235, "delta": 1.644989}}
{"target": 0.6091321684814076, "params": {"a": 2.35781033015551, "dB": 11.0, "s": 1.1}, "datetime": {"datetime": "2022-03-28 13:30:28", "elapsed": 389.039933, "delta": 3.025698}}
{"target": 0.9307759705511552, "params": {"a": 4.818261305263521, "dB": 8.460078833946147, "s": 0.8879788562148456}, "datetime": {"datetime": "2022-03-28 13:30:29", "elapsed": 390.700199, "delta": 1.660266}}
{"target": 0.5401521944217481, "params": {"a": 3.9905983186753353, "dB": 10.78065832889374, "s": 0.3002639272162847}, "datetime": {"datetime": "2022-03-28 13:30:31", "elapsed": 391.985326, "delta": 1.285127}}
{"target": 0.9422585071407921, "params": {"a": 3.322332548946192, "dB": 9.876950406971254, "s": 0.6753910380557155}, "datetime": {"datetime": "2022-03-28 13:30:33", "elapsed": 394.012967, "delta": 2.027641}}
{"target": 0.8087498650716018, "params": {"a": 4.657444775023994, "dB": 7.501417415863088, "s": 0.6613648414607981}, "datetime": {"datetime": "2022-03-28 13:30:35", "elapsed": 396.769693, "delta": 2.756726}}
{"target": 0.9345367741368694, "params": {"a": 4.461313105897131, "dB": 7.728539816446673, "s": 0.8415240586373843}, "datetime": {"datetime": "2022-03-28 13:30:37", "elapsed": 398.641675, "delta": 1.871982}}
{"target": 0.9668299907204199, "params": {"a": 2.927839776370473, "dB": 8.015676736988356, "s": 0.5539468959337713}, "datetime": {"datetime": "2022-03-28 13:30:38", "elapsed": 399.676703, "delta": 1.035028}}
{"target": 0.9272912361944002, "params": {"a": 2.980499509878735, "dB": 8.698100636012857, "s": 0.4586437424893248}, "datetime": {"datetime": "2022-03-28 13:30:39", "elapsed": 400.583833, "delta": 0.90713}}
{"target": 0.914357523739348, "params": {"a": 4.722254052759009, "dB": 8.534833994240506, "s": 0.7594836950768938}, "datetime": {"datetime": "2022-03-28 13:30:42", "elapsed": 403.602976, "delta": 3.019143}}
{"target": 0.9220109967403111, "params": {"a": 4.411392118320652, "dB": 7.6973005728112005, "s": 0.7041038960918043}, "datetime": {"datetime": "2022-03-28 13:30:44", "elapsed": 405.476839, "delta": 1.873863}}
{"target": 0.8943361751498655, "params": {"a": 3.813214140029067, "dB": 10.371356768612364, "s": 0.8794949754893097}, "datetime": {"datetime": "2022-03-28 13:30:46", "elapsed": 407.436945, "delta": 1.960106}}
{"target": 0.9657714534669546, "params": {"a": 3.734679481582586, "dB": 10.100166635314658, "s": 0.7725586533807701}, "datetime": {"datetime": "2022-03-28 13:30:47", "elapsed": 408.699126, "delta": 1.262181}}
{"target": 0.9768126014980134, "params": {"a": 3.9024945885479303, "dB": 10.12052123983697, "s": 0.7879584993051197}, "datetime": {"datetime": "2022-03-28 13:30:49", "elapsed": 410.381153, "delta": 1.682027}}
{"target": 0.878669984355872, "params": {"a": 3.9573862141296225, "dB": 10.155607309694057, "s": 0.7037038057265095}, "datetime": {"datetime": "2022-03-28 13:30:51", "elapsed": 412.324633, "delta": 1.94348}}
{"target": 0.7446462565855015, "params": {"a": 2.6859067886883827, "dB": 9.379433399685976, "s": 0.21450423679184952}, "datetime": {"datetime": "2022-03-28 13:30:53", "elapsed": 414.480599, "delta": 2.155966}}
{"target": 0.6808708196939652, "params": {"a": 1.9734723347487413, "dB": 8.857045021861115, "s": 0.7740869292918982}, "datetime": {"datetime": "2022-03-28 13:30:54", "elapsed": 415.406941, "delta": 0.926342}}
{"target": 0.7095011737775034, "params": {"a": 3.6368250215051408, "dB": 8.336717140343595, "s": 0.2955401874462956}, "datetime": {"datetime": "2022-03-28 13:30:55", "elapsed": 416.338072, "delta": 0.931131}}
{"target": 0.9544828025471174, "params": {"a": 3.8604304028608794, "dB": 10.148699493301379, "s": 0.8313830771884101}, "datetime": {"datetime": "2022-03-28 13:30:57", "elapsed": 417.984676, "delta": 1.646604}}
{"target": 0.9792217750717134, "params": {"a": 3.8908656927332785, "dB": 9.971801436804768, "s": 0.7963766819920823}, "datetime": {"datetime": "2022-03-28 13:30:58", "elapsed": 419.347565, "delta": 1.362889}}
{"target": 0.7803600217860678, "params": {"a": 2.0145898845963917, "dB": 9.896188216853867, "s": 0.1}, "datetime": {"datetime": "2022-03-28 13:31:00", "elapsed": 421.242923, "delta": 1.895358}}
{"target": 0.9447790301010517, "params": {"a": 4.383647473793502, "dB": 10.185020362529631, "s": 0.9751740541677528}, "datetime": {"datetime": "2022-03-28 13:31:01", "elapsed": 422.515624, "delta": 1.272701}}
{"target": 0.9802540417071595, "params": {"a": 4.280615155625979, "dB": 10.290795028439826, "s": 0.895345222153483}, "datetime": {"datetime": "2022-03-28 13:31:03", "elapsed": 424.387276, "delta": 1.871652}}
{"target": 0.8984092754405021, "params": {"a": 2.2519724870257085, "dB": 7.84093727687429, "s": 0.26037565751953284}, "datetime": {"datetime": "2022-03-28 13:31:05", "elapsed": 426.378553, "delta": 1.991277}}
{"target": 0.9854766062796332, "params": {"a": 4.3950051741330745, "dB": 10.272478089484045, "s": 0.898332923734584}, "datetime": {"datetime": "2022-03-28 13:31:07", "elapsed": 428.647701, "delta": 2.269148}}
{"target": 0.9604080946840959, "params": {"a": 4.338724685962337, "dB": 10.18716817357633, "s": 0.8455413487437217}, "datetime": {"datetime": "2022-03-28 13:31:09", "elapsed": 430.405977, "delta": 1.758276}}
{"target": 0.9865915006065419, "params": {"a": 4.867193250659319, "dB": 10.743318711114739, "s": 0.9505375415861076}, "datetime": {"datetime": "2022-03-28 13:31:12", "elapsed": 433.311394, "delta": 2.905417}}
{"target": 0.723595952209269, "params": {"a": 4.800192111367855, "dB": 10.95310294292191, "s": 0.7741019822292571}, "datetime": {"datetime": "2022-03-28 13:31:14", "elapsed": 434.978004, "delta": 1.66661}}
{"target": 0.8526427389094151, "params": {"a": 4.815413271099557, "dB": 10.825383533096977, "s": 1.0774533260113934}, "datetime": {"datetime": "2022-03-28 13:31:15", "elapsed": 436.604689, "delta": 1.626685}}
{"target": 0.9933073350865201, "params": {"a": 4.809825569961609, "dB": 10.571771058586302, "s": 0.9596385204918146}, "datetime": {"datetime": "2022-03-28 13:31:17", "elapsed": 438.075433, "delta": 1.470744}}
{"target": 0.9931691394840801, "params": {"a": 4.852999788010319, "dB": 10.631601226846975, "s": 0.9645136556871858}, "datetime": {"datetime": "2022-03-28 13:31:18", "elapsed": 439.725231, "delta": 1.649798}}
{"target": 0.6987198033777573, "params": {"a": 2.0857214919620715, "dB": 8.895144166993093, "s": 0.6376684251140091}, "datetime": {"datetime": "2022-03-28 13:31:19", "elapsed": 440.682062, "delta": 0.956831}}
{"target": 0.8877044606486542, "params": {"a": 4.784763102846264, "dB": 10.663723104554077, "s": 0.868188545932931}, "datetime": {"datetime": "2022-03-28 13:31:22", "elapsed": 443.486271, "delta": 2.804209}}
{"target": 0.9206227962253632, "params": {"a": 4.839656894483997, "dB": 10.573996562556887, "s": 1.0507817035724427}, "datetime": {"datetime": "2022-03-28 13:31:25", "elapsed": 446.367818, "delta": 2.881547}}
{"target": 0.9619174063432574, "params": {"a": 4.744079174021129, "dB": 10.441363698242746, "s": 0.9069349646005916}, "datetime": {"datetime": "2022-03-28 13:31:28", "elapsed": 449.325626, "delta": 2.957808}}
{"target": 0.9593624086237797, "params": {"a": 4.361230812508427, "dB": 10.333440194342703, "s": 0.9533502827582819}, "datetime": {"datetime": "2022-03-28 13:31:30", "elapsed": 451.570522, "delta": 2.244896}}
{"target": 0.9671782770803524, "params": {"a": 4.075629689268904, "dB": 7.5, "s": 0.7135496443234928}, "datetime": {"datetime": "2022-03-28 13:31:33", "elapsed": 454.145587, "delta": 2.575065}}
{"target": 0.9108232877011654, "params": {"a": 3.2496415666802974, "dB": 9.678925332268983, "s": 0.7219488479593665}, "datetime": {"datetime": "2022-03-28 13:31:36", "elapsed": 457.75762, "delta": 3.612033}}
{"target": 0.9553442875647159, "params": {"a": 4.703992178073104, "dB": 9.202293619860445, "s": 0.7919840943941183}, "datetime": {"datetime": "2022-03-28 13:31:38", "elapsed": 459.398268, "delta": 1.640648}}
{"target": 0.9792632092843208, "params": {"a": 4.9890628120304275, "dB": 10.884409772746764, "s": 0.9542457382092842}, "datetime": {"datetime": "2022-03-28 13:31:41", "elapsed": 462.035513, "delta": 2.637245}}
{"target": 0.6868442637613286, "params": {"a": 4.620452884198499, "dB": 9.371440809466737, "s": 0.531000710233112}, "datetime": {"datetime": "2022-03-28 13:31:42", "elapsed": 463.03616, "delta": 1.000647}}
{"target": 0.9923996288421056, "params": {"a": 4.941614142751339, "dB": 10.806580926482354, "s": 0.9851037935032452}, "datetime": {"datetime": "2022-03-28 13:31:44", "elapsed": 465.147299, "delta": 2.111139}}
{"target": 0.983419872407952, "params": {"a": 3.981334075601294, "dB": 10.015075829526765, "s": 0.8159198231040208}, "datetime": {"datetime": "2022-03-28 13:31:46", "elapsed": 467.130772, "delta": 1.983473}}
{"target": 0.9851819577753379, "params": {"a": 3.7681621986117326, "dB": 9.269100781447333, "s": 0.6423969240431671}, "datetime": {"datetime": "2022-03-28 13:31:49", "elapsed": 470.347422, "delta": 3.21665}}
{"target": 0.9852402854992931, "params": {"a": 4.952304269280944, "dB": 10.729526153053317, "s": 0.9567886456185255}, "datetime": {"datetime": "2022-03-28 13:31:51", "elapsed": 472.185128, "delta": 1.837706}}
{"target": 0.9747331428426278, "params": {"a": 4.650939692201413, "dB": 9.405697143843765, "s": 0.8127255754013919}, "datetime": {"datetime": "2022-03-28 13:31:53", "elapsed": 473.970048, "delta": 1.78492}}
{"target": 0.9704319836059845, "params": {"a": 4.161073703816025, "dB": 10.43661890700951, "s": 0.8527967974106935}, "datetime": {"datetime": "2022-03-28 13:31:56", "elapsed": 477.692498, "delta": 3.72245}}
