{"target": 0.9962010292272063, "params": {"a": 3.99953091157193, "dB": 8.849182033024478, "s": 0.7173420992402278}, "datetime": {"datetime": "2022-03-28 13:27:29", "elapsed": 209.981794, "delta": 1.096452}}
{"target": 0.9938419217200899, "params": {"a": 3.685582357729796, "dB": 8.143645946938134, "s": 0.6762873636025912}, "datetime": {"datetime": "2022-03-28 13:27:30", "elapsed": 211.317862, "delta": 1.336068}}
{"target": 0.9824919615991409, "params": {"a": 3.974889578590657, "dB": 7.892431315576503, "s": 0.7073496898933687}, "datetime": {"datetime": "2022-03-28 13:27:31", "elapsed": 212.518693, "delta": 1.200831}}
{"target": 0.999008303788713, "params": {"a": 4.292447868172877, "dB": 9.637997803892388, "s": 0.8410241688691789}, "datetime": {"datetime": "2022-03-28 13:27:32", "elapsed": 213.745678, "delta": 1.226985}}
{"target": 0.6956549426973789, "params": {"a": 3.2126861688623265, "dB": 10.53784405688115, "s": 0.8832397373705323}, "datetime": {"datetime": "2022-03-28 13:27:34", "elapsed": 214.808205, "delta": 1.062527}}
{"target": 0.9916599795354943, "params": {"a": 4.149378258565788, "dB": 8.764722274757899, "s": 0.7299752145417868}, "datetime": {"datetime": "2022-03-28 13:27:35", "elapsed": 216.363655, "delta": 1.55545}}
{"target": 0.9952342073311455, "params": {"a": 4.082068835458323, "dB": 9.15517140412081, "s": 0.706471462192011}, "datetime": {"datetime": "2022-03-28 13:27:36", "elapsed": 217.608578, "delta": 1.244923}}
{"target": 0.9972813425529796, "params": {"a": 3.9718711728636276, "dB": 8.939406308369497, "s": 0.7072556246339147}, "datetime": {"datetime": "2022-03-28 13:27:37", "elapsed": 218.562957, "delta": 0.954379}}
{"target": 0.9930378189472976, "params": {"a": 4.316238540302033, "dB": 9.596353041775439, "s": 0.8211550211096021}, "datetime": {"datetime": "2022-03-28 13:27:38", "elapsed": 219.614998, "delta": 1.052041}}
{"target": 0.9977144038402552, "params": {"a": 3.806043474127111, "dB": 8.99232939799163, "s": 0.7057629547811098}, "datetime": {"datetime": "2022-03-28 13:27:40", "elapsed": 221.047069, "delta": 1.432071}}
{"target": 0.9772781425498819, "params": {"a": 3.3042625743446763, "dB": 7.89857724560662, "s": 0.5395233691433079}, "datetime": {"datetime": "2022-03-28 13:27:41", "elapsed": 222.311145, "delta": 1.264076}}
{"target": 0.524865328391405, "params": {"a": 4.186782587819593, "dB": 8.496627232672035, "s": 0.13110854885202597}, "datetime": {"datetime": "2022-03-28 13:27:42", "elapsed": 222.976669, "delta": 0.665524}}
{"target": 0.9947434352335972, "params": {"a": 3.8015124516606176, "dB": 8.329429628267295, "s": 0.7021103059048042}, "datetime": {"datetime": "2022-03-28 13:27:43", "elapsed": 223.966535, "delta": 0.989866}}
{"target": 0.9992121838407981, "params": {"a": 3.823825825922424, "dB": 9.168216961481049, "s": 0.690226123314277}, "datetime": {"datetime": "2022-03-28 13:27:44", "elapsed": 224.797151, "delta": 0.830616}}
{"target": 0.9945227074859848, "params": {"a": 3.6181287089573693, "dB": 8.195775810631533, "s": 0.6806734006820129}, "datetime": {"datetime": "2022-03-28 13:27:44", "elapsed": 225.622433, "delta": 0.825282}}
{"target": 0.9987539073480652, "params": {"a": 3.751059155073267, "dB": 9.18920874367444, "s": 0.6850377993486239}, "datetime": {"datetime": "2022-03-28 13:27:45", "elapsed": 226.363189, "delta": 0.740756}}
{"target": 0.9933385907479073, "params": {"a": 3.7421272076842493, "dB": 9.40016217178275, "s": 0.7049339213596633}, "datetime": {"datetime": "2022-03-28 13:27:46", "elapsed": 227.190761, "delta": 0.827572}}
{"target": 0.9954617115405122, "params": {"a": 3.6459569979450066, "dB": 8.82906015029195, "s": 0.6907933393020607}, "datetime": {"datetime": "2022-03-28 13:27:47", "elapsed": 228.230296, "delta": 1.039535}}
{"target": 0.701968763268281, "params": {"a": 1.8133188976450219, "dB": 8.313507705063136, "s": 0.589114344147393}, "datetime": {"datetime": "2022-03-28 13:27:48", "elapsed": 228.858212, "delta": 0.627916}}
{"target": 0.9868164827214271, "params": {"a": 4.386027349034723, "dB": 9.625323800851456, "s": 0.8201306860560353}, "datetime": {"datetime": "2022-03-28 13:27:49", "elapsed": 229.857168, "delta": 0.998956}}
{"target": 0.9397411870480047, "params": {"a": 3.97275886683827, "dB": 10.580905910235593, "s": 0.8689690368888062}, "datetime": {"datetime": "2022-03-28 13:27:50", "elapsed": 231.108564, "delta": 1.251396}}
{"target": 0.6079355772807997, "params": {"a": 4.957686581243857, "dB": 10.583948270992357, "s": 0.5279697771315699}, "datetime": {"datetime": "2022-03-28 13:27:51", "elapsed": 232.261037, "delta": 1.152473}}
{"target": 0.9928977938494039, "params": {"a": 3.9474925874489477, "dB": 8.497863789283997, "s": 0.6995872096078093}, "datetime": {"datetime": "2022-03-28 13:27:52", "elapsed": 233.405618, "delta": 1.144581}}
{"target": 0.9965681383545364, "params": {"a": 3.6477040833738057, "dB": 8.96956910881455, "s": 0.6838381803871483}, "datetime": {"datetime": "2022-03-28 13:27:53", "elapsed": 234.671677, "delta": 1.266059}}
{"target": 0.995087852802196, "params": {"a": 3.5314399421400395, "dB": 8.630168393491715, "s": 0.6593234182847986}, "datetime": {"datetime": "2022-03-28 13:27:55", "elapsed": 236.334996, "delta": 1.663319}}
{"target": 0.9945028848087752, "params": {"a": 3.5909355209560476, "dB": 8.569532550107283, "s": 0.6497884187411189}, "datetime": {"datetime": "2022-03-28 13:27:57", "elapsed": 237.888658, "delta": 1.553662}}
{"target": 0.7584360552850676, "params": {"a": 3.8747110141742436, "dB": 9.283619431318394, "s": 0.9073337856092649}, "datetime": {"datetime": "2022-03-28 13:27:57", "elapsed": 238.566377, "delta": 0.677719}}
{"target": 0.8411609812200793, "params": {"a": 1.9570679641319042, "dB": 7.9700797455144725, "s": 0.1}, "datetime": {"datetime": "2022-03-28 13:27:58", "elapsed": 239.5686, "delta": 1.002223}}
{"target": 0.998450558983949, "params": {"a": 3.850248829180023, "dB": 9.088978165413831, "s": 0.6866235512673103}, "datetime": {"datetime": "2022-03-28 13:27:59", "elapsed": 240.413201, "delta": 0.844601}}
{"target": 0.9657708852457811, "params": {"a": 3.0256557529916406, "dB": 8.430201797964363, "s": 0.5824902493414065}, "datetime": {"datetime": "2022-03-28 13:28:00", "elapsed": 241.236233, "delta": 0.823032}}
{"target": 0.9982977627382217, "params": {"a": 3.7460409073494483, "dB": 8.786211457011651, "s": 0.6834370449709903}, "datetime": {"datetime": "2022-03-28 13:28:01", "elapsed": 242.275179, "delta": 1.038946}}
{"target": 0.9196496252157911, "params": {"a": 4.030931259811742, "dB": 11.0, "s": 0.8922848235228579}, "datetime": {"datetime": "2022-03-28 13:28:03", "elapsed": 244.288565, "delta": 2.013386}}
{"target": 0.7931386172402998, "params": {"a": 1.7756762478803423, "dB": 8.843665583825294, "s": 0.1788609202603806}, "datetime": {"datetime": "2022-03-28 13:28:04", "elapsed": 245.004412, "delta": 0.715847}}
{"target": 0.9500067599441234, "params": {"a": 4.376156235373632, "dB": 9.192659130526925, "s": 0.7117070625811139}, "datetime": {"datetime": "2022-03-28 13:28:05", "elapsed": 245.998347, "delta": 0.993935}}
{"target": 0.9932410701932733, "params": {"a": 3.472342495284335, "dB": 8.515879290297507, "s": 0.6553526573654497}, "datetime": {"datetime": "2022-03-28 13:28:06", "elapsed": 247.261979, "delta": 1.263632}}
{"target": 0.8549486815625527, "params": {"a": 4.74848962797461, "dB": 7.8219575593146855, "s": 0.7148938490073931}, "datetime": {"datetime": "2022-03-28 13:28:07", "elapsed": 248.238876, "delta": 0.976897}}
{"target": 0.9941921770371263, "params": {"a": 4.099090619573058, "dB": 8.8835938664668, "s": 0.7207956063335587}, "datetime": {"datetime": "2022-03-28 13:28:08", "elapsed": 249.685571, "delta": 1.446695}}
{"target": 0.9935503876537435, "params": {"a": 4.14794681201893, "dB": 9.042031812081584, "s": 0.7388957730589601}, "datetime": {"datetime": "2022-03-28 13:28:09", "elapsed": 250.724303, "delta": 1.038732}}
{"target": 0.9567696836649097, "params": {"a": 3.9197103001063307, "dB": 10.298720096222045, "s": 0.7847539745003649}, "datetime": {"datetime": "2022-03-28 13:28:12", "elapsed": 252.787066, "delta": 2.062763}}
{"target": 0.9887121604854512, "params": {"a": 3.4012585819474164, "dB": 8.653955678084698, "s": 0.6541510111254077}, "datetime": {"datetime": "2022-03-28 13:28:13", "elapsed": 254.067197, "delta": 1.280131}}
{"target": 0.9820651475318463, "params": {"a": 3.2613148721513596, "dB": 7.7100525662086365, "s": 0.48926621435289885}, "datetime": {"datetime": "2022-03-28 13:28:14", "elapsed": 255.07206, "delta": 1.004863}}
{"target": 0.9785934203672325, "params": {"a": 3.500608079651472, "dB": 7.627961221242211, "s": 0.5174041106266286}, "datetime": {"datetime": "2022-03-28 13:28:16", "elapsed": 257.153194, "delta": 2.081134}}
{"target": 0.9885355612533254, "params": {"a": 4.295527376854918, "dB": 9.961497119899645, "s": 0.8313209992801038}, "datetime": {"datetime": "2022-03-28 13:28:19", "elapsed": 259.899, "delta": 2.745806}}
{"target": 0.9741125705687085, "params": {"a": 4.251110398782694, "dB": 10.091986053451881, "s": 0.8078658897499195}, "datetime": {"datetime": "2022-03-28 13:28:20", "elapsed": 261.498633, "delta": 1.599633}}
{"target": 0.9668756406501461, "params": {"a": 3.4351588370652135, "dB": 9.446658000059298, "s": 0.6224638330650519}, "datetime": {"datetime": "2022-03-28 13:28:21", "elapsed": 262.384973, "delta": 0.88634}}
{"target": 0.991937199866924, "params": {"a": 3.758655579412339, "dB": 8.074185350056716, "s": 0.6838427924418999}, "datetime": {"datetime": "2022-03-28 13:28:22", "elapsed": 263.415646, "delta": 1.030673}}
{"target": 0.961764059057301, "params": {"a": 4.259299920718498, "dB": 10.833745055086952, "s": 0.859788750816803}, "datetime": {"datetime": "2022-03-28 13:28:23", "elapsed": 264.715994, "delta": 1.300348}}
{"target": 0.9673004856793386, "params": {"a": 3.232758482178979, "dB": 9.325011595110613, "s": 0.6320257118693644}, "datetime": {"datetime": "2022-03-28 13:28:24", "elapsed": 265.770984, "delta": 1.05499}}
{"target": 0.5516376638867377, "params": {"a": 3.7587978781088696, "dB": 10.63552806886621, "s": 0.3468135771587676}, "datetime": {"datetime": "2022-03-28 13:28:26", "elapsed": 266.834879, "delta": 1.063895}}
{"target": 0.9870077610586374, "params": {"a": 3.342015924396261, "dB": 8.235564581420784, "s": 0.6117598457105025}, "datetime": {"datetime": "2022-03-28 13:28:27", "elapsed": 268.054756, "delta": 1.219877}}
{"target": 0.7083741544040588, "params": {"a": 2.820191133410026, "dB": 8.657087183243242, "s": 0.9332169386611752}, "datetime": {"datetime": "2022-03-28 13:28:27", "elapsed": 268.718121, "delta": 0.663365}}
{"target": 0.9927318349944625, "params": {"a": 3.7502534312165494, "dB": 9.561191842653933, "s": 0.7096207739294021}, "datetime": {"datetime": "2022-03-28 13:28:29", "elapsed": 270.72103, "delta": 2.002909}}
{"target": 0.9952645536985292, "params": {"a": 3.547041774616922, "dB": 8.48608737415939, "s": 0.6577701731726305}, "datetime": {"datetime": "2022-03-28 13:28:30", "elapsed": 271.616058, "delta": 0.895028}}
{"target": 0.9927043575192467, "params": {"a": 3.8410681711119334, "dB": 8.382242803503129, "s": 0.7198581922032994}, "datetime": {"datetime": "2022-03-28 13:28:31", "elapsed": 272.772522, "delta": 1.156464}}
{"target": 0.9800641837223113, "params": {"a": 3.7007185912993736, "dB": 9.588764468640242, "s": 0.7386398001237298}, "datetime": {"datetime": "2022-03-28 13:28:33", "elapsed": 274.637304, "delta": 1.864782}}
{"target": 0.7389268498587868, "params": {"a": 2.073053461423064, "dB": 7.856061719121328, "s": 0.6985640412167949}, "datetime": {"datetime": "2022-03-28 13:28:34", "elapsed": 275.283509, "delta": 0.646205}}
{"target": 0.9969422080184633, "params": {"a": 3.79728247388685, "dB": 8.810566137552993, "s": 0.6775900996905496}, "datetime": {"datetime": "2022-03-28 13:28:36", "elapsed": 277.372504, "delta": 2.088995}}
{"target": 0.9922011316947283, "params": {"a": 4.179319174434516, "dB": 8.899356967281642, "s": 0.7352286670881686}, "datetime": {"datetime": "2022-03-28 13:28:38", "elapsed": 279.684648, "delta": 2.312144}}
{"target": 0.9860556654804118, "params": {"a": 3.6618451724200933, "dB": 9.489843044655451, "s": 0.6787732139969403}, "datetime": {"datetime": "2022-03-28 13:28:40", "elapsed": 281.357284, "delta": 1.672636}}
{"target": 0.9538128883495058, "params": {"a": 3.531067906278173, "dB": 9.706144453219705, "s": 0.662082483306123}, "datetime": {"datetime": "2022-03-28 13:28:41", "elapsed": 282.485781, "delta": 1.128497}}
{"target": 0.996540852855083, "params": {"a": 3.606021307080268, "dB": 8.68539916635018, "s": 0.6743626714305546}, "datetime": {"datetime": "2022-03-28 13:28:43", "elapsed": 284.285994, "delta": 1.800213}}
{"target": 0.9873140003510902, "params": {"a": 3.852994694370422, "dB": 9.5779791928852, "s": 0.7274679967797391}, "datetime": {"datetime": "2022-03-28 13:28:44", "elapsed": 285.556607, "delta": 1.270613}}
{"target": 0.9340535443356718, "params": {"a": 4.3026300207604455, "dB": 11.0, "s": 0.8345186544158704}, "datetime": {"datetime": "2022-03-28 13:28:46", "elapsed": 287.551433, "delta": 1.994826}}
{"target": 0.9987857052209159, "params": {"a": 3.802824819477373, "dB": 8.920291705669364, "s": 0.6902942283269192}, "datetime": {"datetime": "2022-03-28 13:28:48", "elapsed": 289.13567, "delta": 1.584237}}
{"target": 0.9949203517639924, "params": {"a": 3.5560189887771445, "dB": 8.971951313900059, "s": 0.6535938051033685}, "datetime": {"datetime": "2022-03-28 13:28:49", "elapsed": 290.080278, "delta": 0.944608}}
{"target": 0.6727743439539153, "params": {"a": 2.4398027735393475, "dB": 9.446221384164263, "s": 0.9155273900423986}, "datetime": {"datetime": "2022-03-28 13:28:50", "elapsed": 290.839313, "delta": 0.759035}}
{"target": 0.9969332922173693, "params": {"a": 3.9483759629945623, "dB": 8.819545002702998, "s": 0.7113883598003994}, "datetime": {"datetime": "2022-03-28 13:28:51", "elapsed": 292.220725, "delta": 1.381412}}
{"target": 0.6895184320034315, "params": {"a": 2.128321825604171, "dB": 10.419544628885122, "s": 0.4905473234626093}, "datetime": {"datetime": "2022-03-28 13:28:52", "elapsed": 293.248008, "delta": 1.027283}}
{"target": 0.9726694690910819, "params": {"a": 4.267180787499402, "dB": 8.834099322066038, "s": 0.7876726742468269}, "datetime": {"datetime": "2022-03-28 13:28:53", "elapsed": 294.243122, "delta": 0.995114}}
{"target": 0.9972453884538725, "params": {"a": 3.708200862201093, "dB": 8.695104900922697, "s": 0.69238104935105}, "datetime": {"datetime": "2022-03-28 13:28:54", "elapsed": 295.481066, "delta": 1.237944}}
{"target": 0.9988599984162013, "params": {"a": 3.896547207202205, "dB": 9.057632399941951, "s": 0.7017098229608232}, "datetime": {"datetime": "2022-03-28 13:28:55", "elapsed": 296.465043, "delta": 0.983977}}
{"target": 0.9931438002105576, "params": {"a": 3.5777454562957107, "dB": 9.26000910307635, "s": 0.6741172963554871}, "datetime": {"datetime": "2022-03-28 13:28:57", "elapsed": 297.831119, "delta": 1.366076}}
{"target": 0.9867800036212094, "params": {"a": 3.6089340575250666, "dB": 8.125638331218875, "s": 0.6370374323694664}, "datetime": {"datetime": "2022-03-28 13:28:58", "elapsed": 298.843413, "delta": 1.012294}}
{"target": 0.6533001743728035, "params": {"a": 1.5635632499627203, "dB": 9.041213634979302, "s": 0.6820026652578506}, "datetime": {"datetime": "2022-03-28 13:28:58", "elapsed": 299.53881, "delta": 0.695397}}
{"target": 0.850234361425136, "params": {"a": 2.2140047354718684, "dB": 9.24145761030602, "s": 0.22668840625876555}, "datetime": {"datetime": "2022-03-28 13:28:59", "elapsed": 300.27741, "delta": 0.7386}}
{"target": 0.9913245114258994, "params": {"a": 3.812298602744539, "dB": 8.205614790165164, "s": 0.7177701596530438}, "datetime": {"datetime": "2022-03-28 13:29:00", "elapsed": 301.225967, "delta": 0.948557}}
{"target": 0.9880149103630866, "params": {"a": 3.3271388225709764, "dB": 8.084492179845558, "s": 0.6298484119836393}, "datetime": {"datetime": "2022-03-28 13:29:02", "elapsed": 303.130435, "delta": 1.904468}}
{"target": 0.9958386199848696, "params": {"a": 4.107067580824461, "dB": 9.0989635628753, "s": 0.7253931233581551}, "datetime": {"datetime": "2022-03-28 13:29:04", "elapsed": 305.036238, "delta": 1.905803}}
{"target": 0.9858815731396625, "params": {"a": 3.401980864395149, "dB": 9.222640329657695, "s": 0.6402784377291534}, "datetime": {"datetime": "2022-03-28 13:29:05", "elapsed": 305.941474, "delta": 0.905236}}
{"target": 0.9963022918405134, "params": {"a": 3.767666585906456, "dB": 8.55855682421094, "s": 0.7027218905786232}, "datetime": {"datetime": "2022-03-28 13:29:06", "elapsed": 307.641176, "delta": 1.699702}}
{"target": 0.98807045584787, "params": {"a": 3.4046078738752477, "dB": 8.978641501014256, "s": 0.6262145982808848}, "datetime": {"datetime": "2022-03-28 13:29:07", "elapsed": 308.660097, "delta": 1.018921}}
{"target": 0.9990993334902759, "params": {"a": 3.8015395371934524, "dB": 9.052830125303062, "s": 0.6912658739596144}, "datetime": {"datetime": "2022-03-28 13:29:09", "elapsed": 310.100381, "delta": 1.440284}}
{"target": 0.5631198109146551, "params": {"a": 4.018603900125223, "dB": 10.181892369117772, "s": 0.24219179475622446}, "datetime": {"datetime": "2022-03-28 13:29:10", "elapsed": 311.29919, "delta": 1.198809}}
{"target": 0.9913281147457014, "params": {"a": 4.028038755303868, "dB": 8.573264505620132, "s": 0.735215662504773}, "datetime": {"datetime": "2022-03-28 13:29:11", "elapsed": 312.646187, "delta": 1.346997}}
{"target": 0.99609305762579, "params": {"a": 4.3310412327544405, "dB": 9.60767158106244, "s": 0.8620782327263176}, "datetime": {"datetime": "2022-03-28 13:29:13", "elapsed": 314.228907, "delta": 1.58272}}
{"target": 0.9986125230667425, "params": {"a": 3.8483584602819363, "dB": 9.268906777412399, "s": 0.7052388129702442}, "datetime": {"datetime": "2022-03-28 13:29:14", "elapsed": 315.352384, "delta": 1.123477}}
{"target": 0.9916464626593464, "params": {"a": 3.5287428075328733, "dB": 8.232961047128601, "s": 0.6820927952326095}, "datetime": {"datetime": "2022-03-28 13:29:16", "elapsed": 317.102624, "delta": 1.75024}}
{"target": 0.9824359959676555, "params": {"a": 4.558501341450723, "dB": 9.581403891773283, "s": 0.8494708377901962}, "datetime": {"datetime": "2022-03-28 13:29:18", "elapsed": 319.106903, "delta": 2.004279}}
{"target": 0.6095769566150798, "params": {"a": 1.7075487718654871, "dB": 10.837069157207804, "s": 1.0608017518732478}, "datetime": {"datetime": "2022-03-28 13:29:19", "elapsed": 320.305229, "delta": 1.198326}}
{"target": 0.9947939626106148, "params": {"a": 3.9765315425633614, "dB": 8.656767755137972, "s": 0.7196914816850026}, "datetime": {"datetime": "2022-03-28 13:29:21", "elapsed": 322.453215, "delta": 2.147986}}
{"target": 0.9980341833761075, "params": {"a": 3.9136374821606785, "dB": 9.134343861312079, "s": 0.6920644974568375}, "datetime": {"datetime": "2022-03-28 13:29:22", "elapsed": 323.738849, "delta": 1.285634}}
{"target": 0.9992892859008372, "params": {"a": 3.8515723885505744, "dB": 9.210360931200858, "s": 0.6933994451865051}, "datetime": {"datetime": "2022-03-28 13:29:24", "elapsed": 325.309797, "delta": 1.570948}}
{"target": 0.6920310427170372, "params": {"a": 2.2033394615560136, "dB": 8.979964934085118, "s": 1.0302115001397725}, "datetime": {"datetime": "2022-03-28 13:29:25", "elapsed": 326.115198, "delta": 0.805401}}
{"target": 0.9847773884071848, "params": {"a": 3.173431893756201, "dB": 7.826001288925712, "s": 0.5493904815173941}, "datetime": {"datetime": "2022-03-28 13:29:27", "elapsed": 328.680988, "delta": 2.56579}}
{"target": 0.7888651086339036, "params": {"a": 2.0803449857512364, "dB": 10.484030934413072, "s": 0.23625749601903437}, "datetime": {"datetime": "2022-03-28 13:29:29", "elapsed": 329.98181, "delta": 1.300822}}
{"target": 0.9934348405087593, "params": {"a": 3.7782727524907513, "dB": 9.342622088855089, "s": 0.7028827323801198}, "datetime": {"datetime": "2022-03-28 13:29:30", "elapsed": 331.213105, "delta": 1.231295}}
{"target": 0.9974471310932367, "params": {"a": 3.69880995607857, "dB": 9.254615162952092, "s": 0.6841190092117342}, "datetime": {"datetime": "2022-03-28 13:29:31", "elapsed": 332.346716, "delta": 1.133611}}
{"target": 0.9904599132181509, "params": {"a": 3.6549509448939013, "dB": 9.373036222113646, "s": 0.7075780457491764}, "datetime": {"datetime": "2022-03-28 13:29:33", "elapsed": 334.026344, "delta": 1.679628}}
{"target": 0.9950875603787166, "params": {"a": 3.690791183752615, "dB": 8.255915474519945, "s": 0.6884358083414419}, "datetime": {"datetime": "2022-03-28 13:29:34", "elapsed": 335.60542, "delta": 1.579076}}
{"target": 0.9962047150190422, "params": {"a": 3.814814419545662, "dB": 8.657334802727732, "s": 0.7100030015707348}, "datetime": {"datetime": "2022-03-28 13:29:36", "elapsed": 336.836302, "delta": 1.230882}}
{"target": 0.946168739921967, "params": {"a": 2.8591800644057948, "dB": 8.828945446023559, "s": 0.5096815508915846}, "datetime": {"datetime": "2022-03-28 13:29:37", "elapsed": 338.395406, "delta": 1.559104}}
{"target": 0.8092355106909525, "params": {"a": 2.0320883080011103, "dB": 9.067825016417178, "s": 0.1}, "datetime": {"datetime": "2022-03-28 13:29:38", "elapsed": 339.504248, "delta": 1.108842}}
{"target": 0.7323428794006486, "params": {"a": 1.5, "dB": 8.655204591906442, "s": 1.1}, "datetime": {"datetime": "2022-03-28 13:29:40", "elapsed": 341.233188, "delta": 1.72894}}
{"target": 0.997048317396896, "params": {"a": 3.8736653351645733, "dB": 9.382640865324685, "s": 0.7266642035038727}, "datetime": {"datetime": "2022-03-28 13:29:43", "elapsed": 343.78589, "delta": 2.552702}}
{"target": 0.9737322384029363, "params": {"a": 2.8985451090369536, "dB": 7.785337932851917, "s": 0.5143063057450965}, "datetime": {"datetime": "2022-03-28 13:29:44", "elapsed": 345.086654, "delta": 1.300764}}
