{"target": 0.5820195252594855, "params": {"a": 7.635740338008063, "dB": 14.099684421177063, "s": 0.37052220403127867}, "datetime": {"datetime": "2022-03-25 12:24:09", "elapsed": 636.313062, "delta": 4.193183}}
{"target": 0.331329852621978, "params": {"a": 8.79950508993538, "dB": 15.16017853960512, "s": 0.8531530238866917}, "datetime": {"datetime": "2022-03-25 12:24:24", "elapsed": 651.728355, "delta": 15.415293}}
{"target": 0.40983880715487686, "params": {"a": 6.699297252936839, "dB": 15.602946684330686, "s": 1.6665095013833233}, "datetime": {"datetime": "2022-03-25 12:24:31", "elapsed": 658.98661, "delta": 7.258255}}
{"target": 0.5416052662479178, "params": {"a": 7.387909220553306, "dB": 14.003806276494272, "s": 0.6173537059014724}, "datetime": {"datetime": "2022-03-25 12:24:34", "elapsed": 661.888773, "delta": 2.902163}}
{"target": 0.9629027603625666, "params": {"a": 7.089178772870032, "dB": 14.352101469946932, "s": 0.45522524495955585}, "datetime": {"datetime": "2022-03-25 12:24:37", "elapsed": 664.337902, "delta": 2.449129}}
{"target": 0.3974866919403861, "params": {"a": 7.547001868204464, "dB": 14.869777606759348, "s": 0.7131346674219275}, "datetime": {"datetime": "2022-03-25 12:24:41", "elapsed": 668.57943, "delta": 4.241528}}
{"target": 0.4464753737088891, "params": {"a": 5.133402454513884, "dB": 13.848448892245694, "s": 0.6069316989619428}, "datetime": {"datetime": "2022-03-25 12:24:42", "elapsed": 669.712734, "delta": 1.133304}}
{"target": 0.49635911785184444, "params": {"a": 5.73300210457862, "dB": 15.41087100956426, "s": 0.20699287305650405}, "datetime": {"datetime": "2022-03-25 12:24:49", "elapsed": 676.887523, "delta": 7.174789}}
{"target": 0.7672299080774909, "params": {"a": 7.054866174668462, "dB": 14.433993768881274, "s": 0.3265086557399249}, "datetime": {"datetime": "2022-03-25 12:24:52", "elapsed": 679.267972, "delta": 2.380449}}
{"target": 0.7299961683773798, "params": {"a": 7.191909082776412, "dB": 13.78175514327375, "s": 0.2868440154950844}, "datetime": {"datetime": "2022-03-25 12:24:54", "elapsed": 681.620287, "delta": 2.352315}}
{"target": 0.6183948935969859, "params": {"a": 7.261310973230476, "dB": 14.893479739102899, "s": 1.1457710724828476}, "datetime": {"datetime": "2022-03-25 12:24:57", "elapsed": 684.632497, "delta": 3.01221}}
{"target": 0.8936458695524527, "params": {"a": 5.868450870987204, "dB": 13.856710693289987, "s": 0.2394658391376762}, "datetime": {"datetime": "2022-03-25 12:24:58", "elapsed": 685.768004, "delta": 1.135507}}
{"target": 0.5804931836848385, "params": {"a": 7.197311337140363, "dB": 14.386640621562826, "s": 0.5659874457645699}, "datetime": {"datetime": "2022-03-25 12:25:01", "elapsed": 688.226861, "delta": 2.458857}}
{"target": 0.7934137134185746, "params": {"a": 7.138158414670519, "dB": 14.270828291490478, "s": 0.34615695542173697}, "datetime": {"datetime": "2022-03-25 12:25:03", "elapsed": 690.591654, "delta": 2.364793}}
{"target": 0.6967230689184004, "params": {"a": 7.605189692054514, "dB": 14.128390239013504, "s": 0.5982612529061623}, "datetime": {"datetime": "2022-03-25 12:25:07", "elapsed": 694.925753, "delta": 4.334099}}
{"target": 0.9567984202314946, "params": {"a": 7.4766004452123065, "dB": 14.05946386819062, "s": 0.44858616347193914}, "datetime": {"datetime": "2022-03-25 12:25:10", "elapsed": 697.974577, "delta": 3.048824}}
{"target": 0.2456424317385024, "params": {"a": 5.5351883183094, "dB": 13.661967043835082, "s": 1.2261530358686217}, "datetime": {"datetime": "2022-03-25 12:25:11", "elapsed": 699.079065, "delta": 1.104488}}
{"target": 0.9473825121960373, "params": {"a": 7.017971732575945, "dB": 15.369055347719746, "s": 0.5188857094033709}, "datetime": {"datetime": "2022-03-25 12:25:19", "elapsed": 706.482824, "delta": 7.403759}}
{"target": 0.5474582388891013, "params": {"a": 6.947656527185843, "dB": 14.428612257927135, "s": 0.5250825947427168}, "datetime": {"datetime": "2022-03-25 12:25:20", "elapsed": 708.103069, "delta": 1.620245}}
{"target": 0.9856680966750135, "params": {"a": 8.276417894397547, "dB": 14.546276196762976, "s": 0.5737430677983699}, "datetime": {"datetime": "2022-03-25 12:25:30", "elapsed": 717.621804, "delta": 9.518735}}
{"target": 0.9876177449525098, "params": {"a": 8.396992425271506, "dB": 14.641392219867432, "s": 0.586222893300029}, "datetime": {"datetime": "2022-03-25 12:25:40", "elapsed": 727.443038, "delta": 9.821234}}
{"target": 0.8168329406408225, "params": {"a": 8.271313909882377, "dB": 14.68088266460614, "s": 0.5265064055110349}, "datetime": {"datetime": "2022-03-25 12:25:50", "elapsed": 737.32218, "delta": 9.879142}}
{"target": 0.5589624134030954, "params": {"a": 5.056013248092317, "dB": 13.840103015594682, "s": 0.9008489657181055}, "datetime": {"datetime": "2022-03-25 12:25:51", "elapsed": 738.440233, "delta": 1.118053}}
{"target": 0.5536145937607154, "params": {"a": 8.332360123619285, "dB": 14.551860588406726, "s": 0.6945853802120738}, "datetime": {"datetime": "2022-03-25 12:26:00", "elapsed": 748.019056, "delta": 9.578823}}
{"target": 0.46121593699392655, "params": {"a": 8.339726410019402, "dB": 14.489655323125689, "s": 0.4177157223051914}, "datetime": {"datetime": "2022-03-25 12:26:10", "elapsed": 757.968109, "delta": 9.949053}}
{"target": 0.8935673944997241, "params": {"a": 6.900343036830064, "dB": 15.385648589392341, "s": 0.4922422143977305}, "datetime": {"datetime": "2022-03-25 12:26:18", "elapsed": 765.60493, "delta": 7.636821}}
{"target": 0.41656379667308285, "params": {"a": 4.964405706048757, "dB": 13.642872169762818, "s": 0.6914337251376508}, "datetime": {"datetime": "2022-03-25 12:26:19", "elapsed": 766.711643, "delta": 1.106713}}
{"target": 0.7600231422454683, "params": {"a": 7.391698770921941, "dB": 14.219236013950912, "s": 0.389830190401372}, "datetime": {"datetime": "2022-03-25 12:26:22", "elapsed": 769.833868, "delta": 3.122225}}
{"target": 0.8244335233693115, "params": {"a": 7.179092651438803, "dB": 14.521245490879434, "s": 0.36767641955954444}, "datetime": {"datetime": "2022-03-25 12:26:25", "elapsed": 772.273905, "delta": 2.440037}}
{"target": 0.9777000508582699, "params": {"a": 8.163211197194393, "dB": 14.550904324636061, "s": 0.5626524595664609}, "datetime": {"datetime": "2022-03-25 12:26:32", "elapsed": 779.757847, "delta": 7.483942}}
{"target": 0.8640170576983451, "params": {"a": 8.484587459503434, "dB": 14.743198521271271, "s": 0.647782723014714}, "datetime": {"datetime": "2022-03-25 12:26:45", "elapsed": 792.226822, "delta": 12.468975}}
{"target": 0.6603348662322388, "params": {"a": 8.540923840920797, "dB": 14.666132494182083, "s": 0.5205666231847823}, "datetime": {"datetime": "2022-03-25 12:26:57", "elapsed": 804.621579, "delta": 12.394757}}
{"target": 0.871029886686636, "params": {"a": 7.523451758105484, "dB": 13.904398949187815, "s": 0.44737009472051037}, "datetime": {"datetime": "2022-03-25 12:27:01", "elapsed": 808.729236, "delta": 4.107657}}
{"target": 0.8246018761903505, "params": {"a": 5.912449099511809, "dB": 13.996712749136691, "s": 0.1815027306335492}, "datetime": {"datetime": "2022-03-25 12:27:02", "elapsed": 809.954603, "delta": 1.225367}}
{"target": 0.5742846357251824, "params": {"a": 5.646271548127131, "dB": 15.61372525917525, "s": 0.30905089902379834}, "datetime": {"datetime": "2022-03-25 12:27:10", "elapsed": 817.219769, "delta": 7.265166}}
{"target": 0.3771751703108807, "params": {"a": 7.896162767712969, "dB": 14.090941323090988, "s": 1.500304809249598}, "datetime": {"datetime": "2022-03-25 12:27:15", "elapsed": 822.38672, "delta": 5.166951}}
{"target": 0.9461534413061194, "params": {"a": 5.974433409237234, "dB": 13.938367642182564, "s": 0.3518867429559184}, "datetime": {"datetime": "2022-03-25 12:27:16", "elapsed": 823.666962, "delta": 1.280242}}
{"target": 0.41101507915591873, "params": {"a": 8.148913741933745, "dB": 15.368115164718064, "s": 1.523246395754093}, "datetime": {"datetime": "2022-03-25 12:27:24", "elapsed": 831.275421, "delta": 7.608459}}
{"target": 0.8969906689097477, "params": {"a": 5.861431425896781, "dB": 14.037876590501096, "s": 0.39066098606000615}, "datetime": {"datetime": "2022-03-25 12:27:25", "elapsed": 832.58923, "delta": 1.313809}}
{"target": 0.9449618096324639, "params": {"a": 6.032651968071749, "dB": 14.098099626460773, "s": 0.36115038577627456}, "datetime": {"datetime": "2022-03-25 12:27:26", "elapsed": 833.92008, "delta": 1.33085}}
{"target": 0.9637396090927618, "params": {"a": 6.132927225269607, "dB": 13.976529809530136, "s": 0.3361627666667616}, "datetime": {"datetime": "2022-03-25 12:27:28", "elapsed": 835.219472, "delta": 1.299392}}
{"target": 0.4970176630917401, "params": {"a": 6.024811683415065, "dB": 14.007901892862133, "s": 0.5325367989428456}, "datetime": {"datetime": "2022-03-25 12:27:29", "elapsed": 836.557565, "delta": 1.338093}}
{"target": 0.8773335161588033, "params": {"a": 6.079425548313289, "dB": 13.96678525001027, "s": 0.20984983584858502}, "datetime": {"datetime": "2022-03-25 12:27:30", "elapsed": 837.881818, "delta": 1.324253}}
{"target": 0.9392175613018363, "params": {"a": 6.211674963684524, "dB": 14.087840349286417, "s": 0.2538425315818886}, "datetime": {"datetime": "2022-03-25 12:27:32", "elapsed": 839.155772, "delta": 1.273954}}
{"target": 0.8972949149852468, "params": {"a": 6.069073675436805, "dB": 14.215690424905208, "s": 0.22938010355292346}, "datetime": {"datetime": "2022-03-25 12:27:33", "elapsed": 840.49349, "delta": 1.337718}}
{"target": 0.909041066096821, "params": {"a": 5.894961019687007, "dB": 14.176246585336404, "s": 0.2593675701618535}, "datetime": {"datetime": "2022-03-25 12:27:34", "elapsed": 841.893216, "delta": 1.399726}}
{"target": 0.39600038944159804, "params": {"a": 4.689917622537971, "dB": 15.144101073944018, "s": 1.6858720714514546}, "datetime": {"datetime": "2022-03-25 12:27:42", "elapsed": 849.234835, "delta": 7.341619}}
{"target": 0.7644164717150598, "params": {"a": 4.934645916937092, "dB": 13.593397930265077, "s": 0.1588068417472238}, "datetime": {"datetime": "2022-03-25 12:27:43", "elapsed": 850.575386, "delta": 1.340551}}
{"target": 0.43094961236034934, "params": {"a": 4.988877930964489, "dB": 15.5385316325428, "s": 1.6594073498860198}, "datetime": {"datetime": "2022-03-25 12:27:50", "elapsed": 857.77694, "delta": 7.201554}}
{"target": 0.4568693804543826, "params": {"a": 8.42286150822586, "dB": 13.946487929882476, "s": 0.7700579230324365}, "datetime": {"datetime": "2022-03-25 12:28:02", "elapsed": 870.024864, "delta": 12.247924}}
{"target": 0.33903767888130676, "params": {"a": 4.8236046952232705, "dB": 13.890268110295432, "s": 1.1839725150375058}, "datetime": {"datetime": "2022-03-25 12:28:04", "elapsed": 871.130905, "delta": 1.106041}}
{"target": 0.964599531968903, "params": {"a": 6.311466020089988, "dB": 13.908408341818832, "s": 0.27668567739002264}, "datetime": {"datetime": "2022-03-25 12:28:05", "elapsed": 872.504564, "delta": 1.373659}}
{"target": 0.939740018256052, "params": {"a": 6.163495747035112, "dB": 13.747744223669756, "s": 0.2537373112895098}, "datetime": {"datetime": "2022-03-25 12:28:06", "elapsed": 873.805701, "delta": 1.301137}}
{"target": 0.9708547223441798, "params": {"a": 6.365806377167763, "dB": 13.737911875131697, "s": 0.27927057751386164}, "datetime": {"datetime": "2022-03-25 12:28:07", "elapsed": 875.080722, "delta": 1.275021}}
{"target": 0.7999005658136429, "params": {"a": 6.358194075089603, "dB": 13.785821998272292, "s": 0.4556170115208541}, "datetime": {"datetime": "2022-03-25 12:28:09", "elapsed": 876.387954, "delta": 1.307232}}
{"target": 0.6326589454181413, "params": {"a": 7.590667166451647, "dB": 14.120278026116981, "s": 0.6178407460812027}, "datetime": {"datetime": "2022-03-25 12:28:13", "elapsed": 880.565842, "delta": 4.177888}}
{"target": 0.747866368762664, "params": {"a": 4.888116630245804, "dB": 14.86801470996098, "s": 0.33205039978439554}, "datetime": {"datetime": "2022-03-25 12:28:15", "elapsed": 882.894076, "delta": 2.328234}}
{"target": 0.5504440876632526, "params": {"a": 6.321825309101143, "dB": 13.782892539053831, "s": 0.1}, "datetime": {"datetime": "2022-03-25 12:28:17", "elapsed": 884.282572, "delta": 1.388496}}
{"target": 0.9797964249083319, "params": {"a": 6.380088518963007, "dB": 13.516274050849653, "s": 0.36260931173499134}, "datetime": {"datetime": "2022-03-25 12:28:18", "elapsed": 885.781479, "delta": 1.498907}}
{"target": 0.9740758679116703, "params": {"a": 6.225098527306672, "dB": 13.584919240322513, "s": 0.3470181391300519}, "datetime": {"datetime": "2022-03-25 12:28:20", "elapsed": 887.261441, "delta": 1.479962}}
{"target": 0.98513388505647, "params": {"a": 6.523619511612042, "dB": 13.580197065917957, "s": 0.3053413834150895}, "datetime": {"datetime": "2022-03-25 12:28:21", "elapsed": 888.630321, "delta": 1.36888}}
{"target": 0.8988804970933137, "params": {"a": 6.3774585049800026, "dB": 13.5, "s": 0.20309784874476508}, "datetime": {"datetime": "2022-03-25 12:28:22", "elapsed": 889.981075, "delta": 1.350754}}
{"target": 0.8717501769882258, "params": {"a": 6.647913706050584, "dB": 13.537836120702208, "s": 0.4454229931335506}, "datetime": {"datetime": "2022-03-25 12:28:24", "elapsed": 891.286859, "delta": 1.305784}}
{"target": 0.5746119255565388, "params": {"a": 5.335833852364405, "dB": 15.475742711462448, "s": 1.0840165370048684}, "datetime": {"datetime": "2022-03-25 12:28:31", "elapsed": 898.557344, "delta": 7.270485}}
{"target": 0.9897103360967734, "params": {"a": 6.616885649313021, "dB": 13.786038360191062, "s": 0.33412754849601467}, "datetime": {"datetime": "2022-03-25 12:28:32", "elapsed": 899.915979, "delta": 1.358635}}
{"target": 0.36103248695907936, "params": {"a": 6.562520323290646, "dB": 15.923203970772297, "s": 1.010470505039359}, "datetime": {"datetime": "2022-03-25 12:28:42", "elapsed": 909.726706, "delta": 9.810727}}
{"target": 0.8598457362774379, "params": {"a": 6.767829497032005, "dB": 13.66741728345597, "s": 0.24695965644644843}, "datetime": {"datetime": "2022-03-25 12:28:44", "elapsed": 911.495026, "delta": 1.76832}}
{"target": 0.4999924759499096, "params": {"a": 5.1051042688642285, "dB": 15.846593981424245, "s": 0.11515397150961526}, "datetime": {"datetime": "2022-03-25 12:28:51", "elapsed": 918.855758, "delta": 7.360732}}
{"target": 0.9840491965736641, "params": {"a": 6.524405816411692, "dB": 14.006133051242799, "s": 0.3154665101038841}, "datetime": {"datetime": "2022-03-25 12:28:53", "elapsed": 920.257735, "delta": 1.401977}}
{"target": 0.6164645203143141, "params": {"a": 5.295481886602015, "dB": 14.023033415579043, "s": 0.9489606843905265}, "datetime": {"datetime": "2022-03-25 12:28:54", "elapsed": 921.418881, "delta": 1.161146}}
{"target": 0.39335954424432334, "params": {"a": 8.214358342643003, "dB": 13.799729714994408, "s": 0.9932941701393001}, "datetime": {"datetime": "2022-03-25 12:29:03", "elapsed": 931.064374, "delta": 9.645493}}
{"target": 0.9689294090585845, "params": {"a": 6.697259546297059, "dB": 13.941951874327197, "s": 0.2575555581415818}, "datetime": {"datetime": "2022-03-25 12:29:05", "elapsed": 932.407173, "delta": 1.342799}}
{"target": 0.8667223920789046, "params": {"a": 6.755983117075674, "dB": 13.960430002435867, "s": 0.46464059139470437}, "datetime": {"datetime": "2022-03-25 12:29:06", "elapsed": 934.028118, "delta": 1.620945}}
{"target": 0.9262810481739624, "params": {"a": 6.011157793729142, "dB": 13.51682545586722, "s": 0.2513752919613667}, "datetime": {"datetime": "2022-03-25 12:29:08", "elapsed": 935.320605, "delta": 1.292487}}
{"target": 0.29644981032855816, "params": {"a": 8.23992931456717, "dB": 15.600825148349017, "s": 0.9599823480965008}, "datetime": {"datetime": "2022-03-25 12:29:18", "elapsed": 945.259848, "delta": 9.939243}}
{"target": 0.8622779294190946, "params": {"a": 6.583270532039306, "dB": 14.149725702847373, "s": 0.18530388875479742}, "datetime": {"datetime": "2022-03-25 12:29:19", "elapsed": 946.671048, "delta": 1.4112}}
{"target": 0.43315126428896134, "params": {"a": 8.066799219375127, "dB": 13.852257817532829, "s": 1.367618561183025}, "datetime": {"datetime": "2022-03-25 12:29:26", "elapsed": 953.91443, "delta": 7.243382}}
{"target": 0.7653771925070426, "params": {"a": 5.325687624617336, "dB": 13.63527371625035, "s": 0.13242869685302008}, "datetime": {"datetime": "2022-03-25 12:29:28", "elapsed": 955.157942, "delta": 1.243512}}
{"target": 0.9758317208389908, "params": {"a": 6.255048295053957, "dB": 13.588225831174523, "s": 0.3477605221567277}, "datetime": {"datetime": "2022-03-25 12:29:29", "elapsed": 956.353691, "delta": 1.195749}}
{"target": 0.7432695614109782, "params": {"a": 4.614386198624174, "dB": 13.590282654705724, "s": 0.1477198910012932}, "datetime": {"datetime": "2022-03-25 12:29:30", "elapsed": 957.50847, "delta": 1.154779}}
{"target": 0.8543923214878044, "params": {"a": 6.906793018690065, "dB": 13.757535903416944, "s": 0.47122668880013874}, "datetime": {"datetime": "2022-03-25 12:29:32", "elapsed": 959.144159, "delta": 1.635689}}
{"target": 0.8570555514035799, "params": {"a": 5.727621138364049, "dB": 13.53495064929027, "s": 0.2126459078967608}, "datetime": {"datetime": "2022-03-25 12:29:33", "elapsed": 960.418398, "delta": 1.274239}}
{"target": 0.9762018070183723, "params": {"a": 6.388294934482775, "dB": 14.285701867786928, "s": 0.31659068671575474}, "datetime": {"datetime": "2022-03-25 12:29:34", "elapsed": 961.734659, "delta": 1.316261}}
{"target": 0.8971546826008847, "params": {"a": 6.161552513664762, "dB": 14.446825010072164, "s": 0.4075678836901685}, "datetime": {"datetime": "2022-03-25 12:29:35", "elapsed": 963.067161, "delta": 1.332502}}
{"target": 0.8155150492002669, "params": {"a": 6.296525416247901, "dB": 14.455867597618074, "s": 0.1683147141271787}, "datetime": {"datetime": "2022-03-25 12:29:37", "elapsed": 964.366684, "delta": 1.299523}}
{"target": 0.9420240632834772, "params": {"a": 6.354183054823966, "dB": 14.113021759288786, "s": 0.396174731136839}, "datetime": {"datetime": "2022-03-25 12:29:38", "elapsed": 965.702778, "delta": 1.336094}}
{"target": 0.9290110347345393, "params": {"a": 5.90425873685059, "dB": 14.491554490372572, "s": 0.3009367740621318}, "datetime": {"datetime": "2022-03-25 12:29:39", "elapsed": 967.024621, "delta": 1.321843}}
{"target": 0.6323129681699623, "params": {"a": 7.375972777439218, "dB": 13.747850096612355, "s": 0.3295994452109442}, "datetime": {"datetime": "2022-03-25 12:29:43", "elapsed": 970.176863, "delta": 3.152242}}
{"target": 0.9389355476981822, "params": {"a": 6.024811057278501, "dB": 14.692038323160393, "s": 0.3499276654145406}, "datetime": {"datetime": "2022-03-25 12:29:44", "elapsed": 971.519267, "delta": 1.342404}}
{"target": 0.4665295309207199, "params": {"a": 5.995031479556243, "dB": 14.645174590552102, "s": 0.5736332829169668}, "datetime": {"datetime": "2022-03-25 12:29:45", "elapsed": 972.786003, "delta": 1.266736}}
{"target": 0.7606616073290412, "params": {"a": 5.993152755044234, "dB": 14.66123458219646, "s": 0.12151666361305234}, "datetime": {"datetime": "2022-03-25 12:29:47", "elapsed": 974.14213, "delta": 1.356127}}
{"target": 0.9431628089614554, "params": {"a": 6.265426587505701, "dB": 14.744459305595905, "s": 0.2655709637706002}, "datetime": {"datetime": "2022-03-25 12:29:48", "elapsed": 975.453098, "delta": 1.310968}}
{"target": 0.9586546677389027, "params": {"a": 6.380716559805488, "dB": 14.584751324547966, "s": 0.3745386588340571}, "datetime": {"datetime": "2022-03-25 12:29:49", "elapsed": 976.75389, "delta": 1.300792}}
{"target": 0.9518868330373093, "params": {"a": 6.1644988127798594, "dB": 14.598748450544234, "s": 0.2956947136390327}, "datetime": {"datetime": "2022-03-25 12:29:50", "elapsed": 978.05729, "delta": 1.3034}}
{"target": 0.9384970671667043, "params": {"a": 5.827289773735963, "dB": 13.521264166220108, "s": 0.34920823094128894}, "datetime": {"datetime": "2022-03-25 12:29:52", "elapsed": 979.267953, "delta": 1.210663}}
{"target": 0.7620300998170895, "params": {"a": 5.612360197440936, "dB": 14.425060385111932, "s": 0.1378039404921047}, "datetime": {"datetime": "2022-03-25 12:29:53", "elapsed": 980.502564, "delta": 1.234611}}
{"target": 0.7516639112609823, "params": {"a": 4.888376346721143, "dB": 14.867610725878702, "s": 0.3066072992806379}, "datetime": {"datetime": "2022-03-25 12:29:55", "elapsed": 982.910464, "delta": 2.4079}}
{"target": 0.9243082622582214, "params": {"a": 6.320523717263419, "dB": 14.925437991101482, "s": 0.4620604470222476}, "datetime": {"datetime": "2022-03-25 12:29:58", "elapsed": 986.051856, "delta": 3.141392}}
{"target": 0.7941767780244846, "params": {"a": 6.05233487402411, "dB": 14.929708963648864, "s": 0.3692603987637595}, "datetime": {"datetime": "2022-03-25 12:30:02", "elapsed": 989.296295, "delta": 3.244439}}
{"target": 0.9463083561060752, "params": {"a": 6.4971798562043945, "dB": 14.797834356038909, "s": 0.40579922914784083}, "datetime": {"datetime": "2022-03-25 12:30:04", "elapsed": 991.150739, "delta": 1.854444}}
{"target": 0.4515128830216692, "params": {"a": 6.529691374878526, "dB": 14.948605434257436, "s": 0.6435347854494967}, "datetime": {"datetime": "2022-03-25 12:30:07", "elapsed": 994.341418, "delta": 3.190679}}
{"target": 0.8065040963864989, "params": {"a": 6.296565713464188, "dB": 14.74339231550472, "s": 0.44420722518125183}, "datetime": {"datetime": "2022-03-25 12:30:08", "elapsed": 995.692473, "delta": 1.351055}}
{"target": 0.9100905787237213, "params": {"a": 6.538781619094679, "dB": 14.693119671475081, "s": 0.21431659222068672}, "datetime": {"datetime": "2022-03-25 12:30:10", "elapsed": 997.194907, "delta": 1.502434}}
{"target": 0.654245614456581, "params": {"a": 6.390976125495953, "dB": 14.932046394835766, "s": 0.277620245548507}, "datetime": {"datetime": "2022-03-25 12:30:13", "elapsed": 1000.434223, "delta": 3.239316}}
