{"target": 0.9827097669355999, "params": {"a": 3.844299294554301, "dB": 10.227575677576498, "s": 0.7281581031264653}, "datetime": {"datetime": "2022-03-27 17:18:37", "elapsed": 163.616973, "delta": 1.386773}}
{"target": 0.9977858377502282, "params": {"a": 3.5387612850130536, "dB": 9.567670974987852, "s": 0.5703142442541724}, "datetime": {"datetime": "2022-03-27 17:18:38", "elapsed": 164.98546, "delta": 1.368487}}
{"target": 0.9965371550334641, "params": {"a": 3.8721936056646826, "dB": 9.82925266113573, "s": 0.6348439935730984}, "datetime": {"datetime": "2022-03-27 17:18:39", "elapsed": 166.205985, "delta": 1.220525}}
{"target": 0.9964707832737895, "params": {"a": 4.020731529866576, "dB": 10.336355476919078, "s": 0.7125598379376391}, "datetime": {"datetime": "2022-03-27 17:18:40", "elapsed": 167.260365, "delta": 1.05438}}
{"target": 0.6688363666486501, "params": {"a": 3.2126861688623265, "dB": 10.53784405688115, "s": 0.8832397373705323}, "datetime": {"datetime": "2022-03-27 17:18:41", "elapsed": 167.925259, "delta": 0.664894}}
{"target": 0.9830529412171208, "params": {"a": 3.648723083929225, "dB": 10.180987661906032, "s": 0.6920673632378058}, "datetime": {"datetime": "2022-03-27 17:18:42", "elapsed": 169.406677, "delta": 1.481418}}
{"target": 0.9851254912230237, "params": {"a": 3.998544648909501, "dB": 10.360199508946963, "s": 0.6700882624885791}, "datetime": {"datetime": "2022-03-27 17:18:43", "elapsed": 170.178768, "delta": 0.772091}}
{"target": 0.9955611979298225, "params": {"a": 3.9661713168056245, "dB": 10.22576357762112, "s": 0.6900784300469853}, "datetime": {"datetime": "2022-03-27 17:18:44", "elapsed": 171.160667, "delta": 0.981899}}
{"target": 0.9885006978075119, "params": {"a": 3.4756932903566553, "dB": 8.348743750724047, "s": 0.5170978403800371}, "datetime": {"datetime": "2022-03-27 17:18:45", "elapsed": 172.018232, "delta": 0.857565}}
{"target": 0.9963813024186845, "params": {"a": 3.4438183603284074, "dB": 9.551514590942332, "s": 0.5349700239581558}, "datetime": {"datetime": "2022-03-27 17:18:46", "elapsed": 173.118939, "delta": 1.100707}}
{"target": 0.9946545460018139, "params": {"a": 4.345542715613838, "dB": 10.256540108949526, "s": 0.7285340165901402}, "datetime": {"datetime": "2022-03-27 17:18:47", "elapsed": 174.225684, "delta": 1.106745}}
{"target": 0.5279703590092911, "params": {"a": 4.186782587819593, "dB": 8.496627232672035, "s": 0.13110854885202597}, "datetime": {"datetime": "2022-03-27 17:18:48", "elapsed": 174.883771, "delta": 0.658087}}
{"target": 0.9929080127680027, "params": {"a": 3.193187315582399, "dB": 8.797079237365395, "s": 0.5238042277446004}, "datetime": {"datetime": "2022-03-27 17:18:49", "elapsed": 175.714696, "delta": 0.830925}}
{"target": 0.9919743819779345, "params": {"a": 4.122191523412514, "dB": 10.429663400201447, "s": 0.7392127999305287}, "datetime": {"datetime": "2022-03-27 17:18:49", "elapsed": 176.551632, "delta": 0.836936}}
{"target": 0.991923704637856, "params": {"a": 4.25875994290368, "dB": 10.336005544247366, "s": 0.7504359112608501}, "datetime": {"datetime": "2022-03-27 17:18:50", "elapsed": 177.517434, "delta": 0.965802}}
{"target": 0.9744006775084122, "params": {"a": 3.9492777669691552, "dB": 8.243714225037417, "s": 0.5979549319906958}, "datetime": {"datetime": "2022-03-27 17:18:51", "elapsed": 178.225715, "delta": 0.708281}}
{"target": 0.9778127752560271, "params": {"a": 3.9289592522425, "dB": 8.430002345532262, "s": 0.602490303312319}, "datetime": {"datetime": "2022-03-27 17:18:52", "elapsed": 179.106364, "delta": 0.880649}}
{"target": 0.9944157164554878, "params": {"a": 4.14602316680953, "dB": 10.314248273681272, "s": 0.7362331964074246}, "datetime": {"datetime": "2022-03-27 17:18:53", "elapsed": 180.251384, "delta": 1.14502}}
{"target": 0.7055137634797073, "params": {"a": 1.8133188976450219, "dB": 8.313507705063136, "s": 0.589114344147393}, "datetime": {"datetime": "2022-03-27 17:18:54", "elapsed": 180.861632, "delta": 0.610248}}
{"target": 0.9780195806785013, "params": {"a": 3.846743467274414, "dB": 8.303060127134232, "s": 0.6016564263213846}, "datetime": {"datetime": "2022-03-27 17:18:55", "elapsed": 181.761427, "delta": 0.899795}}
{"target": 0.9925784732473809, "params": {"a": 4.181666524964811, "dB": 10.212357374908748, "s": 0.7456184313525097}, "datetime": {"datetime": "2022-03-27 17:18:56", "elapsed": 182.63508, "delta": 0.873653}}
{"target": 0.633719181488978, "params": {"a": 4.957686581243857, "dB": 10.583948270992357, "s": 0.5279697771315699}, "datetime": {"datetime": "2022-03-27 17:18:56", "elapsed": 183.367357, "delta": 0.732277}}
{"target": 0.995338452888705, "params": {"a": 3.308723816845002, "dB": 8.583384257692, "s": 0.5365798550806405}, "datetime": {"datetime": "2022-03-27 17:18:57", "elapsed": 184.5071, "delta": 1.139743}}
{"target": 0.9762107396856564, "params": {"a": 4.023526341694648, "dB": 10.5680285890621, "s": 0.7535556131939593}, "datetime": {"datetime": "2022-03-27 17:18:59", "elapsed": 185.919248, "delta": 1.412148}}
{"target": 0.9843829467735145, "params": {"a": 3.1592069410853565, "dB": 9.284878661228365, "s": 0.4860532714950073}, "datetime": {"datetime": "2022-03-27 17:19:00", "elapsed": 187.211386, "delta": 1.292138}}
{"target": 0.9554465590952533, "params": {"a": 4.700494998000456, "dB": 10.363559950655658, "s": 0.7012738275227388}, "datetime": {"datetime": "2022-03-27 17:19:02", "elapsed": 188.888581, "delta": 1.677195}}
{"target": 0.7247401767154564, "params": {"a": 3.8747110141742436, "dB": 9.283619431318394, "s": 0.9073337856092649}, "datetime": {"datetime": "2022-03-27 17:19:02", "elapsed": 189.562413, "delta": 0.673832}}
{"target": 0.9853897048044062, "params": {"a": 4.237713461020224, "dB": 9.735638339288673, "s": 0.6851532921173039}, "datetime": {"datetime": "2022-03-27 17:19:03", "elapsed": 190.254028, "delta": 0.691615}}
{"target": 0.993417220527204, "params": {"a": 3.4406677216913986, "dB": 8.872245854031561, "s": 0.5763580788962875}, "datetime": {"datetime": "2022-03-27 17:19:04", "elapsed": 191.115173, "delta": 0.861145}}
{"target": 0.9938201271498436, "params": {"a": 3.8283157314836016, "dB": 9.316330602195734, "s": 0.5734029891676042}, "datetime": {"datetime": "2022-03-27 17:19:05", "elapsed": 191.966617, "delta": 0.851444}}
{"target": 0.9390643903124297, "params": {"a": 5.0, "dB": 10.231052923559872, "s": 0.7608038028730943}, "datetime": {"datetime": "2022-03-27 17:19:06", "elapsed": 192.92438, "delta": 0.957763}}
{"target": 0.9937327714623723, "params": {"a": 3.955878605566191, "dB": 9.847867344897406, "s": 0.6376870214219631}, "datetime": {"datetime": "2022-03-27 17:19:07", "elapsed": 193.96229, "delta": 1.03791}}
{"target": 0.8020081107598508, "params": {"a": 1.7756762478803423, "dB": 8.843665583825294, "s": 0.1788609202603806}, "datetime": {"datetime": "2022-03-27 17:19:08", "elapsed": 194.610957, "delta": 0.648667}}
{"target": 0.9772727138249135, "params": {"a": 4.294085308470122, "dB": 9.378828738639415, "s": 0.7012446268539899}, "datetime": {"datetime": "2022-03-27 17:19:08", "elapsed": 195.528768, "delta": 0.917811}}
{"target": 0.9761210128022147, "params": {"a": 2.871847731104365, "dB": 7.620526377049378, "s": 0.4723978323964021}, "datetime": {"datetime": "2022-03-27 17:19:09", "elapsed": 196.503794, "delta": 0.975026}}
{"target": 0.9953349841742258, "params": {"a": 3.436849150940966, "dB": 8.655645429875486, "s": 0.5611274764452101}, "datetime": {"datetime": "2022-03-27 17:19:11", "elapsed": 197.947781, "delta": 1.443987}}
{"target": 0.9978007885028154, "params": {"a": 3.6573213913704765, "dB": 9.50396801209171, "s": 0.564770130445772}, "datetime": {"datetime": "2022-03-27 17:19:12", "elapsed": 198.785902, "delta": 0.838121}}
{"target": 0.9925236107907105, "params": {"a": 3.2406493066563695, "dB": 8.228831351895446, "s": 0.5321717673416065}, "datetime": {"datetime": "2022-03-27 17:19:13", "elapsed": 199.675733, "delta": 0.889831}}
{"target": 0.9811706900182017, "params": {"a": 4.304747663352531, "dB": 10.236536970701152, "s": 0.7739817789682362}, "datetime": {"datetime": "2022-03-27 17:19:14", "elapsed": 200.778881, "delta": 1.103148}}
{"target": 0.9891584424502619, "params": {"a": 4.0121955483121035, "dB": 10.428545877626238, "s": 0.7343955213741103}, "datetime": {"datetime": "2022-03-27 17:19:15", "elapsed": 202.118303, "delta": 1.339422}}
{"target": 0.9918155870897775, "params": {"a": 4.0617178235295155, "dB": 10.225853858029526, "s": 0.7375708345253388}, "datetime": {"datetime": "2022-03-27 17:19:16", "elapsed": 203.234357, "delta": 1.116054}}
{"target": 0.9949826221144394, "params": {"a": 3.6809681612274807, "dB": 8.97220952001882, "s": 0.5717150001826673}, "datetime": {"datetime": "2022-03-27 17:19:18", "elapsed": 204.674588, "delta": 1.440231}}
{"target": 0.9683878839291538, "params": {"a": 4.830759854226203, "dB": 10.308662493387912, "s": 0.7810265643127678}, "datetime": {"datetime": "2022-03-27 17:19:19", "elapsed": 206.524145, "delta": 1.849557}}
{"target": 0.9958536905591558, "params": {"a": 4.252316994387022, "dB": 10.266521258944138, "s": 0.7213488420647425}, "datetime": {"datetime": "2022-03-27 17:19:21", "elapsed": 207.603482, "delta": 1.079337}}
{"target": 0.9956279961742489, "params": {"a": 3.536396299813542, "dB": 9.849089599449718, "s": 0.6223769451045379}, "datetime": {"datetime": "2022-03-27 17:19:21", "elapsed": 208.531268, "delta": 0.927786}}
{"target": 0.9855880725134838, "params": {"a": 3.2175837340551894, "dB": 9.621987845807789, "s": 0.555660772546607}, "datetime": {"datetime": "2022-03-27 17:19:22", "elapsed": 209.589177, "delta": 1.057909}}
{"target": 0.991718906722963, "params": {"a": 3.732927925171491, "dB": 9.320239613990102, "s": 0.5448830049401775}, "datetime": {"datetime": "2022-03-27 17:19:23", "elapsed": 210.594412, "delta": 1.005235}}
{"target": 0.9743476558147363, "params": {"a": 2.9238839624043944, "dB": 8.465045753558089, "s": 0.44843264319809495}, "datetime": {"datetime": "2022-03-27 17:19:25", "elapsed": 211.703144, "delta": 1.108732}}
{"target": 0.6411477857671811, "params": {"a": 3.7587978781088696, "dB": 10.63552806886621, "s": 0.3468135771587676}, "datetime": {"datetime": "2022-03-27 17:19:25", "elapsed": 212.499161, "delta": 0.796017}}
{"target": 0.9977929354010612, "params": {"a": 3.6477400797475106, "dB": 9.428324672427514, "s": 0.5687148806319579}, "datetime": {"datetime": "2022-03-27 17:19:27", "elapsed": 213.792226, "delta": 1.293065}}
{"target": 0.7000728168810612, "params": {"a": 2.820191133410026, "dB": 8.657087183243242, "s": 0.9332169386611752}, "datetime": {"datetime": "2022-03-27 17:19:27", "elapsed": 214.467181, "delta": 0.674955}}
{"target": 0.9977782848364303, "params": {"a": 3.548506885424428, "dB": 9.11580056281064, "s": 0.5595413488261022}, "datetime": {"datetime": "2022-03-27 17:19:29", "elapsed": 215.676243, "delta": 1.209062}}
{"target": 0.9867687098513629, "params": {"a": 3.404010743207021, "dB": 7.769740123181369, "s": 0.545298110040524}, "datetime": {"datetime": "2022-03-27 17:19:30", "elapsed": 216.620031, "delta": 0.943788}}
{"target": 0.9901884071719464, "params": {"a": 4.093882223543639, "dB": 9.883750752745446, "s": 0.680539348383219}, "datetime": {"datetime": "2022-03-27 17:19:31", "elapsed": 217.997224, "delta": 1.377193}}
{"target": 0.9957705569701016, "params": {"a": 3.3733511927377764, "dB": 9.205941302559264, "s": 0.5266960175540211}, "datetime": {"datetime": "2022-03-27 17:19:32", "elapsed": 219.37197, "delta": 1.374746}}
{"target": 0.737905503670364, "params": {"a": 2.073053461423064, "dB": 7.856061719121328, "s": 0.6985640412167949}, "datetime": {"datetime": "2022-03-27 17:19:33", "elapsed": 220.044382, "delta": 0.672412}}
{"target": 0.9616510828598623, "params": {"a": 3.7505697601929175, "dB": 11.0, "s": 0.6284879363417784}, "datetime": {"datetime": "2022-03-27 17:19:35", "elapsed": 221.817939, "delta": 1.773557}}
{"target": 0.9982970744192393, "params": {"a": 3.4991135979795693, "dB": 9.440388505598547, "s": 0.5509955853742617}, "datetime": {"datetime": "2022-03-27 17:19:36", "elapsed": 223.499274, "delta": 1.681335}}
{"target": 0.9948716304528574, "params": {"a": 3.2710237004914706, "dB": 9.026753511339022, "s": 0.5245372515196925}, "datetime": {"datetime": "2022-03-27 17:19:38", "elapsed": 225.523065, "delta": 2.023791}}
{"target": 0.9859633863078293, "params": {"a": 3.085965541366856, "dB": 8.695050328623415, "s": 0.4847118068237325}, "datetime": {"datetime": "2022-03-27 17:19:40", "elapsed": 226.694958, "delta": 1.171893}}
{"target": 0.9766664008806732, "params": {"a": 2.954395393948022, "dB": 9.003978430282103, "s": 0.5018956971827139}, "datetime": {"datetime": "2022-03-27 17:19:42", "elapsed": 229.090996, "delta": 2.396038}}
{"target": 0.9988834298913086, "params": {"a": 3.7795103049682295, "dB": 9.946740181860555, "s": 0.6385964459377937}, "datetime": {"datetime": "2022-03-27 17:19:44", "elapsed": 230.795073, "delta": 1.704077}}
{"target": 0.9920281379951705, "params": {"a": 3.2859477225267137, "dB": 8.380462763053927, "s": 0.5107437173985883}, "datetime": {"datetime": "2022-03-27 17:19:46", "elapsed": 232.890633, "delta": 2.09556}}
{"target": 0.9877852175977543, "params": {"a": 3.758628046815258, "dB": 10.01844251678476, "s": 0.6516951198642554}, "datetime": {"datetime": "2022-03-27 17:19:48", "elapsed": 234.631482, "delta": 1.740849}}
{"target": 0.9957807018593334, "params": {"a": 3.4166434269342716, "dB": 9.013484837749374, "s": 0.5283338787401314}, "datetime": {"datetime": "2022-03-27 17:19:49", "elapsed": 235.811651, "delta": 1.180169}}
{"target": 0.6694765689797129, "params": {"a": 2.4398027735393475, "dB": 9.446221384164263, "s": 0.9155273900423986}, "datetime": {"datetime": "2022-03-27 17:19:50", "elapsed": 236.629012, "delta": 0.817361}}
{"target": 0.985517369802394, "params": {"a": 4.532057682138045, "dB": 9.687279491548534, "s": 0.7743394617933159}, "datetime": {"datetime": "2022-03-27 17:19:51", "elapsed": 238.489645, "delta": 1.860633}}
{"target": 0.6984707853038578, "params": {"a": 2.128321825604171, "dB": 10.419544628885122, "s": 0.4905473234626093}, "datetime": {"datetime": "2022-03-27 17:19:52", "elapsed": 239.251103, "delta": 0.761458}}
{"target": 0.9983746686875132, "params": {"a": 3.6272589439780063, "dB": 9.863014183064621, "s": 0.6231883573940125}, "datetime": {"datetime": "2022-03-27 17:19:53", "elapsed": 240.255854, "delta": 1.004751}}
{"target": 0.9915076102083427, "params": {"a": 3.2780537009351978, "dB": 9.420092191015968, "s": 0.5107561739030795}, "datetime": {"datetime": "2022-03-27 17:19:55", "elapsed": 241.633984, "delta": 1.37813}}
{"target": 0.9776659516676025, "params": {"a": 3.2102435849426083, "dB": 9.922571511889299, "s": 0.5521837076892071}, "datetime": {"datetime": "2022-03-27 17:19:56", "elapsed": 242.758347, "delta": 1.124363}}
{"target": 0.986596845275972, "params": {"a": 3.255325504927898, "dB": 7.6407773826196825, "s": 0.5304083791955639}, "datetime": {"datetime": "2022-03-27 17:19:57", "elapsed": 243.987348, "delta": 1.229001}}
{"target": 0.9612582306521897, "params": {"a": 3.273892291972461, "dB": 10.123998486849239, "s": 0.5993683583716021}, "datetime": {"datetime": "2022-03-27 17:19:58", "elapsed": 245.04578, "delta": 1.058432}}
{"target": 0.662437206095719, "params": {"a": 1.5635632499627203, "dB": 9.041213634979302, "s": 0.6820026652578506}, "datetime": {"datetime": "2022-03-27 17:19:59", "elapsed": 245.756238, "delta": 0.710458}}
{"target": 0.8689011764439317, "params": {"a": 2.2140047354718684, "dB": 9.24145761030602, "s": 0.22668840625876555}, "datetime": {"datetime": "2022-03-27 17:19:59", "elapsed": 246.517897, "delta": 0.761659}}
{"target": 0.9604257917266981, "params": {"a": 3.8763804533535344, "dB": 10.850186129561052, "s": 0.748655496482968}, "datetime": {"datetime": "2022-03-27 17:20:00", "elapsed": 247.564958, "delta": 1.047061}}
{"target": 0.9928266784203946, "params": {"a": 3.712789208520839, "dB": 9.913443169656082, "s": 0.6019263879201809}, "datetime": {"datetime": "2022-03-27 17:20:02", "elapsed": 248.622573, "delta": 1.057615}}
{"target": 0.9683853818126147, "params": {"a": 3.351962855087521, "dB": 10.016716871153104, "s": 0.6017779466953013}, "datetime": {"datetime": "2022-03-27 17:20:03", "elapsed": 250.521069, "delta": 1.898496}}
{"target": 0.9433900759605957, "params": {"a": 3.1370444174831436, "dB": 10.084674280004805, "s": 0.5497121005508224}, "datetime": {"datetime": "2022-03-27 17:20:04", "elapsed": 251.499999, "delta": 0.97893}}
{"target": 0.9462346052090508, "params": {"a": 4.832661861536194, "dB": 9.33972571764686, "s": 0.7600504257506848}, "datetime": {"datetime": "2022-03-27 17:20:06", "elapsed": 253.212981, "delta": 1.712982}}
{"target": 0.998662789501459, "params": {"a": 3.7470425555453657, "dB": 9.905331201289348, "s": 0.6408831877765443}, "datetime": {"datetime": "2022-03-27 17:20:07", "elapsed": 254.239308, "delta": 1.026327}}
{"target": 0.9949894044682432, "params": {"a": 3.782733905376935, "dB": 9.549240182425471, "s": 0.5631219654441438}, "datetime": {"datetime": "2022-03-27 17:20:09", "elapsed": 255.701536, "delta": 1.462228}}
{"target": 0.6072222013497707, "params": {"a": 4.018603900125223, "dB": 10.181892369117772, "s": 0.24219179475622446}, "datetime": {"datetime": "2022-03-27 17:20:09", "elapsed": 256.55332, "delta": 0.851784}}
{"target": 0.9850298160680684, "params": {"a": 3.7009440431238305, "dB": 10.619227863555805, "s": 0.6761752949401687}, "datetime": {"datetime": "2022-03-27 17:20:11", "elapsed": 257.935878, "delta": 1.382558}}
{"target": 0.9894667732323387, "params": {"a": 4.003798002594841, "dB": 10.72974106182782, "s": 0.7255753256769467}, "datetime": {"datetime": "2022-03-27 17:20:12", "elapsed": 259.394464, "delta": 1.458586}}
{"target": 0.9777053284307602, "params": {"a": 4.261963427739741, "dB": 9.137268314522563, "s": 0.6734711806398542}, "datetime": {"datetime": "2022-03-27 17:20:13", "elapsed": 260.360367, "delta": 0.965903}}
{"target": 0.9606306845813324, "params": {"a": 3.085681168361589, "dB": 9.820884108050237, "s": 0.5003806808036954}, "datetime": {"datetime": "2022-03-27 17:20:15", "elapsed": 261.887719, "delta": 1.527352}}
{"target": 0.9945375354669408, "params": {"a": 3.7102041903422744, "dB": 9.117531855424826, "s": 0.5573423552638668}, "datetime": {"datetime": "2022-03-27 17:20:17", "elapsed": 263.875654, "delta": 1.987935}}
{"target": 0.622969968988004, "params": {"a": 1.7075487718654871, "dB": 10.837069157207804, "s": 1.0608017518732478}, "datetime": {"datetime": "2022-03-27 17:20:18", "elapsed": 264.764018, "delta": 0.888364}}
{"target": 0.9709344706227534, "params": {"a": 2.923707649011386, "dB": 9.307114203430483, "s": 0.4956208305010592}, "datetime": {"datetime": "2022-03-27 17:20:19", "elapsed": 266.344757, "delta": 1.580739}}
{"target": 0.9930053653793764, "params": {"a": 3.4642186534603807, "dB": 9.601092020222193, "s": 0.5819654657864661}, "datetime": {"datetime": "2022-03-27 17:20:21", "elapsed": 268.34993, "delta": 2.005173}}
{"target": 0.8903009618213853, "params": {"a": 3.1739876267930587, "dB": 11.0, "s": 0.5047085979381071}, "datetime": {"datetime": "2022-03-27 17:20:23", "elapsed": 270.44025, "delta": 2.09032}}
{"target": 0.7002547733245752, "params": {"a": 2.2033394615560136, "dB": 8.979964934085118, "s": 1.0302115001397725}, "datetime": {"datetime": "2022-03-27 17:20:24", "elapsed": 271.28544, "delta": 0.84519}}
{"target": 0.9783755627686249, "params": {"a": 3.6455201648490503, "dB": 10.730724754605179, "s": 0.6472928595427841}, "datetime": {"datetime": "2022-03-27 17:20:26", "elapsed": 273.087953, "delta": 1.802513}}
{"target": 0.799996993879759, "params": {"a": 2.0803449857512364, "dB": 10.484030934413072, "s": 0.23625749601903437}, "datetime": {"datetime": "2022-03-27 17:20:27", "elapsed": 273.971965, "delta": 0.884012}}
{"target": 0.9787020747459868, "params": {"a": 3.4519852685755708, "dB": 7.5694188143994605, "s": 0.5732542934217073}, "datetime": {"datetime": "2022-03-27 17:20:28", "elapsed": 275.157796, "delta": 1.185831}}
{"target": 0.9917330459261804, "params": {"a": 3.279337960836112, "dB": 8.07800229880244, "s": 0.5262411103740348}, "datetime": {"datetime": "2022-03-27 17:20:29", "elapsed": 276.584448, "delta": 1.426652}}
{"target": 0.9799582325902715, "params": {"a": 3.125602334824757, "dB": 7.981513203103698, "s": 0.4655761872399351}, "datetime": {"datetime": "2022-03-27 17:20:31", "elapsed": 278.41636, "delta": 1.831912}}
{"target": 0.9955790711374384, "params": {"a": 3.3087548234797457, "dB": 8.87659165888236, "s": 0.5260238082338831}, "datetime": {"datetime": "2022-03-27 17:20:33", "elapsed": 280.320577, "delta": 1.904217}}
{"target": 0.9932101171982388, "params": {"a": 3.9698723474041415, "dB": 10.283194985867711, "s": 0.7225408695621309}, "datetime": {"datetime": "2022-03-27 17:20:35", "elapsed": 281.796216, "delta": 1.475639}}
{"target": 0.972148680294982, "params": {"a": 3.7497113273044063, "dB": 10.962991639557378, "s": 0.710672382505455}, "datetime": {"datetime": "2022-03-27 17:20:38", "elapsed": 284.757495, "delta": 2.961279}}
{"target": 0.9949207078679275, "params": {"a": 3.7566420463134675, "dB": 9.211120450959573, "s": 0.569550955153412}, "datetime": {"datetime": "2022-03-27 17:20:39", "elapsed": 285.965194, "delta": 1.207699}}
{"target": 0.9970221785023391, "params": {"a": 3.5524202478069387, "dB": 9.37085508263761, "s": 0.5754089243210782}, "datetime": {"datetime": "2022-03-27 17:20:41", "elapsed": 287.680823, "delta": 1.715629}}
{"target": 0.9903352979570903, "params": {"a": 3.5866449846258783, "dB": 8.412642136562832, "s": 0.539802809660357}, "datetime": {"datetime": "2022-03-27 17:20:42", "elapsed": 289.37473, "delta": 1.693907}}
{"target": 0.9896611483449678, "params": {"a": 3.960851423963401, "dB": 10.96433498202987, "s": 0.6894743011891337}, "datetime": {"datetime": "2022-03-27 17:20:44", "elapsed": 290.955741, "delta": 1.581011}}
