{"target": 0.9976722721481729, "params": {"a": 4.342996138699826, "dB": 8.930480198377703, "s": 0.875331025701685}, "datetime": {"datetime": "2022-03-28 18:42:24", "elapsed": 456.14537, "delta": 3.148626}}
{"target": 0.9825048846459592, "params": {"a": 3.710126686911768, "dB": 9.12555255943858, "s": 0.7585447570933374}, "datetime": {"datetime": "2022-03-28 18:42:29", "elapsed": 460.702526, "delta": 4.557156}}
{"target": 0.9977996087300937, "params": {"a": 4.576925675891342, "dB": 9.441159058763416, "s": 0.9403247743121798}, "datetime": {"datetime": "2022-03-28 18:42:33", "elapsed": 464.315466, "delta": 3.61294}}
{"target": 0.9969896246544592, "params": {"a": 4.097899150012686, "dB": 9.038420793963146, "s": 0.8355117639366799}, "datetime": {"datetime": "2022-03-28 18:42:35", "elapsed": 467.162959, "delta": 2.847493}}
{"target": 0.6956549426973789, "params": {"a": 3.2126861688623265, "dB": 10.53784405688115, "s": 0.8832397373705323}, "datetime": {"datetime": "2022-03-28 18:42:38", "elapsed": 469.539318, "delta": 2.376359}}
{"target": 0.9437288781961947, "params": {"a": 4.606042441086158, "dB": 8.355114638995877, "s": 0.882460601230462}, "datetime": {"datetime": "2022-03-28 18:42:41", "elapsed": 472.467744, "delta": 2.928426}}
{"target": 0.9948485670352126, "params": {"a": 4.306979182384094, "dB": 9.338950942494046, "s": 0.8877274675680963}, "datetime": {"datetime": "2022-03-28 18:42:43", "elapsed": 475.17362, "delta": 2.705876}}
{"target": 0.9971862855527445, "params": {"a": 4.190443515026591, "dB": 8.763465270159525, "s": 0.8368835099419606}, "datetime": {"datetime": "2022-03-28 18:42:46", "elapsed": 477.757777, "delta": 2.584157}}
{"target": 0.9980035542818239, "params": {"a": 4.2813751902302215, "dB": 8.99150058161148, "s": 0.8693379252055903}, "datetime": {"datetime": "2022-03-28 18:42:49", "elapsed": 480.297863, "delta": 2.540086}}
{"target": 0.9951325901595219, "params": {"a": 4.436278786772136, "dB": 9.000520796151164, "s": 0.8644181828557}, "datetime": {"datetime": "2022-03-28 18:42:52", "elapsed": 483.210644, "delta": 2.912781}}
{"target": 0.9684007961409785, "params": {"a": 4.3793082020664285, "dB": 8.280846281763596, "s": 0.8446096550472223}, "datetime": {"datetime": "2022-03-28 18:42:54", "elapsed": 485.202685, "delta": 1.992041}}
{"target": 0.49652177527114383, "params": {"a": 4.186782587819593, "dB": 8.496627232672035, "s": 0.13110854885202597}, "datetime": {"datetime": "2022-03-28 18:42:54", "elapsed": 485.96509, "delta": 0.762405}}
{"target": 0.9871082136244207, "params": {"a": 4.6089232528509285, "dB": 9.768516041246295, "s": 0.9096247524990292}, "datetime": {"datetime": "2022-03-28 18:42:56", "elapsed": 487.293947, "delta": 1.328857}}
{"target": 0.9913441214020133, "params": {"a": 4.678178532357934, "dB": 9.834271921296644, "s": 0.9751719285292813}, "datetime": {"datetime": "2022-03-28 18:42:57", "elapsed": 489.050959, "delta": 1.757012}}
{"target": 0.99565115124684, "params": {"a": 4.6750400125599345, "dB": 9.696023767021568, "s": 0.9639521170475711}, "datetime": {"datetime": "2022-03-28 18:42:59", "elapsed": 490.292528, "delta": 1.241569}}
{"target": 0.9964515986351584, "params": {"a": 4.612512091294088, "dB": 9.897216156372334, "s": 0.9456517094495707}, "datetime": {"datetime": "2022-03-28 18:43:00", "elapsed": 491.515069, "delta": 1.222541}}
{"target": 0.9969550626702577, "params": {"a": 4.542739106266229, "dB": 9.629426750616764, "s": 0.9380815741449452}, "datetime": {"datetime": "2022-03-28 18:43:01", "elapsed": 492.78744, "delta": 1.272371}}
{"target": 0.9887568101468924, "params": {"a": 4.701463850189496, "dB": 9.746650371780282, "s": 0.9249536355255014}, "datetime": {"datetime": "2022-03-28 18:43:02", "elapsed": 493.897095, "delta": 1.109655}}
{"target": 0.7020553637767681, "params": {"a": 1.8133188976450219, "dB": 8.313507705063136, "s": 0.589114344147393}, "datetime": {"datetime": "2022-03-28 18:43:03", "elapsed": 494.624417, "delta": 0.727322}}
{"target": 0.9833514472172693, "params": {"a": 4.788149562623396, "dB": 9.698850180647717, "s": 1.0013381916511215}, "datetime": {"datetime": "2022-03-28 18:43:04", "elapsed": 496.000518, "delta": 1.376101}}
{"target": 0.9975323744794443, "params": {"a": 4.430607762102609, "dB": 9.255806791057699, "s": 0.9142722507281815}, "datetime": {"datetime": "2022-03-28 18:43:06", "elapsed": 497.298672, "delta": 1.298154}}
{"target": 0.6079355772807997, "params": {"a": 4.957686581243857, "dB": 10.583948270992357, "s": 0.5279697771315699}, "datetime": {"datetime": "2022-03-28 18:43:07", "elapsed": 498.423547, "delta": 1.124875}}
{"target": 0.9889341273883694, "params": {"a": 4.554759969758919, "dB": 9.945449809799397, "s": 0.9596249274912056}, "datetime": {"datetime": "2022-03-28 18:43:08", "elapsed": 499.933109, "delta": 1.509562}}
{"target": 0.9967051223074399, "params": {"a": 4.596183015692645, "dB": 9.356751548732364, "s": 0.9290318960852751}, "datetime": {"datetime": "2022-03-28 18:43:10", "elapsed": 501.865268, "delta": 1.932159}}
{"target": 0.9744335108307629, "params": {"a": 3.4006505708377515, "dB": 8.688766345548371, "s": 0.6690091139550058}, "datetime": {"datetime": "2022-03-28 18:43:12", "elapsed": 503.894051, "delta": 2.028783}}
{"target": 0.9419109572193332, "params": {"a": 4.534442030440884, "dB": 8.17905983570797, "s": 0.8864109426784529}, "datetime": {"datetime": "2022-03-28 18:43:14", "elapsed": 505.563473, "delta": 1.669422}}
{"target": 0.9185957170852398, "params": {"a": 3.8747110141742436, "dB": 9.283619431318394, "s": 0.9073337856092649}, "datetime": {"datetime": "2022-03-28 18:43:15", "elapsed": 506.636318, "delta": 1.072845}}
{"target": 0.980395461350827, "params": {"a": 4.200299188607793, "dB": 9.825211940097226, "s": 0.898432445616552}, "datetime": {"datetime": "2022-03-28 18:43:16", "elapsed": 507.745684, "delta": 1.109366}}
{"target": 0.9979341101378145, "params": {"a": 4.109802513359798, "dB": 8.774032411397485, "s": 0.8243595470397059}, "datetime": {"datetime": "2022-03-28 18:43:17", "elapsed": 509.143038, "delta": 1.397354}}
{"target": 0.9919529976267388, "params": {"a": 4.742096884509605, "dB": 9.388662720362682, "s": 0.9798405488591934}, "datetime": {"datetime": "2022-03-28 18:43:19", "elapsed": 510.467548, "delta": 1.32451}}
{"target": 0.99373341332701, "params": {"a": 4.4385688723303725, "dB": 9.766737520569889, "s": 0.9254327203310576}, "datetime": {"datetime": "2022-03-28 18:43:20", "elapsed": 511.816326, "delta": 1.348778}}
{"target": 0.9647859178321301, "params": {"a": 4.155005050665577, "dB": 10.65575439486541, "s": 0.8534372831667688}, "datetime": {"datetime": "2022-03-28 18:43:22", "elapsed": 513.351419, "delta": 1.535093}}
{"target": 0.7915349159758551, "params": {"a": 1.7756762478803423, "dB": 8.843665583825294, "s": 0.1788609202603806}, "datetime": {"datetime": "2022-03-28 18:43:23", "elapsed": 514.223106, "delta": 0.871687}}
{"target": 0.9893601515721397, "params": {"a": 3.501610183847555, "dB": 8.102267784972401, "s": 0.6316632075692787}, "datetime": {"datetime": "2022-03-28 18:43:23", "elapsed": 515.134366, "delta": 0.91126}}
{"target": 0.9962707613392973, "params": {"a": 4.512635662521161, "dB": 9.239915650495364, "s": 0.9139565387554971}, "datetime": {"datetime": "2022-03-28 18:43:25", "elapsed": 516.609476, "delta": 1.47511}}
{"target": 0.9965266355420903, "params": {"a": 4.672671400222539, "dB": 9.290871973134418, "s": 0.9542836676299467}, "datetime": {"datetime": "2022-03-28 18:43:26", "elapsed": 517.965531, "delta": 1.356055}}
{"target": 0.9896890016301929, "params": {"a": 4.580736967344313, "dB": 8.922590808265458, "s": 0.8770918073533002}, "datetime": {"datetime": "2022-03-28 18:43:27", "elapsed": 518.936516, "delta": 0.970985}}
{"target": 0.9974792451805633, "params": {"a": 3.994852536786049, "dB": 8.754090738080727, "s": 0.8029389609625135}, "datetime": {"datetime": "2022-03-28 18:43:28", "elapsed": 520.08457, "delta": 1.148054}}
{"target": 0.9945234336093826, "params": {"a": 4.006428674370649, "dB": 9.01516760157008, "s": 0.8259250747724914}, "datetime": {"datetime": "2022-03-28 18:43:30", "elapsed": 521.453396, "delta": 1.368826}}
{"target": 0.9793912072999142, "params": {"a": 3.3087191895828516, "dB": 7.959969058445978, "s": 0.5857516098067415}, "datetime": {"datetime": "2022-03-28 18:43:31", "elapsed": 522.750391, "delta": 1.296995}}
{"target": 0.9948891669523591, "params": {"a": 4.444221182870206, "dB": 9.670994551095939, "s": 0.9253549448618897}, "datetime": {"datetime": "2022-03-28 18:43:33", "elapsed": 524.437975, "delta": 1.687584}}
{"target": 0.9796831803594411, "params": {"a": 3.318479089370596, "dB": 7.5, "s": 0.6669565283035351}, "datetime": {"datetime": "2022-03-28 18:43:34", "elapsed": 526.067838, "delta": 1.629863}}
{"target": 0.9930064052480115, "params": {"a": 3.577058176666303, "dB": 8.007834986303566, "s": 0.670070016345219}, "datetime": {"datetime": "2022-03-28 18:43:36", "elapsed": 527.899525, "delta": 1.831687}}
{"target": 0.9976746381916249, "params": {"a": 4.201553075955184, "dB": 8.849392894850793, "s": 0.8566137055108833}, "datetime": {"datetime": "2022-03-28 18:43:37", "elapsed": 529.158966, "delta": 1.259441}}
{"target": 0.9980132374101315, "params": {"a": 4.266424052381154, "dB": 8.896941047445688, "s": 0.8529481088840944}, "datetime": {"datetime": "2022-03-28 18:43:39", "elapsed": 530.258519, "delta": 1.099553}}
{"target": 0.9904828321530816, "params": {"a": 3.905034294519124, "dB": 8.20607531205546, "s": 0.6992041268786201}, "datetime": {"datetime": "2022-03-28 18:43:40", "elapsed": 531.479876, "delta": 1.221357}}
{"target": 0.9978696558299516, "params": {"a": 4.040355000264483, "dB": 8.76947055222639, "s": 0.8091984540524108}, "datetime": {"datetime": "2022-03-28 18:43:41", "elapsed": 532.520494, "delta": 1.040618}}
{"target": 0.9977203775805161, "params": {"a": 4.598217776291783, "dB": 9.515403870361343, "s": 0.9432799954594967}, "datetime": {"datetime": "2022-03-28 18:43:43", "elapsed": 534.434522, "delta": 1.914028}}
{"target": 0.5516376638867377, "params": {"a": 3.7587978781088696, "dB": 10.63552806886621, "s": 0.3468135771587676}, "datetime": {"datetime": "2022-03-28 18:43:44", "elapsed": 535.598924, "delta": 1.164402}}
{"target": 0.9943616942338632, "params": {"a": 4.3622278505828715, "dB": 9.399891406280496, "s": 0.8897562298508681}, "datetime": {"datetime": "2022-03-28 18:43:46", "elapsed": 537.222718, "delta": 1.623794}}
{"target": 0.7167332454318155, "params": {"a": 2.820191133410026, "dB": 8.657087183243242, "s": 0.9332169386611752}, "datetime": {"datetime": "2022-03-28 18:43:46", "elapsed": 538.047693, "delta": 0.824975}}
{"target": 0.9963030117396614, "params": {"a": 4.535508128624816, "dB": 9.736273673269697, "s": 0.9369991007994614}, "datetime": {"datetime": "2022-03-28 18:43:48", "elapsed": 539.887403, "delta": 1.83971}}
{"target": 0.9957937937622917, "params": {"a": 4.406958693805166, "dB": 9.535473610170383, "s": 0.9085877937075719}, "datetime": {"datetime": "2022-03-28 18:43:50", "elapsed": 541.255464, "delta": 1.368061}}
{"target": 0.9945968404228482, "params": {"a": 4.599694280333901, "dB": 9.872193770367405, "s": 0.9544175316148683}, "datetime": {"datetime": "2022-03-28 18:43:51", "elapsed": 542.91893, "delta": 1.663466}}
{"target": 0.9215531005565095, "params": {"a": 3.6533105110145487, "dB": 11.0, "s": 0.7477437409209952}, "datetime": {"datetime": "2022-03-28 18:43:54", "elapsed": 545.848292, "delta": 2.929362}}
{"target": 0.7374559866632935, "params": {"a": 2.073053461423064, "dB": 7.856061719121328, "s": 0.6985640412167949}, "datetime": {"datetime": "2022-03-28 18:43:55", "elapsed": 546.57548, "delta": 0.727188}}
{"target": 0.9959380054619784, "params": {"a": 4.523877011110351, "dB": 9.550574038395805, "s": 0.9423266000187046}, "datetime": {"datetime": "2022-03-28 18:43:58", "elapsed": 549.612288, "delta": 3.036808}}
{"target": 0.9962751156164641, "params": {"a": 4.703553282527599, "dB": 9.956224412937543, "s": 0.9609606638410078}, "datetime": {"datetime": "2022-03-28 18:44:00", "elapsed": 552.102424, "delta": 2.490136}}
{"target": 0.8867065566023731, "params": {"a": 4.997992308632517, "dB": 10.00387205356394, "s": 1.087161530669877}, "datetime": {"datetime": "2022-03-28 18:44:02", "elapsed": 554.099764, "delta": 1.99734}}
{"target": 0.9948427392548336, "params": {"a": 4.619302918904371, "dB": 9.973975648502925, "s": 0.9312162090819025}, "datetime": {"datetime": "2022-03-28 18:44:04", "elapsed": 555.552447, "delta": 1.452683}}
{"target": 0.993037448051148, "params": {"a": 4.69371920850617, "dB": 9.954266016394175, "s": 0.9337285561567978}, "datetime": {"datetime": "2022-03-28 18:44:06", "elapsed": 557.941588, "delta": 2.389141}}
{"target": 0.9978364246476902, "params": {"a": 4.172513501344292, "dB": 8.904121262387127, "s": 0.8501632435372147}, "datetime": {"datetime": "2022-03-28 18:44:08", "elapsed": 559.448846, "delta": 1.507258}}
{"target": 0.9976468821120665, "params": {"a": 4.616718627705451, "dB": 9.62242020872792, "s": 0.9435407693930706}, "datetime": {"datetime": "2022-03-28 18:44:10", "elapsed": 561.848667, "delta": 2.399821}}
{"target": 0.9965415303973332, "params": {"a": 4.76444488945782, "dB": 10.001271632524258, "s": 0.9615226261559626}, "datetime": {"datetime": "2022-03-28 18:44:12", "elapsed": 564.023461, "delta": 2.174794}}
{"target": 0.9922863229829744, "params": {"a": 4.720284285946132, "dB": 10.007903435139013, "s": 0.9764606693426511}, "datetime": {"datetime": "2022-03-28 18:44:14", "elapsed": 565.442545, "delta": 1.419084}}
{"target": 0.6655936160198405, "params": {"a": 2.4398027735393475, "dB": 9.446221384164263, "s": 0.9155273900423986}, "datetime": {"datetime": "2022-03-28 18:44:15", "elapsed": 566.611358, "delta": 1.168813}}
{"target": 0.9899219357883854, "params": {"a": 4.811481302957193, "dB": 9.91788744227178, "s": 0.9915356996009389}, "datetime": {"datetime": "2022-03-28 18:44:17", "elapsed": 568.407028, "delta": 1.79567}}
{"target": 0.6895184320034315, "params": {"a": 2.128321825604171, "dB": 10.419544628885122, "s": 0.4905473234626093}, "datetime": {"datetime": "2022-03-28 18:44:18", "elapsed": 569.552407, "delta": 1.145379}}
{"target": 0.9983100304625618, "params": {"a": 4.339814242558495, "dB": 8.979710203994326, "s": 0.8684055630355967}, "datetime": {"datetime": "2022-03-28 18:44:19", "elapsed": 570.925193, "delta": 1.372786}}
{"target": 0.9968652713569263, "params": {"a": 4.617838526986191, "dB": 9.346422245618223, "s": 0.9522186073593459}, "datetime": {"datetime": "2022-03-28 18:44:21", "elapsed": 572.76763, "delta": 1.842437}}
{"target": 0.9923599442084076, "params": {"a": 3.6273841082560776, "dB": 8.055263145541103, "s": 0.69130013869145}, "datetime": {"datetime": "2022-03-28 18:44:22", "elapsed": 573.955379, "delta": 1.187749}}
{"target": 0.9904981428222813, "params": {"a": 3.9183092949118965, "dB": 9.032703912030215, "s": 0.8173802105275293}, "datetime": {"datetime": "2022-03-28 18:44:24", "elapsed": 575.468858, "delta": 1.513479}}
{"target": 0.9970280913522258, "params": {"a": 4.425573750736386, "dB": 9.384729151541064, "s": 0.9143993332575435}, "datetime": {"datetime": "2022-03-28 18:44:26", "elapsed": 577.41353, "delta": 1.944672}}
{"target": 0.6512695607028992, "params": {"a": 1.5635632499627203, "dB": 9.041213634979302, "s": 0.6820026652578506}, "datetime": {"datetime": "2022-03-28 18:44:28", "elapsed": 579.572838, "delta": 2.159308}}
{"target": 0.8461021729073687, "params": {"a": 2.2140047354718684, "dB": 9.24145761030602, "s": 0.22668840625876555}, "datetime": {"datetime": "2022-03-28 18:44:30", "elapsed": 581.371776, "delta": 1.798938}}
{"target": 0.9963478948288848, "params": {"a": 4.754429034698125, "dB": 9.927410286172659, "s": 0.9659979734504139}, "datetime": {"datetime": "2022-03-28 18:44:31", "elapsed": 582.805938, "delta": 1.434162}}
{"target": 0.9706706868737186, "params": {"a": 4.788903016431842, "dB": 10.011066930977796, "s": 1.015112459187509}, "datetime": {"datetime": "2022-03-28 18:44:33", "elapsed": 584.290818, "delta": 1.48488}}
{"target": 0.9976345034529284, "params": {"a": 4.523173997203043, "dB": 9.404587596440912, "s": 0.924459649149172}, "datetime": {"datetime": "2022-03-28 18:44:35", "elapsed": 586.345604, "delta": 2.054786}}
{"target": 0.9918390535358311, "params": {"a": 4.843150031464104, "dB": 9.35410711926012, "s": 0.978679313761843}, "datetime": {"datetime": "2022-03-28 18:44:36", "elapsed": 587.915395, "delta": 1.569791}}
{"target": 0.9973478468685237, "params": {"a": 4.111898942585007, "dB": 8.886459817775945, "s": 0.8338513411908579}, "datetime": {"datetime": "2022-03-28 18:44:38", "elapsed": 589.672268, "delta": 1.756873}}
{"target": 0.9972060134368195, "params": {"a": 4.2954358303135525, "dB": 9.157642108167282, "s": 0.8770398163100971}, "datetime": {"datetime": "2022-03-28 18:44:39", "elapsed": 591.123029, "delta": 1.450761}}
{"target": 0.9985201395566704, "params": {"a": 4.285228048718675, "dB": 9.054936177490642, "s": 0.867004026614071}, "datetime": {"datetime": "2022-03-28 18:44:41", "elapsed": 593.155788, "delta": 2.032759}}
{"target": 0.5631198109146551, "params": {"a": 4.018603900125223, "dB": 10.181892369117772, "s": 0.24219179475622446}, "datetime": {"datetime": "2022-03-28 18:44:43", "elapsed": 594.76755, "delta": 1.611762}}
{"target": 0.9942883798057535, "params": {"a": 4.743773939005898, "dB": 9.230916178765906, "s": 0.9534014715068833}, "datetime": {"datetime": "2022-03-28 18:44:45", "elapsed": 596.769745, "delta": 2.002195}}
{"target": 0.9775926907074853, "params": {"a": 4.229306325937211, "dB": 8.303750638865239, "s": 0.7944296526964688}, "datetime": {"datetime": "2022-03-28 18:44:47", "elapsed": 598.958087, "delta": 2.188342}}
{"target": 0.9982287125103092, "params": {"a": 4.178661496716485, "dB": 9.083584156530812, "s": 0.8455173378111063}, "datetime": {"datetime": "2022-03-28 18:44:49", "elapsed": 600.602048, "delta": 1.643961}}
{"target": 0.996455182018404, "params": {"a": 3.9279200063745985, "dB": 8.774382006105476, "s": 0.7956782684123663}, "datetime": {"datetime": "2022-03-28 18:44:50", "elapsed": 602.17034, "delta": 1.568292}}
{"target": 0.9958469828238627, "params": {"a": 4.364324087348251, "dB": 9.243484920608264, "s": 0.8932713245645589}, "datetime": {"datetime": "2022-03-28 18:44:53", "elapsed": 604.227827, "delta": 2.057487}}
{"target": 0.6100172441383892, "params": {"a": 1.7075487718654871, "dB": 10.837069157207804, "s": 1.0608017518732478}, "datetime": {"datetime": "2022-03-28 18:44:54", "elapsed": 605.865044, "delta": 1.637217}}
{"target": 0.9849082881625673, "params": {"a": 3.303170338363556, "dB": 7.5836407326257484, "s": 0.6290044892290028}, "datetime": {"datetime": "2022-03-28 18:44:56", "elapsed": 607.239596, "delta": 1.374552}}
{"target": 0.995842510878939, "params": {"a": 4.771731752216656, "dB": 9.855797502534642, "s": 0.9707470723856237}, "datetime": {"datetime": "2022-03-28 18:44:57", "elapsed": 609.068736, "delta": 1.82914}}
{"target": 0.9976573422012822, "params": {"a": 4.227475600861703, "dB": 9.045298593813225, "s": 0.8415402319753327}, "datetime": {"datetime": "2022-03-28 18:44:59", "elapsed": 610.61167, "delta": 1.542934}}
{"target": 0.6860727919021392, "params": {"a": 2.2033394615560136, "dB": 8.979964934085118, "s": 1.0302115001397725}, "datetime": {"datetime": "2022-03-28 18:45:00", "elapsed": 611.546765, "delta": 0.935095}}
{"target": 0.9974671420561437, "params": {"a": 4.103569432791196, "dB": 8.672099174269386, "s": 0.8230490891955344}, "datetime": {"datetime": "2022-03-28 18:45:01", "elapsed": 613.139322, "delta": 1.592557}}
{"target": 0.7888651086339036, "params": {"a": 2.0803449857512364, "dB": 10.484030934413072, "s": 0.23625749601903437}, "datetime": {"datetime": "2022-03-28 18:45:03", "elapsed": 614.334939, "delta": 1.195617}}
{"target": 0.9963358063538719, "params": {"a": 4.754369798427071, "dB": 9.808302804171458, "s": 0.9667447287882353}, "datetime": {"datetime": "2022-03-28 18:45:04", "elapsed": 615.778406, "delta": 1.443467}}
{"target": 0.9915026160144739, "params": {"a": 4.233724338010146, "dB": 9.512486768175469, "s": 0.8793756338140858}, "datetime": {"datetime": "2022-03-28 18:45:06", "elapsed": 617.732918, "delta": 1.954512}}
{"target": 0.9917103190829508, "params": {"a": 3.4729861389705223, "dB": 7.977593303222729, "s": 0.6545031801666019}, "datetime": {"datetime": "2022-03-28 18:45:08", "elapsed": 619.309667, "delta": 1.576749}}
{"target": 0.9960772321304617, "params": {"a": 4.4950548159247194, "dB": 8.999015210911903, "s": 0.8844960223088604}, "datetime": {"datetime": "2022-03-28 18:45:10", "elapsed": 621.501961, "delta": 2.192294}}
{"target": 0.9962470960558594, "params": {"a": 4.058531004044632, "dB": 8.882443675289073, "s": 0.8207018208365016}, "datetime": {"datetime": "2022-03-28 18:45:12", "elapsed": 623.55544, "delta": 2.053479}}
{"target": 0.9973825399719954, "params": {"a": 4.1267900046515855, "dB": 8.974792424290152, "s": 0.8429813557315774}, "datetime": {"datetime": "2022-03-28 18:45:14", "elapsed": 625.223959, "delta": 1.668519}}
{"target": 0.9961901161306436, "params": {"a": 4.7320369750255615, "dB": 9.48880597297307, "s": 0.9627827008567859}, "datetime": {"datetime": "2022-03-28 18:45:15", "elapsed": 626.680603, "delta": 1.456644}}
{"target": 0.9954776303379882, "params": {"a": 4.745438887872298, "dB": 9.698979331332836, "s": 0.9707413851947349}, "datetime": {"datetime": "2022-03-28 18:45:17", "elapsed": 628.823523, "delta": 2.14292}}
{"target": 0.9955033734049921, "params": {"a": 4.157060453475429, "dB": 8.789404609486313, "s": 0.8442400657171942}, "datetime": {"datetime": "2022-03-28 18:45:19", "elapsed": 631.055016, "delta": 2.231493}}
{"target": 0.9975261213084586, "params": {"a": 4.428560666944252, "dB": 9.25000747369632, "s": 0.9137659296976812}, "datetime": {"datetime": "2022-03-28 18:45:21", "elapsed": 632.297858, "delta": 1.242842}}
