{"target": 0.6661690175099273, "params": {"a": 4.844059514394184, "dB": 9.824249955447167, "s": 0.5707206399291823}, "datetime": {"datetime": "2022-03-27 17:16:01", "elapsed": 8.55091, "delta": 0.231935}}
{"target": 0.6351977093819966, "params": {"a": 3.2105645300619865, "dB": 10.444125358062958, "s": 1.0790684383645772}, "datetime": {"datetime": "2022-03-27 17:16:02", "elapsed": 8.755987, "delta": 0.205077}}
{"target": 0.8081299430422653, "params": {"a": 4.411687620161657, "dB": 8.82582076971133, "s": 0.579643819371229}, "datetime": {"datetime": "2022-03-27 17:16:02", "elapsed": 9.04296, "delta": 0.286973}}
{"target": 0.8001492193622395, "params": {"a": 3.8896745570930937, "dB": 8.673251220982836, "s": 0.7997010429755819}, "datetime": {"datetime": "2022-03-27 17:16:02", "elapsed": 9.302263, "delta": 0.259303}}
{"target": 0.9382658935515363, "params": {"a": 3.869890341936805, "dB": 9.417688649463088, "s": 0.48320916713870476}, "datetime": {"datetime": "2022-03-27 17:16:02", "elapsed": 9.456816, "delta": 0.154553}}
{"target": 0.8142681310909865, "params": {"a": 1.9926463535107986, "dB": 7.987828449143972, "s": 0.4168323118512143}, "datetime": {"datetime": "2022-03-27 17:16:02", "elapsed": 9.600433, "delta": 0.143617}}
{"target": 0.7415993181331186, "params": {"a": 2.4590016368944827, "dB": 10.175219413389964, "s": 0.16687054566031503}, "datetime": {"datetime": "2022-03-27 17:16:03", "elapsed": 9.811537, "delta": 0.211104}}
{"target": 0.9773473782565297, "params": {"a": 2.9859413557140564, "dB": 7.998154884027107, "s": 0.4528368862457719}, "datetime": {"datetime": "2022-03-27 17:16:03", "elapsed": 10.067035, "delta": 0.255498}}
{"target": 0.6951360459164382, "params": {"a": 3.5937070643816535, "dB": 7.894457200583251, "s": 0.2167775096844278}, "datetime": {"datetime": "2022-03-27 17:16:03", "elapsed": 10.214604, "delta": 0.147569}}
{"target": 0.8277480977924189, "params": {"a": 3.6476863125125925, "dB": 9.450871634744058, "s": 0.7536069203017798}, "datetime": {"datetime": "2022-03-27 17:16:03", "elapsed": 10.378197, "delta": 0.163593}}
{"target": 0.8917397968776465, "params": {"a": 2.74372018723884, "dB": 8.011616986325784, "s": 0.6078952645193747}, "datetime": {"datetime": "2022-03-27 17:16:04", "elapsed": 10.639884, "delta": 0.261687}}
{"target": 0.9167051280390749, "params": {"a": 4.605386754613148, "dB": 9.850643724729377, "s": 0.8491916493613094}, "datetime": {"datetime": "2022-03-27 17:16:04", "elapsed": 10.920045, "delta": 0.280161}}
{"target": 0.847596479925248, "params": {"a": 2.9315716494364294, "dB": 8.833071514153323, "s": 0.2926809212998802}, "datetime": {"datetime": "2022-03-27 17:16:04", "elapsed": 11.111344, "delta": 0.191299}}
{"target": 0.9592262686776217, "params": {"a": 3.3309843968609414, "dB": 8.671312877096167, "s": 0.6259765355229497}, "datetime": {"datetime": "2022-03-27 17:16:04", "elapsed": 11.409394, "delta": 0.29805}}
{"target": 0.9281954317767576, "params": {"a": 3.212618760049406, "dB": 8.127341713103474, "s": 0.6510911024548417}, "datetime": {"datetime": "2022-03-27 17:16:05", "elapsed": 11.633247, "delta": 0.223853}}
{"target": 0.7414223384863582, "params": {"a": 2.3051464697962, "dB": 7.726753861369115, "s": 0.8038456474178886}, "datetime": {"datetime": "2022-03-27 17:16:05", "elapsed": 11.784075, "delta": 0.150828}}
{"target": 0.849609914664404, "params": {"a": 2.9795948995910084, "dB": 7.714428570014572, "s": 0.2837783318049983}, "datetime": {"datetime": "2022-03-27 17:16:05", "elapsed": 11.992994, "delta": 0.208919}}
{"target": 0.9710937566043962, "params": {"a": 4.0816588591033724, "dB": 9.168160362155195, "s": 0.6230892436984085}, "datetime": {"datetime": "2022-03-27 17:16:05", "elapsed": 12.249302, "delta": 0.256308}}
{"target": 0.7263985159568197, "params": {"a": 4.437213917864759, "dB": 8.964786675468167, "s": 0.3960894173739812}, "datetime": {"datetime": "2022-03-27 17:16:05", "elapsed": 12.453722, "delta": 0.20442}}
{"target": 0.9359647939617008, "params": {"a": 3.906677518316488, "dB": 8.812315289567493, "s": 0.4805271982345414}, "datetime": {"datetime": "2022-03-27 17:16:06", "elapsed": 12.700853, "delta": 0.247131}}
{"target": 0.9130650339923261, "params": {"a": 4.732572569798275, "dB": 8.36615651435717, "s": 0.8598856751230282}, "datetime": {"datetime": "2022-03-27 17:16:06", "elapsed": 12.97908, "delta": 0.278227}}
{"target": 0.7738541482875111, "params": {"a": 1.650471990498664, "dB": 8.952020342875159, "s": 0.10529157301106754}, "datetime": {"datetime": "2022-03-27 17:16:06", "elapsed": 13.142642, "delta": 0.163562}}
{"target": 0.8542785207397239, "params": {"a": 5.0, "dB": 9.816650218134615, "s": 0.9358119656841041}, "datetime": {"datetime": "2022-03-27 17:16:06", "elapsed": 13.500685, "delta": 0.358043}}
{"target": 0.89963403301618, "params": {"a": 4.310094244560136, "dB": 8.52058602494014, "s": 0.8029542568012886}, "datetime": {"datetime": "2022-03-27 17:16:07", "elapsed": 13.753869, "delta": 0.253184}}
{"target": 0.8654246519536521, "params": {"a": 2.933990198831819, "dB": 8.23388339697863, "s": 0.2992480364277329}, "datetime": {"datetime": "2022-03-27 17:16:07", "elapsed": 14.001948, "delta": 0.248079}}
{"target": 0.7706237463588149, "params": {"a": 1.8612044380379222, "dB": 7.700021037667945, "s": 0.46964607821103177}, "datetime": {"datetime": "2022-03-27 17:16:07", "elapsed": 14.160524, "delta": 0.158576}}
{"target": 0.9938885551314252, "params": {"a": 3.4648112975628758, "dB": 8.431134875902117, "s": 0.5584417243597769}, "datetime": {"datetime": "2022-03-27 17:16:07", "elapsed": 14.407072, "delta": 0.246548}}
{"target": 0.905524355603009, "params": {"a": 4.187771740860802, "dB": 9.493666806868248, "s": 0.5594168279075926}, "datetime": {"datetime": "2022-03-27 17:16:07", "elapsed": 14.596312, "delta": 0.18924}}
{"target": 0.9001738129384794, "params": {"a": 4.163178052689224, "dB": 9.477232162782778, "s": 0.7894581258460935}, "datetime": {"datetime": "2022-03-27 17:16:08", "elapsed": 14.868545, "delta": 0.272233}}
{"target": 0.7464985375111705, "params": {"a": 3.083969501768388, "dB": 7.885730492850058, "s": 0.9352343496245368}, "datetime": {"datetime": "2022-03-27 17:16:08", "elapsed": 15.137496, "delta": 0.268951}}
{"target": 0.9513154850371943, "params": {"a": 2.5827721443273917, "dB": 7.5, "s": 0.3865667852332985}, "datetime": {"datetime": "2022-03-27 17:16:08", "elapsed": 15.400391, "delta": 0.262895}}
{"target": 0.9550750615883634, "params": {"a": 3.8265924858855622, "dB": 9.146666669443025, "s": 0.49493518886791454}, "datetime": {"datetime": "2022-03-27 17:16:09", "elapsed": 15.644892, "delta": 0.244501}}
{"target": 0.9665451397883942, "params": {"a": 3.493075027593716, "dB": 8.608997463391823, "s": 0.47485106403011973}, "datetime": {"datetime": "2022-03-27 17:16:09", "elapsed": 15.898209, "delta": 0.253317}}
{"target": 0.94250179883078, "params": {"a": 4.048859852673203, "dB": 8.93403609501486, "s": 0.5844242672191494}, "datetime": {"datetime": "2022-03-27 17:16:09", "elapsed": 16.16288, "delta": 0.264671}}
{"target": 0.6608177839250199, "params": {"a": 4.14145993044342, "dB": 8.327317852327383, "s": 0.9751905057809989}, "datetime": {"datetime": "2022-03-27 17:16:09", "elapsed": 16.348769, "delta": 0.185889}}
{"target": 0.8651772908490755, "params": {"a": 2.2278153010911037, "dB": 7.504397134910849, "s": 0.16316734270916314}, "datetime": {"datetime": "2022-03-27 17:16:10", "elapsed": 16.605479, "delta": 0.25671}}
{"target": 0.6549077983670633, "params": {"a": 4.3380440215040235, "dB": 10.11536123060529, "s": 0.9895289973463081}, "datetime": {"datetime": "2022-03-27 17:16:10", "elapsed": 16.834101, "delta": 0.228622}}
{"target": 0.9374119852781542, "params": {"a": 3.3053337278625468, "dB": 8.198869466693123, "s": 0.41778218665723926}, "datetime": {"datetime": "2022-03-27 17:16:10", "elapsed": 17.115697, "delta": 0.281596}}
{"target": 0.8602831427692478, "params": {"a": 2.6525794482903424, "dB": 7.5, "s": 0.6494246367357869}, "datetime": {"datetime": "2022-03-27 17:16:10", "elapsed": 17.366027, "delta": 0.25033}}
{"target": 0.9200093591562649, "params": {"a": 4.993173219284275, "dB": 8.295608863099837, "s": 0.7706328806882498}, "datetime": {"datetime": "2022-03-27 17:16:11", "elapsed": 17.674344, "delta": 0.308317}}
{"target": 0.7299243270248948, "params": {"a": 4.989639592016092, "dB": 8.381511338628766, "s": 1.0874982615167317}, "datetime": {"datetime": "2022-03-27 17:16:11", "elapsed": 18.008289, "delta": 0.333945}}
{"target": 0.7686819780662668, "params": {"a": 4.7671102465210975, "dB": 8.551844084638216, "s": 0.624603378731093}, "datetime": {"datetime": "2022-03-27 17:16:11", "elapsed": 18.309226, "delta": 0.300937}}
{"target": 0.9352753900428984, "params": {"a": 3.346795213000743, "dB": 9.824517511741435, "s": 0.6835282598935257}, "datetime": {"datetime": "2022-03-27 17:16:11", "elapsed": 18.565813, "delta": 0.256587}}
{"target": 0.7536414595037136, "params": {"a": 5.0, "dB": 11.0, "s": 0.996190444756609}, "datetime": {"datetime": "2022-03-27 17:16:12", "elapsed": 18.905987, "delta": 0.340174}}
{"target": 0.8843498231845199, "params": {"a": 3.308564174285218, "dB": 8.369487977628012, "s": 0.7023957473850111}, "datetime": {"datetime": "2022-03-27 17:16:12", "elapsed": 19.179256, "delta": 0.273269}}
{"target": 0.6728421649127968, "params": {"a": 1.6477137064184215, "dB": 9.801741503521626, "s": 1.0911700446571593}, "datetime": {"datetime": "2022-03-27 17:16:12", "elapsed": 19.381303, "delta": 0.202047}}
{"target": 0.9878239191675239, "params": {"a": 3.261440521240609, "dB": 7.9597361398119855, "s": 0.5022952392948417}, "datetime": {"datetime": "2022-03-27 17:16:13", "elapsed": 19.675407, "delta": 0.294104}}
{"target": 0.6465679427765714, "params": {"a": 1.8802383907501583, "dB": 10.35394428555992, "s": 1.0746295936787624}, "datetime": {"datetime": "2022-03-27 17:16:13", "elapsed": 19.90467, "delta": 0.229263}}
{"target": 0.7673046918227133, "params": {"a": 4.551114506397891, "dB": 8.125083101835466, "s": 0.5187862018952728}, "datetime": {"datetime": "2022-03-27 17:16:13", "elapsed": 20.129548, "delta": 0.224878}}
{"target": 0.9797203956698902, "params": {"a": 3.496443448859763, "dB": 8.060636568947547, "s": 0.5983806702590886}, "datetime": {"datetime": "2022-03-27 17:16:13", "elapsed": 20.384636, "delta": 0.255088}}
{"target": 0.7008560285776441, "params": {"a": 1.504841286706525, "dB": 9.60805963226002, "s": 0.1162258312138287}, "datetime": {"datetime": "2022-03-27 17:16:14", "elapsed": 20.706766, "delta": 0.32213}}
{"target": 0.7772426481325355, "params": {"a": 2.34703187465176, "dB": 8.719078209872531, "s": 0.1}, "datetime": {"datetime": "2022-03-27 17:16:14", "elapsed": 20.964108, "delta": 0.257342}}
{"target": 0.8922735222416017, "params": {"a": 3.6650913433248364, "dB": 9.917668004122993, "s": 0.7614070063947699}, "datetime": {"datetime": "2022-03-27 17:16:14", "elapsed": 21.246389, "delta": 0.282281}}
{"target": 0.9311065248178888, "params": {"a": 3.5263387170500686, "dB": 7.846732745682864, "s": 0.6719278124565978}, "datetime": {"datetime": "2022-03-27 17:16:14", "elapsed": 21.525931, "delta": 0.279542}}
{"target": 0.9335314416120808, "params": {"a": 5.0, "dB": 8.880348077279601, "s": 0.7727463599801948}, "datetime": {"datetime": "2022-03-27 17:16:15", "elapsed": 21.852127, "delta": 0.326196}}
{"target": 0.7732571296362283, "params": {"a": 1.8018684901911812, "dB": 9.41522059394537, "s": 0.24503149986524722}, "datetime": {"datetime": "2022-03-27 17:16:15", "elapsed": 22.043588, "delta": 0.191461}}
{"target": 0.8417914863227813, "params": {"a": 4.9963969815697284, "dB": 7.941437835981946, "s": 0.6918348514351049}, "datetime": {"datetime": "2022-03-27 17:16:15", "elapsed": 22.343253, "delta": 0.299665}}
{"target": 0.9839149694860876, "params": {"a": 4.60646415394649, "dB": 10.297511526444985, "s": 0.7805758843660489}, "datetime": {"datetime": "2022-03-27 17:16:16", "elapsed": 22.685735, "delta": 0.342482}}
{"target": 0.8551547184714868, "params": {"a": 4.903220504669096, "dB": 10.501720667567037, "s": 0.6968415611409552}, "datetime": {"datetime": "2022-03-27 17:16:16", "elapsed": 23.054887, "delta": 0.369152}}
{"target": 0.9837082195396063, "params": {"a": 3.5429414236833803, "dB": 9.873812386045842, "s": 0.5671987514536281}, "datetime": {"datetime": "2022-03-27 17:16:16", "elapsed": 23.353017, "delta": 0.29813}}
{"target": 0.9840960650248292, "params": {"a": 3.901144791769923, "dB": 9.23270772620176, "s": 0.6189688375921365}, "datetime": {"datetime": "2022-03-27 17:16:17", "elapsed": 23.636218, "delta": 0.283201}}
{"target": 0.7808276946293483, "params": {"a": 1.5, "dB": 7.5, "s": 1.1}, "datetime": {"datetime": "2022-03-27 17:16:17", "elapsed": 23.89652, "delta": 0.260302}}
{"target": 0.7940726977864943, "params": {"a": 3.4737753153403608, "dB": 7.581978759821283, "s": 0.9055885302290777}, "datetime": {"datetime": "2022-03-27 17:16:17", "elapsed": 24.092804, "delta": 0.196284}}
{"target": 0.5323851894383251, "params": {"a": 4.200982355627901, "dB": 7.5, "s": 0.1}, "datetime": {"datetime": "2022-03-27 17:16:17", "elapsed": 24.416084, "delta": 0.32328}}
{"target": 0.8649430212906944, "params": {"a": 3.1041824736705026, "dB": 10.892485559081216, "s": 0.6690440656495994}, "datetime": {"datetime": "2022-03-27 17:16:18", "elapsed": 24.664266, "delta": 0.248182}}
{"target": 0.943139093544944, "params": {"a": 3.3706336447652223, "dB": 10.988378255076706, "s": 0.5855430800376147}, "datetime": {"datetime": "2022-03-27 17:16:18", "elapsed": 25.02123, "delta": 0.356964}}
{"target": 0.7588155823927984, "params": {"a": 1.9706366535610664, "dB": 10.785231573993945, "s": 0.10947123219350954}, "datetime": {"datetime": "2022-03-27 17:16:18", "elapsed": 25.261414, "delta": 0.240184}}
{"target": 0.9884843076153411, "params": {"a": 3.588357616519324, "dB": 8.278592552837406, "s": 0.5380792802731759}, "datetime": {"datetime": "2022-03-27 17:16:18", "elapsed": 25.571635, "delta": 0.310221}}
{"target": 0.7424837608131991, "params": {"a": 2.118708134023789, "dB": 8.232246781810662, "s": 0.6306004277440791}, "datetime": {"datetime": "2022-03-27 17:16:19", "elapsed": 25.768633, "delta": 0.196998}}
{"target": 0.9319824016743994, "params": {"a": 4.388945377611224, "dB": 7.91962160099217, "s": 0.6583088563370626}, "datetime": {"datetime": "2022-03-27 17:16:19", "elapsed": 26.009987, "delta": 0.241354}}
{"target": 0.958298432692565, "params": {"a": 4.115593852427189, "dB": 7.786537395591148, "s": 0.6760364063011386}, "datetime": {"datetime": "2022-03-27 17:16:19", "elapsed": 26.299886, "delta": 0.289899}}
{"target": 0.8357117985094126, "params": {"a": 4.271581497112488, "dB": 7.722047602101821, "s": 0.8746496430338297}, "datetime": {"datetime": "2022-03-27 17:16:19", "elapsed": 26.587118, "delta": 0.287232}}
{"target": 0.9690408003466727, "params": {"a": 3.8855735553054056, "dB": 7.963002396479389, "s": 0.603533156868237}, "datetime": {"datetime": "2022-03-27 17:16:20", "elapsed": 26.863379, "delta": 0.276261}}
{"target": 0.8929273276410271, "params": {"a": 4.408833911330023, "dB": 10.441155207688626, "s": 0.637488967560313}, "datetime": {"datetime": "2022-03-27 17:16:20", "elapsed": 27.123523, "delta": 0.260144}}
{"target": 0.9185773914868706, "params": {"a": 4.175686613025567, "dB": 7.990800958815067, "s": 0.5965581454992415}, "datetime": {"datetime": "2022-03-27 17:16:20", "elapsed": 27.461902, "delta": 0.338379}}
{"target": 0.8077226733436966, "params": {"a": 4.274177170625099, "dB": 7.993160944545959, "s": 0.8922616007393905}, "datetime": {"datetime": "2022-03-27 17:16:21", "elapsed": 27.693877, "delta": 0.231975}}
{"target": 0.9664478070786725, "params": {"a": 3.818421094021187, "dB": 7.581595429851098, "s": 0.577468022902206}, "datetime": {"datetime": "2022-03-27 17:16:21", "elapsed": 27.996072, "delta": 0.302195}}
{"target": 0.8385104815614404, "params": {"a": 2.8650375628197438, "dB": 7.6235161636443305, "s": 0.2548503263479548}, "datetime": {"datetime": "2022-03-27 17:16:21", "elapsed": 28.208499, "delta": 0.212427}}
{"target": 0.9211150206772026, "params": {"a": 3.852420457795755, "dB": 7.7538926692507335, "s": 0.687452060296734}, "datetime": {"datetime": "2022-03-27 17:16:21", "elapsed": 28.478771, "delta": 0.270272}}
{"target": 0.9679813228871361, "params": {"a": 3.515804011958679, "dB": 7.5, "s": 0.4929915456212398}, "datetime": {"datetime": "2022-03-27 17:16:22", "elapsed": 28.752046, "delta": 0.273275}}
{"target": 0.9472771617830361, "params": {"a": 4.019586206129883, "dB": 7.751710868171515, "s": 0.5128197790093486}, "datetime": {"datetime": "2022-03-27 17:16:22", "elapsed": 29.030185, "delta": 0.278139}}
{"target": 0.9202138889707315, "params": {"a": 4.126610738248576, "dB": 7.5236329126536425, "s": 0.6109656041643129}, "datetime": {"datetime": "2022-03-27 17:16:22", "elapsed": 29.317423, "delta": 0.287238}}
{"target": 0.7818198174574785, "params": {"a": 2.309476075522513, "dB": 9.318427201339246, "s": 0.10873654909339617}, "datetime": {"datetime": "2022-03-27 17:16:23", "elapsed": 29.606649, "delta": 0.289226}}
{"target": 0.9746471841673922, "params": {"a": 3.1968536213228056, "dB": 7.541931277590101, "s": 0.4657561862258168}, "datetime": {"datetime": "2022-03-27 17:16:23", "elapsed": 29.881882, "delta": 0.275233}}
{"target": 0.9759505743901407, "params": {"a": 3.40298006927675, "dB": 7.644909367460915, "s": 0.4915880041037969}, "datetime": {"datetime": "2022-03-27 17:16:23", "elapsed": 30.227984, "delta": 0.346102}}
{"target": 0.9639461303953293, "params": {"a": 3.221933596728091, "dB": 8.807521672137359, "s": 0.4459702956869108}, "datetime": {"datetime": "2022-03-27 17:16:23", "elapsed": 30.526601, "delta": 0.298617}}
{"target": 0.9294806360519603, "params": {"a": 5.0, "dB": 9.21240024808134, "s": 0.7593752632190843}, "datetime": {"datetime": "2022-03-27 17:16:24", "elapsed": 30.872172, "delta": 0.345571}}
{"target": 0.9875929165197086, "params": {"a": 3.1195397932144866, "dB": 7.837911859245293, "s": 0.5119706893750472}, "datetime": {"datetime": "2022-03-27 17:16:24", "elapsed": 31.120505, "delta": 0.248333}}
{"target": 0.8347015119352721, "params": {"a": 1.9173780490392947, "dB": 8.419969428644356, "s": 0.1001891301189414}, "datetime": {"datetime": "2022-03-27 17:16:24", "elapsed": 31.420671, "delta": 0.300166}}
{"target": 0.7890131373579221, "params": {"a": 3.4192839445679057, "dB": 7.510385105714227, "s": 0.28005383270143436}, "datetime": {"datetime": "2022-03-27 17:16:25", "elapsed": 31.760402, "delta": 0.339731}}
{"target": 0.9603553269155171, "params": {"a": 3.638755829016192, "dB": 7.528766260105641, "s": 0.6184995599112426}, "datetime": {"datetime": "2022-03-27 17:16:25", "elapsed": 32.057975, "delta": 0.297573}}
{"target": 0.9762912056805854, "params": {"a": 3.6764371170945136, "dB": 8.014099932936258, "s": 0.5206430323817843}, "datetime": {"datetime": "2022-03-27 17:16:25", "elapsed": 32.385224, "delta": 0.327249}}
{"target": 0.6703691425539741, "params": {"a": 5.0, "dB": 9.054408051615495, "s": 0.5441925954185022}, "datetime": {"datetime": "2022-03-27 17:16:26", "elapsed": 32.761272, "delta": 0.376048}}
{"target": 0.891729103836178, "params": {"a": 2.532336490683526, "dB": 7.52976983270815, "s": 0.2557551443383056}, "datetime": {"datetime": "2022-03-27 17:16:26", "elapsed": 32.986733, "delta": 0.225461}}
{"target": 0.7830374805699449, "params": {"a": 4.989567176900014, "dB": 8.963241186614079, "s": 1.01939958555079}, "datetime": {"datetime": "2022-03-27 17:16:26", "elapsed": 33.344604, "delta": 0.357871}}
{"target": 0.9767531740127665, "params": {"a": 2.9809925213507675, "dB": 7.981384770249623, "s": 0.4509717879899888}, "datetime": {"datetime": "2022-03-27 17:16:26", "elapsed": 33.577989, "delta": 0.233385}}
{"target": 0.93437009230444, "params": {"a": 4.988321019784822, "dB": 9.446787848903982, "s": 0.7607364440544329}, "datetime": {"datetime": "2022-03-27 17:16:27", "elapsed": 33.972997, "delta": 0.395008}}
{"target": 0.9763991109695387, "params": {"a": 3.3437576707898797, "dB": 7.5, "s": 0.5785823779339413}, "datetime": {"datetime": "2022-03-27 17:16:27", "elapsed": 34.257206, "delta": 0.284209}}
{"target": 0.9018622066722706, "params": {"a": 4.146367093121324, "dB": 8.602039751023522, "s": 0.5547377086021393}, "datetime": {"datetime": "2022-03-27 17:16:27", "elapsed": 34.559223, "delta": 0.302017}}
{"target": 0.9887925736744918, "params": {"a": 3.6101884351969935, "dB": 8.473864925781557, "s": 0.586796793203928}, "datetime": {"datetime": "2022-03-27 17:16:28", "elapsed": 34.861444, "delta": 0.302221}}
{"target": 0.987099597983445, "params": {"a": 3.1194973471719125, "dB": 9.02859128831643, "s": 0.49331355616071926}, "datetime": {"datetime": "2022-03-27 17:16:28", "elapsed": 35.19709, "delta": 0.335646}}
{"target": 0.9252053461026302, "params": {"a": 3.1015092838450458, "dB": 8.939188667097248, "s": 0.6275586170276845}, "datetime": {"datetime": "2022-03-27 17:16:28", "elapsed": 35.502453, "delta": 0.305363}}
{"target": 0.6662821779135747, "params": {"a": 5.0, "dB": 11.0, "s": 0.347375356188223}, "datetime": {"datetime": "2022-03-27 17:16:29", "elapsed": 35.92559, "delta": 0.423137}}
{"target": 0.9946374141517342, "params": {"a": 3.2752263520729956, "dB": 9.292349733197518, "s": 0.5309388151823045}, "datetime": {"datetime": "2022-03-27 17:16:29", "elapsed": 36.233007, "delta": 0.307417}}
{"target": 0.8846880935359719, "params": {"a": 2.1164608689240123, "dB": 8.18478449526956, "s": 0.23830540577786344}, "datetime": {"datetime": "2022-03-27 17:16:29", "elapsed": 36.470471, "delta": 0.237464}}
{"target": 0.682494193032389, "params": {"a": 4.664714583128423, "dB": 7.687966776263037, "s": 0.23388063966443431}, "datetime": {"datetime": "2022-03-27 17:16:30", "elapsed": 36.75611, "delta": 0.285639}}
