{"target": 0.42058599179067085, "params": {"a": 8.197763947407374, "dB": 15.271158328505813, "s": 0.39860168982619726}, "datetime": {"datetime": "2022-03-25 13:01:47", "elapsed": 2894.76915, "delta": 11.177293}}
{"target": 0.7076648236289029, "params": {"a": 8.004125364050408, "dB": 15.465413761074513, "s": 0.6312523809610725}, "datetime": {"datetime": "2022-03-25 13:01:56", "elapsed": 2903.295497, "delta": 8.526347}}
{"target": 0.43155742384614876, "params": {"a": 7.991605783529163, "dB": 15.497959438635615, "s": 0.3813883649132087}, "datetime": {"datetime": "2022-03-25 13:02:04", "elapsed": 2912.05122, "delta": 8.755723}}
{"target": 0.9203325827992227, "params": {"a": 8.195490509001306, "dB": 15.418129798868328, "s": 0.6103313486407292}, "datetime": {"datetime": "2022-03-25 13:02:16", "elapsed": 2923.90345, "delta": 11.85223}}
{"target": 0.9283983753823779, "params": {"a": 8.353689980172106, "dB": 15.524354336606276, "s": 0.5536651082580369}, "datetime": {"datetime": "2022-03-25 13:02:28", "elapsed": 2935.321265, "delta": 11.417815}}
{"target": 0.911083469646983, "params": {"a": 8.244766995844413, "dB": 15.550230351844338, "s": 0.547489915784686}, "datetime": {"datetime": "2022-03-25 13:02:39", "elapsed": 2946.585174, "delta": 11.263909}}
{"target": 0.9093776539195143, "params": {"a": 8.547051859452672, "dB": 15.611567100730479, "s": 0.634988790811258}, "datetime": {"datetime": "2022-03-25 13:02:53", "elapsed": 2961.047916, "delta": 14.462742}}
{"target": 0.988434755525856, "params": {"a": 8.520440094889569, "dB": 15.446990279769587, "s": 0.6048918351187511}, "datetime": {"datetime": "2022-03-25 13:03:07", "elapsed": 2974.817452, "delta": 13.769536}}
{"target": 0.7000773886500128, "params": {"a": 6.25982634534183, "dB": 14.713763579137153, "s": 1.0725718958123154}, "datetime": {"datetime": "2022-03-25 13:03:09", "elapsed": 2976.655023, "delta": 1.837571}}
{"target": 0.868278580923021, "params": {"a": 8.675406258838288, "dB": 15.4505276025052, "s": 0.6673973966993757}, "datetime": {"datetime": "2022-03-25 13:03:26", "elapsed": 2993.755672, "delta": 17.100649}}
{"target": 0.4626617453693301, "params": {"a": 8.623825697791855, "dB": 15.528556397857082, "s": 0.508157970976541}, "datetime": {"datetime": "2022-03-25 13:03:43", "elapsed": 3010.735538, "delta": 16.979866}}
{"target": 0.4929123505152116, "params": {"a": 8.482672026791926, "dB": 15.495944320916502, "s": 0.7310521819314633}, "datetime": {"datetime": "2022-03-25 13:03:57", "elapsed": 3024.823977, "delta": 14.088439}}
{"target": 0.5976790451385661, "params": {"a": 8.412430977311669, "dB": 15.327271979816558, "s": 0.5094425165340258}, "datetime": {"datetime": "2022-03-25 13:04:11", "elapsed": 3038.706146, "delta": 13.882169}}
{"target": 0.9360965881187546, "params": {"a": 8.544922093052808, "dB": 15.830511149101488, "s": 0.6275264934956337}, "datetime": {"datetime": "2022-03-25 13:04:26", "elapsed": 3053.399391, "delta": 14.693245}}
{"target": 0.9811677302815003, "params": {"a": 8.360887723239069, "dB": 15.845358297792801, "s": 0.584367613770913}, "datetime": {"datetime": "2022-03-25 13:04:37", "elapsed": 3064.904305, "delta": 11.504914}}
{"target": 0.7226836198853528, "params": {"a": 6.772202746303973, "dB": 15.44845064716906, "s": 0.444300509135375}, "datetime": {"datetime": "2022-03-25 13:04:45", "elapsed": 3073.048477, "delta": 8.144172}}
{"target": 0.9838420958673124, "params": {"a": 8.511839268947146, "dB": 15.982524663744732, "s": 0.5993892959294687}, "datetime": {"datetime": "2022-03-25 13:05:00", "elapsed": 3087.557971, "delta": 14.509494}}
{"target": 0.5922611704016374, "params": {"a": 8.451559652777949, "dB": 15.94304517782644, "s": 0.6977341947277901}, "datetime": {"datetime": "2022-03-25 13:05:14", "elapsed": 3101.406316, "delta": 13.848345}}
{"target": 0.38668442466521286, "params": {"a": 6.742167267402434, "dB": 15.439246768832032, "s": 1.3887681873939817}, "datetime": {"datetime": "2022-03-25 13:05:22", "elapsed": 3109.499801, "delta": 8.093485}}
{"target": 0.49105510022047466, "params": {"a": 8.55015530350024, "dB": 15.893523222858214, "s": 0.4873478471824949}, "datetime": {"datetime": "2022-03-25 13:05:36", "elapsed": 3123.392326, "delta": 13.892525}}
{"target": 0.8798727285596359, "params": {"a": 8.230691938049004, "dB": 15.744536581595247, "s": 0.6180643081958128}, "datetime": {"datetime": "2022-03-25 13:05:47", "elapsed": 3134.602749, "delta": 11.210423}}
{"target": 0.8883781785010987, "params": {"a": 8.664214275068854, "dB": 15.977557359260658, "s": 0.6617032563245976}, "datetime": {"datetime": "2022-03-25 13:06:04", "elapsed": 3151.859997, "delta": 17.257248}}
{"target": 0.532352938369376, "params": {"a": 5.6966986453004065, "dB": 15.007364379247022, "s": 1.2047143943330192}, "datetime": {"datetime": "2022-03-25 13:06:09", "elapsed": 3156.829942, "delta": 4.969945}}
{"target": 0.895761558811294, "params": {"a": 8.430044250249539, "dB": 15.758493168923616, "s": 0.5660510408976297}, "datetime": {"datetime": "2022-03-25 13:06:23", "elapsed": 3170.643534, "delta": 13.813592}}
{"target": 0.3806631659449006, "params": {"a": 5.998900086215249, "dB": 15.187441472885862, "s": 0.9251796763016628}, "datetime": {"datetime": "2022-03-25 13:06:31", "elapsed": 3179.105295, "delta": 8.461761}}
{"target": 0.5876834614717905, "params": {"a": 7.705346171574588, "dB": 14.553603655845546, "s": 1.1402146202839079}, "datetime": {"datetime": "2022-03-25 13:06:36", "elapsed": 3184.014436, "delta": 4.909141}}
{"target": 0.8086597492263587, "params": {"a": 4.9424709126049775, "dB": 13.504212286676411, "s": 0.3213401815482839}, "datetime": {"datetime": "2022-03-25 13:06:39", "elapsed": 3186.53113, "delta": 2.516694}}
{"target": 0.8657894405245518, "params": {"a": 7.150869458961295, "dB": 14.786346053369545, "s": 0.3904689151536137}, "datetime": {"datetime": "2022-03-25 13:06:43", "elapsed": 3191.056781, "delta": 4.525651}}
{"target": 0.5030125879406199, "params": {"a": 5.618241392928601, "dB": 16.0, "s": 1.2145591311084976}, "datetime": {"datetime": "2022-03-25 13:06:54", "elapsed": 3202.093355, "delta": 11.036574}}
{"target": 0.4901313873364145, "params": {"a": 7.7021978382968594, "dB": 15.843327377781241, "s": 0.4204222835460555}, "datetime": {"datetime": "2022-03-25 13:07:03", "elapsed": 3210.207642, "delta": 8.114287}}
{"target": 0.5689679348807101, "params": {"a": 5.44016055128211, "dB": 14.94578422175381, "s": 0.543311774724123}, "datetime": {"datetime": "2022-03-25 13:07:08", "elapsed": 3215.461444, "delta": 5.253802}}
{"target": 0.8655097474717522, "params": {"a": 6.7847805390086675, "dB": 14.78245661866218, "s": 0.28241753029708605}, "datetime": {"datetime": "2022-03-25 13:07:12", "elapsed": 3219.360975, "delta": 3.899531}}
{"target": 0.7734109303677346, "params": {"a": 5.565994040485547, "dB": 14.718141064228213, "s": 0.1643781841200779}, "datetime": {"datetime": "2022-03-25 13:07:14", "elapsed": 3221.88516, "delta": 2.524185}}
{"target": 0.4451856973691557, "params": {"a": 8.389604188681231, "dB": 15.039939082138861, "s": 1.1991477978940739}, "datetime": {"datetime": "2022-03-25 13:07:25", "elapsed": 3233.078301, "delta": 11.193141}}
{"target": 0.4683376001109543, "params": {"a": 6.403499369844087, "dB": 14.355786168580611, "s": 0.6738299879829197}, "datetime": {"datetime": "2022-03-25 13:07:28", "elapsed": 3235.181975, "delta": 2.103674}}
{"target": 0.7255266609723947, "params": {"a": 5.605754544111854, "dB": 15.096434184156093, "s": 0.3616872458757949}, "datetime": {"datetime": "2022-03-25 13:07:36", "elapsed": 3243.639253, "delta": 8.457278}}
{"target": 0.5208812939972312, "params": {"a": 4.50383945941373, "dB": 14.28064278925051, "s": 0.4440900615936574}, "datetime": {"datetime": "2022-03-25 13:07:39", "elapsed": 3246.908399, "delta": 3.269146}}
{"target": 0.6022184016983879, "params": {"a": 5.056998058632814, "dB": 13.5, "s": 1.081000086936933}, "datetime": {"datetime": "2022-03-25 13:07:42", "elapsed": 3249.236391, "delta": 2.327992}}
{"target": 0.6861584313941429, "params": {"a": 5.703615460171086, "dB": 14.194776944725685, "s": 1.0257952471475156}, "datetime": {"datetime": "2022-03-25 13:07:44", "elapsed": 3251.19956, "delta": 1.963169}}
{"target": 0.6345316060071668, "params": {"a": 7.223192105703505, "dB": 13.5, "s": 0.5584410592515386}, "datetime": {"datetime": "2022-03-25 13:07:47", "elapsed": 3254.956413, "delta": 3.756853}}
{"target": 0.9433148913321423, "params": {"a": 5.895033397758737, "dB": 13.625009358050368, "s": 0.30246751498529356}, "datetime": {"datetime": "2022-03-25 13:07:50", "elapsed": 3257.263174, "delta": 2.306761}}
{"target": 0.8341163183340686, "params": {"a": 7.481989160612175, "dB": 13.658712918214114, "s": 0.5324362578785262}, "datetime": {"datetime": "2022-03-25 13:07:55", "elapsed": 3262.5141, "delta": 5.250926}}
{"target": 0.3024463123486608, "params": {"a": 5.108750144676954, "dB": 14.469317872757939, "s": 1.1785390868670371}, "datetime": {"datetime": "2022-03-25 13:07:57", "elapsed": 3264.510011, "delta": 1.995911}}
{"target": 0.9201693560731113, "params": {"a": 7.247346456220895, "dB": 14.097655100245426, "s": 0.41286429991407303}, "datetime": {"datetime": "2022-03-25 13:08:00", "elapsed": 3267.715663, "delta": 3.205652}}
{"target": 0.9707569704053763, "params": {"a": 6.5465966330334755, "dB": 13.684682359173834, "s": 0.26204962462550885}, "datetime": {"datetime": "2022-03-25 13:08:03", "elapsed": 3270.296631, "delta": 2.580968}}
{"target": 0.4099486840396285, "params": {"a": 5.092905083160473, "dB": 14.131626272799025, "s": 1.7}, "datetime": {"datetime": "2022-03-25 13:08:05", "elapsed": 3272.779494, "delta": 2.482863}}
{"target": 0.6447717133189659, "params": {"a": 4.685676702431009, "dB": 15.485165990134252, "s": 0.3473270891022622}, "datetime": {"datetime": "2022-03-25 13:08:13", "elapsed": 3280.971054, "delta": 8.19156}}
{"target": 0.30208678381951853, "params": {"a": 8.207546752020216, "dB": 15.417871687521165, "s": 1.5002784866684045}, "datetime": {"datetime": "2022-03-25 13:08:24", "elapsed": 3291.417236, "delta": 10.446182}}
{"target": 0.8961665407605663, "params": {"a": 5.708427840379633, "dB": 14.144155024929713, "s": 0.3710431769535507}, "datetime": {"datetime": "2022-03-25 13:08:27", "elapsed": 3294.193596, "delta": 2.77636}}
{"target": 0.9807833088273129, "params": {"a": 8.246797518804708, "dB": 15.895674337670044, "s": 0.5806553040929326}, "datetime": {"datetime": "2022-03-25 13:08:38", "elapsed": 3305.891134, "delta": 11.697538}}
{"target": 0.8636494367269968, "params": {"a": 7.088482516495807, "dB": 13.587676709098783, "s": 0.3766813300427847}, "datetime": {"datetime": "2022-03-25 13:08:42", "elapsed": 3309.475186, "delta": 3.584052}}
{"target": 0.4305419380847437, "params": {"a": 8.215862551006259, "dB": 15.063037016278953, "s": 1.7}, "datetime": {"datetime": "2022-03-25 13:08:53", "elapsed": 3320.528209, "delta": 11.053023}}
{"target": 0.8672986934409315, "params": {"a": 8.357208276087789, "dB": 15.990674976942016, "s": 0.5412829497314222}, "datetime": {"datetime": "2022-03-25 13:09:05", "elapsed": 3332.208386, "delta": 11.680177}}
{"target": 0.829025819252892, "params": {"a": 5.212123307802131, "dB": 13.796280638309714, "s": 0.2449085315316184}, "datetime": {"datetime": "2022-03-25 13:09:07", "elapsed": 3334.587212, "delta": 2.378826}}
{"target": 0.9128574937900921, "params": {"a": 7.676509552364091, "dB": 13.89219859883559, "s": 0.5418315430410975}, "datetime": {"datetime": "2022-03-25 13:09:12", "elapsed": 3340.052843, "delta": 5.465631}}
{"target": 0.3988504002271296, "params": {"a": 6.561092879662059, "dB": 15.166797412086172, "s": 0.9304538161961189}, "datetime": {"datetime": "2022-03-25 13:09:21", "elapsed": 3348.329048, "delta": 8.276205}}
{"target": 0.6984388766856707, "params": {"a": 4.5, "dB": 14.767609578831665, "s": 0.1}, "datetime": {"datetime": "2022-03-25 13:09:23", "elapsed": 3350.804848, "delta": 2.4758}}
{"target": 0.6287378845877952, "params": {"a": 5.25307048966552, "dB": 14.496531547852209, "s": 0.9602694801824145}, "datetime": {"datetime": "2022-03-25 13:09:25", "elapsed": 3352.807504, "delta": 2.002656}}
{"target": 0.44549490283131116, "params": {"a": 4.5, "dB": 16.0, "s": 0.46598266372082864}, "datetime": {"datetime": "2022-03-25 13:09:36", "elapsed": 3364.034998, "delta": 11.227494}}
{"target": 0.5854067103323483, "params": {"a": 9.0, "dB": 13.866049248128784, "s": 1.290852974100848}, "datetime": {"datetime": "2022-03-25 13:09:56", "elapsed": 3383.986294, "delta": 19.951296}}
{"target": 0.8427345377969476, "params": {"a": 6.5513339445905885, "dB": 15.216112283102056, "s": 0.46856640892455526}, "datetime": {"datetime": "2022-03-25 13:10:06", "elapsed": 3393.162174, "delta": 9.17588}}
{"target": 0.6631553241221018, "params": {"a": 6.396619652295501, "dB": 14.932195875992086, "s": 0.29197092466375874}, "datetime": {"datetime": "2022-03-25 13:10:09", "elapsed": 3397.068867, "delta": 3.906693}}
{"target": 0.8851559863714993, "params": {"a": 5.544358249248315, "dB": 14.480482851893212, "s": 0.33444605140957273}, "datetime": {"datetime": "2022-03-25 13:10:13", "elapsed": 3400.374394, "delta": 3.305527}}
{"target": 0.9929692234701681, "params": {"a": 6.696114053323244, "dB": 13.5, "s": 0.3427212441660357}, "datetime": {"datetime": "2022-03-25 13:10:17", "elapsed": 3404.451538, "delta": 4.077144}}
{"target": 0.9773432077829434, "params": {"a": 6.290608473063656, "dB": 13.5, "s": 0.30571273763823564}, "datetime": {"datetime": "2022-03-25 13:10:19", "elapsed": 3406.839115, "delta": 2.387577}}
{"target": 0.9759824989143769, "params": {"a": 8.606551262691747, "dB": 15.331473432124666, "s": 0.615959679554614}, "datetime": {"datetime": "2022-03-25 13:10:34", "elapsed": 3421.893098, "delta": 15.053983}}
{"target": 0.40838085426882786, "params": {"a": 8.512010851112356, "dB": 14.836743435333384, "s": 0.7896011363729791}, "datetime": {"datetime": "2022-03-25 13:10:47", "elapsed": 3434.982819, "delta": 13.089721}}
{"target": 0.5696387123716249, "params": {"a": 7.379720792309577, "dB": 15.38322575004652, "s": 1.2511503409206037}, "datetime": {"datetime": "2022-03-25 13:10:57", "elapsed": 3444.360192, "delta": 9.377373}}
{"target": 0.7829220779878745, "params": {"a": 5.968228137484314, "dB": 15.740477607812894, "s": 0.4415555352316571}, "datetime": {"datetime": "2022-03-25 13:11:06", "elapsed": 3453.146694, "delta": 8.786502}}
{"target": 0.7607333526594828, "params": {"a": 4.822650560326417, "dB": 14.049118663457028, "s": 0.3322252371957536}, "datetime": {"datetime": "2022-03-25 13:11:08", "elapsed": 3455.930924, "delta": 2.78423}}
{"target": 0.9392304588451377, "params": {"a": 7.120835104319495, "dB": 14.196990018770112, "s": 0.47432695164471406}, "datetime": {"datetime": "2022-03-25 13:11:12", "elapsed": 3459.819151, "delta": 3.888227}}
{"target": 0.8593120281145333, "params": {"a": 5.777624951806045, "dB": 13.860615810279565, "s": 0.4078016396928512}, "datetime": {"datetime": "2022-03-25 13:11:15", "elapsed": 3462.895557, "delta": 3.076406}}
{"target": 0.3542014387438732, "params": {"a": 4.5, "dB": 15.50704984122452, "s": 1.7}, "datetime": {"datetime": "2022-03-25 13:11:24", "elapsed": 3471.674932, "delta": 8.779375}}
