{"target": 0.985381986229745, "params": {"a": 3.1663592250205315, "dB": 9.662252163188713, "s": 0.49988530783133056}, "datetime": {"datetime": "2022-03-27 17:17:17", "elapsed": 83.675894, "delta": 0.474441}}
{"target": 0.9554595096490707, "params": {"a": 3.0414636052802977, "dB": 9.710645303600327, "s": 0.5758353815102464}, "datetime": {"datetime": "2022-03-27 17:17:17", "elapsed": 84.242529, "delta": 0.566635}}
{"target": 0.99346269966427, "params": {"a": 3.2554219979988717, "dB": 8.5003294430424, "s": 0.5420659474988208}, "datetime": {"datetime": "2022-03-27 17:17:18", "elapsed": 84.878624, "delta": 0.636095}}
{"target": 0.57196209292052, "params": {"a": 1.7453303175339057, "dB": 10.911961034116642, "s": 0.5045868750063552}, "datetime": {"datetime": "2022-03-27 17:17:18", "elapsed": 85.328914, "delta": 0.45029}}
{"target": 0.7564447165729653, "params": {"a": 2.4098697424332745, "dB": 8.255529078214055, "s": 0.7147673237153006}, "datetime": {"datetime": "2022-03-27 17:17:19", "elapsed": 85.720871, "delta": 0.391957}}
{"target": 0.9841567912864919, "params": {"a": 3.0656953854641333, "dB": 7.655744422068509, "s": 0.4921708621233808}, "datetime": {"datetime": "2022-03-27 17:17:19", "elapsed": 86.205829, "delta": 0.484958}}
{"target": 0.9814643429676159, "params": {"a": 3.2873517333666915, "dB": 9.736530139674498, "s": 0.5482567431345872}, "datetime": {"datetime": "2022-03-27 17:17:20", "elapsed": 86.901438, "delta": 0.695609}}
{"target": 0.7749421392623024, "params": {"a": 1.6782171516165778, "dB": 8.557052849456241, "s": 0.2008449944291071}, "datetime": {"datetime": "2022-03-27 17:17:20", "elapsed": 87.29062, "delta": 0.389182}}
{"target": 0.9850858512361387, "params": {"a": 3.180557919966111, "dB": 9.502909189735584, "s": 0.49261582375092244}, "datetime": {"datetime": "2022-03-27 17:17:21", "elapsed": 87.844584, "delta": 0.553964}}
{"target": 0.9908732094878653, "params": {"a": 3.193913202684322, "dB": 8.328553168919484, "s": 0.5038484352431256}, "datetime": {"datetime": "2022-03-27 17:17:21", "elapsed": 88.58837, "delta": 0.743786}}
{"target": 0.9938537409987422, "params": {"a": 3.3698431216477056, "dB": 8.303265104641413, "s": 0.5387850421497741}, "datetime": {"datetime": "2022-03-27 17:17:22", "elapsed": 89.100838, "delta": 0.512468}}
{"target": 0.9896183133736461, "params": {"a": 3.1371064461560145, "dB": 8.131788497657555, "s": 0.5057630836635272}, "datetime": {"datetime": "2022-03-27 17:17:23", "elapsed": 89.7172, "delta": 0.616362}}
{"target": 0.9891520489319894, "params": {"a": 3.913093043128127, "dB": 10.635942705936495, "s": 0.7154585947476986}, "datetime": {"datetime": "2022-03-27 17:17:23", "elapsed": 90.246867, "delta": 0.529667}}
{"target": 0.9394832600108391, "params": {"a": 3.7594608493008845, "dB": 7.5, "s": 0.4734045040223109}, "datetime": {"datetime": "2022-03-27 17:17:24", "elapsed": 90.77506, "delta": 0.528193}}
{"target": 0.9660107082688792, "params": {"a": 4.562810214875327, "dB": 8.50221212414132, "s": 0.7965198421692491}, "datetime": {"datetime": "2022-03-27 17:17:24", "elapsed": 91.383208, "delta": 0.608148}}
{"target": 0.9968285225614316, "params": {"a": 3.3479071809754952, "dB": 9.069722398146812, "s": 0.5426839529934151}, "datetime": {"datetime": "2022-03-27 17:17:25", "elapsed": 91.902716, "delta": 0.519508}}
{"target": 0.9932519259847283, "params": {"a": 3.4579453867798255, "dB": 9.785646803243935, "s": 0.5877454871073062}, "datetime": {"datetime": "2022-03-27 17:17:25", "elapsed": 92.440899, "delta": 0.538183}}
{"target": 0.9964098569173874, "params": {"a": 3.746015394761699, "dB": 9.453458921802223, "s": 0.5728974249689611}, "datetime": {"datetime": "2022-03-27 17:17:26", "elapsed": 93.149793, "delta": 0.708894}}
{"target": 0.9893729662822967, "params": {"a": 3.108820675387767, "dB": 8.492154691808626, "s": 0.5202258819227982}, "datetime": {"datetime": "2022-03-27 17:17:27", "elapsed": 93.72193, "delta": 0.572137}}
{"target": 0.6655313393458241, "params": {"a": 2.2205732967996274, "dB": 9.677773866966366, "s": 0.903745580735866}, "datetime": {"datetime": "2022-03-27 17:17:27", "elapsed": 94.165795, "delta": 0.443865}}
{"target": 0.9931897794239034, "params": {"a": 3.2482219598158313, "dB": 8.936451245875581, "s": 0.5457653144898339}, "datetime": {"datetime": "2022-03-27 17:17:28", "elapsed": 94.965901, "delta": 0.800106}}
{"target": 0.983659204446343, "params": {"a": 3.1181165923448706, "dB": 7.987174464986871, "s": 0.5471151009624438}, "datetime": {"datetime": "2022-03-27 17:17:28", "elapsed": 95.472096, "delta": 0.506195}}
{"target": 0.9816164708787185, "params": {"a": 4.403081895235379, "dB": 9.714384546360566, "s": 0.7080174866117356}, "datetime": {"datetime": "2022-03-27 17:17:29", "elapsed": 96.093203, "delta": 0.621107}}
{"target": 0.9937202426862102, "params": {"a": 3.416687499791132, "dB": 9.400563757510845, "s": 0.5212368570521023}, "datetime": {"datetime": "2022-03-27 17:17:30", "elapsed": 96.652494, "delta": 0.559291}}
{"target": 0.9945949060659592, "params": {"a": 3.3125212917186246, "dB": 9.602221275793552, "s": 0.5348835538733114}, "datetime": {"datetime": "2022-03-27 17:17:30", "elapsed": 97.217209, "delta": 0.564715}}
{"target": 0.6287248453067842, "params": {"a": 1.9097569453313876, "dB": 10.21637195759394, "s": 0.868141533668202}, "datetime": {"datetime": "2022-03-27 17:17:31", "elapsed": 97.70475, "delta": 0.487541}}
{"target": 0.9506676952706082, "params": {"a": 4.028105224228483, "dB": 9.760973925351013, "s": 0.5834926478759599}, "datetime": {"datetime": "2022-03-27 17:17:31", "elapsed": 98.36831, "delta": 0.66356}}
{"target": 0.9072721702746165, "params": {"a": 4.329741720599679, "dB": 9.715625298921827, "s": 0.7847996358243711}, "datetime": {"datetime": "2022-03-27 17:17:32", "elapsed": 99.4433, "delta": 1.07499}}
{"target": 0.9521388844032459, "params": {"a": 4.34211508015202, "dB": 9.78489629755144, "s": 0.6234584973074717}, "datetime": {"datetime": "2022-03-27 17:17:33", "elapsed": 100.15751, "delta": 0.71421}}
{"target": 0.708161306548314, "params": {"a": 2.3100101988351494, "dB": 8.610038360549929, "s": 0.7847014366787622}, "datetime": {"datetime": "2022-03-27 17:17:33", "elapsed": 100.598964, "delta": 0.441454}}
{"target": 0.987715360329222, "params": {"a": 4.581030009760818, "dB": 9.643924901154683, "s": 0.7587925261670324}, "datetime": {"datetime": "2022-03-27 17:17:34", "elapsed": 101.447988, "delta": 0.849024}}
{"target": 0.960163846495568, "params": {"a": 4.7748125858134856, "dB": 9.69942227009746, "s": 0.7676448438393295}, "datetime": {"datetime": "2022-03-27 17:17:35", "elapsed": 102.106836, "delta": 0.658848}}
{"target": 0.9793558358590098, "params": {"a": 3.8967625600874833, "dB": 9.435737097314979, "s": 0.6322499811212317}, "datetime": {"datetime": "2022-03-27 17:17:36", "elapsed": 102.799125, "delta": 0.692289}}
{"target": 0.925281728899021, "params": {"a": 4.481675467596722, "dB": 9.626968507968158, "s": 0.6644053793398681}, "datetime": {"datetime": "2022-03-27 17:17:37", "elapsed": 103.624248, "delta": 0.825123}}
{"target": 0.9380408588744007, "params": {"a": 3.950104610318642, "dB": 9.657222655593184, "s": 0.6837414185908031}, "datetime": {"datetime": "2022-03-27 17:17:37", "elapsed": 104.418862, "delta": 0.794614}}
{"target": 0.6285194335266353, "params": {"a": 1.9666206522447327, "dB": 10.34359383488312, "s": 0.904222595204233}, "datetime": {"datetime": "2022-03-27 17:17:38", "elapsed": 104.920645, "delta": 0.501783}}
{"target": 0.9553725428940696, "params": {"a": 4.287074263494418, "dB": 8.700094242884521, "s": 0.7338784854096845}, "datetime": {"datetime": "2022-03-27 17:17:39", "elapsed": 105.626292, "delta": 0.705647}}
{"target": 0.8106493058084591, "params": {"a": 2.2136478989156236, "dB": 10.664008098084484, "s": 0.2473621692447521}, "datetime": {"datetime": "2022-03-27 17:17:39", "elapsed": 106.131871, "delta": 0.505579}}
{"target": 0.950710089338414, "params": {"a": 4.149259859223007, "dB": 9.246925684661003, "s": 0.7418096168289817}, "datetime": {"datetime": "2022-03-27 17:17:40", "elapsed": 106.853535, "delta": 0.721664}}
{"target": 0.9095582026045401, "params": {"a": 2.6697198086850458, "dB": 9.590848711981053, "s": 0.33880956539403273}, "datetime": {"datetime": "2022-03-27 17:17:41", "elapsed": 107.663513, "delta": 0.809978}}
{"target": 0.9196958546192449, "params": {"a": 2.8937952528140176, "dB": 9.46454769216544, "s": 0.36994089610885483}, "datetime": {"datetime": "2022-03-27 17:17:41", "elapsed": 108.342051, "delta": 0.678538}}
{"target": 0.8989963377214293, "params": {"a": 2.5129573386686186, "dB": 9.337921747213983, "s": 0.46576758887324354}, "datetime": {"datetime": "2022-03-27 17:17:42", "elapsed": 108.848785, "delta": 0.506734}}
{"target": 0.9788173114031866, "params": {"a": 3.528775878143862, "dB": 7.676905331896556, "s": 0.5772569896539709}, "datetime": {"datetime": "2022-03-27 17:17:43", "elapsed": 109.647077, "delta": 0.798292}}
{"target": 0.963142558432544, "params": {"a": 2.7310612072816123, "dB": 7.970544437736192, "s": 0.42021972036627064}, "datetime": {"datetime": "2022-03-27 17:17:43", "elapsed": 110.500809, "delta": 0.853732}}
{"target": 0.9689769948926321, "params": {"a": 3.8281933446633944, "dB": 10.449596101915573, "s": 0.6353892431112329}, "datetime": {"datetime": "2022-03-27 17:17:44", "elapsed": 111.390699, "delta": 0.88989}}
{"target": 0.9901065330449099, "params": {"a": 3.5302750563036813, "dB": 9.165159311605574, "s": 0.5957946985738946}, "datetime": {"datetime": "2022-03-27 17:17:45", "elapsed": 112.000609, "delta": 0.60991}}
{"target": 0.9933801954095594, "params": {"a": 3.7533053772695286, "dB": 10.12051301224216, "s": 0.6776696497970117}, "datetime": {"datetime": "2022-03-27 17:17:46", "elapsed": 112.994067, "delta": 0.993458}}
{"target": 0.995424637851004, "params": {"a": 3.8873880202376907, "dB": 9.907403258843557, "s": 0.6314957596297691}, "datetime": {"datetime": "2022-03-27 17:17:47", "elapsed": 113.767227, "delta": 0.77316}}
{"target": 0.9810103977429389, "params": {"a": 3.8508353540267994, "dB": 10.203730608488542, "s": 0.649682626135324}, "datetime": {"datetime": "2022-03-27 17:17:47", "elapsed": 114.478542, "delta": 0.711315}}
{"target": 0.9830490873723499, "params": {"a": 3.6243147852292923, "dB": 8.14567150999215, "s": 0.5901946528734179}, "datetime": {"datetime": "2022-03-27 17:17:48", "elapsed": 115.365913, "delta": 0.887371}}
{"target": 0.995784752141275, "params": {"a": 3.3071250813068147, "dB": 8.780589511598418, "s": 0.5306841387788626}, "datetime": {"datetime": "2022-03-27 17:17:49", "elapsed": 116.235171, "delta": 0.869258}}
{"target": 0.9857986614739043, "params": {"a": 3.7675466397770156, "dB": 8.397442962910509, "s": 0.5789782335586264}, "datetime": {"datetime": "2022-03-27 17:17:50", "elapsed": 117.067055, "delta": 0.831884}}
{"target": 0.9869070168529663, "params": {"a": 3.8254767628931683, "dB": 8.610369178463271, "s": 0.5649535482441703}, "datetime": {"datetime": "2022-03-27 17:17:51", "elapsed": 117.947655, "delta": 0.8806}}
{"target": 0.5507884561988696, "params": {"a": 4.962826560460866, "dB": 10.769397669111731, "s": 0.155212282559872}, "datetime": {"datetime": "2022-03-27 17:17:51", "elapsed": 118.524922, "delta": 0.577267}}
{"target": 0.9878012717563656, "params": {"a": 3.6977566785501654, "dB": 8.56729969170303, "s": 0.5414501778898902}, "datetime": {"datetime": "2022-03-27 17:17:52", "elapsed": 119.211938, "delta": 0.687016}}
{"target": 0.9920926230793098, "params": {"a": 3.609924161987047, "dB": 9.034936036851782, "s": 0.5335429573447538}, "datetime": {"datetime": "2022-03-27 17:17:53", "elapsed": 120.318162, "delta": 1.106224}}
{"target": 0.9906888530759841, "params": {"a": 3.3388675786554733, "dB": 8.132911703996484, "s": 0.5566889336088903}, "datetime": {"datetime": "2022-03-27 17:17:54", "elapsed": 121.142116, "delta": 0.823954}}
{"target": 0.9849113566631317, "params": {"a": 3.8549653825288948, "dB": 8.758024392054235, "s": 0.602267356962751}, "datetime": {"datetime": "2022-03-27 17:17:55", "elapsed": 122.014737, "delta": 0.872621}}
{"target": 0.9961290976582313, "params": {"a": 3.5074869085926217, "dB": 8.869590400230484, "s": 0.5413615644496413}, "datetime": {"datetime": "2022-03-27 17:17:56", "elapsed": 122.981892, "delta": 0.967155}}
{"target": 0.9883057879947824, "params": {"a": 3.476885335294273, "dB": 8.243335175962338, "s": 0.578983123024928}, "datetime": {"datetime": "2022-03-27 17:17:57", "elapsed": 123.707404, "delta": 0.725512}}
{"target": 0.9853611585092766, "params": {"a": 3.607387949793866, "dB": 9.991960418939055, "s": 0.6397461731872564}, "datetime": {"datetime": "2022-03-27 17:17:58", "elapsed": 124.738467, "delta": 1.031063}}
{"target": 0.9946304322607807, "params": {"a": 3.339027250051189, "dB": 8.68734409345528, "s": 0.5213170784699901}, "datetime": {"datetime": "2022-03-27 17:17:59", "elapsed": 125.980411, "delta": 1.241944}}
{"target": 0.9922274821079102, "params": {"a": 3.760042855476044, "dB": 9.01218089414969, "s": 0.5571426327533124}, "datetime": {"datetime": "2022-03-27 17:18:00", "elapsed": 126.672389, "delta": 0.691978}}
{"target": 0.9651202393929471, "params": {"a": 3.826346210845495, "dB": 7.849431504077119, "s": 0.5210806124000661}, "datetime": {"datetime": "2022-03-27 17:18:00", "elapsed": 127.576741, "delta": 0.904352}}
{"target": 0.9928740951386877, "params": {"a": 3.3671364727438617, "dB": 8.488433076102083, "s": 0.5181583232092817}, "datetime": {"datetime": "2022-03-27 17:18:01", "elapsed": 128.346816, "delta": 0.770075}}
{"target": 0.9920520812925434, "params": {"a": 3.414823887308894, "dB": 9.403841478191904, "s": 0.5160431156396296}, "datetime": {"datetime": "2022-03-27 17:18:02", "elapsed": 128.900543, "delta": 0.553727}}
{"target": 0.77007707255744, "params": {"a": 3.4924465814371346, "dB": 9.10041938145481, "s": 0.818061197660157}, "datetime": {"datetime": "2022-03-27 17:18:02", "elapsed": 129.477056, "delta": 0.576513}}
{"target": 0.978410170561808, "params": {"a": 2.903159738349562, "dB": 7.766357240360574, "s": 0.4785113504924928}, "datetime": {"datetime": "2022-03-27 17:18:03", "elapsed": 130.338662, "delta": 0.861606}}
{"target": 0.9881703459850133, "params": {"a": 3.7589140373402428, "dB": 9.566589519513398, "s": 0.6134242150978446}, "datetime": {"datetime": "2022-03-27 17:18:04", "elapsed": 131.378739, "delta": 1.040077}}
{"target": 0.9547782468590832, "params": {"a": 2.75047553441467, "dB": 9.135790781791851, "s": 0.46184999624720474}, "datetime": {"datetime": "2022-03-27 17:18:05", "elapsed": 132.125636, "delta": 0.746897}}
{"target": 0.9892105007750195, "params": {"a": 4.6065242515983424, "dB": 10.207704250467474, "s": 0.7646801442788627}, "datetime": {"datetime": "2022-03-27 17:18:06", "elapsed": 132.912475, "delta": 0.786839}}
{"target": 0.5523168594910252, "params": {"a": 3.3615455981282523, "dB": 8.673831954685177, "s": 0.10488433739983186}, "datetime": {"datetime": "2022-03-27 17:18:06", "elapsed": 133.435968, "delta": 0.523493}}
{"target": 0.9965949833484091, "params": {"a": 3.6493841556251994, "dB": 9.212279817316608, "s": 0.5576229023435603}, "datetime": {"datetime": "2022-03-27 17:18:07", "elapsed": 134.16463, "delta": 0.728662}}
{"target": 0.9838428138899182, "params": {"a": 3.3305245764001774, "dB": 7.895792522004086, "s": 0.5736051852066177}, "datetime": {"datetime": "2022-03-27 17:18:08", "elapsed": 135.343248, "delta": 1.178618}}
{"target": 0.998413485961611, "params": {"a": 3.5742092456568146, "dB": 9.45919251753426, "s": 0.5603111027265789}, "datetime": {"datetime": "2022-03-27 17:18:09", "elapsed": 136.234808, "delta": 0.89156}}
{"target": 0.97446360503482, "params": {"a": 3.020802380547892, "dB": 9.570130895150495, "s": 0.5227097304049341}, "datetime": {"datetime": "2022-03-27 17:18:10", "elapsed": 136.977932, "delta": 0.743124}}
{"target": 0.9976859997113027, "params": {"a": 3.522838481566213, "dB": 9.323437138606861, "s": 0.5460719345304809}, "datetime": {"datetime": "2022-03-27 17:18:11", "elapsed": 137.692186, "delta": 0.714254}}
{"target": 0.9934465016815085, "params": {"a": 3.2204922882321023, "dB": 8.65422552703832, "s": 0.5338144942134134}, "datetime": {"datetime": "2022-03-27 17:18:11", "elapsed": 138.503181, "delta": 0.810995}}
{"target": 0.9885654553871269, "params": {"a": 4.184881584341922, "dB": 9.84452784413049, "s": 0.6669225991872876}, "datetime": {"datetime": "2022-03-27 17:18:12", "elapsed": 139.551913, "delta": 1.048732}}
{"target": 0.9869868896879425, "params": {"a": 3.069128128145852, "dB": 8.266925352984845, "s": 0.49058445985391874}, "datetime": {"datetime": "2022-03-27 17:18:13", "elapsed": 140.39065, "delta": 0.838737}}
{"target": 0.994048673735018, "params": {"a": 3.8525439415224207, "dB": 10.026886929063046, "s": 0.6736145806757784}, "datetime": {"datetime": "2022-03-27 17:18:14", "elapsed": 141.156534, "delta": 0.765884}}
{"target": 0.8029455934729202, "params": {"a": 3.8549057445279264, "dB": 8.38119020320222, "s": 0.3521506658801743}, "datetime": {"datetime": "2022-03-27 17:18:15", "elapsed": 141.695178, "delta": 0.538644}}
{"target": 0.9812075530352167, "params": {"a": 3.9808926286004955, "dB": 8.700005560832642, "s": 0.600609328783644}, "datetime": {"datetime": "2022-03-27 17:18:15", "elapsed": 142.453748, "delta": 0.75857}}
{"target": 0.9896050985826038, "params": {"a": 3.7995175057114055, "dB": 9.129451296062816, "s": 0.6026089914810989}, "datetime": {"datetime": "2022-03-27 17:18:16", "elapsed": 143.520858, "delta": 1.06711}}
{"target": 0.6366941177429337, "params": {"a": 2.753204313442596, "dB": 10.383141797695643, "s": 0.9041142196700499}, "datetime": {"datetime": "2022-03-27 17:18:17", "elapsed": 144.15165, "delta": 0.630792}}
{"target": 0.8493611130361416, "params": {"a": 1.9107912026946956, "dB": 7.5, "s": 0.1}, "datetime": {"datetime": "2022-03-27 17:18:18", "elapsed": 145.00258, "delta": 0.85093}}
{"target": 0.9958829009168849, "params": {"a": 3.418533057685077, "dB": 8.811143282475872, "s": 0.5316166337556401}, "datetime": {"datetime": "2022-03-27 17:18:19", "elapsed": 145.964968, "delta": 0.962388}}
{"target": 0.9933130363662619, "params": {"a": 3.229461670558157, "dB": 9.179270177384165, "s": 0.5230910513589737}, "datetime": {"datetime": "2022-03-27 17:18:20", "elapsed": 146.803496, "delta": 0.838528}}
{"target": 0.9943284135474143, "params": {"a": 3.828671939381285, "dB": 9.482891639708143, "s": 0.5886920602532744}, "datetime": {"datetime": "2022-03-27 17:18:21", "elapsed": 147.817055, "delta": 1.013559}}
{"target": 0.9859433154560807, "params": {"a": 3.6530461070119693, "dB": 8.316730857848775, "s": 0.5875529581165831}, "datetime": {"datetime": "2022-03-27 17:18:22", "elapsed": 149.106821, "delta": 1.289766}}
{"target": 0.9977957823693101, "params": {"a": 3.4405477090723546, "dB": 9.117839346951321, "s": 0.5446529794294919}, "datetime": {"datetime": "2022-03-27 17:18:23", "elapsed": 150.079189, "delta": 0.972368}}
{"target": 0.9615659451020048, "params": {"a": 4.640963644315203, "dB": 9.616379686294847, "s": 0.814966454623695}, "datetime": {"datetime": "2022-03-27 17:18:24", "elapsed": 151.491028, "delta": 1.411839}}
{"target": 0.9949758444097906, "params": {"a": 3.2863747634758083, "dB": 9.29310642866494, "s": 0.5313666695570682}, "datetime": {"datetime": "2022-03-27 17:18:25", "elapsed": 152.067425, "delta": 0.576397}}
{"target": 0.9553299042260655, "params": {"a": 4.738403551445929, "dB": 10.219627124016915, "s": 0.704847923951517}, "datetime": {"datetime": "2022-03-27 17:18:26", "elapsed": 152.706369, "delta": 0.638944}}
{"target": 0.806563196062294, "params": {"a": 2.201007479319879, "dB": 10.017054166381998, "s": 0.38840050566603634}, "datetime": {"datetime": "2022-03-27 17:18:26", "elapsed": 153.360656, "delta": 0.654287}}
{"target": 0.6422455008515807, "params": {"a": 3.0028623808328505, "dB": 10.229761066211944, "s": 1.0042720529890798}, "datetime": {"datetime": "2022-03-27 17:18:27", "elapsed": 153.999243, "delta": 0.638587}}
{"target": 0.9905626085388011, "params": {"a": 3.3812401697849364, "dB": 8.019671379230827, "s": 0.5324217605625313}, "datetime": {"datetime": "2022-03-27 17:18:28", "elapsed": 155.187076, "delta": 1.187833}}
{"target": 0.9890299300887356, "params": {"a": 4.558816982508325, "dB": 9.744019782195387, "s": 0.7515025852171168}, "datetime": {"datetime": "2022-03-27 17:18:29", "elapsed": 156.280204, "delta": 1.093128}}
{"target": 0.9330509147546349, "params": {"a": 3.927485257709021, "dB": 7.5, "s": 0.6591631538985078}, "datetime": {"datetime": "2022-03-27 17:18:30", "elapsed": 157.210137, "delta": 0.929933}}
{"target": 0.6600437700628138, "params": {"a": 1.7040653477189256, "dB": 9.11208607594535, "s": 0.5242047493848346}, "datetime": {"datetime": "2022-03-27 17:18:31", "elapsed": 157.828039, "delta": 0.617902}}
{"target": 0.7936394353274936, "params": {"a": 2.0744095542054977, "dB": 9.75137244166303, "s": 0.1}, "datetime": {"datetime": "2022-03-27 17:18:32", "elapsed": 158.616012, "delta": 0.787973}}
{"target": 0.9738715127853415, "params": {"a": 3.0615722376765904, "dB": 7.5, "s": 0.45224103484520173}, "datetime": {"datetime": "2022-03-27 17:18:32", "elapsed": 159.426661, "delta": 0.810649}}
{"target": 0.6851774187362973, "params": {"a": 4.897400140729462, "dB": 10.442738363185308, "s": 0.40353149754031126}, "datetime": {"datetime": "2022-03-27 17:18:33", "elapsed": 160.122916, "delta": 0.696255}}
{"target": 0.9936266107573701, "params": {"a": 3.535802699848812, "dB": 8.625272128628296, "s": 0.5727752397116547}, "datetime": {"datetime": "2022-03-27 17:18:34", "elapsed": 161.302413, "delta": 1.179497}}
{"target": 0.9914344401504082, "params": {"a": 3.7470567322317407, "dB": 8.830269103020116, "s": 0.558286098571951}, "datetime": {"datetime": "2022-03-27 17:18:35", "elapsed": 162.2302, "delta": 0.927787}}
