{"target": 0.3490268745076399, "params": {"a": 5.58511002351287, "dB": 12.660973480326474, "s": 0.10012581229907938}, "datetime": {"datetime": "2022-03-29 14:49:40", "elapsed": 0.0, "delta": 0.0}}
{"target": 0.7157712596605037, "params": {"a": 5.011662863159199, "dB": 10.94026767245134, "s": 0.20157245424567757}, "datetime": {"datetime": "2022-03-29 14:49:40", "elapsed": 0.170543, "delta": 0.170543}}
{"target": 0.7715615937723517, "params": {"a": 4.431301056888355, "dB": 11.536682181129143, "s": 0.5364442216537368}, "datetime": {"datetime": "2022-03-29 14:49:40", "elapsed": 0.302192, "delta": 0.131649}}
{"target": 0.5413477766109621, "params": {"a": 6.194083670016784, "dB": 11.757583543209885, "s": 0.8537414504364353}, "datetime": {"datetime": "2022-03-29 14:49:40", "elapsed": 0.657245, "delta": 0.355053}}
{"target": 0.32124787997923093, "params": {"a": 4.522261248657587, "dB": 13.134352309172836, "s": 0.13012635251771879}, "datetime": {"datetime": "2022-03-29 14:49:41", "elapsed": 1.448773, "delta": 0.791528}}
{"target": 0.9208712806530627, "params": {"a": 6.8523375508920115, "dB": 11.751914407101381, "s": 0.7145588112903267}, "datetime": {"datetime": "2022-03-29 14:49:42", "elapsed": 2.444732, "delta": 0.995959}}
{"target": 0.6023773956520219, "params": {"a": 4.2019346929761685, "dB": 11.094304467254636, "s": 0.9808190255430902}, "datetime": {"datetime": "2022-03-29 14:49:42", "elapsed": 2.535492, "delta": 0.09076}}
{"target": 0.7908551697723128, "params": {"a": 8.341307878596988, "dB": 11.440272534477728, "s": 0.8615548772362454}, "datetime": {"datetime": "2022-03-29 14:49:48", "elapsed": 7.926318, "delta": 5.390826}}
{"target": 0.3015535864641331, "params": {"a": 7.881945761480192, "dB": 13.183819990511541, "s": 0.1935486325067557}, "datetime": {"datetime": "2022-03-29 14:49:51", "elapsed": 11.154937, "delta": 3.228619}}
{"target": 0.5994796274302464, "params": {"a": 3.6952739161644117, "dB": 11.009491258693707, "s": 1.0659567537723544}, "datetime": {"datetime": "2022-03-29 14:49:51", "elapsed": 11.230735, "delta": 0.075798}}
{"target": 0.5687821681660898, "params": {"a": 3.9917341691652504, "dB": 11.763322875015156, "s": 1.153678483165552}, "datetime": {"datetime": "2022-03-29 14:49:51", "elapsed": 11.342963, "delta": 0.112228}}
{"target": 0.5226471492741935, "params": {"a": 6.165826424865085, "dB": 12.57563134185142, "s": 0.4470671941066692}, "datetime": {"datetime": "2022-03-29 14:49:52", "elapsed": 11.725923, "delta": 0.38296}}
{"target": 0.0633312682143474, "params": {"a": 6.932504638407918, "dB": 13.003877015692119, "s": 0.12011710507861098}, "datetime": {"datetime": "2022-03-29 14:49:52", "elapsed": 12.663434, "delta": 0.937511}}
{"target": 0.5784937479771959, "params": {"a": 7.250721574724837, "dB": 13.466583266719484, "s": 0.9229822198178232}, "datetime": {"datetime": "2022-03-29 14:49:54", "elapsed": 14.242369, "delta": 1.578935}}
{"target": 0.3730818919942773, "params": {"a": 4.902219960322026, "dB": 12.867837985354466, "s": 0.21354860723540622}, "datetime": {"datetime": "2022-03-29 14:49:54", "elapsed": 14.608093, "delta": 0.365724}}
{"target": 0.42019831526191387, "params": {"a": 5.739467630879526, "dB": 13.225786509279287, "s": 0.42297556321104746}, "datetime": {"datetime": "2022-03-29 14:49:55", "elapsed": 15.45867, "delta": 0.850577}}
{"target": 0.8058558844106101, "params": {"a": 4.938876692931744, "dB": 10.890085716354832, "s": 0.12130365365732679}, "datetime": {"datetime": "2022-03-29 14:49:55", "elapsed": 15.575531, "delta": 0.116861}}
{"target": 0.4847841329661748, "params": {"a": 6.894177664699455, "dB": 11.134884348000178, "s": 0.39210132530944886}, "datetime": {"datetime": "2022-03-29 14:49:56", "elapsed": 16.386043, "delta": 0.810512}}
{"target": 0.8504399636074672, "params": {"a": 5.957865796401691, "dB": 10.66008763535124, "s": 0.7315293660412143}, "datetime": {"datetime": "2022-03-29 14:49:57", "elapsed": 16.732156, "delta": 0.346113}}
{"target": 0.5714605220712412, "params": {"a": 4.233642874529051, "dB": 12.267916610709852, "s": 0.8697341960230242}, "datetime": {"datetime": "2022-03-29 14:49:57", "elapsed": 16.840861, "delta": 0.108705}}
{"target": 0.5842788516448817, "params": {"a": 4.011672144139129, "dB": 11.742167963458705, "s": 0.8638401735005194}, "datetime": {"datetime": "2022-03-29 14:49:57", "elapsed": 16.951565, "delta": 0.110704}}
{"target": 0.7248005520091073, "params": {"a": 5.5708963476345135, "dB": 10.649860376838262, "s": 0.6894860465070627}, "datetime": {"datetime": "2022-03-29 14:49:57", "elapsed": 17.135078, "delta": 0.183513}}
{"target": 0.4911925944863051, "params": {"a": 6.818973226098944, "dB": 12.044667336174925, "s": 1.1390542315898946}, "datetime": {"datetime": "2022-03-29 14:49:58", "elapsed": 17.96189, "delta": 0.826812}}
{"target": 0.3759050085718458, "params": {"a": 6.432775202509965, "dB": 13.21020574586365, "s": 0.25122217456086127}, "datetime": {"datetime": "2022-03-29 14:49:59", "elapsed": 18.835571, "delta": 0.873681}}
{"target": 0.8650322469413952, "params": {"a": 4.196381736253793, "dB": 12.92217386612857, "s": 0.5374445206840869}, "datetime": {"datetime": "2022-03-29 14:49:59", "elapsed": 19.183488, "delta": 0.347917}}
{"target": 0.8066587940208537, "params": {"a": 4.326770985584664, "dB": 13.282525741188103, "s": 0.4825424457200572}, "datetime": {"datetime": "2022-03-29 14:50:00", "elapsed": 19.853879, "delta": 0.670391}}
{"target": 0.49501055706243036, "params": {"a": 7.254060515680777, "dB": 12.677993956051354, "s": 1.0716367003263907}, "datetime": {"datetime": "2022-03-29 14:50:01", "elapsed": 21.313319, "delta": 1.45944}}
{"target": 0.4171998364465595, "params": {"a": 6.618361035278045, "dB": 12.75282730208201, "s": 0.48378817617562675}, "datetime": {"datetime": "2022-03-29 14:50:02", "elapsed": 21.993735, "delta": 0.680416}}
{"target": 0.8790442745837438, "params": {"a": 4.849639458825131, "dB": 13.187658654588201, "s": 0.5709003088584244}, "datetime": {"datetime": "2022-03-29 14:50:02", "elapsed": 22.651137, "delta": 0.657402}}
{"target": 0.5196600682660352, "params": {"a": 8.324200235741927, "dB": 12.490324493455343, "s": 0.7838652922300339}, "datetime": {"datetime": "2022-03-29 14:50:08", "elapsed": 27.773022, "delta": 5.121885}}
{"target": 0.7399475745274532, "params": {"a": 4.073729864766876, "dB": 13.348467776121215, "s": 0.5949033468279346}, "datetime": {"datetime": "2022-03-29 14:50:08", "elapsed": 28.425364, "delta": 0.652342}}
{"target": 0.4572633261434633, "params": {"a": 6.3919480719356585, "dB": 11.724410408283843, "s": 0.3607296782673305}, "datetime": {"datetime": "2022-03-29 14:50:09", "elapsed": 28.911065, "delta": 0.485701}}
{"target": 0.009842772283301385, "params": {"a": 8.01689760281127, "dB": 12.221038460016857, "s": 0.10315735973427487}, "datetime": {"datetime": "2022-03-29 14:50:13", "elapsed": 32.925114, "delta": 4.014049}}
{"target": 0.9612758692331813, "params": {"a": 6.585724568103619, "dB": 11.479934705316289, "s": 0.6797639124833701}, "datetime": {"datetime": "2022-03-29 14:50:13", "elapsed": 33.564897, "delta": 0.639783}}
{"target": 0.5135370217755503, "params": {"a": 7.929710496553873, "dB": 11.5718092800075, "s": 1.099388666011779}, "datetime": {"datetime": "2022-03-29 14:50:16", "elapsed": 36.609893, "delta": 3.044996}}
{"target": 0.5361333366015973, "params": {"a": 6.616800578959014, "dB": 10.547463728539668, "s": 1.1223809571181373}, "datetime": {"datetime": "2022-03-29 14:50:17", "elapsed": 37.276926, "delta": 0.667033}}
{"target": 0.40727517565125343, "params": {"a": 6.95448458758462, "dB": 13.491968551354441, "s": 0.2895745591798614}, "datetime": {"datetime": "2022-03-29 14:50:18", "elapsed": 38.265061, "delta": 0.988135}}
{"target": 0.4663333858260507, "params": {"a": 4.1856787481443885, "dB": 13.29778638911149, "s": 0.8664999776388901}, "datetime": {"datetime": "2022-03-29 14:50:19", "elapsed": 38.915563, "delta": 0.650502}}
{"target": 0.5174947927095402, "params": {"a": 3.8300008636103122, "dB": 12.7663891578074, "s": 0.9292638073073709}, "datetime": {"datetime": "2022-03-29 14:50:19", "elapsed": 39.260675, "delta": 0.345112}}
{"target": 0.35370562066967065, "params": {"a": 8.115122677732415, "dB": 12.634574275885415, "s": 0.23669805816938116}, "datetime": {"datetime": "2022-03-29 14:50:23", "elapsed": 43.251738, "delta": 3.991063}}
{"target": 0.8273551762635019, "params": {"a": 3.599400669198978, "dB": 10.578632960633158, "s": 0.13113713682287406}, "datetime": {"datetime": "2022-03-29 14:50:23", "elapsed": 43.308582, "delta": 0.056844}}
{"target": 0.7577906667228931, "params": {"a": 4.73105533801523, "dB": 13.080083846048664, "s": 0.692714170775818}, "datetime": {"datetime": "2022-03-29 14:50:23", "elapsed": 43.664408, "delta": 0.355826}}
{"target": 0.4189253251875259, "params": {"a": 6.264109893428829, "dB": 13.026092677078818, "s": 0.23659064663190224}, "datetime": {"datetime": "2022-03-29 14:50:24", "elapsed": 44.194986, "delta": 0.530578}}
{"target": 0.5844703886828938, "params": {"a": 4.8959183950556975, "dB": 12.257277814374863, "s": 1.166555323151642}, "datetime": {"datetime": "2022-03-29 14:50:24", "elapsed": 44.318654, "delta": 0.123668}}
{"target": 0.4949839424617025, "params": {"a": 6.30515109627855, "dB": 10.555941868118829, "s": 0.9806959399486779}, "datetime": {"datetime": "2022-03-29 14:50:25", "elapsed": 44.781114, "delta": 0.46246}}
{"target": 0.9143051558041065, "params": {"a": 4.664871369205102, "dB": 12.921315586856338, "s": 0.5266467084705889}, "datetime": {"datetime": "2022-03-29 14:50:25", "elapsed": 45.136124, "delta": 0.35501}}
{"target": 0.5131890830731887, "params": {"a": 7.817709272797144, "dB": 12.741364928211553, "s": 0.7118642573894607}, "datetime": {"datetime": "2022-03-29 14:50:28", "elapsed": 48.207757, "delta": 3.071633}}
{"target": 0.9216141541730154, "params": {"a": 4.182276128303425, "dB": 10.679753068536636, "s": 0.23347780131481108}, "datetime": {"datetime": "2022-03-29 14:50:28", "elapsed": 48.285517, "delta": 0.07776}}
{"target": 0.9001495221333401, "params": {"a": 3.7227593927238085, "dB": 10.822482387318278, "s": 0.34828027246864013}, "datetime": {"datetime": "2022-03-29 14:50:28", "elapsed": 48.35736, "delta": 0.071843}}
{"target": 0.02434164453364481, "params": {"a": 7.064944901913384, "dB": 12.179150946162427, "s": 0.11381157817502745}, "datetime": {"datetime": "2022-03-29 14:50:30", "elapsed": 49.791671, "delta": 1.434311}}
{"target": 0.5053207905287723, "params": {"a": 3.8598713984474338, "dB": 13.401828990000816, "s": 0.7249105081119362}, "datetime": {"datetime": "2022-03-29 14:50:30", "elapsed": 50.460163, "delta": 0.668492}}
{"target": 0.609747820295102, "params": {"a": 4.516466173304952, "dB": 11.25697723371097, "s": 0.9182084394826021}, "datetime": {"datetime": "2022-03-29 14:50:30", "elapsed": 50.573861, "delta": 0.113698}}
{"target": 0.5679276667003289, "params": {"a": 4.477147405546594, "dB": 12.244076781819773, "s": 1.1670219879971435}, "datetime": {"datetime": "2022-03-29 14:50:30", "elapsed": 50.690549, "delta": 0.116688}}
{"target": 0.4675176640223617, "params": {"a": 7.734144007450176, "dB": 11.219543277442758, "s": 0.6431466856956028}, "datetime": {"datetime": "2022-03-29 14:50:33", "elapsed": 53.154711, "delta": 2.464162}}
{"target": 0.4095411902267978, "params": {"a": 6.599778591906899, "dB": 12.986942698650536, "s": 0.27247053411069266}, "datetime": {"datetime": "2022-03-29 14:50:34", "elapsed": 53.832703, "delta": 0.677992}}
{"target": 0.5281466841505443, "params": {"a": 3.5928810108870475, "dB": 10.710066431157667, "s": 0.6349796220307349}, "datetime": {"datetime": "2022-03-29 14:50:34", "elapsed": 53.904547, "delta": 0.071844}}
{"target": 0.4514039403965949, "params": {"a": 6.531647308266652, "dB": 12.206554311259444, "s": 0.4490986502543768}, "datetime": {"datetime": "2022-03-29 14:50:34", "elapsed": 54.588052, "delta": 0.683505}}
{"target": 0.41277913447849157, "params": {"a": 8.443080772062245, "dB": 12.23923565773739, "s": 0.5181552898859054}, "datetime": {"datetime": "2022-03-29 14:50:41", "elapsed": 60.77551, "delta": 6.187458}}
{"target": 0.6064035058395519, "params": {"a": 6.254741095589484, "dB": 12.736003292719506, "s": 0.8361561827985029}, "datetime": {"datetime": "2022-03-29 14:50:41", "elapsed": 61.293056, "delta": 0.517546}}
{"target": 0.9003755683326433, "params": {"a": 4.824597788314047, "dB": 10.699004503285325, "s": 0.5070926177055168}, "datetime": {"datetime": "2022-03-29 14:50:41", "elapsed": 61.390795, "delta": 0.097739}}
{"target": 0.546972474378172, "params": {"a": 6.648587535107822, "dB": 11.130522029744519, "s": 0.9280311091126952}, "datetime": {"datetime": "2022-03-29 14:50:42", "elapsed": 61.998267, "delta": 0.607472}}
{"target": 0.6645214847823938, "params": {"a": 3.8326824067705747, "dB": 11.280945295735624, "s": 0.9852300201176798}, "datetime": {"datetime": "2022-03-29 14:50:42", "elapsed": 62.100992, "delta": 0.102725}}
{"target": 0.5786826887113973, "params": {"a": 4.467171413116638, "dB": 12.41838264263982, "s": 0.6771373400361069}, "datetime": {"datetime": "2022-03-29 14:50:42", "elapsed": 62.253331, "delta": 0.152339}}
{"target": 0.07527206974607474, "params": {"a": 8.124039851996754, "dB": 11.289890311461333, "s": 0.17255719975242617}, "datetime": {"datetime": "2022-03-29 14:50:46", "elapsed": 66.167434, "delta": 3.914103}}
{"target": 0.48041908827716967, "params": {"a": 7.175329816443347, "dB": 12.81653408862974, "s": 1.0985974377538763}, "datetime": {"datetime": "2022-03-29 14:50:47", "elapsed": 67.69423, "delta": 1.526796}}
{"target": 0.47627741965479137, "params": {"a": 8.159860345984185, "dB": 10.54185471892679, "s": 0.3577982947335625}, "datetime": {"datetime": "2022-03-29 14:50:51", "elapsed": 71.543806, "delta": 3.849576}}
{"target": 0.5086234567341154, "params": {"a": 6.583891785008288, "dB": 13.34704896206285, "s": 1.1451937311717877}, "datetime": {"datetime": "2022-03-29 14:50:52", "elapsed": 72.265772, "delta": 0.721966}}
{"target": 0.7712201644700819, "params": {"a": 6.283265940975782, "dB": 13.246819049298823, "s": 0.8057228298409712}, "datetime": {"datetime": "2022-03-29 14:50:53", "elapsed": 72.966286, "delta": 0.700514}}
{"target": 0.5736756386823083, "params": {"a": 5.450038570706232, "dB": 11.95797200129073, "s": 0.7647415312119704}, "datetime": {"datetime": "2022-03-29 14:50:53", "elapsed": 73.165754, "delta": 0.199468}}
{"target": 0.4994681203537123, "params": {"a": 6.247739607542813, "dB": 13.27854428011936, "s": 1.1106067791969667}, "datetime": {"datetime": "2022-03-29 14:50:54", "elapsed": 73.860711, "delta": 0.694957}}
{"target": 0.3402886893848517, "params": {"a": 5.474378064617774, "dB": 13.389787585322136, "s": 0.29135123334851076}, "datetime": {"datetime": "2022-03-29 14:50:54", "elapsed": 74.567425, "delta": 0.706714}}
{"target": 0.4607548199849963, "params": {"a": 4.131647597198187, "dB": 10.905237474140193, "s": 0.6562283822445862}, "datetime": {"datetime": "2022-03-29 14:50:54", "elapsed": 74.645217, "delta": 0.077792}}
{"target": 0.553414184858988, "params": {"a": 3.60762402637099, "dB": 13.343910633653042, "s": 1.0098270182878057}, "datetime": {"datetime": "2022-03-29 14:50:55", "elapsed": 75.297781, "delta": 0.652564}}
{"target": 0.7192089334564301, "params": {"a": 3.575094903710612, "dB": 11.028588766725166, "s": 0.4652699318035206}, "datetime": {"datetime": "2022-03-29 14:50:55", "elapsed": 75.37358, "delta": 0.075799}}
{"target": 0.8656210211683147, "params": {"a": 4.1549842240545845, "dB": 12.928472076379746, "s": 0.4792103179516227}, "datetime": {"datetime": "2022-03-29 14:50:56", "elapsed": 75.72693, "delta": 0.35335}}
{"target": 0.5440192487847901, "params": {"a": 8.200537411666836, "dB": 12.246042539841241, "s": 1.0667151828530284}, "datetime": {"datetime": "2022-03-29 14:51:01", "elapsed": 80.868498, "delta": 5.141568}}
{"target": 0.41399856020891074, "params": {"a": 7.723672226961109, "dB": 13.216176956125947, "s": 0.6058682923984876}, "datetime": {"datetime": "2022-03-29 14:51:03", "elapsed": 83.442054, "delta": 2.573556}}
{"target": 0.4356801014997326, "params": {"a": 6.231734080101866, "dB": 12.895810773456118, "s": 0.41429073690756235}, "datetime": {"datetime": "2022-03-29 14:51:04", "elapsed": 84.032467, "delta": 0.590413}}
{"target": 0.29568520804454407, "params": {"a": 5.951267613099638, "dB": 12.297330922937634, "s": 0.1170866031059193}, "datetime": {"datetime": "2022-03-29 14:51:04", "elapsed": 84.403642, "delta": 0.371175}}
{"target": 0.4584666672333981, "params": {"a": 6.467407040983186, "dB": 11.801029046968374, "s": 0.9880965817733255}, "datetime": {"datetime": "2022-03-29 14:51:05", "elapsed": 84.877965, "delta": 0.474323}}
{"target": 0.8069406297185061, "params": {"a": 5.076224015476865, "dB": 13.178666125575454, "s": 0.735642936812989}, "datetime": {"datetime": "2022-03-29 14:51:05", "elapsed": 85.55117, "delta": 0.673205}}
{"target": 0.5520743517022083, "params": {"a": 4.420051008137325, "dB": 12.863787701476513, "s": 0.7732342947494272}, "datetime": {"datetime": "2022-03-29 14:51:06", "elapsed": 85.906029, "delta": 0.354859}}
{"target": 0.5841510258327728, "params": {"a": 3.7695463603687647, "dB": 11.760581040003396, "s": 0.8469757202219724}, "datetime": {"datetime": "2022-03-29 14:51:06", "elapsed": 86.013728, "delta": 0.107699}}
{"target": 0.5248423724744671, "params": {"a": 8.09300888988763, "dB": 10.501206074674073, "s": 1.1744350639341656}, "datetime": {"datetime": "2022-03-29 14:51:10", "elapsed": 89.867248, "delta": 3.85352}}
{"target": 0.7849092222044557, "params": {"a": 5.382901573728873, "dB": 13.421350615074967, "s": 0.7651877110714582}, "datetime": {"datetime": "2022-03-29 14:51:11", "elapsed": 90.724008, "delta": 0.85676}}
{"target": 0.8744233457072345, "params": {"a": 7.644229039903465, "dB": 12.224134514124307, "s": 0.7908838181380853}, "datetime": {"datetime": "2022-03-29 14:51:13", "elapsed": 93.19606, "delta": 2.472052}}
{"target": 0.5936952108102059, "params": {"a": 4.92788140847847, "dB": 12.260500021968248, "s": 0.9250239400729258}, "datetime": {"datetime": "2022-03-29 14:51:13", "elapsed": 93.314742, "delta": 0.118682}}
{"target": 0.9529804550168233, "params": {"a": 7.791569182145212, "dB": 12.76524656540304, "s": 0.8678629732920332}, "datetime": {"datetime": "2022-03-29 14:51:16", "elapsed": 96.465321, "delta": 3.150579}}
{"target": 0.8486418142896934, "params": {"a": 7.822397150272999, "dB": 11.46804299051024, "s": 0.8378676698663459}, "datetime": {"datetime": "2022-03-29 14:51:19", "elapsed": 99.508852, "delta": 3.043531}}
{"target": 0.9264613300459141, "params": {"a": 5.754369682066746, "dB": 11.646308256094551, "s": 0.5518924849144041}, "datetime": {"datetime": "2022-03-29 14:51:20", "elapsed": 99.75619, "delta": 0.247338}}
{"target": 0.5781500083090841, "params": {"a": 5.507397917347703, "dB": 11.452151837874831, "s": 0.7841113047123315}, "datetime": {"datetime": "2022-03-29 14:51:20", "elapsed": 99.955818, "delta": 0.199628}}
{"target": 0.5858707446051724, "params": {"a": 5.651236354106322, "dB": 13.421406233781756, "s": 0.8455809805777421}, "datetime": {"datetime": "2022-03-29 14:51:21", "elapsed": 100.861128, "delta": 0.90531}}
{"target": 0.9052060468777129, "params": {"a": 4.4928494421355545, "dB": 11.780103028044099, "s": 0.47768086375186525}, "datetime": {"datetime": "2022-03-29 14:51:21", "elapsed": 100.97283, "delta": 0.111702}}
{"target": 0.4269984998595231, "params": {"a": 7.488194019792832, "dB": 13.139994865690294, "s": 1.094226151409009}, "datetime": {"datetime": "2022-03-29 14:51:23", "elapsed": 102.875505, "delta": 1.902675}}
{"target": 0.47423492785320087, "params": {"a": 6.813599061876311, "dB": 11.310624786089273, "s": 0.37760337165504865}, "datetime": {"datetime": "2022-03-29 14:51:24", "elapsed": 103.892811, "delta": 1.017306}}
{"target": 0.6684422513021525, "params": {"a": 7.774489713487012, "dB": 12.08314393892624, "s": 0.9823771924050577}, "datetime": {"datetime": "2022-03-29 14:51:27", "elapsed": 106.858128, "delta": 2.965317}}
{"target": 0.9897530766712774, "params": {"a": 6.362442585958032, "dB": 12.699427575862533, "s": 0.6709127902104614}, "datetime": {"datetime": "2022-03-29 14:51:27", "elapsed": 107.390329, "delta": 0.532201}}
{"target": 0.4408636172078737, "params": {"a": 7.35441955250944, "dB": 12.206573972114146, "s": 0.6122808664511789}, "datetime": {"datetime": "2022-03-29 14:51:29", "elapsed": 109.171637, "delta": 1.781308}}
{"target": 0.9590059698194944, "params": {"a": 5.213444539766408, "dB": 10.704628045250113, "s": 0.5157165972609098}, "datetime": {"datetime": "2022-03-29 14:51:29", "elapsed": 109.346652, "delta": 0.175015}}
{"target": 0.6431870027250903, "params": {"a": 3.898130388491262, "dB": 13.448451341191335, "s": 0.2997741364638401}, "datetime": {"datetime": "2022-03-29 14:51:30", "elapsed": 109.999904, "delta": 0.653252}}
{"target": 0.504804345339031, "params": {"a": 7.790191037206387, "dB": 12.676006942355771, "s": 1.0450606606575208}, "datetime": {"datetime": "2022-03-29 14:51:33", "elapsed": 113.350631, "delta": 3.350727}}
{"target": 0.4023231251992293, "params": {"a": 6.161489601587086, "dB": 12.862152026408754, "s": 0.2923897522588227}, "datetime": {"datetime": "2022-03-29 14:51:34", "elapsed": 113.839529, "delta": 0.488898}}
{"target": 0.9319157985270747, "params": {"a": 5.034823167501016, "dB": 10.660431685902884, "s": 0.4301545463141466}, "datetime": {"datetime": "2022-03-29 14:51:34", "elapsed": 114.310846, "delta": 0.471317}}
{"target": 0.552894896095785, "params": {"a": 4.637574340023347, "dB": 10.966769992164652, "s": 1.1420337961848839}, "datetime": {"datetime": "2022-03-29 14:51:34", "elapsed": 114.487192, "delta": 0.176346}}
{"target": 0.41986783429612334, "params": {"a": 7.131280259406101, "dB": 12.685836041552076, "s": 0.3141568347405027}, "datetime": {"datetime": "2022-03-29 14:51:36", "elapsed": 116.097214, "delta": 1.610022}}
