{"target": 0.896580986912307, "params": {"a": 5.957286397682087, "dB": 12.118272631243233, "s": 0.7028873598548695}, "datetime": {"datetime": "2022-03-29 14:58:54", "elapsed": 553.739405, "delta": 1.138693}}
{"target": 0.8515576314391167, "params": {"a": 6.163462995107466, "dB": 12.29870163034015, "s": 0.7238363691636148}, "datetime": {"datetime": "2022-03-29 14:58:55", "elapsed": 554.975789, "delta": 1.236384}}
{"target": 0.8276226057956848, "params": {"a": 5.401396366053393, "dB": 12.375153440244034, "s": 0.4441918713331602}, "datetime": {"datetime": "2022-03-29 14:58:56", "elapsed": 556.33345, "delta": 1.357661}}
{"target": 0.9757954359589399, "params": {"a": 4.915428400945786, "dB": 12.32146127635903, "s": 0.46778657490599884}, "datetime": {"datetime": "2022-03-29 14:58:57", "elapsed": 557.356001, "delta": 1.022551}}
{"target": 0.4981742831955919, "params": {"a": 6.033543066578138, "dB": 12.24094166911012, "s": 0.8965059116603841}, "datetime": {"datetime": "2022-03-29 14:58:58", "elapsed": 558.494877, "delta": 1.138876}}
{"target": 0.4974841341306329, "params": {"a": 5.94669452694618, "dB": 13.103866334469558, "s": 0.9615637111075854}, "datetime": {"datetime": "2022-03-29 14:58:59", "elapsed": 559.713972, "delta": 1.219095}}
{"target": 0.9648194926039595, "params": {"a": 5.899944795962969, "dB": 12.169852431258391, "s": 0.5869945857804305}, "datetime": {"datetime": "2022-03-29 14:59:01", "elapsed": 560.97693, "delta": 1.262958}}
{"target": 0.8066357122451984, "params": {"a": 6.091932924372658, "dB": 12.153949034722228, "s": 0.546737115439207}, "datetime": {"datetime": "2022-03-29 14:59:02", "elapsed": 562.120763, "delta": 1.143833}}
{"target": 0.9673509032161257, "params": {"a": 5.774002364535098, "dB": 12.023387054462834, "s": 0.6159028791921082}, "datetime": {"datetime": "2022-03-29 14:59:03", "elapsed": 563.136994, "delta": 1.016231}}
{"target": 0.9356356104823054, "params": {"a": 5.404033831073887, "dB": 12.086187526441979, "s": 0.4857266919843617}, "datetime": {"datetime": "2022-03-29 14:59:04", "elapsed": 563.98091, "delta": 0.843916}}
{"target": 0.9510110052878635, "params": {"a": 4.798566629285816, "dB": 12.02236523269171, "s": 0.3495127544173483}, "datetime": {"datetime": "2022-03-29 14:59:05", "elapsed": 564.922192, "delta": 0.941282}}
{"target": 0.9002114382860765, "params": {"a": 3.915600804460695, "dB": 11.931232744228616, "s": 0.3126903943323386}, "datetime": {"datetime": "2022-03-29 14:59:06", "elapsed": 565.893883, "delta": 0.971691}}
{"target": 0.1236386611276555, "params": {"a": 7.338260839742276, "dB": 11.354251913718887, "s": 0.13421940373722857}, "datetime": {"datetime": "2022-03-29 14:59:08", "elapsed": 568.339664, "delta": 2.445781}}
{"target": 0.7139363882305589, "params": {"a": 6.702889027146258, "dB": 11.846312268143256, "s": 0.6082844986889341}, "datetime": {"datetime": "2022-03-29 14:59:09", "elapsed": 569.696443, "delta": 1.356779}}
{"target": 0.9345281723830876, "params": {"a": 6.811178634458786, "dB": 12.025561418604164, "s": 0.7880299901952262}, "datetime": {"datetime": "2022-03-29 14:59:11", "elapsed": 571.2667, "delta": 1.570257}}
{"target": 0.8352221615235904, "params": {"a": 6.726231284504358, "dB": 11.82037056744785, "s": 0.8060962115411224}, "datetime": {"datetime": "2022-03-29 14:59:13", "elapsed": 572.729716, "delta": 1.463016}}
{"target": 0.8829032549062406, "params": {"a": 7.217431254404401, "dB": 12.44178390276537, "s": 0.7273126657858697}, "datetime": {"datetime": "2022-03-29 14:59:15", "elapsed": 574.791098, "delta": 2.061382}}
{"target": 0.8516024643613537, "params": {"a": 7.405757974599789, "dB": 12.586905083467649, "s": 0.7516282461850519}, "datetime": {"datetime": "2022-03-29 14:59:17", "elapsed": 577.51116, "delta": 2.720062}}
{"target": 0.8290856774393957, "params": {"a": 6.992917963788781, "dB": 12.515330823268041, "s": 0.8261430390940797}, "datetime": {"datetime": "2022-03-29 14:59:19", "elapsed": 579.315014, "delta": 1.803854}}
{"target": 0.5915812286581983, "params": {"a": 3.947598425207174, "dB": 11.197292318625545, "s": 0.6380257785621323}, "datetime": {"datetime": "2022-03-29 14:59:20", "elapsed": 579.976568, "delta": 0.661554}}
{"target": 0.6582702631469179, "params": {"a": 6.997803685095034, "dB": 12.27703691407451, "s": 0.8774815183045972}, "datetime": {"datetime": "2022-03-29 14:59:21", "elapsed": 581.571753, "delta": 1.595185}}
{"target": 0.6895383321530767, "params": {"a": 7.178544664463188, "dB": 12.58964827515285, "s": 0.6786088071029069}, "datetime": {"datetime": "2022-03-29 14:59:23", "elapsed": 583.664908, "delta": 2.093155}}
{"target": 0.41184747210714745, "params": {"a": 8.439552258919797, "dB": 13.143384232279164, "s": 0.5707667548447268}, "datetime": {"datetime": "2022-03-29 14:59:30", "elapsed": 590.545351, "delta": 6.880443}}
{"target": 0.9618945612578174, "params": {"a": 6.629266420930673, "dB": 11.959283675913282, "s": 0.7502811927812681}, "datetime": {"datetime": "2022-03-29 14:59:32", "elapsed": 592.340487, "delta": 1.795136}}
{"target": 0.1977364452714152, "params": {"a": 7.476888765051414, "dB": 13.5, "s": 0.1}, "datetime": {"datetime": "2022-03-29 14:59:35", "elapsed": 595.498962, "delta": 3.158475}}
{"target": 0.44768665188626616, "params": {"a": 5.68622452626829, "dB": 11.390331406578309, "s": 1.2}, "datetime": {"datetime": "2022-03-29 14:59:36", "elapsed": 596.704473, "delta": 1.205511}}
{"target": 0.9083551315164248, "params": {"a": 5.270676898352517, "dB": 12.193981210147507, "s": 0.5492485654750802}, "datetime": {"datetime": "2022-03-29 14:59:38", "elapsed": 598.266949, "delta": 1.562476}}
{"target": 0.5016185089029228, "params": {"a": 6.892444305963204, "dB": 12.028816655415767, "s": 0.9880671641701914}, "datetime": {"datetime": "2022-03-29 14:59:39", "elapsed": 599.696393, "delta": 1.429444}}
{"target": 0.9375324253342842, "params": {"a": 7.398310638576654, "dB": 12.418750071086118, "s": 0.8368041614413355}, "datetime": {"datetime": "2022-03-29 14:59:42", "elapsed": 602.52085, "delta": 2.824457}}
{"target": 0.9562315173398299, "params": {"a": 5.873515266017145, "dB": 13.334242617259875, "s": 0.656766270505961}, "datetime": {"datetime": "2022-03-29 14:59:44", "elapsed": 603.931731, "delta": 1.410881}}
{"target": 0.8101730672393936, "params": {"a": 3.877842407125038, "dB": 12.722070927947906, "s": 0.5113811756011729}, "datetime": {"datetime": "2022-03-29 14:59:45", "elapsed": 604.984234, "delta": 1.052503}}
{"target": 0.8736641774249531, "params": {"a": 4.0071028610479145, "dB": 12.236805732328763, "s": 0.4410153756416034}, "datetime": {"datetime": "2022-03-29 14:59:46", "elapsed": 605.899094, "delta": 0.91486}}
{"target": 0.932266251931074, "params": {"a": 4.4741718379346365, "dB": 11.82551448093176, "s": 0.31695038026200795}, "datetime": {"datetime": "2022-03-29 14:59:47", "elapsed": 606.850908, "delta": 0.951814}}
{"target": 0.8208386876736313, "params": {"a": 3.8938232112576316, "dB": 11.651713357564537, "s": 0.18674701228641866}, "datetime": {"datetime": "2022-03-29 14:59:47", "elapsed": 607.570241, "delta": 0.719333}}
{"target": 0.9048518011676887, "params": {"a": 7.71152091294525, "dB": 12.851385025406248, "s": 0.8909484141955135}, "datetime": {"datetime": "2022-03-29 14:59:51", "elapsed": 610.808167, "delta": 3.237926}}
{"target": 0.9063385479681425, "params": {"a": 4.544983018289946, "dB": 11.175552763820605, "s": 0.26713850261228644}, "datetime": {"datetime": "2022-03-29 14:59:52", "elapsed": 611.85093, "delta": 1.042763}}
{"target": 0.9181643157828699, "params": {"a": 7.644992130376717, "dB": 11.45173978865856, "s": 0.8842544236974028}, "datetime": {"datetime": "2022-03-29 14:59:55", "elapsed": 615.015732, "delta": 3.164802}}
{"target": 0.5557008755691596, "params": {"a": 3.5, "dB": 11.349002744457717, "s": 0.7368174519376468}, "datetime": {"datetime": "2022-03-29 14:59:56", "elapsed": 616.15631, "delta": 1.140578}}
{"target": 0.8489217637127638, "params": {"a": 3.5, "dB": 10.72572892582047, "s": 0.27405049547223265}, "datetime": {"datetime": "2022-03-29 14:59:57", "elapsed": 617.029953, "delta": 0.873643}}
{"target": 0.4547061813524354, "params": {"a": 7.00296840145116, "dB": 13.5, "s": 1.2}, "datetime": {"datetime": "2022-03-29 14:59:59", "elapsed": 619.129055, "delta": 2.099102}}
{"target": 0.7655785875785656, "params": {"a": 4.333770718321683, "dB": 11.291396766090033, "s": 0.1}, "datetime": {"datetime": "2022-03-29 15:00:00", "elapsed": 620.342358, "delta": 1.213303}}
{"target": 0.9576096329261871, "params": {"a": 4.221384476389729, "dB": 10.988965786402098, "s": 0.2994746050022022}, "datetime": {"datetime": "2022-03-29 15:00:01", "elapsed": 621.350883, "delta": 1.008525}}
{"target": 0.8275265418091672, "params": {"a": 3.5, "dB": 11.59251917149249, "s": 0.22046589211017323}, "datetime": {"datetime": "2022-03-29 15:00:03", "elapsed": 622.775145, "delta": 1.424262}}
{"target": 0.9876469274326378, "params": {"a": 6.290196916903994, "dB": 12.52867709416166, "s": 0.6621539256533382}, "datetime": {"datetime": "2022-03-29 15:00:05", "elapsed": 624.883353, "delta": 2.108208}}
{"target": 0.4846770516024578, "params": {"a": 6.687525183768825, "dB": 12.94801695150613, "s": 0.9588516963960494}, "datetime": {"datetime": "2022-03-29 15:00:06", "elapsed": 626.325326, "delta": 1.441973}}
{"target": 0.4846053906586154, "params": {"a": 8.152461010562359, "dB": 13.287480376418506, "s": 1.0793875168869964}, "datetime": {"datetime": "2022-03-29 15:00:11", "elapsed": 630.898913, "delta": 4.573587}}
{"target": 0.9419061380284265, "params": {"a": 7.305156646754759, "dB": 11.400430277467384, "s": 0.8260898083143793}, "datetime": {"datetime": "2022-03-29 15:00:13", "elapsed": 633.671039, "delta": 2.772126}}
{"target": 0.9270284679273726, "params": {"a": 6.6699954393137695, "dB": 10.673055587332898, "s": 0.7690850117432699}, "datetime": {"datetime": "2022-03-29 15:00:15", "elapsed": 635.020237, "delta": 1.349198}}
{"target": 0.9134044945141568, "params": {"a": 4.2647986091683014, "dB": 10.500563113099222, "s": 0.3284681347164152}, "datetime": {"datetime": "2022-03-29 15:00:16", "elapsed": 636.049427, "delta": 1.02919}}
{"target": 0.44205699649527214, "params": {"a": 6.7268541115841, "dB": 13.187595487599609, "s": 0.37149493487464436}, "datetime": {"datetime": "2022-03-29 15:00:17", "elapsed": 637.431448, "delta": 1.382021}}
{"target": 0.8875250628835747, "params": {"a": 6.3848114963308085, "dB": 12.545064441800768, "s": 0.6149871397599933}, "datetime": {"datetime": "2022-03-29 15:00:19", "elapsed": 638.960961, "delta": 1.529513}}
{"target": 0.5195664065640482, "params": {"a": 5.385987333442895, "dB": 11.491789014208493, "s": 1.0165386325272927}, "datetime": {"datetime": "2022-03-29 15:00:20", "elapsed": 639.739354, "delta": 0.778393}}
{"target": 0.8592123130636659, "params": {"a": 5.603495688633352, "dB": 11.73396642431748, "s": 0.618155740209679}, "datetime": {"datetime": "2022-03-29 15:00:21", "elapsed": 641.004642, "delta": 1.265288}}
{"target": 0.9362879903196293, "params": {"a": 5.9240895863648495, "dB": 10.96988273484368, "s": 0.6403904609307676}, "datetime": {"datetime": "2022-03-29 15:00:22", "elapsed": 642.033726, "delta": 1.029084}}
{"target": 0.5321734401610787, "params": {"a": 4.008943870542929, "dB": 11.066271910410704, "s": 1.2}, "datetime": {"datetime": "2022-03-29 15:00:23", "elapsed": 643.246038, "delta": 1.212312}}
{"target": 0.964358144597979, "params": {"a": 4.670857540884252, "dB": 10.665761538294518, "s": 0.401691971460965}, "datetime": {"datetime": "2022-03-29 15:00:24", "elapsed": 644.536845, "delta": 1.290807}}
{"target": 0.48588422386715274, "params": {"a": 4.318647802032949, "dB": 10.805195759246853, "s": 0.7584204453384743}, "datetime": {"datetime": "2022-03-29 15:00:25", "elapsed": 645.210219, "delta": 0.673374}}
{"target": 0.9281785658279131, "params": {"a": 5.67765469986224, "dB": 11.054664839082257, "s": 0.6429733612664473}, "datetime": {"datetime": "2022-03-29 15:00:27", "elapsed": 647.43875, "delta": 2.228531}}
{"target": 0.8139609194880227, "params": {"a": 5.765571230423555, "dB": 10.888197744696745, "s": 0.701108333831039}, "datetime": {"datetime": "2022-03-29 15:00:29", "elapsed": 649.137236, "delta": 1.698486}}
{"target": 0.9477589587501041, "params": {"a": 5.725943682713707, "dB": 11.20129526963541, "s": 0.6304676575351343}, "datetime": {"datetime": "2022-03-29 15:00:30", "elapsed": 650.644746, "delta": 1.50751}}
{"target": 0.8672873700251558, "params": {"a": 5.713627773256437, "dB": 11.092866882075047, "s": 0.5183828472296609}, "datetime": {"datetime": "2022-03-29 15:00:32", "elapsed": 651.919306, "delta": 1.27456}}
{"target": 0.5498535423044663, "params": {"a": 5.818427092590015, "dB": 11.131891273874007, "s": 0.7963253627545287}, "datetime": {"datetime": "2022-03-29 15:00:33", "elapsed": 653.709817, "delta": 1.790511}}
{"target": 0.8744938218028832, "params": {"a": 5.563589675787378, "dB": 11.18980646847411, "s": 0.6119577864395388}, "datetime": {"datetime": "2022-03-29 15:00:35", "elapsed": 655.048636, "delta": 1.338819}}
{"target": 0.5079969846390283, "params": {"a": 3.5, "dB": 13.5, "s": 0.1}, "datetime": {"datetime": "2022-03-29 15:00:37", "elapsed": 657.101167, "delta": 2.052531}}
{"target": 0.7323539785232923, "params": {"a": 4.947582657611143, "dB": 12.947844553490327, "s": 0.7201534988829713}, "datetime": {"datetime": "2022-03-29 15:00:38", "elapsed": 658.661256, "delta": 1.560089}}
{"target": 0.9234195017248081, "params": {"a": 4.031949765425776, "dB": 11.383454192684445, "s": 0.33877425165865394}, "datetime": {"datetime": "2022-03-29 15:00:39", "elapsed": 659.672213, "delta": 1.010957}}
{"target": 0.6459032624262696, "params": {"a": 4.842575390770496, "dB": 12.168189757855082, "s": 0.9970801290466383}, "datetime": {"datetime": "2022-03-29 15:00:40", "elapsed": 660.458734, "delta": 0.786521}}
{"target": 0.9708268969867149, "params": {"a": 5.264362066078571, "dB": 12.98845643117382, "s": 0.581397459452482}, "datetime": {"datetime": "2022-03-29 15:00:42", "elapsed": 661.873927, "delta": 1.415193}}
{"target": 0.9000531021435619, "params": {"a": 4.3976026080059585, "dB": 13.002466824758676, "s": 0.5296020558088702}, "datetime": {"datetime": "2022-03-29 15:00:43", "elapsed": 662.868147, "delta": 0.99422}}
{"target": 0.7809735534513893, "params": {"a": 5.390967950236313, "dB": 13.108818776857207, "s": 0.5671231426153985}, "datetime": {"datetime": "2022-03-29 15:00:44", "elapsed": 664.353625, "delta": 1.485478}}
{"target": 0.9489995831642246, "params": {"a": 5.097249081789481, "dB": 13.028708263403008, "s": 0.5618527509834617}, "datetime": {"datetime": "2022-03-29 15:00:46", "elapsed": 665.890835, "delta": 1.53721}}
{"target": 0.9265408434454881, "params": {"a": 5.0698459341468185, "dB": 12.865526558934214, "s": 0.5465902715252574}, "datetime": {"datetime": "2022-03-29 15:00:47", "elapsed": 667.198601, "delta": 1.307766}}
{"target": 0.9867187407101035, "params": {"a": 5.35812487716872, "dB": 12.879513365255134, "s": 0.6023182315962059}, "datetime": {"datetime": "2022-03-29 15:00:48", "elapsed": 668.633047, "delta": 1.434446}}
{"target": 0.9621655819823051, "params": {"a": 5.600401093874049, "dB": 12.05720628055117, "s": 0.5626208101474177}, "datetime": {"datetime": "2022-03-29 15:00:50", "elapsed": 669.77928, "delta": 1.146233}}
{"target": 0.5395887011902644, "params": {"a": 3.590804642803886, "dB": 11.821040258553687, "s": 0.7402029317836356}, "datetime": {"datetime": "2022-03-29 15:00:50", "elapsed": 670.504943, "delta": 0.725663}}
{"target": 0.8879105565560821, "params": {"a": 4.5200067649598115, "dB": 11.992677951690874, "s": 0.23935724688464208}, "datetime": {"datetime": "2022-03-29 15:00:51", "elapsed": 671.294575, "delta": 0.789632}}
{"target": 0.960076047150184, "params": {"a": 4.9899753018936535, "dB": 10.5, "s": 0.4545377192129249}, "datetime": {"datetime": "2022-03-29 15:00:52", "elapsed": 672.310776, "delta": 1.016201}}
{"target": 0.9690092785861179, "params": {"a": 4.505792683403972, "dB": 10.62412129519441, "s": 0.31343974839277866}, "datetime": {"datetime": "2022-03-29 15:00:53", "elapsed": 673.20775, "delta": 0.896974}}
{"target": 0.9761615027661698, "params": {"a": 6.654050544183208, "dB": 11.094804450097607, "s": 0.7119803059680777}, "datetime": {"datetime": "2022-03-29 15:00:55", "elapsed": 675.160175, "delta": 1.952425}}
{"target": 0.9590458575272028, "params": {"a": 4.693648808658369, "dB": 12.124437235043018, "s": 0.37334137077648566}, "datetime": {"datetime": "2022-03-29 15:00:56", "elapsed": 676.159693, "delta": 0.999518}}
{"target": 0.9281307499623592, "params": {"a": 5.2346471189162695, "dB": 11.56368670694461, "s": 0.432282631302507}, "datetime": {"datetime": "2022-03-29 15:00:58", "elapsed": 677.72339, "delta": 1.563697}}
{"target": 0.9220358488565003, "params": {"a": 6.332432284880842, "dB": 10.5, "s": 0.6358938446172986}, "datetime": {"datetime": "2022-03-29 15:00:59", "elapsed": 679.084448, "delta": 1.361058}}
{"target": 0.5637700097717006, "params": {"a": 4.840932004748012, "dB": 11.366969906748364, "s": 1.2}, "datetime": {"datetime": "2022-03-29 15:01:00", "elapsed": 680.434701, "delta": 1.350253}}
{"target": 0.39058412821432426, "params": {"a": 7.098005571607461, "dB": 12.798764887815235, "s": 0.2564109742318469}, "datetime": {"datetime": "2022-03-29 15:01:02", "elapsed": 682.577166, "delta": 2.142465}}
{"target": 0.4979318574257707, "params": {"a": 3.5, "dB": 13.5, "s": 1.2}, "datetime": {"datetime": "2022-03-29 15:01:04", "elapsed": 684.16722, "delta": 1.590054}}
{"target": 0.8457941901888921, "params": {"a": 4.657797836231911, "dB": 10.852071961535707, "s": 0.5231612180510282}, "datetime": {"datetime": "2022-03-29 15:01:05", "elapsed": 685.458485, "delta": 1.291265}}
{"target": 0.6680389210304356, "params": {"a": 4.565580848705952, "dB": 11.60150124673646, "s": 1.0503797081485837}, "datetime": {"datetime": "2022-03-29 15:01:06", "elapsed": 686.287518, "delta": 0.829033}}
{"target": 0.8621500474411978, "params": {"a": 4.003733184645114, "dB": 11.16458047738011, "s": 0.23107866846840266}, "datetime": {"datetime": "2022-03-29 15:01:08", "elapsed": 687.820342, "delta": 1.532824}}
{"target": 0.9777751875926225, "params": {"a": 5.14370705691697, "dB": 10.89918119176792, "s": 0.48915543777368564}, "datetime": {"datetime": "2022-03-29 15:01:09", "elapsed": 689.262076, "delta": 1.441734}}
{"target": 0.5766936400803006, "params": {"a": 3.796498245522124, "dB": 13.360344991892402, "s": 1.1568819270605726}, "datetime": {"datetime": "2022-03-29 15:01:10", "elapsed": 690.628389, "delta": 1.366313}}
{"target": 0.6829793411626351, "params": {"a": 8.5, "dB": 11.264305593971851, "s": 0.8488634164932667}, "datetime": {"datetime": "2022-03-29 15:01:18", "elapsed": 698.113582, "delta": 7.485193}}
{"target": 0.8766516807922096, "params": {"a": 4.394689536921386, "dB": 10.95749245246235, "s": 0.1}, "datetime": {"datetime": "2022-03-29 15:01:19", "elapsed": 699.641196, "delta": 1.527614}}
{"target": 0.9162516749126196, "params": {"a": 4.026891714432297, "dB": 12.06415852704078, "s": 0.398779340748568}, "datetime": {"datetime": "2022-03-29 15:01:21", "elapsed": 700.878968, "delta": 1.237772}}
{"target": 0.6272060793775377, "params": {"a": 4.504770659365734, "dB": 11.768541372072958, "s": 1.1232326501537497}, "datetime": {"datetime": "2022-03-29 15:01:21", "elapsed": 701.702027, "delta": 0.823059}}
{"target": 0.8915253056922224, "params": {"a": 3.6724548243546256, "dB": 11.068043156598577, "s": 0.22751034686729693}, "datetime": {"datetime": "2022-03-29 15:01:24", "elapsed": 703.75502, "delta": 2.052993}}
{"target": 0.4849540699313454, "params": {"a": 4.329064265358909, "dB": 13.05774080092549, "s": 0.24988324562093778}, "datetime": {"datetime": "2022-03-29 15:01:25", "elapsed": 704.836281, "delta": 1.081261}}
{"target": 0.8985161313027364, "params": {"a": 6.0381481191133535, "dB": 10.904377115759315, "s": 0.5783466592016615}, "datetime": {"datetime": "2022-03-29 15:01:26", "elapsed": 706.186141, "delta": 1.34986}}
{"target": 0.9747313637988951, "params": {"a": 5.230708423594912, "dB": 12.892024495432402, "s": 0.621579502513916}, "datetime": {"datetime": "2022-03-29 15:01:27", "elapsed": 707.587875, "delta": 1.401734}}
{"target": 0.961126580199555, "params": {"a": 5.0300696610127495, "dB": 11.024788936257373, "s": 0.4522422239141002}, "datetime": {"datetime": "2022-03-29 15:01:29", "elapsed": 709.070111, "delta": 1.482236}}
{"target": 0.7643433713170256, "params": {"a": 4.634379496195906, "dB": 12.26906419954538, "s": 0.10255251643612956}, "datetime": {"datetime": "2022-03-29 15:01:30", "elapsed": 710.619394, "delta": 1.549283}}
{"target": 0.9716342624235095, "params": {"a": 4.99536989141753, "dB": 10.844144030611963, "s": 0.4657895957436804}, "datetime": {"datetime": "2022-03-29 15:01:32", "elapsed": 711.913299, "delta": 1.293905}}
{"target": 0.8817771411993653, "params": {"a": 3.7596701168360616, "dB": 12.268548510544552, "s": 0.31397994737005075}, "datetime": {"datetime": "2022-03-29 15:01:33", "elapsed": 713.468288, "delta": 1.554989}}
{"target": 0.9569735614039021, "params": {"a": 4.727027101673697, "dB": 11.362502946652699, "s": 0.36787541390025524}, "datetime": {"datetime": "2022-03-29 15:01:34", "elapsed": 714.608753, "delta": 1.140465}}
{"target": 0.9637802483321544, "params": {"a": 5.912383618322195, "dB": 13.419365207278563, "s": 0.7245188398520934}, "datetime": {"datetime": "2022-03-29 15:01:36", "elapsed": 716.691432, "delta": 2.082679}}
{"target": 0.9515622670366816, "params": {"a": 7.718647496857634, "dB": 11.626598238341547, "s": 0.8403567550592796}, "datetime": {"datetime": "2022-03-29 15:01:40", "elapsed": 720.531637, "delta": 3.840205}}
{"target": 0.9054994530206298, "params": {"a": 5.616893780955387, "dB": 13.5, "s": 0.6257297012252637}, "datetime": {"datetime": "2022-03-29 15:01:42", "elapsed": 722.66063, "delta": 2.128993}}
