{"target": 0.9979756780999645, "params": {"a": 3.507637417611255, "dB": 9.07072918518613, "s": 0.48670523336655214}, "datetime": {"datetime": "2022-03-29 16:04:46", "elapsed": 178.660133, "delta": 1.106706}}
{"target": 0.9857030581569082, "params": {"a": 3.9551608955320496, "dB": 9.228367928772636, "s": 0.5575841252782817}, "datetime": {"datetime": "2022-03-29 16:04:48", "elapsed": 179.936554, "delta": 1.276421}}
{"target": 0.6578930140058744, "params": {"a": 3.2126861688623265, "dB": 10.53784405688115, "s": 0.8832397373705323}, "datetime": {"datetime": "2022-03-29 16:04:48", "elapsed": 180.548473, "delta": 0.611919}}
{"target": 0.9755206633907667, "params": {"a": 3.661929474331636, "dB": 9.093157896897617, "s": 0.43667156563830734}, "datetime": {"datetime": "2022-03-29 16:04:50", "elapsed": 181.942799, "delta": 1.394326}}
{"target": 0.9795341697345729, "params": {"a": 4.216770987494171, "dB": 10.664928884652372, "s": 0.6405452635914053}, "datetime": {"datetime": "2022-03-29 16:04:50", "elapsed": 182.67852, "delta": 0.735721}}
{"target": 0.992777917596285, "params": {"a": 3.081583968405078, "dB": 10.365567021708621, "s": 0.2732663847412563}, "datetime": {"datetime": "2022-03-29 16:04:51", "elapsed": 183.56456, "delta": 0.88604}}
{"target": 0.9981918369423488, "params": {"a": 3.579268896241445, "dB": 8.402334569087444, "s": 0.48587502084309253}, "datetime": {"datetime": "2022-03-29 16:04:52", "elapsed": 184.384801, "delta": 0.820241}}
{"target": 0.994513680707721, "params": {"a": 3.2603516870466596, "dB": 9.776694501249374, "s": 0.2455920612289634}, "datetime": {"datetime": "2022-03-29 16:04:53", "elapsed": 185.411429, "delta": 1.026628}}
{"target": 0.9281372130057919, "params": {"a": 5.0, "dB": 9.89039301885725, "s": 0.751568578980387}, "datetime": {"datetime": "2022-03-29 16:04:54", "elapsed": 186.542312, "delta": 1.130883}}
{"target": 0.5708922528715206, "params": {"a": 4.186782587819593, "dB": 8.496627232672035, "s": 0.13110854885202597}, "datetime": {"datetime": "2022-03-29 16:04:55", "elapsed": 187.204848, "delta": 0.662536}}
{"target": 0.9273264527338309, "params": {"a": 4.522664467831484, "dB": 10.288589675485852, "s": 0.6131880832716933}, "datetime": {"datetime": "2022-03-29 16:04:56", "elapsed": 188.163416, "delta": 0.958568}}
{"target": 0.9477715269393211, "params": {"a": 3.506765785703241, "dB": 9.66834265237133, "s": 0.3871298899200355}, "datetime": {"datetime": "2022-03-29 16:04:57", "elapsed": 188.991745, "delta": 0.828329}}
{"target": 0.9967500004589064, "params": {"a": 3.6174720811115293, "dB": 9.519606652324489, "s": 0.5079297815481711}, "datetime": {"datetime": "2022-03-29 16:04:58", "elapsed": 189.806374, "delta": 0.814629}}
{"target": 0.9753322098158876, "params": {"a": 4.3654758173123405, "dB": 9.973989296536923, "s": 0.65610071052817}, "datetime": {"datetime": "2022-03-29 16:04:58", "elapsed": 190.611144, "delta": 0.80477}}
{"target": 0.9956461427308246, "params": {"a": 3.8100494947575614, "dB": 9.739439578161521, "s": 0.5207438231682757}, "datetime": {"datetime": "2022-03-29 16:04:59", "elapsed": 191.465842, "delta": 0.854698}}
{"target": 0.9468662975597442, "params": {"a": 2.429061923735174, "dB": 9.156158099758098, "s": 0.23634596391014698}, "datetime": {"datetime": "2022-03-29 16:05:00", "elapsed": 192.123787, "delta": 0.657945}}
{"target": 0.7050581408425841, "params": {"a": 1.8133188976450219, "dB": 8.313507705063136, "s": 0.589114344147393}, "datetime": {"datetime": "2022-03-29 16:05:01", "elapsed": 192.745493, "delta": 0.621706}}
{"target": 0.9764970140397501, "params": {"a": 3.937073206414835, "dB": 9.793391221928854, "s": 0.5342947223270521}, "datetime": {"datetime": "2022-03-29 16:05:01", "elapsed": 193.618434, "delta": 0.872941}}
{"target": 0.9695475968011404, "params": {"a": 3.7831768572953433, "dB": 10.497638128716734, "s": 0.5720799673758301}, "datetime": {"datetime": "2022-03-29 16:05:02", "elapsed": 194.423079, "delta": 0.804645}}
{"target": 0.6706646382207819, "params": {"a": 4.957686581243857, "dB": 10.583948270992357, "s": 0.5279697771315699}, "datetime": {"datetime": "2022-03-29 16:05:03", "elapsed": 195.133057, "delta": 0.709978}}
{"target": 0.9595048911046212, "params": {"a": 4.86299216884793, "dB": 9.869387994239826, "s": 0.8224732280765128}, "datetime": {"datetime": "2022-03-29 16:05:05", "elapsed": 196.873169, "delta": 1.740112}}
{"target": 0.9806693586828508, "params": {"a": 3.13631588114837, "dB": 7.524531317239609, "s": 0.30408289533289545}, "datetime": {"datetime": "2022-03-29 16:05:06", "elapsed": 198.161897, "delta": 1.288728}}
{"target": 0.9964236021767162, "params": {"a": 3.5928790718152106, "dB": 8.067008951475897, "s": 0.5176432207257784}, "datetime": {"datetime": "2022-03-29 16:05:07", "elapsed": 199.188398, "delta": 1.026501}}
{"target": 0.9811655334902706, "params": {"a": 3.616778338485847, "dB": 8.235767030656085, "s": 0.5596400769520099}, "datetime": {"datetime": "2022-03-29 16:05:09", "elapsed": 200.994632, "delta": 1.806234}}
{"target": 0.7247401767154564, "params": {"a": 3.8747110141742436, "dB": 9.283619431318394, "s": 0.9073337856092649}, "datetime": {"datetime": "2022-03-29 16:05:10", "elapsed": 201.689939, "delta": 0.695307}}
{"target": 0.9580508925207913, "params": {"a": 2.720888978760122, "dB": 9.661904101095534, "s": 0.35900893288952707}, "datetime": {"datetime": "2022-03-29 16:05:10", "elapsed": 202.37175, "delta": 0.681811}}
{"target": 0.9912540106866372, "params": {"a": 3.7097324389702715, "dB": 8.077383609585675, "s": 0.5385334227154333}, "datetime": {"datetime": "2022-03-29 16:05:11", "elapsed": 203.24629, "delta": 0.87454}}
{"target": 0.974902173279348, "params": {"a": 4.5347934270137635, "dB": 9.952271865607912, "s": 0.7017369208054259}, "datetime": {"datetime": "2022-03-29 16:05:12", "elapsed": 204.24529, "delta": 0.999}}
{"target": 0.977946811820096, "params": {"a": 2.7158422674282208, "dB": 8.780089687434867, "s": 0.2518407022321556}, "datetime": {"datetime": "2022-03-29 16:05:13", "elapsed": 205.027769, "delta": 0.782479}}
{"target": 0.9911074865635117, "params": {"a": 3.794501289311429, "dB": 9.87351996950788, "s": 0.4899469445889687}, "datetime": {"datetime": "2022-03-29 16:05:14", "elapsed": 206.193228, "delta": 1.165459}}
{"target": 0.809650802127193, "params": {"a": 1.7756762478803423, "dB": 8.843665583825294, "s": 0.1788609202603806}, "datetime": {"datetime": "2022-03-29 16:05:15", "elapsed": 206.844278, "delta": 0.65105}}
{"target": 0.9862683581276667, "params": {"a": 3.703614577245889, "dB": 7.503514416202285, "s": 0.4776860512689213}, "datetime": {"datetime": "2022-03-29 16:05:16", "elapsed": 207.755057, "delta": 0.910779}}
{"target": 0.9858731659732716, "params": {"a": 3.8532672197962885, "dB": 7.654636866964331, "s": 0.48633086540218173}, "datetime": {"datetime": "2022-03-29 16:05:17", "elapsed": 208.77374, "delta": 1.018683}}
{"target": 0.9899619104083194, "params": {"a": 3.211237464745312, "dB": 7.669957965573411, "s": 0.4366081789709818}, "datetime": {"datetime": "2022-03-29 16:05:17", "elapsed": 209.570893, "delta": 0.797153}}
{"target": 0.7054237970746647, "params": {"a": 1.5, "dB": 8.657061911827887, "s": 1.1}, "datetime": {"datetime": "2022-03-29 16:05:18", "elapsed": 210.361896, "delta": 0.791003}}
{"target": 0.9272643628410326, "params": {"a": 3.3000876026711587, "dB": 8.911210538547266, "s": 0.10210059286385689}, "datetime": {"datetime": "2022-03-29 16:05:19", "elapsed": 211.22349, "delta": 0.861594}}
{"target": 0.9988487723599436, "params": {"a": 3.4917985854615217, "dB": 8.828157951172043, "s": 0.5057065384221882}, "datetime": {"datetime": "2022-03-29 16:05:20", "elapsed": 212.392941, "delta": 1.169451}}
{"target": 0.9862965585059598, "params": {"a": 3.363817781236643, "dB": 8.83973928627332, "s": 0.452231088077193}, "datetime": {"datetime": "2022-03-29 16:05:21", "elapsed": 213.665364, "delta": 1.272423}}
{"target": 0.9892317825460046, "params": {"a": 3.223068275151377, "dB": 8.50332712376268, "s": 0.27278940604401103}, "datetime": {"datetime": "2022-03-29 16:05:23", "elapsed": 214.704891, "delta": 1.039527}}
{"target": 0.9952502725794878, "params": {"a": 3.6098349118347888, "dB": 8.942489277357437, "s": 0.530816160679624}, "datetime": {"datetime": "2022-03-29 16:05:24", "elapsed": 216.400455, "delta": 1.695564}}
{"target": 0.9968875521674485, "params": {"a": 3.345500939850977, "dB": 10.011063714536673, "s": 0.2702016906909315}, "datetime": {"datetime": "2022-03-29 16:05:26", "elapsed": 218.209899, "delta": 1.809444}}
{"target": 0.9821646251752347, "params": {"a": 3.3880430513929403, "dB": 9.324437287358341, "s": 0.4521272937918104}, "datetime": {"datetime": "2022-03-29 16:05:27", "elapsed": 219.224713, "delta": 1.014814}}
{"target": 0.6390456161444098, "params": {"a": 4.756722707393651, "dB": 10.752060439154924, "s": 0.9903522880790877}, "datetime": {"datetime": "2022-03-29 16:05:28", "elapsed": 220.043539, "delta": 0.818826}}
{"target": 0.9315725158322208, "params": {"a": 4.056262510533291, "dB": 8.040919142307926, "s": 0.6779888464962046}, "datetime": {"datetime": "2022-03-29 16:05:29", "elapsed": 221.125382, "delta": 1.081843}}
{"target": 0.9975626086714011, "params": {"a": 3.4969472386766527, "dB": 8.70484193321068, "s": 0.4762049879460585}, "datetime": {"datetime": "2022-03-29 16:05:30", "elapsed": 222.150529, "delta": 1.025147}}
{"target": 0.9142314717353268, "params": {"a": 4.012225615151891, "dB": 7.812645170049744, "s": 0.46573190263253567}, "datetime": {"datetime": "2022-03-29 16:05:31", "elapsed": 223.142654, "delta": 0.992125}}
{"target": 0.7474696887214949, "params": {"a": 3.7587978781088696, "dB": 10.63552806886621, "s": 0.3468135771587676}, "datetime": {"datetime": "2022-03-29 16:05:32", "elapsed": 223.908941, "delta": 0.766287}}
{"target": 0.984770156813351, "params": {"a": 3.126578924374666, "dB": 8.201439828363267, "s": 0.2631738772770765}, "datetime": {"datetime": "2022-03-29 16:05:33", "elapsed": 225.107289, "delta": 1.198348}}
{"target": 0.6671511135239697, "params": {"a": 2.820191133410026, "dB": 8.657087183243242, "s": 0.9332169386611752}, "datetime": {"datetime": "2022-03-29 16:05:34", "elapsed": 225.759026, "delta": 0.651737}}
{"target": 0.994990287298278, "params": {"a": 3.6926972802238907, "dB": 7.9504766873535, "s": 0.4940449560744723}, "datetime": {"datetime": "2022-03-29 16:05:35", "elapsed": 227.315783, "delta": 1.556757}}
{"target": 0.9969377298871677, "params": {"a": 3.349595589499793, "dB": 9.711876938285485, "s": 0.2782375565041104}, "datetime": {"datetime": "2022-03-29 16:05:36", "elapsed": 228.34657, "delta": 1.030787}}
{"target": 0.9858394383731014, "params": {"a": 4.0924794570944485, "dB": 9.963020550749514, "s": 0.6222021809835921}, "datetime": {"datetime": "2022-03-29 16:05:38", "elapsed": 229.740723, "delta": 1.394153}}
{"target": 0.970232763871506, "params": {"a": 2.6870782749508395, "dB": 9.919534375540424, "s": 0.2491340919759362}, "datetime": {"datetime": "2022-03-29 16:05:39", "elapsed": 231.174073, "delta": 1.43335}}
{"target": 0.7246034263200777, "params": {"a": 2.073053461423064, "dB": 7.856061719121328, "s": 0.6985640412167949}, "datetime": {"datetime": "2022-03-29 16:05:40", "elapsed": 231.823458, "delta": 0.649385}}
{"target": 0.9978987880398852, "params": {"a": 3.1915851864077203, "dB": 9.58884886591032, "s": 0.3300262952043237}, "datetime": {"datetime": "2022-03-29 16:05:41", "elapsed": 233.56846, "delta": 1.745002}}
{"target": 0.991475582751145, "params": {"a": 3.9568201525834072, "dB": 9.96960728740055, "s": 0.5696435298896233}, "datetime": {"datetime": "2022-03-29 16:05:43", "elapsed": 235.361543, "delta": 1.793083}}
{"target": 0.9881851046606752, "params": {"a": 3.4687591921910985, "dB": 9.834135029215915, "s": 0.4652089651536911}, "datetime": {"datetime": "2022-03-29 16:05:45", "elapsed": 236.797693, "delta": 1.43615}}
{"target": 0.9874367106548408, "params": {"a": 2.8359743930743173, "dB": 8.272379291275374, "s": 0.2985646044177458}, "datetime": {"datetime": "2022-03-29 16:05:46", "elapsed": 237.872069, "delta": 1.074376}}
{"target": 0.9735397045259337, "params": {"a": 2.6925040225812564, "dB": 9.46847226180411, "s": 0.24447824484283429}, "datetime": {"datetime": "2022-03-29 16:05:48", "elapsed": 239.719449, "delta": 1.84738}}
{"target": 0.9861305964334071, "params": {"a": 3.8538474146005197, "dB": 7.520486646298948, "s": 0.4957631015665058}, "datetime": {"datetime": "2022-03-29 16:05:49", "elapsed": 241.39225, "delta": 1.672801}}
{"target": 0.9890217981232652, "params": {"a": 3.0822776329387134, "dB": 7.839457629865208, "s": 0.420153146305418}, "datetime": {"datetime": "2022-03-29 16:05:51", "elapsed": 243.03937, "delta": 1.64712}}
{"target": 0.9900276332901353, "params": {"a": 3.02993558961773, "dB": 8.118017145774365, "s": 0.4012147650308364}, "datetime": {"datetime": "2022-03-29 16:05:52", "elapsed": 244.550806, "delta": 1.511436}}
{"target": 0.9094501117202837, "params": {"a": 4.5501644182700005, "dB": 8.289856947221134, "s": 0.7911864279120433}, "datetime": {"datetime": "2022-03-29 16:05:53", "elapsed": 245.519234, "delta": 0.968428}}
{"target": 0.6801814285290986, "params": {"a": 2.4398027735393475, "dB": 9.446221384164263, "s": 0.9155273900423986}, "datetime": {"datetime": "2022-03-29 16:05:54", "elapsed": 246.284503, "delta": 0.765269}}
{"target": 0.9779092315919506, "params": {"a": 3.5068516102932343, "dB": 7.978140319663668, "s": 0.4278398455941772}, "datetime": {"datetime": "2022-03-29 16:05:55", "elapsed": 247.461683, "delta": 1.17718}}
{"target": 0.6926567636016956, "params": {"a": 2.128321825604171, "dB": 10.419544628885122, "s": 0.4905473234626093}, "datetime": {"datetime": "2022-03-29 16:05:56", "elapsed": 248.184191, "delta": 0.722508}}
{"target": 0.978608993583679, "params": {"a": 4.786724291029506, "dB": 10.868016770763242, "s": 0.7304665220497676}, "datetime": {"datetime": "2022-03-29 16:05:57", "elapsed": 249.278866, "delta": 1.094675}}
{"target": 0.9900794695785016, "params": {"a": 4.0599306862192766, "dB": 10.11138589587749, "s": 0.609975735332264}, "datetime": {"datetime": "2022-03-29 16:05:59", "elapsed": 250.951038, "delta": 1.672172}}
{"target": 0.9429647652365819, "params": {"a": 4.771098550937748, "dB": 8.512983500315906, "s": 0.8333896677476473}, "datetime": {"datetime": "2022-03-29 16:06:00", "elapsed": 252.207414, "delta": 1.256376}}
{"target": 0.9703959161069895, "params": {"a": 2.5738422245430135, "dB": 7.88129222357392, "s": 0.3251339375285523}, "datetime": {"datetime": "2022-03-29 16:06:02", "elapsed": 253.821858, "delta": 1.614444}}
{"target": 0.9888961057087993, "params": {"a": 3.3705633691894947, "dB": 7.629494157353612, "s": 0.4605448878620545}, "datetime": {"datetime": "2022-03-29 16:06:03", "elapsed": 254.932687, "delta": 1.110829}}
{"target": 0.6696082976103758, "params": {"a": 1.5635632499627203, "dB": 9.041213634979302, "s": 0.6820026652578506}, "datetime": {"datetime": "2022-03-29 16:06:03", "elapsed": 255.653349, "delta": 0.720662}}
{"target": 0.9094605285122964, "params": {"a": 2.2140047354718684, "dB": 9.24145761030602, "s": 0.22668840625876555}, "datetime": {"datetime": "2022-03-29 16:06:04", "elapsed": 256.417833, "delta": 0.764484}}
{"target": 0.9516549965154513, "params": {"a": 3.984207250458927, "dB": 8.514138235461813, "s": 0.5054216939328413}, "datetime": {"datetime": "2022-03-29 16:06:05", "elapsed": 257.531994, "delta": 1.114161}}
{"target": 0.9863772433726717, "params": {"a": 3.4321712457812583, "dB": 10.318114776671159, "s": 0.49934569652771077}, "datetime": {"datetime": "2022-03-29 16:06:06", "elapsed": 258.608363, "delta": 1.076369}}
{"target": 0.9716119723771255, "params": {"a": 3.7822759137751794, "dB": 7.947260264517228, "s": 0.5741866364735786}, "datetime": {"datetime": "2022-03-29 16:06:09", "elapsed": 260.885359, "delta": 2.276996}}
{"target": 0.9854897487452081, "params": {"a": 2.979587230130691, "dB": 8.700492235570657, "s": 0.3935848779530518}, "datetime": {"datetime": "2022-03-29 16:06:10", "elapsed": 261.935447, "delta": 1.050088}}
{"target": 0.9926940683424904, "params": {"a": 3.062260264920569, "dB": 10.139938873009147, "s": 0.2623753397993982}, "datetime": {"datetime": "2022-03-29 16:06:12", "elapsed": 263.771706, "delta": 1.836259}}
{"target": 0.9906445944573975, "params": {"a": 2.9493281953079955, "dB": 9.592640909024473, "s": 0.27586666186289477}, "datetime": {"datetime": "2022-03-29 16:06:13", "elapsed": 264.896864, "delta": 1.125158}}
{"target": 0.996366855915332, "params": {"a": 3.7226828476843874, "dB": 9.628628613962414, "s": 0.5073483199742275}, "datetime": {"datetime": "2022-03-29 16:06:14", "elapsed": 266.466324, "delta": 1.56946}}
{"target": 0.6259033906388021, "params": {"a": 4.018603900125223, "dB": 10.181892369117772, "s": 0.24219179475622446}, "datetime": {"datetime": "2022-03-29 16:06:15", "elapsed": 267.292346, "delta": 0.826022}}
{"target": 0.9921953729210102, "params": {"a": 3.0846587010183364, "dB": 9.29668356977405, "s": 0.3687207396925223}, "datetime": {"datetime": "2022-03-29 16:06:16", "elapsed": 268.595107, "delta": 1.302761}}
{"target": 0.964004395042451, "params": {"a": 3.883839403074663, "dB": 10.076943886148161, "s": 0.5151647067938712}, "datetime": {"datetime": "2022-03-29 16:06:18", "elapsed": 270.032903, "delta": 1.437796}}
{"target": 0.7179522258606956, "params": {"a": 2.245906594094167, "dB": 8.785084787859203, "s": 0.963981552862349}, "datetime": {"datetime": "2022-03-29 16:06:19", "elapsed": 270.821821, "delta": 0.788918}}
{"target": 0.9556465036409524, "params": {"a": 2.476358475680177, "dB": 8.832119653350645, "s": 0.23827523634773554}, "datetime": {"datetime": "2022-03-29 16:06:20", "elapsed": 272.282897, "delta": 1.461076}}
{"target": 0.998297868512455, "params": {"a": 3.48766084956682, "dB": 8.95244344878723, "s": 0.4849947879595252}, "datetime": {"datetime": "2022-03-29 16:06:22", "elapsed": 274.216673, "delta": 1.933776}}
{"target": 0.6208702534364111, "params": {"a": 1.7075487718654871, "dB": 10.837069157207804, "s": 1.0608017518732478}, "datetime": {"datetime": "2022-03-29 16:06:23", "elapsed": 275.06807, "delta": 0.851397}}
{"target": 0.9975364585636446, "params": {"a": 3.217343346683659, "dB": 8.381557631335632, "s": 0.37662395531643444}, "datetime": {"datetime": "2022-03-29 16:06:25", "elapsed": 276.714655, "delta": 1.646585}}
{"target": 0.9921356765276003, "params": {"a": 3.2140582270531604, "dB": 8.727773166964553, "s": 0.4151687557371062}, "datetime": {"datetime": "2022-03-29 16:06:26", "elapsed": 278.355089, "delta": 1.640434}}
{"target": 0.9795317140239678, "params": {"a": 3.3371051705722445, "dB": 9.799535385731872, "s": 0.43767238591140545}, "datetime": {"datetime": "2022-03-29 16:06:28", "elapsed": 279.742614, "delta": 1.387525}}
{"target": 0.7231578533568701, "params": {"a": 2.2033394615560136, "dB": 8.979964934085118, "s": 1.0302115001397725}, "datetime": {"datetime": "2022-03-29 16:06:28", "elapsed": 280.575914, "delta": 0.8333}}
{"target": 0.9958194286142295, "params": {"a": 3.1194494197777143, "dB": 9.745140612787107, "s": 0.2814911432362769}, "datetime": {"datetime": "2022-03-29 16:06:30", "elapsed": 282.161387, "delta": 1.585473}}
{"target": 0.8462309583961367, "params": {"a": 2.0803449857512364, "dB": 10.484030934413072, "s": 0.23625749601903437}, "datetime": {"datetime": "2022-03-29 16:06:31", "elapsed": 282.975969, "delta": 0.814582}}
{"target": 0.8714171921016026, "params": {"a": 2.080762670516177, "dB": 10.076072156262931, "s": 0.1022288423632777}, "datetime": {"datetime": "2022-03-29 16:06:32", "elapsed": 284.00253, "delta": 1.026561}}
{"target": 0.9913948783350301, "params": {"a": 4.063316659222918, "dB": 10.32658575440506, "s": 0.6049124075025442}, "datetime": {"datetime": "2022-03-29 16:06:33", "elapsed": 285.311383, "delta": 1.308853}}
{"target": 0.9701194085784985, "params": {"a": 2.5714085464991983, "dB": 8.199167421569745, "s": 0.27580296125052167}, "datetime": {"datetime": "2022-03-29 16:06:35", "elapsed": 287.04621, "delta": 1.734827}}
{"target": 0.9921414268462714, "params": {"a": 3.013969340707291, "dB": 9.438037680805586, "s": 0.3381392281877612}, "datetime": {"datetime": "2022-03-29 16:06:37", "elapsed": 288.791406, "delta": 1.745196}}
{"target": 0.9908379799321877, "params": {"a": 3.3047973015056997, "dB": 10.31109143403437, "s": 0.3795210511022594}, "datetime": {"datetime": "2022-03-29 16:06:38", "elapsed": 290.189199, "delta": 1.397793}}
{"target": 0.9967286498787551, "params": {"a": 3.776130059475383, "dB": 9.251639184393493, "s": 0.4977353374710317}, "datetime": {"datetime": "2022-03-29 16:06:40", "elapsed": 291.887869, "delta": 1.69867}}
{"target": 0.9954523723580613, "params": {"a": 3.6991255941832994, "dB": 9.748423708370767, "s": 0.5152866081825604}, "datetime": {"datetime": "2022-03-29 16:06:41", "elapsed": 293.078046, "delta": 1.190177}}
{"target": 0.9977888317958661, "params": {"a": 3.139669839897889, "dB": 8.986113241637792, "s": 0.3357147457738684}, "datetime": {"datetime": "2022-03-29 16:06:43", "elapsed": 294.708941, "delta": 1.630895}}
{"target": 0.9922036002409232, "params": {"a": 3.086762799603345, "dB": 7.913766838407657, "s": 0.3360097264983427}, "datetime": {"datetime": "2022-03-29 16:06:44", "elapsed": 296.284464, "delta": 1.575523}}
{"target": 0.9923880685599246, "params": {"a": 3.4608847812809778, "dB": 9.510348032433525, "s": 0.5174107818853746}, "datetime": {"datetime": "2022-03-29 16:06:45", "elapsed": 297.120905, "delta": 0.836441}}
{"target": 0.9947708322084458, "params": {"a": 3.1737182153733374, "dB": 9.931813271131604, "s": 0.2521663095798927}, "datetime": {"datetime": "2022-03-29 16:06:46", "elapsed": 298.347491, "delta": 1.226586}}
{"target": 0.9818726186156554, "params": {"a": 3.107250487423747, "dB": 8.84241578645085, "s": 0.20799534786377252}, "datetime": {"datetime": "2022-03-29 16:06:48", "elapsed": 299.833392, "delta": 1.485901}}
