{"target": 0.9562916650290483, "params": {"a": 2.631600369632292, "dB": 8.673191971173308, "s": 0.37467680648003}, "datetime": {"datetime": "2022-03-29 16:02:41", "elapsed": 53.055571, "delta": 0.336819}}
{"target": 0.9649197560362491, "params": {"a": 2.6286879815924227, "dB": 9.308840658052446, "s": 0.3116891792192267}, "datetime": {"datetime": "2022-03-29 16:02:41", "elapsed": 53.500534, "delta": 0.444963}}
{"target": 0.9686059203634646, "params": {"a": 3.535476395202899, "dB": 9.259253296962747, "s": 0.4170625952417948}, "datetime": {"datetime": "2022-03-29 16:02:42", "elapsed": 53.903501, "delta": 0.402967}}
{"target": 0.9882916084485134, "params": {"a": 3.4844312824069417, "dB": 8.552569154532298, "s": 0.5418918433463966}, "datetime": {"datetime": "2022-03-29 16:02:42", "elapsed": 54.1516, "delta": 0.248099}}
{"target": 0.7365073660802873, "params": {"a": 2.7638005083881096, "dB": 7.5, "s": 1.1}, "datetime": {"datetime": "2022-03-29 16:02:42", "elapsed": 54.585947, "delta": 0.434347}}
{"target": 0.9505455095732978, "params": {"a": 2.6044659333030205, "dB": 8.953588732000194, "s": 0.36648783618768754}, "datetime": {"datetime": "2022-03-29 16:02:43", "elapsed": 54.89712, "delta": 0.311173}}
{"target": 0.9833467646814269, "params": {"a": 2.8716444561977523, "dB": 9.516161869508633, "s": 0.3327252809664195}, "datetime": {"datetime": "2022-03-29 16:02:43", "elapsed": 55.210286, "delta": 0.313166}}
{"target": 0.9934504230299468, "params": {"a": 2.983317309865141, "dB": 8.24265191666391, "s": 0.338861774344443}, "datetime": {"datetime": "2022-03-29 16:02:43", "elapsed": 55.548896, "delta": 0.33861}}
{"target": 0.8918908424314589, "params": {"a": 2.1977573118938127, "dB": 9.797507764319228, "s": 0.1}, "datetime": {"datetime": "2022-03-29 16:02:44", "elapsed": 55.857038, "delta": 0.308142}}
{"target": 0.8915981641237812, "params": {"a": 2.120935186730844, "dB": 7.948936493952179, "s": 0.1}, "datetime": {"datetime": "2022-03-29 16:02:44", "elapsed": 56.188697, "delta": 0.331659}}
{"target": 0.6440616018143612, "params": {"a": 1.6416681424313992, "dB": 9.364597379541927, "s": 0.5390168934447833}, "datetime": {"datetime": "2022-03-29 16:02:44", "elapsed": 56.43215, "delta": 0.243453}}
{"target": 0.8209506115854371, "params": {"a": 5.0, "dB": 7.8920852071543495, "s": 0.6774208031014509}, "datetime": {"datetime": "2022-03-29 16:02:45", "elapsed": 56.822691, "delta": 0.390541}}
{"target": 0.9545360067899457, "params": {"a": 3.785237115878257, "dB": 9.98402592235927, "s": 0.5961267275877717}, "datetime": {"datetime": "2022-03-29 16:02:45", "elapsed": 57.174303, "delta": 0.351612}}
{"target": 0.9984845989155445, "params": {"a": 3.236505484535119, "dB": 9.693852327116552, "s": 0.31369175452007136}, "datetime": {"datetime": "2022-03-29 16:02:45", "elapsed": 57.495415, "delta": 0.321112}}
{"target": 0.9420645481115708, "params": {"a": 2.6706470668001314, "dB": 7.504669229596107, "s": 0.454478990010172}, "datetime": {"datetime": "2022-03-29 16:02:46", "elapsed": 57.910039, "delta": 0.414624}}
{"target": 0.8433634055580647, "params": {"a": 5.0, "dB": 8.553594382234966, "s": 0.9500612272451311}, "datetime": {"datetime": "2022-03-29 16:02:46", "elapsed": 58.291379, "delta": 0.38134}}
{"target": 0.9787842831690617, "params": {"a": 2.860040806750769, "dB": 9.74180923481502, "s": 0.20629336531796352}, "datetime": {"datetime": "2022-03-29 16:02:46", "elapsed": 58.600113, "delta": 0.308734}}
{"target": 0.9814087127467462, "params": {"a": 2.9239055448564093, "dB": 10.069284827458345, "s": 0.2044637819694061}, "datetime": {"datetime": "2022-03-29 16:02:47", "elapsed": 58.870285, "delta": 0.270172}}
{"target": 0.9905749115526933, "params": {"a": 3.2815963577662886, "dB": 7.5, "s": 0.3877465375744946}, "datetime": {"datetime": "2022-03-29 16:02:47", "elapsed": 59.180138, "delta": 0.309853}}
{"target": 0.9940541171404803, "params": {"a": 3.4096215595636012, "dB": 7.7541689569481225, "s": 0.41558590820405883}, "datetime": {"datetime": "2022-03-29 16:02:47", "elapsed": 59.503168, "delta": 0.32303}}
{"target": 0.9201838725659128, "params": {"a": 4.299961419239297, "dB": 10.249332272127516, "s": 0.5841943489723225}, "datetime": {"datetime": "2022-03-29 16:02:48", "elapsed": 59.889464, "delta": 0.386296}}
{"target": 0.7172968970536115, "params": {"a": 2.933221878823784, "dB": 10.465975662834436, "s": 0.6343178841295778}, "datetime": {"datetime": "2022-03-29 16:02:48", "elapsed": 60.139586, "delta": 0.250122}}
{"target": 0.9926134369733165, "params": {"a": 3.4948167230668252, "dB": 7.509164581435944, "s": 0.4811380652112893}, "datetime": {"datetime": "2022-03-29 16:02:48", "elapsed": 60.591921, "delta": 0.452335}}
{"target": 0.6604015629649426, "params": {"a": 3.351875445283156, "dB": 7.995207696663405, "s": 1.0291535049540452}, "datetime": {"datetime": "2022-03-29 16:02:49", "elapsed": 60.872137, "delta": 0.280216}}
{"target": 0.9668507426164997, "params": {"a": 3.7275759969271065, "dB": 7.636141124966359, "s": 0.5749356574601998}, "datetime": {"datetime": "2022-03-29 16:02:49", "elapsed": 61.283978, "delta": 0.411841}}
{"target": 0.9583210094102093, "params": {"a": 4.029167433466377, "dB": 7.785824339219459, "s": 0.6059607269185862}, "datetime": {"datetime": "2022-03-29 16:02:49", "elapsed": 61.650522, "delta": 0.366544}}
{"target": 0.9150324649452233, "params": {"a": 3.9247027672980024, "dB": 7.524271247282993, "s": 0.6888161999794736}, "datetime": {"datetime": "2022-03-29 16:02:50", "elapsed": 62.099561, "delta": 0.449039}}
{"target": 0.9683939165565484, "params": {"a": 3.626733897550632, "dB": 7.86091093527341, "s": 0.5751509528969618}, "datetime": {"datetime": "2022-03-29 16:02:50", "elapsed": 62.558497, "delta": 0.458936}}
{"target": 0.87168201640618, "params": {"a": 3.2486317417906028, "dB": 10.99806889039233, "s": 0.4362845856918045}, "datetime": {"datetime": "2022-03-29 16:02:51", "elapsed": 62.947472, "delta": 0.388975}}
{"target": 0.9737702351824408, "params": {"a": 4.102132412035111, "dB": 8.440240360082607, "s": 0.5788595477750731}, "datetime": {"datetime": "2022-03-29 16:02:51", "elapsed": 63.313882, "delta": 0.36641}}
{"target": 0.9626520635102584, "params": {"a": 4.1705069987107475, "dB": 8.05155821048372, "s": 0.5845222343166511}, "datetime": {"datetime": "2022-03-29 16:02:51", "elapsed": 63.675847, "delta": 0.361965}}
{"target": 0.987023854044656, "params": {"a": 3.05220113009613, "dB": 8.022796198899433, "s": 0.2869406354351804}, "datetime": {"datetime": "2022-03-29 16:02:52", "elapsed": 64.035884, "delta": 0.360037}}
{"target": 0.9767298087721021, "params": {"a": 2.7351425633031337, "dB": 7.870146292441967, "s": 0.2615986523943021}, "datetime": {"datetime": "2022-03-29 16:02:52", "elapsed": 64.395637, "delta": 0.359753}}
{"target": 0.7311946748797344, "params": {"a": 4.787132958768623, "dB": 8.11792842141916, "s": 0.3373635346133661}, "datetime": {"datetime": "2022-03-29 16:02:53", "elapsed": 64.728487, "delta": 0.33285}}
{"target": 0.9720658823015619, "params": {"a": 3.1041690264297674, "dB": 10.373615845500154, "s": 0.3987163660337816}, "datetime": {"datetime": "2022-03-29 16:02:53", "elapsed": 65.027684, "delta": 0.299197}}
{"target": 0.9859063816807134, "params": {"a": 3.603340575151693, "dB": 8.523842308023523, "s": 0.4495063953284196}, "datetime": {"datetime": "2022-03-29 16:02:53", "elapsed": 65.407264, "delta": 0.37958}}
{"target": 0.9528588350799031, "params": {"a": 2.732549190761652, "dB": 10.120506003311736, "s": 0.14146337069040174}, "datetime": {"datetime": "2022-03-29 16:02:54", "elapsed": 65.844666, "delta": 0.437402}}
{"target": 0.9417686488441376, "params": {"a": 2.7000250772137813, "dB": 8.262136295981279, "s": 0.14378496889676698}, "datetime": {"datetime": "2022-03-29 16:02:54", "elapsed": 66.394785, "delta": 0.550119}}
{"target": 0.9944050927894398, "params": {"a": 3.0770169230363016, "dB": 9.526717681540084, "s": 0.26995880862148475}, "datetime": {"datetime": "2022-03-29 16:02:55", "elapsed": 66.777666, "delta": 0.382881}}
{"target": 0.9906911181570818, "params": {"a": 3.6246413015061107, "dB": 10.259001716115915, "s": 0.5029257435642658}, "datetime": {"datetime": "2022-03-29 16:02:55", "elapsed": 67.108595, "delta": 0.330929}}
{"target": 0.9281360658870385, "params": {"a": 4.6993982786389035, "dB": 8.59026591624322, "s": 0.7001787514687439}, "datetime": {"datetime": "2022-03-29 16:02:55", "elapsed": 67.53982, "delta": 0.431225}}
{"target": 0.8960944988074233, "params": {"a": 3.478268673303656, "dB": 9.483224868084749, "s": 0.30567183791369623}, "datetime": {"datetime": "2022-03-29 16:02:56", "elapsed": 67.95956, "delta": 0.41974}}
{"target": 0.9679713281146262, "params": {"a": 3.229086108780265, "dB": 9.360758532124452, "s": 0.4587600658637978}, "datetime": {"datetime": "2022-03-29 16:02:56", "elapsed": 68.382429, "delta": 0.422869}}
{"target": 0.9949816619063772, "params": {"a": 3.365770858703793, "dB": 9.0938522757164, "s": 0.2899037791228243}, "datetime": {"datetime": "2022-03-29 16:02:57", "elapsed": 68.799703, "delta": 0.417274}}
{"target": 0.9356574340092464, "params": {"a": 4.306183718949906, "dB": 8.56039491224463, "s": 0.6229312041525176}, "datetime": {"datetime": "2022-03-29 16:02:57", "elapsed": 69.221492, "delta": 0.421789}}
{"target": 0.9954792908908339, "params": {"a": 3.191443145820963, "dB": 10.283958957415269, "s": 0.31645050297422583}, "datetime": {"datetime": "2022-03-29 16:02:58", "elapsed": 69.691241, "delta": 0.469749}}
{"target": 0.6665170190777844, "params": {"a": 3.945722205625182, "dB": 8.57445275399387, "s": 0.23068767630247558}, "datetime": {"datetime": "2022-03-29 16:02:58", "elapsed": 70.0174, "delta": 0.326159}}
{"target": 0.9962921275452232, "params": {"a": 3.2471731288530927, "dB": 8.262136968596144, "s": 0.3536380464862853}, "datetime": {"datetime": "2022-03-29 16:02:58", "elapsed": 70.313497, "delta": 0.296097}}
{"target": 0.9972247254801166, "params": {"a": 3.8514743820841835, "dB": 8.477482021444004, "s": 0.5110960492481466}, "datetime": {"datetime": "2022-03-29 16:02:59", "elapsed": 70.737092, "delta": 0.423595}}
{"target": 0.6555048139313812, "params": {"a": 2.398222299413977, "dB": 9.921785123016027, "s": 0.8355671237689738}, "datetime": {"datetime": "2022-03-29 16:02:59", "elapsed": 71.042779, "delta": 0.305687}}
{"target": 0.9461389207275855, "params": {"a": 3.1132341228723366, "dB": 9.31358534973194, "s": 0.11160317798408562}, "datetime": {"datetime": "2022-03-29 16:02:59", "elapsed": 71.433338, "delta": 0.390559}}
{"target": 0.7624372131291913, "params": {"a": 2.3446500955904237, "dB": 10.994199450187043, "s": 0.16849346747777263}, "datetime": {"datetime": "2022-03-29 16:03:00", "elapsed": 71.896572, "delta": 0.463234}}
{"target": 0.966016208778465, "params": {"a": 3.574423845966292, "dB": 10.39420703940466, "s": 0.4333492804579092}, "datetime": {"datetime": "2022-03-29 16:03:00", "elapsed": 72.209572, "delta": 0.313}}
{"target": 0.7140393133974129, "params": {"a": 3.4743319476443504, "dB": 9.854993876173026, "s": 0.1}, "datetime": {"datetime": "2022-03-29 16:03:00", "elapsed": 72.605513, "delta": 0.395941}}
{"target": 0.9975592439064125, "params": {"a": 3.3469750438384533, "dB": 9.85226755056581, "s": 0.2831307937354388}, "datetime": {"datetime": "2022-03-29 16:03:01", "elapsed": 73.00672, "delta": 0.401207}}
{"target": 0.986550131653166, "params": {"a": 3.2823001453618685, "dB": 10.034301848513914, "s": 0.1839167471821778}, "datetime": {"datetime": "2022-03-29 16:03:01", "elapsed": 73.41061, "delta": 0.40389}}
{"target": 0.9536944014382626, "params": {"a": 2.6108454586545866, "dB": 8.948375382322368, "s": 0.36135683397932084}, "datetime": {"datetime": "2022-03-29 16:03:02", "elapsed": 73.72069, "delta": 0.31008}}
{"target": 0.8708707329314145, "params": {"a": 4.469896383564827, "dB": 8.016714600209195, "s": 0.5750865924725518}, "datetime": {"datetime": "2022-03-29 16:03:02", "elapsed": 74.057003, "delta": 0.336313}}
{"target": 0.9725962255923711, "params": {"a": 4.46664099800738, "dB": 9.828015129314563, "s": 0.7128624664082425}, "datetime": {"datetime": "2022-03-29 16:03:02", "elapsed": 74.480914, "delta": 0.423911}}
{"target": 0.9957794746237096, "params": {"a": 3.8198609378498767, "dB": 9.17264092851034, "s": 0.49522573374029555}, "datetime": {"datetime": "2022-03-29 16:03:03", "elapsed": 74.977322, "delta": 0.496408}}
{"target": 0.7452930750006896, "params": {"a": 1.5, "dB": 8.504028627198405, "s": 0.1}, "datetime": {"datetime": "2022-03-29 16:03:03", "elapsed": 75.444852, "delta": 0.46753}}
{"target": 0.6721686613340966, "params": {"a": 1.5, "dB": 10.568617039090476, "s": 0.1}, "datetime": {"datetime": "2022-03-29 16:03:04", "elapsed": 75.886365, "delta": 0.441513}}
{"target": 0.8636855119986055, "params": {"a": 3.877370151231407, "dB": 7.834244004560181, "s": 0.7480593033333539}, "datetime": {"datetime": "2022-03-29 16:03:04", "elapsed": 76.291258, "delta": 0.404893}}
{"target": 0.9375141153137895, "params": {"a": 4.0318361724586, "dB": 9.11258114368509, "s": 0.4941046770981075}, "datetime": {"datetime": "2022-03-29 16:03:05", "elapsed": 76.687872, "delta": 0.396614}}
{"target": 0.9140708761685498, "params": {"a": 4.329073943663954, "dB": 9.705909677476864, "s": 0.5835632484701081}, "datetime": {"datetime": "2022-03-29 16:03:05", "elapsed": 77.102012, "delta": 0.41414}}
{"target": 0.6299001128694174, "params": {"a": 2.3681904829319778, "dB": 11.0, "s": 1.1}, "datetime": {"datetime": "2022-03-29 16:03:05", "elapsed": 77.504393, "delta": 0.402381}}
{"target": 0.9739369627624374, "params": {"a": 3.375516477473971, "dB": 10.193852994841016, "s": 0.14019342113110636}, "datetime": {"datetime": "2022-03-29 16:03:06", "elapsed": 78.053784, "delta": 0.549391}}
{"target": 0.9910503749837972, "params": {"a": 3.0586988402976423, "dB": 9.863678891855367, "s": 0.23679772750603362}, "datetime": {"datetime": "2022-03-29 16:03:06", "elapsed": 78.49674, "delta": 0.442956}}
{"target": 0.6801307169823055, "params": {"a": 1.548596974333726, "dB": 10.110851740317278, "s": 0.18686146305840026}, "datetime": {"datetime": "2022-03-29 16:03:07", "elapsed": 78.829478, "delta": 0.332738}}
{"target": 0.9527857412746036, "params": {"a": 4.252397380059042, "dB": 7.824522301086786, "s": 0.5666583611899147}, "datetime": {"datetime": "2022-03-29 16:03:07", "elapsed": 79.457539, "delta": 0.628061}}
{"target": 0.9519951714972334, "params": {"a": 2.498265167758934, "dB": 9.555862808571046, "s": 0.2329800774156776}, "datetime": {"datetime": "2022-03-29 16:03:08", "elapsed": 79.829071, "delta": 0.371532}}
{"target": 0.913415733753064, "params": {"a": 2.6864188167290046, "dB": 8.605138047738558, "s": 0.4631379966476955}, "datetime": {"datetime": "2022-03-29 16:03:08", "elapsed": 80.185516, "delta": 0.356445}}
{"target": 0.902666587208847, "params": {"a": 2.241879328803106, "dB": 7.5, "s": 0.3894579694721278}, "datetime": {"datetime": "2022-03-29 16:03:08", "elapsed": 80.642859, "delta": 0.457343}}
{"target": 0.9955136704156364, "params": {"a": 3.2583369742627912, "dB": 8.631472487830058, "s": 0.3143309780831479}, "datetime": {"datetime": "2022-03-29 16:03:09", "elapsed": 81.149323, "delta": 0.506464}}
{"target": 0.9995541047270111, "params": {"a": 3.396839454409047, "dB": 9.738497838814267, "s": 0.3414662590968012}, "datetime": {"datetime": "2022-03-29 16:03:09", "elapsed": 81.541273, "delta": 0.39195}}
{"target": 0.7646857344524753, "params": {"a": 5.0, "dB": 10.39120077414884, "s": 0.6575734400582645}, "datetime": {"datetime": "2022-03-29 16:03:10", "elapsed": 82.04415, "delta": 0.502877}}
{"target": 0.9563824762031894, "params": {"a": 2.6490336511008374, "dB": 8.963180293903077, "s": 0.17114298021074384}, "datetime": {"datetime": "2022-03-29 16:03:10", "elapsed": 82.367888, "delta": 0.323738}}
{"target": 0.8054183685764598, "params": {"a": 1.9486468536970039, "dB": 7.625950627503759, "s": 0.4314433907238947}, "datetime": {"datetime": "2022-03-29 16:03:11", "elapsed": 82.70698, "delta": 0.339092}}
{"target": 0.9719621209102907, "params": {"a": 4.909338098435079, "dB": 10.022879175277268, "s": 0.7384617268436664}, "datetime": {"datetime": "2022-03-29 16:03:11", "elapsed": 83.172699, "delta": 0.465719}}
{"target": 0.9829829775248184, "params": {"a": 2.738209882498026, "dB": 8.130809897219427, "s": 0.3049652673749921}, "datetime": {"datetime": "2022-03-29 16:03:12", "elapsed": 83.712765, "delta": 0.540066}}
{"target": 0.9240721859112273, "params": {"a": 3.6013408454905727, "dB": 9.779182752769575, "s": 0.6207576181417002}, "datetime": {"datetime": "2022-03-29 16:03:12", "elapsed": 84.180072, "delta": 0.467307}}
{"target": 0.991937884963626, "params": {"a": 3.1823737437000457, "dB": 8.252378918387032, "s": 0.42053891545342714}, "datetime": {"datetime": "2022-03-29 16:03:12", "elapsed": 84.532369, "delta": 0.352297}}
{"target": 0.9215302170967142, "params": {"a": 4.759166861058827, "dB": 10.188733471470865, "s": 0.8496070009386631}, "datetime": {"datetime": "2022-03-29 16:03:13", "elapsed": 85.040839, "delta": 0.50847}}
{"target": 0.9900426142675357, "params": {"a": 3.5190553352476988, "dB": 7.6948339001547374, "s": 0.5285355378619286}, "datetime": {"datetime": "2022-03-29 16:03:13", "elapsed": 85.570678, "delta": 0.529839}}
{"target": 0.9815878031917641, "params": {"a": 3.0220107336066517, "dB": 10.421944942200085, "s": 0.1839669930408622}, "datetime": {"datetime": "2022-03-29 16:03:14", "elapsed": 85.980611, "delta": 0.409933}}
{"target": 0.7708681452078046, "params": {"a": 2.0069214913650018, "dB": 7.5, "s": 1.1}, "datetime": {"datetime": "2022-03-29 16:03:14", "elapsed": 86.464796, "delta": 0.484185}}
{"target": 0.9798014795729845, "params": {"a": 3.21786094596587, "dB": 7.6403762930902905, "s": 0.298509668938421}, "datetime": {"datetime": "2022-03-29 16:03:15", "elapsed": 86.890223, "delta": 0.425427}}
{"target": 0.952866867355088, "params": {"a": 2.4440445282192362, "dB": 8.614848671060583, "s": 0.23234994689018146}, "datetime": {"datetime": "2022-03-29 16:03:15", "elapsed": 87.330246, "delta": 0.440023}}
{"target": 0.9342512525557264, "params": {"a": 4.697947074573753, "dB": 8.59592761242839, "s": 0.7054642981039948}, "datetime": {"datetime": "2022-03-29 16:03:16", "elapsed": 87.710986, "delta": 0.38074}}
{"target": 0.94213649346253, "params": {"a": 4.955674148588422, "dB": 8.984724360223803, "s": 0.7268052732776565}, "datetime": {"datetime": "2022-03-29 16:03:16", "elapsed": 88.199394, "delta": 0.488408}}
{"target": 0.9825703753060631, "params": {"a": 3.8670628507633116, "dB": 9.245449621477231, "s": 0.6232168220928566}, "datetime": {"datetime": "2022-03-29 16:03:16", "elapsed": 88.672663, "delta": 0.473269}}
{"target": 0.9677981133564593, "params": {"a": 4.863305133830646, "dB": 8.815441299972168, "s": 0.7737807591225518}, "datetime": {"datetime": "2022-03-29 16:03:17", "elapsed": 89.251377, "delta": 0.578714}}
{"target": 0.9841869575296823, "params": {"a": 3.218288699098647, "dB": 8.972093026430509, "s": 0.21137158525171476}, "datetime": {"datetime": "2022-03-29 16:03:18", "elapsed": 89.871892, "delta": 0.620515}}
{"target": 0.9955075463347698, "params": {"a": 3.0424193157067663, "dB": 8.940013846460243, "s": 0.3105712057138633}, "datetime": {"datetime": "2022-03-29 16:03:18", "elapsed": 90.357145, "delta": 0.485253}}
{"target": 0.9907310472427012, "params": {"a": 2.941031750321751, "dB": 7.815663373980944, "s": 0.35755958953687983}, "datetime": {"datetime": "2022-03-29 16:03:19", "elapsed": 90.916239, "delta": 0.559094}}
{"target": 0.9297970905272145, "params": {"a": 3.4920342825021735, "dB": 7.585722531796449, "s": 0.35053807241126284}, "datetime": {"datetime": "2022-03-29 16:03:19", "elapsed": 91.445968, "delta": 0.529729}}
{"target": 0.9145423337948153, "params": {"a": 3.6134226986758886, "dB": 7.5, "s": 0.6358649016847201}, "datetime": {"datetime": "2022-03-29 16:03:20", "elapsed": 91.971467, "delta": 0.525499}}
{"target": 0.9847886979336484, "params": {"a": 3.030536637535359, "dB": 7.5, "s": 0.4297477654832785}, "datetime": {"datetime": "2022-03-29 16:03:20", "elapsed": 92.387197, "delta": 0.41573}}
{"target": 0.9184842804817954, "params": {"a": 4.632512914091864, "dB": 9.752567309516175, "s": 0.7792272275663029}, "datetime": {"datetime": "2022-03-29 16:03:21", "elapsed": 92.994387, "delta": 0.60719}}
{"target": 0.9536967786486025, "params": {"a": 2.450643872522371, "dB": 8.309177780834359, "s": 0.31017374658681773}, "datetime": {"datetime": "2022-03-29 16:03:21", "elapsed": 93.511257, "delta": 0.51687}}
{"target": 0.9832270552756528, "params": {"a": 2.8706909009069737, "dB": 9.250329490991275, "s": 0.2302371982849072}, "datetime": {"datetime": "2022-03-29 16:03:22", "elapsed": 94.021962, "delta": 0.510705}}
{"target": 0.3999621797725407, "params": {"a": 5.0, "dB": 7.5, "s": 0.1}, "datetime": {"datetime": "2022-03-29 16:03:22", "elapsed": 94.622354, "delta": 0.600392}}
{"target": 0.8482768681863286, "params": {"a": 4.5556055388271295, "dB": 7.5633406604785485, "s": 0.5646808939835737}, "datetime": {"datetime": "2022-03-29 16:03:23", "elapsed": 95.206613, "delta": 0.584259}}
{"target": 0.9918963955558897, "params": {"a": 3.202763864462296, "dB": 9.186768223013168, "s": 0.24637418339284645}, "datetime": {"datetime": "2022-03-29 16:03:24", "elapsed": 95.87042, "delta": 0.663807}}
{"target": 0.993937500116785, "params": {"a": 3.002250305691172, "dB": 8.625706166240473, "s": 0.3082376403777237}, "datetime": {"datetime": "2022-03-29 16:03:24", "elapsed": 96.480815, "delta": 0.610395}}
{"target": 0.9395080112536746, "params": {"a": 2.510402499299122, "dB": 9.917940413471523, "s": 0.303946586361651}, "datetime": {"datetime": "2022-03-29 16:03:25", "elapsed": 96.981362, "delta": 0.500547}}
{"target": 0.9340772243619958, "params": {"a": 4.351357811105944, "dB": 9.3224172219988, "s": 0.6106036211334005}, "datetime": {"datetime": "2022-03-29 16:03:25", "elapsed": 97.572419, "delta": 0.591057}}
