{"target": 0.40282359975770315, "params": {"a": 6.132087985249271, "dB": 15.010051830851612, "s": 1.7192009587031551}, "datetime": {"datetime": "2022-03-24 19:32:28", "elapsed": 14606.875148, "delta": 5.057843}}
{"target": 0.37834382001368333, "params": {"a": 9.868085895223594, "dB": 16.681564778963033, "s": 0.828475594096747}, "datetime": {"datetime": "2022-03-24 19:33:14", "elapsed": 14653.384012, "delta": 46.508864}}
{"target": 0.40228375217714446, "params": {"a": 6.3873340488717325, "dB": 15.725715942967454, "s": 2.5}, "datetime": {"datetime": "2022-03-24 19:33:22", "elapsed": 14661.634912, "delta": 8.2509}}
{"target": 0.24021046363727785, "params": {"a": 9.516413781895888, "dB": 15.0, "s": 1.7152384346725627}, "datetime": {"datetime": "2022-03-24 19:33:55", "elapsed": 14693.936455, "delta": 32.301543}}
{"target": 0.7072533297276242, "params": {"a": 7.50475102502327, "dB": 16.5505438216185, "s": 0.23369580079139948}, "datetime": {"datetime": "2022-03-24 19:34:33", "elapsed": 14732.621035, "delta": 38.68458}}
{"target": 0.8330950513084522, "params": {"a": 8.41072367136357, "dB": 16.590077231723296, "s": 0.29025324431806115}, "datetime": {"datetime": "2022-03-24 19:35:13", "elapsed": 14771.816268, "delta": 39.195233}}
{"target": 0.28012341311304517, "params": {"a": 8.640296515318438, "dB": 16.571428607369867, "s": 1.6107901333967944}, "datetime": {"datetime": "2022-03-24 19:35:52", "elapsed": 14810.895745, "delta": 39.079477}}
{"target": 0.23479660322983656, "params": {"a": 6.945691735453281, "dB": 15.005579074755627, "s": 1.4295618869771385}, "datetime": {"datetime": "2022-03-24 19:35:57", "elapsed": 14816.159038, "delta": 5.263293}}
{"target": 0.24645454482252688, "params": {"a": 7.702025074251562, "dB": 16.735910889646373, "s": 1.9797753696892775}, "datetime": {"datetime": "2022-03-24 19:36:35", "elapsed": 14854.692094, "delta": 38.533056}}
{"target": 0.6210687399260354, "params": {"a": 6.131266769168349, "dB": 16.323568972745417, "s": 0.1}, "datetime": {"datetime": "2022-03-24 19:37:14", "elapsed": 14893.603095, "delta": 38.911001}}
{"target": 0.39935367617753187, "params": {"a": 9.036931487064198, "dB": 16.892002295967078, "s": 0.7742299128033215}, "datetime": {"datetime": "2022-03-24 19:37:54", "elapsed": 14932.834785, "delta": 39.23169}}
{"target": 0.30683751711908214, "params": {"a": 9.993907775050213, "dB": 16.659039342064503, "s": 1.9472334335872141}, "datetime": {"datetime": "2022-03-24 19:38:48", "elapsed": 14987.595612, "delta": 54.760827}}
{"target": 0.430513731163503, "params": {"a": 9.369123419250666, "dB": 16.22175761795338, "s": 2.5}, "datetime": {"datetime": "2022-03-24 19:39:16", "elapsed": 15015.506639, "delta": 27.911027}}
{"target": 0.36225518850780203, "params": {"a": 7.308335948659984, "dB": 16.330234613899677, "s": 1.174330122299575}, "datetime": {"datetime": "2022-03-24 19:39:55", "elapsed": 15054.542778, "delta": 39.036139}}
{"target": 0.8473977008951544, "params": {"a": 9.633552469890766, "dB": 15.171658947607327, "s": 0.4303730588836002}, "datetime": {"datetime": "2022-03-24 19:40:35", "elapsed": 15093.795307, "delta": 39.252529}}
{"target": 0.15905978055278053, "params": {"a": 8.954434755768048, "dB": 15.569501275812591, "s": 0.1746605172448623}, "datetime": {"datetime": "2022-03-24 19:40:53", "elapsed": 15112.578591, "delta": 18.783284}}
{"target": 0.28667742915456806, "params": {"a": 8.810930058865813, "dB": 16.9479950986853, "s": 2.4938946034808396}, "datetime": {"datetime": "2022-03-24 19:41:33", "elapsed": 15152.13871, "delta": 39.560119}}
{"target": 0.9698743848742657, "params": {"a": 9.689990869879495, "dB": 15.025627648202837, "s": 0.36694369572149443}, "datetime": {"datetime": "2022-03-24 19:42:12", "elapsed": 15190.784532, "delta": 38.645822}}
{"target": 0.729763860259499, "params": {"a": 7.386481892730448, "dB": 16.266618128873343, "s": 0.23230275490311864}, "datetime": {"datetime": "2022-03-24 19:42:34", "elapsed": 15213.652081, "delta": 22.867549}}
{"target": 0.4896718507206863, "params": {"a": 8.84568812896396, "dB": 16.29452260184358, "s": 1.4686821798964431}, "datetime": {"datetime": "2022-03-24 19:43:02", "elapsed": 15241.547934, "delta": 27.895853}}
{"target": 0.594996893930698, "params": {"a": 5.868116524475626, "dB": 17.0, "s": 0.1}, "datetime": {"datetime": "2022-03-24 19:43:41", "elapsed": 15280.225594, "delta": 38.67766}}
{"target": 0.8866910866889183, "params": {"a": 8.666421624872626, "dB": 16.40698517151731, "s": 0.3144954792187189}, "datetime": {"datetime": "2022-03-24 19:44:20", "elapsed": 15319.175811, "delta": 38.950217}}
{"target": 0.4530948811389437, "params": {"a": 5.9028385826864564, "dB": 15.464861545750363, "s": 1.2738744259537433}, "datetime": {"datetime": "2022-03-24 19:44:28", "elapsed": 15326.933537, "delta": 7.757726}}
{"target": 0.5745100118499327, "params": {"a": 7.6743779767450215, "dB": 17.0, "s": 0.1}, "datetime": {"datetime": "2022-03-24 19:45:06", "elapsed": 15365.617639, "delta": 38.684102}}
{"target": 0.39069932698224585, "params": {"a": 6.199200285203015, "dB": 15.907064258229402, "s": 1.6960312437770484}, "datetime": {"datetime": "2022-03-24 19:45:14", "elapsed": 15373.454595, "delta": 7.836956}}
{"target": 0.37901722466807813, "params": {"a": 9.945597033027816, "dB": 16.762256154852775, "s": 1.127127465115768}, "datetime": {"datetime": "2022-03-24 19:46:01", "elapsed": 15420.396714, "delta": 46.942119}}
{"target": 0.9581150119497509, "params": {"a": 9.712177000212442, "dB": 15.118049588354785, "s": 0.34865972787081007}, "datetime": {"datetime": "2022-03-24 19:46:40", "elapsed": 15459.433264, "delta": 39.03655}}
{"target": 0.4720667191632945, "params": {"a": 7.767193051995771, "dB": 16.989015116254564, "s": 1.1022610248286482}, "datetime": {"datetime": "2022-03-24 19:47:20", "elapsed": 15499.136215, "delta": 39.702951}}
{"target": 0.24742588441967397, "params": {"a": 5.515120775297592, "dB": 15.93215297417717, "s": 2.0695785747315716}, "datetime": {"datetime": "2022-03-24 19:47:30", "elapsed": 15509.547856, "delta": 10.411641}}
{"target": 0.6729251482106432, "params": {"a": 7.200446260773283, "dB": 16.37485387460277, "s": 0.19555813366432603}, "datetime": {"datetime": "2022-03-24 19:48:10", "elapsed": 15548.916834, "delta": 39.368978}}
{"target": 0.3720553743520194, "params": {"a": 8.553199875366884, "dB": 16.019211103610512, "s": 2.037601085462236}, "datetime": {"datetime": "2022-03-24 19:48:22", "elapsed": 15561.556863, "delta": 12.640029}}
{"target": 0.6591885323409558, "params": {"a": 7.002825969537067, "dB": 16.468451149685347, "s": 0.18216888779193924}, "datetime": {"datetime": "2022-03-24 19:49:01", "elapsed": 15600.455296, "delta": 38.898433}}
{"target": 0.9407061413267989, "params": {"a": 9.6316424324861, "dB": 15.038384892975865, "s": 0.4103701528864523}, "datetime": {"datetime": "2022-03-24 19:49:40", "elapsed": 15639.511613, "delta": 39.056317}}
{"target": 0.4631223642471513, "params": {"a": 5.5, "dB": 17.0, "s": 0.7398603548520376}, "datetime": {"datetime": "2022-03-24 19:50:19", "elapsed": 15678.400211, "delta": 38.888598}}
{"target": 0.2599550364230227, "params": {"a": 9.436481669333064, "dB": 16.263479394098123, "s": 1.1598585867647724}, "datetime": {"datetime": "2022-03-24 19:50:52", "elapsed": 15711.117752, "delta": 32.717541}}
{"target": 0.49329618482671334, "params": {"a": 5.982567104401105, "dB": 15.0, "s": 0.1}, "datetime": {"datetime": "2022-03-24 19:50:57", "elapsed": 15716.271615, "delta": 5.153863}}
{"target": 0.4753508385428697, "params": {"a": 5.854440890131869, "dB": 15.767808905043024, "s": 0.2892662086249135}, "datetime": {"datetime": "2022-03-24 19:51:05", "elapsed": 15724.099152, "delta": 7.827537}}
{"target": 0.3170683628301128, "params": {"a": 7.00234430227971, "dB": 15.862579903724733, "s": 2.0818113808696492}, "datetime": {"datetime": "2022-03-24 19:51:13", "elapsed": 15732.208395, "delta": 8.109243}}
{"target": 0.49347906538694, "params": {"a": 5.5, "dB": 15.0, "s": 0.8597197489333069}, "datetime": {"datetime": "2022-03-24 19:51:18", "elapsed": 15737.50129, "delta": 5.292895}}
{"target": 0.609217904745087, "params": {"a": 6.3276472303230324, "dB": 17.0, "s": 0.1}, "datetime": {"datetime": "2022-03-24 19:51:57", "elapsed": 15776.571761, "delta": 39.070471}}
{"target": 0.3574003373201542, "params": {"a": 6.367497463854722, "dB": 16.431891673527275, "s": 1.7025246616861587}, "datetime": {"datetime": "2022-03-24 19:52:36", "elapsed": 15815.171511, "delta": 38.59975}}
{"target": 0.9180775468434217, "params": {"a": 9.017242627273735, "dB": 16.693201626256606, "s": 0.33339108365828374}, "datetime": {"datetime": "2022-03-24 19:53:15", "elapsed": 15854.285109, "delta": 39.113598}}
{"target": 0.5317314838732655, "params": {"a": 6.420849479813487, "dB": 15.271594187180854, "s": 0.7787709976651701}, "datetime": {"datetime": "2022-03-24 19:53:23", "elapsed": 15862.376268, "delta": 8.091159}}
{"target": 0.49857313929435726, "params": {"a": 5.5, "dB": 16.16002838118917, "s": 0.7327746359988364}, "datetime": {"datetime": "2022-03-24 19:53:42", "elapsed": 15881.65556, "delta": 19.279292}}
{"target": 0.31978240522520135, "params": {"a": 10.0, "dB": 15.609934349637255, "s": 0.9277615821812271}, "datetime": {"datetime": "2022-03-24 19:54:36", "elapsed": 15935.657665, "delta": 54.002105}}
{"target": 0.4224050548078954, "params": {"a": 5.941700701230667, "dB": 15.402990072827409, "s": 2.5}, "datetime": {"datetime": "2022-03-24 19:54:45", "elapsed": 15944.163808, "delta": 8.506143}}
{"target": 0.2083082445336483, "params": {"a": 10.0, "dB": 15.910810838903009, "s": 2.5}, "datetime": {"datetime": "2022-03-24 19:55:40", "elapsed": 15998.958475, "delta": 54.794667}}
{"target": 0.3768546725973793, "params": {"a": 7.046296194618434, "dB": 16.459916001684213, "s": 2.5}, "datetime": {"datetime": "2022-03-24 19:56:19", "elapsed": 16037.834076, "delta": 38.875601}}
{"target": 0.39200352696218405, "params": {"a": 9.687214909506121, "dB": 16.85832025094567, "s": 2.2368454913898104}, "datetime": {"datetime": "2022-03-24 19:56:58", "elapsed": 16076.825353, "delta": 38.991277}}
{"target": 0.42163770197206923, "params": {"a": 9.999727613274906, "dB": 15.569930125360274, "s": 1.2824198593422682}, "datetime": {"datetime": "2022-03-24 19:57:51", "elapsed": 16130.479977, "delta": 53.654624}}
{"target": 0.32183528560020025, "params": {"a": 8.745324672515993, "dB": 15.576005465004394, "s": 1.1765788057360282}, "datetime": {"datetime": "2022-03-24 19:58:08", "elapsed": 16146.767434, "delta": 16.287457}}
{"target": 0.9188343206933021, "params": {"a": 8.975669845561246, "dB": 16.496274605254552, "s": 0.3865579591470668}, "datetime": {"datetime": "2022-03-24 19:58:47", "elapsed": 16186.087078, "delta": 39.319644}}
{"target": 0.31804251248960164, "params": {"a": 8.40416870042569, "dB": 16.791730325066407, "s": 0.6923525851810423}, "datetime": {"datetime": "2022-03-24 19:59:26", "elapsed": 16224.833641, "delta": 38.746563}}
{"target": 0.14188517836225453, "params": {"a": 8.164904154131124, "dB": 15.0, "s": 0.1}, "datetime": {"datetime": "2022-03-24 19:59:34", "elapsed": 16233.216258, "delta": 8.382617}}
{"target": 0.33897405484529763, "params": {"a": 7.197388600098606, "dB": 15.661192676138995, "s": 2.09972065278682}, "datetime": {"datetime": "2022-03-24 19:59:42", "elapsed": 16241.053345, "delta": 7.837087}}
{"target": 0.8758540799897783, "params": {"a": 8.807121417777456, "dB": 16.44114136282753, "s": 0.29808798104291456}, "datetime": {"datetime": "2022-03-24 20:00:21", "elapsed": 16280.486231, "delta": 39.432886}}
{"target": 0.9520125572378867, "params": {"a": 9.825758235569575, "dB": 15.006081607798286, "s": 0.3940428811140426}, "datetime": {"datetime": "2022-03-24 20:01:08", "elapsed": 16326.821832, "delta": 46.335601}}
{"target": 0.44135615338044676, "params": {"a": 7.204521053049336, "dB": 16.997758364584136, "s": 1.091091291502373}, "datetime": {"datetime": "2022-03-24 20:01:47", "elapsed": 16366.085841, "delta": 39.264009}}
{"target": 0.23443748005292386, "params": {"a": 8.688856788502866, "dB": 15.659576558580602, "s": 2.5}, "datetime": {"datetime": "2022-03-24 20:02:03", "elapsed": 16382.322462, "delta": 16.236621}}
{"target": 0.3387244636541526, "params": {"a": 6.236783021829654, "dB": 15.203463839497902, "s": 1.536553698920308}, "datetime": {"datetime": "2022-03-24 20:02:11", "elapsed": 16390.066665, "delta": 7.744203}}
{"target": 0.462976421641544, "params": {"a": 5.9488662317126675, "dB": 15.602966755342859, "s": 0.7088566418991774}, "datetime": {"datetime": "2022-03-24 20:02:20", "elapsed": 16398.756832, "delta": 8.690167}}
{"target": 0.3703681700106744, "params": {"a": 8.40388050523979, "dB": 16.97838568686206, "s": 1.8399284087264154}, "datetime": {"datetime": "2022-03-24 20:02:59", "elapsed": 16438.300233, "delta": 39.543401}}
{"target": 0.8336937393226639, "params": {"a": 8.21665180153894, "dB": 16.897857747662446, "s": 0.30962139835489877}, "datetime": {"datetime": "2022-03-24 20:03:38", "elapsed": 16477.477342, "delta": 39.177109}}
{"target": 0.4733899014574132, "params": {"a": 6.4892296890578605, "dB": 15.0, "s": 2.1520967019990334}, "datetime": {"datetime": "2022-03-24 20:03:44", "elapsed": 16482.880095, "delta": 5.402753}}
{"target": 0.9665778289661521, "params": {"a": 9.745601790625399, "dB": 15.454186696716777, "s": 0.36504056021088727}, "datetime": {"datetime": "2022-03-24 20:04:23", "elapsed": 16522.70667, "delta": 39.826575}}
{"target": 0.9084159139235283, "params": {"a": 9.825355723316017, "dB": 15.072464479920468, "s": 0.37119108030290915}, "datetime": {"datetime": "2022-03-24 20:05:10", "elapsed": 16569.242265, "delta": 46.535595}}
{"target": 0.9180411468537825, "params": {"a": 9.379842501353373, "dB": 17.0, "s": 0.3231228723107736}, "datetime": {"datetime": "2022-03-24 20:05:50", "elapsed": 16609.237062, "delta": 39.994797}}
{"target": 0.43959238517824756, "params": {"a": 7.725349493532912, "dB": 15.0, "s": 2.5}, "datetime": {"datetime": "2022-03-24 20:05:56", "elapsed": 16615.085451, "delta": 5.848389}}
{"target": 0.30166058422777814, "params": {"a": 5.5, "dB": 17.0, "s": 1.6297714499949185}, "datetime": {"datetime": "2022-03-24 20:06:35", "elapsed": 16653.816155, "delta": 38.730704}}
{"target": 0.3287230854426965, "params": {"a": 6.7083178516934465, "dB": 16.11212650523672, "s": 2.0572657361017566}, "datetime": {"datetime": "2022-03-24 20:06:45", "elapsed": 16664.011377, "delta": 10.195222}}
{"target": 0.3012812213662502, "params": {"a": 7.573115314202395, "dB": 16.314899584975773, "s": 1.603685422081983}, "datetime": {"datetime": "2022-03-24 20:07:18", "elapsed": 16697.137583, "delta": 33.126206}}
{"target": 0.4090349354121392, "params": {"a": 6.307842347205362, "dB": 16.668311216505785, "s": 1.0373135763102623}, "datetime": {"datetime": "2022-03-24 20:07:57", "elapsed": 16735.891357, "delta": 38.753774}}
{"target": 0.5352783611032368, "params": {"a": 5.981543599327097, "dB": 16.01736351062255, "s": 0.1003226316822886}, "datetime": {"datetime": "2022-03-24 20:08:07", "elapsed": 16746.545956, "delta": 10.654599}}
{"target": 0.9557416798528893, "params": {"a": 9.626682976834264, "dB": 16.29795426693383, "s": 0.36631720766473963}, "datetime": {"datetime": "2022-03-24 20:08:47", "elapsed": 16786.142539, "delta": 39.596583}}
{"target": 0.9537102509236042, "params": {"a": 9.721540103841075, "dB": 15.781975031546873, "s": 0.348276764165565}, "datetime": {"datetime": "2022-03-24 20:09:25", "elapsed": 16824.707057, "delta": 38.564518}}
{"target": 0.5193778312682863, "params": {"a": 5.5, "dB": 15.357882980024772, "s": 0.1}, "datetime": {"datetime": "2022-03-24 20:09:34", "elapsed": 16832.930148, "delta": 8.223091}}
{"target": 0.45768110091160713, "params": {"a": 9.268302838208168, "dB": 15.364645838113491, "s": 2.5}, "datetime": {"datetime": "2022-03-24 20:10:01", "elapsed": 16860.554533, "delta": 27.624385}}
{"target": 0.34165253707268595, "params": {"a": 5.581724178523498, "dB": 15.880693505702459, "s": 1.4968063966188414}, "datetime": {"datetime": "2022-03-24 20:10:09", "elapsed": 16868.375703, "delta": 7.82117}}
{"target": 0.38103421176932933, "params": {"a": 6.41800608846383, "dB": 15.995118634460583, "s": 0.4040521750210373}, "datetime": {"datetime": "2022-03-24 20:10:19", "elapsed": 16878.596212, "delta": 10.220509}}
{"target": 0.9537909002852134, "params": {"a": 9.626181073931058, "dB": 16.37241011105396, "s": 0.3616068220047193}, "datetime": {"datetime": "2022-03-24 20:10:59", "elapsed": 16918.065173, "delta": 39.468961}}
{"target": 0.41479939159361245, "params": {"a": 6.767720812930022, "dB": 15.509601647038744, "s": 0.757016557400343}, "datetime": {"datetime": "2022-03-24 20:11:07", "elapsed": 16926.030424, "delta": 7.965251}}
{"target": 0.3077444146553627, "params": {"a": 8.472888500529436, "dB": 16.373264578218787, "s": 2.4933901518651185}, "datetime": {"datetime": "2022-03-24 20:11:47", "elapsed": 16965.795052, "delta": 39.764628}}
{"target": 0.9519224570016525, "params": {"a": 9.755082929330213, "dB": 15.535406765339756, "s": 0.3445544942796237}, "datetime": {"datetime": "2022-03-24 20:12:25", "elapsed": 17004.72327, "delta": 38.928218}}
{"target": 0.8027606067414839, "params": {"a": 9.293190901123854, "dB": 16.991401837467837, "s": 0.26986002595980774}, "datetime": {"datetime": "2022-03-24 20:13:05", "elapsed": 17044.748531, "delta": 40.025261}}
{"target": 0.9796077276533424, "params": {"a": 9.542431017001645, "dB": 15.62676434129379, "s": 0.37239944282621}, "datetime": {"datetime": "2022-03-24 20:13:38", "elapsed": 17077.351402, "delta": 32.602871}}
{"target": 0.26378118607686346, "params": {"a": 7.809312545316715, "dB": 15.527416101775442, "s": 1.5875002841782349}, "datetime": {"datetime": "2022-03-24 20:13:46", "elapsed": 17085.68242, "delta": 8.331018}}
{"target": 0.6337702632073637, "params": {"a": 8.738205014446715, "dB": 16.532509925210157, "s": 0.4412603074149387}, "datetime": {"datetime": "2022-03-24 20:14:25", "elapsed": 17124.6303, "delta": 38.94788}}
{"target": 0.926851712244847, "params": {"a": 9.504776897626225, "dB": 17.0, "s": 0.3934844016297968}, "datetime": {"datetime": "2022-03-24 20:15:05", "elapsed": 17164.234519, "delta": 39.604219}}
{"target": 0.34869284466772565, "params": {"a": 7.555857337338725, "dB": 15.0, "s": 1.8632181626921507}, "datetime": {"datetime": "2022-03-24 20:15:11", "elapsed": 17169.904656, "delta": 5.670137}}
{"target": 0.4688407540825849, "params": {"a": 6.459022763835358, "dB": 15.734334164490972, "s": 2.1735557268696377}, "datetime": {"datetime": "2022-03-24 20:15:19", "elapsed": 17177.842358, "delta": 7.937702}}
{"target": 0.8908430905015231, "params": {"a": 8.969683809258271, "dB": 16.812851287228728, "s": 0.3081923958442368}, "datetime": {"datetime": "2022-03-24 20:15:58", "elapsed": 17217.319039, "delta": 39.476681}}
{"target": 0.9350193217131892, "params": {"a": 9.75332993015968, "dB": 15.000261375959596, "s": 0.4147561505178933}, "datetime": {"datetime": "2022-03-24 20:16:37", "elapsed": 17256.665616, "delta": 39.346577}}
{"target": 0.39887066193849957, "params": {"a": 5.766848420969912, "dB": 16.9068966612616, "s": 2.4059242044957947}, "datetime": {"datetime": "2022-03-24 20:17:16", "elapsed": 17295.606533, "delta": 38.940917}}
{"target": 0.5517788668888857, "params": {"a": 9.008284792384147, "dB": 17.0, "s": 1.1124711112013088}, "datetime": {"datetime": "2022-03-24 20:17:56", "elapsed": 17335.56428, "delta": 39.957747}}
{"target": 0.46938594197168765, "params": {"a": 9.61870648035585, "dB": 17.0, "s": 0.5062602379466873}, "datetime": {"datetime": "2022-03-24 20:18:37", "elapsed": 17375.781139, "delta": 40.216859}}
{"target": 0.9349603868444292, "params": {"a": 9.48903434330007, "dB": 16.95895386735011, "s": 0.3431183641335003}, "datetime": {"datetime": "2022-03-24 20:19:16", "elapsed": 17415.150887, "delta": 39.369748}}
{"target": 0.41201188097533825, "params": {"a": 6.404293593429161, "dB": 15.84569424804864, "s": 2.332507600335454}, "datetime": {"datetime": "2022-03-24 20:19:24", "elapsed": 17423.162601, "delta": 8.011714}}
{"target": 0.9835566609521701, "params": {"a": 9.54033293485503, "dB": 16.270264115915065, "s": 0.3322914313264442}, "datetime": {"datetime": "2022-03-24 20:19:57", "elapsed": 17456.744546, "delta": 33.581945}}
{"target": 0.4014864977710133, "params": {"a": 6.246157838823018, "dB": 16.705160533950327, "s": 0.42701799044568245}, "datetime": {"datetime": "2022-03-24 20:20:36", "elapsed": 17495.576252, "delta": 38.831706}}
{"target": 0.45149498338518695, "params": {"a": 6.4010447118544205, "dB": 15.0, "s": 2.5}, "datetime": {"datetime": "2022-03-24 20:20:42", "elapsed": 17501.010086, "delta": 5.433834}}
{"target": 0.9907985933093719, "params": {"a": 9.45275091223988, "dB": 16.29953698342939, "s": 0.34269262263253114}, "datetime": {"datetime": "2022-03-24 20:21:15", "elapsed": 17534.410533, "delta": 33.400447}}
{"target": 0.6729838387214444, "params": {"a": 9.534081006504302, "dB": 16.230388019465433, "s": 0.43450902859215135}, "datetime": {"datetime": "2022-03-24 20:21:49", "elapsed": 17567.948169, "delta": 33.537636}}
{"target": 0.9343503103922389, "params": {"a": 9.419460454594445, "dB": 16.366392233824367, "s": 0.3313074221128163}, "datetime": {"datetime": "2022-03-24 20:22:29", "elapsed": 17608.152335, "delta": 40.204166}}
{"target": 0.4257996557334073, "params": {"a": 7.384111844277428, "dB": 15.33435851503955, "s": 0.9991338783224525}, "datetime": {"datetime": "2022-03-24 20:22:37", "elapsed": 17616.671354, "delta": 8.519019}}
{"target": 0.9169059766788386, "params": {"a": 9.417771274902929, "dB": 17.0, "s": 0.3981905496891148}, "datetime": {"datetime": "2022-03-24 20:23:18", "elapsed": 17656.78127, "delta": 40.109916}}
{"target": 0.8594478155977326, "params": {"a": 9.523032262049131, "dB": 16.32963092025367, "s": 0.2853058072723019}, "datetime": {"datetime": "2022-03-24 20:23:57", "elapsed": 17696.187098, "delta": 39.405828}}
