{"target": 0.2804503927024712, "params": {"a": 5.1680880188102964, "dB": 12.660973480326474, "s": 0.10013724978081387}, "datetime": {"datetime": "2022-03-28 11:38:07", "elapsed": 0.0, "delta": 0.0}}
{"target": 0.8724948797074785, "params": {"a": 4.709330290527359, "dB": 10.94026767245134, "s": 0.21080631372255737}, "datetime": {"datetime": "2022-03-28 11:38:07", "elapsed": 0.126661, "delta": 0.126661}}
{"target": 0.8790643588072062, "params": {"a": 4.245040845510683, "dB": 11.536682181129143, "s": 0.5761209690768039}, "datetime": {"datetime": "2022-03-28 11:38:07", "elapsed": 0.603717, "delta": 0.477056}}
{"target": 0.5132798677609972, "params": {"a": 5.655266936013428, "dB": 11.757583543209885, "s": 0.9222634004761113}, "datetime": {"datetime": "2022-03-28 11:38:08", "elapsed": 1.042443, "delta": 0.438726}}
{"target": 0.34700370100258404, "params": {"a": 4.31780899892607, "dB": 13.134352309172836, "s": 0.1328651118375114}, "datetime": {"datetime": "2022-03-28 11:38:09", "elapsed": 1.922417, "delta": 0.879974}}
{"target": 0.7962505018527946, "params": {"a": 6.1818700407136085, "dB": 11.751914407101381, "s": 0.7704277941349019}, "datetime": {"datetime": "2022-03-28 11:38:09", "elapsed": 2.524377, "delta": 0.60196}}
{"target": 0.6650321053043954, "params": {"a": 4.0615477543809355, "dB": 11.094304467254636, "s": 1.060893482410644}, "datetime": {"datetime": "2022-03-28 11:38:09", "elapsed": 2.636078, "delta": 0.111701}}
{"target": 0.7934988699751379, "params": {"a": 7.37304630287759, "dB": 11.440272534477728, "s": 0.9307871388031769}, "datetime": {"datetime": "2022-03-28 11:38:12", "elapsed": 5.562093, "delta": 2.926015}}
{"target": 0.2938773989038998, "params": {"a": 7.005556609184153, "dB": 13.183819990511541, "s": 0.2020530536437335}, "datetime": {"datetime": "2022-03-28 11:38:14", "elapsed": 7.199919, "delta": 1.637826}}
{"target": 0.5703098225217106, "params": {"a": 3.6562191329315294, "dB": 11.009491258693707, "s": 1.1537710041152958}, "datetime": {"datetime": "2022-03-28 11:38:14", "elapsed": 7.303482, "delta": 0.103563}}
{"target": 0.5811358713490902, "params": {"a": 3.8933873353322004, "dB": 11.763322875015156, "s": 1.2494674361806024}, "datetime": {"datetime": "2022-03-28 11:38:14", "elapsed": 7.657122, "delta": 0.35364}}
{"target": 0.4828066830997855, "params": {"a": 5.632661139892068, "dB": 12.57563134185142, "s": 0.47861875720727554}, "datetime": {"datetime": "2022-03-28 11:38:15", "elapsed": 8.381965, "delta": 0.724843}}
{"target": 0.05391545197797173, "params": {"a": 6.246003710726335, "dB": 13.003877015692119, "s": 0.12194593281303018}, "datetime": {"datetime": "2022-03-28 11:38:16", "elapsed": 9.17431, "delta": 0.792345}}
{"target": 0.48348096030859855, "params": {"a": 6.50057725977987, "dB": 13.466583266719484, "s": 0.9977987852558072}, "datetime": {"datetime": "2022-03-28 11:38:17", "elapsed": 9.955249, "delta": 0.780939}}
{"target": 0.3560249933706778, "params": {"a": 4.621775968257621, "dB": 12.867837985354466, "s": 0.22387120789317044}, "datetime": {"datetime": "2022-03-28 11:38:17", "elapsed": 10.656616, "delta": 0.701367}}
{"target": 0.4839396253087868, "params": {"a": 5.291574104703621, "dB": 13.225786509279287, "s": 0.45233697804841544}, "datetime": {"datetime": "2022-03-28 11:38:18", "elapsed": 11.554007, "delta": 0.897391}}
{"target": 0.7946806657037234, "params": {"a": 4.6511013543453945, "dB": 10.890085716354832, "s": 0.1232403494443565}, "datetime": {"datetime": "2022-03-28 11:38:18", "elapsed": 11.674435, "delta": 0.120428}}
{"target": 0.4845395098601572, "params": {"a": 6.215342131759564, "dB": 11.134884348000178, "s": 0.4186559912466714}, "datetime": {"datetime": "2022-03-28 11:38:19", "elapsed": 12.179345, "delta": 0.50491}}
{"target": 0.5910617672129493, "params": {"a": 5.466292637121353, "dB": 10.66008763535124, "s": 0.7889411265904156}, "datetime": {"datetime": "2022-03-28 11:38:19", "elapsed": 12.518439, "delta": 0.339094}}
{"target": 0.5009813609374272, "params": {"a": 4.08691429962324, "dB": 12.267916610709852, "s": 0.9397100320251174}, "datetime": {"datetime": "2022-03-28 11:38:20", "elapsed": 13.425216, "delta": 0.906777}}
{"target": 0.544333430571435, "params": {"a": 3.9093377153113034, "dB": 11.742167963458705, "s": 0.933280189273294}, "datetime": {"datetime": "2022-03-28 11:38:20", "elapsed": 13.78781, "delta": 0.362594}}
{"target": 0.647890800813432, "params": {"a": 5.156717078107611, "dB": 10.649860376838262, "s": 0.7430756870986138}, "datetime": {"datetime": "2022-03-28 11:38:21", "elapsed": 14.003721, "delta": 0.215911}}
{"target": 0.46474357889685897, "params": {"a": 6.155178580879156, "dB": 12.044667336174925, "s": 1.2335137071889761}, "datetime": {"datetime": "2022-03-28 11:38:21", "elapsed": 14.761988, "delta": 0.758267}}
{"target": 0.34278373683850916, "params": {"a": 5.846220162007972, "dB": 13.21020574586365, "s": 0.26496964497548503}, "datetime": {"datetime": "2022-03-28 11:38:22", "elapsed": 15.513201, "delta": 0.751213}}
{"target": 0.7733326289278171, "params": {"a": 4.057105389003034, "dB": 12.92217386612857, "s": 0.5772122043826403}, "datetime": {"datetime": "2022-03-28 11:38:23", "elapsed": 16.227428, "delta": 0.714227}}
{"target": 0.823437659200861, "params": {"a": 4.161416788467731, "dB": 13.282525741188103, "s": 0.5173190316946079}, "datetime": {"datetime": "2022-03-28 11:38:24", "elapsed": 16.927466, "delta": 0.700038}}
{"target": 0.512772825529316, "params": {"a": 6.503248412544622, "dB": 12.677993956051354, "s": 1.1599673094469718}, "datetime": {"datetime": "2022-03-28 11:38:24", "elapsed": 17.688167, "delta": 0.760701}}
{"target": 0.4886691324107837, "params": {"a": 5.9946888282224355, "dB": 12.75282730208201, "s": 0.518678010373411}, "datetime": {"datetime": "2022-03-28 11:38:25", "elapsed": 18.436954, "delta": 0.748787}}
{"target": 0.8705018218654524, "params": {"a": 4.579711567060104, "dB": 13.187658654588201, "s": 0.6137094278455538}, "datetime": {"datetime": "2022-03-28 11:38:26", "elapsed": 19.153592, "delta": 0.716638}}
{"target": 0.9757395893804744, "params": {"a": 7.359360188593542, "dB": 12.490324493455343, "s": 0.8460348642509461}, "datetime": {"datetime": "2022-03-28 11:38:29", "elapsed": 21.849018, "delta": 2.695426}}
{"target": 0.634936959909853, "params": {"a": 3.9589838918135007, "dB": 13.348467776121215, "s": 0.6398945601759286}, "datetime": {"datetime": "2022-03-28 11:38:29", "elapsed": 22.549113, "delta": 0.700095}}
{"target": 0.4773088174889444, "params": {"a": 5.8135584575485275, "dB": 11.724410408283843, "s": 0.3844323762916333}, "datetime": {"datetime": "2022-03-28 11:38:30", "elapsed": 22.935275, "delta": 0.386162}}
{"target": 0.14288059571445896, "params": {"a": 7.113518082249016, "dB": 12.221038460016857, "s": 0.10344439243739077}, "datetime": {"datetime": "2022-03-28 11:38:32", "elapsed": 24.906546, "delta": 1.971271}}
{"target": 0.8341484426001463, "params": {"a": 5.9685796544828955, "dB": 11.479934705316289, "s": 0.7324697227091311}, "datetime": {"datetime": "2022-03-28 11:38:32", "elapsed": 25.302531, "delta": 0.395985}}
{"target": 0.47695188719357356, "params": {"a": 7.043768397243098, "dB": 11.5718092800075, "s": 1.1902421811037591}, "datetime": {"datetime": "2022-03-28 11:38:34", "elapsed": 27.276553, "delta": 1.974022}}
{"target": 0.5362214218944881, "params": {"a": 5.993440463167211, "dB": 10.547463728539668, "s": 1.2153246804925135}, "datetime": {"datetime": "2022-03-28 11:38:34", "elapsed": 27.788559, "delta": 0.512006}}
{"target": 0.390190488494999, "params": {"a": 6.263587670067696, "dB": 13.491968551354441, "s": 0.30680861001439425}, "datetime": {"datetime": "2022-03-28 11:38:35", "elapsed": 28.584185, "delta": 0.795626}}
{"target": 0.46412842688544176, "params": {"a": 4.0485429985155115, "dB": 13.29778638911149, "s": 0.9361817937878801}, "datetime": {"datetime": "2022-03-28 11:38:36", "elapsed": 29.291337, "delta": 0.707152}}
{"target": 0.5483004688362799, "params": {"a": 3.76400069088825, "dB": 12.7663891578074, "s": 1.0046514261534956}, "datetime": {"datetime": "2022-03-28 11:38:37", "elapsed": 30.022132, "delta": 0.730795}}
{"target": 0.4094707709449386, "params": {"a": 7.192098142185934, "dB": 12.634574275885415, "s": 0.24912515436659763}, "datetime": {"datetime": "2022-03-28 11:38:39", "elapsed": 32.0465, "delta": 2.024368}}
{"target": 0.7905634372477158, "params": {"a": 3.5795205353591824, "dB": 10.578632960633158, "s": 0.13396778562495354}, "datetime": {"datetime": "2022-03-28 11:38:39", "elapsed": 32.149262, "delta": 0.102762}}
{"target": 0.631346206129245, "params": {"a": 4.484844270412184, "dB": 13.080083846048664, "s": 0.7465972772099834}, "datetime": {"datetime": "2022-03-28 11:38:40", "elapsed": 32.887786, "delta": 0.738524}}
{"target": 0.32762312046073255, "params": {"a": 5.711287914743064, "dB": 13.026092677078818, "s": 0.24900797814389336}, "datetime": {"datetime": "2022-03-28 11:38:40", "elapsed": 33.641411, "delta": 0.753625}}
{"target": 0.6360775345807766, "params": {"a": 4.616734716044558, "dB": 12.257277814374863, "s": 1.2635148979836095}, "datetime": {"datetime": "2022-03-28 11:38:41", "elapsed": 34.356534, "delta": 0.715123}}
{"target": 0.5784366874285681, "params": {"a": 5.74412087702284, "dB": 10.555941868118829, "s": 1.0607592072167396}, "datetime": {"datetime": "2022-03-28 11:38:41", "elapsed": 34.692635, "delta": 0.336101}}
{"target": 0.86886985392321, "params": {"a": 4.431897095364082, "dB": 12.921315586856338, "s": 0.5654327728770061}, "datetime": {"datetime": "2022-03-28 11:38:42", "elapsed": 35.430335, "delta": 0.7377}}
{"target": 0.9764336039457734, "params": {"a": 6.954167418237715, "dB": 12.741364928211553, "s": 0.7674882807885026}, "datetime": {"datetime": "2022-03-28 11:38:44", "elapsed": 36.985365, "delta": 1.55503}}
{"target": 0.8758569307850089, "params": {"a": 4.04582090264274, "dB": 10.679753068536636, "s": 0.24561214688888483}, "datetime": {"datetime": "2022-03-28 11:38:44", "elapsed": 37.128981, "delta": 0.143616}}
{"target": 0.8898436189162192, "params": {"a": 3.678207514179047, "dB": 10.822482387318278, "s": 0.3708512063294256}, "datetime": {"datetime": "2022-03-28 11:38:44", "elapsed": 37.235728, "delta": 0.106747}}
{"target": 0.01984764206926151, "params": {"a": 6.351955921530706, "dB": 12.179150946162427, "s": 0.11506717619093904}, "datetime": {"datetime": "2022-03-28 11:38:45", "elapsed": 37.989778, "delta": 0.75405}}
{"target": 0.46083459589733466, "params": {"a": 3.787897118757947, "dB": 13.401828990000816, "s": 0.7817205543039305}, "datetime": {"datetime": "2022-03-28 11:38:46", "elapsed": 38.872833, "delta": 0.883055}}
{"target": 0.6137333646851396, "params": {"a": 4.313172938643962, "dB": 11.25697723371097, "s": 0.9925910248901115}, "datetime": {"datetime": "2022-03-28 11:38:46", "elapsed": 39.009468, "delta": 0.136635}}
{"target": 0.6254999387236246, "params": {"a": 4.281717924437276, "dB": 12.244076781819773, "s": 1.2640239869059748}, "datetime": {"datetime": "2022-03-28 11:38:47", "elapsed": 39.866463, "delta": 0.856995}}
{"target": 0.8015475275252552, "params": {"a": 6.887315205960141, "dB": 11.219543277442758, "s": 0.6925236571224759}, "datetime": {"datetime": "2022-03-28 11:38:48", "elapsed": 41.340642, "delta": 1.474179}}
{"target": 0.3732229648742691, "params": {"a": 5.979822873525519, "dB": 12.986942698650536, "s": 0.28814967357530114}, "datetime": {"datetime": "2022-03-28 11:38:49", "elapsed": 42.077357, "delta": 0.736715}}
{"target": 0.5801949475272659, "params": {"a": 3.574304808709638, "dB": 10.710066431157667, "s": 0.6836141331244381}, "datetime": {"datetime": "2022-03-28 11:38:49", "elapsed": 42.179016, "delta": 0.101659}}
{"target": 0.4606367707823803, "params": {"a": 5.925317846613321, "dB": 12.206554311259444, "s": 0.48083489118659295}, "datetime": {"datetime": "2022-03-28 11:38:50", "elapsed": 42.908311, "delta": 0.729295}}
{"target": 0.4235005572066589, "params": {"a": 7.454464617649796, "dB": 12.23923565773739, "s": 0.5561694071482605}, "datetime": {"datetime": "2022-03-28 11:38:52", "elapsed": 45.60571, "delta": 2.697399}}
{"target": 0.5296031876725352, "params": {"a": 5.703792876471587, "dB": 12.736003292719506, "s": 0.9030794721438214}, "datetime": {"datetime": "2022-03-28 11:38:53", "elapsed": 46.335957, "delta": 0.730247}}
{"target": 0.7880191090096648, "params": {"a": 4.559678230651238, "dB": 10.699004503285325, "s": 0.5441010374969275}, "datetime": {"datetime": "2022-03-28 11:38:53", "elapsed": 46.459617, "delta": 0.12366}}
{"target": 0.5178635128476672, "params": {"a": 6.018870028086258, "dB": 11.130522029744519, "s": 1.0033066644865767}, "datetime": {"datetime": "2022-03-28 11:38:54", "elapsed": 46.929995, "delta": 0.470378}}
{"target": 0.6389009202003959, "params": {"a": 3.7661459254164598, "dB": 11.280945295735624, "s": 1.0657054764920144}, "datetime": {"datetime": "2022-03-28 11:38:54", "elapsed": 47.075606, "delta": 0.145611}}
{"target": 0.6358033544510117, "params": {"a": 4.273737130493311, "dB": 12.41838264263982, "s": 0.7296043709484804}, "datetime": {"datetime": "2022-03-28 11:38:54", "elapsed": 47.786576, "delta": 0.71097}}
{"target": 0.46907984805298436, "params": {"a": 7.199231881597402, "dB": 11.289890311461333, "s": 0.17915330882082853}, "datetime": {"datetime": "2022-03-28 11:38:56", "elapsed": 49.720397, "delta": 1.933821}}
{"target": 0.4775591771989936, "params": {"a": 6.440263853154677, "dB": 12.81653408862974, "s": 1.189379023004229}, "datetime": {"datetime": "2022-03-28 11:38:57", "elapsed": 50.546775, "delta": 0.826378}}
{"target": 0.488975864429593, "params": {"a": 7.227888276787349, "dB": 10.54185471892679, "s": 0.38123450334570463}, "datetime": {"datetime": "2022-03-28 11:38:59", "elapsed": 52.532683, "delta": 1.985908}}
{"target": 0.4473164188464986, "params": {"a": 5.9671134280066305, "dB": 13.34704896206285, "s": 1.2402113430964956}, "datetime": {"datetime": "2022-03-28 11:39:00", "elapsed": 53.325387, "delta": 0.792704}}
{"target": 0.5475789810946151, "params": {"a": 5.726612752780626, "dB": 13.246819049298823, "s": 0.869879450735605}, "datetime": {"datetime": "2022-03-28 11:39:01", "elapsed": 54.078948, "delta": 0.753561}}
{"target": 0.5617073443220418, "params": {"a": 5.060030856564985, "dB": 11.95797200129073, "s": 0.8251725795039678}, "datetime": {"datetime": "2022-03-28 11:39:01", "elapsed": 54.458333, "delta": 0.379385}}
{"target": 0.456653416751215, "params": {"a": 5.69819168603425, "dB": 13.27854428011936, "s": 1.2024801227603275}, "datetime": {"datetime": "2022-03-28 11:39:02", "elapsed": 55.209051, "delta": 0.750718}}
{"target": 0.35661881616097757, "params": {"a": 5.0795024516942195, "dB": 13.389787585322136, "s": 0.30874680001655724}, "datetime": {"datetime": "2022-03-28 11:39:03", "elapsed": 55.938554, "delta": 0.729503}}
{"target": 0.5765394176461724, "params": {"a": 4.005318077758549, "dB": 10.905237474140193, "s": 0.706794598812276}, "datetime": {"datetime": "2022-03-28 11:39:03", "elapsed": 56.048262, "delta": 0.109708}}
{"target": 0.5703749516208699, "params": {"a": 3.586099221096792, "dB": 13.343910633653042, "s": 1.092538565404879}, "datetime": {"datetime": "2022-03-28 11:39:03", "elapsed": 56.754359, "delta": 0.706097}}
{"target": 0.7112825593497049, "params": {"a": 3.5600759229684895, "dB": 11.028588766725166, "s": 0.4984762892402044}, "datetime": {"datetime": "2022-03-28 11:39:04", "elapsed": 56.871696, "delta": 0.117337}}
{"target": 0.8144546792751589, "params": {"a": 4.023987379243668, "dB": 12.928472076379746, "s": 0.5136839832199521}, "datetime": {"datetime": "2022-03-28 11:39:04", "elapsed": 57.560171, "delta": 0.688475}}
{"target": 0.4741889688913533, "params": {"a": 7.260429929333469, "dB": 12.246042539841241, "s": 1.1545983812942129}, "datetime": {"datetime": "2022-03-28 11:39:07", "elapsed": 60.287367, "delta": 2.727196}}
{"target": 0.6078627306453868, "params": {"a": 6.8789377815688875, "dB": 13.216176956125947, "s": 0.6518563189801683}, "datetime": {"datetime": "2022-03-28 11:39:09", "elapsed": 61.84684, "delta": 1.559473}}
{"target": 0.43731403151551707, "params": {"a": 5.685387264081493, "dB": 12.895810773456118, "s": 0.44286262208097704}, "datetime": {"datetime": "2022-03-28 11:39:09", "elapsed": 62.591811, "delta": 0.744971}}
{"target": 0.27122654416062, "params": {"a": 5.461014090479711, "dB": 12.297330922937634, "s": 0.11863993066100287}, "datetime": {"datetime": "2022-03-28 11:39:10", "elapsed": 63.312844, "delta": 0.721033}}
{"target": 0.5578709384957975, "params": {"a": 5.873925632786548, "dB": 11.801029046968374, "s": 1.0688326346618098}, "datetime": {"datetime": "2022-03-28 11:39:10", "elapsed": 63.71009, "delta": 0.397246}}
{"target": 0.6049186563188346, "params": {"a": 4.760979212381492, "dB": 13.178666125575454, "s": 0.7934286583414425}, "datetime": {"datetime": "2022-03-28 11:39:11", "elapsed": 64.461604, "delta": 0.751514}}
{"target": 0.5019844921436513, "params": {"a": 4.236040806509861, "dB": 12.863787701476513, "s": 0.8344374124539207}, "datetime": {"datetime": "2022-03-28 11:39:12", "elapsed": 65.174349, "delta": 0.712745}}
{"target": 0.5529390801165807, "params": {"a": 3.715637088295012, "dB": 11.760581040003396, "s": 0.9148826038785155}, "datetime": {"datetime": "2022-03-28 11:39:12", "elapsed": 65.561838, "delta": 0.387489}}
{"target": 0.41947987748855664, "params": {"a": 7.174407111910103, "dB": 10.501206074674073, "s": 1.2721109788372715}, "datetime": {"datetime": "2022-03-28 11:39:14", "elapsed": 67.477916, "delta": 1.916078}}
{"target": 0.5745382584064262, "params": {"a": 5.006321258983098, "dB": 13.421350615074967, "s": 0.8256593211688636}, "datetime": {"datetime": "2022-03-28 11:39:15", "elapsed": 68.208883, "delta": 0.730967}}
{"target": 0.82402450989897, "params": {"a": 6.815383231922771, "dB": 12.224134514124307, "s": 0.8536914379688204}, "datetime": {"datetime": "2022-03-28 11:39:16", "elapsed": 69.777252, "delta": 1.568369}}
{"target": 0.502908983512634, "params": {"a": 4.642305126782776, "dB": 12.260500021968248, "s": 1.0000261164431918}, "datetime": {"datetime": "2022-03-28 11:39:17", "elapsed": 70.468941, "delta": 0.691689}}
{"target": 0.5801889215650677, "params": {"a": 6.933255345716169, "dB": 12.76524656540304, "s": 0.9376686981367636}, "datetime": {"datetime": "2022-03-28 11:39:19", "elapsed": 72.01348, "delta": 1.544539}}
{"target": 0.6919867367472862, "params": {"a": 6.957917720218399, "dB": 11.46804299051024, "s": 0.9049465489451046}, "datetime": {"datetime": "2022-03-28 11:39:20", "elapsed": 73.501573, "delta": 1.488093}}
{"target": 0.9848238908738606, "params": {"a": 5.303495745653397, "dB": 11.646308256094551, "s": 0.5929736199066227}, "datetime": {"datetime": "2022-03-28 11:39:21", "elapsed": 73.894621, "delta": 0.393048}}
{"target": 0.5102445722478529, "params": {"a": 5.105918333878162, "dB": 11.452151837874831, "s": 0.8463032415043616}, "datetime": {"datetime": "2022-03-28 11:39:21", "elapsed": 74.263003, "delta": 0.368382}}
{"target": 0.5028264174721513, "params": {"a": 5.220989083285057, "dB": 13.421406233781756, "s": 0.9133610697211733}, "datetime": {"datetime": "2022-03-28 11:39:22", "elapsed": 75.151356, "delta": 0.888353}}
{"target": 0.9093402399609103, "params": {"a": 4.294279553708444, "dB": 11.780103028044099, "s": 0.5120154877293076}, "datetime": {"datetime": "2022-03-28 11:39:22", "elapsed": 75.510912, "delta": 0.359556}}
{"target": 0.4616865069338217, "params": {"a": 6.690555215834266, "dB": 13.139994865690294, "s": 1.1846103469916465}, "datetime": {"datetime": "2022-03-28 11:39:23", "elapsed": 76.49674, "delta": 0.985828}}
{"target": 0.4764919142621772, "params": {"a": 6.150879249501049, "dB": 11.310624786089273, "s": 0.4028400418055077}, "datetime": {"datetime": "2022-03-28 11:39:24", "elapsed": 77.05675, "delta": 0.56001}}
{"target": 0.5104979324798564, "params": {"a": 6.9195917707896095, "dB": 12.08314393892624, "s": 1.0625933008055177}, "datetime": {"datetime": "2022-03-28 11:39:25", "elapsed": 78.595258, "delta": 1.538508}}
{"target": 0.9671287710564116, "params": {"a": 5.789954068766425, "dB": 12.699427575862533, "s": 0.7228139529568669}, "datetime": {"datetime": "2022-03-28 11:39:26", "elapsed": 79.534794, "delta": 0.939536}}
{"target": 0.8093525123544498, "params": {"a": 6.583535642007552, "dB": 12.206573972114146, "s": 0.658851854310377}, "datetime": {"datetime": "2022-03-28 11:39:27", "elapsed": 80.509928, "delta": 0.975134}}
{"target": 0.8761421628240884, "params": {"a": 4.870755631813127, "dB": 10.704628045250113, "s": 0.5535090151937198}, "datetime": {"datetime": "2022-03-28 11:39:27", "elapsed": 80.675132, "delta": 0.165204}}
{"target": 0.6953927537862231, "params": {"a": 3.8185043107930094, "dB": 13.448451341191335, "s": 0.3179354215969165}, "datetime": {"datetime": "2022-03-28 11:39:28", "elapsed": 81.379528, "delta": 0.704396}}
{"target": 0.7798526610217351, "params": {"a": 7.123450628913737, "dB": 12.593285239401538, "s": 0.7251633228736076}, "datetime": {"datetime": "2022-03-28 11:39:30", "elapsed": 83.589125, "delta": 2.209597}}
{"target": 0.654924541976935, "params": {"a": 6.816246921212244, "dB": 12.652706745504277, "s": 0.6576284230568048}, "datetime": {"datetime": "2022-03-28 11:39:32", "elapsed": 85.432889, "delta": 1.843764}}
{"target": 0.6533116012488918, "params": {"a": 7.058045290956909, "dB": 12.85342866410184, "s": 0.6959299179317198}, "datetime": {"datetime": "2022-03-28 11:39:34", "elapsed": 87.704325, "delta": 2.271436}}
{"target": 0.5321038439963186, "params": {"a": 4.410059472018678, "dB": 10.966769992164652, "s": 1.2367641412926007}, "datetime": {"datetime": "2022-03-28 11:39:35", "elapsed": 87.923774, "delta": 0.219449}}
{"target": 0.425181061651021, "params": {"a": 6.405024207524881, "dB": 12.685836041552076, "s": 0.33362563789873023}, "datetime": {"datetime": "2022-03-28 11:39:36", "elapsed": 88.840249, "delta": 0.916475}}
