{"target": 0.5618009145574179, "params": {"a": 2.9595770164590087, "dB": 10.021135727047554, "s": 0.10011437481734489}, "datetime": {"datetime": "2022-03-28 18:34:48", "elapsed": 0.0, "delta": 0.0}}
{"target": 0.8054782365081824, "params": {"a": 2.5581640042114393, "dB": 8.013645617859895, "s": 0.1923385947687978}, "datetime": {"datetime": "2022-03-28 18:34:48", "elapsed": 0.089054, "delta": 0.089054}}
{"target": 0.783669943392407, "params": {"a": 2.151910739821848, "dB": 8.709462544650666, "s": 0.4967674742306699}, "datetime": {"datetime": "2022-03-28 18:34:49", "elapsed": 0.281792, "delta": 0.192738}}
{"target": 0.9157847885164332, "params": {"a": 3.3858585690117495, "dB": 8.967180800411532, "s": 0.7852195003967595}, "datetime": {"datetime": "2022-03-28 18:34:49", "elapsed": 0.560171, "delta": 0.278379}}
{"target": 0.743281951194514, "params": {"a": 2.2155828740603107, "dB": 10.573411027368309, "s": 0.12738759319792617}, "datetime": {"datetime": "2022-03-28 18:34:49", "elapsed": 1.06419, "delta": 0.504019}}
{"target": 0.8985482188713533, "params": {"a": 3.846636285624408, "dB": 8.960566808284945, "s": 0.6586898284457516}, "datetime": {"datetime": "2022-03-28 18:34:50", "elapsed": 1.382822, "delta": 0.318632}}
{"target": 0.7175280645300033, "params": {"a": 1.9913542850833181, "dB": 8.193355211797076, "s": 0.9007445686755366}, "datetime": {"datetime": "2022-03-28 18:34:50", "elapsed": 1.457976, "delta": 0.075154}}
{"target": 0.8586014807688759, "params": {"a": 4.888915515017891, "dB": 8.59698462355735, "s": 0.7923226156693141}, "datetime": {"datetime": "2022-03-28 18:34:50", "elapsed": 1.778342, "delta": 0.320366}}
{"target": 0.5281340789071262, "params": {"a": 4.567362033036134, "dB": 10.631123322263466, "s": 0.18504421136977792}, "datetime": {"datetime": "2022-03-28 18:34:51", "elapsed": 2.316061, "delta": 0.537719}}
{"target": 0.7404551777598459, "params": {"a": 1.6366917413150883, "dB": 8.094406468475992, "s": 0.9781425034294131}, "datetime": {"datetime": "2022-03-28 18:34:51", "elapsed": 2.406721, "delta": 0.09066}}
{"target": 0.6920483254200874, "params": {"a": 1.8442139184156754, "dB": 8.973876687517683, "s": 1.057889530150502}, "datetime": {"datetime": "2022-03-28 18:34:51", "elapsed": 2.645273, "delta": 0.238552}}
{"target": 0.7105948929578784, "params": {"a": 3.3660784974055598, "dB": 9.921569898826657, "s": 0.4155156310060629}, "datetime": {"datetime": "2022-03-28 18:34:51", "elapsed": 3.159283, "delta": 0.51401}}
{"target": 0.5280826173253184, "params": {"a": 3.902753246885543, "dB": 10.421189851640804, "s": 0.11828827734419181}, "datetime": {"datetime": "2022-03-28 18:34:52", "elapsed": 3.646545, "delta": 0.487262}}
{"target": 0.9467275421943303, "params": {"a": 4.125505102307386, "dB": 10.961013811172732, "s": 0.8481656543798394}, "datetime": {"datetime": "2022-03-28 18:34:53", "elapsed": 4.993838, "delta": 1.347293}}
{"target": 0.7548498210692249, "params": {"a": 2.4815539722254183, "dB": 10.262477649580209, "s": 0.20322600657764203}, "datetime": {"datetime": "2022-03-28 18:34:54", "elapsed": 5.471542, "delta": 0.477704}}
{"target": 0.7513758402253585, "params": {"a": 3.067627341615668, "dB": 10.680084260825835, "s": 0.3936141483736795}, "datetime": {"datetime": "2022-03-28 18:34:54", "elapsed": 5.914455, "delta": 0.442913}}
{"target": 0.758963155099007, "params": {"a": 2.5072136850522204, "dB": 7.955100002413972, "s": 0.11936695787029708}, "datetime": {"datetime": "2022-03-28 18:34:54", "elapsed": 6.001694, "delta": 0.087239}}
{"target": 0.7516725861813008, "params": {"a": 3.8759243652896185, "dB": 8.240698406000206, "s": 0.3655466593722262}, "datetime": {"datetime": "2022-03-28 18:34:54", "elapsed": 6.097759, "delta": 0.096065}}
{"target": 0.9667452562955073, "params": {"a": 3.220506057481184, "dB": 7.686768907909781, "s": 0.674117605492013}, "datetime": {"datetime": "2022-03-28 18:34:54", "elapsed": 6.181631, "delta": 0.083872}}
{"target": 0.6474383345653016, "params": {"a": 2.0135500121703354, "dB": 9.562569379161495, "s": 0.7997583600209311}, "datetime": {"datetime": "2022-03-28 18:34:55", "elapsed": 6.81639, "delta": 0.634759}}
{"target": 0.6737547443150285, "params": {"a": 1.8581705008973906, "dB": 8.94919595736849, "s": 0.7944001577277451}, "datetime": {"datetime": "2022-03-28 18:34:55", "elapsed": 7.06303, "delta": 0.24664}}
{"target": 0.9432872614879099, "params": {"a": 2.949627443344159, "dB": 7.674837106311305, "s": 0.6358964059155116}, "datetime": {"datetime": "2022-03-28 18:34:55", "elapsed": 7.142243, "delta": 0.079213}}
{"target": 0.7504774357456956, "params": {"a": 3.823281258269261, "dB": 9.30211189220408, "s": 1.0445947559908133}, "datetime": {"datetime": "2022-03-28 18:34:56", "elapsed": 7.5821, "delta": 0.439857}}
{"target": 0.5316903140337265, "params": {"a": 3.5529426417569754, "dB": 10.661906703507592, "s": 0.23747470414623753}, "datetime": {"datetime": "2022-03-28 18:34:56", "elapsed": 8.066612, "delta": 0.484512}}
{"target": 0.6479330360271675, "params": {"a": 1.987467215377655, "dB": 10.325869510483333, "s": 0.49767683698553355}, "datetime": {"datetime": "2022-03-28 18:34:57", "elapsed": 8.505476, "delta": 0.438864}}
{"target": 0.6827677089104855, "params": {"a": 2.0787396899092645, "dB": 10.746280031386119, "s": 0.44776585974550653}, "datetime": {"datetime": "2022-03-28 18:34:57", "elapsed": 9.089104, "delta": 0.583628}}
{"target": 0.8682153297374754, "params": {"a": 4.127842360976544, "dB": 10.04099294872658, "s": 0.9833060912058098}, "datetime": {"datetime": "2022-03-28 18:34:58", "elapsed": 9.563679, "delta": 0.474575}}
{"target": 0.6484006588807909, "params": {"a": 3.682852724694631, "dB": 10.12829851909568, "s": 0.4488983419778425}, "datetime": {"datetime": "2022-03-28 18:34:58", "elapsed": 10.00684, "delta": 0.443161}}
{"target": 0.7617242593879896, "params": {"a": 2.444747621177591, "dB": 10.635601763686234, "s": 0.5280911898712949}, "datetime": {"datetime": "2022-03-28 18:34:59", "elapsed": 10.451882, "delta": 0.445042}}
{"target": 0.704284887243289, "params": {"a": 4.87694016501935, "dB": 9.822045242364569, "s": 0.7216957202091218}, "datetime": {"datetime": "2022-03-28 18:34:59", "elapsed": 10.927013, "delta": 0.475131}}
{"target": 0.5835765012328104, "params": {"a": 1.901610905336813, "dB": 10.823212405474749, "s": 0.5499121334799405}, "datetime": {"datetime": "2022-03-28 18:35:00", "elapsed": 11.908776, "delta": 0.981763}}
{"target": 0.6619259604089988, "params": {"a": 3.524363650354961, "dB": 8.928478809664483, "s": 0.3370269802430277}, "datetime": {"datetime": "2022-03-28 18:35:00", "elapsed": 12.158357, "delta": 0.249581}}
{"target": 0.48790317065297417, "params": {"a": 4.661828321967889, "dB": 9.507878203353, "s": 0.10287032703115898}, "datetime": {"datetime": "2022-03-28 18:35:01", "elapsed": 12.651049, "delta": 0.492692}}
{"target": 0.9233425647374773, "params": {"a": 3.6600071976725337, "dB": 8.643257156202337, "s": 0.6270581022576093}, "datetime": {"datetime": "2022-03-28 18:35:01", "elapsed": 12.849587, "delta": 0.198538}}
{"target": 0.847274830353739, "params": {"a": 4.600797347587711, "dB": 8.75044416000875, "s": 1.0085351509197993}, "datetime": {"datetime": "2022-03-28 18:35:01", "elapsed": 13.063545, "delta": 0.213958}}
{"target": 0.7281952138888288, "params": {"a": 3.6817604052713095, "dB": 7.555374349962947, "s": 1.0294372337437614}, "datetime": {"datetime": "2022-03-28 18:35:01", "elapsed": 13.157618, "delta": 0.094073}}
{"target": 0.5257162078213327, "params": {"a": 3.9181392113092337, "dB": 10.990629976580182, "s": 0.2723405083453285}, "datetime": {"datetime": "2022-03-28 18:35:03", "elapsed": 14.824769, "delta": 1.667151}}
{"target": 0.5883965454368969, "params": {"a": 1.979975123701072, "dB": 10.764084120630073, "s": 0.7968181614899001}, "datetime": {"datetime": "2022-03-28 18:35:04", "elapsed": 15.409892, "delta": 0.585123}}
{"target": 0.6191734702249927, "params": {"a": 1.7310006045272188, "dB": 10.144120684108632, "s": 0.8538761884612464}, "datetime": {"datetime": "2022-03-28 18:35:04", "elapsed": 15.846199, "delta": 0.436307}}
{"target": 0.5641160607777235, "params": {"a": 4.730585874412691, "dB": 9.990336655199652, "s": 0.2242709619721647}, "datetime": {"datetime": "2022-03-28 18:35:05", "elapsed": 16.344436, "delta": 0.498237}}
{"target": 0.7854404776146154, "params": {"a": 1.5695804684392844, "dB": 7.591738454072018, "s": 0.1283064880207946}, "datetime": {"datetime": "2022-03-28 18:35:05", "elapsed": 16.417134, "delta": 0.072698}}
{"target": 0.6610740121618947, "params": {"a": 2.3617387366106604, "dB": 10.510097820390108, "s": 0.6388310643416528}, "datetime": {"datetime": "2022-03-28 18:35:05", "elapsed": 16.885443, "delta": 0.468309}}
{"target": 0.542952107435031, "params": {"a": 3.4348769254001805, "dB": 10.44710812325862, "s": 0.22417331511991115}, "datetime": {"datetime": "2022-03-28 18:35:06", "elapsed": 17.35073, "delta": 0.465287}}
{"target": 0.6647122590225224, "params": {"a": 2.4771428765389882, "dB": 9.550157450104008, "s": 1.0695957483196745}, "datetime": {"datetime": "2022-03-28 18:35:06", "elapsed": 17.782952, "delta": 0.432222}}
{"target": 0.7963664360595856, "params": {"a": 3.4636057673949847, "dB": 7.565265512805301, "s": 0.9006326726806163}, "datetime": {"datetime": "2022-03-28 18:35:06", "elapsed": 17.895127, "delta": 0.112175}}
{"target": 0.7615241839551838, "params": {"a": 2.3154099584435714, "dB": 10.324868184665727, "s": 0.48786064406417173}, "datetime": {"datetime": "2022-03-28 18:35:07", "elapsed": 18.373618, "delta": 0.478491}}
{"target": 0.6786064658807623, "params": {"a": 4.522396490958, "dB": 10.114925749580147, "s": 0.6562402339904189}, "datetime": {"datetime": "2022-03-28 18:35:07", "elapsed": 18.862127, "delta": 0.488509}}
{"target": 0.8676661003940557, "params": {"a": 1.9775932898123976, "dB": 7.7097119132927405, "s": 0.22134345574073735}, "datetime": {"datetime": "2022-03-28 18:35:07", "elapsed": 18.93626, "delta": 0.074133}}
{"target": 0.752073861470513, "params": {"a": 1.655931574906666, "dB": 7.876229451871325, "s": 0.32570933860785467}, "datetime": {"datetime": "2022-03-28 18:35:07", "elapsed": 19.014728, "delta": 0.078468}}
{"target": 0.5446265411369908, "params": {"a": 3.9954614313393684, "dB": 9.459009437189499, "s": 0.11255598015911586}, "datetime": {"datetime": "2022-03-28 18:35:08", "elapsed": 19.474004, "delta": 0.459276}}
{"target": 0.5609031441501678, "params": {"a": 1.7519099789132038, "dB": 10.885467155000953, "s": 0.6681004619199421}, "datetime": {"datetime": "2022-03-28 18:35:09", "elapsed": 20.713771, "delta": 1.239767}}
{"target": 0.7115525875278902, "params": {"a": 2.2115263213134666, "dB": 8.383140105996132, "s": 0.8438258540750929}, "datetime": {"datetime": "2022-03-28 18:35:09", "elapsed": 20.818057, "delta": 0.104286}}
{"target": 0.6654696336608414, "params": {"a": 2.1840031838826155, "dB": 9.534756245456402, "s": 1.0700199890883124}, "datetime": {"datetime": "2022-03-28 18:35:10", "elapsed": 21.265055, "delta": 0.446998}}
{"target": 0.7578128345150176, "params": {"a": 4.463900805215124, "dB": 8.339467157016552, "s": 0.5937697142687299}, "datetime": {"datetime": "2022-03-28 18:35:10", "elapsed": 21.423044, "delta": 0.157989}}
{"target": 0.5454075222724863, "params": {"a": 3.669845014334829, "dB": 10.401433148425625, "s": 0.25679139464608425}, "datetime": {"datetime": "2022-03-28 18:35:10", "elapsed": 22.088052, "delta": 0.665008}}
{"target": 0.7113918566293519, "params": {"a": 1.5650167076209334, "dB": 7.745077503017278, "s": 0.5863451109370318}, "datetime": {"datetime": "2022-03-28 18:35:10", "elapsed": 22.169073, "delta": 0.081021}}
{"target": 0.6666197992077809, "params": {"a": 3.622153115786656, "dB": 9.490980029802685, "s": 0.41736240932216073}, "datetime": {"datetime": "2022-03-28 18:35:11", "elapsed": 22.64469, "delta": 0.475617}}
{"target": 0.6480140510115759, "params": {"a": 4.960156540443571, "dB": 9.52910826736029, "s": 0.4801411726235504}, "datetime": {"datetime": "2022-03-28 18:35:12", "elapsed": 23.212922, "delta": 0.568232}}
{"target": 0.9015728311503391, "params": {"a": 3.428318766912639, "dB": 10.108670508172757, "s": 0.7692328934531846}, "datetime": {"datetime": "2022-03-28 18:35:12", "elapsed": 23.691128, "delta": 0.478206}}
{"target": 0.9088933190817844, "params": {"a": 2.427218451819833, "dB": 7.732171920499545, "s": 0.47008419791410627}, "datetime": {"datetime": "2022-03-28 18:35:12", "elapsed": 23.777886, "delta": 0.086758}}
{"target": 0.8496237986117781, "params": {"a": 3.7040112745754756, "dB": 8.23560903470194, "s": 0.8527555537388138}, "datetime": {"datetime": "2022-03-28 18:35:12", "elapsed": 23.874693, "delta": 0.096807}}
{"target": 0.7082672657213899, "params": {"a": 1.7328776847394023, "dB": 8.411102845024894, "s": 0.9047545637433454}, "datetime": {"datetime": "2022-03-28 18:35:12", "elapsed": 23.977641, "delta": 0.102948}}
{"target": 0.670359449537353, "params": {"a": 2.1770199891816473, "dB": 9.73811308307979, "s": 0.6246703091237337}, "datetime": {"datetime": "2022-03-28 18:35:13", "elapsed": 24.444955, "delta": 0.467314}}
{"target": 0.5290820181610721, "params": {"a": 4.7368278963977275, "dB": 8.42153869670489, "s": 0.1659610906840238}, "datetime": {"datetime": "2022-03-28 18:35:13", "elapsed": 24.660709, "delta": 0.215754}}
{"target": 0.807678230558769, "params": {"a": 4.072730871510343, "dB": 10.202623103401365, "s": 1.0078158525035241}, "datetime": {"datetime": "2022-03-28 18:35:14", "elapsed": 25.325581, "delta": 0.664872}}
{"target": 0.7485848160763909, "params": {"a": 4.76190224218893, "dB": 7.54883050541459, "s": 0.3343620861214205}, "datetime": {"datetime": "2022-03-28 18:35:14", "elapsed": 25.53871, "delta": 0.213129}}
{"target": 0.6506296802466303, "params": {"a": 3.6587242495058017, "dB": 10.821557122406658, "s": 1.0501761192470798}, "datetime": {"datetime": "2022-03-28 18:35:15", "elapsed": 26.590926, "delta": 1.052216}}
{"target": 0.904602539474142, "params": {"a": 3.4482861586830476, "dB": 10.70462222418196, "s": 0.7415662089463375}, "datetime": {"datetime": "2022-03-28 18:35:15", "elapsed": 27.123657, "delta": 0.532731}}
{"target": 0.8255006208396836, "params": {"a": 2.865026999494362, "dB": 9.200967334839184, "s": 0.7043104829199732}, "datetime": {"datetime": "2022-03-28 18:35:16", "elapsed": 27.615432, "delta": 0.491775}}
{"target": 0.642056004438124, "params": {"a": 3.423417725279969, "dB": 10.741634993472587, "s": 1.0187334356336062}, "datetime": {"datetime": "2022-03-28 18:35:17", "elapsed": 28.56721, "delta": 0.951778}}
{"target": 0.6718940154989382, "params": {"a": 2.8820646452324423, "dB": 10.871418849542492, "s": 0.27395566668046434}, "datetime": {"datetime": "2022-03-28 18:35:19", "elapsed": 31.150341, "delta": 2.583131}}
{"target": 0.7330528225142188, "params": {"a": 1.9421533180387307, "dB": 7.97277705316356, "s": 0.6056621656768967}, "datetime": {"datetime": "2022-03-28 18:35:20", "elapsed": 31.354845, "delta": 0.204504}}
{"target": 0.5945847756552327, "params": {"a": 1.575336818459693, "dB": 10.817895739261884, "s": 0.9271154711707325}, "datetime": {"datetime": "2022-03-28 18:35:22", "elapsed": 33.394853, "delta": 2.040008}}
{"target": 0.6932722737934397, "params": {"a": 1.5525664325974282, "dB": 8.116686894512693, "s": 0.43206357436683696}, "datetime": {"datetime": "2022-03-28 18:35:22", "elapsed": 33.476682, "delta": 0.081829}}
{"target": 0.665920148150919, "params": {"a": 1.9584889568382091, "dB": 10.333217422443038, "s": 0.44473665268329343}, "datetime": {"datetime": "2022-03-28 18:35:22", "elapsed": 33.963515, "delta": 0.486833}}
{"target": 0.9935046941877537, "params": {"a": 4.7903761881667855, "dB": 9.53704962981478, "s": 0.978831984411844}, "datetime": {"datetime": "2022-03-28 18:35:23", "elapsed": 34.47586, "delta": 0.512345}}
{"target": 0.6012795784232557, "params": {"a": 4.456570558872777, "dB": 10.668873115480272, "s": 0.5598802658168069}, "datetime": {"datetime": "2022-03-28 18:35:23", "elapsed": 34.997943, "delta": 0.522083}}
{"target": 0.6490908297288976, "params": {"a": 3.4122138560713067, "dB": 10.295112569032138, "s": 0.38571885173414755}, "datetime": {"datetime": "2022-03-28 18:35:24", "elapsed": 35.480776, "delta": 0.482833}}
{"target": 0.5647604518432267, "params": {"a": 3.215887329169747, "dB": 9.596886076760574, "s": 0.11553327555083573}, "datetime": {"datetime": "2022-03-28 18:35:24", "elapsed": 35.979108, "delta": 0.498332}}
{"target": 0.8391429527152475, "params": {"a": 3.5771849286882302, "dB": 9.017867221463105, "s": 0.9073605288848414}, "datetime": {"datetime": "2022-03-28 18:35:25", "elapsed": 36.243642, "delta": 0.264534}}
{"target": 0.6934487419497329, "params": {"a": 2.603356810833805, "dB": 10.62511047983803, "s": 0.6778572152845355}, "datetime": {"datetime": "2022-03-28 18:35:25", "elapsed": 36.739094, "delta": 0.495452}}
{"target": 0.6189435503547718, "params": {"a": 2.144035705696128, "dB": 10.257752318389265, "s": 0.7120311770449339}, "datetime": {"datetime": "2022-03-28 18:35:26", "elapsed": 37.203767, "delta": 0.464673}}
{"target": 0.6687248731429747, "params": {"a": 1.6886824522581354, "dB": 8.970677880003963, "s": 0.7790688365654296}, "datetime": {"datetime": "2022-03-28 18:35:26", "elapsed": 37.447729, "delta": 0.243962}}
{"target": 0.7770497615235853, "params": {"a": 4.7151062229213405, "dB": 7.501407087119751, "s": 1.0767591490310597}, "datetime": {"datetime": "2022-03-28 18:35:26", "elapsed": 37.636798, "delta": 0.189069}}
{"target": 0.722300101561628, "params": {"a": 2.8180311016102104, "dB": 10.908242384254129, "s": 0.704716100974053}, "datetime": {"datetime": "2022-03-28 18:35:27", "elapsed": 38.97578, "delta": 1.338982}}
{"target": 0.8101350896514451, "params": {"a": 4.400960327932426, "dB": 9.511490266478358, "s": 0.7280761983073504}, "datetime": {"datetime": "2022-03-28 18:35:28", "elapsed": 39.470939, "delta": 0.495159}}
{"target": 0.6659828510997846, "params": {"a": 2.4995169859349287, "dB": 9.55391669229629, "s": 0.8500217637026599}, "datetime": {"datetime": "2022-03-28 18:35:28", "elapsed": 39.907249, "delta": 0.43631}}
{"target": 0.8619103289728185, "params": {"a": 4.504098427501648, "dB": 10.14278765963688, "s": 0.798057248447303}, "datetime": {"datetime": "2022-03-28 18:35:29", "elapsed": 40.387534, "delta": 0.480285}}
{"target": 0.9051589696226532, "params": {"a": 4.525678005191099, "dB": 8.629383488928612, "s": 0.7707887907875872}, "datetime": {"datetime": "2022-03-28 18:35:29", "elapsed": 40.614434, "delta": 0.2269}}
{"target": 0.9247588013645922, "params": {"a": 3.078058777446722, "dB": 8.83735963211031, "s": 0.5108113499221856}, "datetime": {"datetime": "2022-03-28 18:35:29", "elapsed": 40.85087, "delta": 0.236436}}
{"target": 0.8458416850076447, "params": {"a": 2.905178542143392, "dB": 8.61084381085397, "s": 0.7219193679203014}, "datetime": {"datetime": "2022-03-28 18:35:29", "elapsed": 40.957559, "delta": 0.106689}}
{"target": 0.7130792569647283, "params": {"a": 3.005865447874425, "dB": 10.908307272745382, "s": 0.7778008914343111}, "datetime": {"datetime": "2022-03-28 18:35:31", "elapsed": 42.224746, "delta": 1.267187}}
{"target": 0.8145158874930836, "params": {"a": 2.194994609494888, "dB": 8.993453532718114, "s": 0.443346239774423}, "datetime": {"datetime": "2022-03-28 18:35:31", "elapsed": 42.466248, "delta": 0.241502}}
{"target": 0.86518912876498, "params": {"a": 4.291735813854983, "dB": 10.579994009972012, "s": 1.003841955826372}, "datetime": {"datetime": "2022-03-28 18:35:31", "elapsed": 42.935722, "delta": 0.469474}}
{"target": 0.7219039393855541, "params": {"a": 3.819519343313418, "dB": 8.445728917104152, "s": 0.3523667015045897}, "datetime": {"datetime": "2022-03-28 18:35:31", "elapsed": 43.049679, "delta": 0.113957}}
{"target": 0.9933953533536732, "params": {"a": 4.492142799440908, "dB": 9.347001262080614, "s": 0.902161084004598}, "datetime": {"datetime": "2022-03-28 18:35:32", "elapsed": 43.725868, "delta": 0.676189}}
{"target": 0.9000548903263801, "params": {"a": 3.503709810170622, "dB": 10.065998838506289, "s": 0.6190116274640558}, "datetime": {"datetime": "2022-03-28 18:35:32", "elapsed": 44.195557, "delta": 0.469689}}
{"target": 0.6814642837243234, "params": {"a": 4.198093686756608, "dB": 9.491002967466505, "s": 0.5657098785919809}, "datetime": {"datetime": "2022-03-28 18:35:33", "elapsed": 44.65907, "delta": 0.463513}}
{"target": 0.9478358897186363, "params": {"a": 2.6994111778364864, "dB": 7.738732719458464, "s": 0.47792417932809983}, "datetime": {"datetime": "2022-03-28 18:35:33", "elapsed": 44.755172, "delta": 0.096102}}
{"target": 0.6580361832049159, "params": {"a": 1.7786912719438832, "dB": 10.939859898056557, "s": 0.28161285133076375}, "datetime": {"datetime": "2022-03-28 18:35:34", "elapsed": 45.988624, "delta": 1.233452}}
{"target": 0.7886827870616876, "params": {"a": 4.532544867246919, "dB": 9.760930934091627, "s": 1.1}, "datetime": {"datetime": "2022-03-28 18:35:35", "elapsed": 46.657402, "delta": 0.668778}}
{"target": 0.9737126587891192, "params": {"a": 4.819826883031366, "dB": 9.241905889658197, "s": 1.0165523722960175}, "datetime": {"datetime": "2022-03-28 18:35:36", "elapsed": 47.317772, "delta": 0.66037}}
{"target": 0.9547566278494586, "params": {"a": 3.150102754336484, "dB": 8.032876768654377, "s": 0.5165947002767679}, "datetime": {"datetime": "2022-03-28 18:35:36", "elapsed": 47.610717, "delta": 0.292945}}
{"target": 0.72293089382239, "params": {"a": 2.2963020380163432, "dB": 8.044564990858762, "s": 1.0473034510771673}, "datetime": {"datetime": "2022-03-28 18:35:36", "elapsed": 47.835782, "delta": 0.225065}}
{"target": 0.5751655651989624, "params": {"a": 4.041896181584271, "dB": 10.050142048477422, "s": 0.2946880315822752}, "datetime": {"datetime": "2022-03-28 18:35:37", "elapsed": 48.430668, "delta": 0.594886}}
