{"target": 0.9748969794858212, "params": {"a": 6.960383280922828, "dB": 12.580586176950064, "s": 0.7927531233992455}, "datetime": {"datetime": "2022-03-28 11:43:29", "elapsed": 322.245338, "delta": 2.202172}}
{"target": 0.6770904857951132, "params": {"a": 6.612753077216396, "dB": 12.346625621702419, "s": 0.8683844417859352}, "datetime": {"datetime": "2022-03-28 11:43:30", "elapsed": 323.735435, "delta": 1.490097}}
{"target": 0.8601490555972741, "params": {"a": 4.382320597676759, "dB": 12.713395876589885, "s": 0.526771525609599}, "datetime": {"datetime": "2022-03-28 11:43:32", "elapsed": 325.046738, "delta": 1.311303}}
{"target": 0.9509642540489508, "params": {"a": 6.314564571251912, "dB": 12.945409763710247, "s": 0.6662922748839043}, "datetime": {"datetime": "2022-03-28 11:43:33", "elapsed": 326.444824, "delta": 1.398086}}
{"target": 0.6471886776666951, "params": {"a": 3.780377505753035, "dB": 13.424538029242836, "s": 0.5855042500076263}, "datetime": {"datetime": "2022-03-28 11:43:34", "elapsed": 327.570174, "delta": 1.12535}}
{"target": 0.5772384367881791, "params": {"a": 4.5398511342094565, "dB": 11.147596352754904, "s": 0.8377207884583607}, "datetime": {"datetime": "2022-03-28 11:43:35", "elapsed": 328.033976, "delta": 0.463802}}
{"target": 0.9641343045459753, "params": {"a": 5.300487804722397, "dB": 10.5, "s": 0.5276488255961816}, "datetime": {"datetime": "2022-03-28 11:43:35", "elapsed": 328.773979, "delta": 0.740003}}
{"target": 0.922225200864466, "params": {"a": 5.5474218396210295, "dB": 10.524743857976201, "s": 0.5478373494512632}, "datetime": {"datetime": "2022-03-28 11:43:36", "elapsed": 329.56046, "delta": 0.786481}}
{"target": 0.6876790554430774, "params": {"a": 3.7036767447046604, "dB": 11.406045299533922, "s": 0.22101399331492852}, "datetime": {"datetime": "2022-03-28 11:43:37", "elapsed": 330.214496, "delta": 0.654036}}
{"target": 0.8122112888424261, "params": {"a": 5.8766884138778686, "dB": 10.505049373096508, "s": 0.5412717012598621}, "datetime": {"datetime": "2022-03-28 11:43:38", "elapsed": 331.443117, "delta": 1.228621}}
{"target": 0.91406310871922, "params": {"a": 6.090121699202844, "dB": 10.5, "s": 0.7283561655259632}, "datetime": {"datetime": "2022-03-28 11:43:39", "elapsed": 332.762969, "delta": 1.319852}}
{"target": 0.8345501854827159, "params": {"a": 5.980460974073644, "dB": 10.726002960537286, "s": 0.7614512534857313}, "datetime": {"datetime": "2022-03-28 11:43:41", "elapsed": 333.913257, "delta": 1.150288}}
{"target": 0.979801893079517, "params": {"a": 6.282495219294267, "dB": 10.639831406311922, "s": 0.7041603634730075}, "datetime": {"datetime": "2022-03-28 11:43:42", "elapsed": 335.093391, "delta": 1.180134}}
{"target": 0.8820969932028198, "params": {"a": 6.176577341712165, "dB": 10.87080760343426, "s": 0.7421954911384039}, "datetime": {"datetime": "2022-03-28 11:43:43", "elapsed": 336.104408, "delta": 1.011017}}
{"target": 0.8780503839133258, "params": {"a": 6.149548549828499, "dB": 10.656653053199532, "s": 0.6074868997211136}, "datetime": {"datetime": "2022-03-28 11:43:44", "elapsed": 337.179532, "delta": 1.075124}}
{"target": 0.6239775566762613, "params": {"a": 6.227146341750489, "dB": 10.657166081205846, "s": 0.8596182396381904}, "datetime": {"datetime": "2022-03-28 11:43:45", "elapsed": 338.242518, "delta": 1.062986}}
{"target": 0.93005004463271, "params": {"a": 6.207879840709772, "dB": 10.51481328709503, "s": 0.6334557376289647}, "datetime": {"datetime": "2022-03-28 11:43:46", "elapsed": 339.261414, "delta": 1.018896}}
{"target": 0.8683868115777869, "params": {"a": 6.360887613572142, "dB": 10.73910563249837, "s": 0.6355866572166333}, "datetime": {"datetime": "2022-03-28 11:43:47", "elapsed": 340.54424, "delta": 1.282826}}
{"target": 0.9167034573402252, "params": {"a": 5.933614941251354, "dB": 11.060416824321681, "s": 0.6969205022628264}, "datetime": {"datetime": "2022-03-28 11:43:48", "elapsed": 341.767149, "delta": 1.222909}}
{"target": 0.8455371383462466, "params": {"a": 5.4338198011661865, "dB": 10.672547143957768, "s": 0.491311191879942}, "datetime": {"datetime": "2022-03-28 11:43:50", "elapsed": 342.895676, "delta": 1.128527}}
{"target": 0.5280122012246838, "params": {"a": 4.323512339199574, "dB": 12.366663314542599, "s": 1.064494696883039}, "datetime": {"datetime": "2022-03-28 11:43:51", "elapsed": 344.013564, "delta": 1.117888}}
{"target": 0.6190645333297308, "params": {"a": 5.06060414342518, "dB": 11.912294728989501, "s": 1.3}, "datetime": {"datetime": "2022-03-28 11:43:52", "elapsed": 345.26982, "delta": 1.256256}}
{"target": 0.9322790471945486, "params": {"a": 5.702577851205301, "dB": 10.50216247974427, "s": 0.684653984774904}, "datetime": {"datetime": "2022-03-28 11:43:53", "elapsed": 346.19949, "delta": 0.92967}}
{"target": 0.9687305239545078, "params": {"a": 5.749374112435291, "dB": 12.561286631727848, "s": 0.720765575012618}, "datetime": {"datetime": "2022-03-28 11:43:54", "elapsed": 347.614779, "delta": 1.415289}}
{"target": 0.9396446574715946, "params": {"a": 7.221969127811673, "dB": 10.688107589460412, "s": 0.7946744232231876}, "datetime": {"datetime": "2022-03-28 11:43:57", "elapsed": 349.958421, "delta": 2.343642}}
{"target": 0.9211585714506138, "params": {"a": 7.017925536753817, "dB": 10.780868742982932, "s": 0.834878151394291}, "datetime": {"datetime": "2022-03-28 11:43:59", "elapsed": 352.366029, "delta": 2.407608}}
{"target": 0.5277555165654065, "params": {"a": 3.9682936518073, "dB": 12.828318820794806, "s": 1.0217698404018425}, "datetime": {"datetime": "2022-03-28 11:44:00", "elapsed": 353.556293, "delta": 1.190264}}
{"target": 0.9826557587651221, "params": {"a": 5.7883879362877195, "dB": 10.837221657243516, "s": 0.6305781162395957}, "datetime": {"datetime": "2022-03-28 11:44:01", "elapsed": 354.507214, "delta": 0.950921}}
{"target": 0.9797540806972534, "params": {"a": 5.9534583368157685, "dB": 10.863841530258695, "s": 0.633485064764566}, "datetime": {"datetime": "2022-03-28 11:44:02", "elapsed": 355.735148, "delta": 1.227934}}
{"target": 0.953344444183186, "params": {"a": 5.727517915905887, "dB": 10.68331158782066, "s": 0.5922799012114461}, "datetime": {"datetime": "2022-03-28 11:44:03", "elapsed": 356.709337, "delta": 0.974189}}
{"target": 0.5276657601659104, "params": {"a": 4.425725941525885, "dB": 11.45146145189994, "s": 0.9216417240145147}, "datetime": {"datetime": "2022-03-28 11:44:04", "elapsed": 357.375114, "delta": 0.665777}}
{"target": 0.9393408262402692, "params": {"a": 5.587135105227573, "dB": 13.5, "s": 0.6400498242257182}, "datetime": {"datetime": "2022-03-28 11:44:05", "elapsed": 358.678817, "delta": 1.303703}}
{"target": 0.5388254924210927, "params": {"a": 5.728559998716515, "dB": 13.488053324909881, "s": 0.5261275159747274}, "datetime": {"datetime": "2022-03-28 11:44:07", "elapsed": 360.012741, "delta": 1.333924}}
{"target": 0.9359167332727119, "params": {"a": 5.413420534445002, "dB": 13.465292060911759, "s": 0.6322715370205025}, "datetime": {"datetime": "2022-03-28 11:44:10", "elapsed": 362.856496, "delta": 1.498687}}
{"target": 0.7564456376126384, "params": {"a": 5.805077281499891, "dB": 10.880228556388678, "s": 0.7626511671269444}, "datetime": {"datetime": "2022-03-28 11:44:11", "elapsed": 364.475026, "delta": 1.61853}}
{"target": 0.5448764109547012, "params": {"a": 4.033280745422552, "dB": 12.937366144185532, "s": 1.0650671142450796}, "datetime": {"datetime": "2022-03-28 11:44:12", "elapsed": 365.672685, "delta": 1.197659}}
{"target": 0.8180885774688635, "params": {"a": 5.867540558113879, "dB": 10.815835643707905, "s": 0.5420043417996245}, "datetime": {"datetime": "2022-03-28 11:44:14", "elapsed": 366.839954, "delta": 1.167269}}
{"target": 0.46410788742866754, "params": {"a": 4.3155975987607125, "dB": 13.212006941215272, "s": 0.2768346030937025}, "datetime": {"datetime": "2022-03-28 11:44:15", "elapsed": 367.977296, "delta": 1.137342}}
{"target": 0.626533351330476, "params": {"a": 5.008675520765455, "dB": 11.08645159732011, "s": 1.3}, "datetime": {"datetime": "2022-03-28 11:44:16", "elapsed": 369.247002, "delta": 1.269706}}
{"target": 0.8708466131917026, "params": {"a": 3.5, "dB": 10.69903910222671, "s": 0.3320147067334408}, "datetime": {"datetime": "2022-03-28 11:44:17", "elapsed": 370.271725, "delta": 1.024723}}
{"target": 0.9557814826270731, "params": {"a": 5.632673909286561, "dB": 10.863225356410712, "s": 0.581533581684745}, "datetime": {"datetime": "2022-03-28 11:44:18", "elapsed": 371.240169, "delta": 0.968444}}
{"target": 0.38841927803200754, "params": {"a": 7.422043627463928, "dB": 11.922138677947384, "s": 0.2469206445795779}, "datetime": {"datetime": "2022-03-28 11:44:21", "elapsed": 374.422195, "delta": 3.182026}}
{"target": 0.9755893559454226, "params": {"a": 6.053642681112262, "dB": 11.001844449958078, "s": 0.6501204584530769}, "datetime": {"datetime": "2022-03-28 11:44:22", "elapsed": 375.74495, "delta": 1.322755}}
{"target": 0.4854635296879272, "params": {"a": 3.5, "dB": 12.994351243516531, "s": 1.3}, "datetime": {"datetime": "2022-03-28 11:44:24", "elapsed": 377.268532, "delta": 1.523582}}
{"target": 0.5151662637261993, "params": {"a": 3.5, "dB": 12.041667203133118, "s": 1.3}, "datetime": {"datetime": "2022-03-28 11:44:26", "elapsed": 378.891933, "delta": 1.623401}}
{"target": 0.9638214945876825, "params": {"a": 5.758062110005337, "dB": 10.999284550146697, "s": 0.5970154271836438}, "datetime": {"datetime": "2022-03-28 11:44:27", "elapsed": 379.854419, "delta": 0.962486}}
{"target": 0.9447213718261788, "params": {"a": 4.601037289941708, "dB": 11.785644693830664, "s": 0.5503732617335991}, "datetime": {"datetime": "2022-03-28 11:44:28", "elapsed": 381.07084, "delta": 1.216421}}
{"target": 0.9342240469467311, "params": {"a": 4.079347359042846, "dB": 11.126553305182107, "s": 0.39359152635001166}, "datetime": {"datetime": "2022-03-28 11:44:28", "elapsed": 381.789145, "delta": 0.718305}}
{"target": 0.9116631764924956, "params": {"a": 6.672552220392818, "dB": 11.494768712609387, "s": 0.7026188240273434}, "datetime": {"datetime": "2022-03-28 11:44:30", "elapsed": 383.627423, "delta": 1.838278}}
{"target": 0.5394264611156432, "params": {"a": 4.112519928659963, "dB": 13.5, "s": 1.3}, "datetime": {"datetime": "2022-03-28 11:44:32", "elapsed": 385.237957, "delta": 1.610534}}
{"target": 0.550469940044353, "params": {"a": 4.67239015538739, "dB": 12.318411986996608, "s": 0.3810604938988811}, "datetime": {"datetime": "2022-03-28 11:44:34", "elapsed": 387.021262, "delta": 1.783305}}
{"target": 0.8609711879051339, "params": {"a": 4.612067152022751, "dB": 12.389305867391709, "s": 0.6562690878555308}, "datetime": {"datetime": "2022-03-28 11:44:35", "elapsed": 388.699712, "delta": 1.67845}}
{"target": 0.9395500675189049, "params": {"a": 4.887937184166485, "dB": 12.283333714214846, "s": 0.6395608105421883}, "datetime": {"datetime": "2022-03-28 11:44:37", "elapsed": 390.281495, "delta": 1.581783}}
{"target": 0.0760414267400785, "params": {"a": 7.457516069098133, "dB": 13.302340859238626, "s": 0.1662547390718464}, "datetime": {"datetime": "2022-03-28 11:44:40", "elapsed": 393.515957, "delta": 3.234462}}
{"target": 0.9315730845385902, "params": {"a": 4.961002869405469, "dB": 12.460988665607875, "s": 0.6631726681460282}, "datetime": {"datetime": "2022-03-28 11:44:42", "elapsed": 394.973229, "delta": 1.457272}}
{"target": 0.9263234200794581, "params": {"a": 4.894395493127752, "dB": 12.68432245995275, "s": 0.6035917252268704}, "datetime": {"datetime": "2022-03-28 11:44:43", "elapsed": 396.613533, "delta": 1.640304}}
{"target": 0.8189846626070529, "params": {"a": 4.771488543351199, "dB": 12.59618086013802, "s": 0.7032069587572816}, "datetime": {"datetime": "2022-03-28 11:44:45", "elapsed": 398.157031, "delta": 1.543498}}
{"target": 0.8978666170139032, "params": {"a": 5.1006940724870065, "dB": 12.335955746518556, "s": 0.5827048391244075}, "datetime": {"datetime": "2022-03-28 11:44:46", "elapsed": 399.600181, "delta": 1.44315}}
{"target": 0.8188609048753319, "params": {"a": 4.727360665643122, "dB": 12.113843920524417, "s": 0.7063297841307479}, "datetime": {"datetime": "2022-03-28 11:44:48", "elapsed": 401.099332, "delta": 1.499151}}
{"target": 0.9602765488016306, "params": {"a": 5.1366276799715695, "dB": 12.564866374846295, "s": 0.6447521425249051}, "datetime": {"datetime": "2022-03-28 11:44:50", "elapsed": 402.874914, "delta": 1.775582}}
{"target": 0.9164065976044677, "params": {"a": 5.074219242632935, "dB": 12.772976875680163, "s": 0.5978960628212825}, "datetime": {"datetime": "2022-03-28 11:44:51", "elapsed": 404.568278, "delta": 1.693364}}
{"target": 0.9260604563790161, "params": {"a": 5.331839633490121, "dB": 12.650279752324881, "s": 0.7143300166257561}, "datetime": {"datetime": "2022-03-28 11:44:53", "elapsed": 406.180347, "delta": 1.612069}}
{"target": 0.4679348928232092, "params": {"a": 5.152925941466581, "dB": 11.448649531663278, "s": 0.2795629239983587}, "datetime": {"datetime": "2022-03-28 11:44:54", "elapsed": 406.923844, "delta": 0.743497}}
{"target": 0.8209750843300149, "params": {"a": 5.223833074610489, "dB": 12.456030810697783, "s": 0.7536196219068857}, "datetime": {"datetime": "2022-03-28 11:44:55", "elapsed": 408.421611, "delta": 1.497767}}
{"target": 0.46350087278171764, "params": {"a": 6.962484043404296, "dB": 13.5, "s": 1.3}, "datetime": {"datetime": "2022-03-28 11:44:57", "elapsed": 410.801168, "delta": 2.379557}}
{"target": 0.8689393489746777, "params": {"a": 5.266593240115014, "dB": 12.820032201382986, "s": 0.7332626260223167}, "datetime": {"datetime": "2022-03-28 11:44:59", "elapsed": 412.307725, "delta": 1.506557}}
{"target": 0.5189195958280368, "params": {"a": 5.777081807356725, "dB": 11.87178804124698, "s": 0.9616734371921883}, "datetime": {"datetime": "2022-03-28 11:45:00", "elapsed": 413.225892, "delta": 0.918167}}
{"target": 0.9744182589950873, "params": {"a": 6.346052983912805, "dB": 10.5, "s": 0.7051609398535581}, "datetime": {"datetime": "2022-03-28 11:45:01", "elapsed": 414.74967, "delta": 1.523778}}
{"target": 0.6431898803608062, "params": {"a": 3.5, "dB": 13.5, "s": 0.5079647212392904}, "datetime": {"datetime": "2022-03-28 11:45:03", "elapsed": 416.242687, "delta": 1.493017}}
{"target": 0.7842260001035488, "params": {"a": 5.0182788306818695, "dB": 12.52275369839849, "s": 0.5313720579169939}, "datetime": {"datetime": "2022-03-28 11:45:04", "elapsed": 417.650747, "delta": 1.40806}}
{"target": 0.37466715605760503, "params": {"a": 7.40207438288858, "dB": 11.33364924497754, "s": 0.21395200111344992}, "datetime": {"datetime": "2022-03-28 11:45:08", "elapsed": 420.875105, "delta": 3.224358}}
{"target": 0.11963404609759674, "params": {"a": 5.627480683575145, "dB": 11.506141675444438, "s": 0.10586120487979822}, "datetime": {"datetime": "2022-03-28 11:45:09", "elapsed": 421.816479, "delta": 0.941374}}
{"target": 0.9930264315637968, "params": {"a": 5.541592742986682, "dB": 11.903346067737218, "s": 0.6199644314505202}, "datetime": {"datetime": "2022-03-28 11:45:10", "elapsed": 422.858346, "delta": 1.041867}}
{"target": 0.9189915285031097, "params": {"a": 5.468117355127637, "dB": 11.79220201406666, "s": 0.6810500416415068}, "datetime": {"datetime": "2022-03-28 11:45:11", "elapsed": 424.298309, "delta": 1.439963}}
{"target": 0.8202786928669779, "params": {"a": 5.563485937285343, "dB": 11.946762229445806, "s": 0.5271800661611794}, "datetime": {"datetime": "2022-03-28 11:45:12", "elapsed": 425.657695, "delta": 1.359386}}
{"target": 0.9914954459493909, "params": {"a": 5.640509897435423, "dB": 12.017839750595735, "s": 0.6966852533228574}, "datetime": {"datetime": "2022-03-28 11:45:14", "elapsed": 426.993924, "delta": 1.336229}}
{"target": 0.9572710997229865, "params": {"a": 5.536169158255969, "dB": 11.97192541338028, "s": 0.7207630290351725}, "datetime": {"datetime": "2022-03-28 11:45:15", "elapsed": 428.448221, "delta": 1.454297}}
{"target": 0.979173710633516, "params": {"a": 5.660037766485999, "dB": 11.906671891101812, "s": 0.6468527975261896}, "datetime": {"datetime": "2022-03-28 11:45:16", "elapsed": 429.634572, "delta": 1.186351}}
{"target": 0.8674740349886724, "params": {"a": 3.729649951819966, "dB": 11.024497416282548, "s": 0.2571553348137544}, "datetime": {"datetime": "2022-03-28 11:45:17", "elapsed": 430.760861, "delta": 1.126289}}
{"target": 0.8293873164254761, "params": {"a": 5.912552203007907, "dB": 10.501871220651598, "s": 0.7405125329991199}, "datetime": {"datetime": "2022-03-28 11:45:19", "elapsed": 432.444524, "delta": 1.683663}}
{"target": 0.5018956664751135, "params": {"a": 6.029157523739235, "dB": 11.50623409863247, "s": 1.3}, "datetime": {"datetime": "2022-03-28 11:45:21", "elapsed": 434.126685, "delta": 1.682161}}
{"target": 0.4770787741058439, "params": {"a": 6.191320850889059, "dB": 11.255305888459045, "s": 0.40258079905620914}, "datetime": {"datetime": "2022-03-28 11:45:22", "elapsed": 435.251585, "delta": 1.1249}}
{"target": 0.47060781991754946, "params": {"a": 3.5, "dB": 13.5, "s": 1.3}, "datetime": {"datetime": "2022-03-28 11:45:23", "elapsed": 436.746998, "delta": 1.495413}}
{"target": 0.8644771480573885, "params": {"a": 6.492139252605473, "dB": 11.457249542903815, "s": 0.6395367243303698}, "datetime": {"datetime": "2022-03-28 11:45:25", "elapsed": 438.500837, "delta": 1.753839}}
{"target": 0.49361396968661975, "params": {"a": 4.932233501077253, "dB": 12.971264398024838, "s": 1.0649370636040598}, "datetime": {"datetime": "2022-03-28 11:45:26", "elapsed": 439.757596, "delta": 1.256759}}
{"target": 0.8604527009788729, "params": {"a": 5.505039771539513, "dB": 13.37012144093408, "s": 0.6023135425742894}, "datetime": {"datetime": "2022-03-28 11:45:28", "elapsed": 441.296452, "delta": 1.538856}}
{"target": 0.9457641971001719, "params": {"a": 5.681974292662949, "dB": 11.54469574477443, "s": 0.58030687230417}, "datetime": {"datetime": "2022-03-28 11:45:29", "elapsed": 442.467807, "delta": 1.171355}}
{"target": 0.7075693032925741, "params": {"a": 7.141991342871837, "dB": 11.27444744305124, "s": 0.9263193431153534}, "datetime": {"datetime": "2022-03-28 11:45:32", "elapsed": 445.057228, "delta": 2.589421}}
{"target": 0.8396202926704049, "params": {"a": 6.619562155693326, "dB": 11.403097832851195, "s": 0.8255509708328614}, "datetime": {"datetime": "2022-03-28 11:45:33", "elapsed": 446.806559, "delta": 1.749331}}
{"target": 0.6203448456150698, "params": {"a": 5.484546806382507, "dB": 13.5, "s": 0.5315808742982994}, "datetime": {"datetime": "2022-03-28 11:45:35", "elapsed": 448.627936, "delta": 1.821377}}
{"target": 0.9664397878408191, "params": {"a": 6.05894952168036, "dB": 11.22675563815844, "s": 0.7007239347182131}, "datetime": {"datetime": "2022-03-28 11:45:37", "elapsed": 450.050665, "delta": 1.422729}}
{"target": 0.9649687873789625, "params": {"a": 6.280309025563504, "dB": 11.092065930542908, "s": 0.7427551035275044}, "datetime": {"datetime": "2022-03-28 11:45:39", "elapsed": 451.974171, "delta": 1.923506}}
{"target": 0.8936335030503242, "params": {"a": 6.457381305689883, "dB": 11.044594068549825, "s": 0.7849858511474285}, "datetime": {"datetime": "2022-03-28 11:45:40", "elapsed": 453.586758, "delta": 1.612587}}
{"target": 0.9629546797662308, "params": {"a": 7.201032630223919, "dB": 12.83110896344307, "s": 0.8258175087418204}, "datetime": {"datetime": "2022-03-28 11:45:43", "elapsed": 456.149828, "delta": 2.56307}}
{"target": 0.7816832324158044, "params": {"a": 4.301151404937005, "dB": 12.657474999755998, "s": 0.44608060679924366}, "datetime": {"datetime": "2022-03-28 11:45:44", "elapsed": 457.400592, "delta": 1.250764}}
{"target": 0.48938443023132094, "params": {"a": 5.217557006666115, "dB": 12.839795199610238, "s": 1.1851264635868959}, "datetime": {"datetime": "2022-03-28 11:45:45", "elapsed": 458.659533, "delta": 1.258941}}
{"target": 0.9369462344162265, "params": {"a": 7.385146477804431, "dB": 13.083307488881719, "s": 0.8757583485474657}, "datetime": {"datetime": "2022-03-28 11:45:49", "elapsed": 462.774437, "delta": 4.114904}}
{"target": 0.8813044176569373, "params": {"a": 7.412554635105817, "dB": 12.90291774918825, "s": 0.788321889093655}, "datetime": {"datetime": "2022-03-28 11:45:53", "elapsed": 466.551639, "delta": 3.777202}}
{"target": 0.6074484504429202, "params": {"a": 7.259278836440186, "dB": 12.988078776015561, "s": 0.9702058910947995}, "datetime": {"datetime": "2022-03-28 11:45:57", "elapsed": 470.177213, "delta": 3.625574}}
{"target": 0.6726882374376929, "params": {"a": 3.733217540250201, "dB": 11.881788065096014, "s": 0.6090456992618015}, "datetime": {"datetime": "2022-03-28 11:45:58", "elapsed": 471.090233, "delta": 0.91302}}
{"target": 0.7598155920889584, "params": {"a": 7.486518667787454, "dB": 13.152542903660436, "s": 0.757999888005595}, "datetime": {"datetime": "2022-03-28 11:46:02", "elapsed": 474.909835, "delta": 3.819602}}
{"target": 0.9154240406222836, "params": {"a": 7.181223320285007, "dB": 12.684621746040062, "s": 0.8472382881191798}, "datetime": {"datetime": "2022-03-28 11:46:04", "elapsed": 477.646838, "delta": 2.737003}}
{"target": 0.37204459831119147, "params": {"a": 7.382743017976528, "dB": 13.02234716844455, "s": 0.46423779704837353}, "datetime": {"datetime": "2022-03-28 11:46:08", "elapsed": 481.00819, "delta": 3.361352}}
{"target": 0.6230874128169198, "params": {"a": 7.486217931812208, "dB": 13.05957238727037, "s": 0.9664946162894601}, "datetime": {"datetime": "2022-03-28 11:46:11", "elapsed": 484.783856, "delta": 3.775666}}
{"target": 0.983679006705078, "params": {"a": 7.273374176453294, "dB": 13.26851673074502, "s": 0.8364605546723108}, "datetime": {"datetime": "2022-03-28 11:46:15", "elapsed": 488.627998, "delta": 3.844142}}
{"target": 0.9770290067410284, "params": {"a": 7.3829221958050075, "dB": 13.472783749613171, "s": 0.8284899635028365}, "datetime": {"datetime": "2022-03-28 11:46:19", "elapsed": 492.506759, "delta": 3.878761}}
