{"target": 0.5611757275298427, "params": {"a": 2.9595770164590087, "dB": 10.021135727047554, "s": 0.10011437481734489}, "datetime": {"datetime": "2022-03-28 13:23:59", "elapsed": 0.0, "delta": 0.0}}
{"target": 0.8085535969093222, "params": {"a": 2.5581640042114393, "dB": 8.013645617859895, "s": 0.1923385947687978}, "datetime": {"datetime": "2022-03-28 13:23:59", "elapsed": 0.055883, "delta": 0.055883}}
{"target": 0.7845118906011531, "params": {"a": 2.151910739821848, "dB": 8.709462544650666, "s": 0.4967674742306699}, "datetime": {"datetime": "2022-03-28 13:23:59", "elapsed": 0.131686, "delta": 0.075803}}
{"target": 0.8690761073478931, "params": {"a": 3.3858585690117495, "dB": 8.967180800411532, "s": 0.7852195003967595}, "datetime": {"datetime": "2022-03-28 13:23:59", "elapsed": 0.225397, "delta": 0.093711}}
{"target": 0.743281951194514, "params": {"a": 2.2155828740603107, "dB": 10.573411027368309, "s": 0.12738759319792617}, "datetime": {"datetime": "2022-03-28 13:23:59", "elapsed": 0.656762, "delta": 0.431365}}
{"target": 0.9883902163456252, "params": {"a": 3.846636285624408, "dB": 8.960566808284945, "s": 0.6586898284457516}, "datetime": {"datetime": "2022-03-28 13:23:59", "elapsed": 0.746521, "delta": 0.089759}}
{"target": 0.7175280645300033, "params": {"a": 1.9913542850833181, "dB": 8.193355211797076, "s": 0.9007445686755366}, "datetime": {"datetime": "2022-03-28 13:24:00", "elapsed": 0.823336, "delta": 0.076815}}
{"target": 0.9257614527371054, "params": {"a": 4.888915515017891, "dB": 8.59698462355735, "s": 0.7923226156693141}, "datetime": {"datetime": "2022-03-28 13:24:00", "elapsed": 0.971938, "delta": 0.148602}}
{"target": 0.5281340789071262, "params": {"a": 4.567362033036134, "dB": 10.631123322263466, "s": 0.18504421136977792}, "datetime": {"datetime": "2022-03-28 13:24:00", "elapsed": 1.403513, "delta": 0.431575}}
{"target": 0.7404551777598459, "params": {"a": 1.6366917413150883, "dB": 8.094406468475992, "s": 0.9781425034294131}, "datetime": {"datetime": "2022-03-28 13:24:00", "elapsed": 1.489283, "delta": 0.08577}}
{"target": 0.7013411830169933, "params": {"a": 1.8442139184156754, "dB": 8.973876687517683, "s": 1.057889530150502}, "datetime": {"datetime": "2022-03-28 13:24:00", "elapsed": 1.569069, "delta": 0.079786}}
{"target": 0.7147597629307575, "params": {"a": 3.3660784974055598, "dB": 9.921569898826657, "s": 0.4155156310060629}, "datetime": {"datetime": "2022-03-28 13:24:01", "elapsed": 1.812099, "delta": 0.24303}}
{"target": 0.5280826173253184, "params": {"a": 3.902753246885543, "dB": 10.421189851640804, "s": 0.11828827734419181}, "datetime": {"datetime": "2022-03-28 13:24:01", "elapsed": 2.232889, "delta": 0.42079}}
{"target": 0.9543855106321277, "params": {"a": 4.125505102307386, "dB": 10.961013811172732, "s": 0.8481656543798394}, "datetime": {"datetime": "2022-03-28 13:24:01", "elapsed": 2.65821, "delta": 0.425321}}
{"target": 0.7548498210692249, "params": {"a": 2.4815539722254183, "dB": 10.262477649580209, "s": 0.20322600657764203}, "datetime": {"datetime": "2022-03-28 13:24:02", "elapsed": 3.0602, "delta": 0.40199}}
{"target": 0.7513758402253585, "params": {"a": 3.067627341615668, "dB": 10.680084260825835, "s": 0.3936141483736795}, "datetime": {"datetime": "2022-03-28 13:24:02", "elapsed": 3.475773, "delta": 0.415573}}
{"target": 0.7519194083914195, "params": {"a": 2.5072136850522204, "dB": 7.955100002413972, "s": 0.11936695787029708}, "datetime": {"datetime": "2022-03-28 13:24:02", "elapsed": 3.530663, "delta": 0.05489}}
{"target": 0.7516725861813008, "params": {"a": 3.8759243652896185, "dB": 8.240698406000206, "s": 0.3655466593722262}, "datetime": {"datetime": "2022-03-28 13:24:02", "elapsed": 3.616428, "delta": 0.085765}}
{"target": 0.9117782799381654, "params": {"a": 3.220506057481184, "dB": 7.686768907909781, "s": 0.674117605492013}, "datetime": {"datetime": "2022-03-28 13:24:02", "elapsed": 3.675815, "delta": 0.059387}}
{"target": 0.6515303193729666, "params": {"a": 2.0135500121703354, "dB": 9.562569379161495, "s": 0.7997583600209311}, "datetime": {"datetime": "2022-03-28 13:24:03", "elapsed": 3.776516, "delta": 0.100701}}
{"target": 0.6757529359412046, "params": {"a": 1.8581705008973906, "dB": 8.94919595736849, "s": 0.7944001577277451}, "datetime": {"datetime": "2022-03-28 13:24:03", "elapsed": 3.863318, "delta": 0.086802}}
{"target": 0.9126847770960843, "params": {"a": 2.949627443344159, "dB": 7.674837106311305, "s": 0.6358964059155116}, "datetime": {"datetime": "2022-03-28 13:24:03", "elapsed": 3.923155, "delta": 0.059837}}
{"target": 0.6683055781290774, "params": {"a": 3.823281258269261, "dB": 9.30211189220408, "s": 1.0445947559908133}, "datetime": {"datetime": "2022-03-28 13:24:03", "elapsed": 4.010633, "delta": 0.087478}}
{"target": 0.5316903140337265, "params": {"a": 3.5529426417569754, "dB": 10.661906703507592, "s": 0.23747470414623753}, "datetime": {"datetime": "2022-03-28 13:24:03", "elapsed": 4.432738, "delta": 0.422105}}
{"target": 0.6479330360271675, "params": {"a": 1.987467215377655, "dB": 10.325869510483333, "s": 0.49767683698553355}, "datetime": {"datetime": "2022-03-28 13:24:04", "elapsed": 4.980285, "delta": 0.547547}}
{"target": 0.682827592035268, "params": {"a": 2.0787396899092645, "dB": 10.746280031386119, "s": 0.44776585974550653}, "datetime": {"datetime": "2022-03-28 13:24:04", "elapsed": 5.379576, "delta": 0.399291}}
{"target": 0.830023075827644, "params": {"a": 4.127842360976544, "dB": 10.04099294872658, "s": 0.9833060912058098}, "datetime": {"datetime": "2022-03-28 13:24:04", "elapsed": 5.614226, "delta": 0.23465}}
{"target": 0.6571571882506302, "params": {"a": 3.682852724694631, "dB": 10.12829851909568, "s": 0.4488983419778425}, "datetime": {"datetime": "2022-03-28 13:24:05", "elapsed": 5.957424, "delta": 0.343198}}
{"target": 0.7617242593879896, "params": {"a": 2.444747621177591, "dB": 10.635601763686234, "s": 0.5280911898712949}, "datetime": {"datetime": "2022-03-28 13:24:05", "elapsed": 6.362325, "delta": 0.404901}}
{"target": 0.7214080004337331, "params": {"a": 4.87694016501935, "dB": 9.822045242364569, "s": 0.7216957202091218}, "datetime": {"datetime": "2022-03-28 13:24:05", "elapsed": 6.643964, "delta": 0.281639}}
{"target": 0.5837278604827715, "params": {"a": 1.901610905336813, "dB": 10.823212405474749, "s": 0.5499121334799405}, "datetime": {"datetime": "2022-03-28 13:24:06", "elapsed": 7.100759, "delta": 0.456795}}
{"target": 0.7211559181707259, "params": {"a": 3.524363650354961, "dB": 8.928478809664483, "s": 0.3370269802430277}, "datetime": {"datetime": "2022-03-28 13:24:06", "elapsed": 7.193544, "delta": 0.092785}}
{"target": 0.37601579044453315, "params": {"a": 4.661828321967889, "dB": 9.507878203353, "s": 0.10287032703115898}, "datetime": {"datetime": "2022-03-28 13:24:06", "elapsed": 7.367786, "delta": 0.174242}}
{"target": 0.982335366412709, "params": {"a": 3.6600071976725337, "dB": 8.643257156202337, "s": 0.6270581022576093}, "datetime": {"datetime": "2022-03-28 13:24:06", "elapsed": 7.468518, "delta": 0.100732}}
{"target": 0.7913258849233861, "params": {"a": 4.600797347587711, "dB": 8.75044416000875, "s": 1.0085351509197993}, "datetime": {"datetime": "2022-03-28 13:24:06", "elapsed": 7.605221, "delta": 0.136703}}
{"target": 0.6631758641307071, "params": {"a": 3.6817604052713095, "dB": 7.555374349962947, "s": 1.0294372337437614}, "datetime": {"datetime": "2022-03-28 13:24:06", "elapsed": 7.680523, "delta": 0.075302}}
{"target": 0.5274331106192159, "params": {"a": 3.9181392113092337, "dB": 10.990629976580182, "s": 0.2723405083453285}, "datetime": {"datetime": "2022-03-28 13:24:07", "elapsed": 8.135396, "delta": 0.454873}}
{"target": 0.5883751339961375, "params": {"a": 1.979975123701072, "dB": 10.764084120630073, "s": 0.7968181614899001}, "datetime": {"datetime": "2022-03-28 13:24:07", "elapsed": 8.54335, "delta": 0.407954}}
{"target": 0.6191734702249927, "params": {"a": 1.7310006045272188, "dB": 10.144120684108632, "s": 0.8538761884612464}, "datetime": {"datetime": "2022-03-28 13:24:08", "elapsed": 8.982886, "delta": 0.439536}}
{"target": 0.5601967957956091, "params": {"a": 4.730585874412691, "dB": 9.990336655199652, "s": 0.2242709619721647}, "datetime": {"datetime": "2022-03-28 13:24:08", "elapsed": 9.263136, "delta": 0.28025}}
{"target": 0.7880748557329998, "params": {"a": 1.5695804684392844, "dB": 7.591738454072018, "s": 0.1283064880207946}, "datetime": {"datetime": "2022-03-28 13:24:08", "elapsed": 9.302032, "delta": 0.038896}}
{"target": 0.6610740121618947, "params": {"a": 2.3617387366106604, "dB": 10.510097820390108, "s": 0.6388310643416528}, "datetime": {"datetime": "2022-03-28 13:24:09", "elapsed": 9.790463, "delta": 0.488431}}
{"target": 0.542952107435031, "params": {"a": 3.4348769254001805, "dB": 10.44710812325862, "s": 0.22417331511991115}, "datetime": {"datetime": "2022-03-28 13:24:09", "elapsed": 10.195322, "delta": 0.404859}}
{"target": 0.6670493190301953, "params": {"a": 2.4771428765389882, "dB": 9.550157450104008, "s": 1.0695957483196745}, "datetime": {"datetime": "2022-03-28 13:24:09", "elapsed": 10.295086, "delta": 0.099764}}
{"target": 0.7962005452224709, "params": {"a": 3.4636057673949847, "dB": 7.565265512805301, "s": 0.9006326726806163}, "datetime": {"datetime": "2022-03-28 13:24:09", "elapsed": 10.339936, "delta": 0.04485}}
{"target": 0.7615241839551838, "params": {"a": 2.3154099584435714, "dB": 10.324868184665727, "s": 0.48786064406417173}, "datetime": {"datetime": "2022-03-28 13:24:09", "elapsed": 10.758528, "delta": 0.418592}}
{"target": 0.7091409403108361, "params": {"a": 4.522396490958, "dB": 10.114925749580147, "s": 0.6562402339904189}, "datetime": {"datetime": "2022-03-28 13:24:10", "elapsed": 11.034062, "delta": 0.275534}}
{"target": 0.872740061438686, "params": {"a": 1.9775932898123976, "dB": 7.7097119132927405, "s": 0.22134345574073735}, "datetime": {"datetime": "2022-03-28 13:24:10", "elapsed": 11.073955, "delta": 0.039893}}
{"target": 0.7546127653639073, "params": {"a": 1.655931574906666, "dB": 7.876229451871325, "s": 0.32570933860785467}, "datetime": {"datetime": "2022-03-28 13:24:10", "elapsed": 11.128809, "delta": 0.054854}}
{"target": 0.4428998817624807, "params": {"a": 3.9954614313393684, "dB": 9.459009437189499, "s": 0.11255598015911586}, "datetime": {"datetime": "2022-03-28 13:24:10", "elapsed": 11.256467, "delta": 0.127658}}
{"target": 0.561152889467477, "params": {"a": 1.7519099789132038, "dB": 10.885467155000953, "s": 0.6681004619199421}, "datetime": {"datetime": "2022-03-28 13:24:10", "elapsed": 11.686338, "delta": 0.429871}}
{"target": 0.7088894127731514, "params": {"a": 2.2115263213134666, "dB": 8.383140105996132, "s": 0.8438258540750929}, "datetime": {"datetime": "2022-03-28 13:24:10", "elapsed": 11.76014, "delta": 0.073802}}
{"target": 0.6620680273584173, "params": {"a": 2.1840031838826155, "dB": 9.534756245456402, "s": 1.0700199890883124}, "datetime": {"datetime": "2022-03-28 13:24:11", "elapsed": 11.87982, "delta": 0.11968}}
{"target": 0.7779403859485169, "params": {"a": 4.463900805215124, "dB": 8.339467157016552, "s": 0.5937697142687299}, "datetime": {"datetime": "2022-03-28 13:24:11", "elapsed": 11.984354, "delta": 0.104534}}
{"target": 0.5454075222724863, "params": {"a": 3.669845014334829, "dB": 10.401433148425625, "s": 0.25679139464608425}, "datetime": {"datetime": "2022-03-28 13:24:11", "elapsed": 12.408374, "delta": 0.42402}}
{"target": 0.7141003875767253, "params": {"a": 1.5650167076209334, "dB": 7.745077503017278, "s": 0.5863451109370318}, "datetime": {"datetime": "2022-03-28 13:24:11", "elapsed": 12.448281, "delta": 0.039907}}
{"target": 0.7179553041619109, "params": {"a": 3.622153115786656, "dB": 9.490980029802685, "s": 0.41736240932216073}, "datetime": {"datetime": "2022-03-28 13:24:11", "elapsed": 12.57195, "delta": 0.123669}}
{"target": 0.6722818909946301, "params": {"a": 4.960156540443571, "dB": 9.52910826736029, "s": 0.4801411726235504}, "datetime": {"datetime": "2022-03-28 13:24:12", "elapsed": 12.780492, "delta": 0.208542}}
{"target": 0.9049929202688762, "params": {"a": 3.428318766912639, "dB": 10.108670508172757, "s": 0.7692328934531846}, "datetime": {"datetime": "2022-03-28 13:24:12", "elapsed": 13.026603, "delta": 0.246111}}
{"target": 0.9116654111592882, "params": {"a": 2.427218451819833, "dB": 7.732171920499545, "s": 0.47008419791410627}, "datetime": {"datetime": "2022-03-28 13:24:12", "elapsed": 13.067494, "delta": 0.040891}}
{"target": 0.8496237986117781, "params": {"a": 3.7040112745754756, "dB": 8.23560903470194, "s": 0.8527555537388138}, "datetime": {"datetime": "2022-03-28 13:24:12", "elapsed": 13.178198, "delta": 0.110704}}
{"target": 0.7135437100666134, "params": {"a": 1.7328776847394023, "dB": 8.411102845024894, "s": 0.9047545637433454}, "datetime": {"datetime": "2022-03-28 13:24:12", "elapsed": 13.246016, "delta": 0.067818}}
{"target": 0.6733408008455611, "params": {"a": 2.1770199891816473, "dB": 9.73811308307979, "s": 0.6246703091237337}, "datetime": {"datetime": "2022-03-28 13:24:12", "elapsed": 13.447477, "delta": 0.201461}}
{"target": 0.5122065266710112, "params": {"a": 4.7368278963977275, "dB": 8.42153869670489, "s": 0.1659610906840238}, "datetime": {"datetime": "2022-03-28 13:24:12", "elapsed": 13.610369, "delta": 0.162892}}
{"target": 0.807678230558769, "params": {"a": 4.072730871510343, "dB": 10.202623103401365, "s": 1.0078158525035241}, "datetime": {"datetime": "2022-03-28 13:24:13", "elapsed": 14.081278, "delta": 0.470909}}
{"target": 0.7407129906210356, "params": {"a": 4.76190224218893, "dB": 7.54883050541459, "s": 0.3343620861214205}, "datetime": {"datetime": "2022-03-28 13:24:13", "elapsed": 14.218869, "delta": 0.137591}}
{"target": 0.6502559308711057, "params": {"a": 3.6587242495058017, "dB": 10.821557122406658, "s": 1.0501761192470798}, "datetime": {"datetime": "2022-03-28 13:24:13", "elapsed": 14.663861, "delta": 0.444992}}
{"target": 0.904602539474142, "params": {"a": 3.4482861586830476, "dB": 10.70462222418196, "s": 0.7415662089463375}, "datetime": {"datetime": "2022-03-28 13:24:14", "elapsed": 15.105293, "delta": 0.441432}}
{"target": 0.818821745481565, "params": {"a": 2.865026999494362, "dB": 9.200967334839184, "s": 0.7043104829199732}, "datetime": {"datetime": "2022-03-28 13:24:14", "elapsed": 15.191057, "delta": 0.085764}}
{"target": 0.6428962652822704, "params": {"a": 3.423417725279969, "dB": 10.741634993472587, "s": 1.0187334356336062}, "datetime": {"datetime": "2022-03-28 13:24:14", "elapsed": 15.650038, "delta": 0.458981}}
{"target": 0.6722073398369401, "params": {"a": 2.8820646452324423, "dB": 10.871418849542492, "s": 0.27395566668046434}, "datetime": {"datetime": "2022-03-28 13:24:15", "elapsed": 16.065933, "delta": 0.415895}}
{"target": 0.7350031072828179, "params": {"a": 1.9421533180387307, "dB": 7.97277705316356, "s": 0.6056621656768967}, "datetime": {"datetime": "2022-03-28 13:24:15", "elapsed": 16.116796, "delta": 0.050863}}
{"target": 0.5944861077843654, "params": {"a": 1.575336818459693, "dB": 10.817895739261884, "s": 0.9271154711707325}, "datetime": {"datetime": "2022-03-28 13:24:15", "elapsed": 16.516942, "delta": 0.400146}}
{"target": 0.6932722737934397, "params": {"a": 1.5525664325974282, "dB": 8.116686894512693, "s": 0.43206357436683696}, "datetime": {"datetime": "2022-03-28 13:24:15", "elapsed": 16.583764, "delta": 0.066822}}
{"target": 0.665920148150919, "params": {"a": 1.9584889568382091, "dB": 10.333217422443038, "s": 0.44473665268329343}, "datetime": {"datetime": "2022-03-28 13:24:16", "elapsed": 16.978333, "delta": 0.394569}}
{"target": 0.8515465011673683, "params": {"a": 4.7903761881667855, "dB": 9.53704962981478, "s": 0.978831984411844}, "datetime": {"datetime": "2022-03-28 13:24:16", "elapsed": 17.129928, "delta": 0.151595}}
{"target": 0.6012795784232557, "params": {"a": 4.456570558872777, "dB": 10.668873115480272, "s": 0.5598802658168069}, "datetime": {"datetime": "2022-03-28 13:24:16", "elapsed": 17.716284, "delta": 0.586356}}
{"target": 0.6490908297288976, "params": {"a": 3.4122138560713067, "dB": 10.295112569032138, "s": 0.38571885173414755}, "datetime": {"datetime": "2022-03-28 13:24:17", "elapsed": 18.156137, "delta": 0.439853}}
{"target": 0.5477023282023308, "params": {"a": 3.215887329169747, "dB": 9.596886076760574, "s": 0.11553327555083573}, "datetime": {"datetime": "2022-03-28 13:24:17", "elapsed": 18.34311, "delta": 0.186973}}
{"target": 0.7464944819796615, "params": {"a": 3.5771849286882302, "dB": 9.017867221463105, "s": 0.9073605288848414}, "datetime": {"datetime": "2022-03-28 13:24:17", "elapsed": 18.433878, "delta": 0.090768}}
{"target": 0.6934487419497329, "params": {"a": 2.603356810833805, "dB": 10.62511047983803, "s": 0.6778572152845355}, "datetime": {"datetime": "2022-03-28 13:24:18", "elapsed": 18.861734, "delta": 0.427856}}
{"target": 0.6189435503547718, "params": {"a": 2.144035705696128, "dB": 10.257752318389265, "s": 0.7120311770449339}, "datetime": {"datetime": "2022-03-28 13:24:18", "elapsed": 19.394399, "delta": 0.532665}}
{"target": 0.671484348676295, "params": {"a": 1.6886824522581354, "dB": 8.970677880003963, "s": 0.7790688365654296}, "datetime": {"datetime": "2022-03-28 13:24:18", "elapsed": 19.469199, "delta": 0.0748}}
{"target": 0.7707033274679036, "params": {"a": 4.7151062229213405, "dB": 7.501407087119751, "s": 1.0767591490310597}, "datetime": {"datetime": "2022-03-28 13:24:18", "elapsed": 19.646724, "delta": 0.177525}}
{"target": 0.722553148265421, "params": {"a": 2.8180311016102104, "dB": 10.908242384254129, "s": 0.704716100974053}, "datetime": {"datetime": "2022-03-28 13:24:19", "elapsed": 20.046654, "delta": 0.39993}}
{"target": 0.9635978385108942, "params": {"a": 4.400960327932426, "dB": 9.511490266478358, "s": 0.7280761983073504}, "datetime": {"datetime": "2022-03-28 13:24:19", "elapsed": 20.181307, "delta": 0.134653}}
{"target": 0.6721305748806584, "params": {"a": 2.4995169859349287, "dB": 9.55391669229629, "s": 0.8500217637026599}, "datetime": {"datetime": "2022-03-28 13:24:19", "elapsed": 20.290933, "delta": 0.109626}}
{"target": 0.8619103289728185, "params": {"a": 4.504098427501648, "dB": 10.14278765963688, "s": 0.798057248447303}, "datetime": {"datetime": "2022-03-28 13:24:19", "elapsed": 20.720783, "delta": 0.42985}}
{"target": 0.9674888870328915, "params": {"a": 4.525678005191099, "dB": 8.629383488928612, "s": 0.7707887907875872}, "datetime": {"datetime": "2022-03-28 13:24:20", "elapsed": 20.840085, "delta": 0.119302}}
{"target": 0.9496709790342012, "params": {"a": 3.078058777446722, "dB": 8.83735963211031, "s": 0.5108113499221856}, "datetime": {"datetime": "2022-03-28 13:24:20", "elapsed": 20.923824, "delta": 0.083739}}
{"target": 0.8381204619175949, "params": {"a": 2.905178542143392, "dB": 8.61084381085397, "s": 0.7219193679203014}, "datetime": {"datetime": "2022-03-28 13:24:20", "elapsed": 21.012619, "delta": 0.088795}}
{"target": 0.7131535954660339, "params": {"a": 3.005865447874425, "dB": 10.908307272745382, "s": 0.7778008914343111}, "datetime": {"datetime": "2022-03-28 13:24:20", "elapsed": 21.46098, "delta": 0.448361}}
{"target": 0.8164141033100062, "params": {"a": 2.194994609494888, "dB": 8.993453532718114, "s": 0.443346239774423}, "datetime": {"datetime": "2022-03-28 13:24:20", "elapsed": 21.534793, "delta": 0.073813}}
{"target": 0.86518912876498, "params": {"a": 4.291735813854983, "dB": 10.579994009972012, "s": 1.003841955826372}, "datetime": {"datetime": "2022-03-28 13:24:21", "elapsed": 21.958208, "delta": 0.423415}}
{"target": 0.7379841128951623, "params": {"a": 3.819519343313418, "dB": 8.445728917104152, "s": 0.3523667015045897}, "datetime": {"datetime": "2022-03-28 13:24:21", "elapsed": 22.037995, "delta": 0.079787}}
{"target": 0.8930530958200509, "params": {"a": 4.492142799440908, "dB": 9.347001262080614, "s": 0.902161084004598}, "datetime": {"datetime": "2022-03-28 13:24:21", "elapsed": 22.163659, "delta": 0.125664}}
{"target": 0.9079427191111202, "params": {"a": 3.503709810170622, "dB": 10.065998838506289, "s": 0.6190116274640558}, "datetime": {"datetime": "2022-03-28 13:24:21", "elapsed": 22.390569, "delta": 0.22691}}
{"target": 0.7633062707588294, "params": {"a": 4.198093686756608, "dB": 9.491002967466505, "s": 0.5657098785919809}, "datetime": {"datetime": "2022-03-28 13:24:21", "elapsed": 22.500643, "delta": 0.110074}}
{"target": 0.9589382664132972, "params": {"a": 2.6994111778364864, "dB": 7.738732719458464, "s": 0.47792417932809983}, "datetime": {"datetime": "2022-03-28 13:24:21", "elapsed": 22.541534, "delta": 0.040891}}
{"target": 0.658364486710879, "params": {"a": 1.7786912719438832, "dB": 10.939859898056557, "s": 0.28161285133076375}, "datetime": {"datetime": "2022-03-28 13:24:22", "elapsed": 22.93561, "delta": 0.394076}}
{"target": 0.9863721045305709, "params": {"a": 4.049568121326052, "dB": 8.72371190790374, "s": 0.7543318462636567}, "datetime": {"datetime": "2022-03-28 13:24:22", "elapsed": 23.229746, "delta": 0.294136}}
{"target": 0.7197884632600882, "params": {"a": 4.519679563963373, "dB": 9.88879916035798, "s": 1.1}, "datetime": {"datetime": "2022-03-28 13:24:22", "elapsed": 23.688379, "delta": 0.458633}}
{"target": 0.9348670938586182, "params": {"a": 3.0735530783736786, "dB": 8.092884563857297, "s": 0.47444199340024773}, "datetime": {"datetime": "2022-03-28 13:24:23", "elapsed": 23.957525, "delta": 0.269146}}
{"target": 0.7212121048754505, "params": {"a": 2.2963020380163432, "dB": 8.044564990858762, "s": 1.0473034510771673}, "datetime": {"datetime": "2022-03-28 13:24:23", "elapsed": 24.107426, "delta": 0.149901}}
{"target": 0.5873500378312464, "params": {"a": 4.041896181584271, "dB": 10.050142048477422, "s": 0.2946880315822752}, "datetime": {"datetime": "2022-03-28 13:24:23", "elapsed": 24.464763, "delta": 0.357337}}
