{"target": 0.9744257433073144, "params": {"a": 3.3349381908202576, "dB": 8.521873039538756, "s": 0.6768579286963496}, "datetime": {"datetime": "2022-03-28 13:24:23", "elapsed": 24.760519, "delta": 0.295756}}
{"target": 0.6625804798454032, "params": {"a": 4.844059514394184, "dB": 9.824249955447167, "s": 0.5707206399291823}, "datetime": {"datetime": "2022-03-28 13:24:24", "elapsed": 25.106525, "delta": 0.346006}}
{"target": 0.6335256720311194, "params": {"a": 3.2105645300619865, "dB": 10.444125358062958, "s": 1.0790684383645772}, "datetime": {"datetime": "2022-03-28 13:24:24", "elapsed": 25.606951, "delta": 0.500426}}
{"target": 0.8949825523639433, "params": {"a": 4.336637841268835, "dB": 8.91863225582232, "s": 0.6629706834700452}, "datetime": {"datetime": "2022-03-28 13:24:25", "elapsed": 25.887234, "delta": 0.280283}}
{"target": 0.7615900559672508, "params": {"a": 3.1805699101420575, "dB": 7.715483045964753, "s": 0.23317668434776553}, "datetime": {"datetime": "2022-03-28 13:24:25", "elapsed": 26.09523, "delta": 0.207996}}
{"target": 0.7372198657310958, "params": {"a": 3.869890341936805, "dB": 9.417688649463088, "s": 0.48320916713870476}, "datetime": {"datetime": "2022-03-28 13:24:25", "elapsed": 26.307532, "delta": 0.212302}}
{"target": 0.8135729242057598, "params": {"a": 1.9926463535107986, "dB": 7.987828449143972, "s": 0.4168323118512143}, "datetime": {"datetime": "2022-03-28 13:24:25", "elapsed": 26.462864, "delta": 0.155332}}
{"target": 0.7323799793161395, "params": {"a": 2.4590016368944827, "dB": 10.175219413389964, "s": 0.16687054566031503}, "datetime": {"datetime": "2022-03-28 13:24:26", "elapsed": 26.973587, "delta": 0.510723}}
{"target": 0.6997633652619349, "params": {"a": 4.354189216551873, "dB": 11.0, "s": 1.1}, "datetime": {"datetime": "2022-03-28 13:24:26", "elapsed": 27.594966, "delta": 0.621379}}
{"target": 0.6471775176968629, "params": {"a": 3.5937070643816535, "dB": 7.894457200583251, "s": 0.2167775096844278}, "datetime": {"datetime": "2022-03-28 13:24:26", "elapsed": 27.757547, "delta": 0.162581}}
{"target": 0.9698041439321393, "params": {"a": 3.6476863125125925, "dB": 9.450871634744058, "s": 0.7536069203017798}, "datetime": {"datetime": "2022-03-28 13:24:27", "elapsed": 27.986479, "delta": 0.228932}}
{"target": 0.8994484613734338, "params": {"a": 3.512512743180819, "dB": 9.722398797741844, "s": 0.8124049974661508}, "datetime": {"datetime": "2022-03-28 13:24:27", "elapsed": 28.343359, "delta": 0.35688}}
{"target": 0.784086370057585, "params": {"a": 3.1178932060866407, "dB": 8.054913081953003, "s": 0.8611727313895076}, "datetime": {"datetime": "2022-03-28 13:24:27", "elapsed": 28.60455, "delta": 0.261191}}
{"target": 0.8171045846753642, "params": {"a": 2.973171240207101, "dB": 8.547650928862822, "s": 0.32977160230204106}, "datetime": {"datetime": "2022-03-28 13:24:28", "elapsed": 28.842284, "delta": 0.237734}}
{"target": 0.9463610142363773, "params": {"a": 3.7752957433020935, "dB": 8.719017201119502, "s": 0.7810828863249061}, "datetime": {"datetime": "2022-03-28 13:24:28", "elapsed": 29.165008, "delta": 0.322724}}
{"target": 0.8056871859792936, "params": {"a": 4.220230053318551, "dB": 8.479537576751827, "s": 0.907416442859361}, "datetime": {"datetime": "2022-03-28 13:24:28", "elapsed": 29.462212, "delta": 0.297204}}
{"target": 0.7414223384863582, "params": {"a": 2.3051464697962, "dB": 7.726753861369115, "s": 0.8038456474178886}, "datetime": {"datetime": "2022-03-28 13:24:28", "elapsed": 29.616873, "delta": 0.154661}}
{"target": 0.8776377508817275, "params": {"a": 4.002118589648774, "dB": 8.768998972380626, "s": 0.5774193965314053}, "datetime": {"datetime": "2022-03-28 13:24:29", "elapsed": 29.901568, "delta": 0.284695}}
{"target": 0.9364194762138993, "params": {"a": 2.7357792151119713, "dB": 8.016088869099743, "s": 0.5529487118933152}, "datetime": {"datetime": "2022-03-28 13:24:29", "elapsed": 30.200869, "delta": 0.299301}}
{"target": 0.7247555241565997, "params": {"a": 4.437213917864759, "dB": 8.964786675468167, "s": 0.3960894173739812}, "datetime": {"datetime": "2022-03-28 13:24:29", "elapsed": 30.442506, "delta": 0.241637}}
{"target": 0.9394786556516039, "params": {"a": 4.051576713032329, "dB": 8.94214172624636, "s": 0.8093594873174866}, "datetime": {"datetime": "2022-03-28 13:24:29", "elapsed": 30.726918, "delta": 0.284412}}
{"target": 0.9118000584795994, "params": {"a": 4.992003077904349, "dB": 8.25709095534685, "s": 0.9687363204958562}, "datetime": {"datetime": "2022-03-28 13:24:30", "elapsed": 31.131569, "delta": 0.404651}}
{"target": 0.764842859089475, "params": {"a": 1.650471990498664, "dB": 8.952020342875159, "s": 0.10529157301106754}, "datetime": {"datetime": "2022-03-28 13:24:30", "elapsed": 31.331417, "delta": 0.199848}}
{"target": 0.9833348393000214, "params": {"a": 3.3585964071507197, "dB": 8.716767742915215, "s": 0.6004903477916902}, "datetime": {"datetime": "2022-03-28 13:24:30", "elapsed": 31.673358, "delta": 0.341941}}
{"target": 0.9350395194510318, "params": {"a": 3.456027176799409, "dB": 8.379812444923964, "s": 0.5407256169835688}, "datetime": {"datetime": "2022-03-28 13:24:31", "elapsed": 31.963616, "delta": 0.290258}}
{"target": 0.9014410649204506, "params": {"a": 2.574906042346941, "dB": 7.526829329954188, "s": 0.2757121824845411}, "datetime": {"datetime": "2022-03-28 13:24:31", "elapsed": 32.251843, "delta": 0.288227}}
{"target": 0.7706237463588149, "params": {"a": 1.8612044380379222, "dB": 7.700021037667945, "s": 0.46964607821103177}, "datetime": {"datetime": "2022-03-28 13:24:31", "elapsed": 32.424727, "delta": 0.172884}}
{"target": 0.9514102665477887, "params": {"a": 3.5313308760144495, "dB": 8.549289080194521, "s": 0.746548069107242}, "datetime": {"datetime": "2022-03-28 13:24:31", "elapsed": 32.708955, "delta": 0.284228}}
{"target": 0.8293325391396925, "params": {"a": 2.554327007409981, "dB": 8.018382343838576, "s": 0.21307025623696133}, "datetime": {"datetime": "2022-03-28 13:24:32", "elapsed": 32.882983, "delta": 0.174028}}
{"target": 0.9377526100357119, "params": {"a": 3.3749192727592776, "dB": 9.393885862320143, "s": 0.7291533812057746}, "datetime": {"datetime": "2022-03-28 13:24:32", "elapsed": 33.178877, "delta": 0.295894}}
{"target": 0.9064974931507781, "params": {"a": 4.940191386663495, "dB": 9.06520187414088, "s": 0.7702643574953693}, "datetime": {"datetime": "2022-03-28 13:24:32", "elapsed": 33.578162, "delta": 0.399285}}
{"target": 0.7084457726650051, "params": {"a": 2.5132371652479883, "dB": 8.960948823813052, "s": 0.1}, "datetime": {"datetime": "2022-03-28 13:24:33", "elapsed": 33.863347, "delta": 0.285185}}
{"target": 0.736022923581443, "params": {"a": 5.0, "dB": 7.904659227364834, "s": 1.1}, "datetime": {"datetime": "2022-03-28 13:24:33", "elapsed": 34.277255, "delta": 0.413908}}
{"target": 0.7205529304836633, "params": {"a": 5.0, "dB": 8.547258892307399, "s": 1.1}, "datetime": {"datetime": "2022-03-28 13:24:33", "elapsed": 34.669174, "delta": 0.391919}}
{"target": 0.736993087654228, "params": {"a": 4.727454614415087, "dB": 8.813006432256392, "s": 0.6241861131287079}, "datetime": {"datetime": "2022-03-28 13:24:34", "elapsed": 35.014253, "delta": 0.345079}}
{"target": 0.7220486339136555, "params": {"a": 4.14145993044342, "dB": 8.327317852327383, "s": 0.9751905057809989}, "datetime": {"datetime": "2022-03-28 13:24:34", "elapsed": 35.233696, "delta": 0.219443}}
{"target": 0.9330655544441312, "params": {"a": 4.753714598532058, "dB": 8.365219947060282, "s": 0.7915510173220951}, "datetime": {"datetime": "2022-03-28 13:24:34", "elapsed": 35.615628, "delta": 0.381932}}
{"target": 0.8616038812820315, "params": {"a": 4.3380440215040235, "dB": 10.11536123060529, "s": 0.9895289973463081}, "datetime": {"datetime": "2022-03-28 13:24:35", "elapsed": 35.997567, "delta": 0.381939}}
{"target": 0.81142989501281, "params": {"a": 2.560451963552424, "dB": 8.02807816325884, "s": 0.19620609832436245}, "datetime": {"datetime": "2022-03-28 13:24:35", "elapsed": 36.195038, "delta": 0.197471}}
{"target": 0.8940310064657643, "params": {"a": 4.988933611988809, "dB": 9.259129628652838, "s": 0.9841696676501236}, "datetime": {"datetime": "2022-03-28 13:24:35", "elapsed": 36.567104, "delta": 0.372066}}
{"target": 0.8112148346644209, "params": {"a": 4.993173219284275, "dB": 8.295608863099837, "s": 0.7706328806882498}, "datetime": {"datetime": "2022-03-28 13:24:36", "elapsed": 36.982746, "delta": 0.415642}}
{"target": 0.9282297132982882, "params": {"a": 4.827406619658415, "dB": 10.391197078818958, "s": 1.0473373475022785}, "datetime": {"datetime": "2022-03-28 13:24:36", "elapsed": 37.62233, "delta": 0.639584}}
{"target": 0.9429437951437973, "params": {"a": 4.987669184284612, "dB": 10.721655845588252, "s": 1.0496053762517916}, "datetime": {"datetime": "2022-03-28 13:24:37", "elapsed": 38.266269, "delta": 0.643939}}
{"target": 0.77670263271109, "params": {"a": 4.985011924716513, "dB": 10.557971683474676, "s": 0.8315916987749622}, "datetime": {"datetime": "2022-03-28 13:24:38", "elapsed": 38.893702, "delta": 0.627433}}
{"target": 0.8279348643607612, "params": {"a": 5.0, "dB": 11.0, "s": 1.1}, "datetime": {"datetime": "2022-03-28 13:24:38", "elapsed": 39.533618, "delta": 0.639916}}
{"target": 0.8449596015802887, "params": {"a": 4.6757064711052845, "dB": 10.614187018381113, "s": 1.0698570351892083}, "datetime": {"datetime": "2022-03-28 13:24:39", "elapsed": 40.169237, "delta": 0.635619}}
{"target": 0.664350388633666, "params": {"a": 1.6477137064184215, "dB": 9.801741503521626, "s": 1.0911700446571593}, "datetime": {"datetime": "2022-03-28 13:24:39", "elapsed": 40.535075, "delta": 0.365838}}
{"target": 0.7077815581011124, "params": {"a": 2.9041095460088098, "dB": 7.511684409639856, "s": 1.0386978535535922}, "datetime": {"datetime": "2022-03-28 13:24:40", "elapsed": 40.818094, "delta": 0.283019}}
{"target": 0.6314090688633487, "params": {"a": 1.8802383907501583, "dB": 10.35394428555992, "s": 1.0746295936787624}, "datetime": {"datetime": "2022-03-28 13:24:40", "elapsed": 41.356037, "delta": 0.537943}}
{"target": 0.7293522675931636, "params": {"a": 4.551114506397891, "dB": 8.125083101835466, "s": 0.5187862018952728}, "datetime": {"datetime": "2022-03-28 13:24:40", "elapsed": 41.613472, "delta": 0.257435}}
{"target": 0.9454886251413867, "params": {"a": 3.999194566589767, "dB": 10.748737566521735, "s": 0.7969945070778391}, "datetime": {"datetime": "2022-03-28 13:24:41", "elapsed": 42.242766, "delta": 0.629294}}
{"target": 0.9803549853906728, "params": {"a": 4.218584730093896, "dB": 9.606421599223633, "s": 0.8757276231061396}, "datetime": {"datetime": "2022-03-28 13:24:41", "elapsed": 42.693721, "delta": 0.450955}}
{"target": 0.9707478233753126, "params": {"a": 3.9050666270780225, "dB": 9.69957302909822, "s": 0.83458754149821}, "datetime": {"datetime": "2022-03-28 13:24:42", "elapsed": 43.131553, "delta": 0.437832}}
{"target": 0.6863492214469085, "params": {"a": 1.5, "dB": 9.678549082267617, "s": 0.1}, "datetime": {"datetime": "2022-03-28 13:24:42", "elapsed": 43.506812, "delta": 0.375259}}
{"target": 0.9201353140993779, "params": {"a": 3.760448730674166, "dB": 9.921220963857742, "s": 0.8547844584985685}, "datetime": {"datetime": "2022-03-28 13:24:43", "elapsed": 43.975372, "delta": 0.46856}}
{"target": 0.9516414683736893, "params": {"a": 3.3819328321564246, "dB": 9.395598458899595, "s": 0.7130680690600502}, "datetime": {"datetime": "2022-03-28 13:24:43", "elapsed": 44.251823, "delta": 0.276451}}
{"target": 0.7596630456603862, "params": {"a": 1.8018684901911812, "dB": 9.41522059394537, "s": 0.24503149986524722}, "datetime": {"datetime": "2022-03-28 13:24:43", "elapsed": 44.519738, "delta": 0.267915}}
{"target": 0.9912638833321058, "params": {"a": 3.5395586806813544, "dB": 9.205597352158858, "s": 0.6377858413441665}, "datetime": {"datetime": "2022-03-28 13:24:44", "elapsed": 44.840036, "delta": 0.320298}}
{"target": 0.9664543807688237, "params": {"a": 3.228893991918406, "dB": 9.143518898234941, "s": 0.5629639643892488}, "datetime": {"datetime": "2022-03-28 13:24:44", "elapsed": 45.189482, "delta": 0.349446}}
{"target": 0.9494894291109675, "params": {"a": 2.8995462477483627, "dB": 7.879554539319849, "s": 0.43273263884593316}, "datetime": {"datetime": "2022-03-28 13:24:44", "elapsed": 45.489445, "delta": 0.299963}}
{"target": 0.8264545195940078, "params": {"a": 2.207302081767066, "dB": 7.5, "s": 0.1}, "datetime": {"datetime": "2022-03-28 13:24:45", "elapsed": 45.803252, "delta": 0.313807}}
{"target": 0.9288017190530309, "params": {"a": 3.910816889426608, "dB": 11.0, "s": 0.770292453160274}, "datetime": {"datetime": "2022-03-28 13:24:45", "elapsed": 46.483049, "delta": 0.679797}}
{"target": 0.8443090610646776, "params": {"a": 5.0, "dB": 10.489684838810819, "s": 1.1}, "datetime": {"datetime": "2022-03-28 13:24:46", "elapsed": 47.149617, "delta": 0.666568}}
{"target": 0.8019513863020548, "params": {"a": 4.215298044053004, "dB": 8.49524419404409, "s": 0.9092924740484271}, "datetime": {"datetime": "2022-03-28 13:24:46", "elapsed": 47.410012, "delta": 0.260395}}
{"target": 0.7992573277078437, "params": {"a": 4.605577051189821, "dB": 8.235150516928572, "s": 1.0142740285443632}, "datetime": {"datetime": "2022-03-28 13:24:47", "elapsed": 47.777116, "delta": 0.367104}}
{"target": 0.8568229362211759, "params": {"a": 3.1041824736705026, "dB": 10.892485559081216, "s": 0.6690440656495994}, "datetime": {"datetime": "2022-03-28 13:24:47", "elapsed": 48.37763, "delta": 0.600514}}
{"target": 0.8635466506597981, "params": {"a": 3.3706336447652223, "dB": 10.988378255076706, "s": 0.5855430800376147}, "datetime": {"datetime": "2022-03-28 13:24:48", "elapsed": 49.088758, "delta": 0.711128}}
{"target": 0.7456151025331303, "params": {"a": 1.9706366535610664, "dB": 10.785231573993945, "s": 0.10947123219350954}, "datetime": {"datetime": "2022-03-28 13:24:48", "elapsed": 49.680012, "delta": 0.591254}}
{"target": 0.8156399474676302, "params": {"a": 4.574768328951226, "dB": 10.330866396007885, "s": 1.077618428133196}, "datetime": {"datetime": "2022-03-28 13:24:49", "elapsed": 50.414129, "delta": 0.734117}}
{"target": 0.7397857598067741, "params": {"a": 2.118708134023789, "dB": 8.232246781810662, "s": 0.6306004277440791}, "datetime": {"datetime": "2022-03-28 13:24:49", "elapsed": 50.658502, "delta": 0.244373}}
{"target": 0.8796994478609883, "params": {"a": 4.388945377611224, "dB": 7.91962160099217, "s": 0.6583088563370626}, "datetime": {"datetime": "2022-03-28 13:24:50", "elapsed": 50.924281, "delta": 0.265779}}
{"target": 0.9660024532912368, "params": {"a": 3.2175318857276514, "dB": 9.165067000442093, "s": 0.5623454507094615}, "datetime": {"datetime": "2022-03-28 13:24:50", "elapsed": 51.173563, "delta": 0.249282}}
{"target": 0.8235228492038704, "params": {"a": 4.241925624056789, "dB": 7.5, "s": 0.5662071037843526}, "datetime": {"datetime": "2022-03-28 13:24:50", "elapsed": 51.486384, "delta": 0.312821}}
{"target": 0.9667294749293546, "params": {"a": 2.8839296886251216, "dB": 7.5, "s": 0.4228614884899107}, "datetime": {"datetime": "2022-03-28 13:24:51", "elapsed": 51.785589, "delta": 0.299205}}
{"target": 0.6622362825950464, "params": {"a": 4.408833911330023, "dB": 10.441155207688626, "s": 0.637488967560313}, "datetime": {"datetime": "2022-03-28 13:24:51", "elapsed": 52.393448, "delta": 0.607859}}
{"target": 0.9390980119898918, "params": {"a": 4.364905072257342, "dB": 9.746243576120055, "s": 0.7727938428536478}, "datetime": {"datetime": "2022-03-28 13:24:52", "elapsed": 52.865898, "delta": 0.47245}}
{"target": 0.841235133021007, "params": {"a": 4.274177170625099, "dB": 7.993160944545959, "s": 0.8922616007393905}, "datetime": {"datetime": "2022-03-28 13:24:52", "elapsed": 53.108084, "delta": 0.242186}}
{"target": 0.9058012409448367, "params": {"a": 2.732154265297131, "dB": 7.50211505252029, "s": 0.5999516473143635}, "datetime": {"datetime": "2022-03-28 13:24:52", "elapsed": 53.389527, "delta": 0.281443}}
{"target": 0.8385104815614404, "params": {"a": 2.8650375628197438, "dB": 7.6235161636443305, "s": 0.2548503263479548}, "datetime": {"datetime": "2022-03-28 13:24:52", "elapsed": 53.612032, "delta": 0.222505}}
{"target": 0.9907981809639609, "params": {"a": 3.6253339122098738, "dB": 8.839474396359755, "s": 0.6385225146871327}, "datetime": {"datetime": "2022-03-28 13:24:53", "elapsed": 53.928551, "delta": 0.316519}}
{"target": 0.9732228504268066, "params": {"a": 3.123238764282121, "dB": 7.509158370744728, "s": 0.568298794603087}, "datetime": {"datetime": "2022-03-28 13:24:53", "elapsed": 54.21579, "delta": 0.287239}}
{"target": 0.9206216598288114, "params": {"a": 3.23646153940146, "dB": 8.508588821342565, "s": 0.4900230929840783}, "datetime": {"datetime": "2022-03-28 13:24:53", "elapsed": 54.557702, "delta": 0.341912}}
{"target": 0.9277851218637734, "params": {"a": 3.176136750191635, "dB": 8.765265363694366, "s": 0.6944292361562381}, "datetime": {"datetime": "2022-03-28 13:24:54", "elapsed": 54.868884, "delta": 0.311182}}
{"target": 0.5042359077832899, "params": {"a": 4.211546947028794, "dB": 7.5, "s": 0.1}, "datetime": {"datetime": "2022-03-28 13:24:54", "elapsed": 55.183074, "delta": 0.31419}}
{"target": 0.9035664708551483, "params": {"a": 4.33853061624219, "dB": 7.582553317275105, "s": 0.8856956343064829}, "datetime": {"datetime": "2022-03-28 13:24:54", "elapsed": 55.540907, "delta": 0.357833}}
{"target": 0.9817180814468708, "params": {"a": 3.4209519559788015, "dB": 7.531030757437156, "s": 0.5290072509111139}, "datetime": {"datetime": "2022-03-28 13:24:55", "elapsed": 55.925973, "delta": 0.385066}}
{"target": 0.7808276946293483, "params": {"a": 1.5, "dB": 7.5, "s": 1.1}, "datetime": {"datetime": "2022-03-28 13:24:55", "elapsed": 56.2172, "delta": 0.291227}}
{"target": 0.9562663938619725, "params": {"a": 3.2698558604550763, "dB": 7.5, "s": 0.4388692259456777}, "datetime": {"datetime": "2022-03-28 13:24:55", "elapsed": 56.491229, "delta": 0.274029}}
{"target": 0.9955110452518207, "params": {"a": 3.7069630553020994, "dB": 9.127639218195466, "s": 0.6590074520849838}, "datetime": {"datetime": "2022-03-28 13:24:56", "elapsed": 56.804418, "delta": 0.313189}}
{"target": 0.9383698066495154, "params": {"a": 3.6845956185608237, "dB": 7.509610040183429, "s": 0.546000217220945}, "datetime": {"datetime": "2022-03-28 13:24:56", "elapsed": 57.102672, "delta": 0.298254}}
{"target": 0.9637996513450784, "params": {"a": 3.565784155633071, "dB": 7.8030799912694055, "s": 0.6250400678806932}, "datetime": {"datetime": "2022-03-28 13:24:56", "elapsed": 57.421144, "delta": 0.318472}}
{"target": 0.9701794986133603, "params": {"a": 3.8887911943532054, "dB": 7.767327595473067, "s": 0.6813239640566132}, "datetime": {"datetime": "2022-03-28 13:24:56", "elapsed": 57.724545, "delta": 0.303401}}
{"target": 0.976508601266341, "params": {"a": 3.8975201214269166, "dB": 8.009742237773345, "s": 0.6612575271175486}, "datetime": {"datetime": "2022-03-28 13:24:57", "elapsed": 58.023779, "delta": 0.299234}}
{"target": 0.9664000113694449, "params": {"a": 4.1356006028180925, "dB": 7.843403922632232, "s": 0.6985165586222978}, "datetime": {"datetime": "2022-03-28 13:24:57", "elapsed": 58.378798, "delta": 0.355019}}
{"target": 0.891729103836178, "params": {"a": 2.532336490683526, "dB": 7.52976983270815, "s": 0.2557551443383056}, "datetime": {"datetime": "2022-03-28 13:24:57", "elapsed": 58.609118, "delta": 0.23032}}
{"target": 0.9867337100715224, "params": {"a": 3.629624559579815, "dB": 8.035783499002049, "s": 0.6479971448172068}, "datetime": {"datetime": "2022-03-28 13:24:58", "elapsed": 58.918317, "delta": 0.309199}}
{"target": 0.9697097656323147, "params": {"a": 3.222161725794467, "dB": 9.127859206885317, "s": 0.5711259215185639}, "datetime": {"datetime": "2022-03-28 13:24:58", "elapsed": 59.203446, "delta": 0.285129}}
{"target": 0.9657481442667832, "params": {"a": 3.4299179543894285, "dB": 8.05007422045043, "s": 0.5744268062514486}, "datetime": {"datetime": "2022-03-28 13:24:58", "elapsed": 59.540415, "delta": 0.336969}}
{"target": 0.9047072638936742, "params": {"a": 3.000384328039133, "dB": 9.073487034719943, "s": 0.4415695926614828}, "datetime": {"datetime": "2022-03-28 13:24:59", "elapsed": 59.909238, "delta": 0.368823}}
{"target": 0.8319772818330625, "params": {"a": 1.9832160715652716, "dB": 8.350868693853343, "s": 0.10484511793437659}, "datetime": {"datetime": "2022-03-28 13:24:59", "elapsed": 60.266022, "delta": 0.356784}}
{"target": 0.9716061948079452, "params": {"a": 3.3803418775768006, "dB": 8.226195252428708, "s": 0.6974934648199158}, "datetime": {"datetime": "2022-03-28 13:24:59", "elapsed": 60.60615, "delta": 0.340128}}
{"target": 0.9333441366465248, "params": {"a": 3.749933013619035, "dB": 7.918013111692046, "s": 0.7557711510486201}, "datetime": {"datetime": "2022-03-28 13:25:00", "elapsed": 60.964414, "delta": 0.358264}}
{"target": 0.9010539278255982, "params": {"a": 3.963200759403681, "dB": 7.847820132175242, "s": 0.5327626657144627}, "datetime": {"datetime": "2022-03-28 13:25:00", "elapsed": 61.30052, "delta": 0.336106}}
{"target": 0.9425243578703564, "params": {"a": 4.625723502466641, "dB": 8.49057144402847, "s": 0.8491885903252014}, "datetime": {"datetime": "2022-03-28 13:25:00", "elapsed": 61.707317, "delta": 0.406797}}
{"target": 0.9621290251748059, "params": {"a": 4.064105983582275, "dB": 7.605568312587572, "s": 0.7787103119887714}, "datetime": {"datetime": "2022-03-28 13:25:01", "elapsed": 62.089776, "delta": 0.382459}}
{"target": 0.8756598888131004, "params": {"a": 2.1164608689240123, "dB": 8.18478449526956, "s": 0.23830540577786344}, "datetime": {"datetime": "2022-03-28 13:25:01", "elapsed": 62.364602, "delta": 0.274826}}
{"target": 0.6465539448301243, "params": {"a": 4.664714583128423, "dB": 7.687966776263037, "s": 0.23388063966443431}, "datetime": {"datetime": "2022-03-28 13:25:01", "elapsed": 62.683723, "delta": 0.319121}}
