{"target": 0.7800794070632123, "params": {"a": 3.2052139157476134, "dB": 7.668553273351657, "s": 0.3054725629900215}, "datetime": {"datetime": "2022-03-28 18:35:37", "elapsed": 48.754583, "delta": 0.323915}}
{"target": 0.6493915112624736, "params": {"a": 4.844059514394184, "dB": 9.824249955447167, "s": 0.5707206399291823}, "datetime": {"datetime": "2022-03-28 18:35:38", "elapsed": 49.322701, "delta": 0.568118}}
{"target": 0.6335256720311194, "params": {"a": 3.2105645300619865, "dB": 10.444125358062958, "s": 1.0790684383645772}, "datetime": {"datetime": "2022-03-28 18:35:38", "elapsed": 49.901117, "delta": 0.578416}}
{"target": 0.7844890484084976, "params": {"a": 3.1063792721894465, "dB": 7.973965842770956, "s": 0.8638191003042045}, "datetime": {"datetime": "2022-03-28 18:35:38", "elapsed": 50.179605, "delta": 0.278488}}
{"target": 0.9728922106730886, "params": {"a": 4.033905172627394, "dB": 8.68950617251005, "s": 0.8681714356741431}, "datetime": {"datetime": "2022-03-28 18:35:39", "elapsed": 50.54459, "delta": 0.364985}}
{"target": 0.6747379251581996, "params": {"a": 3.869890341936805, "dB": 9.417688649463088, "s": 0.48320916713870476}, "datetime": {"datetime": "2022-03-28 18:35:39", "elapsed": 51.092688, "delta": 0.548098}}
{"target": 0.8103881191302631, "params": {"a": 1.9926463535107986, "dB": 7.987828449143972, "s": 0.4168323118512143}, "datetime": {"datetime": "2022-03-28 18:35:40", "elapsed": 51.284519, "delta": 0.191831}}
{"target": 0.7323799793161395, "params": {"a": 2.4590016368944827, "dB": 10.175219413389964, "s": 0.16687054566031503}, "datetime": {"datetime": "2022-03-28 18:35:40", "elapsed": 51.859721, "delta": 0.575202}}
{"target": 0.9835190273399088, "params": {"a": 4.301764483843924, "dB": 8.988565895109252, "s": 0.819672729413422}, "datetime": {"datetime": "2022-03-28 18:35:41", "elapsed": 52.327117, "delta": 0.467396}}
{"target": 0.6581332697884111, "params": {"a": 3.5937070643816535, "dB": 7.894457200583251, "s": 0.2167775096844278}, "datetime": {"datetime": "2022-03-28 18:35:41", "elapsed": 52.530773, "delta": 0.203656}}
{"target": 0.9685403887707965, "params": {"a": 3.6476863125125925, "dB": 9.450871634744058, "s": 0.7536069203017798}, "datetime": {"datetime": "2022-03-28 18:35:41", "elapsed": 53.10388, "delta": 0.573107}}
{"target": 0.8728886767922246, "params": {"a": 3.517209824181382, "dB": 9.695246969007478, "s": 0.8404296742113322}, "datetime": {"datetime": "2022-03-28 18:35:42", "elapsed": 53.776311, "delta": 0.672431}}
{"target": 0.7438403007011916, "params": {"a": 4.373900619497378, "dB": 11.0, "s": 1.1}, "datetime": {"datetime": "2022-03-28 18:35:44", "elapsed": 55.691541, "delta": 1.91523}}
{"target": 0.8698200962142653, "params": {"a": 4.692939362347042, "dB": 9.098322196021451, "s": 0.7853932610882125}, "datetime": {"datetime": "2022-03-28 18:35:44", "elapsed": 56.139112, "delta": 0.447571}}
{"target": 0.8202581398749758, "params": {"a": 4.62995840911996, "dB": 9.34707040197943, "s": 1.1}, "datetime": {"datetime": "2022-03-28 18:35:45", "elapsed": 56.823984, "delta": 0.684872}}
{"target": 0.9726977713868624, "params": {"a": 4.932024134374714, "dB": 9.329726391351025, "s": 0.9401931789045076}, "datetime": {"datetime": "2022-03-28 18:35:46", "elapsed": 57.491073, "delta": 0.667089}}
{"target": 0.7445057245586166, "params": {"a": 2.3051464697962, "dB": 7.726753861369115, "s": 0.8038456474178886}, "datetime": {"datetime": "2022-03-28 18:35:46", "elapsed": 57.6977, "delta": 0.206627}}
{"target": 0.7738034405686803, "params": {"a": 4.57203518785141, "dB": 10.26965527656716, "s": 1.1}, "datetime": {"datetime": "2022-03-28 18:35:47", "elapsed": 58.399816, "delta": 0.702116}}
{"target": 0.8238851282953036, "params": {"a": 3.0078403808436853, "dB": 8.361781823410373, "s": 0.3531269601864655}, "datetime": {"datetime": "2022-03-28 18:35:47", "elapsed": 58.705675, "delta": 0.305859}}
{"target": 0.6825682637778314, "params": {"a": 4.437213917864759, "dB": 8.964786675468167, "s": 0.3960894173739812}, "datetime": {"datetime": "2022-03-28 18:35:47", "elapsed": 59.103881, "delta": 0.398206}}
{"target": 0.8783511121059154, "params": {"a": 3.3434976925808266, "dB": 8.552216504937238, "s": 0.8066576638804741}, "datetime": {"datetime": "2022-03-28 18:35:48", "elapsed": 59.408033, "delta": 0.304152}}
{"target": 0.8688149620368607, "params": {"a": 5.0, "dB": 9.526040461270494, "s": 1.1}, "datetime": {"datetime": "2022-03-28 18:35:48", "elapsed": 60.113709, "delta": 0.705676}}
{"target": 0.763140574286583, "params": {"a": 1.650471990498664, "dB": 8.952020342875159, "s": 0.10529157301106754}, "datetime": {"datetime": "2022-03-28 18:35:49", "elapsed": 60.473753, "delta": 0.360044}}
{"target": 0.910216959007745, "params": {"a": 4.712104580813059, "dB": 9.395536548890531, "s": 0.8557220149686465}, "datetime": {"datetime": "2022-03-28 18:35:49", "elapsed": 61.176951, "delta": 0.703198}}
{"target": 0.9904773043770038, "params": {"a": 4.337108189030776, "dB": 9.21446777946679, "s": 0.9272298587320194}, "datetime": {"datetime": "2022-03-28 18:35:50", "elapsed": 61.854478, "delta": 0.677527}}
{"target": 0.8472707607393127, "params": {"a": 4.989189347269443, "dB": 8.964158217052345, "s": 1.050821438038997}, "datetime": {"datetime": "2022-03-28 18:35:51", "elapsed": 62.359575, "delta": 0.505097}}
{"target": 0.7679174582676701, "params": {"a": 1.8612044380379222, "dB": 7.700021037667945, "s": 0.46964607821103177}, "datetime": {"datetime": "2022-03-28 18:35:51", "elapsed": 62.568401, "delta": 0.208826}}
{"target": 0.7409812956658818, "params": {"a": 4.187328758748944, "dB": 8.433127727825473, "s": 1.0518512505755915}, "datetime": {"datetime": "2022-03-28 18:35:51", "elapsed": 62.899517, "delta": 0.331116}}
{"target": 0.9897906457728239, "params": {"a": 4.322781241075927, "dB": 9.22305527869888, "s": 0.9256343797274801}, "datetime": {"datetime": "2022-03-28 18:35:52", "elapsed": 63.489753, "delta": 0.590236}}
{"target": 0.892719001849189, "params": {"a": 4.14237539983328, "dB": 8.759629878957798, "s": 0.6918579011440673}, "datetime": {"datetime": "2022-03-28 18:35:52", "elapsed": 63.957665, "delta": 0.467912}}
{"target": 0.8376730110385908, "params": {"a": 3.693869236900509, "dB": 8.632311023510304, "s": 0.9381300366215695}, "datetime": {"datetime": "2022-03-28 18:35:53", "elapsed": 64.388956, "delta": 0.431291}}
{"target": 0.8908014688272047, "params": {"a": 4.1158066145033905, "dB": 8.91273669431937, "s": 0.9667059586460973}, "datetime": {"datetime": "2022-03-28 18:35:53", "elapsed": 64.913988, "delta": 0.525032}}
{"target": 0.8876789025743608, "params": {"a": 3.3688599041846623, "dB": 9.338330753680284, "s": 0.7963855553760175}, "datetime": {"datetime": "2022-03-28 18:35:54", "elapsed": 65.588848, "delta": 0.67486}}
{"target": 0.9580585955763358, "params": {"a": 2.8529420292475725, "dB": 7.981524706745475, "s": 0.5187479624176583}, "datetime": {"datetime": "2022-03-28 18:35:54", "elapsed": 65.888362, "delta": 0.299514}}
{"target": 0.8305198440086494, "params": {"a": 2.6859391978950806, "dB": 8.87287696446129, "s": 0.29151408847860705}, "datetime": {"datetime": "2022-03-28 18:35:55", "elapsed": 66.340957, "delta": 0.452595}}
{"target": 0.8174796731382007, "params": {"a": 4.14145993044342, "dB": 8.327317852327383, "s": 0.9751905057809989}, "datetime": {"datetime": "2022-03-28 18:35:55", "elapsed": 66.605429, "delta": 0.264472}}
{"target": 0.73830462619242, "params": {"a": 3.0791999868688404, "dB": 8.9183931152254, "s": 0.9107083990999156}, "datetime": {"datetime": "2022-03-28 18:35:55", "elapsed": 67.067245, "delta": 0.461816}}
{"target": 0.9168525196496923, "params": {"a": 4.3380440215040235, "dB": 10.11536123060529, "s": 0.9895289973463081}, "datetime": {"datetime": "2022-03-28 18:35:56", "elapsed": 67.679123, "delta": 0.611878}}
{"target": 0.994985685195349, "params": {"a": 3.93488036045848, "dB": 8.504207938387196, "s": 0.7457630412512406}, "datetime": {"datetime": "2022-03-28 18:35:56", "elapsed": 68.02501, "delta": 0.345887}}
{"target": 0.8979255062412513, "params": {"a": 4.367560911077602, "dB": 9.206855105101344, "s": 0.7816020390273651}, "datetime": {"datetime": "2022-03-28 18:35:57", "elapsed": 68.699105, "delta": 0.674095}}
{"target": 0.8428354474676859, "params": {"a": 2.5439816698840407, "dB": 7.521347990514876, "s": 0.2219047308203063}, "datetime": {"datetime": "2022-03-28 18:35:57", "elapsed": 68.992854, "delta": 0.293749}}
{"target": 0.7501706093027469, "params": {"a": 4.969755963469819, "dB": 8.141064085314506, "s": 1.08696761080959}, "datetime": {"datetime": "2022-03-28 18:35:58", "elapsed": 69.392417, "delta": 0.399563}}
{"target": 0.812501411229704, "params": {"a": 3.0865920751074567, "dB": 7.500525633397099, "s": 0.8447629263264956}, "datetime": {"datetime": "2022-03-28 18:35:58", "elapsed": 69.712638, "delta": 0.320221}}
{"target": 0.9145143506238211, "params": {"a": 2.977566672645718, "dB": 7.893536846149633, "s": 0.42607130760034717}, "datetime": {"datetime": "2022-03-28 18:35:58", "elapsed": 69.992245, "delta": 0.279607}}
{"target": 0.9893407853252602, "params": {"a": 3.3902209310230003, "dB": 7.916662006428242, "s": 0.6350907627893567}, "datetime": {"datetime": "2022-03-28 18:35:59", "elapsed": 70.289666, "delta": 0.297421}}
{"target": 0.9812369661094918, "params": {"a": 3.4066539114712446, "dB": 8.165214559110098, "s": 0.5980372132337626}, "datetime": {"datetime": "2022-03-28 18:35:59", "elapsed": 70.662941, "delta": 0.373275}}
{"target": 0.663409489715309, "params": {"a": 1.6477137064184215, "dB": 9.801741503521626, "s": 1.0911700446571593}, "datetime": {"datetime": "2022-03-28 18:36:00", "elapsed": 71.249323, "delta": 0.586382}}
{"target": 0.8639245918609654, "params": {"a": 2.5983647765917794, "dB": 8.015806270857558, "s": 0.6178397069785594}, "datetime": {"datetime": "2022-03-28 18:36:00", "elapsed": 71.599924, "delta": 0.350601}}
{"target": 0.6314090688633487, "params": {"a": 1.8802383907501583, "dB": 10.35394428555992, "s": 1.0746295936787624}, "datetime": {"datetime": "2022-03-28 18:36:01", "elapsed": 72.202879, "delta": 0.602955}}
{"target": 0.7180815730888217, "params": {"a": 4.551114506397891, "dB": 8.125083101835466, "s": 0.5187862018952728}, "datetime": {"datetime": "2022-03-28 18:36:01", "elapsed": 72.515237, "delta": 0.312358}}
{"target": 0.9038538159915568, "params": {"a": 2.637001625687703, "dB": 7.5, "s": 0.594429332650855}, "datetime": {"datetime": "2022-03-28 18:36:01", "elapsed": 72.801852, "delta": 0.286615}}
{"target": 0.9363335963898006, "params": {"a": 3.3184367113085886, "dB": 8.448489752775151, "s": 0.5449871875698442}, "datetime": {"datetime": "2022-03-28 18:36:02", "elapsed": 73.199055, "delta": 0.397203}}
{"target": 0.9230014445266919, "params": {"a": 4.347582541389924, "dB": 9.448326047899517, "s": 0.9998408172470329}, "datetime": {"datetime": "2022-03-28 18:36:02", "elapsed": 73.935824, "delta": 0.736769}}
{"target": 0.6831126326080607, "params": {"a": 1.5, "dB": 9.685626475247101, "s": 0.1}, "datetime": {"datetime": "2022-03-28 18:36:03", "elapsed": 74.601865, "delta": 0.666041}}
{"target": 0.9545218756391559, "params": {"a": 3.846286402722098, "dB": 9.690020056050368, "s": 0.8481343025448264}, "datetime": {"datetime": "2022-03-28 18:36:04", "elapsed": 75.389748, "delta": 0.787883}}
{"target": 0.8686479874559149, "params": {"a": 2.590574796818163, "dB": 8.014828953206944, "s": 0.6078652097155269}, "datetime": {"datetime": "2022-03-28 18:36:04", "elapsed": 75.648032, "delta": 0.258284}}
{"target": 0.7566386788506926, "params": {"a": 1.8018684901911812, "dB": 9.41522059394537, "s": 0.24503149986524722}, "datetime": {"datetime": "2022-03-28 18:36:05", "elapsed": 76.286042, "delta": 0.63801}}
{"target": 0.9566657598392194, "params": {"a": 3.887359276472961, "dB": 8.697504307457484, "s": 0.7058973880944489}, "datetime": {"datetime": "2022-03-28 18:36:05", "elapsed": 76.767166, "delta": 0.481124}}
{"target": 0.9130605696716432, "params": {"a": 3.697619054267567, "dB": 9.964279736301917, "s": 0.8443952229337158}, "datetime": {"datetime": "2022-03-28 18:36:06", "elapsed": 77.526107, "delta": 0.758941}}
{"target": 0.8674463915835446, "params": {"a": 4.1826087005781085, "dB": 7.5, "s": 0.6218564633522019}, "datetime": {"datetime": "2022-03-28 18:36:06", "elapsed": 77.929016, "delta": 0.402909}}
{"target": 0.9816079816317083, "params": {"a": 3.9902387904272207, "dB": 7.870020955978461, "s": 0.7101085229177462}, "datetime": {"datetime": "2022-03-28 18:36:07", "elapsed": 78.316629, "delta": 0.387613}}
{"target": 0.8448331915000893, "params": {"a": 4.19067013968177, "dB": 7.801767737440389, "s": 0.9625279866680458}, "datetime": {"datetime": "2022-03-28 18:36:07", "elapsed": 78.718665, "delta": 0.402036}}
{"target": 0.9792080527096555, "params": {"a": 3.7273516183215123, "dB": 7.792572833963907, "s": 0.6502804963873998}, "datetime": {"datetime": "2022-03-28 18:36:07", "elapsed": 79.078643, "delta": 0.359978}}
{"target": 0.9755759428807138, "params": {"a": 4.937820309674633, "dB": 9.3438675679114, "s": 0.9446277852978068}, "datetime": {"datetime": "2022-03-28 18:36:08", "elapsed": 79.768703, "delta": 0.69006}}
{"target": 0.8823176457891122, "params": {"a": 3.871936065702751, "dB": 7.574928125660113, "s": 0.5621825167974015}, "datetime": {"datetime": "2022-03-28 18:36:08", "elapsed": 80.161586, "delta": 0.392883}}
{"target": 0.8563607554420948, "params": {"a": 3.1041824736705026, "dB": 10.892485559081216, "s": 0.6690440656495994}, "datetime": {"datetime": "2022-03-28 18:36:10", "elapsed": 81.733686, "delta": 1.5721}}
{"target": 0.8626949884978268, "params": {"a": 3.3706336447652223, "dB": 10.988378255076706, "s": 0.5855430800376147}, "datetime": {"datetime": "2022-03-28 18:36:12", "elapsed": 83.956473, "delta": 2.222787}}
{"target": 0.74543120827157, "params": {"a": 1.9706366535610664, "dB": 10.785231573993945, "s": 0.10947123219350954}, "datetime": {"datetime": "2022-03-28 18:36:13", "elapsed": 85.1378, "delta": 1.181327}}
{"target": 0.9841143897312186, "params": {"a": 3.9932179920162545, "dB": 8.128105613819876, "s": 0.6978859918374126}, "datetime": {"datetime": "2022-03-28 18:36:14", "elapsed": 85.533694, "delta": 0.395894}}
{"target": 0.7397857598067741, "params": {"a": 2.118708134023789, "dB": 8.232246781810662, "s": 0.6306004277440791}, "datetime": {"datetime": "2022-03-28 18:36:14", "elapsed": 85.800195, "delta": 0.266501}}
{"target": 0.8466400253203942, "params": {"a": 4.388945377611224, "dB": 7.91962160099217, "s": 0.6583088563370626}, "datetime": {"datetime": "2022-03-28 18:36:14", "elapsed": 86.147664, "delta": 0.347469}}
{"target": 0.9742401095023718, "params": {"a": 3.669725618314461, "dB": 8.005637128071177, "s": 0.6247804833050167}, "datetime": {"datetime": "2022-03-28 18:36:15", "elapsed": 86.517709, "delta": 0.370045}}
{"target": 0.963691967401686, "params": {"a": 3.8109437972174396, "dB": 7.9444150933418, "s": 0.7693060624293514}, "datetime": {"datetime": "2022-03-28 18:36:15", "elapsed": 86.855284, "delta": 0.337575}}
{"target": 0.9735889641793959, "params": {"a": 3.465427694834927, "dB": 7.688489463181064, "s": 0.5984862723106024}, "datetime": {"datetime": "2022-03-28 18:36:16", "elapsed": 87.233823, "delta": 0.378539}}
{"target": 0.6622362825950464, "params": {"a": 4.408833911330023, "dB": 10.441155207688626, "s": 0.637488967560313}, "datetime": {"datetime": "2022-03-28 18:36:16", "elapsed": 87.938829, "delta": 0.705006}}
{"target": 0.7901192180267809, "params": {"a": 2.2456485026586708, "dB": 8.612678274783505, "s": 0.1}, "datetime": {"datetime": "2022-03-28 18:36:17", "elapsed": 88.373541, "delta": 0.434712}}
{"target": 0.9030508124068922, "params": {"a": 4.274177170625099, "dB": 7.993160944545959, "s": 0.8922616007393905}, "datetime": {"datetime": "2022-03-28 18:36:17", "elapsed": 88.747566, "delta": 0.374025}}
{"target": 0.7368131923689091, "params": {"a": 2.36604168038775, "dB": 9.27106944121789, "s": 0.1}, "datetime": {"datetime": "2022-03-28 18:36:18", "elapsed": 89.469143, "delta": 0.721577}}
{"target": 0.7974800898354936, "params": {"a": 2.8650375628197438, "dB": 7.6235161636443305, "s": 0.2548503263479548}, "datetime": {"datetime": "2022-03-28 18:36:18", "elapsed": 89.754588, "delta": 0.285445}}
{"target": 0.49731782932798496, "params": {"a": 4.23253094093974, "dB": 7.5, "s": 0.1}, "datetime": {"datetime": "2022-03-28 18:36:18", "elapsed": 90.155808, "delta": 0.40122}}
{"target": 0.7966325480759213, "params": {"a": 1.5, "dB": 7.5, "s": 1.1}, "datetime": {"datetime": "2022-03-28 18:36:19", "elapsed": 90.482651, "delta": 0.326843}}
{"target": 0.9864863167585612, "params": {"a": 4.458053127263968, "dB": 8.923447195435596, "s": 0.848963981875147}, "datetime": {"datetime": "2022-03-28 18:36:19", "elapsed": 91.034595, "delta": 0.551944}}
{"target": 0.9405282241512918, "params": {"a": 3.8784649131866638, "dB": 7.930523745966097, "s": 0.6179150025254319}, "datetime": {"datetime": "2022-03-28 18:36:20", "elapsed": 91.398575, "delta": 0.36398}}
{"target": 0.7570809883666904, "params": {"a": 5.0, "dB": 7.5, "s": 0.7166641249441226}, "datetime": {"datetime": "2022-03-28 18:36:20", "elapsed": 91.94998, "delta": 0.551405}}
{"target": 0.9756535113417535, "params": {"a": 4.085603908702695, "dB": 8.307373182428458, "s": 0.7117556430198247}, "datetime": {"datetime": "2022-03-28 18:36:21", "elapsed": 92.416583, "delta": 0.466603}}
{"target": 0.9745160380522072, "params": {"a": 3.5659479498344555, "dB": 7.885475306810502, "s": 0.7271409765023941}, "datetime": {"datetime": "2022-03-28 18:36:21", "elapsed": 92.892327, "delta": 0.475744}}
{"target": 0.9523091729703006, "params": {"a": 4.033035229001395, "dB": 10.744660375132804, "s": 0.828800564198459}, "datetime": {"datetime": "2022-03-28 18:36:22", "elapsed": 93.837752, "delta": 0.945425}}
{"target": 0.9734454157810176, "params": {"a": 3.2784059393066642, "dB": 7.5, "s": 0.5757230658669419}, "datetime": {"datetime": "2022-03-28 18:36:22", "elapsed": 94.193742, "delta": 0.35599}}
{"target": 0.9824008654868405, "params": {"a": 4.106892584767472, "dB": 8.021598593409562, "s": 0.7607025650469501}, "datetime": {"datetime": "2022-03-28 18:36:23", "elapsed": 94.568676, "delta": 0.374934}}
{"target": 0.9745647709012384, "params": {"a": 3.1799647766201042, "dB": 8.233565662330117, "s": 0.6341471368036403}, "datetime": {"datetime": "2022-03-28 18:36:23", "elapsed": 94.955093, "delta": 0.386417}}
{"target": 0.9278499406599909, "params": {"a": 3.914664111866226, "dB": 11.0, "s": 0.7791756835113289}, "datetime": {"datetime": "2022-03-28 18:36:25", "elapsed": 97.077761, "delta": 2.122668}}
{"target": 0.931232013266549, "params": {"a": 5.0, "dB": 11.0, "s": 1.1}, "datetime": {"datetime": "2022-03-28 18:36:27", "elapsed": 99.079947, "delta": 2.002186}}
{"target": 0.7623676694051923, "params": {"a": 4.928721860125268, "dB": 10.938389306245535, "s": 0.8527898628701114}, "datetime": {"datetime": "2022-03-28 18:36:29", "elapsed": 100.631155, "delta": 1.551208}}
{"target": 0.9706428837997066, "params": {"a": 4.341284366257649, "dB": 8.80640033372066, "s": 0.9012462920253842}, "datetime": {"datetime": "2022-03-28 18:36:30", "elapsed": 101.234612, "delta": 0.603457}}
{"target": 0.8693621250531182, "params": {"a": 2.532336490683526, "dB": 7.52976983270815, "s": 0.2557551443383056}, "datetime": {"datetime": "2022-03-28 18:36:30", "elapsed": 101.510217, "delta": 0.275605}}
{"target": 0.8380718910824559, "params": {"a": 5.0, "dB": 10.691368787556694, "s": 1.1}, "datetime": {"datetime": "2022-03-28 18:36:31", "elapsed": 102.28165, "delta": 0.771433}}
{"target": 0.9751619708421159, "params": {"a": 3.1835220522005825, "dB": 8.2160822210926, "s": 0.6341168387639261}, "datetime": {"datetime": "2022-03-28 18:36:31", "elapsed": 102.569551, "delta": 0.287901}}
{"target": 0.8953212959679346, "params": {"a": 2.155611274902466, "dB": 7.528621856896905, "s": 0.27082015804480386}, "datetime": {"datetime": "2022-03-28 18:36:31", "elapsed": 102.904152, "delta": 0.334601}}
{"target": 0.9536851443771598, "params": {"a": 3.0498552651302213, "dB": 7.503877156980739, "s": 0.5001655155375436}, "datetime": {"datetime": "2022-03-28 18:36:32", "elapsed": 103.233022, "delta": 0.32887}}
{"target": 0.9661707036529755, "params": {"a": 3.5724555882961546, "dB": 9.200087056880534, "s": 0.7026154635259407}, "datetime": {"datetime": "2022-03-28 18:36:32", "elapsed": 103.94667, "delta": 0.713648}}
{"target": 0.9787811241275274, "params": {"a": 3.891607935990218, "dB": 8.331940135601386, "s": 0.685580024014955}, "datetime": {"datetime": "2022-03-28 18:36:33", "elapsed": 104.34285, "delta": 0.39618}}
{"target": 0.9452088426423675, "params": {"a": 3.2213120970263924, "dB": 9.10374667139182, "s": 0.5854917370738258}, "datetime": {"datetime": "2022-03-28 18:36:33", "elapsed": 104.947584, "delta": 0.604734}}
{"target": 0.9602283268803611, "params": {"a": 4.371149715076948, "dB": 8.9958259110487, "s": 0.9421308639379753}, "datetime": {"datetime": "2022-03-28 18:36:34", "elapsed": 105.579906, "delta": 0.632322}}
{"target": 0.9549704460067955, "params": {"a": 3.9254077186797645, "dB": 7.667288470245268, "s": 0.7858634320499694}, "datetime": {"datetime": "2022-03-28 18:36:34", "elapsed": 105.968057, "delta": 0.388151}}
{"target": 0.8574001094257416, "params": {"a": 2.9766483535960098, "dB": 9.097839314454886, "s": 0.41012369161677126}, "datetime": {"datetime": "2022-03-28 18:36:35", "elapsed": 106.495096, "delta": 0.527039}}
{"target": 0.8756598888131004, "params": {"a": 2.1164608689240123, "dB": 8.18478449526956, "s": 0.23830540577786344}, "datetime": {"datetime": "2022-03-28 18:36:35", "elapsed": 106.838038, "delta": 0.342942}}
{"target": 0.6465539448301243, "params": {"a": 4.664714583128423, "dB": 7.687966776263037, "s": 0.23388063966443431}, "datetime": {"datetime": "2022-03-28 18:36:36", "elapsed": 107.205722, "delta": 0.367684}}
