{"target": 0.9791242222884466, "params": {"a": 4.478467474241072, "dB": 9.720831120294822, "s": 0.8795800359572344}, "datetime": {"datetime": "2022-03-28 18:38:23", "elapsed": 215.027531, "delta": 1.075891}}
{"target": 0.9958640495487194, "params": {"a": 3.9677757500116835, "dB": 8.818267682007129, "s": 0.7859870302510109}, "datetime": {"datetime": "2022-03-28 18:38:24", "elapsed": 215.972349, "delta": 0.944818}}
{"target": 0.9896662727982841, "params": {"a": 3.8516549778088116, "dB": 8.126639480808603, "s": 0.68788312298314}, "datetime": {"datetime": "2022-03-28 18:38:25", "elapsed": 216.571991, "delta": 0.599642}}
{"target": 0.5610950674065492, "params": {"a": 1.7453303175339057, "dB": 10.911961034116642, "s": 0.5045868750063552}, "datetime": {"datetime": "2022-03-28 18:38:27", "elapsed": 218.299587, "delta": 1.727596}}
{"target": 0.7549112565481192, "params": {"a": 2.4098697424332745, "dB": 8.255529078214055, "s": 0.7147673237153006}, "datetime": {"datetime": "2022-03-28 18:38:27", "elapsed": 218.759674, "delta": 0.460087}}
{"target": 0.9728653593706947, "params": {"a": 4.852697363703106, "dB": 9.114263967581763, "s": 0.9565915394599349}, "datetime": {"datetime": "2022-03-28 18:38:29", "elapsed": 220.602562, "delta": 1.842888}}
{"target": 0.9912057667135661, "params": {"a": 4.0166547087382565, "dB": 8.81630036376598, "s": 0.8364483623524507}, "datetime": {"datetime": "2022-03-28 18:38:31", "elapsed": 222.986672, "delta": 2.38411}}
{"target": 0.7677052374670374, "params": {"a": 1.6782171516165778, "dB": 8.557052849456241, "s": 0.2008449944291071}, "datetime": {"datetime": "2022-03-28 18:38:32", "elapsed": 224.121309, "delta": 1.134637}}
{"target": 0.9870401576162563, "params": {"a": 3.4220555573941724, "dB": 7.5551658499220995, "s": 0.6495574687958009}, "datetime": {"datetime": "2022-03-28 18:38:34", "elapsed": 225.59776, "delta": 1.476451}}
{"target": 0.9959610838155443, "params": {"a": 4.449121035435675, "dB": 9.59470906941168, "s": 0.9122411953450658}, "datetime": {"datetime": "2022-03-28 18:38:36", "elapsed": 228.104633, "delta": 2.506873}}
{"target": 0.9825947447362638, "params": {"a": 4.089171714480775, "dB": 9.160151453157672, "s": 0.7881256217808876}, "datetime": {"datetime": "2022-03-28 18:38:38", "elapsed": 230.04571, "delta": 1.941077}}
{"target": 0.974877960422452, "params": {"a": 4.008771995269123, "dB": 7.96459052289596, "s": 0.7630903384490577}, "datetime": {"datetime": "2022-03-28 18:38:40", "elapsed": 231.764482, "delta": 1.718772}}
{"target": 0.9888255629591169, "params": {"a": 4.323393727807444, "dB": 9.705813982408694, "s": 0.9154463854204586}, "datetime": {"datetime": "2022-03-28 18:38:42", "elapsed": 234.046804, "delta": 2.282322}}
{"target": 0.9941411408036361, "params": {"a": 4.330111640169185, "dB": 9.522398093944622, "s": 0.8954308081575185}, "datetime": {"datetime": "2022-03-28 18:38:45", "elapsed": 236.549688, "delta": 2.502884}}
{"target": 0.9955042227629373, "params": {"a": 4.417031983182779, "dB": 9.45438986158403, "s": 0.901510995462476}, "datetime": {"datetime": "2022-03-28 18:38:47", "elapsed": 239.080092, "delta": 2.530404}}
{"target": 0.9949643842114257, "params": {"a": 3.8221542968858624, "dB": 8.468001573944107, "s": 0.739473323230324}, "datetime": {"datetime": "2022-03-28 18:38:49", "elapsed": 240.617453, "delta": 1.537361}}
{"target": 0.9778093545626942, "params": {"a": 3.747995391461154, "dB": 7.810581970781784, "s": 0.7404353808497243}, "datetime": {"datetime": "2022-03-28 18:38:50", "elapsed": 242.037801, "delta": 1.420348}}
{"target": 0.9953259235659084, "params": {"a": 4.535304969800581, "dB": 9.014288803348823, "s": 0.8901243665323788}, "datetime": {"datetime": "2022-03-28 18:38:52", "elapsed": 244.150954, "delta": 2.113153}}
{"target": 0.9020499851791012, "params": {"a": 2.3662789030934324, "dB": 7.5, "s": 0.4675107772934378}, "datetime": {"datetime": "2022-03-28 18:38:54", "elapsed": 245.679348, "delta": 1.528394}}
{"target": 0.6517411210775568, "params": {"a": 2.2205732967996274, "dB": 9.677773866966366, "s": 0.903745580735866}, "datetime": {"datetime": "2022-03-28 18:38:56", "elapsed": 247.617463, "delta": 1.938115}}
{"target": 0.9897137713848496, "params": {"a": 4.37447389306236, "dB": 9.890200920368748, "s": 0.9183692378402634}, "datetime": {"datetime": "2022-03-28 18:38:59", "elapsed": 250.882674, "delta": 3.265211}}
{"target": 0.9736297729463135, "params": {"a": 4.128911979965815, "dB": 7.912061132989931, "s": 0.7302091582785075}, "datetime": {"datetime": "2022-03-28 18:39:01", "elapsed": 252.479067, "delta": 1.596393}}
{"target": 0.9922103148759259, "params": {"a": 4.66854483700643, "dB": 9.535754458572185, "s": 0.9737742098920471}, "datetime": {"datetime": "2022-03-28 18:39:03", "elapsed": 254.886936, "delta": 2.407869}}
{"target": 0.9933621861056692, "params": {"a": 3.5960386675041778, "dB": 8.117175018738902, "s": 0.6607078058999509}, "datetime": {"datetime": "2022-03-28 18:39:04", "elapsed": 256.179422, "delta": 1.292486}}
{"target": 0.995128708098054, "params": {"a": 4.232066985611599, "dB": 9.117288426113676, "s": 0.8746420010892797}, "datetime": {"datetime": "2022-03-28 18:39:06", "elapsed": 258.128959, "delta": 1.949537}}
{"target": 0.6201593217604542, "params": {"a": 1.9097569453313876, "dB": 10.21637195759394, "s": 0.868141533668202}, "datetime": {"datetime": "2022-03-28 18:39:08", "elapsed": 260.171685, "delta": 2.042726}}
{"target": 0.988809907636357, "params": {"a": 3.59808485512003, "dB": 7.750495650673962, "s": 0.6911083334219499}, "datetime": {"datetime": "2022-03-28 18:39:10", "elapsed": 261.577618, "delta": 1.405933}}
{"target": 0.9851766745681186, "params": {"a": 3.411969381554773, "dB": 7.783392776465745, "s": 0.6752620961132614}, "datetime": {"datetime": "2022-03-28 18:39:12", "elapsed": 263.940516, "delta": 2.362898}}
{"target": 0.9563265016932795, "params": {"a": 3.6311238029919077, "dB": 9.305045810058107, "s": 0.79443815919627}, "datetime": {"datetime": "2022-03-28 18:39:15", "elapsed": 266.630292, "delta": 2.689776}}
{"target": 0.7106050455266197, "params": {"a": 2.3100101988351494, "dB": 8.610038360549929, "s": 0.7847014366787622}, "datetime": {"datetime": "2022-03-28 18:39:16", "elapsed": 267.847352, "delta": 1.21706}}
{"target": 0.984335498867974, "params": {"a": 3.2754810040028595, "dB": 7.881706601827387, "s": 0.6373980317716628}, "datetime": {"datetime": "2022-03-28 18:39:18", "elapsed": 269.285746, "delta": 1.438394}}
{"target": 0.9695279988882877, "params": {"a": 3.165309063259922, "dB": 8.587406520338314, "s": 0.6031371160934605}, "datetime": {"datetime": "2022-03-28 18:39:19", "elapsed": 271.064043, "delta": 1.778297}}
{"target": 0.9928819273488912, "params": {"a": 3.7078947687619044, "dB": 8.076530019965407, "s": 0.6957130891617079}, "datetime": {"datetime": "2022-03-28 18:39:21", "elapsed": 272.805225, "delta": 1.741182}}
{"target": 0.9865551259621822, "params": {"a": 4.195387982631655, "dB": 9.641903648933967, "s": 0.8875936811413772}, "datetime": {"datetime": "2022-03-28 18:39:24", "elapsed": 275.402701, "delta": 2.597476}}
{"target": 0.996266640241921, "params": {"a": 4.73084985551875, "dB": 9.599862495462725, "s": 0.9499082950030282}, "datetime": {"datetime": "2022-03-28 18:39:27", "elapsed": 278.447904, "delta": 3.045203}}
{"target": 0.6187420664653637, "params": {"a": 1.9666206522447327, "dB": 10.34359383488312, "s": 0.904222595204233}, "datetime": {"datetime": "2022-03-28 18:39:29", "elapsed": 280.599499, "delta": 2.151595}}
{"target": 0.9965503699729571, "params": {"a": 4.4863613901482235, "dB": 9.222482640769922, "s": 0.9369693056979254}, "datetime": {"datetime": "2022-03-28 18:39:32", "elapsed": 283.473601, "delta": 2.874102}}
{"target": 0.7975046431673383, "params": {"a": 2.2136478989156236, "dB": 10.664008098084484, "s": 0.2473621692447521}, "datetime": {"datetime": "2022-03-28 18:39:34", "elapsed": 285.558032, "delta": 2.084431}}
{"target": 0.9619907167013115, "params": {"a": 3.06412770197729, "dB": 8.434340007659515, "s": 0.6057992647318358}, "datetime": {"datetime": "2022-03-28 18:39:36", "elapsed": 287.33679, "delta": 1.778758}}
{"target": 0.9924595460386978, "params": {"a": 3.7745840735905394, "dB": 8.54920536607718, "s": 0.74497162829223}, "datetime": {"datetime": "2022-03-28 18:39:37", "elapsed": 288.954529, "delta": 1.617739}}
{"target": 0.9374350752337005, "params": {"a": 4.372256417815775, "dB": 8.837123596058714, "s": 0.7836847464161412}, "datetime": {"datetime": "2022-03-28 18:39:39", "elapsed": 290.603666, "delta": 1.649137}}
{"target": 0.9596070626183463, "params": {"a": 2.8397194582901797, "dB": 7.5, "s": 0.5099549961851663}, "datetime": {"datetime": "2022-03-28 18:39:41", "elapsed": 292.534335, "delta": 1.930669}}
{"target": 0.9911263999137718, "params": {"a": 3.4767286083320217, "dB": 8.172071342838574, "s": 0.6714502450424495}, "datetime": {"datetime": "2022-03-28 18:39:43", "elapsed": 294.317519, "delta": 1.783184}}
{"target": 0.9962143570660914, "params": {"a": 4.237278013019797, "dB": 8.94174828912896, "s": 0.8374120601876703}, "datetime": {"datetime": "2022-03-28 18:39:45", "elapsed": 296.522816, "delta": 2.205297}}
{"target": 0.9931417081820991, "params": {"a": 4.213101645267914, "dB": 9.26429150775718, "s": 0.870415251254445}, "datetime": {"datetime": "2022-03-28 18:39:47", "elapsed": 298.940453, "delta": 2.417637}}
{"target": 0.9936015897238307, "params": {"a": 4.498124467056915, "dB": 8.969302103358029, "s": 0.903574898139746}, "datetime": {"datetime": "2022-03-28 18:39:49", "elapsed": 301.092922, "delta": 2.152469}}
{"target": 0.9943710031356422, "params": {"a": 4.24280641796224, "dB": 8.865396877794684, "s": 0.833060511938991}, "datetime": {"datetime": "2022-03-28 18:39:52", "elapsed": 304.050505, "delta": 2.957583}}
{"target": 0.9839746958850443, "params": {"a": 3.3449946979729397, "dB": 8.160460094872244, "s": 0.6625267639188087}, "datetime": {"datetime": "2022-03-28 18:39:54", "elapsed": 305.87774, "delta": 1.827235}}
{"target": 0.9844527955502315, "params": {"a": 4.44044851072522, "dB": 9.134848205181175, "s": 0.9205122573664739}, "datetime": {"datetime": "2022-03-28 18:39:56", "elapsed": 308.033865, "delta": 2.156125}}
{"target": 0.9877823460617757, "params": {"a": 3.842325390201181, "dB": 9.090392055280173, "s": 0.7992728955558551}, "datetime": {"datetime": "2022-03-28 18:39:59", "elapsed": 310.790992, "delta": 2.757127}}
{"target": 0.9935095729931704, "params": {"a": 4.133956054664651, "dB": 9.132523633455284, "s": 0.8613974716102264}, "datetime": {"datetime": "2022-03-28 18:40:02", "elapsed": 313.279523, "delta": 2.488531}}
{"target": 0.9957741579040237, "params": {"a": 3.8459218710976324, "dB": 8.53655053656679, "s": 0.7390378812482875}, "datetime": {"datetime": "2022-03-28 18:40:04", "elapsed": 315.411354, "delta": 2.131831}}
{"target": 0.9977797972301898, "params": {"a": 4.086770206965393, "dB": 8.740285195953051, "s": 0.8219319138722848}, "datetime": {"datetime": "2022-03-28 18:40:06", "elapsed": 318.156658, "delta": 2.745304}}
{"target": 0.474686700575596, "params": {"a": 4.962826560460866, "dB": 10.769397669111731, "s": 0.155212282559872}, "datetime": {"datetime": "2022-03-28 18:40:09", "elapsed": 320.739682, "delta": 2.583024}}
{"target": 0.9872811225193375, "params": {"a": 4.111201542102831, "dB": 9.314746238955548, "s": 0.8367146405731952}, "datetime": {"datetime": "2022-03-28 18:40:12", "elapsed": 323.476581, "delta": 2.736899}}
{"target": 0.9979524152719337, "params": {"a": 4.165493863365946, "dB": 8.817214596058603, "s": 0.8292224506477067}, "datetime": {"datetime": "2022-03-28 18:40:15", "elapsed": 327.069806, "delta": 3.593225}}
{"target": 0.9896506727812276, "params": {"a": 3.60165390447477, "dB": 7.760014409783584, "s": 0.685837684247042}, "datetime": {"datetime": "2022-03-28 18:40:17", "elapsed": 328.437553, "delta": 1.367747}}
{"target": 0.9871145702485853, "params": {"a": 3.971589465274035, "dB": 9.06064539530947, "s": 0.7803896267585956}, "datetime": {"datetime": "2022-03-28 18:40:19", "elapsed": 331.125771, "delta": 2.688218}}
{"target": 0.9975911425389932, "params": {"a": 4.451544161324336, "dB": 9.297595942134102, "s": 0.9165080906105337}, "datetime": {"datetime": "2022-03-28 18:40:22", "elapsed": 334.150688, "delta": 3.024917}}
{"target": 0.9699876097852786, "params": {"a": 3.923465484517947, "dB": 7.5, "s": 0.7561287746762466}, "datetime": {"datetime": "2022-03-28 18:40:24", "elapsed": 335.921774, "delta": 1.771086}}
{"target": 0.9879031759033609, "params": {"a": 4.111150802879141, "dB": 8.411755991007121, "s": 0.7717034275742275}, "datetime": {"datetime": "2022-03-28 18:40:26", "elapsed": 338.099043, "delta": 2.177269}}
{"target": 0.9885576571121948, "params": {"a": 3.702836308189312, "dB": 8.8131762410464, "s": 0.7614226572753052}, "datetime": {"datetime": "2022-03-28 18:40:29", "elapsed": 340.800721, "delta": 2.701678}}
{"target": 0.9738735873311142, "params": {"a": 3.567080821657712, "dB": 8.821606386359937, "s": 0.6944415544277565}, "datetime": {"datetime": "2022-03-28 18:40:31", "elapsed": 343.019245, "delta": 2.218524}}
{"target": 0.9814689031151005, "params": {"a": 3.6585547150342737, "dB": 8.984483346806735, "s": 0.7403434747511541}, "datetime": {"datetime": "2022-03-28 18:40:34", "elapsed": 345.519906, "delta": 2.500661}}
{"target": 0.9877538674487183, "params": {"a": 3.7919187812869337, "dB": 8.932826785390006, "s": 0.784966050383612}, "datetime": {"datetime": "2022-03-28 18:40:36", "elapsed": 347.972304, "delta": 2.452398}}
{"target": 0.5842226158884759, "params": {"a": 3.7151555654251416, "dB": 10.42429182247057, "s": 0.38785339648220263}, "datetime": {"datetime": "2022-03-28 18:40:39", "elapsed": 350.224809, "delta": 2.252505}}
{"target": 0.9098806166196288, "params": {"a": 3.4924465814371346, "dB": 9.10041938145481, "s": 0.818061197660157}, "datetime": {"datetime": "2022-03-28 18:40:40", "elapsed": 352.092537, "delta": 1.867728}}
{"target": 0.9953360512680332, "params": {"a": 3.8974237254307105, "dB": 8.45753763696988, "s": 0.7366545192460529}, "datetime": {"datetime": "2022-03-28 18:40:43", "elapsed": 354.220968, "delta": 2.128431}}
{"target": 0.9975117060002673, "params": {"a": 4.575929362305497, "dB": 9.28666979604849, "s": 0.9314535917436486}, "datetime": {"datetime": "2022-03-28 18:40:45", "elapsed": 356.905027, "delta": 2.684059}}
{"target": 0.991180602679105, "params": {"a": 4.706997371141494, "dB": 9.560880389662367, "s": 0.9300621386328983}, "datetime": {"datetime": "2022-03-28 18:40:48", "elapsed": 359.511645, "delta": 2.606618}}
{"target": 0.9980178112452254, "params": {"a": 4.190164598623994, "dB": 9.01710166900287, "s": 0.8537801141572636}, "datetime": {"datetime": "2022-03-28 18:40:50", "elapsed": 361.85854, "delta": 2.346895}}
{"target": 0.5677786515498409, "params": {"a": 3.3615455981282523, "dB": 8.673831954685177, "s": 0.10488433739983186}, "datetime": {"datetime": "2022-03-28 18:40:52", "elapsed": 363.476501, "delta": 1.617961}}
{"target": 0.9947161181256606, "params": {"a": 4.557399702723304, "dB": 9.358632286479176, "s": 0.9539742751504677}, "datetime": {"datetime": "2022-03-28 18:40:54", "elapsed": 366.188788, "delta": 2.712287}}
{"target": 0.9934489553760185, "params": {"a": 4.279757186906848, "dB": 9.437286709031424, "s": 0.8932359556015992}, "datetime": {"datetime": "2022-03-28 18:40:58", "elapsed": 369.63721, "delta": 3.448422}}
{"target": 0.9770019329540033, "params": {"a": 3.8696158273430683, "dB": 9.399264264069403, "s": 0.8218270487670549}, "datetime": {"datetime": "2022-03-28 18:41:01", "elapsed": 372.552948, "delta": 2.915738}}
{"target": 0.9181789115440626, "params": {"a": 3.641127290256014, "dB": 10.361789273646398, "s": 0.80615154488626}, "datetime": {"datetime": "2022-03-28 18:41:04", "elapsed": 375.651968, "delta": 3.09902}}
{"target": 0.9956182631167996, "params": {"a": 4.485785857387928, "dB": 9.278037635735082, "s": 0.9404302528672702}, "datetime": {"datetime": "2022-03-28 18:41:07", "elapsed": 378.399726, "delta": 2.747758}}
{"target": 0.9976022869104452, "params": {"a": 4.615725484779249, "dB": 9.413124011322504, "s": 0.9464080821559981}, "datetime": {"datetime": "2022-03-28 18:41:09", "elapsed": 381.101529, "delta": 2.701803}}
{"target": 0.9882779601181055, "params": {"a": 4.350251126122066, "dB": 9.967842050967072, "s": 0.8888799583726233}, "datetime": {"datetime": "2022-03-28 18:41:13", "elapsed": 384.691891, "delta": 3.590362}}
{"target": 0.98440395770421, "params": {"a": 4.484404030060667, "dB": 9.720980165566328, "s": 0.8878434585735997}, "datetime": {"datetime": "2022-03-28 18:41:15", "elapsed": 386.950538, "delta": 2.258647}}
{"target": 0.9831899447763952, "params": {"a": 4.202504002350646, "dB": 9.817810897395509, "s": 0.8917938956062302}, "datetime": {"datetime": "2022-03-28 18:41:18", "elapsed": 389.648773, "delta": 2.698235}}
{"target": 0.7247448554504469, "params": {"a": 3.8549057445279264, "dB": 8.38119020320222, "s": 0.3521506658801743}, "datetime": {"datetime": "2022-03-28 18:41:19", "elapsed": 391.13266, "delta": 1.483887}}
{"target": 0.9951163130958947, "params": {"a": 4.5807854584294105, "dB": 9.6751832586452, "s": 0.9221203715255026}, "datetime": {"datetime": "2022-03-28 18:41:22", "elapsed": 393.895512, "delta": 2.762852}}
{"target": 0.996421932288931, "params": {"a": 4.584898048636012, "dB": 9.8184759557449, "s": 0.9320813105081683}, "datetime": {"datetime": "2022-03-28 18:41:25", "elapsed": 396.666501, "delta": 2.770989}}
{"target": 0.6343580208961623, "params": {"a": 2.753204313442596, "dB": 10.383141797695643, "s": 0.9041142196700499}, "datetime": {"datetime": "2022-03-28 18:41:27", "elapsed": 399.020098, "delta": 2.353597}}
{"target": 0.9873245343564108, "params": {"a": 3.7865346592486033, "dB": 8.92739888866929, "s": 0.7860748969527174}, "datetime": {"datetime": "2022-03-28 18:41:29", "elapsed": 400.940523, "delta": 1.920425}}
{"target": 0.9934709759723617, "params": {"a": 4.535607419063492, "dB": 9.889300317184436, "s": 0.9161462709983369}, "datetime": {"datetime": "2022-03-28 18:41:32", "elapsed": 403.920537, "delta": 2.980014}}
{"target": 0.9944967067393089, "params": {"a": 4.744679392149605, "dB": 9.309959688011016, "s": 0.968150435258113}, "datetime": {"datetime": "2022-03-28 18:41:35", "elapsed": 406.621514, "delta": 2.700977}}
{"target": 0.9822295243287371, "params": {"a": 4.173136497767301, "dB": 8.181443488623286, "s": 0.7656856600703407}, "datetime": {"datetime": "2022-03-28 18:41:37", "elapsed": 408.65698, "delta": 2.035466}}
{"target": 0.9950339873377014, "params": {"a": 4.535865100101002, "dB": 9.847349998315758, "s": 0.9213556740426663}, "datetime": {"datetime": "2022-03-28 18:41:42", "elapsed": 413.412298, "delta": 4.755318}}
{"target": 0.9898858796946479, "params": {"a": 4.700830820306626, "dB": 9.753581449529769, "s": 0.9268414154555655}, "datetime": {"datetime": "2022-03-28 18:41:45", "elapsed": 416.861479, "delta": 3.449181}}
{"target": 0.996113186119284, "params": {"a": 4.674336667619677, "dB": 9.64806440228107, "s": 0.9385440368269137}, "datetime": {"datetime": "2022-03-28 18:41:48", "elapsed": 419.877328, "delta": 3.015849}}
{"target": 0.9970483900967642, "params": {"a": 3.9671555982416824, "dB": 8.817984633302624, "s": 0.7949839721787197}, "datetime": {"datetime": "2022-03-28 18:41:50", "elapsed": 421.563836, "delta": 1.686508}}
{"target": 0.6898753211921312, "params": {"a": 4.738403551445929, "dB": 10.219627124016915, "s": 0.704847923951517}, "datetime": {"datetime": "2022-03-28 18:41:52", "elapsed": 424.027809, "delta": 2.463973}}
{"target": 0.798899662845316, "params": {"a": 2.201007479319879, "dB": 10.017054166381998, "s": 0.38840050566603634}, "datetime": {"datetime": "2022-03-28 18:41:55", "elapsed": 426.433636, "delta": 2.405827}}
{"target": 0.6423959604652935, "params": {"a": 3.0028623808328505, "dB": 10.229761066211944, "s": 1.0042720529890798}, "datetime": {"datetime": "2022-03-28 18:41:57", "elapsed": 428.83759, "delta": 2.403954}}
{"target": 0.9906514268238911, "params": {"a": 3.875912906840951, "dB": 8.842558755164987, "s": 0.7801428279116756}, "datetime": {"datetime": "2022-03-28 18:42:00", "elapsed": 432.132332, "delta": 3.294742}}
{"target": 0.9877109908003464, "params": {"a": 3.558561028959457, "dB": 7.605665778283955, "s": 0.6813493707242071}, "datetime": {"datetime": "2022-03-28 18:42:03", "elapsed": 434.549697, "delta": 2.417365}}
{"target": 0.9835846132565972, "params": {"a": 3.629500217932609, "dB": 8.682805119745765, "s": 0.7600054521931794}, "datetime": {"datetime": "2022-03-28 18:42:06", "elapsed": 437.779071, "delta": 3.229374}}
{"target": 0.6509385123547797, "params": {"a": 1.7040653477189256, "dB": 9.11208607594535, "s": 0.5242047493848346}, "datetime": {"datetime": "2022-03-28 18:42:08", "elapsed": 439.681684, "delta": 1.902613}}
{"target": 0.9912646323827512, "params": {"a": 3.7469847580781597, "dB": 8.696246390987854, "s": 0.7676766761378303}, "datetime": {"datetime": "2022-03-28 18:42:10", "elapsed": 441.807416, "delta": 2.125732}}
{"target": 0.9751253428464121, "params": {"a": 3.127947053819907, "dB": 7.5, "s": 0.6211459551966539}, "datetime": {"datetime": "2022-03-28 18:42:12", "elapsed": 443.915719, "delta": 2.108303}}
{"target": 0.6322003955088416, "params": {"a": 4.897400140729462, "dB": 10.442738363185308, "s": 0.40353149754031126}, "datetime": {"datetime": "2022-03-28 18:42:15", "elapsed": 446.457831, "delta": 2.542112}}
{"target": 0.7800882335616257, "params": {"a": 2.064496029706884, "dB": 9.747486754269577, "s": 0.1}, "datetime": {"datetime": "2022-03-28 18:42:19", "elapsed": 450.599707, "delta": 4.141876}}
{"target": 0.9777812313470919, "params": {"a": 3.5961176466243754, "dB": 7.508938983454772, "s": 0.7197097878889706}, "datetime": {"datetime": "2022-03-28 18:42:21", "elapsed": 452.996744, "delta": 2.397037}}
