{"target": 0.7949013006542319, "params": {"a": 5.215763958591382, "dB": 14.822482348712295, "s": 0.3741416328154375}, "datetime": {"datetime": "2022-03-25 12:39:21", "elapsed": 1548.94723, "delta": 1.915927}}
{"target": 0.8169373164541553, "params": {"a": 5.629045193573556, "dB": 14.932480669494465, "s": 0.44310153004266684}, "datetime": {"datetime": "2022-03-25 12:39:25", "elapsed": 1552.571372, "delta": 3.624142}}
{"target": 0.7096533496590596, "params": {"a": 7.591932192665035, "dB": 13.5, "s": 0.6006540812065582}, "datetime": {"datetime": "2022-03-25 12:39:29", "elapsed": 1557.000366, "delta": 4.428994}}
{"target": 0.9462483507927434, "params": {"a": 6.563593118818488, "dB": 13.853984162002158, "s": 0.23149302259880625}, "datetime": {"datetime": "2022-03-25 12:39:31", "elapsed": 1558.509654, "delta": 1.509288}}
{"target": 0.3612065501591805, "params": {"a": 9.0, "dB": 14.812140245392365, "s": 0.9660394894664444}, "datetime": {"datetime": "2022-03-25 12:39:50", "elapsed": 1577.716555, "delta": 19.206901}}
{"target": 0.3980114615531613, "params": {"a": 5.107462178177464, "dB": 13.640689491887393, "s": 1.5446882964336244}, "datetime": {"datetime": "2022-03-25 12:39:51", "elapsed": 1579.066984, "delta": 1.350429}}
{"target": 0.35200773381045203, "params": {"a": 4.815424693972164, "dB": 15.93711502436903, "s": 0.7473390000101684}, "datetime": {"datetime": "2022-03-25 12:40:01", "elapsed": 1588.999444, "delta": 9.93246}}
{"target": 0.6800948743511475, "params": {"a": 5.669832525985639, "dB": 14.039663627295754, "s": 1.0836277179444809}, "datetime": {"datetime": "2022-03-25 12:40:03", "elapsed": 1590.373303, "delta": 1.373859}}
{"target": 0.5599602018046806, "params": {"a": 5.9683177316401945, "dB": 14.329450942359117, "s": 1.1473107936427005}, "datetime": {"datetime": "2022-03-25 12:40:04", "elapsed": 1591.87359, "delta": 1.500287}}
{"target": 0.47617799730805926, "params": {"a": 8.988790290790048, "dB": 14.071887049101525, "s": 1.6981118928627565}, "datetime": {"datetime": "2022-03-25 12:40:23", "elapsed": 1611.004867, "delta": 19.131277}}
{"target": 0.7622597377958549, "params": {"a": 4.729136337792743, "dB": 14.255037749611601, "s": 0.26135199108657137}, "datetime": {"datetime": "2022-03-25 12:40:25", "elapsed": 1612.426525, "delta": 1.421658}}
{"target": 0.9564501842273719, "params": {"a": 6.198597198530852, "dB": 14.252022502324168, "s": 0.3637339643668721}, "datetime": {"datetime": "2022-03-25 12:40:26", "elapsed": 1613.864167, "delta": 1.437642}}
{"target": 0.8682744360538953, "params": {"a": 5.34238823282972, "dB": 13.75925314239836, "s": 0.3382760775011439}, "datetime": {"datetime": "2022-03-25 12:40:28", "elapsed": 1615.739157, "delta": 1.87499}}
{"target": 0.9791323522505035, "params": {"a": 6.477034776745838, "dB": 13.65222596971524, "s": 0.3723843689214321}, "datetime": {"datetime": "2022-03-25 12:40:30", "elapsed": 1617.27877, "delta": 1.539613}}
{"target": 0.9808934416919652, "params": {"a": 6.6953424715010135, "dB": 14.772507956855353, "s": 0.361505322249375}, "datetime": {"datetime": "2022-03-25 12:40:31", "elapsed": 1618.917403, "delta": 1.638633}}
{"target": 0.963889149151722, "params": {"a": 6.868161980653189, "dB": 14.76620673579006, "s": 0.407207952053972}, "datetime": {"datetime": "2022-03-25 12:40:33", "elapsed": 1620.810528, "delta": 1.893125}}
{"target": 0.3920630796692717, "params": {"a": 8.451817815446447, "dB": 16.0, "s": 1.7}, "datetime": {"datetime": "2022-03-25 12:40:46", "elapsed": 1634.054899, "delta": 13.244371}}
{"target": 0.9477508658885121, "params": {"a": 7.040267075237438, "dB": 14.722751605010087, "s": 0.4632860248292628}, "datetime": {"datetime": "2022-03-25 12:40:49", "elapsed": 1636.872287, "delta": 2.817388}}
{"target": 0.45322111501104995, "params": {"a": 6.949236551109953, "dB": 14.783033110782743, "s": 0.629642230358476}, "datetime": {"datetime": "2022-03-25 12:40:51", "elapsed": 1638.864446, "delta": 1.992159}}
{"target": 0.8401445452654867, "params": {"a": 6.955141678645244, "dB": 14.783561796282235, "s": 0.2814250671714863}, "datetime": {"datetime": "2022-03-25 12:40:53", "elapsed": 1640.833278, "delta": 1.968832}}
{"target": 0.7381282999118659, "params": {"a": 5.333941578394462, "dB": 15.106814685265833, "s": 0.3937754207474856}, "datetime": {"datetime": "2022-03-25 12:41:01", "elapsed": 1648.745253, "delta": 7.911975}}
{"target": 0.8560552636261738, "params": {"a": 5.484107746398847, "dB": 14.788337084489806, "s": 0.3500959256461291}, "datetime": {"datetime": "2022-03-25 12:41:03", "elapsed": 1650.699716, "delta": 1.954463}}
{"target": 0.37032082322438326, "params": {"a": 5.426451381599521, "dB": 15.055552762118833, "s": 1.3859929291773856}, "datetime": {"datetime": "2022-03-25 12:41:07", "elapsed": 1655.065313, "delta": 4.365597}}
{"target": 0.964461957333508, "params": {"a": 9.0, "dB": 15.647444701011242, "s": 0.6340595649085474}, "datetime": {"datetime": "2022-03-25 12:41:27", "elapsed": 1674.99487, "delta": 19.929557}}
{"target": 0.5551186979001418, "params": {"a": 8.798271322529454, "dB": 15.734698373564443, "s": 0.7260694117987485}, "datetime": {"datetime": "2022-03-25 12:41:44", "elapsed": 1691.521272, "delta": 16.526402}}
{"target": 0.4177879637406599, "params": {"a": 8.993728465686317, "dB": 15.4381308259551, "s": 0.4268829928955721}, "datetime": {"datetime": "2022-03-25 12:42:03", "elapsed": 1711.032881, "delta": 19.511609}}
{"target": 0.41647145402105634, "params": {"a": 5.257711592563055, "dB": 14.432774738041019, "s": 0.8313641413168129}, "datetime": {"datetime": "2022-03-25 12:42:05", "elapsed": 1712.4366, "delta": 1.403719}}
{"target": 0.11224145090051622, "params": {"a": 9.0, "dB": 13.5, "s": 0.1}, "datetime": {"datetime": "2022-03-25 12:42:24", "elapsed": 1731.724369, "delta": 19.287769}}
{"target": 0.38875490028852117, "params": {"a": 5.026830358283213, "dB": 15.440265683995673, "s": 1.3290264538691232}, "datetime": {"datetime": "2022-03-25 12:42:32", "elapsed": 1739.256446, "delta": 7.532077}}
{"target": 0.4375556184992145, "params": {"a": 8.944294311354351, "dB": 15.752927158976174, "s": 0.5144774497799831}, "datetime": {"datetime": "2022-03-25 12:42:51", "elapsed": 1758.815681, "delta": 19.559235}}
{"target": 0.3755131142344191, "params": {"a": 9.0, "dB": 15.575701725581268, "s": 0.809372246218123}, "datetime": {"datetime": "2022-03-25 12:43:11", "elapsed": 1778.641083, "delta": 19.825402}}
{"target": 0.7922228333762998, "params": {"a": 5.689870247911638, "dB": 14.127435170639659, "s": 0.16543295637408467}, "datetime": {"datetime": "2022-03-25 12:43:13", "elapsed": 1780.239059, "delta": 1.597976}}
{"target": 0.2734216256359874, "params": {"a": 5.54144168421662, "dB": 14.292884543249949, "s": 1.1955222986860197}, "datetime": {"datetime": "2022-03-25 12:43:14", "elapsed": 1781.668049, "delta": 1.42899}}
{"target": 0.26058210505382373, "params": {"a": 7.923064464559799, "dB": 13.5, "s": 1.7}, "datetime": {"datetime": "2022-03-25 12:43:20", "elapsed": 1787.16152, "delta": 5.493471}}
{"target": 0.9619136819602532, "params": {"a": 7.044073126415517, "dB": 13.92061990275501, "s": 0.4359028797000677}, "datetime": {"datetime": "2022-03-25 12:43:22", "elapsed": 1789.892624, "delta": 2.731104}}
{"target": 0.6866644531125482, "params": {"a": 7.153085511168497, "dB": 13.78524602220425, "s": 0.5404041501982496}, "datetime": {"datetime": "2022-03-25 12:43:25", "elapsed": 1792.592335, "delta": 2.699711}}
{"target": 0.9318208715787561, "params": {"a": 6.185515441836161, "dB": 13.516304255686771, "s": 0.23941352420200843}, "datetime": {"datetime": "2022-03-25 12:43:27", "elapsed": 1794.533569, "delta": 1.941234}}
{"target": 0.44445684046895345, "params": {"a": 4.5, "dB": 14.3783422402484, "s": 1.7}, "datetime": {"datetime": "2022-03-25 12:43:29", "elapsed": 1796.369585, "delta": 1.836016}}
{"target": 0.4073503483529843, "params": {"a": 5.099940838600371, "dB": 15.531138453487943, "s": 1.3867561523267729}, "datetime": {"datetime": "2022-03-25 12:43:36", "elapsed": 1804.105991, "delta": 7.736406}}
{"target": 0.9879645259396671, "params": {"a": 6.619108875072663, "dB": 13.91360156813008, "s": 0.3568337646075942}, "datetime": {"datetime": "2022-03-25 12:43:38", "elapsed": 1805.82492, "delta": 1.718929}}
{"target": 0.6508225053701209, "params": {"a": 5.417547298605802, "dB": 15.76000578434606, "s": 0.3357794707916033}, "datetime": {"datetime": "2022-03-25 12:43:46", "elapsed": 1813.412854, "delta": 7.587934}}
{"target": 0.9577301550528884, "params": {"a": 6.880976511533579, "dB": 14.641924862288157, "s": 0.3845517934436058}, "datetime": {"datetime": "2022-03-25 12:43:48", "elapsed": 1815.365828, "delta": 1.952974}}
{"target": 0.5131130741934388, "params": {"a": 6.523317961206973, "dB": 15.63307782328662, "s": 0.3644470782964748}, "datetime": {"datetime": "2022-03-25 12:43:56", "elapsed": 1823.379507, "delta": 8.013679}}
{"target": 0.8197905755865711, "params": {"a": 6.568027631764698, "dB": 15.54579877303453, "s": 0.5650641950774359}, "datetime": {"datetime": "2022-03-25 12:44:03", "elapsed": 1831.072447, "delta": 7.69294}}
{"target": 0.3940583344403383, "params": {"a": 8.912299080896918, "dB": 14.685115564956154, "s": 0.2958941927727705}, "datetime": {"datetime": "2022-03-25 12:44:23", "elapsed": 1850.290644, "delta": 19.218197}}
{"target": 0.9115167800254882, "params": {"a": 6.628708716643364, "dB": 15.389585455349623, "s": 0.5102717744249797}, "datetime": {"datetime": "2022-03-25 12:44:30", "elapsed": 1858.096724, "delta": 7.80608}}
{"target": 0.32434643366350013, "params": {"a": 7.499473226475646, "dB": 16.0, "s": 0.9288622558296659}, "datetime": {"datetime": "2022-03-25 12:44:41", "elapsed": 1868.518076, "delta": 10.421352}}
{"target": 0.8628910645586187, "params": {"a": 5.639200628830261, "dB": 13.5, "s": 0.39939792276994845}, "datetime": {"datetime": "2022-03-25 12:44:43", "elapsed": 1870.391101, "delta": 1.873025}}
{"target": 0.6589001771448709, "params": {"a": 8.068588222152293, "dB": 13.5, "s": 0.655016867824991}, "datetime": {"datetime": "2022-03-25 12:44:51", "elapsed": 1878.126205, "delta": 7.735104}}
{"target": 0.5082888735704413, "params": {"a": 4.5, "dB": 13.5, "s": 0.47937781181549677}, "datetime": {"datetime": "2022-03-25 12:44:52", "elapsed": 1880.05104, "delta": 1.924835}}
{"target": 0.7309720323613158, "params": {"a": 5.230591334316439, "dB": 14.453050317874409, "s": 0.1}, "datetime": {"datetime": "2022-03-25 12:44:54", "elapsed": 1881.799947, "delta": 1.748907}}
{"target": 0.17333443613607732, "params": {"a": 8.07570236305934, "dB": 16.0, "s": 0.1}, "datetime": {"datetime": "2022-03-25 12:45:04", "elapsed": 1892.086506, "delta": 10.286559}}
{"target": 0.4881579849004916, "params": {"a": 6.445451409702562, "dB": 13.5, "s": 0.5731414621496727}, "datetime": {"datetime": "2022-03-25 12:45:06", "elapsed": 1893.876423, "delta": 1.789917}}
{"target": 0.8670553224776949, "params": {"a": 5.538581421576318, "dB": 13.612488799645744, "s": 0.24386001033633223}, "datetime": {"datetime": "2022-03-25 12:45:08", "elapsed": 1895.651499, "delta": 1.775076}}
{"target": 0.8658383608660507, "params": {"a": 5.89095896567215, "dB": 14.806695152549016, "s": 0.2916789376064184}, "datetime": {"datetime": "2022-03-25 12:45:10", "elapsed": 1897.910455, "delta": 2.258956}}
{"target": 0.9530590325885169, "params": {"a": 7.771412779186633, "dB": 14.444076125121029, "s": 0.5023889808076252}, "datetime": {"datetime": "2022-03-25 12:45:16", "elapsed": 1904.080051, "delta": 6.169596}}
{"target": 0.1796347478127678, "params": {"a": 8.952205577735398, "dB": 15.835284049365523, "s": 0.18833965209579517}, "datetime": {"datetime": "2022-03-25 12:45:36", "elapsed": 1923.725845, "delta": 19.645794}}
{"target": 0.698386896451961, "params": {"a": 8.138331976345306, "dB": 14.156021555382914, "s": 0.46547723566578136}, "datetime": {"datetime": "2022-03-25 12:45:44", "elapsed": 1931.351389, "delta": 7.625544}}
{"target": 0.41716015953912333, "params": {"a": 7.296046530784129, "dB": 15.304259904625606, "s": 1.6870139938242465}, "datetime": {"datetime": "2022-03-25 12:45:52", "elapsed": 1939.621818, "delta": 8.270429}}
{"target": 0.9737921011887155, "params": {"a": 7.824778341697682, "dB": 13.78947098452958, "s": 0.5453413169091057}, "datetime": {"datetime": "2022-03-25 12:45:58", "elapsed": 1945.238924, "delta": 5.617106}}
{"target": 0.8549320865257858, "params": {"a": 6.071899909248714, "dB": 13.500997450845315, "s": 0.4312243823805033}, "datetime": {"datetime": "2022-03-25 12:46:00", "elapsed": 1947.124796, "delta": 1.885872}}
{"target": 0.9082291535404796, "params": {"a": 9.0, "dB": 14.277018515575165, "s": 0.6822601422169849}, "datetime": {"datetime": "2022-03-25 12:46:19", "elapsed": 1966.897557, "delta": 19.772761}}
{"target": 0.6664876171200267, "params": {"a": 8.978940614093727, "dB": 14.041456989302539, "s": 0.7441227391362794}, "datetime": {"datetime": "2022-03-25 12:46:39", "elapsed": 1986.175599, "delta": 19.278042}}
{"target": 0.6799408623889764, "params": {"a": 8.991778374197839, "dB": 14.444803159610522, "s": 0.5613052141970692}, "datetime": {"datetime": "2022-03-25 12:46:58", "elapsed": 2005.764854, "delta": 19.589255}}
{"target": 0.45487171136071136, "params": {"a": 8.894722271655013, "dB": 14.39268003413802, "s": 0.7922430704452712}, "datetime": {"datetime": "2022-03-25 12:47:18", "elapsed": 2025.608702, "delta": 19.843848}}
{"target": 0.9750019432457594, "params": {"a": 6.359541684149903, "dB": 14.290541276386065, "s": 0.3394172319978116}, "datetime": {"datetime": "2022-03-25 12:47:19", "elapsed": 2027.098653, "delta": 1.489951}}
{"target": 0.4533649100158083, "params": {"a": 8.9820851686083, "dB": 14.203784002989394, "s": 0.46975919650437525}, "datetime": {"datetime": "2022-03-25 12:47:39", "elapsed": 2046.64864, "delta": 19.549987}}
{"target": 0.4350949574948451, "params": {"a": 4.5, "dB": 15.099514570366523, "s": 0.5079676454375066}, "datetime": {"datetime": "2022-03-25 12:47:47", "elapsed": 2054.409262, "delta": 7.760622}}
{"target": 0.9390502280707951, "params": {"a": 7.348057155546611, "dB": 15.588779873193264, "s": 0.5605654343715242}, "datetime": {"datetime": "2022-03-25 12:47:55", "elapsed": 2062.300403, "delta": 7.891141}}
{"target": 0.5712178976800918, "params": {"a": 7.061717033276317, "dB": 14.64315670103915, "s": 1.2488979162562512}, "datetime": {"datetime": "2022-03-25 12:47:57", "elapsed": 2064.982261, "delta": 2.681858}}
{"target": 0.6572397711678369, "params": {"a": 7.4787688416442615, "dB": 15.690676740499475, "s": 0.6341395771462593}, "datetime": {"datetime": "2022-03-25 12:48:06", "elapsed": 2073.258276, "delta": 8.276015}}
{"target": 0.40051217487192287, "params": {"a": 4.5, "dB": 13.5, "s": 1.1646395349882437}, "datetime": {"datetime": "2022-03-25 12:48:08", "elapsed": 2075.1353, "delta": 1.877024}}
{"target": 0.9821607532909912, "params": {"a": 6.602286616371253, "dB": 14.346758231471346, "s": 0.3090339138688016}, "datetime": {"datetime": "2022-03-25 12:48:09", "elapsed": 2076.899111, "delta": 1.763811}}
{"target": 0.4205810497173565, "params": {"a": 8.889833680749653, "dB": 14.19470770414795, "s": 0.2519360014845999}, "datetime": {"datetime": "2022-03-25 12:48:28", "elapsed": 2096.025422, "delta": 19.126311}}
{"target": 0.20661816588451482, "params": {"a": 6.893415769022039, "dB": 14.338451396203698, "s": 0.10781493983973096}, "datetime": {"datetime": "2022-03-25 12:48:30", "elapsed": 2097.850838, "delta": 1.825416}}
{"target": 0.9595434092283477, "params": {"a": 6.18018760369822, "dB": 13.794354748234884, "s": 0.3681320687196262}, "datetime": {"datetime": "2022-03-25 12:48:32", "elapsed": 2099.471705, "delta": 1.620867}}
{"target": 0.9760835889878736, "params": {"a": 6.915761812700015, "dB": 13.961919363676673, "s": 0.4121210000533066}, "datetime": {"datetime": "2022-03-25 12:48:34", "elapsed": 2101.895733, "delta": 2.424028}}
{"target": 0.5675988475756146, "params": {"a": 6.944870798164432, "dB": 14.984382926179562, "s": 1.2480250565087514}, "datetime": {"datetime": "2022-03-25 12:48:39", "elapsed": 2106.753729, "delta": 4.857996}}
{"target": 0.8462914327187896, "params": {"a": 5.209904333052632, "dB": 13.5, "s": 0.26504352672660153}, "datetime": {"datetime": "2022-03-25 12:48:41", "elapsed": 2108.48036, "delta": 1.726631}}
{"target": 0.7212779232896731, "params": {"a": 4.503861021359376, "dB": 13.856976710316893, "s": 0.11142470011421093}, "datetime": {"datetime": "2022-03-25 12:48:43", "elapsed": 2110.282836, "delta": 1.802476}}
{"target": 0.36544090838141524, "params": {"a": 5.914778777905385, "dB": 14.324957013708119, "s": 1.6924236576330012}, "datetime": {"datetime": "2022-03-25 12:48:44", "elapsed": 2112.027553, "delta": 1.744717}}
{"target": 0.7122002747222733, "params": {"a": 4.761910760942697, "dB": 14.694397163433083, "s": 0.10361081476095109}, "datetime": {"datetime": "2022-03-25 12:48:46", "elapsed": 2114.094736, "delta": 2.067183}}
{"target": 0.6146691571754906, "params": {"a": 6.269752319904262, "dB": 15.090200227727058, "s": 1.1570850146748202}, "datetime": {"datetime": "2022-03-25 12:48:52", "elapsed": 2120.068646, "delta": 5.97391}}
{"target": 0.9776845221970968, "params": {"a": 8.175837321445698, "dB": 14.435975350197076, "s": 0.563392325369145}, "datetime": {"datetime": "2022-03-25 12:49:00", "elapsed": 2127.912224, "delta": 7.843578}}
{"target": 0.9896384313215002, "params": {"a": 7.527735957250192, "dB": 14.129421573715872, "s": 0.5034410654082789}, "datetime": {"datetime": "2022-03-25 12:49:05", "elapsed": 2132.244745, "delta": 4.332521}}
{"target": 0.4822493214900884, "params": {"a": 6.073939098267153, "dB": 15.454579416324387, "s": 1.7}, "datetime": {"datetime": "2022-03-25 12:49:13", "elapsed": 2140.298569, "delta": 8.053824}}
{"target": 0.42628747977743897, "params": {"a": 8.018010353675253, "dB": 14.643735419309692, "s": 1.7}, "datetime": {"datetime": "2022-03-25 12:49:21", "elapsed": 2148.242867, "delta": 7.944298}}
{"target": 0.3812776225099545, "params": {"a": 6.111262688711909, "dB": 15.55938699835403, "s": 1.3865827514720799}, "datetime": {"datetime": "2022-03-25 12:49:28", "elapsed": 2155.870459, "delta": 7.627592}}
{"target": 0.7548102569707333, "params": {"a": 5.922907536221716, "dB": 13.5, "s": 0.1}, "datetime": {"datetime": "2022-03-25 12:49:30", "elapsed": 2157.766, "delta": 1.895541}}
{"target": 0.8061997349408676, "params": {"a": 5.068398277688345, "dB": 14.65636038889984, "s": 0.28631376745895326}, "datetime": {"datetime": "2022-03-25 12:49:32", "elapsed": 2159.739573, "delta": 1.973573}}
{"target": 0.9851982313651557, "params": {"a": 6.4712768138160115, "dB": 13.840253601012604, "s": 0.33965912206340554}, "datetime": {"datetime": "2022-03-25 12:49:34", "elapsed": 2161.586287, "delta": 1.846714}}
{"target": 0.4153250662206602, "params": {"a": 7.751954396045948, "dB": 16.0, "s": 1.7}, "datetime": {"datetime": "2022-03-25 12:49:45", "elapsed": 2172.158025, "delta": 10.571738}}
{"target": 0.9026497006526183, "params": {"a": 5.7754049216881675, "dB": 14.393719002238592, "s": 0.27528690412751244}, "datetime": {"datetime": "2022-03-25 12:49:47", "elapsed": 2174.666553, "delta": 2.508528}}
{"target": 0.8770403746550641, "params": {"a": 5.463159007237197, "dB": 14.31276664963627, "s": 0.33124815023965615}, "datetime": {"datetime": "2022-03-25 12:49:49", "elapsed": 2176.654435, "delta": 1.987882}}
{"target": 0.47209950148739693, "params": {"a": 9.0, "dB": 14.594372435381596, "s": 1.7}, "datetime": {"datetime": "2022-03-25 12:50:09", "elapsed": 2196.374334, "delta": 19.719899}}
{"target": 0.7787702029250664, "params": {"a": 6.293900544981164, "dB": 14.742864125321649, "s": 0.45154133114331285}, "datetime": {"datetime": "2022-03-25 12:50:10", "elapsed": 2197.939714, "delta": 1.56538}}
{"target": 0.3662870280287203, "params": {"a": 8.663661709001909, "dB": 15.442590802869224, "s": 1.067756678322427}, "datetime": {"datetime": "2022-03-25 12:50:26", "elapsed": 2214.026919, "delta": 16.087205}}
{"target": 0.5593244708566562, "params": {"a": 5.40129533055413, "dB": 15.29789583313, "s": 0.5614408090656582}, "datetime": {"datetime": "2022-03-25 12:50:34", "elapsed": 2221.726176, "delta": 7.699257}}
{"target": 0.417221478503995, "params": {"a": 6.43225163249938, "dB": 15.449829333008532, "s": 1.5468352847825277}, "datetime": {"datetime": "2022-03-25 12:50:42", "elapsed": 2229.585502, "delta": 7.859326}}
{"target": 0.7111151888424431, "params": {"a": 5.183511634738567, "dB": 14.298618440218874, "s": 0.41564660190839964}, "datetime": {"datetime": "2022-03-25 12:50:44", "elapsed": 2231.822619, "delta": 2.237117}}
{"target": 0.9718055232802358, "params": {"a": 6.386260357540702, "dB": 14.698195852186256, "s": 0.32212941393070516}, "datetime": {"datetime": "2022-03-25 12:50:46", "elapsed": 2233.981471, "delta": 2.158852}}
{"target": 0.726189638664575, "params": {"a": 4.905678235550418, "dB": 14.19354708780552, "s": 0.1}, "datetime": {"datetime": "2022-03-25 12:50:48", "elapsed": 2236.016575, "delta": 2.035104}}
{"target": 0.4248870466457738, "params": {"a": 4.762369732781476, "dB": 14.651490054246679, "s": 0.7787275990157354}, "datetime": {"datetime": "2022-03-25 12:50:50", "elapsed": 2237.60535, "delta": 1.588775}}
{"target": 0.9423076452630369, "params": {"a": 6.1203478193208625, "dB": 14.367098623824562, "s": 0.27647532169476885}, "datetime": {"datetime": "2022-03-25 12:50:52", "elapsed": 2239.354634, "delta": 1.749284}}
{"target": 0.7955988682079771, "params": {"a": 7.014057382403935, "dB": 13.764871142465767, "s": 0.3346948677210717}, "datetime": {"datetime": "2022-03-25 12:50:55", "elapsed": 2242.381012, "delta": 3.026378}}
{"target": 0.7778301245368672, "params": {"a": 8.868085895223594, "dB": 15.601955973703792, "s": 0.585650396064498}, "datetime": {"datetime": "2022-03-25 12:51:14", "elapsed": 2261.68918, "delta": 19.308168}}
