{"target": 0.5522486084483922, "params": {"a": 2.9595770164590087, "dB": 10.021135727047554, "s": 0.10011437481734489}, "datetime": {"datetime": "2022-03-27 17:15:53", "elapsed": 0.0, "delta": 0.0}}
{"target": 0.8271156937131878, "params": {"a": 2.5581640042114393, "dB": 8.013645617859895, "s": 0.1923385947687978}, "datetime": {"datetime": "2022-03-27 17:15:53", "elapsed": 0.037898, "delta": 0.037898}}
{"target": 0.7899050803958109, "params": {"a": 2.151910739821848, "dB": 8.709462544650666, "s": 0.4967674742306699}, "datetime": {"datetime": "2022-03-27 17:15:53", "elapsed": 0.073802, "delta": 0.035904}}
{"target": 0.7948265029061155, "params": {"a": 3.3858585690117495, "dB": 8.967180800411532, "s": 0.7852195003967595}, "datetime": {"datetime": "2022-03-27 17:15:53", "elapsed": 0.120678, "delta": 0.046876}}
{"target": 0.7549626279276521, "params": {"a": 2.2155828740603107, "dB": 10.573411027368309, "s": 0.12738759319792617}, "datetime": {"datetime": "2022-03-27 17:15:53", "elapsed": 0.249041, "delta": 0.128363}}
{"target": 0.9578911454670844, "params": {"a": 3.846636285624408, "dB": 8.960566808284945, "s": 0.6586898284457516}, "datetime": {"datetime": "2022-03-27 17:15:53", "elapsed": 0.296988, "delta": 0.047947}}
{"target": 0.7236258298232643, "params": {"a": 1.9913542850833181, "dB": 8.193355211797076, "s": 0.9007445686755366}, "datetime": {"datetime": "2022-03-27 17:15:53", "elapsed": 0.328952, "delta": 0.031964}}
{"target": 0.9443093416743612, "params": {"a": 4.888915515017891, "dB": 8.59698462355735, "s": 0.7923226156693141}, "datetime": {"datetime": "2022-03-27 17:15:53", "elapsed": 0.422652, "delta": 0.0937}}
{"target": 0.578091170698898, "params": {"a": 4.567362033036134, "dB": 10.631123322263466, "s": 0.18504421136977792}, "datetime": {"datetime": "2022-03-27 17:15:53", "elapsed": 0.530391, "delta": 0.107739}}
{"target": 0.7346663707024174, "params": {"a": 1.6366917413150883, "dB": 8.094406468475992, "s": 0.9781425034294131}, "datetime": {"datetime": "2022-03-27 17:15:53", "elapsed": 0.561305, "delta": 0.030914}}
{"target": 0.6933432141673734, "params": {"a": 1.8442139184156754, "dB": 8.973876687517683, "s": 1.057889530150502}, "datetime": {"datetime": "2022-03-27 17:15:53", "elapsed": 0.593196, "delta": 0.031891}}
{"target": 0.8461962281480728, "params": {"a": 3.3660784974055598, "dB": 9.921569898826657, "s": 0.4155156310060629}, "datetime": {"datetime": "2022-03-27 17:15:54", "elapsed": 0.661039, "delta": 0.067843}}
{"target": 0.47430096873953415, "params": {"a": 3.902753246885543, "dB": 10.421189851640804, "s": 0.11828827734419181}, "datetime": {"datetime": "2022-03-27 17:15:54", "elapsed": 0.749806, "delta": 0.088767}}
{"target": 0.8453574002309838, "params": {"a": 4.125505102307386, "dB": 10.961013811172732, "s": 0.8481656543798394}, "datetime": {"datetime": "2022-03-27 17:15:54", "elapsed": 0.862476, "delta": 0.11267}}
{"target": 0.7650910939962097, "params": {"a": 2.4815539722254183, "dB": 10.262477649580209, "s": 0.20322600657764203}, "datetime": {"datetime": "2022-03-27 17:15:54", "elapsed": 0.956224, "delta": 0.093748}}
{"target": 0.7927968830635259, "params": {"a": 3.067627341615668, "dB": 10.680084260825835, "s": 0.3936141483736795}, "datetime": {"datetime": "2022-03-27 17:15:54", "elapsed": 1.108733, "delta": 0.152509}}
{"target": 0.7681794680872716, "params": {"a": 2.5072136850522204, "dB": 7.955100002413972, "s": 0.11936695787029708}, "datetime": {"datetime": "2022-03-27 17:15:54", "elapsed": 1.15943, "delta": 0.050697}}
{"target": 0.8186264536269887, "params": {"a": 3.8759243652896185, "dB": 8.240698406000206, "s": 0.3655466593722262}, "datetime": {"datetime": "2022-03-27 17:15:54", "elapsed": 1.210293, "delta": 0.050863}}
{"target": 0.9117782799381654, "params": {"a": 3.220506057481184, "dB": 7.686768907909781, "s": 0.674117605492013}, "datetime": {"datetime": "2022-03-27 17:15:54", "elapsed": 1.250223, "delta": 0.03993}}
{"target": 0.6615854439770715, "params": {"a": 2.0135500121703354, "dB": 9.562569379161495, "s": 0.7997583600209311}, "datetime": {"datetime": "2022-03-27 17:15:54", "elapsed": 1.294139, "delta": 0.043916}}
{"target": 0.6848561922912128, "params": {"a": 1.8581705008973906, "dB": 8.94919595736849, "s": 0.7944001577277451}, "datetime": {"datetime": "2022-03-27 17:15:54", "elapsed": 1.32798, "delta": 0.033841}}
{"target": 0.9126847770960843, "params": {"a": 2.949627443344159, "dB": 7.674837106311305, "s": 0.6358964059155116}, "datetime": {"datetime": "2022-03-27 17:15:54", "elapsed": 1.373855, "delta": 0.045875}}
{"target": 0.6649248452788803, "params": {"a": 3.823281258269261, "dB": 9.30211189220408, "s": 1.0445947559908133}, "datetime": {"datetime": "2022-03-27 17:15:54", "elapsed": 1.424078, "delta": 0.050223}}
{"target": 0.5680741621310447, "params": {"a": 3.5529426417569754, "dB": 10.661906703507592, "s": 0.23747470414623753}, "datetime": {"datetime": "2022-03-27 17:15:54", "elapsed": 1.516477, "delta": 0.092399}}
{"target": 0.6557124987777687, "params": {"a": 1.987467215377655, "dB": 10.325869510483333, "s": 0.49767683698553355}, "datetime": {"datetime": "2022-03-27 17:15:54", "elapsed": 1.599255, "delta": 0.082778}}
{"target": 0.6944113586209045, "params": {"a": 2.0787396899092645, "dB": 10.746280031386119, "s": 0.44776585974550653}, "datetime": {"datetime": "2022-03-27 17:15:55", "elapsed": 1.685023, "delta": 0.085768}}
{"target": 0.661150064887719, "params": {"a": 4.127842360976544, "dB": 10.04099294872658, "s": 0.9833060912058098}, "datetime": {"datetime": "2022-03-27 17:15:55", "elapsed": 1.780796, "delta": 0.095773}}
{"target": 0.743366229366128, "params": {"a": 3.682852724694631, "dB": 10.12829851909568, "s": 0.4488983419778425}, "datetime": {"datetime": "2022-03-27 17:15:55", "elapsed": 1.878507, "delta": 0.097711}}
{"target": 0.7731140681182637, "params": {"a": 2.444747621177591, "dB": 10.635601763686234, "s": 0.5280911898712949}, "datetime": {"datetime": "2022-03-27 17:15:55", "elapsed": 1.967498, "delta": 0.088991}}
{"target": 0.9035083549419635, "params": {"a": 4.87694016501935, "dB": 9.822045242364569, "s": 0.7216957202091218}, "datetime": {"datetime": "2022-03-27 17:15:55", "elapsed": 2.091218, "delta": 0.12372}}
{"target": 0.593889500157242, "params": {"a": 1.901610905336813, "dB": 10.823212405474749, "s": 0.5499121334799405}, "datetime": {"datetime": "2022-03-27 17:15:55", "elapsed": 2.182953, "delta": 0.091735}}
{"target": 0.8090928344338899, "params": {"a": 3.524363650354961, "dB": 8.928478809664483, "s": 0.3370269802430277}, "datetime": {"datetime": "2022-03-27 17:15:55", "elapsed": 2.220844, "delta": 0.037891}}
{"target": 0.41485630387881317, "params": {"a": 4.661828321967889, "dB": 9.507878203353, "s": 0.10287032703115898}, "datetime": {"datetime": "2022-03-27 17:15:55", "elapsed": 2.315624, "delta": 0.09478}}
{"target": 0.9743738042269767, "params": {"a": 3.6600071976725337, "dB": 8.643257156202337, "s": 0.6270581022576093}, "datetime": {"datetime": "2022-03-27 17:15:55", "elapsed": 2.361442, "delta": 0.045818}}
{"target": 0.6805995436040001, "params": {"a": 4.600797347587711, "dB": 8.75044416000875, "s": 1.0085351509197993}, "datetime": {"datetime": "2022-03-27 17:15:55", "elapsed": 2.455223, "delta": 0.093781}}
{"target": 0.7285979855912283, "params": {"a": 3.6817604052713095, "dB": 7.555374349962947, "s": 1.0294372337437614}, "datetime": {"datetime": "2022-03-27 17:15:55", "elapsed": 2.504063, "delta": 0.04884}}
{"target": 0.594293701830222, "params": {"a": 3.9181392113092337, "dB": 10.990629976580182, "s": 0.2723405083453285}, "datetime": {"datetime": "2022-03-27 17:15:55", "elapsed": 2.60088, "delta": 0.096817}}
{"target": 0.5980911922046449, "params": {"a": 1.979975123701072, "dB": 10.764084120630073, "s": 0.7968181614899001}, "datetime": {"datetime": "2022-03-27 17:15:56", "elapsed": 2.682619, "delta": 0.081739}}
{"target": 0.6282999218092788, "params": {"a": 1.7310006045272188, "dB": 10.144120684108632, "s": 0.8538761884612464}, "datetime": {"datetime": "2022-03-27 17:15:56", "elapsed": 2.768354, "delta": 0.085735}}
{"target": 0.6431352298218824, "params": {"a": 4.730585874412691, "dB": 9.990336655199652, "s": 0.2242709619721647}, "datetime": {"datetime": "2022-03-27 17:15:56", "elapsed": 2.879059, "delta": 0.110705}}
{"target": 0.7880748557329998, "params": {"a": 1.5695804684392844, "dB": 7.591738454072018, "s": 0.1283064880207946}, "datetime": {"datetime": "2022-03-27 17:15:56", "elapsed": 2.913966, "delta": 0.034907}}
{"target": 0.6689174569338261, "params": {"a": 2.3617387366106604, "dB": 10.510097820390108, "s": 0.6388310643416528}, "datetime": {"datetime": "2022-03-27 17:15:56", "elapsed": 2.998957, "delta": 0.084991}}
{"target": 0.5688289730032621, "params": {"a": 3.4348769254001805, "dB": 10.44710812325862, "s": 0.22417331511991115}, "datetime": {"datetime": "2022-03-27 17:15:56", "elapsed": 3.087441, "delta": 0.088484}}
{"target": 0.6803206475418689, "params": {"a": 2.4771428765389882, "dB": 9.550157450104008, "s": 1.0695957483196745}, "datetime": {"datetime": "2022-03-27 17:15:56", "elapsed": 3.133319, "delta": 0.045878}}
{"target": 0.7962005452224709, "params": {"a": 3.4636057673949847, "dB": 7.565265512805301, "s": 0.9006326726806163}, "datetime": {"datetime": "2022-03-27 17:15:56", "elapsed": 3.189194, "delta": 0.055875}}
{"target": 0.7706310148780908, "params": {"a": 2.3154099584435714, "dB": 10.324868184665727, "s": 0.48786064406417173}, "datetime": {"datetime": "2022-03-27 17:15:56", "elapsed": 3.275981, "delta": 0.086787}}
{"target": 0.9089097589012513, "params": {"a": 4.522396490958, "dB": 10.114925749580147, "s": 0.6562402339904189}, "datetime": {"datetime": "2022-03-27 17:15:56", "elapsed": 3.389766, "delta": 0.113785}}
{"target": 0.872740061438686, "params": {"a": 1.9775932898123976, "dB": 7.7097119132927405, "s": 0.22134345574073735}, "datetime": {"datetime": "2022-03-27 17:15:56", "elapsed": 3.421578, "delta": 0.031812}}
{"target": 0.7555060973672841, "params": {"a": 1.655931574906666, "dB": 7.876229451871325, "s": 0.32570933860785467}, "datetime": {"datetime": "2022-03-27 17:15:56", "elapsed": 3.451468, "delta": 0.02989}}
{"target": 0.5137617452865907, "params": {"a": 3.9954614313393684, "dB": 9.459009437189499, "s": 0.11255598015911586}, "datetime": {"datetime": "2022-03-27 17:15:56", "elapsed": 3.506322, "delta": 0.054854}}
{"target": 0.5714600264768973, "params": {"a": 1.7519099789132038, "dB": 10.885467155000953, "s": 0.6681004619199421}, "datetime": {"datetime": "2022-03-27 17:15:56", "elapsed": 3.590164, "delta": 0.083842}}
{"target": 0.7092404328462589, "params": {"a": 2.2115263213134666, "dB": 8.383140105996132, "s": 0.8438258540750929}, "datetime": {"datetime": "2022-03-27 17:15:57", "elapsed": 3.625028, "delta": 0.034864}}
{"target": 0.6814414362748986, "params": {"a": 2.1840031838826155, "dB": 9.534756245456402, "s": 1.0700199890883124}, "datetime": {"datetime": "2022-03-27 17:15:57", "elapsed": 3.668911, "delta": 0.043883}}
{"target": 0.8170053451535209, "params": {"a": 4.463900805215124, "dB": 8.339467157016552, "s": 0.5937697142687299}, "datetime": {"datetime": "2022-03-27 17:15:57", "elapsed": 3.75366, "delta": 0.084749}}
{"target": 0.5932897478887991, "params": {"a": 3.669845014334829, "dB": 10.401433148425625, "s": 0.25679139464608425}, "datetime": {"datetime": "2022-03-27 17:15:57", "elapsed": 3.857382, "delta": 0.103722}}
{"target": 0.7141003875767253, "params": {"a": 1.5650167076209334, "dB": 7.745077503017278, "s": 0.5863451109370318}, "datetime": {"datetime": "2022-03-27 17:15:57", "elapsed": 3.890325, "delta": 0.032943}}
{"target": 0.8853127281121623, "params": {"a": 3.622153115786656, "dB": 9.490980029802685, "s": 0.41736240932216073}, "datetime": {"datetime": "2022-03-27 17:15:57", "elapsed": 3.957142, "delta": 0.066817}}
{"target": 0.6961103607166311, "params": {"a": 4.960156540443571, "dB": 9.52910826736029, "s": 0.4801411726235504}, "datetime": {"datetime": "2022-03-27 17:15:57", "elapsed": 4.064974, "delta": 0.107832}}
{"target": 0.8624981826147242, "params": {"a": 3.428318766912639, "dB": 10.108670508172757, "s": 0.7692328934531846}, "datetime": {"datetime": "2022-03-27 17:15:57", "elapsed": 4.147078, "delta": 0.082104}}
{"target": 0.9116654111592882, "params": {"a": 2.427218451819833, "dB": 7.732171920499545, "s": 0.47008419791410627}, "datetime": {"datetime": "2022-03-27 17:15:57", "elapsed": 4.177995, "delta": 0.030917}}
{"target": 0.7824536489523898, "params": {"a": 3.7040112745754756, "dB": 8.23560903470194, "s": 0.8527555537388138}, "datetime": {"datetime": "2022-03-27 17:15:57", "elapsed": 4.213899, "delta": 0.035904}}
{"target": 0.7161224844553153, "params": {"a": 1.7328776847394023, "dB": 8.411102845024894, "s": 0.9047545637433454}, "datetime": {"datetime": "2022-03-27 17:15:57", "elapsed": 4.242822, "delta": 0.028923}}
{"target": 0.681782066437487, "params": {"a": 2.1770199891816473, "dB": 9.73811308307979, "s": 0.6246703091237337}, "datetime": {"datetime": "2022-03-27 17:15:57", "elapsed": 4.297726, "delta": 0.054904}}
{"target": 0.5437727882299943, "params": {"a": 4.7368278963977275, "dB": 8.42153869670489, "s": 0.1659610906840238}, "datetime": {"datetime": "2022-03-27 17:15:57", "elapsed": 4.36998, "delta": 0.072254}}
{"target": 0.643853226684276, "params": {"a": 4.072730871510343, "dB": 10.202623103401365, "s": 1.0078158525035241}, "datetime": {"datetime": "2022-03-27 17:15:57", "elapsed": 4.477121, "delta": 0.107141}}
{"target": 0.7516135312398455, "params": {"a": 4.76190224218893, "dB": 7.54883050541459, "s": 0.3343620861214205}, "datetime": {"datetime": "2022-03-27 17:15:57", "elapsed": 4.568843, "delta": 0.091722}}
{"target": 0.6226212158874554, "params": {"a": 3.6587242495058017, "dB": 10.821557122406658, "s": 1.0501761192470798}, "datetime": {"datetime": "2022-03-27 17:15:58", "elapsed": 4.662625, "delta": 0.093782}}
{"target": 0.8869217790012917, "params": {"a": 3.4482861586830476, "dB": 10.70462222418196, "s": 0.7415662089463375}, "datetime": {"datetime": "2022-03-27 17:15:58", "elapsed": 4.744411, "delta": 0.081786}}
{"target": 0.7973404144358266, "params": {"a": 2.865026999494362, "dB": 9.200967334839184, "s": 0.7043104829199732}, "datetime": {"datetime": "2022-03-27 17:15:58", "elapsed": 4.781301, "delta": 0.03689}}
{"target": 0.6276795603928516, "params": {"a": 3.423417725279969, "dB": 10.741634993472587, "s": 1.0187334356336062}, "datetime": {"datetime": "2022-03-27 17:15:58", "elapsed": 4.864092, "delta": 0.082791}}
{"target": 0.6968607663154784, "params": {"a": 2.8820646452324423, "dB": 10.871418849542492, "s": 0.27395566668046434}, "datetime": {"datetime": "2022-03-27 17:15:58", "elapsed": 4.947866, "delta": 0.083774}}
{"target": 0.7352736668063593, "params": {"a": 1.9421533180387307, "dB": 7.97277705316356, "s": 0.6056621656768967}, "datetime": {"datetime": "2022-03-27 17:15:58", "elapsed": 4.977781, "delta": 0.029915}}
{"target": 0.607671960928032, "params": {"a": 1.575336818459693, "dB": 10.817895739261884, "s": 0.9271154711707325}, "datetime": {"datetime": "2022-03-27 17:15:58", "elapsed": 5.056707, "delta": 0.078926}}
{"target": 0.696979074263681, "params": {"a": 1.5525664325974282, "dB": 8.116686894512693, "s": 0.43206357436683696}, "datetime": {"datetime": "2022-03-27 17:15:58", "elapsed": 5.085463, "delta": 0.028756}}
{"target": 0.6740766972167137, "params": {"a": 1.9584889568382091, "dB": 10.333217422443038, "s": 0.44473665268329343}, "datetime": {"datetime": "2022-03-27 17:15:58", "elapsed": 5.161261, "delta": 0.075798}}
{"target": 0.8066655795019854, "params": {"a": 4.7903761881667855, "dB": 9.53704962981478, "s": 0.978831984411844}, "datetime": {"datetime": "2022-03-27 17:15:58", "elapsed": 5.262987, "delta": 0.101726}}
{"target": 0.7405773839373087, "params": {"a": 4.456570558872777, "dB": 10.668873115480272, "s": 0.5598802658168069}, "datetime": {"datetime": "2022-03-27 17:15:58", "elapsed": 5.360726, "delta": 0.097739}}
{"target": 0.7171375291035661, "params": {"a": 3.4122138560713067, "dB": 10.295112569032138, "s": 0.38571885173414755}, "datetime": {"datetime": "2022-03-27 17:15:58", "elapsed": 5.44562, "delta": 0.084894}}
{"target": 0.5538261602220563, "params": {"a": 3.215887329169747, "dB": 9.596886076760574, "s": 0.11553327555083573}, "datetime": {"datetime": "2022-03-27 17:15:58", "elapsed": 5.501352, "delta": 0.055732}}
{"target": 0.7373171410397505, "params": {"a": 3.5771849286882302, "dB": 9.017867221463105, "s": 0.9073605288848414}, "datetime": {"datetime": "2022-03-27 17:15:58", "elapsed": 5.538252, "delta": 0.0369}}
{"target": 0.6999930085338595, "params": {"a": 2.603356810833805, "dB": 10.62511047983803, "s": 0.6778572152845355}, "datetime": {"datetime": "2022-03-27 17:15:59", "elapsed": 5.61405, "delta": 0.075798}}
{"target": 0.6246465514622459, "params": {"a": 2.144035705696128, "dB": 10.257752318389265, "s": 0.7120311770449339}, "datetime": {"datetime": "2022-03-27 17:15:59", "elapsed": 5.68885, "delta": 0.0748}}
{"target": 0.6805243590079433, "params": {"a": 1.6886824522581354, "dB": 8.970677880003963, "s": 0.7790688365654296}, "datetime": {"datetime": "2022-03-27 17:15:59", "elapsed": 5.719368, "delta": 0.030518}}
{"target": 0.6786024281533537, "params": {"a": 4.7151062229213405, "dB": 7.501407087119751, "s": 1.0767591490310597}, "datetime": {"datetime": "2022-03-27 17:15:59", "elapsed": 5.792075, "delta": 0.072707}}
{"target": 0.7265990156488958, "params": {"a": 2.8180311016102104, "dB": 10.908242384254129, "s": 0.704716100974053}, "datetime": {"datetime": "2022-03-27 17:15:59", "elapsed": 5.874887, "delta": 0.082812}}
{"target": 0.9634279552226349, "params": {"a": 4.400960327932426, "dB": 9.511490266478358, "s": 0.7280761983073504}, "datetime": {"datetime": "2022-03-27 17:15:59", "elapsed": 5.940717, "delta": 0.06583}}
{"target": 0.6689239651631148, "params": {"a": 2.4995169859349287, "dB": 9.55391669229629, "s": 0.8500217637026599}, "datetime": {"datetime": "2022-03-27 17:15:59", "elapsed": 5.983524, "delta": 0.042807}}
{"target": 0.9705906300688876, "params": {"a": 4.504098427501648, "dB": 10.14278765963688, "s": 0.798057248447303}, "datetime": {"datetime": "2022-03-27 17:15:59", "elapsed": 6.102169, "delta": 0.118645}}
{"target": 0.9759428997359232, "params": {"a": 4.525678005191099, "dB": 8.629383488928612, "s": 0.7707887907875872}, "datetime": {"datetime": "2022-03-27 17:15:59", "elapsed": 6.18402, "delta": 0.081851}}
{"target": 0.9873885202492545, "params": {"a": 3.078058777446722, "dB": 8.83735963211031, "s": 0.5108113499221856}, "datetime": {"datetime": "2022-03-27 17:15:59", "elapsed": 6.219892, "delta": 0.035872}}
{"target": 0.813076493229561, "params": {"a": 2.905178542143392, "dB": 8.61084381085397, "s": 0.7219193679203014}, "datetime": {"datetime": "2022-03-27 17:15:59", "elapsed": 6.255785, "delta": 0.035893}}
{"target": 0.7046947431783163, "params": {"a": 3.005865447874425, "dB": 10.908307272745382, "s": 0.7778008914343111}, "datetime": {"datetime": "2022-03-27 17:15:59", "elapsed": 6.341561, "delta": 0.085776}}
{"target": 0.8251622732654321, "params": {"a": 2.194994609494888, "dB": 8.993453532718114, "s": 0.443346239774423}, "datetime": {"datetime": "2022-03-27 17:15:59", "elapsed": 6.37348, "delta": 0.031919}}
{"target": 0.6308341305439444, "params": {"a": 4.291735813854983, "dB": 10.579994009972012, "s": 1.003841955826372}, "datetime": {"datetime": "2022-03-27 17:15:59", "elapsed": 6.474405, "delta": 0.100925}}
{"target": 0.8052154654342383, "params": {"a": 3.819519343313418, "dB": 8.445728917104152, "s": 0.3523667015045897}, "datetime": {"datetime": "2022-03-27 17:15:59", "elapsed": 6.515113, "delta": 0.040708}}
{"target": 0.8175276769656622, "params": {"a": 4.492142799440908, "dB": 9.347001262080614, "s": 0.902161084004598}, "datetime": {"datetime": "2022-03-27 17:15:59", "elapsed": 6.589865, "delta": 0.074752}}
{"target": 0.9764908732439747, "params": {"a": 3.503709810170622, "dB": 10.065998838506289, "s": 0.6190116274640558}, "datetime": {"datetime": "2022-03-27 17:16:00", "elapsed": 6.709583, "delta": 0.119718}}
{"target": 0.910694647562484, "params": {"a": 4.198093686756608, "dB": 9.491002967466505, "s": 0.5657098785919809}, "datetime": {"datetime": "2022-03-27 17:16:00", "elapsed": 6.768424, "delta": 0.058841}}
{"target": 0.9589382664132972, "params": {"a": 2.6994111778364864, "dB": 7.738732719458464, "s": 0.47792417932809983}, "datetime": {"datetime": "2022-03-27 17:16:00", "elapsed": 6.800339, "delta": 0.031915}}
{"target": 0.6712910396674713, "params": {"a": 1.7786912719438832, "dB": 10.939859898056557, "s": 0.28161285133076375}, "datetime": {"datetime": "2022-03-27 17:16:00", "elapsed": 6.877135, "delta": 0.076796}}
{"target": 0.9785721654811199, "params": {"a": 4.130276527471945, "dB": 8.722892162603642, "s": 0.6752864512954341}, "datetime": {"datetime": "2022-03-27 17:16:00", "elapsed": 7.168727, "delta": 0.291592}}
{"target": 0.8440048809853988, "params": {"a": 4.774879679050701, "dB": 10.109414476330185, "s": 0.938518289999612}, "datetime": {"datetime": "2022-03-27 17:16:00", "elapsed": 7.492899, "delta": 0.324172}}
{"target": 0.9150947586020874, "params": {"a": 3.1833054055773613, "dB": 8.538152308651094, "s": 0.3836074406240742}, "datetime": {"datetime": "2022-03-27 17:16:01", "elapsed": 7.727525, "delta": 0.234626}}
{"target": 0.7270454806963096, "params": {"a": 2.2963020380163432, "dB": 8.044564990858762, "s": 1.0473034510771673}, "datetime": {"datetime": "2022-03-27 17:16:01", "elapsed": 7.862203, "delta": 0.134678}}
{"target": 0.645820917269695, "params": {"a": 4.041896181584271, "dB": 10.050142048477422, "s": 0.2946880315822752}, "datetime": {"datetime": "2022-03-27 17:16:01", "elapsed": 8.056682, "delta": 0.194479}}
{"target": 0.9801493458855013, "params": {"a": 3.5528566414899037, "dB": 9.774545448462884, "s": 0.6633259096596963}, "datetime": {"datetime": "2022-03-27 17:16:01", "elapsed": 8.318975, "delta": 0.262293}}
