{"target": 0.9643219725124349, "params": {"a": 4.380658384177161, "dB": 11.08695813880248, "s": 0.25213594635564973}, "datetime": {"datetime": "2022-03-29 14:53:27", "elapsed": 227.052523, "delta": 0.291249}}
{"target": 0.37601447103494934, "params": {"a": 8.021020833040605, "dB": 10.661114379654032, "s": 0.24726870363087772}, "datetime": {"datetime": "2022-03-29 14:53:31", "elapsed": 231.161631, "delta": 4.109108}}
{"target": 0.9142267103436457, "params": {"a": 4.817963774439816, "dB": 12.487461091216382, "s": 0.49118964776639584}, "datetime": {"datetime": "2022-03-29 14:53:32", "elapsed": 231.753737, "delta": 0.592106}}
{"target": 0.9818949055245142, "params": {"a": 5.0449070283066115, "dB": 12.251879116903226, "s": 0.4903949239828277}, "datetime": {"datetime": "2022-03-29 14:53:32", "elapsed": 232.14658, "delta": 0.392843}}
{"target": 0.7492800996159849, "params": {"a": 5.038988670218697, "dB": 12.325632089038406, "s": 0.29545647148874954}, "datetime": {"datetime": "2022-03-29 14:53:32", "elapsed": 232.6586, "delta": 0.51202}}
{"target": 0.5559134644374146, "params": {"a": 3.5, "dB": 12.281856553775816, "s": 0.5907154097553644}, "datetime": {"datetime": "2022-03-29 14:53:33", "elapsed": 233.100568, "delta": 0.441968}}
{"target": 0.7799718978446445, "params": {"a": 6.334901832009917, "dB": 11.402202132456255, "s": 0.5860810276810362}, "datetime": {"datetime": "2022-03-29 14:53:34", "elapsed": 233.764068, "delta": 0.6635}}
{"target": 0.6598519724024441, "params": {"a": 4.9271070626969244, "dB": 12.088834325620711, "s": 0.5985256520063333}, "datetime": {"datetime": "2022-03-29 14:53:34", "elapsed": 234.281943, "delta": 0.517875}}
{"target": 0.7083771737097321, "params": {"a": 5.09473585213288, "dB": 12.405616637727475, "s": 0.6232015556245438}, "datetime": {"datetime": "2022-03-29 14:53:34", "elapsed": 234.713381, "delta": 0.431438}}
{"target": 0.9096180043840524, "params": {"a": 4.068061715037973, "dB": 11.555328689209187, "s": 0.428199086185902}, "datetime": {"datetime": "2022-03-29 14:53:35", "elapsed": 235.050487, "delta": 0.337106}}
{"target": 0.534036448069137, "params": {"a": 7.30433875608435, "dB": 10.5, "s": 0.6496488736670605}, "datetime": {"datetime": "2022-03-29 14:53:37", "elapsed": 237.139902, "delta": 2.089415}}
{"target": 0.9891758440301526, "params": {"a": 6.295395163592612, "dB": 13.5, "s": 0.6942783319571015}, "datetime": {"datetime": "2022-03-29 14:53:38", "elapsed": 238.132013, "delta": 0.992111}}
{"target": 0.5901967634985145, "params": {"a": 6.218945019409018, "dB": 13.5, "s": 0.8538931756514723}, "datetime": {"datetime": "2022-03-29 14:53:39", "elapsed": 239.36302, "delta": 1.231007}}
{"target": 0.5888860329181389, "params": {"a": 3.7023830606162846, "dB": 12.09822632532165, "s": 0.5829185827892617}, "datetime": {"datetime": "2022-03-29 14:53:39", "elapsed": 239.682167, "delta": 0.319147}}
{"target": 0.7799121906361175, "params": {"a": 6.229429092595048, "dB": 13.4026115465907, "s": 0.6156402683418192}, "datetime": {"datetime": "2022-03-29 14:53:40", "elapsed": 240.683765, "delta": 1.001598}}
{"target": 0.8490377505408871, "params": {"a": 6.4602227045185785, "dB": 13.484095339802007, "s": 0.6415073180146973}, "datetime": {"datetime": "2022-03-29 14:53:41", "elapsed": 241.691809, "delta": 1.008044}}
{"target": 0.6467099089535537, "params": {"a": 4.7895482623473296, "dB": 11.41675146436366, "s": 0.6112748383369135}, "datetime": {"datetime": "2022-03-29 14:53:42", "elapsed": 242.088602, "delta": 0.396793}}
{"target": 0.9251937027630754, "params": {"a": 4.782040570154628, "dB": 11.23114835061832, "s": 0.2990306076003415}, "datetime": {"datetime": "2022-03-29 14:53:42", "elapsed": 242.514129, "delta": 0.425527}}
{"target": 0.9597587533176629, "params": {"a": 5.14379028142175, "dB": 10.506732439163216, "s": 0.4598297500216514}, "datetime": {"datetime": "2022-03-29 14:53:43", "elapsed": 242.891591, "delta": 0.377462}}
{"target": 0.8636179715051838, "params": {"a": 4.673146622415935, "dB": 12.677134652884213, "s": 0.49078718997586845}, "datetime": {"datetime": "2022-03-29 14:53:43", "elapsed": 243.533072, "delta": 0.641481}}
{"target": 0.33694928382117506, "params": {"a": 5.5341507783663, "dB": 12.702244137821438, "s": 0.21491016016634668}, "datetime": {"datetime": "2022-03-29 14:53:44", "elapsed": 244.151964, "delta": 0.618892}}
{"target": 0.951081018788414, "params": {"a": 7.253990729083721, "dB": 11.523883342682737, "s": 0.7633624702948082}, "datetime": {"datetime": "2022-03-29 14:53:46", "elapsed": 245.82569, "delta": 1.673726}}
{"target": 0.8903215186597755, "params": {"a": 4.468733983011628, "dB": 11.48610410927263, "s": 0.24477935869286313}, "datetime": {"datetime": "2022-03-29 14:53:46", "elapsed": 246.201872, "delta": 0.376182}}
{"target": 0.757819120840809, "params": {"a": 3.710254243744457, "dB": 12.043217563491549, "s": 0.10632784999477266}, "datetime": {"datetime": "2022-03-29 14:53:46", "elapsed": 246.59764, "delta": 0.395768}}
{"target": 0.8925988285925495, "params": {"a": 5.54745982689112, "dB": 13.04226485385809, "s": 0.6877496725425355}, "datetime": {"datetime": "2022-03-29 14:53:47", "elapsed": 247.193543, "delta": 0.595903}}
{"target": 0.7104032510291625, "params": {"a": 4.333275393492426, "dB": 12.300071781519247, "s": 0.210044369911391}, "datetime": {"datetime": "2022-03-29 14:53:47", "elapsed": 247.692724, "delta": 0.499181}}
{"target": 0.9206870285971606, "params": {"a": 4.816215016585936, "dB": 12.48005002606351, "s": 0.4953884532133499}, "datetime": {"datetime": "2022-03-29 14:53:48", "elapsed": 248.179694, "delta": 0.48697}}
{"target": 0.9426513160891831, "params": {"a": 6.6304044281060746, "dB": 11.703677536169653, "s": 0.6709213939045542}, "datetime": {"datetime": "2022-03-29 14:53:49", "elapsed": 249.137208, "delta": 0.957514}}
{"target": 0.8413928278642386, "params": {"a": 5.938493538810595, "dB": 13.300919982692506, "s": 0.7754084670804243}, "datetime": {"datetime": "2022-03-29 14:53:50", "elapsed": 250.062224, "delta": 0.925016}}
{"target": 0.9444701584302813, "params": {"a": 4.2732384701071195, "dB": 11.870615974407304, "s": 0.4030492592172261}, "datetime": {"datetime": "2022-03-29 14:53:50", "elapsed": 250.55897, "delta": 0.496746}}
{"target": 0.5191515321317927, "params": {"a": 3.5, "dB": 13.121640937181317, "s": 0.1}, "datetime": {"datetime": "2022-03-29 14:53:51", "elapsed": 251.654389, "delta": 1.095419}}
{"target": 0.03233366774644504, "params": {"a": 8.5, "dB": 13.5, "s": 0.1}, "datetime": {"datetime": "2022-03-29 14:53:58", "elapsed": 258.172709, "delta": 6.51832}}
{"target": 0.8919399118694727, "params": {"a": 8.472982322012609, "dB": 11.759164559423045, "s": 0.9868783995556434}, "datetime": {"datetime": "2022-03-29 14:54:05", "elapsed": 264.743188, "delta": 6.570479}}
{"target": 0.5311877940125509, "params": {"a": 8.483183460462577, "dB": 11.622362691456464, "s": 0.7433393804616945}, "datetime": {"datetime": "2022-03-29 14:54:11", "elapsed": 271.186294, "delta": 6.443106}}
{"target": 0.513667881739661, "params": {"a": 8.463619057709227, "dB": 11.945783291471841, "s": 1.1339088910716184}, "datetime": {"datetime": "2022-03-29 14:54:18", "elapsed": 277.811817, "delta": 6.625523}}
{"target": 0.5779172700509091, "params": {"a": 8.40608931903282, "dB": 11.584127546823028, "s": 1.0983064231108366}, "datetime": {"datetime": "2022-03-29 14:54:24", "elapsed": 284.364017, "delta": 6.5522}}
{"target": 0.47958677737973265, "params": {"a": 8.195904226812319, "dB": 11.029652932644995, "s": 0.3610998880747027}, "datetime": {"datetime": "2022-03-29 14:54:29", "elapsed": 289.703509, "delta": 5.339492}}
{"target": 0.5070166808828538, "params": {"a": 5.791670037756811, "dB": 12.963099296142989, "s": 0.4285880026371597}, "datetime": {"datetime": "2022-03-29 14:54:30", "elapsed": 290.327896, "delta": 0.624387}}
{"target": 0.9538818674337068, "params": {"a": 4.6433903516637045, "dB": 11.989864910757115, "s": 0.36028111400235474}, "datetime": {"datetime": "2022-03-29 14:54:31", "elapsed": 290.781399, "delta": 0.453503}}
{"target": 0.5310194996015654, "params": {"a": 8.5, "dB": 12.855412979954766, "s": 1.2}, "datetime": {"datetime": "2022-03-29 14:54:37", "elapsed": 297.480205, "delta": 6.698806}}
{"target": 0.8869973899015536, "params": {"a": 3.937152156276199, "dB": 11.68080505608777, "s": 0.2788931747650566}, "datetime": {"datetime": "2022-03-29 14:54:38", "elapsed": 298.022792, "delta": 0.542587}}
{"target": 0.720775296313443, "params": {"a": 5.081351400968196, "dB": 13.34724101009181, "s": 0.5241750690800876}, "datetime": {"datetime": "2022-03-29 14:54:39", "elapsed": 298.961117, "delta": 0.938325}}
{"target": 0.4256512052337973, "params": {"a": 5.749788436759397, "dB": 12.165120990129077, "s": 1.1862528000224184}, "datetime": {"datetime": "2022-03-29 14:54:39", "elapsed": 299.488585, "delta": 0.527468}}
{"target": 0.6077644771128793, "params": {"a": 4.060728823918681, "dB": 10.5, "s": 1.2}, "datetime": {"datetime": "2022-03-29 14:54:40", "elapsed": 299.862946, "delta": 0.374361}}
{"target": 0.5430141429072871, "params": {"a": 8.5, "dB": 10.913730625177584, "s": 0.7353764397091818}, "datetime": {"datetime": "2022-03-29 14:54:46", "elapsed": 306.377758, "delta": 6.514812}}
{"target": 0.9464290839016132, "params": {"a": 7.560610946436814, "dB": 11.570653549874324, "s": 0.8228201476722832}, "datetime": {"datetime": "2022-03-29 14:54:49", "elapsed": 309.211222, "delta": 2.833464}}
{"target": 0.48790611902132575, "params": {"a": 7.342651023630678, "dB": 11.650403084482896, "s": 0.6457183669791332}, "datetime": {"datetime": "2022-03-29 14:54:51", "elapsed": 311.297699, "delta": 2.086477}}
{"target": 0.4503806751015407, "params": {"a": 7.501098961288124, "dB": 11.605136455535035, "s": 1.077051493768713}, "datetime": {"datetime": "2022-03-29 14:54:53", "elapsed": 313.481897, "delta": 2.184198}}
{"target": 0.8357693365852867, "params": {"a": 7.141092575873598, "dB": 11.521433056360681, "s": 0.8547474360156737}, "datetime": {"datetime": "2022-03-29 14:54:55", "elapsed": 315.337746, "delta": 1.855849}}
{"target": 0.40119890825967797, "params": {"a": 6.993888865178832, "dB": 11.420959503423317, "s": 0.2437564439327231}, "datetime": {"datetime": "2022-03-29 14:54:56", "elapsed": 316.44511, "delta": 1.107364}}
{"target": 0.48112680483633374, "params": {"a": 5.995961612647275, "dB": 11.153260258796696, "s": 0.3790018511349138}, "datetime": {"datetime": "2022-03-29 14:54:57", "elapsed": 317.095014, "delta": 0.649904}}
{"target": 0.9478401160271546, "params": {"a": 7.45478480802842, "dB": 11.406292242298704, "s": 0.7992499139654807}, "datetime": {"datetime": "2022-03-29 14:54:59", "elapsed": 319.262195, "delta": 2.167181}}
{"target": 0.4970518846005467, "params": {"a": 4.783174713448538, "dB": 12.575815819728025, "s": 0.9091238361458711}, "datetime": {"datetime": "2022-03-29 14:55:00", "elapsed": 319.815877, "delta": 0.553682}}
{"target": 0.9541911421670308, "params": {"a": 4.437324587537939, "dB": 10.667879427046337, "s": 0.19785187639649754}, "datetime": {"datetime": "2022-03-29 14:55:00", "elapsed": 320.191754, "delta": 0.375877}}
{"target": 0.8524544730378991, "params": {"a": 6.517722042813204, "dB": 12.785228274445306, "s": 0.7908459113640365}, "datetime": {"datetime": "2022-03-29 14:55:01", "elapsed": 321.390326, "delta": 1.198572}}
{"target": 0.4274295857595302, "params": {"a": 6.463462637094703, "dB": 12.98074889091828, "s": 0.46668420850370007}, "datetime": {"datetime": "2022-03-29 14:55:02", "elapsed": 322.189843, "delta": 0.799517}}
{"target": 0.4716842303510635, "params": {"a": 6.627078891536066, "dB": 12.55152376419419, "s": 1.2}, "datetime": {"datetime": "2022-03-29 14:55:03", "elapsed": 323.363353, "delta": 1.17351}}
{"target": 0.6966159501754172, "params": {"a": 5.374331373809265, "dB": 13.122616645520905, "s": 0.7981448030747469}, "datetime": {"datetime": "2022-03-29 14:55:04", "elapsed": 324.364138, "delta": 1.000785}}
{"target": 0.6495724330825521, "params": {"a": 5.824558659235989, "dB": 11.547588237808155, "s": 0.756799446658463}, "datetime": {"datetime": "2022-03-29 14:55:05", "elapsed": 324.998977, "delta": 0.634839}}
{"target": 0.9585351827862283, "params": {"a": 4.469510711171998, "dB": 10.503966394978795, "s": 0.37639174633280004}, "datetime": {"datetime": "2022-03-29 14:55:05", "elapsed": 325.314769, "delta": 0.315792}}
{"target": 0.4407431773111035, "params": {"a": 7.7427091193783255, "dB": 10.942898228750739, "s": 0.6225952517198069}, "datetime": {"datetime": "2022-03-29 14:55:08", "elapsed": 328.597943, "delta": 3.283174}}
{"target": 0.9619182206605287, "params": {"a": 4.9404795922561435, "dB": 12.9358116920048, "s": 0.5955163673289109}, "datetime": {"datetime": "2022-03-29 14:55:09", "elapsed": 329.25802, "delta": 0.660077}}
{"target": 0.6511858423924948, "params": {"a": 5.406271595111735, "dB": 10.5, "s": 1.2}, "datetime": {"datetime": "2022-03-29 14:55:10", "elapsed": 329.87998, "delta": 0.62196}}
{"target": 0.6254680152175294, "params": {"a": 3.925812593897617, "dB": 11.355201711967299, "s": 0.5916259130626081}, "datetime": {"datetime": "2022-03-29 14:55:10", "elapsed": 330.441168, "delta": 0.561188}}
{"target": 0.8400355907500725, "params": {"a": 3.7862806882757107, "dB": 11.314611792876097, "s": 0.21411547725978206}, "datetime": {"datetime": "2022-03-29 14:55:11", "elapsed": 330.981985, "delta": 0.540817}}
{"target": 0.9653367096214482, "params": {"a": 4.860354473043177, "dB": 10.518631268834234, "s": 0.4073206109233469}, "datetime": {"datetime": "2022-03-29 14:55:11", "elapsed": 331.401222, "delta": 0.419237}}
{"target": 0.9511050877171123, "params": {"a": 4.8179209260413645, "dB": 11.766460180565463, "s": 0.3506862650553}, "datetime": {"datetime": "2022-03-29 14:55:12", "elapsed": 331.844664, "delta": 0.443442}}
{"target": 0.5352409853568798, "params": {"a": 3.5, "dB": 11.500978447341536, "s": 1.2}, "datetime": {"datetime": "2022-03-29 14:55:12", "elapsed": 332.273909, "delta": 0.429245}}
{"target": 0.07180547812086203, "params": {"a": 7.263890977440288, "dB": 10.5, "s": 0.1}, "datetime": {"datetime": "2022-03-29 14:55:14", "elapsed": 334.380888, "delta": 2.106979}}
{"target": 0.4738700120387918, "params": {"a": 7.451434308290242, "dB": 10.505537285466993, "s": 1.1144908066513253}, "datetime": {"datetime": "2022-03-29 14:55:16", "elapsed": 336.559408, "delta": 2.17852}}
{"target": 0.7466879188701518, "params": {"a": 4.37524950149861, "dB": 12.787662361643408, "s": 0.4047594674304241}, "datetime": {"datetime": "2022-03-29 14:55:17", "elapsed": 337.287066, "delta": 0.727658}}
{"target": 0.64310636973633, "params": {"a": 3.56942424904818, "dB": 12.737872920271952, "s": 0.19554760936424026}, "datetime": {"datetime": "2022-03-29 14:55:18", "elapsed": 337.955784, "delta": 0.668718}}
{"target": 0.48396182859985587, "params": {"a": 5.828038356634011, "dB": 10.5, "s": 0.8656635737849117}, "datetime": {"datetime": "2022-03-29 14:55:18", "elapsed": 338.702243, "delta": 0.746459}}
{"target": 0.4545144882286823, "params": {"a": 3.5, "dB": 10.5, "s": 1.2}, "datetime": {"datetime": "2022-03-29 14:55:19", "elapsed": 339.050722, "delta": 0.348479}}
{"target": 0.9799999521921111, "params": {"a": 5.194884023898577, "dB": 11.447261183775908, "s": 0.49945179631246506}, "datetime": {"datetime": "2022-03-29 14:55:19", "elapsed": 339.475413, "delta": 0.424691}}
{"target": 0.7919992105408208, "params": {"a": 5.241507559906124, "dB": 11.158350953305666, "s": 0.5982701594078598}, "datetime": {"datetime": "2022-03-29 14:55:20", "elapsed": 340.034669, "delta": 0.559256}}
{"target": 0.6590771360566995, "params": {"a": 5.360081806117494, "dB": 11.383506384660983, "s": 0.3674113528739319}, "datetime": {"datetime": "2022-03-29 14:55:20", "elapsed": 340.572848, "delta": 0.538179}}
{"target": 0.7864132123281384, "params": {"a": 5.211125976382932, "dB": 11.622572432556677, "s": 0.5982370011708142}, "datetime": {"datetime": "2022-03-29 14:55:21", "elapsed": 341.047, "delta": 0.474152}}
{"target": 0.9173059373169187, "params": {"a": 5.025265492394951, "dB": 11.246658658479033, "s": 0.41741315325343487}, "datetime": {"datetime": "2022-03-29 14:55:21", "elapsed": 341.535131, "delta": 0.488131}}
{"target": 0.7238083393586973, "params": {"a": 5.141476644429768, "dB": 11.754154537631209, "s": 0.1782572782318182}, "datetime": {"datetime": "2022-03-29 14:55:22", "elapsed": 341.984484, "delta": 0.449353}}
{"target": 0.7866858459822098, "params": {"a": 4.1409240767100055, "dB": 10.607957680717508, "s": 0.46458772979628415}, "datetime": {"datetime": "2022-03-29 14:55:22", "elapsed": 342.331343, "delta": 0.346859}}
{"target": 0.7400670165743082, "params": {"a": 5.123606185443865, "dB": 11.402023697407932, "s": 0.6189265220896052}, "datetime": {"datetime": "2022-03-29 14:55:23", "elapsed": 342.838562, "delta": 0.507219}}
{"target": 0.9140768741533187, "params": {"a": 3.8665829170471966, "dB": 10.98222611279097, "s": 0.3606241734057951}, "datetime": {"datetime": "2022-03-29 14:55:23", "elapsed": 343.355952, "delta": 0.51739}}
{"target": 0.9670104899963158, "params": {"a": 6.168596315520288, "dB": 10.853040913327774, "s": 0.6570564443852487}, "datetime": {"datetime": "2022-03-29 14:55:24", "elapsed": 344.060537, "delta": 0.704585}}
{"target": 0.4615060230445972, "params": {"a": 8.331454102814323, "dB": 12.181639790018963, "s": 0.3534908505928174}, "datetime": {"datetime": "2022-03-29 14:55:29", "elapsed": 349.333185, "delta": 5.272648}}
{"target": 0.6564293339168755, "params": {"a": 6.176237109303626, "dB": 11.108878734896669, "s": 0.8012367501799441}, "datetime": {"datetime": "2022-03-29 14:55:30", "elapsed": 350.049313, "delta": 0.716128}}
{"target": 0.9558501108811188, "params": {"a": 5.957417995594801, "dB": 10.77496700783765, "s": 0.6030587753421228}, "datetime": {"datetime": "2022-03-29 14:55:31", "elapsed": 350.787022, "delta": 0.737709}}
{"target": 0.8927588944283884, "params": {"a": 6.163967384836144, "dB": 10.697440579792234, "s": 0.5823758429179976}, "datetime": {"datetime": "2022-03-29 14:55:31", "elapsed": 351.466069, "delta": 0.679047}}
{"target": 0.5992866481703819, "params": {"a": 8.032134349087533, "dB": 11.70409163946835, "s": 0.7582600625459879}, "datetime": {"datetime": "2022-03-29 14:55:36", "elapsed": 355.75348, "delta": 4.287411}}
{"target": 0.5120229778448339, "params": {"a": 4.727054569862759, "dB": 13.497765021253397, "s": 0.8562778765358722}, "datetime": {"datetime": "2022-03-29 14:55:37", "elapsed": 356.791269, "delta": 1.037789}}
{"target": 0.9498681530460779, "params": {"a": 4.112913170272533, "dB": 11.122202614987511, "s": 0.32173436912561504}, "datetime": {"datetime": "2022-03-29 14:55:37", "elapsed": 357.238683, "delta": 0.447414}}
{"target": 0.3840628164189842, "params": {"a": 5.060785927418904, "dB": 12.91009200537172, "s": 0.26737009065412953}, "datetime": {"datetime": "2022-03-29 14:55:38", "elapsed": 357.903457, "delta": 0.664774}}
{"target": 0.4720031199669245, "params": {"a": 7.931745235770143, "dB": 13.5, "s": 1.2}, "datetime": {"datetime": "2022-03-29 14:55:41", "elapsed": 361.418186, "delta": 3.514729}}
{"target": 0.6103068444318798, "params": {"a": 5.640523820436971, "dB": 12.826486736550171, "s": 0.7907906874789267}, "datetime": {"datetime": "2022-03-29 14:55:42", "elapsed": 362.228816, "delta": 0.81063}}
{"target": 0.8649743386673817, "params": {"a": 5.298489210220643, "dB": 10.509973938176, "s": 0.565637586761131}, "datetime": {"datetime": "2022-03-29 14:55:43", "elapsed": 362.809256, "delta": 0.58044}}
{"target": 0.8665771813961151, "params": {"a": 4.738470891019827, "dB": 12.363513644443456, "s": 0.3733211657200393}, "datetime": {"datetime": "2022-03-29 14:55:43", "elapsed": 363.456015, "delta": 0.646759}}
{"target": 0.9516705227156079, "params": {"a": 4.735157979480394, "dB": 10.874824306237787, "s": 0.3615468416112374}, "datetime": {"datetime": "2022-03-29 14:55:44", "elapsed": 363.900606, "delta": 0.444591}}
{"target": 0.7648493413100578, "params": {"a": 3.7371467421040085, "dB": 10.512224917841557, "s": 0.338465929676315}, "datetime": {"datetime": "2022-03-29 14:55:44", "elapsed": 364.361225, "delta": 0.460619}}
{"target": 0.9188245488885052, "params": {"a": 8.087776265407802, "dB": 11.21312857590939, "s": 0.8892660960361829}, "datetime": {"datetime": "2022-03-29 14:55:48", "elapsed": 368.656922, "delta": 4.295697}}
{"target": 0.5114963480903411, "params": {"a": 7.97479911108679, "dB": 10.982370875811407, "s": 1.1843204196212302}, "datetime": {"datetime": "2022-03-29 14:55:53", "elapsed": 372.963738, "delta": 4.306816}}
{"target": 0.5921044257457904, "params": {"a": 8.122242650967205, "dB": 11.32281483185162, "s": 0.7479462910819487}, "datetime": {"datetime": "2022-03-29 14:55:57", "elapsed": 377.320626, "delta": 4.356888}}
{"target": 0.861942988377581, "params": {"a": 8.23182909698408, "dB": 11.119175472072573, "s": 0.9310486691817552}, "datetime": {"datetime": "2022-03-29 14:56:03", "elapsed": 382.868968, "delta": 5.548342}}
{"target": 0.9667497806247397, "params": {"a": 4.658019537315687, "dB": 11.717432986791803, "s": 0.40831654412576457}, "datetime": {"datetime": "2022-03-29 14:56:03", "elapsed": 383.438184, "delta": 0.569216}}
{"target": 0.9371465580982957, "params": {"a": 5.2438897609579005, "dB": 12.182351017200357, "s": 0.4384239797556276}, "datetime": {"datetime": "2022-03-29 14:56:04", "elapsed": 384.022662, "delta": 0.584478}}
{"target": 0.7598486669598487, "params": {"a": 6.624579990400937, "dB": 10.885833945933728, "s": 0.8365664417546612}, "datetime": {"datetime": "2022-03-29 14:56:05", "elapsed": 384.961335, "delta": 0.938673}}
{"target": 0.969253712398607, "params": {"a": 6.422630591542644, "dB": 10.828983489756034, "s": 0.6784847640126898}, "datetime": {"datetime": "2022-03-29 14:56:06", "elapsed": 385.85447, "delta": 0.893135}}
